
        ############################################
        !!! WARNING - FPE detection is activated !!!
        ############################################

*************************************************************
 Geant4 version Name: geant4-09-05-ref-05    (31-May-2012)
                      Copyright : Geant4 Collaboration
                      Reference : NIM A 506 (2003), 250-303
                            WWW : http://cern.ch/geant4
*************************************************************

/run/verbose 1
#
/gunExample/selectGunAction 2
#
/gunExample/histo/setFileName run2
/gunExample/histo/setHisto 1 100 0. 200. keV
----> SetHisto 1: energy spectrum dN/dE = f(E) (keV);  100 bins from 0 keV to 200 keV
#
/run/beamOn 100000

========= Table of registered couples ==============================

Index : 0     used in the geometry : Yes     recalculation needed : No 
 Material : G4_AIR
 Range cuts        :  gamma  1 mm     e-  1 mm     e+  1 mm  proton 1 mm 
 Energy thresholds :  gamma  -1 MeV    e-  -1 MeV    e+  -1 MeV proton -1 MeV
 Region(s) which use this couple : 
    DefaultRegionForTheWorld

====================================================================

... open Root analysis file : run2.root - done
... create Root H1 : 1 - done

----> Histogram file is opened in run2.Root
Start Run processing.
Run terminated.
Run Summary
  Number of events processed : 100000
  User=1.04s Real=0.52s Sys=0s
... write Root file :  - done
... close Root file :  - done

----> Histograms are saved in run2.Root
G4 kernel has come to Quit state.

