
        ############################################
        !!! WARNING - FPE detection is activated !!!
        ############################################

*************************************************************
 Geant4 version Name: geant4-09-05-patch-01    (20-March-2012)
                      Copyright : Geant4 Collaboration
                      Reference : NIM A 506 (2003), 250-303
                            WWW : http://cern.ch/geant4
*************************************************************

/run/verbose 1
#
/gunExample/selectGunAction 3
#
/gunExample/histo/setFileName run3
###/gunExample/histo/setFileType hbook
/gunExample/histo/setFileType root
/gunExample/histo/setHisto 2 90 0. 180 deg
----> SetHisto 2: moment dir: angular distr dN/dOmega = f(alpha)  (deg);  90 bins from 0 deg to 180 deg
/gunExample/histo/setHisto 3 180 0. 360 deg
----> SetHisto 3: moment dir: angular distr dN/dOmega = f(psi)  (deg);  180 bins from 0 deg to 360 deg
#
/run/beamOn 100000

========= Table of registered couples ==============================

Index : 0     used in the geometry : Yes     recalculation needed : No 
 Material : G4_AIR
 Range cuts        :  gamma  1 mm     e-  1 mm     e+  1 mm  proton 1 mm 
 Energy thresholds :  gamma  -1 MeV    e-  -1 MeV    e+  -1 MeV proton -1 MeV
 Region(s) which use this couple : 
    DefaultRegionForTheWorld

====================================================================

Start Run processing.
Run terminated.
Run Summary
  Number of events processed : 100000
  User=1.27s Real=0.64s Sys=0s
G4 kernel has come to Quit state.

