
**************************************************************
 Geant4 version Name: geant4-10-04-patch-03    (8-February-2019)
                       Copyright : Geant4 Collaboration
                      References : NIM A 506 (2003), 250-303
                                 : IEEE-TNS 53 (2006), 270-278
                                 : NIM A 835 (2016), 186-225
                             WWW : http://geant4.org/
**************************************************************

e-_G4DNAPTBAugerModel is constructed

-------- WWWW ------- G4Exception-START -------- WWWW -------
*** G4Exception : 
      issued by : *** WARNING: the G4DNAScreenedRutherfordElasticModel class is not validated below 9 eV

*** This is just a warning message. ***
-------- WWWW -------- G4Exception-END --------- WWWW -------


e-_G4DNAElastic:   for  e-    SubType= 51  BuildTable= 0
      ===== EM models for the G4Region  DefaultRegionForTheWorld ======
e-_elastic_interaction :  Emin=        0 eV    Emax=      100 TeV

e-_G4DNAExcitation:   for  e-    SubType= 52  BuildTable= 0
      ===== EM models for the G4Region  DefaultRegionForTheWorld ======
e-_excitation_interaction :  Emin=        0 eV    Emax=      100 TeV

e-_G4DNAIonisation:   for  e-    SubType= 53  BuildTable= 0
      ===== EM models for the G4Region  DefaultRegionForTheWorld ======
e-_ionisation_interaction :  Emin=        0 eV    Emax=      100 TeV
##### Create analysis manager   0x1a04450
Using Root analysis manager
... open Root analysis file : ICSD.root - done
... write Root file : ICSD.root - done
... close Root file : ICSD.root - done
