**********************************************
 Geant4 version $Name: not supported by cvs2svn $
                                (28-Feb-2002)
             Copyright : Geant4 Collaboration
**********************************************
MuonMinusCaptureAtRest is created 

phot:  Total cross sections from a parametrisation. Good description from 10 KeV to 50 MeV for all Z
        Sandia crossSection below 50 KeV
       PhysicsTables from 50 keV to 50 MeV in 100 bins. 

compt:  Total cross sections from a parametrisation. Good description from 10 KeV to (100/Z) GeV. 
       Scattered gamma energy according Klein-Nishina.
        PhysicsTables from 10 keV to 100 GeV in 100 bins. 

conv:  Total cross sections from a parametrisation. Good description from 1.5 MeV to 100 GeV for all Z. 
        e+e- energies according Bethe-Heitler
        PhysicsTables from 1.022 MeV to 100 GeV in 100 bins. 

eBrem:  Total cross sections from a NEW parametrisation based on the EEDL data library. 
 Good description from 1 KeV to 100 GeV.
        log scale extrapolation above 100 GeV 
        Gamma energy sampled from a parametrised formula.
        PhysicsTables from 1 keV to 100 TeV in 100 bins. 

eIoni:  delta cross sections from Moller+Bhabha. Good description from 1 KeV to 100 GeV.
        delta ray energy sampled from  differential Xsection.
        PhysicsTables from 1 keV to 100 TeV in 100 bins. 

msc:   Tables of transport mean free paths.
          New model of MSC , computes the lateral 
          displacement of the particle , too.
        PhysicsTables from 100 eV to 100 TeV in 100 bins. 

annihil:  Total cross section from Heilter formula(annihilation into 2 photons).
        gamma energies sampled according Heitler
        PhysicsTables from 10 keV to 10 TeV in 100 bins. 

annihil:  Total cross section from Heilter formula(annihilation into 2 photons).
        gamma energies sampled according Heitler
        PhysicsTables from 10 keV to 10 TeV in 100 bins. 

hIoni:    Knock-on electron cross sections . 
         Good description above the mean excitation energy.
         delta ray energy sampled from  differential Xsection.
        PhysicsTables from 1 keV to 100 TeV in 100 bins. 

msc:   Tables of transport mean free paths.
          New model of MSC , computes the lateral 
          displacement of the particle , too.
        PhysicsTables from 100 eV to 100 TeV in 100 bins. 

MuIoni:    Knock-on electron cross sections . 
         Good description above the mean excitation energy.
         delta ray energy sampled from  differential Xsection.
        PhysicsTables from 1 keV to 1000 PeV in 150 bins. 

MuBrems:  theoretical cross section 
          Good description up to 1000 PeV.
    PhysicsTables from 1 keV to 1000 PeV in 150 bins. 

MuPairProd:  theoretical cross sections 
          Good description up to 1000 PeV.
    PhysicsTables from 1 keV to 1000 PeV in 150 bins. 

msc:   Tables of transport mean free paths.
          New model of MSC , computes the lateral 
          displacement of the particle , too.
        PhysicsTables from 100 eV to 100 TeV in 100 bins. 
Visualization Manager instantiating...
Visualization Manager initialising...
Registering graphics systems...
*  Visualizaton Driver: Fukui Renderer
*  Visualizaton Driver: DAWN
*  Visualizaton Driver: VRML1/2
*  Visualizaton Driver: VRML1/2 File

You have successfully chosen to use the following graphics systems.
Current available graphics systems are:
  ASCIITree (ATree)
  FukuiRenderer (DAWN)
  DAWNFILE (DAWNFILE)
  OpenGLImmediateX (OGLIX)
  OpenGLStoredX (OGLSX)
  OpenGLImmediateXm (OGLIXm)
  OpenGLStoredXm (OGLSXm)
  VRML1 (VRML1)
  VRML2 (VRML2)
  VRML1FILE (VRML1FILE)
  VRML2FILE (VRML2FILE)

current generator type: pythia
1                                                                              
 ******************************************************************************
 ******************************************************************************
 **                                                                          **
 **                                                                          **
 **              *......*                  Welcome to the Lund Monte Carlo!  **
 **         *:::!!:::::::::::*                                               **
 **      *::::::!!::::::::::::::*          PPP  Y   Y TTTTT H   H III   A    **
 **    *::::::::!!::::::::::::::::*        P  P  Y Y    T   H   H  I   A A   **
 **   *:::::::::!!:::::::::::::::::*       PPP    Y     T   HHHHH  I  AAAAA  **
 **   *:::::::::!!:::::::::::::::::*       P      Y     T   H   H  I  A   A  **
 **    *::::::::!!::::::::::::::::*!       P      Y     T   H   H III A   A  **
 **      *::::::!!::::::::::::::* !!                                         **
 **      !! *:::!!:::::::::::*    !!       This is PYTHIA version 6.205      **
 **      !!     !* -><- *         !!       Last date of change:  1 Mar 2002  **
 **      !!     !!                !!                                         **
 **      !!     !!                !!       Now is  0 Jan 2000 at  0:00:00    **
 **      !!                       !!                                         **
 **      !!        lh             !!       Disclaimer: this program comes    **
 **      !!                       !!       without any guarantees. Beware    **
 **      !!                 hh    !!       of errors and use common sense    **
 **      !!    ll                 !!       when interpreting results.        **
 **      !!                       !!                                         **
 **      !!                                Copyright T. Sjostrand (2001)     **
 **                                                                          **
 ** An archive of program versions and documentation is found on the web:    **
 ** http://www.thep.lu.se/~torbjorn/Pythia.html                              **
 **                                                                          **
 ** When you cite this program, currently the official reference is          **
 ** T. Sjostrand, P. Eden, C. Friberg, L. Lonnblad, G. Miu, S. Mrenna and    **
 ** E. Norrbin, Computer Physics Commun. 135 (2001) 238.                     **
 ** The large manual is                                                      **
 ** T. Sjostrand, L. Lonnblad and S. Mrenna, LU TP 01-21 [hep-ph/0108264].   **
 ** Also remember that the program, to a large extent, represents original   **
 ** physics research. Other publications of special relevance to your        **
 ** studies may therefore deserve separate mention.                          **
 **                                                                          **
 ** Main author: Torbjorn Sjostrand; Department of Theoretical Physics 2,    **
 **   Lund University, Solvegatan 14A, S-223 62 Lund, Sweden;                **
 **   phone: + 46 - 46 - 222 48 16; e-mail: torbjorn@thep.lu.se              **
 ** Author: Leif Lonnblad; Department of Theoretical Physics 2,              **
 **   Lund University, Solvegatan 14A, S-223 62 Lund, Sweden;                **
 **   phone: + 46 - 46 - 222 77 80; e-mail: leif@thep.lu.se                  **
 ** Author: Stephen Mrenna; Computing Division, Simulations Group,           **
 **   Fermi National Accelerator Laboratory, MS 234, Batavia, IL 60510, USA; **
 **   phone: + 1 - 630 - 840 - 2556; e-mail: mrenna@fnal.gov                 **
 ** Author: Peter Skands; Department of Theoretical Physics 2,               **
 **   Lund University, Solvegatan 14A, S-223 62 Lund, Sweden;                **
 **   phone: + 46 - 46 - 222 31 92; e-mail: zeiler@thep.lu.se                **
 **                                                                          **
 **                                                                          **
 ******************************************************************************
 ******************************************************************************
     PMAS(6,1)      changed from      175.00000 to      174.30000
     PMAS(25,1)     changed from      115.00000 to      200.00000
     MSEL           changed from              1 to              0
     MSUB(102)      changed from              0 to              1
     MSUB(123)      changed from              0 to              1
     MSUB(124)      changed from              0 to              1
     MDME(210,1)    changed from              1 to              0
     MDME(211,1)    changed from              1 to              0
     MDME(212,1)    changed from              1 to              0
     MDME(213,1)    changed from              1 to              0
     MDME(214,1)    changed from              1 to              0
     MDME(215,1)    changed from              1 to              0
     MDME(218,1)    changed from              1 to              0
     MDME(219,1)    changed from              1 to              0
     MDME(220,1)    changed from              1 to              0
     MDME(222,1)    changed from              1 to              0
     MDME(223,1)    changed from              1 to              0
     MDME(224,1)    changed from              1 to              0
     MDME(225,1)    changed from              1 to              1
     MDME(226,1)    changed from              1 to              0
     MDME(216,1)    changed from             -1 to             -1
     MDME(217,1)    changed from             -1 to             -1
     MDME(218,1)    changed from              0 to             -1
     MDME(174,1)    changed from              1 to              0
     MDME(175,1)    changed from              1 to              0
     MDME(176,1)    changed from              1 to              0
     MDME(177,1)    changed from              1 to              0
     MDME(178,1)    changed from              1 to              0
     MDME(179,1)    changed from              1 to              0
     MDME(182,1)    changed from              1 to              0
     MDME(183,1)    changed from              1 to              0
     MDME(184,1)    changed from              1 to              1
     MDME(185,1)    changed from              1 to              0
     MDME(186,1)    changed from              1 to              0
     MDME(187,1)    changed from              1 to              0
     MDME(180,1)    changed from             -1 to             -1
     MDME(181,1)    changed from             -1 to             -1
     MDME(188,1)    changed from             -1 to             -1
     MDME(189,1)    changed from             -1 to             -1
     MSTP(61)       changed from              2 to              1
     MSTP(71)       changed from              1 to              1
     MSTP(81)       changed from              1 to              1
     MSTP(111)      changed from              1 to              1
1****************** PYINIT: initialization of PYTHIA routines *****************

 ==============================================================================
 I                                                                            I
 I              PYTHIA will be initialized for a p on p collider              I
 I                  at  14000.000 GeV center-of-mass energy                   I
 I                                                                            I
 ==============================================================================

 ******** PYMAXI: summary of differential cross-section maximum search ********

           ==========================================================
           I                                      I                 I
           I  ISUB  Subprocess name               I  Maximum value  I
           I                                      I                 I
           ==========================================================
           I                                      I                 I
           I   96   Semihard QCD 2 -> 2           I    1.8679E+03   I
           I  102   g + g -> h0                   I    5.1617E-12   I
           I  123   f + f' -> f + f' + h0         I    4.0000E-12   I
           I  124   f + f' -> f" + f"' + h0       I    8.9419E-12   I
           I                                      I                 I
           ==========================================================

 ********************** PYINIT: initialization completed **********************
 Print out hit information
------------------------------------------
*** Muon System Hit (#hits=14)
E0 :         pi+ : pT=0.118 : TOF=27 : x=(-0.343,1.07,7.9)
E0 :         pi- : pT=0.32 : TOF=26.7 : x=(1.15,0.345,7.9)
E1 :         pi- : pT=0.304 : TOF=26.7 : x=(1.06,0.408,-7.9)
E1 :         pi+ : pT=0.534 : TOF=26.6 : x=(-0.532,0.877,-7.9)
E1 :         pi+ : pT=1.14 : TOF=27 : x=(-0.654,0.757,-8.03)
E0 :         pi- : pT=0.299 : TOF=26.6 : x=(0.342,-0.965,7.9)
B3 :         mu+ : pT=42.8 : TOF=15 : x=(-4.03,1.98,-0.0232)
B1 :         mu- : pT=58.2 : TOF=21.4 : x=(2.08,3.93,-4.63)
B4 :         mu+ : pT=22.4 : TOF=24.1 : x=(-4.25,-1.07,5.76)
E1 :         mu- : pT=26.4 : TOF=28.5 : x=(-1.85,2.73,-7.9)
E1 :          e- : pT=0.000443 : TOF=28.3 : x=(-0.714,0.849,-7.9)
E1 :          e- : pT=0.000713 : TOF=30.3 : x=(-1.05,0.713,-8.1)
E1 :          e- : pT=0.000648 : TOF=31.1 : x=(-1.19,0.559,-8.1)
E0 :          e- : pT=0.000225 : TOF=28.9 : x=(0.94,-0.341,8.04)

 Print out hit information
------------------------------------------
*** Muon System Hit (#hits=12)
E1 :         pi- : pT=0.862 : TOF=26.7 : x=(-1.31,-0.118,-7.9)
E1 :         pi- : pT=0.113 : TOF=27 : x=(-0.619,-0.913,-7.9)
E1 :         pi- : pT=0.357 : TOF=26.6 : x=(-0.149,1.02,-7.9)
E1 :         pi+ : pT=0.64 : TOF=26.7 : x=(-0.798,-0.937,-7.9)
B6 :         mu+ : pT=28.5 : TOF=16.9 : x=(-0.228,-4.25,-2.74)
E0 :         mu- : pT=18.9 : TOF=27.8 : x=(2.62,-0.622,7.9)
E1 :         mu- : pT=8.44 : TOF=26.9 : x=(-1.42,0.691,-7.9)
B4 :         mu+ : pT=51.2 : TOF=17.3 : x=(-4.25,0.673,2.91)
E1 :          e- : pT=0.00247 : TOF=27.3 : x=(-0.718,-1.06,-7.9)
B1 :         mu+ : pT=0.838 : TOF=15.9 : x=(3.73,2.28,1.79)
E0 :         mu+ : pT=0.104 : TOF=68.4 : x=(1.05,-0.586,7.9)
E1 :      proton : pT=0.229 : TOF=35.4 : x=(-0.834,-1.35,-8.1)

 Print out hit information
------------------------------------------
*** Muon System Hit (#hits=25)
E0 :         pi- : pT=0.54 : TOF=26.7 : x=(0.756,-0.962,7.9)
E1 :         pi+ : pT=0.567 : TOF=26.8 : x=(0.514,1.25,-7.9)
E1 :         pi+ : pT=0.392 : TOF=29.7 : x=(-0.86,-0.589,-7.9)
E1 :         pi- : pT=1.23 : TOF=26.6 : x=(-1.05,0.00201,-7.9)
E1 :         pi+ : pT=0.205 : TOF=26.7 : x=(0.464,0.977,-7.9)
E0 :         pi- : pT=3.4 : TOF=26.6 : x=(0.695,-0.81,7.9)
E0 :         pi- : pT=0.586 : TOF=26.9 : x=(-0.798,-0.603,8.01)
E0 :         pi- : pT=0.299 : TOF=26.6 : x=(0.139,1.06,7.9)
E1 :         pi- : pT=0.423 : TOF=26.6 : x=(-0.0927,1.06,-7.9)
E0 :       kaon- : pT=0.221 : TOF=27.9 : x=(-1.09,-0.0356,7.9)
E1 :       kaon+ : pT=2.03 : TOF=26.6 : x=(0.371,0.992,-7.9)
E0 :         pi+ : pT=1.7 : TOF=26.7 : x=(-0.924,0.785,7.9)
E1 :         pi+ : pT=1.19 : TOF=26.7 : x=(-0.865,-0.816,-7.9)
E1 :         pi+ : pT=0.304 : TOF=26.9 : x=(-0.879,-0.476,-7.99)
B6 :         mu- : pT=41.9 : TOF=14.9 : x=(-1.28,-4.25,0.41)
E1 :         mu+ : pT=24 : TOF=27.9 : x=(-2.64,0.755,-7.9)
B7 :         mu+ : pT=42.4 : TOF=17.1 : x=(2.11,-3.9,-2.59)
B2 :         mu- : pT=46.2 : TOF=22 : x=(1.46,4.25,-4.84)
B7 :          e- : pT=0.000267 : TOF=20.6 : x=(2.09,-4.2,-3.13)
E1 :          e- : pT=0.000484 : TOF=32.7 : x=(-1.86,-1.69,-7.9)
E1 :          e- : pT=0.00106 : TOF=33.5 : x=(-1.95,-1.73,-8.1)
E0 :         mu+ : pT=0.789 : TOF=28.5 : x=(0.396,3.19,7.9)
E0 :         mu+ : pT=0.333 : TOF=26.8 : x=(0.249,1.03,7.9)
E0 :          e- : pT=0.00142 : TOF=28 : x=(0.797,0.604,8.06)
E0 :         mu+ : pT=0.0544 : TOF=27.4 : x=(1.23,1.52,7.9)

 Print out hit information
------------------------------------------
*** Muon System Hit (#hits=23)
E1 :         pi+ : pT=0.427 : TOF=26.6 : x=(-0.68,0.796,-7.9)
E1 :         pi- : pT=0.292 : TOF=26.7 : x=(0.0646,-1.09,-7.9)
E0 :         pi- : pT=0.505 : TOF=26.7 : x=(0.157,-1.27,7.9)
E1 :         pi- : pT=0.827 : TOF=26.6 : x=(-0.091,1.01,-7.9)
E1 :         pi+ : pT=1.9 : TOF=26.6 : x=(0.494,0.974,-7.9)
E1 :         pi- : pT=13 : TOF=26.7 : x=(0.376,1.15,-7.9)
E1 :         pi+ : pT=1.95 : TOF=26.7 : x=(0.693,1.01,-7.9)
E1 :         pi- : pT=2.59 : TOF=26.6 : x=(0.23,1.1,-7.9)
E1 :         pi+ : pT=0.695 : TOF=26.6 : x=(0.696,0.893,-7.9)
E1 :         pi- : pT=1.06 : TOF=26.6 : x=(0.0082,1.1,-7.9)
E1 :         pi- : pT=0.548 : TOF=26.6 : x=(0.683,-0.883,-7.9)
E1 :         pi- : pT=0.709 : TOF=27.1 : x=(-0.935,-1.5,-7.9)
B6 :         mu- : pT=42.7 : TOF=25.3 : x=(1.53,-4.25,-6.09)
E1 :         mu+ : pT=28.9 : TOF=26.9 : x=(1.58,0.0363,-7.9)
E1 :         mu- : pT=69.8 : TOF=26.6 : x=(-1.14,-0.105,-7.9)
E1 :          e- : pT=0.000446 : TOF=27.7 : x=(1.62,0.0104,-8.1)
E1 :          e- : pT=0.000384 : TOF=27.7 : x=(1.61,0.000171,-8.1)
E0 :          e- : pT=0.000635 : TOF=33.7 : x=(-1.32,-1.26,8.1)
E1 :         mu- : pT=0.225 : TOF=26.6 : x=(-1.02,0.153,-7.9)
E1 :          e- : pT=0.00183 : TOF=26.8 : x=(0.531,1.03,-7.9)
E1 :          e- : pT=0.000533 : TOF=27.3 : x=(0.488,1,-8.1)
E1 :          e- : pT=0.000457 : TOF=28.2 : x=(0.529,1.16,-8.1)
E1 :          e- : pT=0.00173 : TOF=27.5 : x=(-1.32,-0.307,-7.9)

 Print out hit information
------------------------------------------
*** Muon System Hit (#hits=14)
E0 :         pi- : pT=0.19 : TOF=26.7 : x=(-0.767,0.659,7.9)
E1 :         pi+ : pT=0.15 : TOF=26.9 : x=(-0.804,-0.839,-7.9)
E0 : anti_proton : pT=0.652 : TOF=27.1 : x=(0.923,-0.586,7.9)
E1 :         pi- : pT=0.8 : TOF=26.6 : x=(-0.263,-1.06,-7.9)
E1 :       kaon+ : pT=0.467 : TOF=26.8 : x=(0.612,-0.806,-7.9)
B5 :         mu- : pT=16.2 : TOF=22 : x=(-2.88,-3.13,-5.05)
B4 :         mu+ : pT=73.8 : TOF=20.4 : x=(-4.25,1.13,4.25)
E0 :         mu- : pT=23.3 : TOF=27.5 : x=(-1.04,2.14,7.9)
B5 :         mu+ : pT=64.3 : TOF=16 : x=(-2.56,-3.45,2.11)
E0 :          e- : pT=0.00242 : TOF=27 : x=(0.381,1.01,7.9)
E1 :          e- : pT=0.000348 : TOF=33.5 : x=(-2.01,-0.96,-7.9)
E1 :          e- : pT=0.000317 : TOF=35.4 : x=(-1.95,-0.822,-8.1)
E0 :          e- : pT=0.00201 : TOF=27.2 : x=(0.867,-0.651,7.9)
E0 :         mu- : pT=0.104 : TOF=27.5 : x=(1.44,0.239,7.9)

 Print out hit information
------------------------------------------
*** Muon System Hit (#hits=7)
E1 :         pi- : pT=0.17 : TOF=26.9 : x=(-0.213,1.2,-7.9)
E0 :         pi+ : pT=0.377 : TOF=26.7 : x=(0.703,0.915,7.9)
B5 :         mu+ : pT=16.2 : TOF=15 : x=(-4.04,-1.97,0.141)
B1 :         mu- : pT=98.6 : TOF=14.3 : x=(3.37,2.64,0.181)
B1 :         mu+ : pT=62.3 : TOF=17.9 : x=(3.08,2.93,3.26)
B4 :         mu- : pT=29.2 : TOF=19.3 : x=(-4.25,-0.433,3.91)
B5 :          e- : pT=0.00255 : TOF=15 : x=(-3.52,-2.49,-0.00952)

 Print out hit information
------------------------------------------
*** Muon System Hit (#hits=14)
E1 :         pi+ : pT=0.122 : TOF=27.2 : x=(1.14,-0.625,-7.9)
E1 :         pi- : pT=0.645 : TOF=26.6 : x=(-0.555,0.843,-7.9)
E0 :         pi+ : pT=0.635 : TOF=26.7 : x=(-0.723,-0.935,7.9)
E1 :         pi- : pT=0.913 : TOF=26.6 : x=(1.02,0.469,-7.9)
E0 :         pi+ : pT=0.693 : TOF=26.6 : x=(-0.165,-0.999,7.9)
E1 :       kaon- : pT=0.814 : TOF=26.7 : x=(0.155,-1.16,-7.9)
E1 :       kaon+ : pT=0.417 : TOF=27.2 : x=(0.149,1.25,-7.9)
E0 :         mu+ : pT=4.39 : TOF=27.5 : x=(-2.21,-0.932,7.9)
E1 :         mu- : pT=24.5 : TOF=27 : x=(0.373,1.72,-7.9)
E1 :         mu+ : pT=21.7 : TOF=28.7 : x=(3.32,-0.646,-7.9)
B5 :         mu- : pT=23.1 : TOF=23.4 : x=(-3.65,-2.36,5.51)
E0 :         mu- : pT=0.111 : TOF=27.2 : x=(-1.12,0.709,7.9)
E1 :         mu+ : pT=0.126 : TOF=27.3 : x=(0.858,0.934,-7.9)
E1 :          e- : pT=0.000417 : TOF=41 : x=(-2.51,1.75,-8.1)

 Print out hit information
------------------------------------------
*** Muon System Hit (#hits=8)
E1 :         pi- : pT=0.636 : TOF=26.7 : x=(1.07,0.614,-7.9)
E1 :         mu+ : pT=11.3 : TOF=26.7 : x=(-1.15,-0.41,-7.9)
B6 :         mu+ : pT=15.4 : TOF=18.7 : x=(0.0517,-4.25,3.67)
E1 :         mu- : pT=40.1 : TOF=27.7 : x=(-0.924,-2.4,-7.9)
E1 :         pi- : pT=0.0768 : TOF=28.4 : x=(-1.11,-0.715,-7.9)
E0 :    deuteron : pT=0.456 : TOF=34.5 : x=(1.27,0.0977,7.9)
E0 :      proton : pT=0.647 : TOF=29.9 : x=(1.07,1.09,7.9)
E0 :         pi- : pT=0.421 : TOF=26.9 : x=(0.785,0.697,7.9)

 Print out hit information
------------------------------------------
*** Muon System Hit (#hits=11)
E1 :         pi- : pT=0.884 : TOF=26.6 : x=(0.988,-0.538,-7.9)
E1 :         pi+ : pT=0.352 : TOF=26.7 : x=(0.451,-1.09,-7.9)
B1 :         mu+ : pT=30.4 : TOF=15.6 : x=(4.04,1.97,-1.31)
B4 :         mu- : pT=68 : TOF=14.8 : x=(-4.25,0.705,-1)
B1 :         mu- : pT=44.7 : TOF=14.3 : x=(3.15,2.86,0.512)
B4 :         mu+ : pT=34 : TOF=20.1 : x=(-4.25,-0.736,4.2)
E1 :          e- : pT=0.000664 : TOF=44.9 : x=(2.54,1.38,-8.1)
E0 :         mu- : pT=0.0562 : TOF=27 : x=(-0.41,1.2,7.9)
E1 :          e- : pT=0.00148 : TOF=28.5 : x=(-0.907,-0.928,-7.9)
E1 :          e- : pT=0.00151 : TOF=29.8 : x=(-1.04,-1.23,-8.1)
E0 :          e- : pT=0.000286 : TOF=28 : x=(1.05,-0.545,7.9)

 Print out hit information
------------------------------------------
*** Muon System Hit (#hits=21)
E0 :         pi- : pT=0.152 : TOF=26.8 : x=(0.19,-1.02,7.9)
E1 :         pi- : pT=0.314 : TOF=26.7 : x=(1.19,-0.184,-7.9)
E0 :         pi+ : pT=0.275 : TOF=26.6 : x=(0.692,-0.783,7.9)
E0 :         pi+ : pT=1.21 : TOF=26.6 : x=(0.751,-0.667,7.9)
E0 :         pi- : pT=1.08 : TOF=26.6 : x=(0.413,-0.943,7.9)
E0 :      proton : pT=0.538 : TOF=27.5 : x=(0.935,-0.694,7.9)
E0 :         pi- : pT=2 : TOF=26.7 : x=(0.67,0.99,7.9)
E0 :         pi+ : pT=0.577 : TOF=26.7 : x=(-1.12,-0.459,7.9)
E0 :         pi+ : pT=0.67 : TOF=26.6 : x=(0.104,1.03,7.9)
E0 :         mu- : pT=30 : TOF=27.4 : x=(-2.24,-0.523,7.9)
B7 :         mu- : pT=52.3 : TOF=15.7 : x=(1.92,-4.09,1.27)
E0 :         mu+ : pT=17.8 : TOF=27.2 : x=(1.26,1.59,7.9)
B7 :          e- : pT=0.00199 : TOF=15.7 : x=(2.4,-3.61,1.31)
E1 :         pi+ : pT=0.964 : TOF=31.7 : x=(-0.421,-2.62,-7.9)
E1 :         pi- : pT=0.19 : TOF=28.2 : x=(0.165,1.08,-7.9)
E0 :         mu+ : pT=0.123 : TOF=27.7 : x=(0.676,-2.14,7.9)
E0 :         mu- : pT=0.451 : TOF=26.7 : x=(0.168,-1.17,7.9)
E1 :          e- : pT=0.00223 : TOF=28.3 : x=(0.0161,-1.47,-7.9)
E0 :          e+ : pT=0.276 : TOF=26.6 : x=(-0.491,0.956,7.9)
E0 :          e- : pT=0.63 : TOF=26.6 : x=(-0.493,0.954,7.9)
B7 :          e- : pT=0.00099 : TOF=15.7 : x=(2.4,-3.61,1.36)

1********* PYSTAT:  Statistics on Number of Events and Cross-sections *********

 ==============================================================================
 I                                  I                            I            I
 I            Subprocess            I      Number of points      I    Sigma   I
 I                                  I                            I            I
 I----------------------------------I----------------------------I    (mb)    I
 I                                  I                            I            I
 I N:o Type                         I    Generated         Tried I            I
 I                                  I                            I            I
 ==============================================================================
 I                                  I                            I            I
 I   0 All included subprocesses    I           10            43 I  3.988E-12 I
 I 102 g + g -> h0                  I            7            13 I  2.929E-12 I
 I 123 f + f' -> f + f' + h0        I            1             9 I  3.282E-13 I
 I 124 f + f' -> f" + f"' + h0      I            2            21 I  7.305E-13 I
 I                                  I                            I            I
 ==============================================================================

 ********* Fraction of events that fail fragmentation cuts =  0.00000 *********

Graphics systems deleted.
Visualization Manager deleting...
