
*************************************************************
 Geant4 version Name: geant4-09-00-patch-01-ref    (28-August-2007)
                      Copyright : Geant4 Collaboration
                      Reference : NIM A 506 (2003), 250-303
                            WWW : http://cern.ch/geant4
*************************************************************

Instantiated G3toG4DetectorConstruction using call list file "/afs/cern.ch/sw/geant4/stt/dev2/src/geant4/examples/extended/g3tog4/data/testmodel.dat"
/run/verbose 1
/tracking/verbose 1
/tracking/storeTrajectory 1
/run/initialize
Instantiated unit rotation matrix irot=0
Reading the call List file /afs/cern.ch/sw/geant4/stt/dev2/src/geant4/examples/extended/g3tog4/data/testmodel.dat...
G4ggclos: setting top-level VolTableEntry
Dump of VTD - 26 entries:
Instantiated 26 volume table entries 
                      15 positions.
G3VolTable element   0 name BOX1 has 1 daughters
G3VolTable element   1 name BOX1_1 has 1 daughters
G3VolTable element   2 name BOX1_2 has 1 daughters
G3VolTable element   3 name BOX1_3 has 1 daughters
G3VolTable element   4 name BOX1_4 has 1 daughters
G3VolTable element   5 name BOX2 has 1 daughters
G3VolTable element   6 name BOX2_1 has 1 daughters
G3VolTable element   7 name BOX2_2 has 1 daughters
G3VolTable element   8 name BOX2_3 has 1 daughters
G3VolTable element   9 name BOX2_4 has 1 daughters
G3VolTable element  10 name BOX2_5 has 1 daughters
G3VolTable element  11 name BXD1 has 0 daughters
G3VolTable element  12 name BXD1_1 has 0 daughters
G3VolTable element  13 name BXD1_2 has 0 daughters
G3VolTable element  14 name BXD1_2_ENV has 1 daughters
G3VolTable element  15 name BXD1_3 has 0 daughters
G3VolTable element  16 name BXD1_3_ENV has 1 daughters
G3VolTable element  17 name BXD1_4 has 0 daughters
G3VolTable element  18 name BXD1_4_ENV has 1 daughters
G3VolTable element  19 name BXD1_5 has 0 daughters
G3VolTable element  20 name BXD1_5_ENV has 1 daughters
G3VolTable element  21 name HALL has 6 daughters
G3VolTable element  22 name TBD1 has 0 daughters
G3VolTable element  23 name TBD2 has 0 daughters
G3VolTable element  24 name TUB1 has 1 daughters
G3VolTable element  25 name TUB2 has 1 daughters
Call List file read completed. Build geometry
G3toG4 top level volume is HALL
Top-level G3toG4 logical volume HALL G4VisAttributes: invisible, daughters visible, colour: (1,1,1,1)
  linestyle: solid, line width: 1
  drawing style: not forced, auxiliary edge visibility: not forced
  line segments per circle: not forced.
  time range: (-1.79769e+308,1.79769e+308)
  G4AttValue pointer is zero, G4AttDef pointer is zero
Top-level G3toG4 logical volume HALL G4VisAttributes: invisible, daughters visible, colour: (1,1,1,1)
  linestyle: solid, line width: 1
  drawing style: not forced, auxiliary edge visibility: not forced
  line segments per circle: not forced.
  time range: (-1.79769e+308,1.79769e+308)
  G4AttValue pointer is zero, G4AttDef pointer is zero
G3toG4PhysicsList::SetCuts:CutLength : 2 mm 
/control/execute /afs/cern.ch/sw/geant4/stt/dev2/src/geant4/tests/test602/test602.in
/control/verbose 1
/tracking/verbose 1
/run/initialize
/gun/position 0. -1.5 0.
/gun/direction 0. 1. 0.
/gun/energy 1 GeV
/gun/particle chargedgeantino
/run/beamOn 10

phot:  Total cross sections from Sandia parametrisation. 
      Sampling according PhotoElectric model

compt:  Total cross sections has a good parametrisation from 10 KeV to (100/Z) GeV
      Sampling according Klein-Nishina model
      tables are built for  gamma
      Lambda tables from 100 eV  to 100 GeV in 90 bins.

conv:  Total cross sections has a good parametrisation from 1.5 MeV to 100 GeV for all Z;
      sampling secondary e+e- according Bethe-Heitler model
      tables are built for  gamma
      Lambda tables from 1.022 MeV to 100 GeV in 100 bins.

msc:  Model variant of multiple scattering for e-
      Lambda tables from 100 eV  to 100 TeV in 120 bins.
      LateralDisplacementFlag=  1   Skin= 0
      Boundary/stepping algorithm is active with RangeFactor= 0.02  Step limit type 1

eIoni:   tables are built for  e-
      dE/dx and range tables from 100 eV  to 100 TeV in 120 bins.
      Lambda tables from threshold to 100 TeV in 120 bins.
      Delta cross sections and sampling from MollerBhabha model
      Good description from 1 KeV to 100 GeV.
      Step function: finalRange(mm)= 1, dRoverRange= 0.2, integral: 1

eBrem:   tables are built for  e-
      dE/dx and range tables from 100 eV  to 100 TeV in 120 bins.
      Lambda tables from threshold to 100 TeV in 120 bins.
      Total cross sections and sampling from StandBrem model (based on the EEDL data library) 
      Good description from 1 KeV to 100 GeV, log scale extrapolation above 100 GeV. LPM flag 1

eIoni:   tables are built for  e+
      dE/dx and range tables from 100 eV  to 100 TeV in 120 bins.
      Lambda tables from threshold to 100 TeV in 120 bins.
      Delta cross sections and sampling from MollerBhabha model
      Good description from 1 KeV to 100 GeV.
      Step function: finalRange(mm)= 1, dRoverRange= 0.2, integral: 1

eBrem:   tables are built for  e+
      dE/dx and range tables from 100 eV  to 100 TeV in 120 bins.
      Lambda tables from threshold to 100 TeV in 120 bins.
      Total cross sections and sampling from StandBrem model (based on the EEDL data library) 
      Good description from 1 KeV to 100 GeV, log scale extrapolation above 100 GeV. LPM flag 1

annihil:       Sampling according eplus2gg model
      tables are built for  e+
      Lambda tables from 100 eV  to 100 TeV in 120 bins.

msc:  Model variant of multiple scattering for proton
      Lambda tables from 100 eV  to 100 TeV in 120 bins.
      LateralDisplacementFlag=  1   Skin= 0
      Boundary/stepping algorithm is active with RangeFactor= 0.02  Step limit type 1

hIoni:   tables are built for  proton
      dE/dx and range tables from 100 eV  to 100 TeV in 120 bins.
      Lambda tables from threshold to 100 TeV in 120 bins.
      Scaling relation is used from proton dE/dx and range.
      Delta cross sections and sampling from BetheBloch model for scaled energy > 2 MeV
      Parametrisation from Bragg for protons below.
      Step function: finalRange(mm)= 1, dRoverRange= 0.2, integral: 1

hIoni:   tables are built for  anti_proton
      dE/dx and range tables from 100 eV  to 100 TeV in 120 bins.
      Lambda tables from threshold to 100 TeV in 120 bins.
      Scaling relation is used from proton dE/dx and range.
      Delta cross sections and sampling from BetheBloch model for scaled energy > 2 MeV
      Parametrisation from Bragg for protons below.
      Step function: finalRange(mm)= 1, dRoverRange= 0.2, integral: 1

msc:  Model variant of multiple scattering for mu+
      Lambda tables from 100 eV  to 100 TeV in 120 bins.
      LateralDisplacementFlag=  1   Skin= 0
      Boundary/stepping algorithm is active with RangeFactor= 0.02  Step limit type 1

muIoni:   tables are built for  mu+
      dE/dx and range tables from 100 eV  to 100 TeV in 120 bins.
      Lambda tables from threshold to 100 TeV in 120 bins.
      Bether-Bloch model for E > 0.2 MeV, parametrisation of Bragg peak below, 
      radiative corrections for E > 1 GeV
      Step function: finalRange(mm)= 1, dRoverRange= 0.2, integral: 1

muBrems:   tables are built for  mu+
      dE/dx and range tables from 100 eV  to 100 TeV in 120 bins.
      Lambda tables from threshold to 100 TeV in 120 bins.
      Parametrised model 

muPairProd:   tables are built for  mu+
      dE/dx and range tables from 100 eV  to 100 TeV in 120 bins.
      Lambda tables from threshold to 100 TeV in 120 bins.
      Parametrised model 

muIoni:   tables are built for  mu-
      dE/dx and range tables from 100 eV  to 100 TeV in 120 bins.
      Lambda tables from threshold to 100 TeV in 120 bins.
      Bether-Bloch model for E > 0.2 MeV, parametrisation of Bragg peak below, 
      radiative corrections for E > 1 GeV
      Step function: finalRange(mm)= 1, dRoverRange= 0.2, integral: 1

muBrems:   tables are built for  mu-
      dE/dx and range tables from 100 eV  to 100 TeV in 120 bins.
      Lambda tables from threshold to 100 TeV in 120 bins.
      Parametrised model 

muPairProd:   tables are built for  mu-
      dE/dx and range tables from 100 eV  to 100 TeV in 120 bins.
      Lambda tables from threshold to 100 TeV in 120 bins.
      Parametrised model 

hIoni:   tables are built for  pi+
      dE/dx and range tables from 100 eV  to 100 TeV in 120 bins.
      Lambda tables from threshold to 100 TeV in 120 bins.
      Scaling relation is used from proton dE/dx and range.
      Delta cross sections and sampling from BetheBloch model for scaled energy > 0.297504 MeV
      Parametrisation from Bragg for protons below.
      Step function: finalRange(mm)= 1, dRoverRange= 0.2, integral: 1

msc:  Model variant of multiple scattering for pi-
      Lambda tables from 100 eV  to 100 TeV in 120 bins.
      LateralDisplacementFlag=  1   Skin= 0
      Boundary/stepping algorithm is active with RangeFactor= 0.02  Step limit type 1

hIoni:   tables are built for  pi-
      dE/dx and range tables from 100 eV  to 100 TeV in 120 bins.
      Lambda tables from threshold to 100 TeV in 120 bins.
      Scaling relation is used from proton dE/dx and range.
      Delta cross sections and sampling from BetheBloch model for scaled energy > 0.297504 MeV
      Parametrisation from Bragg for protons below.
      Step function: finalRange(mm)= 1, dRoverRange= 0.2, integral: 1

========= Table of registered couples ==============================

Index : 0     used in the geometry : Yes     recalculation needed : No 
 Material : VACUUM              
 Range cuts        :  gamma 2 mm     e- 2 mm     e+ 2 mm 
 Energy thresholds :  gamma 990 eV     e- 990 eV     e+ 990 eV 
 Region(s) which use this couple : 
    DefaultRegionForTheWorld

====================================================================

### Run 0 start.
Start Run processing.
>>>>>>>> Primary direction: (0,1,0)

*********************************************************************************************************
* G4Track Information:   Particle = chargedgeantino,   Track ID = 1,   Parent ID = 0
*********************************************************************************************************

Step#    X(mm)    Y(mm)    Z(mm) KinE(MeV)  dE(MeV) StepLeng TrackLeng  NextVolume ProcName
    0        0      -15        0     1e+03        0        0         0        HALL initStep
    1        0    4e+03        0     1e+03        0 4.02e+03  4.02e+03  OutOfWorld Transportation
>>>>>>>> Primary direction: (0,1,0)

*********************************************************************************************************
* G4Track Information:   Particle = chargedgeantino,   Track ID = 1,   Parent ID = 0
*********************************************************************************************************

Step#    X(mm)    Y(mm)    Z(mm) KinE(MeV)  dE(MeV) StepLeng TrackLeng  NextVolume ProcName
    0        0      -15        0     1e+03        0        0         0        HALL initStep
    1        0    4e+03        0     1e+03        0 4.02e+03  4.02e+03  OutOfWorld Transportation
>>>>>>>> Primary direction: (0,1,0)

*********************************************************************************************************
* G4Track Information:   Particle = chargedgeantino,   Track ID = 1,   Parent ID = 0
*********************************************************************************************************

Step#    X(mm)    Y(mm)    Z(mm) KinE(MeV)  dE(MeV) StepLeng TrackLeng  NextVolume ProcName
    0        0      -15        0     1e+03        0        0         0        HALL initStep
    1        0    4e+03        0     1e+03        0 4.02e+03  4.02e+03  OutOfWorld Transportation
>>>>>>>> Primary direction: (0,1,0)

*********************************************************************************************************
* G4Track Information:   Particle = chargedgeantino,   Track ID = 1,   Parent ID = 0
*********************************************************************************************************

Step#    X(mm)    Y(mm)    Z(mm) KinE(MeV)  dE(MeV) StepLeng TrackLeng  NextVolume ProcName
    0        0      -15        0     1e+03        0        0         0        HALL initStep
    1        0    4e+03        0     1e+03        0 4.02e+03  4.02e+03  OutOfWorld Transportation
>>>>>>>> Primary direction: (0,1,0)

*********************************************************************************************************
* G4Track Information:   Particle = chargedgeantino,   Track ID = 1,   Parent ID = 0
*********************************************************************************************************

Step#    X(mm)    Y(mm)    Z(mm) KinE(MeV)  dE(MeV) StepLeng TrackLeng  NextVolume ProcName
    0        0      -15        0     1e+03        0        0         0        HALL initStep
    1        0    4e+03        0     1e+03        0 4.02e+03  4.02e+03  OutOfWorld Transportation
>>>>>>>> Primary direction: (0,1,0)

*********************************************************************************************************
* G4Track Information:   Particle = chargedgeantino,   Track ID = 1,   Parent ID = 0
*********************************************************************************************************

Step#    X(mm)    Y(mm)    Z(mm) KinE(MeV)  dE(MeV) StepLeng TrackLeng  NextVolume ProcName
    0        0      -15        0     1e+03        0        0         0        HALL initStep
    1        0    4e+03        0     1e+03        0 4.02e+03  4.02e+03  OutOfWorld Transportation
>>>>>>>> Primary direction: (0,1,0)

*********************************************************************************************************
* G4Track Information:   Particle = chargedgeantino,   Track ID = 1,   Parent ID = 0
*********************************************************************************************************

Step#    X(mm)    Y(mm)    Z(mm) KinE(MeV)  dE(MeV) StepLeng TrackLeng  NextVolume ProcName
    0        0      -15        0     1e+03        0        0         0        HALL initStep
    1        0    4e+03        0     1e+03        0 4.02e+03  4.02e+03  OutOfWorld Transportation
>>>>>>>> Primary direction: (0,1,0)

*********************************************************************************************************
* G4Track Information:   Particle = chargedgeantino,   Track ID = 1,   Parent ID = 0
*********************************************************************************************************

Step#    X(mm)    Y(mm)    Z(mm) KinE(MeV)  dE(MeV) StepLeng TrackLeng  NextVolume ProcName
    0        0      -15        0     1e+03        0        0         0        HALL initStep
    1        0    4e+03        0     1e+03        0 4.02e+03  4.02e+03  OutOfWorld Transportation
>>>>>>>> Primary direction: (0,1,0)

*********************************************************************************************************
* G4Track Information:   Particle = chargedgeantino,   Track ID = 1,   Parent ID = 0
*********************************************************************************************************

Step#    X(mm)    Y(mm)    Z(mm) KinE(MeV)  dE(MeV) StepLeng TrackLeng  NextVolume ProcName
    0        0      -15        0     1e+03        0        0         0        HALL initStep
    1        0    4e+03        0     1e+03        0 4.02e+03  4.02e+03  OutOfWorld Transportation
>>>>>>>> Primary direction: (0,1,0)

*********************************************************************************************************
* G4Track Information:   Particle = chargedgeantino,   Track ID = 1,   Parent ID = 0
*********************************************************************************************************

Step#    X(mm)    Y(mm)    Z(mm) KinE(MeV)  dE(MeV) StepLeng TrackLeng  NextVolume ProcName
    0        0      -15        0     1e+03        0        0         0        HALL initStep
    1        0    4e+03        0     1e+03        0 4.02e+03  4.02e+03  OutOfWorld Transportation
Run terminated.
Run Summary
  Number of events processed : 10
  User=0.01s Real=0.05s Sys=0.03s
G4 kernel has come to Quit state.
