Environment variable "G4FORCE_RUN_MANAGER_TYPE" enabled with value == Serial. Forcing G4RunManager type...

        ############################################
        !!! WARNING - FPE detection is activated !!!
        ############################################


          ################################
          !!! G4Backtrace is activated !!!
          ################################


**************************************************************
 Geant4 version Name: geant4-11-03-ref-06    (30-June-2025)
                       Copyright : Geant4 Collaboration
                      References : NIM A 506 (2003), 250-303
                                 : IEEE-TNS 53 (2006), 270-278
                                 : NIM A 835 (2016), 186-225
                             WWW : http://geant4.org/
**************************************************************

G4GDML: Reading 'Par02FullDetector.gdml'...
G4GDML: Reading definitions...
G4GDML: Reading materials...
G4GDML: Reading solids...
G4GDML: Reading structure...
G4GDML: Reading setup...
G4GDML: Reading 'Par02FullDetector.gdml' done!
Stripping off GDML names of materials, solids and volumes ...
Geometry loaded from  file .......Par02FullDetector.gdml 

tracker !!!

ecal !!!

ecal !!!

ecal !!!

ecal !!!

ecal !!!

hcal !!!

hcal !!!

hcal !!!

hcal !!!

hcal !!!
Instantiating Visualization Manager.......
Visualization Manager instantiating with verbosity "warnings (3)"...
Visualization Manager initialising...
Registering graphics systems...

You have successfully registered the following graphics systems.
Registered graphics systems are:
  ASCIITree (ATree)
  DAWNFILE (DAWNFILE)
  G4HepRepFile (HepRepFile)
  RayTracer (RT)
  VRML2FILE (VRML2FILE)
  gMocrenFile (gMocrenFile)
  TOOLSSG_OFFSCREEN (TSG_OFFSCREEN, TSG_FILE)
  OpenGLImmediateQt (OGLIQt, OGLI)
  OpenGLStoredQt (OGLSQt, OGLS)
  OpenGLImmediateXm (OGLIXm, OGLIQt_FALLBACK)
  OpenGLStoredXm (OGLSXm, OGLSQt_FALLBACK)
  OpenGLImmediateX (OGLIX, OGLIQt_FALLBACK, OGLIXm_FALLBACK)
  OpenGLStoredX (OGLSX, OGLSQt_FALLBACK, OGLSXm_FALLBACK)
  RayTracerX (RTX)
  RayTracerQt (RTQt)
  Qt3D (Qt3D)
  TOOLSSG_X11_GLES (TSG_X11_GLES, TSGX11, TSG_XT_GLES_FALLBACK)
  TOOLSSG_X11_ZB (TSG_X11_ZB, TSGX11ZB)
  TOOLSSG_XT_GLES (TSG_XT_GLES, TSGXt, TSG_QT_GLES_FALLBACK)
  TOOLSSG_XT_ZB (TSG_XT_ZB, TSGXtZB)
  TOOLSSG_QT_GLES (TSG_QT_GLES, TSGQt, TSG, OGL)
  TOOLSSG_QT_ZB (TSG_QT_ZB, TSGQtZB)
You may choose a graphics system (driver) with a parameter of
the command "/vis/open" or "/vis/sceneHandler/create",
or you may omit the driver parameter and choose at run time:
- by argument in the construction of G4VisExecutive
- by environment variable "G4VIS_DEFAULT_DRIVER"
- by entry in "~/.g4session"
- by build flags.
- Note: This feature is not allowed in batch mode.
For further information see "examples/basic/B1/exampleB1.cc"
and "vis.mac".

Registering model factories...

You have successfully registered the following model factories.
Registered model factories:
  generic
  drawByAttribute
  drawByCharge
  drawByOriginVolume
  drawByParticleID
  drawByEncounteredVolume

Registered models:
  None

Registered filter factories:
  attributeFilter
  chargeFilter
  originVolumeFilter
  particleFilter
  encounteredVolumeFilter

Registered filters:
  None

You have successfully registered the following user vis actions.
Run Duration User Vis Actions: none
End of Event User Vis Actions: none
End of Run User Vis Actions: none

Some /vis commands (optionally) take a string to specify colour.
"/vis/list" to see available colours.
 G4ChordFinder: stepperDriverId: 2
Magnetic field is active, fieldValue = (0 0 1 T ).
... set ntuple merging row mode : row-wise - done
... create file : DefaultOutput.root - done
... open analysis file : DefaultOutput.root - done
... open analysis file : DefaultOutput.root - done
 ________Tracker model triggered _________
 ________Tracker model triggered _________
 ________Tracker model triggered _________
 ________Tracker model triggered _________
 ________Tracker model triggered _________
 ________Tracker model triggered _________
 ________Tracker model triggered _________
 ________Tracker model triggered _________
 ________Tracker model triggered _________
 ________Tracker model triggered _________
 ________Tracker model triggered _________
 ________Tracker model triggered _________
 ________Tracker model triggered _________
 ________Tracker model triggered _________
 ________Tracker model triggered _________
 ________Tracker model triggered _________
 ________Tracker model triggered _________
 ________Tracker model triggered _________
 ________Tracker model triggered _________
 ________Tracker model triggered _________
 ________Tracker model triggered _________
 ________Tracker model triggered _________
 ________Tracker model triggered _________
 ________Tracker model triggered _________
 ________Tracker model triggered _________
 ________Tracker model triggered _________
 ________Tracker model triggered _________
 ________Tracker model triggered _________
 ________Tracker model triggered _________
 ________Tracker model triggered _________
 ________Tracker model triggered _________
 ________Tracker model triggered _________
 ________Tracker model triggered _________
 ________Tracker model triggered _________
 ________Tracker model triggered _________
 ________Tracker model triggered _________
 ________Tracker model triggered _________
 ________Tracker model triggered _________
 ________Tracker model triggered _________
 ________Tracker model triggered _________
 ________Tracker model triggered _________
 ________Tracker model triggered _________
 ________Tracker model triggered _________
 ________Tracker model triggered _________
 ________Tracker model triggered _________
 ________Tracker model triggered _________
 ________Tracker model triggered _________
 ________Tracker model triggered _________
 ________Tracker model triggered _________
 ________Tracker model triggered _________
 ________Tracker model triggered _________
 ________Tracker model triggered _________
 ________Tracker model triggered _________
 ________Tracker model triggered _________
 ________Tracker model triggered _________
 ________Tracker model triggered _________
 ________Tracker model triggered _________
 ________Tracker model triggered _________
 ________Tracker model triggered _________
 ________Tracker model triggered _________
 ________Tracker model triggered _________
 ________Tracker model triggered _________
 ________Tracker model triggered _________
 ________Tracker model triggered _________
 ________Tracker model triggered _________
 ________Tracker model triggered _________
 ________Tracker model triggered _________
 ________Tracker model triggered _________
 ________Tracker model triggered _________
 ________Tracker model triggered _________
 ________Tracker model triggered _________
 ________Tracker model triggered _________
 ________Tracker model triggered _________
 ________Tracker model triggered _________
 ________Tracker model triggered _________
 ________Tracker model triggered _________
 ________Tracker model triggered _________
 ________Tracker model triggered _________
 ________Tracker model triggered _________
 ________Tracker model triggered _________
 ________Tracker model triggered _________
 ________Tracker model triggered _________
 ________Tracker model triggered _________
 ________Tracker model triggered _________
 ________Tracker model triggered _________
 ________Tracker model triggered _________
 ________Tracker model triggered _________
 ________Tracker model triggered _________
 ________Tracker model triggered _________
 ________Tracker model triggered _________
 ________Tracker model triggered _________
 ________Tracker model triggered _________
 ________Tracker model triggered _________
 ________Tracker model triggered _________
 ________Tracker model triggered _________
 ________Tracker model triggered _________
 ________Tracker model triggered _________
 ________Tracker model triggered _________
 ________Tracker model triggered _________
 ________Tracker model triggered _________
 ________Tracker model triggered _________
 ________Tracker model triggered _________
 ________Tracker model triggered _________
 ________Tracker model triggered _________
 ________Tracker model triggered _________
 ________Tracker model triggered _________
 ________Tracker model triggered _________
 ________Tracker model triggered _________
 ________Tracker model triggered _________
 ________Tracker model triggered _________
 ________Tracker model triggered _________
 ________Tracker model triggered _________
 ________Tracker model triggered _________
 ________Tracker model triggered _________
 ________Tracker model triggered _________
 ________Tracker model triggered _________
 ________Tracker model triggered _________
 ________Tracker model triggered _________
 ________Tracker model triggered _________
 ________Tracker model triggered _________
 ________Tracker model triggered _________
 ________Tracker model triggered _________
 ________Tracker model triggered _________
 ________Tracker model triggered _________
 ________Tracker model triggered _________
 ________Tracker model triggered _________
 ________Tracker model triggered _________
 ________Tracker model triggered _________
 ________Tracker model triggered _________
 ________Tracker model triggered _________
 ________Tracker model triggered _________
 ________Tracker model triggered _________
 ________Tracker model triggered _________
 ________Tracker model triggered _________
 ________Tracker model triggered _________
 ________Tracker model triggered _________
 ________Tracker model triggered _________
 ________Tracker model triggered _________
 ________Tracker model triggered _________
 ________Tracker model triggered _________
 ________Tracker model triggered _________
 ________Tracker model triggered _________
 ________Tracker model triggered _________
 ________Tracker model triggered _________
 ________Tracker model triggered _________
 ________Tracker model triggered _________
 ________Tracker model triggered _________
 ________Tracker model triggered _________
 ________Tracker model triggered _________
 ________Tracker model triggered _________
 ________Tracker model triggered _________
 ________Tracker model triggered _________
 ________Tracker model triggered _________
 ________Tracker model triggered _________
 ________Tracker model triggered _________
 ________Tracker model triggered _________
 ________Tracker model triggered _________
 ________Tracker model triggered _________
 ________Tracker model triggered _________
 ________Tracker model triggered _________
 ________Tracker model triggered _________
 ________Tracker model triggered _________
 ________Tracker model triggered _________
 ________Tracker model triggered _________
 ________Tracker model triggered _________
 ________Tracker model triggered _________
 ________Tracker model triggered _________
 ________Tracker model triggered _________
 ________Tracker model triggered _________
 ________Tracker model triggered _________
 ________Tracker model triggered _________
 ________Tracker model triggered _________
 ________Tracker model triggered _________
 ________Tracker model triggered _________
 ________Tracker model triggered _________
 ________Tracker model triggered _________
 ________Tracker model triggered _________
 ________Tracker model triggered _________
 ________Tracker model triggered _________
 ________Tracker model triggered _________
 ________Tracker model triggered _________
 ________Tracker model triggered _________
 ________Tracker model triggered _________
 ________Tracker model triggered _________
 ________Tracker model triggered _________
 ________Tracker model triggered _________
 ________Tracker model triggered _________
 ________Tracker model triggered _________
 ________Tracker model triggered _________
 ________Tracker model triggered _________
 ________Tracker model triggered _________
 ________Tracker model triggered _________
 ________Tracker model triggered _________
 ________Tracker model triggered _________
 ________Tracker model triggered _________
 ________Tracker model triggered _________
 ________Tracker model triggered _________
 ________Tracker model triggered _________
 ________Tracker model triggered _________
 ________Tracker model triggered _________
 ________Tracker model triggered _________
 ________Tracker model triggered _________
 ________Tracker model triggered _________
 ________Tracker model triggered _________
 ________Tracker model triggered _________
 ________Tracker model triggered _________
 ________Tracker model triggered _________
 ________Tracker model triggered _________
 ________Tracker model triggered _________
 ________Tracker model triggered _________
 ________Tracker model triggered _________
 ________Tracker model triggered _________
 ________Tracker model triggered _________
 ________Tracker model triggered _________
 ________Tracker model triggered _________
 ________Tracker model triggered _________
 ________Tracker model triggered _________
 ________Tracker model triggered _________
 ________Tracker model triggered _________
 ________Tracker model triggered _________
 ________Tracker model triggered _________
 ________Tracker model triggered _________
 ________Tracker model triggered _________
 ________Tracker model triggered _________
 ________Tracker model triggered _________
 ________Tracker model triggered _________
 ________Tracker model triggered _________
 ________Tracker model triggered _________
 ________Tracker model triggered _________
 ________Tracker model triggered _________
 ________Tracker model triggered _________
 ________Tracker model triggered _________
 ________Tracker model triggered _________
 ________Tracker model triggered _________
 ________Tracker model triggered _________
 ________Tracker model triggered _________
 ________Tracker model triggered _________
 ________Tracker model triggered _________
 ________Tracker model triggered _________
 ________Tracker model triggered _________
 ________Tracker model triggered _________
 ________Tracker model triggered _________
 ________Tracker model triggered _________
 ________Tracker model triggered _________
 ________Tracker model triggered _________
 ________Tracker model triggered _________
 ________Tracker model triggered _________
 ________Tracker model triggered _________
 ________Tracker model triggered _________
 ________Tracker model triggered _________
 ________Tracker model triggered _________
 ________Tracker model triggered _________
 ________Tracker model triggered _________
 ________Tracker model triggered _________
 ________Tracker model triggered _________
 ________Tracker model triggered _________
 ________Tracker model triggered _________
 ________Tracker model triggered _________
 ________Tracker model triggered _________
 ________Tracker model triggered _________
 ________Tracker model triggered _________
 ________Tracker model triggered _________
 ________Tracker model triggered _________
 ________Tracker model triggered _________
 ________Tracker model triggered _________
 ________Tracker model triggered _________
 ________Tracker model triggered _________
 ________Tracker model triggered _________
 ________Tracker model triggered _________
 ________Tracker model triggered _________
 ________Tracker model triggered _________
 ________Tracker model triggered _________
 ________Tracker model triggered _________
 ________Tracker model triggered _________
 ________Tracker model triggered _________
 ________Tracker model triggered _________
 ________Tracker model triggered _________
 ________Tracker model triggered _________
 ________Tracker model triggered _________
 ________Tracker model triggered _________
 ________Tracker model triggered _________
 ________Tracker model triggered _________
 ________Tracker model triggered _________
 ________Tracker model triggered _________
 ________Tracker model triggered _________
 ________Tracker model triggered _________
 ________Tracker model triggered _________
 ________Tracker model triggered _________
 ________Tracker model triggered _________
 ________Tracker model triggered _________
 ________Tracker model triggered _________
 ________Tracker model triggered _________
 ________Tracker model triggered _________
 ________Tracker model triggered _________
 ________Tracker model triggered _________
 ________Tracker model triggered _________
 ________Tracker model triggered _________
 ________Tracker model triggered _________
 ________Tracker model triggered _________
 ________Tracker model triggered _________
 ________Tracker model triggered _________
 ________Tracker model triggered _________
 ________Tracker model triggered _________
 ________Tracker model triggered _________
 ________Tracker model triggered _________
 ________Tracker model triggered _________
 ________Tracker model triggered _________
 ________Tracker model triggered _________
 ________Tracker model triggered _________
 ________Tracker model triggered _________
 ________Tracker model triggered _________
 ________Tracker model triggered _________
 ________Tracker model triggered _________
 ________Tracker model triggered _________
 ________Tracker model triggered _________
 ________Tracker model triggered _________
 ________Tracker model triggered _________
 ________Tracker model triggered _________
 ________Tracker model triggered _________
 ________Tracker model triggered _________
 ________Tracker model triggered _________
 ________Tracker model triggered _________
 ________Tracker model triggered _________
 ________Tracker model triggered _________
 ________Tracker model triggered _________
 ________Tracker model triggered _________
 ________Tracker model triggered _________
 ________Tracker model triggered _________
 ________Tracker model triggered _________
 ________Tracker model triggered _________
 ________Tracker model triggered _________
 ________Tracker model triggered _________
 ________Tracker model triggered _________
 ________Tracker model triggered _________
 ________Tracker model triggered _________
 ________Tracker model triggered _________
 ________Tracker model triggered _________
 ________Tracker model triggered _________
 ________Tracker model triggered _________
 ________Tracker model triggered _________
 ________Tracker model triggered _________
 ________Tracker model triggered _________
 ________Tracker model triggered _________
 ________Tracker model triggered _________
 ________Tracker model triggered _________
 ________Tracker model triggered _________
 ________Tracker model triggered _________
 ________Tracker model triggered _________
 ________Tracker model triggered _________
 ________Tracker model triggered _________
 ________Tracker model triggered _________
 ________Tracker model triggered _________
 ________Tracker model triggered _________
 ________Tracker model triggered _________
 ________Tracker model triggered _________
 ________Tracker model triggered _________
 ________Tracker model triggered _________
 ________Tracker model triggered _________
 ________Tracker model triggered _________
 ________Tracker model triggered _________
 ________Tracker model triggered _________
 ________Tracker model triggered _________
 ________Tracker model triggered _________
 ________Tracker model triggered _________
 ________Tracker model triggered _________
 ________Tracker model triggered _________
 ________Tracker model triggered _________
 ________Tracker model triggered _________
 ________Tracker model triggered _________
 ________Tracker model triggered _________
 ________Tracker model triggered _________
 ________Tracker model triggered _________
 ________Tracker model triggered _________
 ________Tracker model triggered _________
 ________Tracker model triggered _________
 ________Tracker model triggered _________
 ________Tracker model triggered _________
 ________Tracker model triggered _________
 ________Tracker model triggered _________
 ________Tracker model triggered _________
 ________Tracker model triggered _________
 ________Tracker model triggered _________
 ________Tracker model triggered _________
 ________Tracker model triggered _________
 ________Tracker model triggered _________
 ________Tracker model triggered _________
 ________Tracker model triggered _________
 ________Tracker model triggered _________
 ________Tracker model triggered _________
 ________Tracker model triggered _________
 ________Tracker model triggered _________
 ________Tracker model triggered _________
 ________Tracker model triggered _________
 ________Tracker model triggered _________
 ________Tracker model triggered _________
 ________Tracker model triggered _________
 ________Tracker model triggered _________
 ________Tracker model triggered _________
 ________Tracker model triggered _________
 ________Tracker model triggered _________
 ________Tracker model triggered _________
 ________Tracker model triggered _________
 ________Tracker model triggered _________
 ________Tracker model triggered _________
 ________Tracker model triggered _________
 ________Tracker model triggered _________
 ________Tracker model triggered _________
 ________Tracker model triggered _________
 ________Tracker model triggered _________
 ________Tracker model triggered _________
 ________Tracker model triggered _________
 ________Tracker model triggered _________
 ________Tracker model triggered _________
 ________Tracker model triggered _________
 ________Tracker model triggered _________
 ________Tracker model triggered _________
 ________Tracker model triggered _________
 ________Tracker model triggered _________
 ________Tracker model triggered _________
 ________Tracker model triggered _________
 ________Tracker model triggered _________
 ________Tracker model triggered _________
 ________Tracker model triggered _________
 ________Tracker model triggered _________
 ________Tracker model triggered _________
 ________Tracker model triggered _________
 ________Tracker model triggered _________
 ________Tracker model triggered _________
 ________Tracker model triggered _________
 ________Tracker model triggered _________
 ________Tracker model triggered _________
 ________Tracker model triggered _________
 ________Tracker model triggered _________
 ________Tracker model triggered _________
 ________Tracker model triggered _________
 ________Tracker model triggered _________
 ________Tracker model triggered _________
 ________Tracker model triggered _________
 ________Tracker model triggered _________
 ________Tracker model triggered _________
 ________Tracker model triggered _________
 ________Tracker model triggered _________
 ________Tracker model triggered _________
 ________Tracker model triggered _________
 ________Tracker model triggered _________
 ________Tracker model triggered _________
 ________Tracker model triggered _________
 ________Tracker model triggered _________
 ________Tracker model triggered _________
 ________Tracker model triggered _________
 ________Tracker model triggered _________
 ________Tracker model triggered _________
 ________Tracker model triggered _________
 ________Tracker model triggered _________
 ________Tracker model triggered _________
 ________Tracker model triggered _________
 ________Tracker model triggered _________
 ________Tracker model triggered _________
 ________Tracker model triggered _________
 ________Tracker model triggered _________
 ________Tracker model triggered _________
 ________Tracker model triggered _________
 ________Tracker model triggered _________
 ________Tracker model triggered _________
 ________Tracker model triggered _________
 ________Tracker model triggered _________
 ________Tracker model triggered _________
 ________Tracker model triggered _________
 ________Tracker model triggered _________
 ________Tracker model triggered _________
 ________Tracker model triggered _________
 ________Tracker model triggered _________
 ________Tracker model triggered _________
 ________Tracker model triggered _________
 ________Tracker model triggered _________
 ________Tracker model triggered _________
 ________Tracker model triggered _________
 ________Tracker model triggered _________
 ________Tracker model triggered _________
 ________Tracker model triggered _________
 ________Tracker model triggered _________
 ________Tracker model triggered _________
 ________Tracker model triggered _________
 ________Tracker model triggered _________
 ________Tracker model triggered _________
 ________Tracker model triggered _________
 ________Tracker model triggered _________
 ________Tracker model triggered _________
 ________Tracker model triggered _________
 ________Tracker model triggered _________
 ________Tracker model triggered _________
 ________Tracker model triggered _________
 ________Tracker model triggered _________
 ________Tracker model triggered _________
 ________Tracker model triggered _________
 ________Tracker model triggered _________
 ________Tracker model triggered _________
 ________Tracker model triggered _________
 ________Tracker model triggered _________
 ________Tracker model triggered _________
 ________Tracker model triggered _________
 ________Tracker model triggered _________
 ________Tracker model triggered _________
 ________Tracker model triggered _________
 ________Tracker model triggered _________
 ________Tracker model triggered _________
 ________Tracker model triggered _________
 ________Tracker model triggered _________
 ________Tracker model triggered _________
 ________Tracker model triggered _________
 ________Tracker model triggered _________
 ________Tracker model triggered _________
 ________Tracker model triggered _________
 ________Tracker model triggered _________
 ________Tracker model triggered _________
 ________Tracker model triggered _________
 ________Tracker model triggered _________
 ________Tracker model triggered _________
 ________Tracker model triggered _________
 ________Tracker model triggered _________
 ________Tracker model triggered _________
 ________Tracker model triggered _________
 ________Tracker model triggered _________
 ________Tracker model triggered _________
 ________Tracker model triggered _________
 ________Tracker model triggered _________
 ________Tracker model triggered _________
 ________Tracker model triggered _________
 ________Tracker model triggered _________
 ________Tracker model triggered _________
 ________Tracker model triggered _________
 ________Tracker model triggered _________
 ________Tracker model triggered _________
 ________Tracker model triggered _________
 ________Tracker model triggered _________
 ________Tracker model triggered _________
 ________Tracker model triggered _________
 ________Tracker model triggered _________
 ________Tracker model triggered _________
 ________Tracker model triggered _________
 ________Tracker model triggered _________
 ________Tracker model triggered _________
 ________Tracker model triggered _________
 ________Tracker model triggered _________
 ________Tracker model triggered _________
 ________Tracker model triggered _________
 ________Tracker model triggered _________
 ________Tracker model triggered _________
 ________Tracker model triggered _________
 ________Tracker model triggered _________
 ________Tracker model triggered _________
 ________Tracker model triggered _________
 ________Tracker model triggered _________
 ________Tracker model triggered _________
 ________Tracker model triggered _________
 ________Tracker model triggered _________
 ________Tracker model triggered _________
 ________Tracker model triggered _________
 ________Tracker model triggered _________
 ________Tracker model triggered _________
 ________Tracker model triggered _________
 ________Tracker model triggered _________
 ________Tracker model triggered _________
 ________Tracker model triggered _________
 ________Tracker model triggered _________
 ________Tracker model triggered _________
 ________Tracker model triggered _________
 ________Tracker model triggered _________
 ________Tracker model triggered _________
 ________Tracker model triggered _________
 ________Tracker model triggered _________
 ________Tracker model triggered _________
 ________Tracker model triggered _________
 ________Tracker model triggered _________
 ________Tracker model triggered _________
 ________Tracker model triggered _________
 ________Tracker model triggered _________
 ________Tracker model triggered _________
 ________Tracker model triggered _________
 ________Tracker model triggered _________
 ________Tracker model triggered _________
 ________Tracker model triggered _________
 ________Tracker model triggered _________
 ________Tracker model triggered _________
 ________Tracker model triggered _________
 ________Tracker model triggered _________
 ________Tracker model triggered _________
 ________Tracker model triggered _________
 ________Tracker model triggered _________
 ________Tracker model triggered _________
 ________Tracker model triggered _________
 ________Tracker model triggered _________
 ________Tracker model triggered _________
 ________Tracker model triggered _________
 ________Tracker model triggered _________
 ________Tracker model triggered _________
 ________Tracker model triggered _________
 ________Tracker model triggered _________
 ________Tracker model triggered _________
 ________Tracker model triggered _________
 ________Tracker model triggered _________
 ________Tracker model triggered _________
 ________Tracker model triggered _________
 ________Tracker model triggered _________
 ________Tracker model triggered _________
 ________Tracker model triggered _________
 ________Tracker model triggered _________
 ________Tracker model triggered _________
 ________Tracker model triggered _________
 ________Tracker model triggered _________
 ________Tracker model triggered _________
 ________Tracker model triggered _________
 ________Tracker model triggered _________
 ________Tracker model triggered _________
 ________Tracker model triggered _________
 ________Tracker model triggered _________
 ________Tracker model triggered _________
 ________Tracker model triggered _________
 ________Tracker model triggered _________
 ________Tracker model triggered _________
 ________Tracker model triggered _________
 ________Tracker model triggered _________
 ________Tracker model triggered _________
 ________Tracker model triggered _________
 ________Tracker model triggered _________
 ________Tracker model triggered _________
 ________Tracker model triggered _________
 ________Tracker model triggered _________
 ________Tracker model triggered _________
 ________Tracker model triggered _________
 ________Tracker model triggered _________
 ________Tracker model triggered _________
 ________Tracker model triggered _________
 ________Tracker model triggered _________
 ________Tracker model triggered _________
 ________Tracker model triggered _________
 ________Tracker model triggered _________
 ________Tracker model triggered _________
 ________Tracker model triggered _________
 ________Tracker model triggered _________
 ________Tracker model triggered _________
 ________Tracker model triggered _________
 ________Tracker model triggered _________
 ________Tracker model triggered _________
 ________Tracker model triggered _________
 ________Tracker model triggered _________
 ________Tracker model triggered _________
 ________Tracker model triggered _________
 ________Tracker model triggered _________
 ________Tracker model triggered _________
 ________Tracker model triggered _________
 ________Tracker model triggered _________
 ________Tracker model triggered _________
 ________Tracker model triggered _________
 ________Tracker model triggered _________
 ________Tracker model triggered _________
 ________Tracker model triggered _________
 ________Tracker model triggered _________
 ________Tracker model triggered _________
 ________Tracker model triggered _________
 ________Tracker model triggered _________
 ________Tracker model triggered _________
 ________Tracker model triggered _________
 ________Tracker model triggered _________
 ________Tracker model triggered _________
 ________Tracker model triggered _________
 ________Tracker model triggered _________
 ________Tracker model triggered _________
 ________Tracker model triggered _________
 ________Tracker model triggered _________
 ________Tracker model triggered _________
 ________Tracker model triggered _________
 ________Tracker model triggered _________
 ________Tracker model triggered _________
 ________Tracker model triggered _________
 ________Tracker model triggered _________
 ________Tracker model triggered _________
 ________Tracker model triggered _________
 ________Tracker model triggered _________
 ________Tracker model triggered _________
 ________Tracker model triggered _________
 ________Tracker model triggered _________
 ________Tracker model triggered _________
 ________Tracker model triggered _________
 ________Tracker model triggered _________
 ________Tracker model triggered _________
 ________Tracker model triggered _________
 ________Tracker model triggered _________
 ________Tracker model triggered _________
 ________Tracker model triggered _________
 ________Tracker model triggered _________
 ________Tracker model triggered _________
 ________Tracker model triggered _________
 ________Tracker model triggered _________
 ________Tracker model triggered _________
 ________Tracker model triggered _________
 ________Tracker model triggered _________
 ________Tracker model triggered _________
 ________Tracker model triggered _________
 ________Tracker model triggered _________
 ________Tracker model triggered _________
 ________Tracker model triggered _________
 ________Tracker model triggered _________
 ________Tracker model triggered _________
 ________Tracker model triggered _________
 ________Tracker model triggered _________
 ________Tracker model triggered _________
 ________Tracker model triggered _________
 ________Tracker model triggered _________
 ________Tracker model triggered _________
 ________Tracker model triggered _________
 ________Tracker model triggered _________
 ________Tracker model triggered _________
 ________Tracker model triggered _________
 ________Tracker model triggered _________
 ________Tracker model triggered _________
 ________Tracker model triggered _________
 ________Tracker model triggered _________
 ________Tracker model triggered _________
 ________Tracker model triggered _________
 ________Tracker model triggered _________
 ________Tracker model triggered _________
 ________Tracker model triggered _________
 ________Tracker model triggered _________
 ________Tracker model triggered _________
 ________Tracker model triggered _________
 ________Tracker model triggered _________
 ________Tracker model triggered _________
 ________Tracker model triggered _________
 ________Tracker model triggered _________
 ________Tracker model triggered _________
 ________Tracker model triggered _________
 ________Tracker model triggered _________
 ________Tracker model triggered _________
 ________Tracker model triggered _________
 ________Tracker model triggered _________
 ________Tracker model triggered _________
 ________Tracker model triggered _________
 ________Tracker model triggered _________
 ________Tracker model triggered _________
 ________Tracker model triggered _________
 ________Tracker model triggered _________
 ________Tracker model triggered _________
 ________Tracker model triggered _________
 ________Tracker model triggered _________
 ________Tracker model triggered _________
 ________Tracker model triggered _________
 ________Tracker model triggered _________
 ________Tracker model triggered _________
 ________Tracker model triggered _________
 ________Tracker model triggered _________
 ________Tracker model triggered _________
 ________Tracker model triggered _________
 ________Tracker model triggered _________
 ________Tracker model triggered _________
 ________Tracker model triggered _________
 ________Tracker model triggered _________
 ________Tracker model triggered _________
 ________Tracker model triggered _________
 ________Tracker model triggered _________
 ________Tracker model triggered _________
 ________Tracker model triggered _________
 ________Tracker model triggered _________
 ________Tracker model triggered _________
 ________Tracker model triggered _________
 ________Tracker model triggered _________
 ________Tracker model triggered _________
 ________Tracker model triggered _________
 ________Tracker model triggered _________
 ________Tracker model triggered _________
 ________Tracker model triggered _________
 ________Tracker model triggered _________
 ________Tracker model triggered _________
 ________Tracker model triggered _________
 ________Tracker model triggered _________
 ________Tracker model triggered _________
 ________Tracker model triggered _________
 ________Tracker model triggered _________
 ________Tracker model triggered _________
 ________Tracker model triggered _________
 ________Tracker model triggered _________
 ________Tracker model triggered _________
 ________Tracker model triggered _________
 ________Tracker model triggered _________
 ________Tracker model triggered _________
 ________Tracker model triggered _________
 ________Tracker model triggered _________
 ________Tracker model triggered _________
 ________Tracker model triggered _________
 ________Tracker model triggered _________
 ________Tracker model triggered _________
 ________Tracker model triggered _________
 ________Tracker model triggered _________
 ________Tracker model triggered _________
 ________Tracker model triggered _________
 ________Tracker model triggered _________
 ________Tracker model triggered _________
 ________Tracker model triggered _________
 ________Tracker model triggered _________
 ________Tracker model triggered _________
 ________Tracker model triggered _________
 ________Tracker model triggered _________
 ________Tracker model triggered _________
 ________Tracker model triggered _________
 ________Tracker model triggered _________
 ________Tracker model triggered _________
 ________Tracker model triggered _________
 ________Tracker model triggered _________
 ________Tracker model triggered _________
 ________Tracker model triggered _________
 ________Tracker model triggered _________
 ________Tracker model triggered _________
 ________Tracker model triggered _________
 ________Tracker model triggered _________
 ________Tracker model triggered _________
 ________Tracker model triggered _________
 ________Tracker model triggered _________
 ________Tracker model triggered _________
 ________Tracker model triggered _________
 ________Tracker model triggered _________
 ________Tracker model triggered _________
 ________Tracker model triggered _________
 ________Tracker model triggered _________
 ________Tracker model triggered _________
 ________Tracker model triggered _________
 ________Tracker model triggered _________
 ________Tracker model triggered _________
 ________Tracker model triggered _________
 ________Tracker model triggered _________
 ________Tracker model triggered _________
 ________Tracker model triggered _________
 ________Tracker model triggered _________
 ________Tracker model triggered _________
 ________Tracker model triggered _________
 ________Tracker model triggered _________
 ________Tracker model triggered _________
 ________Tracker model triggered _________
 ________Tracker model triggered _________
 ________Tracker model triggered _________
 ________Tracker model triggered _________
 ________Tracker model triggered _________
 ________Tracker model triggered _________
 ________Tracker model triggered _________
 ________Tracker model triggered _________
 ________Tracker model triggered _________
 ________Tracker model triggered _________
 ________Tracker model triggered _________
 ________Tracker model triggered _________
 ________Tracker model triggered _________
 ________Tracker model triggered _________
 ________Tracker model triggered _________
 ________Tracker model triggered _________
 ________Tracker model triggered _________
 ________Tracker model triggered _________
 ________Tracker model triggered _________
 ________Tracker model triggered _________
 ________Tracker model triggered _________
 ________Tracker model triggered _________
 ________Tracker model triggered _________
 ________Tracker model triggered _________
 ________Tracker model triggered _________
 ________Tracker model triggered _________
 ________Tracker model triggered _________
 ________Tracker model triggered _________
 ________Tracker model triggered _________
 ________Tracker model triggered _________
 ________Tracker model triggered _________
 ________Tracker model triggered _________
 ________Tracker model triggered _________
 ________Tracker model triggered _________
 ________Tracker model triggered _________
 ________Tracker model triggered _________
 ________Tracker model triggered _________
 ________Tracker model triggered _________
 ________Tracker model triggered _________
 ________Tracker model triggered _________
 ________Tracker model triggered _________
 ________Tracker model triggered _________
 ________Tracker model triggered _________
 ________Tracker model triggered _________
 ________Tracker model triggered _________
 ________Tracker model triggered _________
 ________Tracker model triggered _________
 ________Tracker model triggered _________
 ________Tracker model triggered _________
 ________Tracker model triggered _________
 ________Tracker model triggered _________
 ________Tracker model triggered _________
 ________Tracker model triggered _________
 ________Tracker model triggered _________
 ________Tracker model triggered _________
 ________Tracker model triggered _________
 ________Tracker model triggered _________
 ________Tracker model triggered _________
 ________Tracker model triggered _________
 ________Tracker model triggered _________
 ________Tracker model triggered _________
 ________Tracker model triggered _________
 ________Tracker model triggered _________
 ________Tracker model triggered _________
 ________Tracker model triggered _________
 ________Tracker model triggered _________
 ________Tracker model triggered _________
 ________Tracker model triggered _________
 ________Tracker model triggered _________
 ________Tracker model triggered _________
 ________Tracker model triggered _________
 ________Tracker model triggered _________
 ________Tracker model triggered _________
 ________Tracker model triggered _________
 ________Tracker model triggered _________
 ________Tracker model triggered _________
 ________Tracker model triggered _________
 ________Tracker model triggered _________
 ________Tracker model triggered _________
 ________Tracker model triggered _________
 ________Tracker model triggered _________
 ________Tracker model triggered _________
 ________Tracker model triggered _________
 ________Tracker model triggered _________
 ________Tracker model triggered _________
 ________Tracker model triggered _________
 ________Tracker model triggered _________
 ________Tracker model triggered _________
 ________Tracker model triggered _________
 ________Tracker model triggered _________
 ________Tracker model triggered _________
 ________Tracker model triggered _________
 ________Tracker model triggered _________
 ________Tracker model triggered _________
 ________Tracker model triggered _________
 ________Tracker model triggered _________
 ________Tracker model triggered _________
 ________Tracker model triggered _________
 ________Tracker model triggered _________
 ________Tracker model triggered _________
 ________Tracker model triggered _________
 ________Tracker model triggered _________
 ________Tracker model triggered _________
 ________Tracker model triggered _________
 ________Tracker model triggered _________
 ________Tracker model triggered _________
 ________Tracker model triggered _________
 ________Tracker model triggered _________
 ________Tracker model triggered _________
 ________Tracker model triggered _________
 ________Tracker model triggered _________
 ________Tracker model triggered _________
 ________Tracker model triggered _________
 ________Tracker model triggered _________
 ________Tracker model triggered _________
 ________Tracker model triggered _________
 ________Tracker model triggered _________
 ________Tracker model triggered _________
 ________Tracker model triggered _________
 ________Tracker model triggered _________
 ________Tracker model triggered _________
 ________Tracker model triggered _________
 ________Tracker model triggered _________
 ________Tracker model triggered _________
 ________Tracker model triggered _________
 ________Tracker model triggered _________
 ________Tracker model triggered _________
 ________Tracker model triggered _________
 ________Tracker model triggered _________
 ________Tracker model triggered _________
 ________Tracker model triggered _________
 ________Tracker model triggered _________
 ________Tracker model triggered _________
 ________Tracker model triggered _________
 ________Tracker model triggered _________
 ________Tracker model triggered _________
 ________Tracker model triggered _________
 ________Tracker model triggered _________
 ________Tracker model triggered _________
 ________Tracker model triggered _________
 ________Tracker model triggered _________
 ________Tracker model triggered _________
 ________Tracker model triggered _________
 ________Tracker model triggered _________
 ________Tracker model triggered _________
 ________Tracker model triggered _________
 ________Tracker model triggered _________
 ________Tracker model triggered _________
 ________Tracker model triggered _________
 ________Tracker model triggered _________
 ________Tracker model triggered _________
 ________Tracker model triggered _________
 ________Tracker model triggered _________
 ________Tracker model triggered _________
 ________Tracker model triggered _________
 ________Tracker model triggered _________
 ________Tracker model triggered _________
 ________Tracker model triggered _________
 ________Tracker model triggered _________
 ________Tracker model triggered _________
 ________Tracker model triggered _________
 ________Tracker model triggered _________
 ________Tracker model triggered _________
 ________Tracker model triggered _________
... write file : DefaultOutput.root - done
... close file : DefaultOutput.root - done
Graphics systems deleted.
Visualization Manager deleting...
