3738     5.62378e-22
16412     1.77561e-21
16540     9.62698e-22
16668     1.24759e-21
16796     1.36901e-21
16923     8.82865e-23
16924     1.34103e-21
17051     1.57201e-21
17179     1.27205e-21
17307     1.18864e-21
17435     1.21182e-21
17563     1.21504e-21
17690     5.51826e-23
17691     3.59088e-21
17818     1.46125e-21
17946     1.23467e-21
18074     1.12918e-21
18202     1.42999e-21
18330     1.23077e-21
18458     1.32925e-21
18586     9.94104e-22
18713     2.04468e-22
18714     9.86147e-22
19738     8.30341e-22
19866     2.64189e-21
19994     2.82198e-21
20122     1.73413e-22
32796     2.24083e-22
35097     1.43781e-22
35225     1.64581e-21
35353     1.26911e-21
35481     1.67803e-21
35609     9.78314e-22
35737     1.08753e-21
35865     6.06852e-21
35993     2.3081e-21
36121     8.93226e-22
36122     2.58499e-22
