
        ############################################
        !!! WARNING - FPE detection is activated !!!
        ############################################

*************************************************************
 Geant4 version Name: geant4-10-02-ref-00    (4-December-2015)
                      Copyright : Geant4 Collaboration
                      Reference : NIM A 506 (2003), 250-303
                            WWW : http://cern.ch/geant4
*************************************************************



	DICOM running in serial mode


3 test file 1.g4dcm
3 test file 2.g4dcm
3 test file 3.g4dcm
 ReadMaterialIndices 10
0 ReadMaterialIndices Air 0.207
1 ReadMaterialIndices LungInhale 0.481
2 ReadMaterialIndices LungExhale 0.919
3 ReadMaterialIndices AdiposeTissue 0.979
4 ReadMaterialIndices Breast 1.004
5 ReadMaterialIndices Water 1.043
6 ReadMaterialIndices Muscle 1.109
7 ReadMaterialIndices Liver 1.113
8 ReadMaterialIndices TrabecularBone 1.496
9 ReadMaterialIndices DenseBone 1.654
<<< Geant4 Physics List simulation engine: G4GenericPhysicsList

 DicomDetectorConstruction::ReadPhantomDataFile opening file 1.g4dcm
 DicomPhantomZSliceHeader reading number of materials 10
 DicomPhantomZSliceHeader reading material 0 : 0  Air
 DicomPhantomZSliceHeader reading material 1 : 1  LungInhale
 DicomPhantomZSliceHeader reading material 2 : 2  LungExhale
 DicomPhantomZSliceHeader reading material 3 : 3  AdiposeTissue
 DicomPhantomZSliceHeader reading material 4 : 4  Breast
 DicomPhantomZSliceHeader reading material 5 : 5  Water
 DicomPhantomZSliceHeader reading material 6 : 6  Muscle
 DicomPhantomZSliceHeader reading material 7 : 7  Liver
 DicomPhantomZSliceHeader reading material 8 : 8  TrabecularBone
 DicomPhantomZSliceHeader reading material 9 : 9  DenseBone
 Number of voxels 128 128 1
 Extension in X -196 196
 Extension in Y -196 196
 Extension in Z 80 85
 DicomDetectorConstruction::ReadPhantomDataFile opening file 2.g4dcm
 DicomPhantomZSliceHeader reading number of materials 10
 DicomPhantomZSliceHeader reading material 0 : 0  Air
 DicomPhantomZSliceHeader reading material 1 : 1  LungInhale
 DicomPhantomZSliceHeader reading material 2 : 2  LungExhale
 DicomPhantomZSliceHeader reading material 3 : 3  AdiposeTissue
 DicomPhantomZSliceHeader reading material 4 : 4  Breast
 DicomPhantomZSliceHeader reading material 5 : 5  Water
 DicomPhantomZSliceHeader reading material 6 : 6  Muscle
 DicomPhantomZSliceHeader reading material 7 : 7  Liver
 DicomPhantomZSliceHeader reading material 8 : 8  TrabecularBone
 DicomPhantomZSliceHeader reading material 9 : 9  DenseBone
 Number of voxels 128 128 1
 Extension in X -196 196
 Extension in Y -196 196
 Extension in Z 85 90
 DicomDetectorConstruction::ReadPhantomDataFile opening file 3.g4dcm
 DicomPhantomZSliceHeader reading number of materials 10
 DicomPhantomZSliceHeader reading material 0 : 0  Air
 DicomPhantomZSliceHeader reading material 1 : 1  LungInhale
 DicomPhantomZSliceHeader reading material 2 : 2  LungExhale
 DicomPhantomZSliceHeader reading material 3 : 3  AdiposeTissue
 DicomPhantomZSliceHeader reading material 4 : 4  Breast
 DicomPhantomZSliceHeader reading material 5 : 5  Water
 DicomPhantomZSliceHeader reading material 6 : 6  Muscle
 DicomPhantomZSliceHeader reading material 7 : 7  Liver
 DicomPhantomZSliceHeader reading material 8 : 8  TrabecularBone
 DicomPhantomZSliceHeader reading material 9 : 9  DenseBone
 Number of voxels 128 128 1
 Extension in X -196 196
 Extension in Y -196 196
 Extension in Z 90 95
 fNVoxelX 128 fVoxelHalfDimX 1.53125
 fNVoxelY 128 fVoxelHalfDimY 1.53125
 fNVoxelZ 3 fVoxelHalfDimZ 2.5
 totalPixels 49152
 placing voxel container volume at (0,0,87.5)
DicomRegularDetectorConstruction::ConstructPhantom 




	 SET SCORER : VoxelLogical 







	 CONSTRUCT SD AND FIELD 



Visualization Manager instantiating with verbosity "warnings (3)"...
Visualization Manager initialising...
Registering graphics systems...

You have successfully registered the following graphics systems.
Current available graphics systems are:
ASCIITree (ATree)
DAWNFILE (DAWNFILE)
G4HepRep (HepRepXML)
G4HepRepFile (HepRepFile)
RayTracer (RayTracer)
VRML1FILE (VRML1FILE)
VRML2FILE (VRML2FILE)
gMocrenFile (gMocrenFile)
OpenGLImmediateQt (OGLIQt, OGLI)
OpenGLStoredQt (OGLSQt, OGL, OGLS)
OpenGLImmediateXm (OGLIXm, OGLIQt_FALLBACK)
OpenGLStoredXm (OGLSXm, OGLSQt_FALLBACK)
OpenGLImmediateX (OGLIX, OGLIQt_FALLBACK, OGLIXm_FALLBACK)
OpenGLStoredX (OGLSX, OGLSQt_FALLBACK, OGLSXm_FALLBACK)
RayTracerX (RayTracerX)

Registering model factories...

You have successfully registered the following model factories.
Registered model factories:
  generic
  drawByCharge
  drawByParticleID
  drawByOriginVolume
  drawByAttribute

Registered filter factories:
  chargeFilter
  particleFilter
  originVolumeFilter
  attributeFilter

You have successfully registered the following user vis actions.
Run Duration User Vis Actions: none
End of Event User Vis Actions: none
End of Run User Vis Actions: none

Some /vis commands (optionally) take a string to specify colour.
Available colours:
  black, blue, brown, cyan, gray, green, grey, magenta, red, white, yellow

/tracking/verbose 0
/run/verbose 1
/event/verbose 0
/random/setDirectoryName .
/random/setSavingFlag 1
/run/initialize
/run/beamOn 100
G4RunManagerKernel -- G4ScoreSplittingProcess is appended to all particles.

========= Table of registered couples ==============================

Index : 0     used in the geometry : Yes
 Material : Air
 Range cuts        :  gamma  700 um     e-  700 um     e+  700 um  proton 700 um 
 Energy thresholds :  gamma  990 eV     e-  990 eV     e+  990 eV  proton 70 keV
 Region(s) which use this couple : 
    DefaultRegionForTheWorld

Index : 1     used in the geometry : Yes
 Material : LungInhale
 Range cuts        :  gamma  700 um     e-  700 um     e+  700 um  proton 700 um 
 Energy thresholds :  gamma  1.32169 keV    e-  107.83 keV    e+  107.107 keV proton 70 keV
 Region(s) which use this couple : 
    DefaultRegionForTheWorld

Index : 2     used in the geometry : Yes
 Material : LungExhale
 Range cuts        :  gamma  700 um     e-  700 um     e+  700 um  proton 700 um 
 Energy thresholds :  gamma  1.89989 keV    e-  179.698 keV    e+  177.299 keV proton 70 keV
 Region(s) which use this couple : 
    DefaultRegionForTheWorld

Index : 3     used in the geometry : Yes
 Material : AdiposeTissue
 Range cuts        :  gamma  700 um     e-  700 um     e+  700 um  proton 700 um 
 Energy thresholds :  gamma  2.18784 keV    e-  276.265 keV    e+  268.938 keV proton 70 keV
 Region(s) which use this couple : 
    DefaultRegionForTheWorld

Index : 4     used in the geometry : Yes
 Material : Breast
 Range cuts        :  gamma  700 um     e-  700 um     e+  700 um  proton 700 um 
 Energy thresholds :  gamma  2.26261 keV    e-  276.265 keV    e+  272.577 keV proton 70 keV
 Region(s) which use this couple : 
    DefaultRegionForTheWorld

Index : 5     used in the geometry : Yes
 Material : Water
 Range cuts        :  gamma  700 um     e-  700 um     e+  700 um  proton 700 um 
 Energy thresholds :  gamma  2.51944 keV    e-  276.265 keV    e+  270.751 keV proton 70 keV
 Region(s) which use this couple : 
    DefaultRegionForTheWorld

Index : 6     used in the geometry : Yes
 Material : Muscle
 Range cuts        :  gamma  700 um     e-  700 um     e+  700 um  proton 700 um 
 Energy thresholds :  gamma  2.57075 keV    e-  287.632 keV    e+  280.946 keV proton 70 keV
 Region(s) which use this couple : 
    DefaultRegionForTheWorld

Index : 7     used in the geometry : Yes
 Material : TrabecularBone
 Range cuts        :  gamma  700 um     e-  700 um     e+  700 um  proton 700 um 
 Energy thresholds :  gamma  3.10297 keV    e-  303.518 keV    e+  297.46 keV proton 70 keV
 Region(s) which use this couple : 
    DefaultRegionForTheWorld

Index : 8     used in the geometry : Yes
 Material : Liver
 Range cuts        :  gamma  700 um     e-  700 um     e+  700 um  proton 700 um 
 Energy thresholds :  gamma  2.58809 keV    e-  287.632 keV    e+  281.891 keV proton 70 keV
 Region(s) which use this couple : 
    DefaultRegionForTheWorld

====================================================================

++ phantomSD/DoseDeposit id 0
### Run 0 starts.
### Run 0 start.
EV: 0
EV: 1
EV: 2
EV: 3
EV: 4
EV: 5
EV: 6
EV: 7
EV: 8
EV: 9
EV: 10
EV: 11
EV: 12
EV: 13
EV: 14
EV: 15
EV: 16
EV: 17
EV: 18
EV: 19
EV: 20
EV: 21
EV: 22
EV: 23
EV: 24
EV: 25
EV: 26
EV: 27
EV: 28
EV: 29
EV: 30
EV: 31
EV: 32
EV: 33
EV: 34
EV: 35
EV: 36
EV: 37
EV: 38
EV: 39
EV: 40
EV: 41
EV: 42
EV: 43
EV: 44
EV: 45
EV: 46
EV: 47
EV: 48
EV: 49
EV: 50
EV: 51
EV: 52
EV: 53
EV: 54
EV: 55
EV: 56
EV: 57
EV: 58
EV: 59
EV: 60
EV: 61
EV: 62
EV: 63
EV: 64
EV: 65
EV: 66
EV: 67
EV: 68
EV: 69
EV: 70
EV: 71
EV: 72
EV: 73
EV: 74
EV: 75
EV: 76
EV: 77
EV: 78
EV: 79
EV: 80
EV: 81
EV: 82
EV: 83
EV: 84
EV: 85
EV: 86
EV: 87
EV: 88
EV: 89
EV: 90
EV: 91
EV: 92
EV: 93
EV: 94
EV: 95
EV: 96
EV: 97
EV: 98
EV: 99
 Run terminated.
Run Summary
  Number of events processed : 100
  User=0.02s Real=0.03s Sys=0s

--------------------End of Global Run----------------------- 
 The run was 200 events 
LOCAL TOTAL DOSE : 	0 Gy
      TOTAL DOSE : 	1.11642e-06 Gy
 ###### EndOfRunAction ###### 
=============================================================
 Number of event processed : 200
=============================================================
 opened file dicom.out for dose output
     Voxel |   DoseDeposit  |
    8002     8.48299e-11 Gy
    8003     2.23508e-08 Gy
    8127     1.00446e-08 Gy
    8130     1.10366e-07 Gy
    8131     1.00286e-07 Gy
    8254     8.46714e-11 Gy
    8255     1.83198e-08 Gy
    8256     6.01932e-09 Gy
    8257     4.61277e-09 Gy
    8258     8.0558e-08 Gy
    8259     7.9113e-08 Gy
    24002     1.45868e-09 Gy
    24130     2.58639e-09 Gy
    24258     1.57292e-09 Gy
    24508     1.93428e-08 Gy
    24509     1.06297e-10 Gy
    24514     7.50494e-08 Gy
    24515     9.30203e-08 Gy
    24637     2.48446e-08 Gy
    24638     2.11817e-08 Gy
    24642     5.36576e-08 Gy
    24643     7.58565e-08 Gy
    40642     2.9554e-10 Gy
    40770     4.64633e-09 Gy
    40898     7.78397e-08 Gy
    40899     8.49878e-08 Gy
    41026     6.61027e-08 Gy
    41027     7.62014e-08 Gy
    41154     1.38578e-09 Gy
    41282     2.41042e-09 Gy
    41410     2.03699e-09 Gy
=============================================
 closed file dicom.out for dose output
Finished : End of Run Action 0
G4 kernel has come to Quit state.
================== Deleting memory pools ===================
Number of memory pools allocated: 11 of which, static: 0
Dynamic pools deleted: 11 / Total memory freed: 0.036 MB
============================================================
RunManagerKernel is deleted. Good bye :)
Graphics systems deleted.
Visualization Manager deleting...
