
*************************************************************
 Geant4 version Name: global-V09-01-19    (13-March-2009)
                      Copyright : Geant4 Collaboration
                      Reference : NIM A 506 (2003), 250-303
                            WWW : http://cern.ch/geant4
*************************************************************


***** Table : Nb of materials = 11 *****

 Material:    Mylar     density:  1.390 g/cm3   RadL:  28.743 cm   Nucl.Int.Length:  56.337 cm   Imean:  75.075 eV 
   --->  Element: Oxygen (O)   Z =  8.0   N =  16.0   A =  16.00 g/mole  ElmMassFraction:  33.30 %  ElmAbundance  18.18 %
   --->  Element: Carbon (C)   Z =  6.0   N =  12.0   A =  12.01 g/mole  ElmMassFraction:  62.49 %  ElmAbundance  45.45 %
   --->  Element: Hydrogen (H)   Z =  1.0   N =   1.0   A =   1.01 g/mole  ElmMassFraction:   4.20 %  ElmAbundance  36.36 %

 Material: Polypropelene     density: 910.000 mg/cm3  RadL:  49.214 cm   Nucl.Int.Length:  74.351 cm   Imean:  56.713 eV 
   --->  Element: Hydrogen (H)   Z =  1.0   N =   1.0   A =   1.01 g/mole  ElmMassFraction:  14.40 %  ElmAbundance  66.67 %
   --->  Element: Carbon (C)   Z =  6.0   N =  12.0   A =  12.01 g/mole  ElmMassFraction:  85.60 %  ElmAbundance  33.33 %

 Material:       Kr     density:  3.700 mg/cm3  RadL:  30.736 m    Nucl.Int.Length: 413.950 m    Imean: 352.800 eV   temperature: 273.15 K  pressure:   1.00 atm
   --->  Element: Kr ( )   Z = 36.0   N =  83.8   A =  83.80 g/mole  ElmMassFraction: 100.00 %  ElmAbundance 100.00 %

 Material:    Argon     density:  1.784 mg/cm3  RadL: 109.604 m    Nucl.Int.Length: 670.814 m    Imean: 187.200 eV   temperature: 273.15 K  pressure:   1.00 atm
   --->  Element: Argon (Ar)   Z = 18.0   N =  39.9   A =  39.95 g/mole  ElmMassFraction: 100.00 %  ElmAbundance 100.00 %

 Material:       N2     density:  1.251 mg/cm3  RadL: 303.846 m    Nucl.Int.Length: 674.714 m    Imean:  81.900 eV   temperature: 273.15 K  pressure:   1.00 atm
   --->  Element: Nitrogen (N)   Z =  7.0   N =  14.0   A =  14.01 g/mole  ElmMassFraction: 100.00 %  ElmAbundance 100.00 %

 Material:       O2     density:  1.429 mg/cm3  RadL: 239.621 m    Nucl.Int.Length: 617.219 m    Imean:  95.200 eV   temperature: 273.15 K  pressure:   1.00 atm
   --->  Element: Oxygen (O)   Z =  8.0   N =  16.0   A =  16.00 g/mole  ElmMassFraction: 100.00 %  ElmAbundance 100.00 %

 Material:      Air     density:  0.000 kg/m3   RadL: 28329263.098 km   Nucl.Int.Length: 66178546.991 km   Imean:  85.623 eV   temperature: 273.15 K  pressure:   0.00 atm
   --->  Element: Nitrogen (N)   Z =  7.0   N =  14.0   A =  14.01 g/mole  ElmMassFraction:  75.57 %  ElmAbundance  78.48 %
   --->  Element: Oxygen (O)   Z =  8.0   N =  16.0   A =  16.00 g/mole  ElmMassFraction:  23.15 %  ElmAbundance  21.05 %
   --->  Element: Argon (Ar)   Z = 18.0   N =  39.9   A =  39.95 g/mole  ElmMassFraction:   1.28 %  ElmAbundance   0.47 %

 Material:    Xenon     density:  5.858 mg/cm3  RadL:  14.478 m    Nucl.Int.Length: 303.666 m    Imean: 480.600 eV   temperature: 273.15 K  pressure:   1.00 atm
   --->  Element: Xenon ( )   Z = 54.0   N = 131.3   A = 131.29 g/mole  ElmMassFraction: 100.00 %  ElmAbundance 100.00 %

 Material:      CO2     density:  1.977 mg/cm3  RadL: 183.083 m    Nucl.Int.Length: 434.213 m    Imean:  90.164 eV   temperature: 273.15 K  pressure:   1.00 atm
   --->  Element: Carbon (C)   Z =  6.0   N =  12.0   A =  12.01 g/mole  ElmMassFraction:  27.29 %  ElmAbundance  33.33 %
   --->  Element: Oxygen (O)   Z =  8.0   N =  16.0   A =  16.00 g/mole  ElmMassFraction:  72.71 %  ElmAbundance  66.67 %

 Material:  Xe20CO2     density:  5.082 mg/cm3  RadL:  17.750 m    Nucl.Int.Length: 323.032 m    Imean: 411.175 eV   temperature: 273.15 K  pressure:   1.00 atm
   --->  Element: Xenon ( )   Z = 54.0   N = 131.3   A = 131.29 g/mole  ElmMassFraction:  92.20 %  ElmAbundance  56.91 %
   --->  Element: Carbon (C)   Z =  6.0   N =  12.0   A =  12.01 g/mole  ElmMassFraction:   2.13 %  ElmAbundance  14.36 %
   --->  Element: Oxygen (O)   Z =  8.0   N =  16.0   A =  16.00 g/mole  ElmMassFraction:   5.67 %  ElmAbundance  28.73 %

 Material:  Kr20CO2     density:  3.601 mg/cm3  RadL:  34.158 m    Nucl.Int.Length: 391.555 m    Imean: 297.188 eV   temperature: 273.15 K  pressure:   1.00 atm
   --->  Element: Kr ( )   Z = 36.0   N =  83.8   A =  83.80 g/mole  ElmMassFraction:  89.00 %  ElmAbundance  58.62 %
   --->  Element: Carbon (C)   Z =  6.0   N =  12.0   A =  12.01 g/mole  ElmMassFraction:   3.00 %  ElmAbundance  13.79 %
   --->  Element: Oxygen (O)   Z =  8.0   N =  16.0   A =  16.00 g/mole  ElmMassFraction:   8.00 %  ElmAbundance  27.59 %


Visualization Manager instantiating...
Visualization Manager initialising...
Registering graphics systems...

You have successfully registered the following graphics systems.
Current available graphics systems are:
  ASCIITree (ATree)
  DAWNFILE (DAWNFILE)
  G4HepRep (HepRepXML)
  G4HepRepFile (HepRepFile)
  RayTracer (RayTracer)
  VRML1FILE (VRML1FILE)
  VRML2FILE (VRML2FILE)
  OpenGLImmediateX (OGLIX)
  OpenGLStoredX (OGLSX)

Registering model factories...

You have successfully registered the following model factories.
Registered model factories:
  generic
  drawByCharge
  drawByParticleID
  drawByOriginVolume
  drawByAttribute

Registered filter factories:
  chargeFilter
  particleFilter
  originVolumeFilter
  attributeFilter


 The  WORLD   is made of 44000mm of Air, the transverse size (R) of the world is 22000 mm. 
 The ABSORBER is made of 1mm of Air, the transverse size (R) is 20000 mm. 
 Z position of the (middle of the) absorber 21990  mm.

 F01FieldSetup: magnetic field set to Uniform( (0.0033,0,0) ) 
G4ClassicalRK4 (default) is called
The minimal step is equal to 1 mm
F01PhysicsList::SetCuts:CutLength : 1 mm 

total time(SetCuts)=0 s 
G4ClassicalRK4 (default) is called
The minimal step is equal to 0.1 mm

phot:   for  gamma    SubType= 12
      ===== EM models for the G4Region  DefaultRegionForTheWorld ======
       PhotoElectric :     Emin=          0 eV         Emax=   100 TeV

compt:   for  gamma    SubType= 13
      Lambda tables from 100 eV  to 100 TeV in 84 bins, spline: 1
      ===== EM models for the G4Region  DefaultRegionForTheWorld ======
       Klein-Nishina :     Emin=          0 eV         Emax=   100 TeV

conv:   for  gamma    SubType= 14
      Lambda tables from 1.022 MeV to 100 TeV in 84 bins, spline: 1
      ===== EM models for the G4Region  DefaultRegionForTheWorld ======
       Bethe-Heitler :     Emin=          0 eV         Emax=   100 TeV

eIoni:   for  e-    SubType= 2
      dE/dx and range tables from 100 eV  to 100 TeV in 84 bins
      Lambda tables from threshold to 100 TeV in 84 bins, spline: 1
      finalRange(mm)= 1, dRoverRange= 0.2, integral: 1, fluct: 1, linLossLimit= 0.01
      ===== EM models for the G4Region  DefaultRegionForTheWorld ======
        MollerBhabha :     Emin=          0 eV         Emax=   100 TeV

eBrem:   for  e-    SubType= 3
      dE/dx and range tables from 100 eV  to 100 TeV in 84 bins
      Lambda tables from threshold to 100 TeV in 84 bins, spline: 1
      LPM flag: 1 for E > 1 GeV
      ===== EM models for the G4Region  DefaultRegionForTheWorld ======
               eBrem :     Emin=          0 eV         Emax=   1 GeV
            eBremRel :     Emin=          1 GeV        Emax=   100 TeV

eIoni:   for  e+    SubType= 2
      dE/dx and range tables from 100 eV  to 100 TeV in 84 bins
      Lambda tables from threshold to 100 TeV in 84 bins, spline: 1
      finalRange(mm)= 1, dRoverRange= 0.2, integral: 1, fluct: 1, linLossLimit= 0.01
      ===== EM models for the G4Region  DefaultRegionForTheWorld ======
        MollerBhabha :     Emin=          0 eV         Emax=   100 TeV

eBrem:   for  e+    SubType= 3
      dE/dx and range tables from 100 eV  to 100 TeV in 84 bins
      Lambda tables from threshold to 100 TeV in 84 bins, spline: 1
      LPM flag: 1 for E > 1 GeV
      ===== EM models for the G4Region  DefaultRegionForTheWorld ======
               eBrem :     Emin=          0 eV         Emax=   1 GeV
            eBremRel :     Emin=          1 GeV        Emax=   100 TeV

msc:   for proton    SubType= 10
      Lambda tables from 100 eV  to 100 TeV in 84 bins, spline: 1
      RangeFactor= 0.02, step limit type: 1, lateralDisplacement: 1, skin= 3, geomFactor= 2.5
      ===== EM models for the G4Region  DefaultRegionForTheWorld ======
         UrbanMscUni :     Emin=          0 eV         Emax=   100 TeV

hIoni:   for  proton    SubType= 2
      dE/dx and range tables from 100 eV  to 100 TeV in 84 bins
      Lambda tables from threshold to 100 TeV in 84 bins, spline: 1
      finalRange(mm)= 1, dRoverRange= 0.2, integral: 1, fluct: 1, linLossLimit= 0.01
      NuclearStopping= 1
      ===== EM models for the G4Region  DefaultRegionForTheWorld ======
               Bragg :     Emin=          0 eV         Emax=   2 MeV
          BetheBloch :     Emin=          2 MeV        Emax=   100 TeV

hIoni:   for  kaon+    SubType= 2
      dE/dx and range tables from 100 eV  to 100 TeV in 84 bins
      Lambda tables from threshold to 100 TeV in 84 bins, spline: 1
      finalRange(mm)= 1, dRoverRange= 0.2, integral: 1, fluct: 1, linLossLimit= 0.01
      NuclearStopping= 0
      ===== EM models for the G4Region  DefaultRegionForTheWorld ======
               Bragg :     Emin=          0 eV         Emax=   1.05231 MeV
          BetheBloch :     Emin=    1.05231 MeV        Emax=   100 TeV

hIoni:   for  kaon-    SubType= 2
      dE/dx and range tables from 100 eV  to 100 TeV in 84 bins
      Lambda tables from threshold to 100 TeV in 84 bins, spline: 1
      finalRange(mm)= 1, dRoverRange= 0.2, integral: 1, fluct: 1, linLossLimit= 0.01
      NuclearStopping= 0
      ===== EM models for the G4Region  DefaultRegionForTheWorld ======
               Bragg :     Emin=          0 eV         Emax=   1.05231 MeV
          BetheBloch :     Emin=    1.05231 MeV        Emax=   100 TeV

msc:   for mu+    SubType= 10
      Lambda tables from 100 eV  to 100 TeV in 84 bins, spline: 1
      RangeFactor= 0.02, step limit type: 1, lateralDisplacement: 1, skin= 3, geomFactor= 2.5
      ===== EM models for the G4Region  DefaultRegionForTheWorld ======
         UrbanMscUni :     Emin=          0 eV         Emax=   100 TeV

muIoni:   for  mu+    SubType= 2
      dE/dx and range tables from 100 eV  to 100 TeV in 84 bins
      Lambda tables from threshold to 100 TeV in 84 bins, spline: 1
      finalRange(mm)= 1, dRoverRange= 0.2, integral: 1, fluct: 1, linLossLimit= 0.01
      ===== EM models for the G4Region  DefaultRegionForTheWorld ======
               Bragg :     Emin=          0 eV         Emax=   200 keV
          BetheBloch :     Emin=        200 keV        Emax=   1 GeV
        MuBetheBloch :     Emin=          1 GeV        Emax=   100 TeV

muBrems:   for  mu+    SubType= 3
      dE/dx and range tables from 100 eV  to 100 TeV in 84 bins
      Lambda tables from threshold to 100 TeV in 84 bins, spline: 1
      ===== EM models for the G4Region  DefaultRegionForTheWorld ======
              MuBrem :     Emin=          0 eV         Emax=   100 TeV

muPairProd:   for  mu+    SubType= 4
      dE/dx and range tables from 100 eV  to 100 TeV in 84 bins
      Lambda tables from threshold to 100 TeV in 84 bins, spline: 1
      ===== EM models for the G4Region  DefaultRegionForTheWorld ======
          muPairProd :     Emin=          0 eV         Emax=   100 TeV

muIoni:   for  mu-    SubType= 2
      dE/dx and range tables from 100 eV  to 100 TeV in 84 bins
      Lambda tables from threshold to 100 TeV in 84 bins, spline: 1
      finalRange(mm)= 1, dRoverRange= 0.2, integral: 1, fluct: 1, linLossLimit= 0.01
      ===== EM models for the G4Region  DefaultRegionForTheWorld ======
               Bragg :     Emin=          0 eV         Emax=   200 keV
          BetheBloch :     Emin=        200 keV        Emax=   1 GeV
        MuBetheBloch :     Emin=          1 GeV        Emax=   100 TeV

muBrems:   for  mu-    SubType= 3
      dE/dx and range tables from 100 eV  to 100 TeV in 84 bins
      Lambda tables from threshold to 100 TeV in 84 bins, spline: 1
      ===== EM models for the G4Region  DefaultRegionForTheWorld ======
              MuBrem :     Emin=          0 eV         Emax=   100 TeV

muPairProd:   for  mu-    SubType= 4
      dE/dx and range tables from 100 eV  to 100 TeV in 84 bins
      Lambda tables from threshold to 100 TeV in 84 bins, spline: 1
      ===== EM models for the G4Region  DefaultRegionForTheWorld ======
          muPairProd :     Emin=          0 eV         Emax=   100 TeV

hIoni:   for  pi+    SubType= 2
      dE/dx and range tables from 100 eV  to 100 TeV in 84 bins
      Lambda tables from threshold to 100 TeV in 84 bins, spline: 1
      finalRange(mm)= 1, dRoverRange= 0.2, integral: 1, fluct: 1, linLossLimit= 0.01
      NuclearStopping= 0
      ===== EM models for the G4Region  DefaultRegionForTheWorld ======
               Bragg :     Emin=          0 eV         Emax=   297.504 keV
          BetheBloch :     Emin=    297.504 keV        Emax=   100 TeV

msc:   for pi-    SubType= 10
      Lambda tables from 100 eV  to 100 TeV in 84 bins, spline: 1
      RangeFactor= 0.02, step limit type: 1, lateralDisplacement: 1, skin= 3, geomFactor= 2.5
      ===== EM models for the G4Region  DefaultRegionForTheWorld ======
         UrbanMscUni :     Emin=          0 eV         Emax=   100 TeV

hIoni:   for  pi-    SubType= 2
      dE/dx and range tables from 100 eV  to 100 TeV in 84 bins
      Lambda tables from threshold to 100 TeV in 84 bins, spline: 1
      finalRange(mm)= 1, dRoverRange= 0.2, integral: 1, fluct: 1, linLossLimit= 0.01
      NuclearStopping= 0
      ===== EM models for the G4Region  DefaultRegionForTheWorld ======
               Bragg :     Emin=          0 eV         Emax=   297.504 keV
          BetheBloch :     Emin=    297.504 keV        Emax=   100 TeV

========= Table of registered couples ==============================

Index : 0     used in the geometry : Yes     recalculation needed : No 
 Material : Air
 Range cuts        :  gamma 1 mm     e- 1 mm     e+ 1 mm 
 Energy thresholds :  gamma 990 eV     e- 990 eV     e+ 990 eV 
 Region(s) which use this couple : 
    DefaultRegionForTheWorld

====================================================================

### Run 0 start.
WARNING: Scene "refresh" not found.
  /vis/scene/list to see scenes.
Start Run processing.

---> Begin of Event: 0

*********************************************************************************************************
* G4Track Information:   Particle = e-,   Track ID = 1,   Parent ID = 0
*********************************************************************************************************

Step#          X             Y             Z    Direction x      dir y      dir z      KineE     dEStep   StepLeng  TrakLeng    Volume     Process
    0          0 fm          0 fm    21.9895 m           0          0         -1      500 MeV     0 eV          0 fm          0 fm      World    initStep
    1          0 fm    1.01183 m     21.9895 m           0 8.81272e-13          1      500 MeV0.00387588 eV    1.58938 m     1.58938 m       World  Transportation
    2          0 fm    1.01183 m     21.9905 m           0 -0.00197661   0.999998      500 MeV2.43861e-06 eV          1 mm    1.59038 m    Absorber  Transportation
    3          0 fm    1.01172 m          22 m           0 -0.0207544   0.999785      500 MeV2.31686e-05 eV    9.50075 mm    1.59988 m  OutOfWorld  Transportation
Run terminated.
Run Summary
  Number of events processed : 1
  User=0s Real=0s Sys=0s
ERROR: G4VisCommandsViewerUpdate::SetNewValue: no current viewer.

========= Table of registered couples ==============================

Index : 0     used in the geometry : Yes     recalculation needed : No 
 Material : Air
 Range cuts        :  gamma 1 mm     e- 1 mm     e+ 1 mm 
 Energy thresholds :  gamma 990 eV     e- 990 eV     e+ 990 eV 
 Region(s) which use this couple : 
    DefaultRegionForTheWorld

====================================================================

### Run 1 start.
WARNING: Scene "refresh" not found.
  /vis/scene/list to see scenes.
Start Run processing.

---> Begin of Event: 0

*********************************************************************************************************
* G4Track Information:   Particle = e-,   Track ID = 1,   Parent ID = 0
*********************************************************************************************************

Step#          X             Y             Z    Direction x      dir y      dir z      KineE     dEStep   StepLeng  TrakLeng    Volume     Process
    0          0 fm          0 fm    21.9895 m           0          0         -1      250 MeV     0 eV          0 fm          0 fm      World    initStep
    1          0 fm    50.6432 cm    21.9895 m           0 1.17455e-09          1      250 MeV0.00183119 eV    79.5502 cm    79.5502 cm      World  Transportation
    2          0 fm     50.643 cm    21.9905 m           0 -0.0039492   0.999992      250 MeV2.30194e-06 eV          1 mm    79.6502 cm   Absorber  Transportation
    3          0 fm    50.6214 cm         22 m           0 -0.0414666    0.99914      250 MeV2.18753e-05 eV    9.50301 mm    80.6005 cm OutOfWorld  Transportation
Run terminated.
Run Summary
  Number of events processed : 1
  User=0s Real=0s Sys=0s
ERROR: G4VisCommandsViewerUpdate::SetNewValue: no current viewer.

========= Table of registered couples ==============================

Index : 0     used in the geometry : Yes     recalculation needed : No 
 Material : Air
 Range cuts        :  gamma 1 mm     e- 1 mm     e+ 1 mm 
 Energy thresholds :  gamma 990 eV     e- 990 eV     e+ 990 eV 
 Region(s) which use this couple : 
    DefaultRegionForTheWorld

====================================================================

### Run 2 start.
WARNING: Scene "refresh" not found.
  /vis/scene/list to see scenes.
Start Run processing.

---> Begin of Event: 0

*********************************************************************************************************
* G4Track Information:   Particle = e-,   Track ID = 1,   Parent ID = 0
*********************************************************************************************************

Step#          X             Y             Z    Direction x      dir y      dir z      KineE     dEStep   StepLeng  TrakLeng    Volume     Process
    0          0 fm          0 fm    21.9895 m           0          0         -1      200 MeV     0 eV          0 fm          0 fm      World    initStep
    1          0 fm    40.5352 cm    21.9895 m           0 -2.18033e-09          1      200 MeV0.00143729 eV    63.6725 cm    63.6725 cm      World  Transportation
    2          0 fm    40.5349 cm    21.9905 m           0 -0.00493399   0.999988      200 MeV2.25732e-06 eV          1 mm    63.7725 cm   Absorber  Transportation
    3          0 fm    40.5079 cm         22 m           0 -0.0518069   0.998657      200 MeV2.14551e-05 eV    9.50471 mm     64.723 cm OutOfWorld  Transportation
Run terminated.
Run Summary
  Number of events processed : 1
  User=0s Real=0s Sys=0s
ERROR: G4VisCommandsViewerUpdate::SetNewValue: no current viewer.

========= Table of registered couples ==============================

Index : 0     used in the geometry : Yes     recalculation needed : No 
 Material : Air
 Range cuts        :  gamma 1 mm     e- 1 mm     e+ 1 mm 
 Energy thresholds :  gamma 990 eV     e- 990 eV     e+ 990 eV 
 Region(s) which use this couple : 
    DefaultRegionForTheWorld

====================================================================

### Run 3 start.
WARNING: Scene "refresh" not found.
  /vis/scene/list to see scenes.
Start Run processing.

---> Begin of Event: 0

*********************************************************************************************************
* G4Track Information:   Particle = e-,   Track ID = 1,   Parent ID = 0
*********************************************************************************************************

Step#          X             Y             Z    Direction x      dir y      dir z      KineE     dEStep   StepLeng  TrakLeng    Volume     Process
    0          0 fm          0 fm    21.9895 m           0          0         -1      100 MeV     0 eV          0 fm          0 fm      World    initStep
    1          0 fm     20.319 cm    21.9895 m           0  9.914e-09          1      100 MeV0.000676634 eV    31.9171 cm    31.9171 cm      World  Transportation
    2          0 fm    20.3185 cm    21.9905 m           0 -0.00984297   0.999952      100 MeV2.12001e-06 eV    1.00002 mm    32.0171 cm   Absorber  Transportation
    3          0 fm    20.2645 cm         22 m           0  -0.103352   0.994645      100 MeV2.01797e-05 eV    9.51883 mm     32.969 cm OutOfWorld  Transportation
Run terminated.
Run Summary
  Number of events processed : 1
  User=0s Real=0s Sys=0s
ERROR: G4VisCommandsViewerUpdate::SetNewValue: no current viewer.

========= Table of registered couples ==============================

Index : 0     used in the geometry : Yes     recalculation needed : No 
 Material : Air
 Range cuts        :  gamma 1 mm     e- 1 mm     e+ 1 mm 
 Energy thresholds :  gamma 990 eV     e- 990 eV     e+ 990 eV 
 Region(s) which use this couple : 
    DefaultRegionForTheWorld

====================================================================

### Run 4 start.
WARNING: Scene "refresh" not found.
  /vis/scene/list to see scenes.
Start Run processing.

---> Begin of Event: 0

*********************************************************************************************************
* G4Track Information:   Particle = e-,   Track ID = 1,   Parent ID = 0
*********************************************************************************************************

Step#          X             Y             Z    Direction x      dir y      dir z      KineE     dEStep   StepLeng  TrakLeng    Volume     Process
    0          0 fm          0 fm    21.9895 m           0          0         -1       50 MeV     0 eV          0 fm          0 fm      World    initStep
    1          0 fm    10.2108 cm    21.9895 m           0 -7.69215e-09          1       50 MeV0.000318275 eV    16.0391 cm    16.0391 cm      World  Transportation
    2          0 fm    10.2098 cm    21.9905 m           0 -0.0195872   0.999808       50 MeV1.9845e-06 eV    1.00006 mm    16.1391 cm   Absorber  Transportation
    3          0 fm    10.1016 cm         22 m           0  -0.205667   0.978622       50 MeV1.90014e-05 eV     9.5755 mm    17.0966 cm OutOfWorld  Transportation
Run terminated.
Run Summary
  Number of events processed : 1
  User=0s Real=0s Sys=0s
ERROR: G4VisCommandsViewerUpdate::SetNewValue: no current viewer.
G4ClassicalRK4 (default) is called
The minimal step is equal to 0.1 mm
Setting Field strength to 1000 Gauss. Magnetic field vector is (0,0,1000) G 

========= Table of registered couples ==============================

Index : 0     used in the geometry : Yes     recalculation needed : No 
 Material : Air
 Range cuts        :  gamma 1 mm     e- 1 mm     e+ 1 mm 
 Energy thresholds :  gamma 990 eV     e- 990 eV     e+ 990 eV 
 Region(s) which use this couple : 
    DefaultRegionForTheWorld

====================================================================

### Run 5 start.
WARNING: Scene "refresh" not found.
  /vis/scene/list to see scenes.
Start Run processing.

---> Begin of Event: 0

*********************************************************************************************************
* G4Track Information:   Particle = e-,   Track ID = 1,   Parent ID = 0
*********************************************************************************************************

Step#          X             Y             Z    Direction x      dir y      dir z      KineE     dEStep   StepLeng  TrakLeng    Volume     Process
    0          0 fm          0 fm    21.9895 m           0          0         -1      500 MeV     0 eV          0 fm          0 fm      World    initStep
    1          0 fm          0 fm        -22 m           0          0         -1      500 MeV0.107273 eV    43.9895 m     43.9895 m  OutOfWorld  Transportation
Run terminated.
Run Summary
  Number of events processed : 1
  User=0s Real=0s Sys=0s
ERROR: G4VisCommandsViewerUpdate::SetNewValue: no current viewer.

========= Table of registered couples ==============================

Index : 0     used in the geometry : Yes     recalculation needed : No 
 Material : Air
 Range cuts        :  gamma 1 mm     e- 1 mm     e+ 1 mm 
 Energy thresholds :  gamma 990 eV     e- 990 eV     e+ 990 eV 
 Region(s) which use this couple : 
    DefaultRegionForTheWorld

====================================================================

### Run 6 start.
WARNING: Scene "refresh" not found.
  /vis/scene/list to see scenes.
Start Run processing.

---> Begin of Event: 0

---> Begin of Event: 10

---> Begin of Event: 20

---> Begin of Event: 30

---> Begin of Event: 40

---> Begin of Event: 50

---> Begin of Event: 60

---> Begin of Event: 70

---> Begin of Event: 80

---> Begin of Event: 90
Run terminated.
Run Summary
  Number of events processed : 100
  User=0s Real=0s Sys=0s
ERROR: G4VisCommandsViewerUpdate::SetNewValue: no current viewer.
Graphics systems deleted.
Visualization Manager deleting...
G4 kernel has come to Quit state.
