
        ############################################
        !!! WARNING - FPE detection is activated !!!
        ############################################

*************************************************************
 Geant4 version Name: geant4-09-06-ref-03    (15-March-2013)
                      Copyright : Geant4 Collaboration
                      Reference : NIM A 506 (2003), 250-303
                            WWW : http://cern.ch/geant4
*************************************************************

Vacuum H 1e-25 2.73 1.87245e-14
 fMaterial:Vacuum with formula: H added! 
     Nb of fMaterial = 1
     Nb of fIsotope =  0
     Nb of fElement =  1
Air N0.78-O0.22 0.00129 273.15 6.32421e+08
 fMaterial:Air with formula: N0.78-O0.22 added! 
     Nb of fMaterial = 2
     Nb of fIsotope =  0
     Nb of fElement =  3
Aluminium Al 2.7 273.15 6.32421e+08
 fMaterial:Aluminium with formula: Al added! 
     Nb of fMaterial = 3
     Nb of fIsotope =  0
     Nb of fElement =  4
Silicon Si 2.329 273.15 6.32421e+08
 fMaterial:Silicon with formula: Si added! 
     Nb of fMaterial = 4
     Nb of fIsotope =  0
     Nb of fElement =  5
Lead Pb 11.3 273.15 6.32421e+08
 fMaterial:Lead with formula: Pb added! 
     Nb of fMaterial = 5
     Nb of fIsotope =  0
     Nb of fElement =  6
Germanium Ge 5.323 273.15 6.32421e+08
 fMaterial:Germanium with formula: Ge added! 
     Nb of fMaterial = 6
     Nb of fIsotope =  0
     Nb of fElement =  7
CsI Cs-I 4.51 273.15 6.32421e+08
 fMaterial:CsI with formula: Cs-I added! 
     Nb of fMaterial = 7
     Nb of fIsotope =  0
     Nb of fElement =  9
Visualization Manager instantiating with verbosity "warnings (3)"...
Visualization Manager initialising...
Registering graphics systems...

You have successfully registered the following graphics systems.
Current available graphics systems are:
  ASCIITree (ATree)
  DAWNFILE (DAWNFILE)
  G4HepRep (HepRepXML)
  G4HepRepFile (HepRepFile)
  OpenGLImmediateQt (OGLI, OGLIQt)
  OpenGLImmediateX (OGLIX)
  OpenGLImmediateXm (OGLIXm, OGLI_FALLBACK, OGLIQt_FALLBACK)
  OpenGLStoredQt (OGL, OGLS, OGLSQt)
  OpenGLStoredX (OGLSX)
  OpenGLStoredXm (OGLSXm, OGL_FALLBACK, OGLS_FALLBACK, OGLSQt_FALLBACK)
  RayTracer (RayTracer)
  RayTracerX (RayTracerX)
  VRML1FILE (VRML1FILE)
  VRML2FILE (VRML2FILE)
  gMocrenFile (gMocrenFile)

Registering model factories...

You have successfully registered the following model factories.
Registered model factories:
  generic
  drawByCharge
  drawByParticleID
  drawByOriginVolume
  drawByAttribute

Registered filter factories:
  chargeFilter
  particleFilter
  originVolumeFilter
  attributeFilter

You have successfully registered the following user vis actions.
Run Duration User Vis Actions: none
End of Event User Vis Actions: none
End of Run User Vis Actions: none

Some /vis commands (optionally) take a string to specify colour.
Available colours:
  black, blue, brown, cyan, gray, green, grey, magenta, red, white, yellow


----> The target has been changed to 3 cm of Lead
WARNING: model G4LEDeuteronInelastic is being deprecated and will
disappear in Geant4 version 10.0
WARNING: model G4LETritonInelastic is being deprecated and will
disappear in Geant4 version 10.0
WARNING: model G4LEAlphaInelastic is being deprecated and will
disappear in Geant4 version 10.0
WARNING: model G4LENeutronInelastic is being deprecated and will
disappear in Geant4 version 10.0
/build/electric_commander/build/release/slc5-gcc43-RelWithDebInfo/data/G4NDL4.2
NeutronHP: /Capture file for Z = 8, A = 18 is not found and NeutronHP will use /build/electric_commander/build/release/slc5-gcc43-RelWithDebInfo/data/G4NDL4.2/Capture/CrossSection/8_17_Oxygen
NeutronHP: /Elastic file for Z = 8, A = 18 is not found and NeutronHP will use /build/electric_commander/build/release/slc5-gcc43-RelWithDebInfo/data/G4NDL4.2/Elastic/CrossSection/8_17_Oxygen
NeutronHP: /Inelastic file for Z = 8, A = 18 is not found and NeutronHP will use /build/electric_commander/build/release/slc5-gcc43-RelWithDebInfo/data/G4NDL4.2/Inelastic/CrossSection/8_17_Oxygen
NeutronHP: /Capture file for Z = 8, A = 18 is not found and NeutronHP will use /build/electric_commander/build/release/slc5-gcc43-RelWithDebInfo/data/G4NDL4.2/Capture/CrossSection/8_17_Oxygen
WARNING: model G4LEProtonInelastic is being deprecated and will
disappear in Geant4 version 10.0
WARNING: model G4LEPionPlusInelastic is being deprecated and will
disappear in Geant4 version 10.0
WARNING: model G4LEPionMinusInelastic is being deprecated and will
disappear in Geant4 version 10.0
WARNING: model G4LEKaonPlusInelastic is being deprecated and will
disappear in Geant4 version 10.0
WARNING: model G4LEKaonMinusInelastic is being deprecated and will
disappear in Geant4 version 10.0
WARNING: model G4LEKaonZeroInelastic is being deprecated and will
disappear in Geant4 version 10.0
WARNING: model G4LEAntiKaonZeroInelastic is being deprecated and will
disappear in Geant4 version 10.0
WARNING: model G4LEKaonZeroLInelastic is being deprecated and will
disappear in Geant4 version 10.0
WARNING: model G4LEKaonZeroInelastic is being deprecated and will
disappear in Geant4 version 10.0
WARNING: model G4LEAntiKaonZeroInelastic is being deprecated and will
disappear in Geant4 version 10.0
WARNING: model G4LEKaonZeroSInelastic is being deprecated and will
disappear in Geant4 version 10.0
WARNING: model G4LEAntiProtonInelastic is being deprecated and will
disappear in Geant4 version 10.0
WARNING: model G4HEAntiProtonInelastic is being deprecated and will
disappear in Geant4 version 10.0
WARNING: model G4LEAntiNeutronInelastic is being deprecated and will
disappear in Geant4 version 10.0
WARNING: model G4HEAntiNeutronInelastic is being deprecated and will
disappear in Geant4 version 10.0
WARNING: model G4LELambdaInelastic is being deprecated and will
disappear in Geant4 version 10.0
WARNING: model G4HELambdaInelastic is being deprecated and will
disappear in Geant4 version 10.0
WARNING: model G4LEAntiLambdaInelastic is being deprecated and will
disappear in Geant4 version 10.0
WARNING: model G4HEAntiLambdaInelastic is being deprecated and will
disappear in Geant4 version 10.0
WARNING: model G4LESigmaMinusInelastic is being deprecated and will
disappear in Geant4 version 10.0
WARNING: model G4HESigmaMinusInelastic is being deprecated and will
disappear in Geant4 version 10.0
WARNING: model G4LEAntiSigmaMinusInelastic is being deprecated and will
disappear in Geant4 version 10.0
WARNING: model G4HEAntiSigmaMinusInelastic is being deprecated and will
disappear in Geant4 version 10.0
WARNING: model G4LESigmaPlusInelastic is being deprecated and will
disappear in Geant4 version 10.0
WARNING: model G4HESigmaPlusInelastic is being deprecated and will
disappear in Geant4 version 10.0
WARNING: model G4LEAntiSigmaPlusInelastic is being deprecated and will
disappear in Geant4 version 10.0
WARNING: model G4HEAntiSigmaPlusInelastic is being deprecated and will
disappear in Geant4 version 10.0
WARNING: model G4LEXiMinusInelastic is being deprecated and will
disappear in Geant4 version 10.0
WARNING: model G4HEXiMinusInelastic is being deprecated and will
disappear in Geant4 version 10.0
WARNING: model G4LEAntiXiMinusInelastic is being deprecated and will
disappear in Geant4 version 10.0
WARNING: model G4HEAntiXiMinusInelastic is being deprecated and will
disappear in Geant4 version 10.0
WARNING: model G4LEXiZeroInelastic is being deprecated and will
disappear in Geant4 version 10.0
WARNING: model G4HEXiZeroInelastic is being deprecated and will
disappear in Geant4 version 10.0
WARNING: model G4LEAntiXiZeroInelastic is being deprecated and will
disappear in Geant4 version 10.0
WARNING: model G4HEAntiXiZeroInelastic is being deprecated and will
disappear in Geant4 version 10.0
WARNING: model G4LEOmegaMinusInelastic is being deprecated and will
disappear in Geant4 version 10.0
WARNING: model G4HEOmegaMinusInelastic is being deprecated and will
disappear in Geant4 version 10.0
WARNING: model G4LEAntiOmegaMinusInelastic is being deprecated and will
disappear in Geant4 version 10.0
WARNING: model G4HEAntiOmegaMinusInelastic is being deprecated and will
disappear in Geant4 version 10.0
### exrdmPhysicsList::ConstructProcess is done
world cuts are set
Target cuts are set
Detector cuts are set

### ===  Deexcitation model UAtomDeexcitation is activated for 1 region:
          DefaultRegionForTheWorld

### ===  Deexcitation model UAtomDeexcitation is activated for 1 region:
          DefaultRegionForTheWorld

====================================================================
                  HADRONIC PROCESSES SUMMARY (verbose level 1)

---------------------------------------------------
                           Hadronic Processes for GenericIon

  Process: ionInelastic
        Model:  Binary Light Ion Cascade: 0 eV  ---> 20 GeV
     Cr_sctns:          AxenWellischIonH: 0 eV  ---> 100 TeV
     Cr_sctns:                  IonsShen: 0 eV  ---> 100 TeV
     Cr_sctns:          GheishaInelastic: 0 eV  ---> 100 TeV

---------------------------------------------------
                           Hadronic Processes for anti_neutron

  Process: hadElastic
        Model:              hElasticLHEP: 0 eV  ---> 100 TeV
     Cr_sctns:            GheishaElastic: 0 eV  ---> 100 TeV

  Process: AntiNeutronInelastic
        Model:  G4LEAntiNeutronInelastic: 0 eV  ---> 25 GeV
        Model:  G4HEAntiNeutronInelastic: 20 GeV ---> 100 TeV
     Cr_sctns:              AntiAGlauber: 0 eV  ---> 2.88022e+295 J  
     Cr_sctns:          GheishaInelastic: 0 eV  ---> 100 TeV

---------------------------------------------------
                           Hadronic Processes for anti_proton

  Process: hadElastic
        Model:              hElasticLHEP: 0 eV  ---> 100 MeV
        Model:              AntiAElastic: 100 MeV ---> 100 TeV
     Cr_sctns:              AntiAGlauber: 0 eV  ---> 2.88022e+295 J  
     Cr_sctns:            GheishaElastic: 0 eV  ---> 100 TeV

  Process: AntiProtonInelastic
        Model:   G4LEAntiProtonInelastic: 0 eV  ---> 25 GeV
        Model:   G4HEAntiProtonInelastic: 20 GeV ---> 100 TeV
     Cr_sctns:              AntiAGlauber: 0 eV  ---> 2.88022e+295 J  
     Cr_sctns:          GheishaInelastic: 0 eV  ---> 100 TeV

  Process: hFritiofCaptureAtRest

---------------------------------------------------
                           Hadronic Processes for e+

  Process: PositronNuclear
        Model:   G4ElectroVDNuclearModel: 0 eV  ---> 1 PeV
     Cr_sctns:          ElectroNuclearXS: 0 eV  ---> 100 TeV
     Cr_sctns:          GheishaInelastic: 0 eV  ---> 100 TeV

---------------------------------------------------
                           Hadronic Processes for e-

  Process: ElectroNuclear
        Model:   G4ElectroVDNuclearModel: 0 eV  ---> 1 PeV
     Cr_sctns:          ElectroNuclearXS: 0 eV  ---> 100 TeV
     Cr_sctns:          GheishaInelastic: 0 eV  ---> 100 TeV

---------------------------------------------------
                           Hadronic Processes for gamma

  Process: PhotonInelastic
        Model:            BertiniCascade: 0 eV  ---> 3.5 GeV
        Model:           TheoFSGenerator: 3 GeV ---> 100 TeV
     Cr_sctns:            PhotoNuclearXS: 0 eV  ---> 100 TeV
     Cr_sctns:          GheishaInelastic: 0 eV  ---> 100 TeV

---------------------------------------------------
                           Hadronic Processes for kaon+

  Process: hadElastic
        Model:              hElasticLHEP: 0 eV  ---> 100 TeV
     Cr_sctns:            GheishaElastic: 0 eV  ---> 100 TeV

  Process: KaonPlusInelastic
        Model:                      QGSP: 12 GeV ---> 100 TeV
        Model:     G4LEKaonPlusInelastic: 0 eV  ---> 25 GeV
     Cr_sctns:  ChipsKaonPlusInelasticXS: 0 eV  ---> 100 TeV
     Cr_sctns:          GheishaInelastic: 0 eV  ---> 100 TeV

---------------------------------------------------
                           Hadronic Processes for kaon-

  Process: hadElastic
        Model:              hElasticLHEP: 0 eV  ---> 100 TeV
     Cr_sctns:            GheishaElastic: 0 eV  ---> 100 TeV

  Process: KaonMinusInelastic
        Model:                      QGSP: 12 GeV ---> 100 TeV
        Model:    G4LEKaonMinusInelastic: 0 eV  ---> 25 GeV
     Cr_sctns: ChipsKaonMinusInelasticXS: 0 eV  ---> 100 TeV
     Cr_sctns:          GheishaInelastic: 0 eV  ---> 100 TeV

  Process: hBertiniCaptureAtRest

---------------------------------------------------
                           Hadronic Processes for lambda

  Process: hadElastic
        Model:              hElasticLHEP: 0 eV  ---> 100 TeV
     Cr_sctns:            GheishaElastic: 0 eV  ---> 100 TeV

  Process: LambdaInelastic
        Model:       G4LELambdaInelastic: 0 eV  ---> 25 GeV
        Model:       G4HELambdaInelastic: 20 GeV ---> 100 TeV
     Cr_sctns:   ChipsHyperonInelasticXS: 0 eV  ---> 100 TeV
     Cr_sctns:          GheishaInelastic: 0 eV  ---> 100 TeV

---------------------------------------------------
                           Hadronic Processes for mu-

  Process: muMinusCaptureAtRest

---------------------------------------------------
                           Hadronic Processes for neutron

  Process: hadElastic
        Model:             hElasticCHIPS: 0 eV  ---> 100 TeV
     Cr_sctns:     ChipsNeutronElasticXS: 0 eV  ---> 100 TeV
     Cr_sctns:            GheishaElastic: 0 eV  ---> 100 TeV

  Process: NeutronInelastic
        Model:                      QGSP: 12 GeV ---> 100 TeV
        Model:      G4LENeutronInelastic: 9.5 GeV ---> 25 GeV
        Model:            Binary Cascade: 19.9 MeV ---> 9.9 GeV
        Model:        NeutronHPInelastic: 0 eV  ---> 20 MeV
     Cr_sctns:      NeutronHPInelasticXS: 0 eV  ---> 20 MeV
     Cr_sctns:       Barashenkov-Glauber: 0 eV  ---> 100 TeV
     Cr_sctns:          GheishaInelastic: 0 eV  ---> 100 TeV

  Process: nCapture
        Model:                G4LCapture: 19.9 MeV ---> 20 TeV
        Model:          NeutronHPCapture: 0 eV  ---> 20 MeV
     Cr_sctns:        NeutronHPCaptureXS: 0 eV  ---> 20 MeV
     Cr_sctns:          GheishaCaptureXS: 0 eV  ---> 100 TeV

  Process: nFission
        Model:                G4LFission: 19.9 MeV ---> 20 TeV
        Model:          NeutronHPFission: 0 eV  ---> 20 MeV
     Cr_sctns:        NeutronHPFissionXS: 0 eV  ---> 20 MeV
     Cr_sctns:          GheishaFissionXS: 0 eV  ---> 100 TeV

---------------------------------------------------
                           Hadronic Processes for pi+

  Process: hadElastic
        Model:              hElasticLHEP: 0 eV  ---> 1 GeV
        Model:           hElasticGlauber: 1 GeV ---> 100 TeV
     Cr_sctns:       Barashenkov-Glauber: 0 eV  ---> 100 TeV
     Cr_sctns:            GheishaElastic: 0 eV  ---> 100 TeV

  Process: PionPlusInelastic
        Model:                      QGSP: 12 GeV ---> 100 TeV
        Model:     G4LEPionPlusInelastic: 0 eV  ---> 25 GeV
     Cr_sctns:      G4CrossSectionPairGG: 0 eV  ---> 100 TeV
                         G4CrossSectionPairGG: G4PiNuclearCrossSection cross sections 
                           below 91 GeV, Glauber-Gribov above 
     Cr_sctns:          GheishaInelastic: 0 eV  ---> 100 TeV

---------------------------------------------------
                           Hadronic Processes for pi-

  Process: hadElastic
        Model:              hElasticLHEP: 0 eV  ---> 1 GeV
        Model:           hElasticGlauber: 1 GeV ---> 100 TeV
     Cr_sctns:       Barashenkov-Glauber: 0 eV  ---> 100 TeV
     Cr_sctns:            GheishaElastic: 0 eV  ---> 100 TeV

  Process: PionMinusInelastic
        Model:                      QGSP: 12 GeV ---> 100 TeV
        Model:    G4LEPionMinusInelastic: 0 eV  ---> 25 GeV
     Cr_sctns:      G4CrossSectionPairGG: 0 eV  ---> 100 TeV
                         G4CrossSectionPairGG: G4PiNuclearCrossSection cross sections 
                           below 91 GeV, Glauber-Gribov above 
     Cr_sctns:          GheishaInelastic: 0 eV  ---> 100 TeV

  Process: hBertiniCaptureAtRest

---------------------------------------------------
                           Hadronic Processes for proton

  Process: hadElastic
        Model:             hElasticCHIPS: 0 eV  ---> 100 TeV
     Cr_sctns:      ChipsProtonElasticXS: 0 eV  ---> 100 TeV
     Cr_sctns:            GheishaElastic: 0 eV  ---> 100 TeV

  Process: ProtonInelastic
        Model:                      QGSP: 12 GeV ---> 100 TeV
        Model:       G4LEProtonInelastic: 9.5 GeV ---> 25 GeV
        Model:            Binary Cascade: 0 eV  ---> 9.9 GeV
     Cr_sctns:       Barashenkov-Glauber: 0 eV  ---> 100 TeV
     Cr_sctns:          GheishaInelastic: 0 eV  ---> 100 TeV

================================================================

========= Table of registered couples ==============================

Index : 0     used in the geometry : Yes     recalculation needed : No 
 Material : Air
 Range cuts        :  gamma  1 mm     e-  1 mm     e+  1 mm  proton 1 mm 
 Energy thresholds :  gamma  990 eV     e-  990 eV     e+  990 eV  proton 100 keV
 Region(s) which use this couple : 
    DefaultRegionForTheWorld

Index : 1     used in the geometry : Yes     recalculation needed : No 
 Material : Lead
 Range cuts        :  gamma  10 cm     e-  10 cm     e+  10 cm  proton 10 cm 
 Energy thresholds :  gamma  2.10237 MeV    e-  430.674 MeV    e+  408.132 MeV proton 10 MeV
 Region(s) which use this couple : 
    Target

Index : 2     used in the geometry : Yes     recalculation needed : No 
 Material : Germanium
 Range cuts        :  gamma  50 cm     e-  50 cm     e+  50 cm  proton 50 cm 
 Energy thresholds :  gamma  10 GeV    e-  1.83883 GeV    e+  1.74258 GeV proton 50 MeV
 Region(s) which use this couple : 
    Detector

====================================================================

Root file: proton.root
ROOT Histo H10 Energy deposit (MeV) in the traget booked 
ROOT Histo H11 Energy deposit (MeV) in the detector booked 
ROOT Histo H12 Total energy spectrum (MeV) of the traget and detector booked 
ROOT Histo H13 Coincidence spectrum (MeV) between the traget and detector booked 
ROOT Histo H14 Anti-coincidence spectrum (MeV) in the traget booked 
ROOT Histo H15 Anti-coincidence spectrum (MeV) in the detector booked 
ROOT Histo H16 Decay emission spectrum (MeV) booked 
Creating Ntuple T1 in ROOT file: Emitted Particles
ROOT Ntuple tT1 Emitted Particles PID:Energy:Time:Weight booked 
Creating Ntuple T2 in ROOT file: RadioIsotopes
ROOT Ntuple tT2 RadioIsotopes PID:Time:Weight booked 
Creating Ntuple T3 in ROOT file: Energy Depositions
ROOT Ntuple tT3 Energy Depositions Energy:Time:Weight booked 
Creating Ntuple RDecayProducts in ROOT file: All Products of RDecay
ROOT Ntuple tRDecayProducts All Products of RDecay PID:Z:A:Energy:Time:Weight booked 
exrdmAnalysisManager: Histograms are booked and the run has been started
### Run : 0
ROOT: files writing...
ROOT: files closing...
exrdmAnalysisManager: Histograms have been saved!
Graphics systems deleted.
Visualization Manager deleting...
