8047     4.22589e-10
8048     1.41637e-08
8049     3.82232e-10
8130     9.89979e-08
8131     7.68656e-08
8258     6.58549e-08
8259     6.5052e-08
24175     2.01915e-08
24176     1.60805e-09
24304     2.93536e-09
24305     1.29375e-10
24433     1.63283e-11
24514     8.29125e-08
24515     8.33539e-08
24642     9.39937e-08
24643     6.27582e-08
40302     1.01819e-09
40430     8.63599e-10
40431     1.87418e-09
40559     1.41395e-10
40898     6.75043e-08
40899     6.9284e-08
41025     4.20812e-10
41026     6.83333e-08
41027     5.45139e-08
43032     1.28139e-10
