
*************************************************************
 Geant4 version Name: geant4-07-01-ref-01    (30-June-2005)
                      Copyright : Geant4 Collaboration
                      Reference : NIM A 506 (2003), 250-303
                            WWW : http://cern.ch/geant4
*************************************************************


***** Table : Nb of materials = 14 *****

 Material:      Air     density:  1.290 mg/cm3  temperature: 273.15 K  pressure:   1.00 atm  RadLength: 285.161 m  
   --->  Element: Nitrogen (N)   Z =  7.0   N =  14.0   A =  14.01 g/mole  fractionMass:  70.00 %  Abundance  72.71 %
   --->  Element: Oxygen (O)   Z =  8.0   N =  16.0   A =  16.00 g/mole  fractionMass:  30.00 %  Abundance  27.29 %

 Material: H2liquid     density: 70.800 mg/cm3  temperature: 273.15 K  pressure:   1.00 atm  RadLength:   8.923 m  
   --->  Element: Hydrogen (H)   Z =  1.0   N =   1.0   A =   1.01 g/mole  fractionMass: 100.00 %  Abundance 100.00 %

 Material:    Water H_2O   density:  1.000 g/cm3   temperature: 273.15 K  pressure:   1.00 atm  RadLength:  36.092 cm 
   --->  Element: Hydrogen (H)   Z =  1.0   N =   1.0   A =   1.01 g/mole  fractionMass:  11.21 %  Abundance  66.67 %
   --->  Element: Oxygen (O)   Z =  8.0   N =  16.0   A =  16.00 g/mole  fractionMass:  88.79 %  Abundance  33.33 %

 Material: liquidArgon     density:  1.390 g/cm3   temperature: 273.15 K  pressure:   1.00 atm  RadLength:  14.065 cm 
   --->  Element: liquidArgon ( )   Z = 18.0   N =  40.0   A =  39.95 g/mole  fractionMass: 100.00 %  Abundance 100.00 %

 Material: Aluminium     density:  2.700 g/cm3   temperature: 273.15 K  pressure:   1.00 atm  RadLength:   8.893 cm 
   --->  Element: Aluminium ( )   Z = 13.0   N =  27.0   A =  26.98 g/mole  fractionMass: 100.00 %  Abundance 100.00 %

 Material:  Silicon     density:  2.330 g/cm3   temperature: 273.15 K  pressure:   1.00 atm  RadLength:   9.368 cm 
   --->  Element: Silicon ( )   Z = 14.0   N =  28.1   A =  28.09 g/mole  fractionMass: 100.00 %  Abundance 100.00 %

 Material: Germanium     density:  5.323 g/cm3   temperature: 273.15 K  pressure:   1.00 atm  RadLength:   2.301 cm 
   --->  Element: Germanium ( )   Z = 32.0   N =  72.6   A =  72.61 g/mole  fractionMass: 100.00 %  Abundance 100.00 %

 Material:      NaI     density:  3.670 g/cm3   temperature: 273.15 K  pressure:   1.00 atm  RadLength:   2.586 cm 
   --->  Element: Sodium (Na)   Z = 11.0   N =  23.0   A =  22.99 g/mole  fractionMass:  15.34 %  Abundance  50.00 %
   --->  Element: Iodine (I)   Z = 53.0   N = 126.9   A = 126.90 g/mole  fractionMass:  84.66 %  Abundance  50.00 %

 Material:   Iodine     density:  4.930 g/cm3   temperature: 273.15 K  pressure:   1.00 atm  RadLength:   1.720 cm 
   --->  Element: Iodine (I)   Z = 53.0   N = 126.9   A = 126.90 g/mole  fractionMass: 100.00 %  Abundance 100.00 %

 Material:      BGO     density:  7.100 g/cm3   temperature: 273.15 K  pressure:   1.00 atm  RadLength:   1.123 cm 
   --->  Element: Oxygen (O)   Z =  8.0   N =  16.0   A =  16.00 g/mole  fractionMass:  15.41 %  Abundance  63.16 %
   --->  Element: Germanium (Ge)   Z = 32.0   N =  72.6   A =  72.59 g/mole  fractionMass:  17.48 %  Abundance  15.79 %
   --->  Element: Bismuth (Bi)   Z = 83.0   N = 209.0   A = 208.98 g/mole  fractionMass:  67.10 %  Abundance  21.05 %

 Material:     Iron     density:  7.870 g/cm3   temperature: 273.15 K  pressure:   1.00 atm  RadLength:   1.759 cm 
   --->  Element: Iron ( )   Z = 26.0   N =  55.9   A =  55.85 g/mole  fractionMass: 100.00 %  Abundance 100.00 %

 Material: Tungsten     density: 19.300 g/cm3   temperature: 273.15 K  pressure:   1.00 atm  RadLength:   3.504 mm 
   --->  Element: Tungsten ( )   Z = 74.0   N = 183.8   A = 183.85 g/mole  fractionMass: 100.00 %  Abundance 100.00 %

 Material:     Lead     density: 11.350 g/cm3   temperature: 273.15 K  pressure:   1.00 atm  RadLength:   5.612 mm 
   --->  Element: Lead ( )   Z = 82.0   N = 207.2   A = 207.19 g/mole  fractionMass: 100.00 %  Abundance 100.00 %

 Material:  Uranium     density: 18.950 g/cm3   temperature: 273.15 K  pressure:   1.00 atm  RadLength:   3.166 mm 
   --->  Element: Uranium ( )   Z = 92.0   N = 238.0   A = 238.03 g/mole  fractionMass: 100.00 %  Abundance 100.00 %


Visualization Manager instantiating...
Visualization Manager initialising...
Registering graphics systems...

You have successfully chosen to use the following graphics systems.
Current available graphics systems are:
  ASCIITree (ATree)
  DAWNFILE (DAWNFILE)
  GAGTree (GAGTree)
  G4HepRep (HepRepXML)
  G4HepRepFile (HepRepFile)
  RayTracer (RayTracer)
  VRML1FILE (VRML1FILE)
  VRML2FILE (VRML2FILE)
/run/verbose 2
#
/testem/det/setMat Water
/testem/det/setSize 100 m
#
/run/initialize
userDetector->Construct() start.

 The Box is 100 m   of Water
Water is registered to the default region.
physicsList->Construct() start.
physicsList->ConstructParticle() start.
physicsList->Construct() start.
physicsList->setCut() start.
#
/gun/energy 100 keV
#
/testem/event/printModulo 10000
#
/run/beamOn 100000

phot:  Total cross sections from Sandia parametrisation. 

compt:  Total cross sections has a good parametrisation from 10 KeV to (100/Z) GeV
      Sampling according Klein-Nishina model
      tables are built for  gamma
      Lambda tables from 100 eV  to 100 GeV in 90 bins.

conv:  Total cross sections has a good parametrisation from 1.5 MeV to 100 GeV for all Z;
      sampling secondary e+e- according to the Bethe-Heitler model
      tables are built for  gamma
      Lambda tables from 1.022 MeV to 100 GeV in 100 bins.

GammaToMuPair:  gamma->mu+mu- Bethe Heitler process.
        good cross section parametrization from 422.634 MeV to 1e+12 GeV for all Z.

msc:  Model variant of multiple scattering for e-
      Lambda tables from 100 eV  to 100 TeV in 120 bins.
      Boundary algorithm is active with facrange= 0.199

eIoni:   tables are built for  e-
      dE/dx and range tables from 100 eV  to 100 TeV in 120 bins.
      Lambda tables from threshold to 100 TeV in 120 bins.
      Delta cross sections from Moller+Bhabha, good description from 1 KeV to 100 GeV.
      Step function: finalRange(mm)= 1, dRoverRange= 1, integral: 1

eBrem:   tables are built for  e-
      dE/dx and range tables from 100 eV  to 100 TeV in 120 bins.
      Lambda tables from threshold to 100 TeV in 120 bins.
      Total cross sections from a parametrisation based on the EEDL data library. 
      Good description from 1 KeV to 100 GeV, log scale extrapolation above 100 GeV.

eIoni:   tables are built for  e+
      dE/dx and range tables from 100 eV  to 100 TeV in 120 bins.
      Lambda tables from threshold to 100 TeV in 120 bins.
      Delta cross sections from Moller+Bhabha, good description from 1 KeV to 100 GeV.
      Step function: finalRange(mm)= 1, dRoverRange= 1, integral: 1

eBrem:   tables are built for  e+
      dE/dx and range tables from 100 eV  to 100 TeV in 120 bins.
      Lambda tables from threshold to 100 TeV in 120 bins.
      Total cross sections from a parametrisation based on the EEDL data library. 
      Good description from 1 KeV to 100 GeV, log scale extrapolation above 100 GeV.

annihil:       Heilter model of formula of annihilation into 2 photons
      tables are built for  e+
      Lambda tables from 100 eV  to 100 TeV in 120 bins.

Region DefaultRegionForTheWorld
 Materials : Water 
 Production cuts :  gamma 1 mm     e- 1 mm     e+ 1 mm 

========= Table of registered couples ==============================

Index : 0     used in the geometry : Yes     recalculation needed : No 
 Material : Water
 Range cuts        :  gamma 1 mm     e- 1 mm     e+ 1 mm 
 Energy thresholds :  gamma 2.90186 keV    e- 347.138 keV    e+ 338.695 keV
 Region(s) which use this couple : 
    DefaultRegionForTheWorld

====================================================================

Start closing geometry.
G4GeometryManager::ReportVoxelStats -- Voxel Statistics

    Total memory consumed for geometry optimisation:   0 kByte
    Total CPU time elapsed for geometry optimisation: 0 seconds
### Run 0 start.

--------- Ranecu engine status ---------
 Initial seed (index) = 0
 Current couple of seeds = 9876, 54321
----------------------------------------
Start Run processing.

---> Begin of Event: 0

---> Begin of Event: 10000

---> Begin of Event: 20000

---> Begin of Event: 30000

---> Begin of Event: 40000

---> Begin of Event: 50000

---> Begin of Event: 60000

---> Begin of Event: 70000

---> Begin of Event: 80000

---> Begin of Event: 90000
Run terminated.
Run Summary
  Number of events processed : 100000
  User=46s Real=9.5e+02s Sys=63s

 The run consists of 100000 gamma of 100.00 keV through 100.00 m   of Water (density: 1.00 g/cm3 )

 Frequency of process calls --->	compt : 98355	phot : 1645

 MeanFreePath:   	6.08436 cm  +- 6.07180 cm 	massic: 6.08436 g/cm2 
 AttenuationCoef:	0.16436 cm^-1 			massic: 0.16436 cm2/g

 Mass AttenuationCoef for compt from G4EmCalculator: 	0.16230 cm2/g
 Mass AttenuationCoef for phot from G4EmCalculator: 	0.00269 cm2/g

 Sum of mass AttenuationCoef  from G4EmCalculator: 	0.16498 cm2/g

--------- Ranecu engine status ---------
 Initial seed (index) = 0
 Current couple of seeds = 1388766644, 882092427
----------------------------------------
Graphics systems deleted.
Visualization Manager deleting...
UserDetectorConstruction deleted.
UserPhysicsList deleted.
UserRunAction deleted.
UserPrimaryGenerator deleted.
G4 kernel has come to Quit state.
EventManager deleted.
UImanager deleted.
StateManager deleted.
RunManagerKernel is deleted.
RunManager is deleting.
