
        ############################################
        !!! WARNING - FPE detection is activated !!!
        ############################################

*************************************************************
 Geant4 version Name: geant4-10-03-beta-01    (30-June-2016)
                      Copyright : Geant4 Collaboration
                      Reference : NIM A 506 (2003), 250-303
                            WWW : http://cern.ch/geant4
*************************************************************

*** /run/numberOfThreads command is issued in sequential mode.
Command is ignored.
PhysicsList::AddPhysicsList: <dna>

---------------------------------------------------------
---> The tracking cut is set to 12 eV 
---> The Absorber is a sphere of 20 nm  radius of G4_WATER made of
 
 Material: G4_WATER H_2O   density:  1.000 g/cm3   RadL:  36.083 cm   Nucl.Int.Length:  75.375 cm 
                       Imean:  78.000 eV 

   --->  Element: H (H)   Z =  1.0   N =     1   A =  1.008 g/mole
         --->  Isotope:    H1   Z =  1   N =   1   A =   1.01 g/mole   abundance: 99.989 %
         --->  Isotope:    H2   Z =  1   N =   2   A =   2.01 g/mole   abundance:  0.011 %
          ElmMassFraction:  11.19 %  ElmAbundance  66.67 % 

   --->  Element: O (O)   Z =  8.0   N =    16   A = 15.999 g/mole
         --->  Isotope:   O16   Z =  8   N =  16   A =  15.99 g/mole   abundance: 99.757 %
         --->  Isotope:   O17   Z =  8   N =  17   A =  17.00 g/mole   abundance:  0.038 %
         --->  Isotope:   O18   Z =  8   N =  18   A =  18.00 g/mole   abundance:  0.205 %
          ElmMassFraction:  88.81 %  ElmAbundance  33.33 % 


---------------------------------------------------------

### ===  Deexcitation model UAtomDeexcitation is activated for 1 region:
          DefaultRegionForTheWorld  1  0  0
### ===  Ignore cuts flag:   0

phot:   for  gamma    SubType= 12  BuildTable= 0
      LambdaPrime table from 200 keV to 10 TeV in 54 bins 
      ===== EM models for the G4Region  DefaultRegionForTheWorld ======
 LivermorePhElectric :  Emin=        0 eV    Emax=        1 GeV   AngularGenSauterGavrila  FluoActive
       PhotoElectric :  Emin=        1 GeV   Emax=       10 TeV   AngularGenSauterGavrila  FluoActive

compt:   for  gamma    SubType= 13  BuildTable= 1
      Lambda table from 100 eV  to 1 MeV, 7 bins per decade, spline: 1
      LambdaPrime table from 1 MeV to 10 TeV in 49 bins 
      ===== EM models for the G4Region  DefaultRegionForTheWorld ======
    LivermoreCompton :  Emin=        0 eV    Emax=        1 GeV  FluoActive
       Klein-Nishina :  Emin=        1 GeV   Emax=       10 TeV

conv:   for  gamma    SubType= 14  BuildTable= 1
      Lambda table from 1.022 MeV to 10 TeV, 20 bins per decade, spline: 1
      ===== EM models for the G4Region  DefaultRegionForTheWorld ======
 LivermoreConversion :  Emin=        0 eV    Emax=        1 GeV
        BetheHeitler :  Emin=        1 GeV   Emax=       80 GeV
     BetheHeitlerLPM :  Emin=       80 GeV   Emax=       10 TeV

Rayl:   for  gamma    SubType= 11  BuildTable= 1
      Lambda table from 100 eV  to 100 keV, 7 bins per decade, spline: 0
      LambdaPrime table from 100 keV to 10 TeV in 56 bins 
      ===== EM models for the G4Region  DefaultRegionForTheWorld ======
   LivermoreRayleigh :  Emin=        0 eV    Emax=        1 GeV   CullenGenerator
   LivermoreRayleigh :  Emin=        1 GeV   Emax=       10 TeV   CullenGenerator

e-_G4DNAElectronSolvation:   for  e-    SubType= 58  BuildTable= 0
      ===== EM models for the G4Region  DefaultRegionForTheWorld ======
DNAOneStepThermalizationModel :  Emin=        0 eV    Emax=      7.4 eV 

e-_G4DNAElastic:   for  e-    SubType= 51  BuildTable= 0
 Total cross sections computed from DNAChampionElasticModel model
      ===== EM models for the G4Region  DefaultRegionForTheWorld ======
DNAChampionElasticModel :  Emin=        0 eV    Emax=        1 MeV

e-_G4DNAExcitation:   for  e-    SubType= 52  BuildTable= 0
 Total cross sections computed from DNABornExcitationModel
      ===== EM models for the G4Region  DefaultRegionForTheWorld ======
DNABornExcitationModel :  Emin=        0 eV    Emax=        1 MeV

e-_G4DNAIonisation:   for  e-    SubType= 53  BuildTable= 0
 Total cross sections computed from DNABornIonisationModel
      ===== EM models for the G4Region  DefaultRegionForTheWorld ======
DNABornIonisationModel :  Emin=        0 eV    Emax=        1 MeV   deltaBorn  FluoActive

e-_G4DNAVibExcitation:   for  e-    SubType= 54  BuildTable= 0
 Total cross sections computed from DNASancheExcitationModel
      ===== EM models for the G4Region  DefaultRegionForTheWorld ======
DNASancheExcitationModel :  Emin=        0 eV    Emax=      100 eV 

e-_G4DNAAttachment:   for  e-    SubType= 55  BuildTable= 0
 Total cross sections computed from DNAMeltonAttachmentModel
      ===== EM models for the G4Region  DefaultRegionForTheWorld ======
DNAMeltonAttachmentModel :  Emin=        0 eV    Emax=       13 eV 

msc:   for e+    SubType= 10
      RangeFactor= 0.04, stepLimitType: 3, latDisplacement: 1, skin= 1, geomFactor= 2.5
      ===== EM models for the G4Region  DefaultRegionForTheWorld ======
            UrbanMsc :  Emin=        0 eV    Emax=       10 TeV  Table with 77 bins Emin=    100 eV    Emax=     10 TeV

eIoni:   for  e+    SubType= 2
      dE/dx and range tables from 100 eV  to 10 TeV in 77 bins
      Lambda tables from threshold to 10 TeV, 7 bins per decade, spline: 1
      finalRange(mm)= 0.1, dRoverRange= 0.2, integral: 1, fluct: 1, linLossLimit= 0.01
      ===== EM models for the G4Region  DefaultRegionForTheWorld ======
        MollerBhabha :  Emin=        0 eV    Emax=       10 TeV

eBrem:   for  e+    SubType= 3
      dE/dx and range tables from 100 eV  to 10 TeV in 77 bins
      Lambda tables from threshold to 10 TeV, 7 bins per decade, spline: 1
      LPM flag: 1 for E > 1 GeV,  HighEnergyThreshold(GeV)= 10000
      ===== EM models for the G4Region  DefaultRegionForTheWorld ======
             eBremSB :  Emin=        0 eV    Emax=        1 GeV   DipBustGen
            eBremLPM :  Emin=        1 GeV   Emax=       10 TeV   DipBustGen

annihil:   for  e+, integral: 1     SubType= 5  BuildTable= 0
      ===== EM models for the G4Region  DefaultRegionForTheWorld ======
            eplus2gg :  Emin=        0 eV    Emax=       10 TeV

proton_G4DNAExcitation:   for  proton    SubType= 52  BuildTable= 0
 Total cross sections computed from DNAMillerGreenExcitationModel and DNABornExcitationModel models
      ===== EM models for the G4Region  DefaultRegionForTheWorld ======
DNAMillerGreenExcitationModel :  Emin=        0 eV    Emax=      500 keV
DNABornExcitationModel :  Emin=      500 keV   Emax=      100 MeV

proton_G4DNAIonisation:   for  proton    SubType= 53  BuildTable= 0
 Total cross sections computed from DNARuddIonisationModel and DNABornIonisationModel models
      ===== EM models for the G4Region  DefaultRegionForTheWorld ======
DNARuddIonisationModel :  Emin=        0 eV    Emax=      500 keV   deltaRudd  FluoActive
DNABornIonisationModel :  Emin=      500 keV   Emax=      100 MeV   deltaBorn  FluoActive

proton_G4DNAChargeDecrease:   for  proton    SubType= 56  BuildTable= 0
 Total cross sections computed from DNADingfelderChargeDecreaseModel model
      ===== EM models for the G4Region  DefaultRegionForTheWorld ======
DNADingfelderChargeDecreaseModel :  Emin=        0 eV    Emax=      100 MeV

GenericIon_G4DNAIonisation:   for  GenericIon    SubType= 53  BuildTable= 0
 Total cross sections computed from DNARuddIonisationExtendedModel
      ===== EM models for the G4Region  DefaultRegionForTheWorld ======
DNARuddIonisationExtendedModel :  Emin=        0 eV    Emax=        1 TeV   deltaRudd  FluoActive

alpha_G4DNAExcitation:   for  alpha    SubType= 52  BuildTable= 0
 Total cross sections computed from DNAMillerGreenExcitationModel
      ===== EM models for the G4Region  DefaultRegionForTheWorld ======
DNAMillerGreenExcitationModel :  Emin=        0 eV    Emax=      400 MeV

alpha_G4DNAIonisation:   for  alpha    SubType= 53  BuildTable= 0
 Total cross sections computed from DNARuddIonisationModel
      ===== EM models for the G4Region  DefaultRegionForTheWorld ======
DNARuddIonisationModel :  Emin=        0 eV    Emax=      400 MeV   deltaRudd  FluoActive

alpha_G4DNAChargeDecrease:   for  alpha    SubType= 56  BuildTable= 0
 Total cross sections computed from DNADingfelderChargeDecreaseModel model
      ===== EM models for the G4Region  DefaultRegionForTheWorld ======
DNADingfelderChargeDecreaseModel :  Emin=        0 eV    Emax=      400 MeV

 ======================== run summary =====================

 The run is 1000 e- of 100.00 eV  through a sphere of radius 20.00 nm of G4_WATER (density: 1.00 g/cm3 )

 Total Energy deposited        = 87.363 eV  +- 26.856 eV 

 S value                       = 417.695 Gy/Bq.s  +- 128.404 Gy/Bq.s 

 Track length of primary track = 10.727 nm  +- 9.510 nm 
 Projected range               = 1.234 nm  +- 9.073 nm 

 Nb of steps of primary track  = 34.28 +- 36.20

 Step size                     = 3.688 Ang +- 1.880 Ang

 ======================== run summary =====================

 The run is 1000 e- of 200.00 eV  through a sphere of radius 20.00 nm of G4_WATER (density: 1.00 g/cm3 )

 Total Energy deposited        = 161.276 eV  +- 64.439 eV 

 S value                       = 771.083 Gy/Bq.s  +- 308.092 Gy/Bq.s 

 Track length of primary track = 13.160 nm  +- 10.036 nm 
 Projected range               = 2.898 nm  +- 9.273 nm 

 Nb of steps of primary track  = 33.97 +- 34.30

 Step size                     = 4.904 Ang +- 2.625 Ang

 ======================== run summary =====================

 The run is 1000 e- of 300.00 eV  through a sphere of radius 20.00 nm of G4_WATER (density: 1.00 g/cm3 )

 Total Energy deposited        = 216.575 eV  +- 113.014 eV 

 S value                       = 1035.474 Gy/Bq.s  +- 540.334 Gy/Bq.s 

 Track length of primary track = 15.421 nm  +- 10.947 nm 
 Projected range               = 3.890 nm  +- 9.006 nm 

 Nb of steps of primary track  = 33.16 +- 34.58

 Step size                     = 6.545 Ang +- 4.256 Ang

 ======================== run summary =====================

 The run is 1000 e- of 400.00 eV  through a sphere of radius 20.00 nm of G4_WATER (density: 1.00 g/cm3 )

 Total Energy deposited        = 254.470 eV  +- 158.824 eV 

 S value                       = 1216.657 Gy/Bq.s  +- 759.362 Gy/Bq.s 

 Track length of primary track = 16.907 nm  +- 12.668 nm 
 Projected range               = 5.659 nm  +- 8.719 nm 

 Nb of steps of primary track  = 30.43 +- 35.66

 Step size                     = 8.382 Ang +- 5.444 Ang

 ======================== run summary =====================

 The run is 1000 e- of 500.00 eV  through a sphere of radius 20.00 nm of G4_WATER (density: 1.00 g/cm3 )

 Total Energy deposited        = 277.679 eV  +- 198.645 eV 

 S value                       = 1327.625 Gy/Bq.s  +- 949.748 Gy/Bq.s 

 Track length of primary track = 18.818 nm  +- 14.212 nm 
 Projected range               = 6.675 nm  +- 8.774 nm 

 Nb of steps of primary track  = 28.26 +- 34.94

 Step size                     = 1.028 nm  +- 6.364 Ang

 ======================== run summary =====================

 The run is 1000 e- of 600.00 eV  through a sphere of radius 20.00 nm of G4_WATER (density: 1.00 g/cm3 )

 Total Energy deposited        = 270.094 eV  +- 232.297 eV 

 S value                       = 1291.356 Gy/Bq.s  +- 1110.646 Gy/Bq.s 

 Track length of primary track = 19.117 nm  +- 15.942 nm 
 Projected range               = 8.154 nm  +- 8.405 nm 

 Nb of steps of primary track  = 24.87 +- 36.22

 Step size                     = 1.231 nm  +- 7.142 Ang

 ======================== run summary =====================

 The run is 1000 e- of 700.00 eV  through a sphere of radius 20.00 nm of G4_WATER (density: 1.00 g/cm3 )

 Total Energy deposited        = 254.711 eV  +- 239.318 eV 

 S value                       = 1217.811 Gy/Bq.s  +- 1144.215 Gy/Bq.s 

 Track length of primary track = 18.578 nm  +- 14.560 nm 
 Projected range               = 9.267 nm  +- 8.570 nm 

 Nb of steps of primary track  = 18.38 +- 26.55

 Step size                     = 1.466 nm  +- 8.301 Ang

 ======================== run summary =====================

 The run is 1000 e- of 800.00 eV  through a sphere of radius 20.00 nm of G4_WATER (density: 1.00 g/cm3 )

 Total Energy deposited        = 232.309 eV  +- 234.787 eV 

 S value                       = 1110.703 Gy/Bq.s  +- 1122.548 Gy/Bq.s 

 Track length of primary track = 18.235 nm  +- 13.885 nm 
 Projected range               = 10.324 nm  +- 8.350 nm 

 Nb of steps of primary track  = 15.03 +- 21.49

 Step size                     = 1.655 nm  +- 9.126 Ang

 ======================== run summary =====================

 The run is 1000 e- of 900.00 eV  through a sphere of radius 20.00 nm of G4_WATER (density: 1.00 g/cm3 )

 Total Energy deposited        = 215.733 eV  +- 241.834 eV 

 S value                       = 1031.450 Gy/Bq.s  +- 1156.242 Gy/Bq.s 

 Track length of primary track = 17.965 nm  +- 14.562 nm 
 Projected range               = 11.323 nm  +- 7.626 nm 

 Nb of steps of primary track  = 12.72 +- 17.18

 Step size                     = 1.873 nm  +- 1.084 nm 

 ======================== run summary =====================

 The run is 1000 e- of 1.00 keV through a sphere of radius 20.00 nm of G4_WATER (density: 1.00 g/cm3 )

 Total Energy deposited        = 203.039 eV  +- 242.793 eV 

 S value                       = 970.760 Gy/Bq.s  +- 1160.829 Gy/Bq.s 

 Track length of primary track = 18.110 nm  +- 14.181 nm 
 Projected range               = 11.849 nm  +- 6.997 nm 

 Nb of steps of primary track  = 11.68 +- 18.61

 Step size                     = 2.091 nm  +- 1.107 nm 

 ======================== run summary =====================

 The run is 1000 e- of 2.00 keV through a sphere of radius 20.00 nm of G4_WATER (density: 1.00 g/cm3 )

 Total Energy deposited        = 103.990 eV  +- 142.686 eV 

 S value                       = 497.192 Gy/Bq.s  +- 682.203 Gy/Bq.s 

 Track length of primary track = 15.864 nm  +- 10.575 nm 
 Projected range               = 14.112 nm  +- 5.131 nm 

 Nb of steps of primary track  = 4.86 +- 3.38

 Step size                     = 3.581 nm  +- 2.231 nm 

 ======================== run summary =====================

 The run is 1000 e- of 3.00 keV through a sphere of radius 20.00 nm of G4_WATER (density: 1.00 g/cm3 )

 Total Energy deposited        = 67.625 eV  +- 110.592 eV 

 S value                       = 323.326 Gy/Bq.s  +- 528.758 Gy/Bq.s 

 Track length of primary track = 15.298 nm  +- 9.982 nm 
 Projected range               = 14.573 nm  +- 4.547 nm 

 Nb of steps of primary track  = 3.60 +- 2.41

 Step size                     = 4.721 nm  +- 3.238 nm 

 ======================== run summary =====================

 The run is 1000 e- of 4.00 keV through a sphere of radius 20.00 nm of G4_WATER (density: 1.00 g/cm3 )

 Total Energy deposited        = 50.945 eV  +- 89.389 eV 

 S value                       = 243.575 Gy/Bq.s  +- 427.383 Gy/Bq.s 

 Track length of primary track = 15.465 nm  +- 10.191 nm 
 Projected range               = 14.861 nm  +- 4.028 nm 

 Nb of steps of primary track  = 3.07 +- 2.01

 Step size                     = 5.566 nm  +- 3.757 nm 

 ======================== run summary =====================

 The run is 1000 e- of 5.00 keV through a sphere of radius 20.00 nm of G4_WATER (density: 1.00 g/cm3 )

 Total Energy deposited        = 49.646 eV  +- 98.200 eV 

 S value                       = 237.362 Gy/Bq.s  +- 469.509 Gy/Bq.s 

 Track length of primary track = 15.825 nm  +- 10.126 nm 
 Projected range               = 15.011 nm  +- 4.048 nm 

 Nb of steps of primary track  = 2.75 +- 1.76

 Step size                     = 6.386 nm  +- 4.608 nm 

 ======================== run summary =====================

 The run is 1000 e- of 6.00 keV through a sphere of radius 20.00 nm of G4_WATER (density: 1.00 g/cm3 )

 Total Energy deposited        = 39.729 eV  +- 92.569 eV 

 S value                       = 189.952 Gy/Bq.s  +- 442.587 Gy/Bq.s 

 Track length of primary track = 15.245 nm  +- 9.871 nm 
 Projected range               = 14.810 nm  +- 4.021 nm 

 Nb of steps of primary track  = 2.45 +- 1.55

 Step size                     = 6.861 nm  +- 4.731 nm 

 ======================== run summary =====================

 The run is 1000 e- of 7.00 keV through a sphere of radius 20.00 nm of G4_WATER (density: 1.00 g/cm3 )

 Total Energy deposited        = 32.831 eV  +- 71.998 eV 

 S value                       = 156.969 Gy/Bq.s  +- 344.234 Gy/Bq.s 

 Track length of primary track = 15.100 nm  +- 9.796 nm 
 Projected range               = 14.865 nm  +- 4.029 nm 

 Nb of steps of primary track  = 2.22 +- 1.39

 Step size                     = 7.661 nm  +- 5.637 nm 

 ======================== run summary =====================

 The run is 1000 e- of 8.00 keV through a sphere of radius 20.00 nm of G4_WATER (density: 1.00 g/cm3 )

 Total Energy deposited        = 28.072 eV  +- 60.526 eV 

 S value                       = 134.214 Gy/Bq.s  +- 289.381 Gy/Bq.s 

 Track length of primary track = 15.047 nm  +- 9.658 nm 
 Projected range               = 15.029 nm  +- 3.877 nm 

 Nb of steps of primary track  = 2.09 +- 1.27

 Step size                     = 7.930 nm  +- 5.515 nm 

 ======================== run summary =====================

 The run is 1000 e- of 9.00 keV through a sphere of radius 20.00 nm of G4_WATER (density: 1.00 g/cm3 )

 Total Energy deposited        = 28.615 eV  +- 70.473 eV 

 S value                       = 136.813 Gy/Bq.s  +- 336.940 Gy/Bq.s 

 Track length of primary track = 15.087 nm  +- 9.554 nm 
 Projected range               = 15.030 nm  +- 3.938 nm 

 Nb of steps of primary track  = 2.00 +- 1.18

 Step size                     = 8.424 nm  +- 5.991 nm 

 ======================== run summary =====================

 The run is 1000 e- of 10.00 keV through a sphere of radius 20.00 nm of G4_WATER (density: 1.00 g/cm3 )

 Total Energy deposited        = 25.880 eV  +- 73.835 eV 

 S value                       = 123.734 Gy/Bq.s  +- 353.015 Gy/Bq.s 

 Track length of primary track = 15.081 nm  +- 10.084 nm 
 Projected range               = 14.867 nm  +- 4.026 nm 

 Nb of steps of primary track  = 1.88 +- 1.10

 Step size                     = 8.887 nm  +- 6.808 nm 
