
        ############################################
        !!! WARNING - FPE detection is activated !!!
        ############################################

*************************************************************
 Geant4 version Name: geant4-10-01-patch-03    (5-February-2016)
                      Copyright : Geant4 Collaboration
                      Reference : NIM A 506 (2003), 250-303
                            WWW : http://cern.ch/geant4
*************************************************************


***** Table : Nb of materials = 6 *****

 Material:    G4_Be    density:  1.848 g/cm3   RadL:  35.276 cm   Nucl.Int.Length:  39.449 cm 
                       Imean:  63.700 eV 

   --->  Element: Be (Be)   Z =  4.0   N =   9.0   A =   9.01 g/mole
         --->  Isotope:   Be9   Z =  4   N =   9   A =   9.01 g/mole   abundance: 100.00 %
          ElmMassFraction: 100.00 %  ElmAbundance 100.00 % 


 Material:     G4_W    density: 19.300 g/cm3   RadL:   3.504 mm   Nucl.Int.Length:  10.310 cm 
                       Imean: 727.000 eV 

   --->  Element: W (W)   Z = 74.0   N = 183.9   A = 183.84 g/mole
         --->  Isotope:  W180   Z = 74   N = 180   A = 179.95 g/mole   abundance:   0.12 %
         --->  Isotope:  W182   Z = 74   N = 182   A = 181.95 g/mole   abundance:  26.50 %
         --->  Isotope:  W183   Z = 74   N = 183   A = 182.95 g/mole   abundance:  14.31 %
         --->  Isotope:  W184   Z = 74   N = 184   A = 183.95 g/mole   abundance:  30.64 %
         --->  Isotope:  W186   Z = 74   N = 186   A = 185.95 g/mole   abundance:  28.43 %
          ElmMassFraction: 100.00 %  ElmAbundance 100.00 % 


 Material:    G4_He    density:  0.166 kg/m3   RadL:   5.671 km   Nucl.Int.Length:   3.343 km 
                       Imean:  41.800 eV   temperature: 293.15 K  pressure:   1.00 atm

   --->  Element: He (He)   Z =  2.0   N =   4.0   A =   4.00 g/mole
         --->  Isotope:   He3   Z =  2   N =   3   A =   3.02 g/mole   abundance:   0.00 %
         --->  Isotope:   He4   Z =  2   N =   4   A =   4.00 g/mole   abundance: 100.00 %
          ElmMassFraction: 100.00 %  ElmAbundance 100.00 % 


 Material: G4_WATER H_2O   density:  1.000 g/cm3   RadL:  36.083 cm   Nucl.Int.Length:  75.504 cm 
                       Imean:  78.000 eV 

   --->  Element: H (H)   Z =  1.0   N =   1.0   A =   1.01 g/mole
         --->  Isotope:    H1   Z =  1   N =   1   A =   1.01 g/mole   abundance:  99.99 %
         --->  Isotope:    H2   Z =  1   N =   2   A =   2.01 g/mole   abundance:   0.01 %
          ElmMassFraction:  11.19 %  ElmAbundance  66.67 % 

   --->  Element: O (O)   Z =  8.0   N =  16.0   A =  16.00 g/mole
         --->  Isotope:   O16   Z =  8   N =  16   A =  15.99 g/mole   abundance:  99.76 %
         --->  Isotope:   O17   Z =  8   N =  17   A =  17.00 g/mole   abundance:   0.04 %
         --->  Isotope:   O18   Z =  8   N =  18   A =  18.00 g/mole   abundance:   0.20 %
          ElmMassFraction:  88.81 %  ElmAbundance  33.33 % 


 Material:   G4_AIR    density:  1.205 mg/cm3  RadL: 303.921 m    Nucl.Int.Length: 710.137 m  
                       Imean:  85.700 eV   temperature: 293.15 K  pressure:   1.00 atm

   --->  Element: C (C)   Z =  6.0   N =  12.0   A =  12.01 g/mole
         --->  Isotope:   C12   Z =  6   N =  12   A =  12.00 g/mole   abundance:  98.93 %
         --->  Isotope:   C13   Z =  6   N =  13   A =  13.00 g/mole   abundance:   1.07 %
          ElmMassFraction:   0.01 %  ElmAbundance   0.02 % 

   --->  Element: N (N)   Z =  7.0   N =  14.0   A =  14.01 g/mole
         --->  Isotope:   N14   Z =  7   N =  14   A =  14.00 g/mole   abundance:  99.63 %
         --->  Isotope:   N15   Z =  7   N =  15   A =  15.00 g/mole   abundance:   0.37 %
          ElmMassFraction:  75.53 %  ElmAbundance  78.44 % 

   --->  Element: O (O)   Z =  8.0   N =  16.0   A =  16.00 g/mole
         --->  Isotope:   O16   Z =  8   N =  16   A =  15.99 g/mole   abundance:  99.76 %
         --->  Isotope:   O17   Z =  8   N =  17   A =  17.00 g/mole   abundance:   0.04 %
         --->  Isotope:   O18   Z =  8   N =  18   A =  18.00 g/mole   abundance:   0.20 %
          ElmMassFraction:  23.18 %  ElmAbundance  21.07 % 

   --->  Element: Ar (Ar)   Z = 18.0   N =  40.0   A =  39.95 g/mole
         --->  Isotope:  Ar36   Z = 18   N =  36   A =  35.97 g/mole   abundance:   0.34 %
         --->  Isotope:  Ar38   Z = 18   N =  38   A =  37.96 g/mole   abundance:   0.06 %
         --->  Isotope:  Ar40   Z = 18   N =  40   A =  39.96 g/mole   abundance:  99.60 %
          ElmMassFraction:   1.28 %  ElmAbundance   0.47 % 


 Material: G4_MYLAR    density:  1.400 g/cm3   RadL:  28.536 cm   Nucl.Int.Length:  55.960 cm 
                       Imean:  78.700 eV 

   --->  Element: C (C)   Z =  6.0   N =  12.0   A =  12.01 g/mole
         --->  Isotope:   C12   Z =  6   N =  12   A =  12.00 g/mole   abundance:  98.93 %
         --->  Isotope:   C13   Z =  6   N =  13   A =  13.00 g/mole   abundance:   1.07 %
          ElmMassFraction:  62.50 %  ElmAbundance  45.45 % 

   --->  Element: H (H)   Z =  1.0   N =   1.0   A =   1.01 g/mole
         --->  Isotope:    H1   Z =  1   N =   1   A =   1.01 g/mole   abundance:  99.99 %
         --->  Isotope:    H2   Z =  1   N =   2   A =   2.01 g/mole   abundance:   0.01 %
          ElmMassFraction:   4.20 %  ElmAbundance  36.36 % 

   --->  Element: O (O)   Z =  8.0   N =  16.0   A =  16.00 g/mole
         --->  Isotope:   O16   Z =  8   N =  16   A =  15.99 g/mole   abundance:  99.76 %
         --->  Isotope:   O17   Z =  8   N =  17   A =  17.00 g/mole   abundance:   0.04 %
         --->  Isotope:   O18   Z =  8   N =  18   A =  18.00 g/mole   abundance:   0.20 %
          ElmMassFraction:  33.30 %  ElmAbundance  18.18 % 



### PhysicsList Construte Particles
/run/verbose 1
/tracking/verbose 0
/event/verbose 0
/testem/verbose 0
#
/testem/phys/addPhysics emstandard
### PhysicsList Add Physics <emstandard> 
#/testem/phys/addPhysics      emstandard_opt2
#/testem/phys/addPhysics       empenelope
#/testem/phys/addPhysics       emlivermore
#/testem/phys/addPhysics      step_limit
#
/testem/target1Material G4_Be
/testem/target2Material G4_W
/testem/target1Z 9 mm
/run/geometryModified
/testem/target2Z 6 mm
/run/geometryModified
#
#/testem/histoName            be_w_st
#
#/testem/stepMax               1.0  mm
#
/gun/particle e-
/gun/energy 50.0 MeV
#
/run/initialize
===================================================
#           GammaTherapy Geometry                 #
===================================================
  World   width= 747 mm 
  Window  width= 0.05 mm    position = -622.525 mm:
  TargetV width= 45.001 mm  position = -600 mm:
  Target1 width= 9 mm       position = 11.9995 mm:
  Target2 width= 6 mm       position = 19.4995 mm:
  Gas     width= 705 mm     position = -224.999 mm:
  Mylar   width= 0.02 mm    position = 127.512 mm:
  Check   width= 0.1 mm     position = 327.551 mm:
  Air     width= 210 mm 
  Phantom width= 300 mm     position = 487.501 mm:
  Absorb  width= 5 mm       position = -77.5 mm:
  Absorb  shift= 337.501 mm 
  Target1        G4_Be
  Target2        G4_W
  Phantom        G4_WATER
===================================================
Phantom R= 200 dz= 150
Absorber R= 200 dz= 2.5 posZ= -77.5
### PhysicsList Construte Processes
#
/run/setCut 0.1 mm
#
/run/beamOn 10000

========= Table of registered couples ==============================

Index : 0     used in the geometry : Yes
 Material : G4_AIR
 Range cuts        :  gamma  100 um     e-  100 um     e+  100 um  proton 100 um 
 Energy thresholds :  gamma  990 eV     e-  990 eV     e+  990 eV  proton 10 keV
 Region(s) which use this couple : 
    DefaultRegionForTheWorld

Index : 1     used in the geometry : Yes
 Material : G4_Be
 Range cuts        :  gamma  100 um     e-  100 um     e+  100 um  proton 100 um 
 Energy thresholds :  gamma  1.05172 keV    e-  109.289 keV    e+  107.83 keV proton 10 keV
 Region(s) which use this couple : 
    DefaultRegionForTheWorld

Index : 2     used in the geometry : Yes
 Material : G4_He
 Range cuts        :  gamma  100 um     e-  100 um     e+  100 um  proton 100 um 
 Energy thresholds :  gamma  990 eV     e-  990 eV     e+  990 eV  proton 10 keV
 Region(s) which use this couple : 
    DefaultRegionForTheWorld

Index : 3     used in the geometry : Yes
 Material : G4_W
 Range cuts        :  gamma  100 um     e-  100 um     e+  100 um  proton 100 um 
 Energy thresholds :  gamma  36.0599 keV    e-  351.877 keV    e+  337.972 keV proton 10 keV
 Region(s) which use this couple : 
    DefaultRegionForTheWorld

Index : 4     used in the geometry : Yes
 Material : G4_MYLAR
 Range cuts        :  gamma  100 um     e-  100 um     e+  100 um  proton 100 um 
 Energy thresholds :  gamma  1.21113 keV    e-  99.4755 keV    e+  98.1475 keV proton 10 keV
 Region(s) which use this couple : 
    DefaultRegionForTheWorld

Index : 5     used in the geometry : Yes
 Material : G4_WATER
 Range cuts        :  gamma  100 um     e-  100 um     e+  100 um  proton 100 um 
 Energy thresholds :  gamma  1.10981 keV    e-  84.6589 keV    e+  83.5287 keV proton 10 keV
 Region(s) which use this couple : 
    DefaultRegionForTheWorld

====================================================================

### Run 0 starts.
### Run 0 start
### Histo start initialisation nHisto= 10
   80 bins R   stepR= 2.5 mm 
   60 bins Z   stepZ= 5 mm 
   200 bins E   stepE= 0.25 MeV 
   14-th bin in Z is used for R distribution
 Run terminated.
Run Summary
  Number of events processed : 10000
  User=9.49s Real=9.51s Sys=0s
RunAction: End of run actions are started
Histo: End of run actions are started
========================================================
Number of events                             10000
Average number of e-                         33.29
Average number of gamma                      19.61
Average number of e+                         0.7745
Average number of steps in the phantom       12.02
Average number of e- steps in the target     17.99
Average number of g  produced in the target  18.73
Average number of e- produced in the target  20.89
Average number of g produced in the phantom  0.5205
Average number of e- produced in the phantom 6.067
Total fGamma fluence in front of the phantom 7.931 MeV 
========================================================


#
G4 kernel has come to Quit state.
================== Deleting memory pools ===================
Number of memory pools allocated: 10 of which, static: 0
Dynamic pools deleted: 10 / Total memory freed: 0.057 Mb
============================================================
RunManagerKernel is deleted. Good bye :)
