
        ############################################
        !!! WARNING - FPE detection is activated !!!
        ############################################

*************************************************************
 Geant4 version Name: geant4-09-04-ref-01    (17-December-2010)
                      Copyright : Geant4 Collaboration
                      Reference : NIM A 506 (2003), 250-303
                            WWW : http://cern.ch/geant4
*************************************************************

Visualization Manager instantiating with verbosity "warnings (3)"...
Visualization Manager initialising...
Registering graphics systems...

You have successfully registered the following graphics systems.
Current available graphics systems are:
  ASCIITree (ATree)
  DAWNFILE (DAWNFILE)
  G4HepRep (HepRepXML)
  G4HepRepFile (HepRepFile)
  RayTracer (RayTracer)
  VRML1FILE (VRML1FILE)
  VRML2FILE (VRML2FILE)
  gMocrenFile (gMocrenFile)
  OpenGLStoredX (OGL)
  OpenGLImmediateX (OGLI)
  OpenGLStoredX (OGLS)
  OpenGLImmediateX (OGLIX)
  OpenGLStoredX (OGLSX)

Registering model factories...

You have successfully registered the following model factories.
Registered model factories:
  generic
  drawByCharge
  drawByParticleID
  drawByOriginVolume
  drawByAttribute

Registered filter factories:
  chargeFilter
  particleFilter
  originVolumeFilter
  attributeFilter

### G4GoudsmitSaundersonTable loading PDF data
### G4GoudsmitSaundersonMscModel loading ELSEPA data

phot:   for  gamma    SubType= 12
      ===== EM models for the G4Region  DefaultRegionForTheWorld ======
 LivermorePhElectric :   Emin=        0 eV       Emax=          1 GeV
       PhotoElectric :   Emin=        1 GeV      Emax=         10 TeV

compt:   for  gamma    SubType= 13
      Lambda tables from 100 eV  to 10 TeV in 77 bins, spline: 1
      ===== EM models for the G4Region  DefaultRegionForTheWorld ======
    LivermoreCompton :   Emin=        0 eV       Emax=          1 GeV
       Klein-Nishina :   Emin=        1 GeV      Emax=         10 TeV

conv:   for  gamma    SubType= 14
      Lambda tables from 1.022 MeV to 10 TeV in 77 bins, spline: 1
      ===== EM models for the G4Region  DefaultRegionForTheWorld ======
 LivermoreConversion :   Emin=        0 eV       Emax=          1 GeV
        BetheHeitler :   Emin=        1 GeV      Emax=         10 TeV

Rayl:   for  gamma    SubType= 11
      Lambda tables from 100 eV  to 10 TeV in 200 bins, spline: 1
      ===== EM models for the G4Region  DefaultRegionForTheWorld ======
   LivermoreRayleigh :   Emin=        0 eV       Emax=          1 GeV
   LivermoreRayleigh :   Emin=        1 GeV      Emax=        100 GeV

e-_G4DNAElastic:   for  e-    SubType= 51
 Total cross sections computed from DNAScreenedRutherfordElasticModel model
      ===== EM models for the G4Region  DefaultRegionForTheWorld ======
DNAScreenedRutherfordElasticModel :   Emin=        0 eV       Emax=          1 MeV

e-_G4DNAExcitation:   for  e-    SubType= 51
 Total cross sections computed from DNABornExcitationModel
      ===== EM models for the G4Region  DefaultRegionForTheWorld ======
DNABornExcitationModel :   Emin=        0 eV       Emax=          1 MeV

e-_G4DNAIonisation:   for  e-    SubType= 51
 Total cross sections computed from DNABornIonisationModel
      ===== EM models for the G4Region  DefaultRegionForTheWorld ======
DNABornIonisationModel :   Emin=        0 eV       Emax=          1 MeV

e-_G4DNAVibExcitation:   for  e-    SubType= 51
 Total cross sections computed from DNASancheExcitationModel
      ===== EM models for the G4Region  DefaultRegionForTheWorld ======
DNASancheExcitationModel :   Emin=        0 eV       Emax=        100 eV 

e-_G4DNAAttachment:   for  e-    SubType= 51
 Total cross sections computed from DNAMeltonAttachmentModel
      ===== EM models for the G4Region  DefaultRegionForTheWorld ======
DNAMeltonAttachmentModel :   Emin=        0 eV       Emax=         13 eV 

eIoni:   for  e+    SubType= 2
      dE/dx and range tables from 100 eV  to 10 TeV in 77 bins
      Lambda tables from threshold to 10 TeV in 77 bins, spline: 1
      finalRange(mm)= 0.1, dRoverRange= 0.2, integral: 1, fluct: 1, linLossLimit= 0.01
      ===== EM models for the G4Region  DefaultRegionForTheWorld ======
        MollerBhabha :   Emin=        0 eV       Emax=         10 TeV

eBrem:   for  e+    SubType= 3
      dE/dx and range tables from 100 eV  to 10 TeV in 77 bins
      Lambda tables from threshold to 10 TeV in 77 bins, spline: 1
      LPM flag: 1 for E > 1 GeV
      ===== EM models for the G4Region  DefaultRegionForTheWorld ======
               eBrem :   Emin=        0 eV       Emax=          1 GeV  AngularGenUrban
            eBremLPM :   Emin=        1 GeV      Emax=         10 TeV  AngularGenUrban

annihil:   for  e+    SubType= 5
      Lambda tables from 100 eV  to 10 TeV in 77 bins, spline: 1
      ===== EM models for the G4Region  DefaultRegionForTheWorld ======
            eplus2gg :   Emin=        0 eV       Emax=         10 TeV

proton_G4DNAExcitation:   for  proton    SubType= 51
 Total cross sections computed from DNAMillerGreenExcitationModel and DNABornExcitationModel models
      ===== EM models for the G4Region  DefaultRegionForTheWorld ======
DNAMillerGreenExcitationModel :   Emin=        0 eV       Emax=        500 keV
DNABornExcitationModel :   Emin=      500 keV      Emax=        100 MeV

proton_G4DNAIonisation:   for  proton    SubType= 51
 Total cross sections computed from DNARuddIonisationModel and DNABornIonisationModel models
      ===== EM models for the G4Region  DefaultRegionForTheWorld ======
DNARuddIonisationModel :   Emin=        0 eV       Emax=        500 keV
DNABornIonisationModel :   Emin=      500 keV      Emax=        100 MeV

proton_G4DNAChargeDecrease:   for  proton    SubType= 51
 Total cross sections computed from DNADingfelderChargeDecreaseModel model
      ===== EM models for the G4Region  DefaultRegionForTheWorld ======
DNADingfelderChargeDecreaseModel :   Emin=        0 eV       Emax=         10 MeV

alpha_G4DNAExcitation:   for  alpha    SubType= 51
 Total cross sections computed from DNAMillerGreenExcitationModel
      ===== EM models for the G4Region  DefaultRegionForTheWorld ======
DNAMillerGreenExcitationModel :   Emin=        0 eV       Emax=        400 MeV

alpha_G4DNAIonisation:   for  alpha    SubType= 51
 Total cross sections computed from DNARuddIonisationModel
      ===== EM models for the G4Region  DefaultRegionForTheWorld ======
DNARuddIonisationModel :   Emin=        0 eV       Emax=        400 MeV

alpha_G4DNAChargeDecrease:   for  alpha    SubType= 51
 Total cross sections computed from DNADingfelderChargeDecreaseModel model
      ===== EM models for the G4Region  DefaultRegionForTheWorld ======
DNADingfelderChargeDecreaseModel :   Emin=        0 eV       Emax=         10 MeV

alpha+_G4DNAExcitation:   for  alpha+    SubType= 51
 Total cross sections computed from DNAMillerGreenExcitationModel
      ===== EM models for the G4Region  DefaultRegionForTheWorld ======
DNAMillerGreenExcitationModel :   Emin=        0 eV       Emax=        400 MeV

alpha+_G4DNAIonisation:   for  alpha+    SubType= 51
 Total cross sections computed from DNARuddIonisationModel
      ===== EM models for the G4Region  DefaultRegionForTheWorld ======
DNARuddIonisationModel :   Emin=        0 eV       Emax=        400 MeV

alpha+_G4DNAChargeDecrease:   for  alpha+    SubType= 51
 Total cross sections computed from DNADingfelderChargeDecreaseModel model
      ===== EM models for the G4Region  DefaultRegionForTheWorld ======
DNADingfelderChargeDecreaseModel :   Emin=        0 eV       Emax=         10 MeV

alpha+_G4DNAChargeIncrease:   for  alpha+    SubType= 51
 Total cross sections computed from DNADingfelderChargeIncreaseModel model
      ===== EM models for the G4Region  DefaultRegionForTheWorld ======
DNADingfelderChargeIncreaseModel :   Emin=        0 eV       Emax=         10 MeV

helium_G4DNAExcitation:   for  helium    SubType= 51
 Total cross sections computed from DNAMillerGreenExcitationModel
      ===== EM models for the G4Region  DefaultRegionForTheWorld ======
DNAMillerGreenExcitationModel :   Emin=        0 eV       Emax=        400 MeV

helium_G4DNAIonisation:   for  helium    SubType= 51
 Total cross sections computed from DNARuddIonisationModel
      ===== EM models for the G4Region  DefaultRegionForTheWorld ======
DNARuddIonisationModel :   Emin=        0 eV       Emax=        400 MeV

helium_G4DNAChargeIncrease:   for  helium    SubType= 51
 Total cross sections computed from DNADingfelderChargeIncreaseModel model
      ===== EM models for the G4Region  DefaultRegionForTheWorld ======
DNADingfelderChargeIncreaseModel :   Emin=        0 eV       Emax=         10 MeV

hydrogen_G4DNAExcitation:   for  hydrogen    SubType= 51
 Total cross sections computed from DNAMillerGreenExcitationModel
      ===== EM models for the G4Region  DefaultRegionForTheWorld ======
DNAMillerGreenExcitationModel :   Emin=        0 eV       Emax=        500 keV

hydrogen_G4DNAIonisation:   for  hydrogen    SubType= 51
 Total cross sections computed from DNARuddIonisationModel
      ===== EM models for the G4Region  DefaultRegionForTheWorld ======
DNARuddIonisationModel :   Emin=        0 eV       Emax=        100 MeV

hydrogen_G4DNAChargeIncrease:   for  hydrogen    SubType= 51
 Total cross sections computed from DNADingfelderChargeIncreaseModel model
      ===== EM models for the G4Region  DefaultRegionForTheWorld ======
DNADingfelderChargeIncreaseModel :   Emin=        0 eV       Emax=         10 MeV

Region <DefaultRegionForTheWorld> -- appears in <World> world volume
 Root logical volume(s) : World 
 Pointers : G4VUserRegionInformation[0], G4UserLimits[0], G4FastSimulationManager[0], G4UserSteppingAction[0]
 Materials : G4_WATER 
 Production cuts :   gamma 1 um      e- 1 um      e+ 1 um  proton 0 fm 

========= Table of registered couples ==============================

Index : 0     used in the geometry : Yes     recalculation needed : No 
 Material : G4_WATER
 Range cuts        :  gamma  1 um     e-  1 um     e+  1 um  proton 0 fm 
 Energy thresholds :  gamma  100 eV     e-  242.668 eV     e+  240.44 eV  proton 0 eV 
 Region(s) which use this couple : 
    DefaultRegionForTheWorld

====================================================================

Start closing geometry.
G4GeometryManager::ReportVoxelStats -- Voxel Statistics

    Total memory consumed for geometry optimisation:   0 kByte
    Total CPU time elapsed for geometry optimisation: 0 seconds
Start Run processing.
Run terminated.
Run Summary
  Number of events processed : 1
  User=0.04s Real=0.04s Sys=0s
Graphics systems deleted.
Visualization Manager deleting...
UserDetectorConstruction deleted.
UserPhysicsList deleted.
UserRunAction deleted.
UserPrimaryGenerator deleted.
G4 kernel has come to Quit state.
EventManager deleted.
UImanager deleted.
Units table cleared.
StateManager deleted.
RunManagerKernel is deleted.
RunManager is deleting.

