Environment variable "G4FORCE_RUN_MANAGER_TYPE" enabled with value == Serial. Forcing G4RunManager type...

        ############################################
        !!! WARNING - FPE detection is activated !!!
        ############################################


          ################################
          !!! G4Backtrace is activated !!!
          ################################


**************************************************************
 Geant4 version Name: geant4-11-04-ref-00    (5-December-2025)
                       Copyright : Geant4 Collaboration
                      References : NIM A 506 (2003), 250-303
                                 : IEEE-TNS 53 (2006), 270-278
                                 : NIM A 835 (2016), 186-225
                             WWW : http://geant4.org/
**************************************************************


***** Table : Nb of materials = 6 *****

 Material: G4_SILICON_DIOXIDE SiO_2   density:  2.320 g/cm3   RadL:  11.658 cm   Nucl.Int.Length:  41.317 cm 
                       Imean: 139.200 eV   temperature: 293.15 K  pressure:   1.00 atm

   --->  Element: Si (Si)   Z = 14.0   N =    28   A = 28.085 g/mole
         --->  Isotope:  Si28   Z = 14   N =  28   A =  27.98 g/mole   abundance: 92.230 %
         --->  Isotope:  Si29   Z = 14   N =  29   A =  28.98 g/mole   abundance:  4.683 %
         --->  Isotope:  Si30   Z = 14   N =  30   A =  29.97 g/mole   abundance:  3.087 %
          ElmMassFraction:  46.74 %  ElmAbundance  33.33 % 

   --->  Element: O (O)   Z =  8.0   N =    16   A = 15.999 g/mole
         --->  Isotope:   O16   Z =  8   N =  16   A =  15.99 g/mole   abundance: 99.757 %
         --->  Isotope:   O17   Z =  8   N =  17   A =  17.00 g/mole   abundance:  0.038 %
         --->  Isotope:   O18   Z =  8   N =  18   A =  18.00 g/mole   abundance:  0.205 %
          ElmMassFraction:  53.26 %  ElmAbundance  66.67 % 


 Material: G4_KAPTON    density:  1.420 g/cm3   RadL:  28.575 cm   Nucl.Int.Length:  55.817 cm 
                       Imean:  79.600 eV   temperature: 293.15 K  pressure:   1.00 atm

   --->  Element: C (C)   Z =  6.0   N =    12   A = 12.011 g/mole
         --->  Isotope:   C12   Z =  6   N =  12   A =  12.00 g/mole   abundance: 98.930 %
         --->  Isotope:   C13   Z =  6   N =  13   A =  13.00 g/mole   abundance:  1.070 %
          ElmMassFraction:  69.11 %  ElmAbundance  56.41 % 

   --->  Element: H (H)   Z =  1.0   N =     1   A =  1.008 g/mole
         --->  Isotope:    H1   Z =  1   N =   1   A =   1.01 g/mole   abundance: 99.989 %
         --->  Isotope:    H2   Z =  1   N =   2   A =   2.01 g/mole   abundance:  0.011 %
          ElmMassFraction:   2.64 %  ElmAbundance  25.64 % 

   --->  Element: N (N)   Z =  7.0   N =    14   A = 14.007 g/mole
         --->  Isotope:   N14   Z =  7   N =  14   A =  14.00 g/mole   abundance: 99.632 %
         --->  Isotope:   N15   Z =  7   N =  15   A =  15.00 g/mole   abundance:  0.368 %
          ElmMassFraction:   7.33 %  ElmAbundance   5.13 % 

   --->  Element: O (O)   Z =  8.0   N =    16   A = 15.999 g/mole
         --->  Isotope:   O16   Z =  8   N =  16   A =  15.99 g/mole   abundance: 99.757 %
         --->  Isotope:   O17   Z =  8   N =  17   A =  17.00 g/mole   abundance:  0.038 %
         --->  Isotope:   O18   Z =  8   N =  18   A =  18.00 g/mole   abundance:  0.205 %
          ElmMassFraction:  20.92 %  ElmAbundance  12.82 % 


 Material: G4_BORON_NITRIDE    density:  2.100 g/cm3   RadL:  21.361 cm   Nucl.Int.Length:  39.276 cm 
                       Imean:  79.595 eV   temperature: 293.15 K  pressure:   1.00 atm

   --->  Element: Boron (B)   Z =  5.0   N =    12   A = 12.010 g/mole
         --->  Isotope:   B10   Z =  5   N =  10   A =  10.01 g/mole   abundance: 19.900 %
         --->  Isotope:   B11   Z =  5   N =  11   A =  11.01 g/mole   abundance: 80.100 %
          ElmMassFraction:  43.60 %  ElmAbundance  47.42 % 

   --->  Element: Nitrogen (N)   Z =  7.0   N =    14   A = 14.010 g/mole
         --->  Isotope:   N14   Z =  7   N =  14   A =  14.00 g/mole   abundance: 99.632 %
         --->  Isotope:   N15   Z =  7   N =  15   A =  15.00 g/mole   abundance:  0.368 %
          ElmMassFraction:  56.40 %  ElmAbundance  52.58 % 


 Material: G4_TITANIUM_NITRIDE    density:  5.400 g/cm3   RadL:   3.443 cm   Nucl.Int.Length:  21.118 cm 
                       Imean: 181.083 eV   temperature: 293.15 K  pressure:   1.00 atm

   --->  Element: Titanium (Ti)   Z = 22.0   N =    48   A = 47.900 g/mole
         --->  Isotope:  Ti46   Z = 22   N =  46   A =  45.95 g/mole   abundance:  8.250 %
         --->  Isotope:  Ti47   Z = 22   N =  47   A =  46.95 g/mole   abundance:  7.440 %
         --->  Isotope:  Ti48   Z = 22   N =  48   A =  47.95 g/mole   abundance: 73.720 %
         --->  Isotope:  Ti49   Z = 22   N =  49   A =  48.95 g/mole   abundance:  5.410 %
         --->  Isotope:  Ti50   Z = 22   N =  50   A =  49.94 g/mole   abundance:  5.180 %
          ElmMassFraction:  77.37 %  ElmAbundance  50.00 % 

   --->  Element: Nitrogen (N)   Z =  7.0   N =    14   A = 14.010 g/mole
         --->  Isotope:   N14   Z =  7   N =  14   A =  14.00 g/mole   abundance: 99.632 %
         --->  Isotope:   N15   Z =  7   N =  15   A =  15.00 g/mole   abundance:  0.368 %
          ElmMassFraction:  22.63 %  ElmAbundance  50.00 % 


 Material:   Vacuum    density:  0.000 mg/cm3  RadL: 204310098.490 pc   Nucl.Int.Length: 3240.779 pc 
                       Imean:  19.200 eV   temperature:   0.10 K  pressure:   0.00 atm

   --->  Element: H (H)   Z =  1.0   N =     1   A =  1.008 g/mole
         --->  Isotope:    H1   Z =  1   N =   1   A =   1.01 g/mole   abundance: 99.989 %
         --->  Isotope:    H2   Z =  1   N =   2   A =   2.01 g/mole   abundance:  0.011 %
          ElmMassFraction: 100.00 %  ElmAbundance 100.00 % 


 Material:    G4_Si    density:  2.330 g/cm3   RadL:   9.366 cm   Nucl.Int.Length:  45.660 cm 
                       Imean: 173.000 eV   temperature: 293.15 K  pressure:   1.00 atm

   --->  Element: Si (Si)   Z = 14.0   N =    28   A = 28.085 g/mole
         --->  Isotope:  Si28   Z = 14   N =  28   A =  27.98 g/mole   abundance: 92.230 %
         --->  Isotope:  Si29   Z = 14   N =  29   A =  28.98 g/mole   abundance:  4.683 %
         --->  Isotope:  Si30   Z = 14   N =  30   A =  29.97 g/mole   abundance:  3.087 %
          ElmMassFraction: 100.00 %  ElmAbundance 100.00 % 



G4Material WARNING: duplicate name of material Vacuum

***** Table : Nb of materials = 7 *****

 Material: G4_SILICON_DIOXIDE SiO_2   density:  2.320 g/cm3   RadL:  11.658 cm   Nucl.Int.Length:  41.317 cm 
                       Imean: 139.200 eV   temperature: 293.15 K  pressure:   1.00 atm

   --->  Element: Si (Si)   Z = 14.0   N =    28   A = 28.085 g/mole
         --->  Isotope:  Si28   Z = 14   N =  28   A =  27.98 g/mole   abundance: 92.230 %
         --->  Isotope:  Si29   Z = 14   N =  29   A =  28.98 g/mole   abundance:  4.683 %
         --->  Isotope:  Si30   Z = 14   N =  30   A =  29.97 g/mole   abundance:  3.087 %
          ElmMassFraction:  46.74 %  ElmAbundance  33.33 % 

   --->  Element: O (O)   Z =  8.0   N =    16   A = 15.999 g/mole
         --->  Isotope:   O16   Z =  8   N =  16   A =  15.99 g/mole   abundance: 99.757 %
         --->  Isotope:   O17   Z =  8   N =  17   A =  17.00 g/mole   abundance:  0.038 %
         --->  Isotope:   O18   Z =  8   N =  18   A =  18.00 g/mole   abundance:  0.205 %
          ElmMassFraction:  53.26 %  ElmAbundance  66.67 % 


 Material: G4_KAPTON    density:  1.420 g/cm3   RadL:  28.575 cm   Nucl.Int.Length:  55.817 cm 
                       Imean:  79.600 eV   temperature: 293.15 K  pressure:   1.00 atm

   --->  Element: C (C)   Z =  6.0   N =    12   A = 12.011 g/mole
         --->  Isotope:   C12   Z =  6   N =  12   A =  12.00 g/mole   abundance: 98.930 %
         --->  Isotope:   C13   Z =  6   N =  13   A =  13.00 g/mole   abundance:  1.070 %
          ElmMassFraction:  69.11 %  ElmAbundance  56.41 % 

   --->  Element: H (H)   Z =  1.0   N =     1   A =  1.008 g/mole
         --->  Isotope:    H1   Z =  1   N =   1   A =   1.01 g/mole   abundance: 99.989 %
         --->  Isotope:    H2   Z =  1   N =   2   A =   2.01 g/mole   abundance:  0.011 %
          ElmMassFraction:   2.64 %  ElmAbundance  25.64 % 

   --->  Element: N (N)   Z =  7.0   N =    14   A = 14.007 g/mole
         --->  Isotope:   N14   Z =  7   N =  14   A =  14.00 g/mole   abundance: 99.632 %
         --->  Isotope:   N15   Z =  7   N =  15   A =  15.00 g/mole   abundance:  0.368 %
          ElmMassFraction:   7.33 %  ElmAbundance   5.13 % 

   --->  Element: O (O)   Z =  8.0   N =    16   A = 15.999 g/mole
         --->  Isotope:   O16   Z =  8   N =  16   A =  15.99 g/mole   abundance: 99.757 %
         --->  Isotope:   O17   Z =  8   N =  17   A =  17.00 g/mole   abundance:  0.038 %
         --->  Isotope:   O18   Z =  8   N =  18   A =  18.00 g/mole   abundance:  0.205 %
          ElmMassFraction:  20.92 %  ElmAbundance  12.82 % 


 Material: G4_BORON_NITRIDE    density:  2.100 g/cm3   RadL:  21.361 cm   Nucl.Int.Length:  39.276 cm 
                       Imean:  79.595 eV   temperature: 293.15 K  pressure:   1.00 atm

   --->  Element: Boron (B)   Z =  5.0   N =    12   A = 12.010 g/mole
         --->  Isotope:   B10   Z =  5   N =  10   A =  10.01 g/mole   abundance: 19.900 %
         --->  Isotope:   B11   Z =  5   N =  11   A =  11.01 g/mole   abundance: 80.100 %
          ElmMassFraction:  43.60 %  ElmAbundance  47.42 % 

   --->  Element: Nitrogen (N)   Z =  7.0   N =    14   A = 14.010 g/mole
         --->  Isotope:   N14   Z =  7   N =  14   A =  14.00 g/mole   abundance: 99.632 %
         --->  Isotope:   N15   Z =  7   N =  15   A =  15.00 g/mole   abundance:  0.368 %
          ElmMassFraction:  56.40 %  ElmAbundance  52.58 % 


 Material: G4_TITANIUM_NITRIDE    density:  5.400 g/cm3   RadL:   3.443 cm   Nucl.Int.Length:  21.118 cm 
                       Imean: 181.083 eV   temperature: 293.15 K  pressure:   1.00 atm

   --->  Element: Titanium (Ti)   Z = 22.0   N =    48   A = 47.900 g/mole
         --->  Isotope:  Ti46   Z = 22   N =  46   A =  45.95 g/mole   abundance:  8.250 %
         --->  Isotope:  Ti47   Z = 22   N =  47   A =  46.95 g/mole   abundance:  7.440 %
         --->  Isotope:  Ti48   Z = 22   N =  48   A =  47.95 g/mole   abundance: 73.720 %
         --->  Isotope:  Ti49   Z = 22   N =  49   A =  48.95 g/mole   abundance:  5.410 %
         --->  Isotope:  Ti50   Z = 22   N =  50   A =  49.94 g/mole   abundance:  5.180 %
          ElmMassFraction:  77.37 %  ElmAbundance  50.00 % 

   --->  Element: Nitrogen (N)   Z =  7.0   N =    14   A = 14.010 g/mole
         --->  Isotope:   N14   Z =  7   N =  14   A =  14.00 g/mole   abundance: 99.632 %
         --->  Isotope:   N15   Z =  7   N =  15   A =  15.00 g/mole   abundance:  0.368 %
          ElmMassFraction:  22.63 %  ElmAbundance  50.00 % 


 Material:   Vacuum    density:  0.000 mg/cm3  RadL: 204310098.490 pc   Nucl.Int.Length: 3240.779 pc 
                       Imean:  19.200 eV   temperature:   0.10 K  pressure:   0.00 atm

   --->  Element: H (H)   Z =  1.0   N =     1   A =  1.008 g/mole
         --->  Isotope:    H1   Z =  1   N =   1   A =   1.01 g/mole   abundance: 99.989 %
         --->  Isotope:    H2   Z =  1   N =   2   A =   2.01 g/mole   abundance:  0.011 %
          ElmMassFraction: 100.00 %  ElmAbundance 100.00 % 


 Material:    G4_Si    density:  2.330 g/cm3   RadL:   9.366 cm   Nucl.Int.Length:  45.660 cm 
                       Imean: 173.000 eV   temperature: 293.15 K  pressure:   1.00 atm

   --->  Element: Si (Si)   Z = 14.0   N =    28   A = 28.085 g/mole
         --->  Isotope:  Si28   Z = 14   N =  28   A =  27.98 g/mole   abundance: 92.230 %
         --->  Isotope:  Si29   Z = 14   N =  29   A =  28.98 g/mole   abundance:  4.683 %
         --->  Isotope:  Si30   Z = 14   N =  30   A =  29.97 g/mole   abundance:  3.087 %
          ElmMassFraction: 100.00 %  ElmAbundance 100.00 % 


 Material:   Vacuum    density:  0.000 mg/cm3  RadL: 204310098.490 pc   Nucl.Int.Length: 3240.779 pc 
                       Imean:  19.200 eV   temperature:   0.10 K  pressure:   0.00 atm

   --->  Element: H (H)   Z =  1.0   N =     1   A =  1.008 g/mole
         --->  Isotope:    H1   Z =  1   N =   1   A =   1.01 g/mole   abundance: 99.989 %
         --->  Isotope:    H2   Z =  1   N =   2   A =   2.01 g/mole   abundance:  0.011 %
          ElmMassFraction: 100.00 %  ElmAbundance 100.00 % 



MicroELec - SEY modellling - Creating geometry
MicroELec - SEY modellling - End geometry creation 

 The Box is 1 mm  of G4_BORON_NITRIDE
Vacuum
G4_BORON_NITRIDE
Sensitive Detector Name : SdSey
Phonon model is constructed 
Phonon Energy = 0 eV  

### === G4UAtomicDeexcitation::InitialiseForNewRun()
Visualization Manager instantiating with verbosity "warnings (3)"...
Visualization Manager initialising...
Registering graphics systems...

You have successfully registered the following graphics systems.
Registered graphics systems are:
  ASCIITree (ATree)
  DAWNFILE (DAWNFILE)
  RayTracer (RT)
  VRML2FILE (VRML2FILE)
  gMocrenFile (gMocrenFile)
  TOOLSSG_OFFSCREEN (TSG_OFFSCREEN, TSG_FILE)
  OpenGLImmediateQt (OGLIQt, OGLI)
  OpenGLStoredQt (OGLSQt, OGLS)
  OpenGLImmediateXm (OGLIXm, OGLIQt_FALLBACK)
  OpenGLStoredXm (OGLSXm, OGLSQt_FALLBACK)
  OpenGLImmediateX (OGLIX, OGLIQt_FALLBACK, OGLIXm_FALLBACK)
  OpenGLStoredX (OGLSX, OGLSQt_FALLBACK, OGLSXm_FALLBACK)
  RayTracerX (RTX)
  RayTracerQt (RTQt)
  TOOLSSG_X11_GLES (TSG_X11_GLES, TSGX11, TSG_XT_GLES_FALLBACK)
  TOOLSSG_X11_ZB (TSG_X11_ZB, TSGX11ZB)
  TOOLSSG_XT_GLES (TSG_XT_GLES, TSGXt, TSG_QT_GLES_FALLBACK)
  TOOLSSG_XT_ZB (TSG_XT_ZB, TSGXtZB)
  TOOLSSG_QT_GLES (TSG_QT_GLES, TSGQt, TSG, OGL)
  TOOLSSG_QT_ZB (TSG_QT_ZB, TSGQtZB, TSGZB)
You may choose a graphics system (driver) with a parameter of
the command "/vis/open" or "/vis/sceneHandler/create",
or you may omit the driver parameter and choose at run time:
- by argument in the construction of G4VisExecutive
- by environment variable "G4VIS_DEFAULT_DRIVER"
- by entry in "~/.g4session"
- by build flags.
- Note: This feature is not allowed in batch mode.
For further information see "examples/basic/B1/exampleB1.cc"
and "vis.mac".

Registering model factories...

You have successfully registered the following model factories.
Registered model factories:
  generic
  drawByAttribute
  drawByCharge
  drawByOriginVolume
  drawByParticleID
  drawByEncounteredVolume

Registered models:
  None

Registered filter factories:
  attributeFilter
  chargeFilter
  originVolumeFilter
  particleFilter
  encounteredVolumeFilter

Registered filters:
  None

You have successfully registered the following user vis actions.
Run Duration User Vis Actions: none
End of Event User Vis Actions: none
End of Run User Vis Actions: none

Some /vis commands (optionally) take a string to specify colour.
"/vis/list" to see available colours.
UpdateGeometry Begin
Substrate:G4_Si, 4:G4_Si, 3:G4_Si, 2:G4_Si, 1:G4_Si, surf:G4_SILICON_DIOXIDE
Substrate:0.0005, 4:4e-06, 3:4e-06, 2:2e-06, 1:1, surf:2e-05
UpdateGeometry End
=======================================================================
======                 Electromagnetic Physics Parameters      ========
=======================================================================
LPM effect enabled                                 1
Enable creation and use of sampling tables         0
Apply cuts on all EM processes                     0
Use combined TransportationWithMsc                 Disabled
Use general process                                0
Enable linear polarisation for gamma               0
Enable photoeffect sampling below K-shell          1
Enable sampling of quantum entanglement            0
X-section factor for integral approach             0.8
Min kinetic energy for tables                      100 meV
Max kinetic energy for tables                      10 TeV
Number of bins per decade of a table               20
Verbose level                                      1
Verbose level for worker thread                    0
Bremsstrahlung energy threshold above which 
  primary e+- is added to the list of secondary    100 TeV
Bremsstrahlung energy threshold above which primary
  muon/hadron is added to the list of secondary    100 TeV
Positron annihilation at rest model                SimplePositronium
Enable 3 gamma annihilation on fly                 0
Lowest triplet kinetic energy                      1 MeV
Enable sampling of gamma linear polarisation       0
5D gamma conversion model type                     0
5D gamma conversion model on isolated ion          0
Use RiGe 5D e+e- pair production model by muons    0
Livermore data directory                           epics_2017
=======================================================================
======                 Ionisation Parameters                   ========
=======================================================================
Step function for e+-                              (0.2, 1 mm)
Step function for muons/hadrons                    (0.2, 0.1 mm)
Step function for light ions                       (0.2, 0.1 mm)
Step function for general ions                     (0.2, 0.1 mm)
Lowest e+e- kinetic energy                         0 eV 
Lowest muon/hadron kinetic energy                  1 keV
Use ICRU90 data                                    0
Fluctuations of dE/dx are enabled                  1
Type of fluctuation model for leptons and hadrons  Universal
Use built-in Birks saturation                      0
Build CSDA range enabled                           0
Use cut as a final range enabled                   0
Enable angular generator interface                 1
Max kinetic energy for CSDA tables                 1 GeV
Max kinetic energy for NIEL computation            0 eV 
Linear loss limit                                  0.01
Read data from file for e+e- pair production by mu 0
=======================================================================
======                 Multiple Scattering Parameters          ========
=======================================================================
Type of msc step limit algorithm for e+-           1
Type of msc step limit algorithm for muons/hadrons 0
Msc lateral displacement for e+- enabled           1
Msc lateral displacement for muons and hadrons     0
Urban msc model lateral displacement alg96         1
Range factor for msc step limit for e+-            0.04
Range factor for msc step limit for muons/hadrons  0.2
Geometry factor for msc step limitation of e+-     2.5
Safety factor for msc step limit for e+-           0.6
Skin parameter for msc step limitation of e+-      1
Lambda limit for msc step limit for e+-            1 mm
Use Mott correction for e- scattering              0
Factor used for dynamic computation of angular 
  limit between single and multiple scattering     1
Fixed angular limit between single 
  and multiple scattering                          3.1416 rad
Upper energy limit for e+- multiple scattering     100 MeV
Type of electron single scattering model           0
Type of nuclear form-factor                        1
Screening factor                                   1
=======================================================================
======                 Atomic Deexcitation Parameters          ========
=======================================================================
Fluorescence enabled                               1
Directory in G4LEDATA for fluorescence data files  fluor
Auger electron cascade enabled                     1
PIXE atomic de-excitation enabled                  0
De-excitation module ignores cuts                  0
Type of PIXE cross section for hadrons             Empirical
Type of PIXE cross section for e+-                 Livermore
=======================================================================

### ===  Deexcitation model UAtomDeexcitation is activated for 2 regions:
          DefaultRegionForTheWorld  1  1  1
          Target  1  1  1

### === G4UAtomicDeexcitation::InitialiseForNewRun()
### ===  Auger flag: 1
### ===  Ignore cuts flag:   0
### ===  PIXE model for hadrons: Empirical
### ===  PIXE model for e+-:     Livermore
Calling G4MicroElecElasticModel_new::Initialise()
MicroElasticModel, Material 1 / 3 : Vacuum
MicroElasticModel, Material 2 / 3 : G4_SILICON_DIOXIDE
SILICON_DIOXIDE
Reading TCS file
Elastic Total Cross file : Elastic/elsepa_elastic_cross_e_SILICON_DIOXIDE
loaddata : Elastic/elsepa_elastic_cross_e_SILICON_DIOXIDE
Elastic Cumulated Diff Cross : /cvmfs/geant4.cern.ch/share/data/G4EMLOW8.8/microelec/Elastic/elsepa_elastic_cumulated_diffcross_e_SILICON_DIOXIDE.dat
MicroElasticModel, Material 3 / 3 : G4_Si
Si
Reading TCS file
Elastic Total Cross file : Elastic/elsepa_elastic_cross_e_Si
loaddata : Elastic/elsepa_elastic_cross_e_Si
Elastic Cumulated Diff Cross : /cvmfs/geant4.cern.ch/share/data/G4EMLOW8.8/microelec/Elastic/elsepa_elastic_cumulated_diffcross_e_Si.dat
****************************
mermin model loaded !
Material 1 / 3 : Vacuum
Material 2 / 3 : G4_SILICON_DIOXIDE
Inelastic/mermin_sigma_inelastic_e-_SILICON_DIOXIDE
loaddata : Inelastic/mermin_sigma_inelastic_e-_SILICON_DIOXIDE
Faster code = true
Inelastic/cumulated_mermin_sigmadiff_inelastic_e-_SILICON_DIOXIDE.dat
Material 3 / 3 : G4_Si
Inelastic/mermin_sigma_inelastic_e-_Si
loaddata : Inelastic/mermin_sigma_inelastic_e-_Si
Faster code = true
Inelastic/cumulated_mermin_sigmadiff_inelastic_e-_Si.dat

msc:  for e-  SubType= 10
      ===== EM models for the G4Region  DefaultRegionForTheWorld ======
            UrbanMsc : Emin=    0 eV  Emax=   10 TeV Nbins=220 100 eV  -  10 TeV
          StepLim=UseSafety Rfact=0.04 Gfact=2.5 Sfact=0.6 DispFlag:1 Skin=1 Llim=1 mm
      ===== EM models for the G4Region  Target ======
            UrbanMsc : Emin=  100 MeV Emax=   10 TeV Nbins=100 100 MeV -  10 TeV
          StepLim=UseSafety Rfact=0.04 Gfact=2.5 Sfact=0.6 DispFlag:1 Skin=1 Llim=1 mm

eIoni:  for e-  XStype:3  SubType=2
      dE/dx and range tables from 100 meV to 10 TeV in 280 bins
      Lambda tables from threshold to 10 TeV, 20 bins/decade, spline: 1
      StepFunction=(0.2, 1 mm), integ: 3, fluct: 1, linLossLim= 0.01
      ===== EM models for the G4Region  DefaultRegionForTheWorld ======
        MollerBhabha : Emin=    0 eV  Emax=   10 TeV  deltaVI
      ===== EM models for the G4Region  Target ======
        MollerBhabha : Emin=   10 MeV Emax=   10 TeV  deltaVI

e-_G4MicroElecElastic:  for e- SubType=51 BuildTable=0
      ===== EM models for the G4Region  DefaultRegionForTheWorld ======
          DummyModel : Emin=    0 eV  Emax=   10 TeV
          StepLim=UseSafety Rfact=0.04 Gfact=2.5 Sfact=0.6 DispFlag:1 Skin=1 Llim=1 mm
      ===== EM models for the G4Region  Target ======
MicroElecElasticModel : Emin=    0 eV  Emax=  500 keV

e-_G4Dielectrics:  for e- SubType=53 BuildTable=0
      ===== EM models for the G4Region  DefaultRegionForTheWorld ======
          DummyModel : Emin=    0 eV  Emax=   10 TeV
          StepLim=UseSafety Rfact=0.04 Gfact=2.5 Sfact=0.6 DispFlag:1 Skin=1 Llim=1 mm
      ===== EM models for the G4Region  Target ======
MicroElecInelasticModel : Emin=    0 eV  Emax=   10 MeV  deltaVI Fluo

e-_G4LOPhononScattering:  for e- SubType=51 BuildTable=0
      ===== EM models for the G4Region  DefaultRegionForTheWorld ======
          DummyModel : Emin=    0 eV  Emax=   10 TeV
          StepLim=UseSafety Rfact=0.04 Gfact=2.5 Sfact=0.6 DispFlag:1 Skin=1 Llim=1 mm
      ===== EM models for the G4Region  Target ======
G4MicroElecLOPhononModel : Emin=    0 eV  Emax=   10 MeV
G4MicroElecSurface::Initialise: Ncouples= 3
G4Surface, Material 1 / 3 : Vacuum
G4Surface, Material 2 / 3 : G4_SILICON_DIOXIDE
G4Surface, Material 3 / 3 : G4_Si
### G4MicroElecCapture: Tracking cut E(MeV) = 9e-07 is assigned to Target

msc:  for proton  SubType= 10
      ===== EM models for the G4Region  DefaultRegionForTheWorld ======
            UrbanMsc : Emin=    0 eV  Emax=   10 TeV Nbins=220 100 eV  -  10 TeV
          StepLim=Minimal Rfact=0.2 Gfact=2.5 Sfact=0.6 DispFlag:0 Skin=1 Llim=1 mm

hIoni:  for proton  XStype:3  SubType=2
      dE/dx and range tables from 100 meV to 10 TeV in 280 bins
      Lambda tables from threshold to 10 TeV, 20 bins/decade, spline: 1
      StepFunction=(0.2, 0.1 mm), integ: 3, fluct: 1, linLossLim= 0.01
      ===== EM models for the G4Region  DefaultRegionForTheWorld ======
               Bragg : Emin=    0 eV  Emax=    2 MeV  deltaVI
          BetheBloch : Emin=    2 MeV Emax=   10 TeV  deltaVI
      ===== EM models for the G4Region  Target ======
          BetheBloch : Emin=   10 MeV Emax=   10 TeV  deltaVI

msc:  for GenericIon  SubType= 10
      ===== EM models for the G4Region  DefaultRegionForTheWorld ======
            UrbanMsc : Emin=    0 eV  Emax=   10 TeV
          StepLim=Minimal Rfact=0.2 Gfact=2.5 Sfact=0.6 DispFlag:0 Skin=1 Llim=1 mm

ionIoni:  for GenericIon  XStype:3  SubType=2
      dE/dx and range tables from 100 meV to 10 TeV in 280 bins
      Lambda tables from threshold to 10 TeV, 20 bins/decade, spline: 1
      StepFunction=(0.2, 0.1 mm), integ: 3, fluct: 1, linLossLim= 0.02
      ===== EM models for the G4Region  DefaultRegionForTheWorld ======
               Bragg : Emin=    0 eV  Emax=    2 MeV  deltaVI
          BetheBloch : Emin=    2 MeV Emax=   10 TeV  deltaVI
      ===== EM models for the G4Region  Target ======
          BetheBloch : Emin=   10 MeV Emax=   10 TeV  deltaVI

msc:  for alpha  SubType= 10
      ===== EM models for the G4Region  DefaultRegionForTheWorld ======
            UrbanMsc : Emin=    0 eV  Emax=   10 TeV
          StepLim=Minimal Rfact=0.2 Gfact=2.5 Sfact=0.6 DispFlag:0 Skin=1 Llim=1 mm

ionIoni:  for alpha  XStype:3  SubType=2
      dE/dx and range tables from 100 meV to 10 TeV in 280 bins
      Lambda tables from threshold to 10 TeV, 20 bins/decade, spline: 1
      StepFunction=(0.2, 0.1 mm), integ: 3, fluct: 1, linLossLim= 0.02
      ===== EM models for the G4Region  DefaultRegionForTheWorld ======
            BraggIon : Emin=    0 eV  Emax=7.9452 MeV  deltaVI
          BetheBloch : Emin=7.9452 MeV Emax=   10 TeV  deltaVI
      ===== EM models for the G4Region  Target ======
          BetheBloch : Emin=   10 MeV Emax=   10 TeV  deltaVI
### Run 0 starts.
--> Event 0 starts.
3
G4Capture, Material 1 / 3 : Vacuum
G4Capture, Material 2 / 3 : G4_SILICON_DIOXIDE
G4Capture, Material 3 / 3 : G4_Si
--> Event 10 starts.
--> Event 20 starts.
--> Event 30 starts.
--> Event 40 starts.
--> Event 50 starts.
--> Event 60 starts.
--> Event 70 starts.
--> Event 80 starts.
--> Event 90 starts.
__________ooo End Worker ooo begin_____________
 Number and type of particles created outside region "Target" :ooo End Worker ooo, Number and type of particles created in region "Target" :N e- : 657
__________ooo End Worker ooo end_____________
End of run action : 999
Graphics systems deleted.
Visualization Manager deleting...
