1120     8.6943e-09
1248     1.5548e-09
1249     4.19321e-09
1250     3.1541e-10
1378     9.44295e-09
1506     4.94788e-10
2028     1.17403e-09
2029     5.41876e-09
2030     1.40682e-10
2155     9.82825e-11
2156     2.17336e-09
2191     1.09912e-09
2192     8.31356e-10
2261     2.16685e-09
2262     7.62576e-10
2263     5.54535e-10
2373     2.45296e-09
2374     1.75308e-10
2386     1.89724e-09
2387     1.60424e-09
2388     2.92789e-09
2389     5.5542e-10
2500     1.18917e-09
2501     9.12167e-10
2512     5.67807e-11
2513     2.1037e-09
2514     3.87786e-10
2627     1.89347e-09
2628     1.1642e-09
2639     3.17609e-10
2640     2.4296e-09
2755     1.30903e-09
2766     6.15204e-10
2767     1.92683e-09
2893     2.31725e-09
2894     3.78693e-09
2895     4.35688e-10
3064     4.738e-09
3065     6.84723e-11
3191     1.47205e-09
3192     2.16242e-09
3316     2.17979e-09
3317     1.11884e-09
3318     7.81337e-10
3443     4.09374e-11
3444     1.56165e-09
3533     1.13269e-09
3547     6.37616e-09
3566     2.7993e-10
3693     2.84755e-09
3694     1.89206e-10
3790     4.54783e-10
3911     4.16727e-10
3916     5.97163e-10
3917     2.35968e-09
3918     9.57092e-10
4117     5.25269e-10
4118     5.74042e-11
4245     7.61084e-10
4515     8.78036e-10
4516     1.55511e-10
4642     6.43384e-10
4643     5.60813e-10
4905     5.56461e-10
4954     9.03758e-10
5032     8.86006e-10
5033     1.95754e-09
5081     1.51693e-09
5082     1.86042e-10
5100     3.88534e-10
5158     4.45814e-08
5159     3.77035e-09
5160     4.70548e-11
5209     2.40061e-09
5228     1.69677e-09
5285     4.72186e-10
5286     6.19785e-09
5333     7.50944e-10
5336     1.57438e-09
5337     4.31384e-10
5356     2.15141e-09
5412     4.5321e-09
5413     1.34968e-09
5463     1.06964e-09
5464     1.41602e-09
5484     1.00316e-10
5485     1.91593e-09
5539     1.72225e-09
5540     7.5889e-10
5591     3.10783e-09
5613     4.02769e-10
5665     6.36082e-10
5666     1.90633e-09
5667     2.35486e-10
5719     1.66317e-09
5779     1.17353e-09
5792     1.43439e-10
5793     1.92974e-09
5830     1.14588e-09
5831     1.41143e-09
5832     2.06056e-09
5833     3.22226e-11
5846     2.92822e-09
5847     7.45618e-10
5907     1.97631e-09
5919     1.40806e-09
5920     1.80864e-10
5956     9.2228e-10
5957     2.22526e-09
5958     7.03181e-10
5961     2.25918e-09
5974     2.11894e-09
6035     1.37893e-09
6046     1.07704e-09
6047     6.77232e-10
6083     2.31353e-09
6084     1.14199e-09
6102     6.13048e-11
6106     7.88053e-10
6107     8.85501e-10
6173     2.07297e-09
6210     1.96047e-09
6211     1.08017e-09
6233     1.49779e-09
6234     1.95571e-09
6235     1.01037e-09
6236     7.40881e-10
6299     7.01389e-10
6300     9.40248e-10
6336     1.29936e-09
6337     2.42504e-09
6338     1.72921e-09
6426     4.03261e-10
6427     1.16825e-09
6491     1.21724e-09
6553     4.70313e-09
6554     1.94241e-10
6619     1.72966e-09
6680     5.48479e-11
6724     2.58543e-09
6725     2.03298e-10
6726     4.11166e-09
6727     1.18595e-09
6748     1.3976e-09
6852     6.95488e-11
6925     6.52516e-11
6926     1.84713e-09
7053     1.71725e-09
7084     1.57726e-10
7181     1.86089e-09
7213     9.87385e-10
7214     1.41046e-09
7215     1.50885e-10
7309     2.97377e-10
7343     5.25156e-10
7344     1.61585e-09
7345     1.33908e-09
7473     4.73382e-10
7474     2.07514e-09
7475     1.64688e-09
7656     1.03569e-09
7657     8.28067e-10
7658     1.5796e-09
7659     7.71374e-10
7660     4.85338e-10
7661     1.14718e-09
7738     4.9654e-10
7739     3.52374e-09
7910     1.08088e-09
7911     1.65472e-10
8223     3.89412e-09
8335     2.55377e-09
8351     2.11021e-10
8463     2.25384e-09
8479     4.61834e-10
8607     1.90743e-09
8735     2.69598e-09
8864     6.61379e-10
8865     1.91653e-09
8866     1.91297e-10
8986     9.70518e-10
8994     3.87014e-09
8995     1.67117e-09
8996     9.94967e-10
8997     5.1663e-10
8998     1.41342e-09
8999     3.37099e-09
9000     1.27993e-09
9032     1.46196e-11
9108     2.29595e-09
9109     6.53484e-10
9114     1.76923e-09
9129     9.13546e-10
9130     8.36171e-11
9131     1.71504e-09
9132     3.46795e-09
9133     1.46243e-09
9134     1.49683e-09
9135     5.87643e-10
9160     3.12434e-09
9192     4.23268e-10
9264     1.00304e-09
9265     1.47889e-09
9266     1.57827e-09
9267     1.50031e-09
9268     1.95567e-09
9269     1.16816e-09
9287     1.21775e-10
9288     4.46952e-09
9320     2.38261e-09
9397     4.61306e-10
9398     1.785e-09
9399     8.28649e-10
9400     3.3234e-10
9415     3.86771e-10
9416     2.1444e-09
9417     5.42284e-10
9447     2.92538e-09
9448     3.44085e-09
9528     3.48375e-09
9529     1.3229e-09
9575     3.26635e-09
9666     7.99829e-10
9667     2.08623e-09
9738     2.57761e-09
9795     2.78437e-10
9796     1.79842e-09
9797     7.68875e-10
9867     1.27461e-09
9874     6.09661e-10
9995     9.62817e-11
10002     1.97266e-09
10130     2.08817e-09
10208     6.65541e-11
10258     1.72311e-09
10307     8.65374e-10
10321     1.64796e-09
10336     1.35387e-09
10356     6.58338e-10
10435     4.97099e-10
10436     1.1591e-09
10448     4.62569e-10
10449     2.71097e-10
10483     5.40841e-10
10484     1.03387e-09
10538     1.35696e-09
10539     1.4207e-09
10611     2.54432e-09
10738     1.3521e-10
10739     1.20818e-09
10769     2.39696e-10
10770     1.05138e-09
10866     4.78525e-10
10897     1.29968e-09
10994     6.02426e-10
11024     1.73009e-09
11025     5.64282e-11
11071     1.40848e-09
11121     2.01531e-09
11122     2.30437e-10
11249     3.71284e-10
11470     2.70713e-10
11471     1.20799e-10
11505     2.51428e-10
11506     6.72229e-12
11598     2.36557e-09
11634     3.6859e-10
11725     7.81425e-10
11726     1.56034e-09
11742     2.33914e-10
11870     2.28575e-10
11871     2.44256e-09
11872     2.6426e-09
11982     2.01599e-09
12110     1.83044e-12
12111     4.90062e-10
12133     2.20413e-09
12349     1.567e-09
12350     1.56899e-10
12369     1.98723e-09
12438     7.10684e-10
12439     5.18144e-10
12478     2.93191e-09
12479     8.03155e-10
12565     5.17153e-10
12566     3.59157e-09
12606     3.41514e-09
12607     2.30859e-09
12611     1.23366e-09
12612     1.31079e-09
12734     2.1102e-09
12740     7.7749e-10
12741     2.37519e-09
12929     5.4342e-11
12930     1.50546e-09
12931     1.90691e-09
12932     1.82397e-09
12933     1.51669e-09
12934     1.88585e-09
13031     1.49332e-09
13056     1.57281e-09
13057     1.39151e-09
13159     1.14562e-09
13220     4.16337e-09
13286     1.71848e-10
13287     2.08672e-10
13346     1.35634e-08
13414     1.0013e-10
13474     1.52942e-09
13526     1.73198e-09
13527     1.62278e-09
13602     1.01598e-09
13603     3.87529e-10
13604     1.10826e-09
13731     5.94867e-10
13732     7.49057e-10
13735     7.03653e-09
13859     7.52581e-10
13860     3.02688e-09
13863     5.07918e-10
13865     6.68218e-10
13988     2.93497e-10
13991     7.22178e-11
13992     1.28476e-08
13993     1.00668e-09
14116     1.72013e-09
14119     2.91888e-10
14244     2.33099e-11
14637     8.28922e-10
14638     2.32857e-09
14766     3.44241e-10
14918     1.36644e-10
14919     6.10568e-10
14920     1.15324e-09
14921     1.23273e-10
15049     9.40752e-11
15050     1.6598e-10
15051     5.99174e-11
15052     1.96226e-09
15053     1.62963e-09
15054     4.53495e-10
17000     1.94454e-10
17001     8.94069e-10
17128     6.11071e-09
17255     4.04085e-10
17256     4.70359e-10
17383     3.94351e-09
17510     6.17971e-10
17511     4.01502e-10
17638     1.34354e-09
17765     3.67546e-10
17766     6.24831e-10
17888     6.45572e-10
17889     6.84644e-09
17890     9.84221e-10
17893     2.3031e-09
17979     2.23516e-11
18020     2.38211e-11
18021     5.61004e-10
18107     1.21642e-09
18148     6.49701e-10
18235     1.78225e-09
18362     8.6445e-10
18363     1.65286e-10
18524     2.80423e-10
18525     1.07714e-09
18526     5.28304e-10
18527     8.29226e-10
18528     5.71811e-10
18573     1.12332e-09
18574     1.69109e-09
18647     1.76617e-10
18648     1.96394e-09
18649     5.58233e-10
18650     5.16739e-10
18651     1.34856e-09
18652     6.38389e-11
19259     5.85383e-10
19279     1.36331e-09
19280     1.82365e-09
19281     1.53246e-09
19282     1.89895e-09
19283     9.94389e-10
19827     1.55901e-10
19917     2.97272e-10
19918     5.55466e-10
19931     5.74927e-10
19953     5.35395e-09
19954     3.23763e-10
19955     2.21133e-11
20038     2.68754e-10
20039     1.24022e-09
20046     1.22816e-09
20047     2.10131e-09
20048     2.38323e-09
20049     9.70945e-13
20059     2.03992e-09
20077     1.3931e-09
20078     1.95428e-08
20079     5.81567e-10
20080     1.19399e-09
20081     2.66766e-10
20167     2.61916e-09
20174     1.14068e-09
20175     4.02451e-10
20205     2.68572e-09
20206     9.4877e-11
20242     1.78641e-09
20295     2.20601e-09
20554     4.87635e-10
20629     1.34995e-11
20682     1.44776e-09
20683     3.26616e-09
20684     3.59957e-10
20757     2.90388e-09
20812     1.94876e-09
20813     1.74861e-09
20884     1.40445e-10
20885     1.6506e-09
20900     1.52169e-09
20941     1.36364e-10
20942     2.39717e-09
20943     1.45376e-09
21071     6.04572e-10
21072     2.558e-10
21098     1.38695e-10
21226     5.20622e-10
21227     1.16273e-09
21331     5.68832e-10
21355     2.22274e-09
21460     2.12937e-09
21483     1.07598e-09
21528     1.00434e-09
21529     1.95159e-09
21530     1.57392e-09
21531     1.34024e-10
21532     1.49846e-09
21570     6.14499e-10
21588     1.64099e-09
21698     1.74975e-09
21716     1.1989e-10
21717     3.69269e-09
21718     1.42676e-10
22087     2.88222e-10
22215     1.49551e-09
22419     5.06219e-10
22547     1.69041e-09
22548     5.4974e-10
22594     1.29397e-09
22620     8.66358e-10
22621     1.62975e-09
22622     1.17788e-09
22623     2.68259e-10
22722     2.48944e-09
22723     1.75206e-09
22751     3.94198e-10
22752     3.52111e-10
23053     7.59581e-11
23109     3.09304e-09
23132     8.96386e-10
23181     1.51992e-10
23205     3.07855e-10
23206     1.19569e-09
23207     5.46429e-10
23236     1.59395e-09
23260     3.02921e-10
23336     1.11616e-09
23337     1.69534e-09
23338     4.72552e-09
23364     1.6077e-09
23466     1.97756e-09
23467     8.54993e-10
23468     9.68434e-10
23492     1.41755e-09
23645     4.81421e-11
23693     1.42705e-09
23773     8.30401e-09
23821     1.24753e-09
23900     4.37497e-10
23901     1.05464e-10
23907     2.24018e-09
23908     1.31652e-09
23909     1.33692e-09
23910     2.047e-09
23911     7.24211e-10
24015     3.84865e-09
24028     1.55502e-09
24039     7.06073e-10
24143     5.26748e-10
24155     1.72773e-09
24156     1.22282e-09
24283     1.36406e-09
24295     1.76936e-10
24411     2.41941e-09
24479     9.864e-11
24480     1.47386e-09
24538     8.61362e-10
24607     2.81776e-10
24665     4.23607e-10
24666     1.34072e-09
24735     2.5572e-10
24793     1.73901e-09
24920     2.7287e-10
24921     2.16285e-09
25034     6.22232e-10
25048     4.12515e-10
25160     3.98628e-10
25161     2.23128e-09
25162     1.51266e-09
25175     9.69414e-10
25176     1.15763e-09
25193     7.37735e-10
25240     7.77163e-10
25287     1.41559e-09
25288     2.51398e-09
25303     1.94081e-09
25320     6.66725e-10
25321     1.86686e-10
25369     2.21677e-09
25430     1.61154e-09
25431     1.50346e-10
25448     2.20706e-09
25556     4.86466e-10
25557     3.32899e-09
25558     5.68286e-10
25576     8.81442e-10
25685     2.27317e-09
25799     2.09081e-09
25812     7.29353e-11
25813     1.08408e-09
25874     1.62644e-09
25914     1.7012e-09
25927     4.63487e-09
25940     2.1662e-09
26002     2.23265e-09
26042     2.27254e-10
26043     2.44837e-09
26044     2.1082e-09
26045     1.32213e-09
26052     7.01029e-10
26053     1.7729e-09
26054     3.32676e-09
26055     7.06005e-10
26068     3.67044e-09
26130     1.67856e-09
26173     1.92695e-10
26175     1.77821e-09
26176     2.09658e-09
26177     1.96577e-09
26178     1.58503e-09
26179     1.71738e-09
26180     1.03257e-09
26181     7.1215e-11
26195     1.0148e-09
26196     3.70824e-10
26258     1.50325e-09
26323     1.992e-09
26379     1.72949e-09
26380     1.21586e-10
26451     1.07716e-09
26455     1.15174e-09
26456     2.18387e-09
26457     1.81051e-11
26508     3.0166e-09
26509     1.59087e-11
26578     3.75935e-09
26579     1.96699e-10
26637     3.01263e-09
26706     3.88841e-09
26719     4.15119e-10
26720     2.0219e-11
26798     1.09664e-09
26799     3.00002e-09
26805     2.09933e-11
26806     4.91786e-10
26832     1.44793e-11
26833     2.01705e-10
26834     6.00005e-10
26847     4.13389e-10
26921     8.48369e-10
26922     1.3131e-09
26927     1.02139e-09
26928     1.05239e-09
26929     2.70655e-10
26930     1.68249e-10
26934     7.4147e-10
26961     2.708e-09
27058     1.05479e-09
27059     1.60474e-09
27060     4.33417e-10
27089     7.6236e-10
27188     1.66751e-11
27217     6.05175e-10
27344     1.11297e-09
27408     8.85281e-10
27472     3.03168e-09
27536     9.21699e-10
27580     9.4318e-11
27581     5.71372e-10
27599     6.69464e-10
27600     9.26735e-10
27633     3.517e-10
27708     6.38857e-10
27709     8.93856e-12
27727     1.9163e-09
27735     2.7055e-10
27855     1.86042e-09
27863     1.29685e-09
27991     4.59485e-11
27992     2.04324e-09
28018     3.20477e-10
28019     3.69719e-10
28110     1.15243e-11
28147     1.98869e-09
28148     8.20972e-10
28193     6.43767e-10
28194     6.8625e-10
28238     2.92495e-09
28256     1.396e-09
28257     2.22005e-09
28258     6.00826e-10
28283     6.30362e-10
28320     4.13769e-10
28321     1.51766e-09
28366     5.15613e-10
28409     1.28559e-09
28410     4.42824e-10
28411     2.46537e-10
28535     1.29541e-09
28536     7.73624e-10
28537     4.06093e-10
28569     2.20919e-11
28570     1.93009e-10
28583     9.97659e-10
28608     1.70293e-09
28661     1.71434e-10
28662     6.48035e-10
28663     4.05608e-09
28695     5.75699e-11
28696     3.29363e-09
28697     2.15058e-09
28703     1.50593e-10
28711     1.83093e-09
28736     2.56909e-10
28737     1.74784e-09
28787     2.86137e-10
28788     1.02295e-09
28789     3.29117e-09
28831     1.91082e-09
28839     2.09902e-09
28865     8.63191e-10
28866     1.99472e-09
28913     5.77521e-10
28914     5.92934e-10
28915     2.93566e-10
28959     1.60861e-09
28967     4.01958e-09
28994     4.1834e-10
28995     1.15013e-09
29032     1.27909e-09
29039     1.71312e-10
29040     5.13542e-09
29041     3.68073e-09
29087     1.38841e-10
29088     1.82451e-09
29095     1.79979e-09
29117     3.95052e-11
29118     1.37191e-09
29156     4.13797e-10
29157     2.35574e-10
29159     5.97579e-11
29160     1.33741e-09
29166     4.23382e-10
29167     3.78126e-10
29202     1.55914e-10
29216     6.32134e-10
29223     1.68157e-09
29245     1.81808e-09
29285     9.01854e-10
29287     1.15746e-09
29319     3.48608e-09
29320     7.07857e-10
29321     2.49685e-09
29322     6.45904e-10
29323     3.42169e-09
29324     6.58996e-10
29325     2.25226e-09
29326     1.97736e-09
29327     2.13582e-09
29328     4.82949e-11
29329     7.7922e-10
29330     2.01626e-10
29344     4.98711e-10
29345     4.61117e-10
29351     3.91428e-09
29372     1.19721e-09
29373     9.55967e-10
29415     3.28107e-10
29416     8.82632e-11
29473     1.18363e-09
29479     2.11453e-09
29499     5.52817e-10
29500     1.35899e-09
29528     1.91427e-09
29601     3.58248e-10
29606     3.29214e-10
29607     7.71164e-10
29626     4.5136e-10
29627     1.89361e-09
29730     6.88011e-09
29734     1.03221e-09
29753     5.09267e-10
29754     2.17275e-09
29858     4.60045e-09
29861     3.0526e-10
29862     1.17102e-09
29880     3.70922e-10
29881     1.6831e-09
29909     4.32489e-10
29910     1.44683e-09
29989     7.98609e-10
29991     1.37653e-09
29996     7.23341e-10
30007     4.76323e-10
30008     1.97684e-09
30117     1.58934e-09
30119     1.25817e-09
30120     1.33083e-09
30123     1.48971e-09
30135     5.72989e-11
30244     3.3341e-09
30245     5.10973e-11
30247     1.57554e-09
30250     2.6633e-09
30251     6.45876e-10
30371     3.15366e-09
30372     3.43966e-10
30499     2.75615e-09
30500     3.72432e-09
30627     3.81112e-09
30748     2.4571e-11
30749     1.00201e-09
30750     4.95219e-10
30751     1.12858e-09
30752     1.07247e-09
30753     8.76434e-10
30754     1.06223e-09
30755     2.57992e-10
30869     7.2296e-10
30870     1.43178e-09
30871     1.09091e-09
30872     2.59512e-10
30873     3.10687e-10
30874     4.18631e-10
30875     8.65488e-10
30876     5.06013e-09
30902     9.83715e-10
30903     1.38794e-09
30994     4.24026e-10
30995     2.73091e-09
30996     8.59309e-10
30997     4.38519e-10
31031     9.0692e-10
31032     1.01451e-09
31114     1.5356e-09
31115     1.58297e-09
31117     1.13463e-09
31150     1.10093e-09
31151     1.34472e-10
31160     4.77832e-10
31167     2.94568e-10
31168     1.40595e-09
31169     9.21963e-10
31170     1.1016e-09
31171     3.83131e-10
31279     1.20767e-09
31289     7.44455e-10
31290     4.12917e-10
31299     4.8826e-10
31300     3.05082e-09
31301     9.90502e-10
31302     1.03796e-09
31408     1.34517e-10
31418     2.31342e-09
31547     1.97379e-10
32874     7.30949e-10
32875     6.15509e-11
33002     8.44598e-10
33129     4.77411e-10
33130     5.87516e-10
33725     1.11573e-09
33726     4.20322e-11
33853     5.09227e-10
33981     4.12833e-11
34108     1.74972e-09
34236     1.31242e-09
34272     6.7825e-09
34363     1.01729e-10
34364     6.25701e-10
34956     2.49746e-12
35643     2.69217e-09
35667     9.10475e-10
35668     1.82131e-09
35669     2.75554e-10
36008     1.05623e-09
36136     2.04987e-09
36207     2.35567e-08
36312     3.1e-10
36313     1.82764e-09
36314     2.82544e-09
36315     4.51005e-11
36335     3.25971e-08
36423     3.35927e-09
36433     2.10553e-09
36434     2.31786e-09
36435     7.64469e-10
36443     4.15397e-09
36444     7.48548e-10
36445     1.65599e-09
36446     5.36691e-10
36447     3.81901e-10
36462     4.53321e-09
36463     1.83745e-09
36551     4.19138e-10
36563     1.15481e-09
36564     3.84886e-10
36575     1.28854e-09
36576     6.5828e-10
36577     2.1086e-09
36578     1.18097e-09
36579     2.80407e-09
36580     1.94227e-09
36589     1.03507e-09
36626     1.20249e-09
36708     1.93866e-10
36709     4.81773e-10
36710     1.92737e-09
36711     1.55984e-09
36712     1.57912e-09
36713     3.50806e-09
36714     1.66028e-09
36715     1.50278e-09
36716     1.64587e-09
36717     9.6389e-10
37456     2.06224e-09
37457     1.65395e-10
37472     1.59255e-09
37585     1.84969e-09
37586     8.76179e-10
37598     8.59621e-11
37599     3.2612e-09
37714     1.26147e-09
37715     1.87258e-09
37843     5.9274e-10
37844     3.69027e-10
37907     2.48207e-10
37908     2.03155e-09
37909     1.72681e-09
37910     1.85549e-09
37911     1.85054e-09
37912     7.74316e-10
38082     1.62908e-10
38210     1.63414e-09
38338     1.64196e-09
38466     2.61813e-09
38594     1.76844e-09
38722     1.98459e-09
38850     3.66947e-09
38977     8.0379e-10
38978     2.37403e-09
39136     3.64312e-09
39137     2.53185e-10
39138     1.05941e-09
39308     7.74938e-10
39309     6.43189e-10
39437     2.42366e-09
39460     4.66749e-10
39461     2.97395e-10
39492     1.25657e-09
39493     2.78022e-11
39589     1.02236e-10
39726     2.38064e-10
39854     1.27485e-09
39876     4.52282e-10
39990     2.47433e-10
40004     1.25988e-09
40005     1.09012e-09
40117     1.39803e-09
40118     3.31676e-10
40133     1.34964e-09
40288     1.94575e-10
40289     1.49424e-09
40290     5.91061e-10
40350     4.7934e-10
40352     2.08988e-09
40353     6.20059e-12
40474     3.08942e-10
40475     1.93148e-09
40476     2.16026e-09
40477     1.84593e-09
40478     5.47222e-10
40527     6.77278e-10
40528     4.52898e-09
40600     1.63667e-10
40601     4.95577e-09
40602     6.29314e-10
40632     9.26088e-11
40634     3.65504e-10
40656     6.50113e-10
40726     4.83951e-10
40727     3.31638e-09
40728     5.54774e-11
40759     4.75908e-09
40760     3.66e-10
40761     2.35068e-09
40762     3.08039e-09
40852     1.48411e-09
40853     4.13558e-09
40854     3.31903e-10
40887     1.13981e-09
40888     1.84503e-09
40977     1.39528e-10
40978     2.10729e-09
40979     1.71155e-09
40980     5.77733e-10
41013     2.53023e-09
41014     9.89228e-10
41015     8.31363e-11
41104     1.53467e-09
41105     1.84574e-09
41140     3.1162e-09
41141     5.51772e-10
41230     9.28524e-10
41231     2.57518e-09
41232     1.06203e-10
41266     1.1316e-10
41267     7.49715e-09
41268     3.42728e-10
41281     9.00127e-10
41288     7.11314e-10
41289     2.61036e-09
41357     1.09576e-09
41358     1.17191e-09
41359     1.9616e-09
41393     3.37151e-10
41394     1.16544e-09
41409     9.8242e-11
41416     2.39283e-09
41495     3.95734e-10
41519     3.49676e-10
41520     1.16884e-09
41521     4.56022e-10
41543     1.8712e-09
41544     9.10376e-10
41577     2.03932e-10
41623     1.80165e-09
41624     4.67676e-10
41646     1.77986e-09
41647     5.37076e-10
41660     6.8478e-10
41661     4.72998e-10
41662     1.00906e-10
41669     7.09952e-10
41670     3.49547e-09
41671     2.85808e-09
41672     7.57243e-10
41772     8.29692e-10
41773     1.41784e-09
41796     6.83186e-10
41797     8.92643e-10
41799     4.23041e-09
41800     1.82009e-09
41801     1.91307e-09
41898     4.12656e-10
41899     1.93362e-09
41900     9.79488e-10
41929     4.62482e-10
41940     1.15314e-09
41941     1.70711e-09
42025     1.99676e-09
42026     1.47718e-09
42151     1.37724e-09
42152     1.67463e-09
42153     2.17907e-11
42258     1.26156e-11
42277     1.01452e-09
42278     6.29698e-10
42279     4.86986e-11
42403     3.45232e-10
42404     1.46531e-09
42405     4.69561e-10
42529     7.95753e-11
42530     2.03423e-09
42531     1.61631e-09
42557     2.91964e-10
42558     2.00448e-09
42559     2.05691e-09
42560     7.85325e-10
42655     4.03939e-11
42656     3.09324e-09
42657     1.51225e-09
42782     5.46055e-09
42783     3.63053e-10
42841     6.79659e-10
42908     1.24497e-08
42909     7.25404e-10
42910     9.42578e-11
42969     4.31086e-09
42970     1.02e-09
43034     1.9578e-09
43035     2.7915e-10
43036     8.15641e-11
43061     2.39367e-09
43161     1.20815e-09
43162     6.1963e-10
43189     4.10567e-10
43304     1.83713e-09
43305     1.71594e-09
43362     2.56153e-09
43572     2.74708e-13
43573     2.06618e-09
43574     1.782e-09
43575     3.86342e-10
43703     7.13274e-10
43704     7.57849e-10
43705     1.24698e-09
43706     4.52529e-10
43834     1.29781e-09
43835     1.95036e-09
43836     1.53913e-09
43964     8.75872e-10
43965     4.14816e-09
43966     1.71118e-09
43967     3.85022e-09
43968     1.52436e-09
43969     8.01539e-10
44093     1.5665e-09
44096     5.93141e-10
44097     3.40154e-09
44098     8.21917e-10
44226     1.33561e-09
44227     2.2028e-09
44228     1.59736e-09
44323     5.45782e-10
44324     1.58566e-09
44376     9.54726e-10
44415     2.40112e-09
44450     1.03557e-09
44451     3.3675e-09
44494     2.54503e-09
44504     1.87004e-09
44505     1.87257e-09
44532     7.8788e-10
44541     7.23545e-10
44542     4.04039e-09
44543     1.16039e-09
44576     9.56886e-11
44577     1.81914e-09
44578     3.76066e-09
44579     1.08718e-10
44633     9.26597e-10
44634     1.38304e-09
44642     1.51441e-10
44660     3.45421e-10
44661     2.14631e-09
44662     3.52721e-10
44668     8.17243e-10
44669     6.25621e-11
44703     1.74818e-10
44704     3.67398e-09
44762     3.83768e-10
44763     3.41684e-11
44831     2.26683e-09
44832     2.29081e-09
44896     3.35847e-10
44954     3.55391e-10
44959     3.71589e-09
44960     1.03035e-09
45087     3.52015e-10
45160     7.63265e-10
45288     3.38351e-09
45416     1.99846e-09
45544     7.35828e-10
45669     4.79348e-09
45672     2.51739e-09
45800     2.67187e-10
45912     1.8091e-09
45913     2.37675e-09
46125     1.81434e-09
46126     3.78221e-09
46253     1.03247e-09
46381     3.00678e-10
46504     2.5053e-09
46508     1.58289e-09
46759     7.22523e-10
46887     2.41524e-10
46894     2.44931e-10
47011     7.51615e-10
47022     3.86117e-10
47023     1.66274e-10
47139     8.11102e-10
47151     1.99395e-09
47279     1.2664e-09
47280     1.10337e-09
47374     6.39798e-10
47375     1.60963e-09
47376     1.01198e-09
47377     1.75911e-09
47378     4.07598e-10
47408     1.19698e-10
47419     1.4362e-09
47420     2.28065e-09
47421     2.08011e-09
47422     1.58765e-10
47498     4.34458e-10
47499     4.06822e-09
47500     3.31005e-09
47501     2.53094e-09
47502     5.63396e-10
47550     2.74986e-09
47551     7.96594e-10
47627     3.18381e-09
47628     6.91854e-10
47754     1.41834e-09
47755     2.48059e-10
47792     2.83079e-10
47921     1.15209e-09
47931     8.8876e-10
48049     7.63115e-10
48050     5.69714e-10
48060     7.43511e-10
48178     7.62908e-10
48188     8.8456e-10
48189     1.05182e-09
48317     1.84488e-09
48318     6.00877e-10
48446     1.36523e-09
48447     1.54813e-10
48575     1.03411e-09
48703     3.28138e-09
48704     4.73739e-10
48832     2.02817e-10
48833     1.88315e-09
48961     1.02254e-09
48962     1.68919e-10
49090     1.41628e-09
49091     4.50024e-11
