
        ############################################
        !!! WARNING - FPE detection is activated !!!
        ############################################

*************************************************************
 Geant4 version Name: geant4-10-00-ref-03    (31-March-2014)
                      Copyright : Geant4 Collaboration
                      Reference : NIM A 506 (2003), 250-303
                            WWW : http://cern.ch/geant4
*************************************************************

Visualization Manager instantiating with verbosity "warnings (3)"...
Visualization Manager initialising...
Registering graphics systems...

You have successfully registered the following graphics systems.
Current available graphics systems are:
  ASCIITree (ATree)
  DAWNFILE (DAWNFILE)
  G4HepRep (HepRepXML)
  G4HepRepFile (HepRepFile)
  OpenGLImmediateX (OGLIX)
  OpenGLImmediateXm (OGLI, OGLIXm)
  OpenGLStoredX (OGLSX)
  OpenGLStoredXm (OGL, OGLS, OGLSXm)
  RayTracer (RayTracer)
  RayTracerX (RayTracerX)
  VRML1FILE (VRML1FILE)
  VRML2FILE (VRML2FILE)
  gMocrenFile (gMocrenFile)

Registering model factories...

You have successfully registered the following model factories.
Registered model factories:
  generic
  drawByCharge
  drawByParticleID
  drawByOriginVolume
  drawByAttribute

Registered filter factories:
  chargeFilter
  particleFilter
  originVolumeFilter
  attributeFilter

You have successfully registered the following user vis actions.
Run Duration User Vis Actions: none
End of Event User Vis Actions: none
End of Run User Vis Actions: none

Some /vis commands (optionally) take a string to specify colour.
Available colours:
  black, blue, brown, cyan, gray, green, grey, magenta, red, white, yellow

Verbosity Set to: 0
### Run 0 start.
... create Root directory for histograms : histo - done
... create Root directory for ntuples : ntuple - done
... open Root analysis file : expGPS.root - done
... create Root H1 : 1 - done
... create Root H2 : 2 - done
... create Root H2 : 3 - done
... create Root H2 : 4 - done
... create Root H2 : 5 - done
... create Root H2 : 6 - done
... create Root ntuple : MyTuple ntupleId 1 - done
... create Root ntuple I column : particleID ntupleId 1 - done
... create Root ntuple D column : Ekin ntupleId 1 - done
... create Root ntuple D column : posX ntupleId 1 - done
... create Root ntuple D column : posY ntupleId 1 - done
... create Root ntuple D column : posZ ntupleId 1 - done
... create Root ntuple D column : dirTheta ntupleId 1 - done
... create Root ntuple D column : dirPhi ntupleId 1 - done
... create Root ntuple D column : weight ntupleId 1 - done

----> Histogram Tree is opened in expGPS.root

---> Begin of event: 0

---> Begin of event: 1000
... write Root file : expGPS.root - done

----> Histogram Tree is saved in expGPS.root
Graphics systems deleted.
Visualization Manager deleting...
