
        ############################################
        !!! WARNING - FPE detection is activated !!!
        ############################################

**************************************************************
 Geant4 version Name: geant4-10-06-ref-06    (26-June-2020)
                       Copyright : Geant4 Collaboration
                      References : NIM A 506 (2003), 250-303
                                 : IEEE-TNS 53 (2006), 270-278
                                 : NIM A 835 (2016), 186-225
                             WWW : http://geant4.org/
**************************************************************

===== Register constructor ==== G4EmDNAPhysics
===== Register constructor ==== G4EmDNAChemistry
userDetector->Construct() start.
World is registered to the default region.
physicsList->Construct() start.
physicsList->CheckParticleList() start.
physicsList->setCut() start.

### ===  Deexcitation model UAtomDeexcitation is activated for 1 region:
          DefaultRegionForTheWorld  1  1  0
### ===  Auger cascade flag: 1
### ===  Ignore cuts flag:   1

phot:  for gamma SubType=12 BuildTable=0
      LambdaPrime table from 200 keV to 100 TeV in 61 bins 
      ===== EM models for the G4Region  DefaultRegionForTheWorld ======
 LivermorePhElectric : Emin=    0 eV  Emax=  100 TeV  SauterGavrila Fluo

compt:  for gamma SubType=13 BuildTable=1
      Lambda table from 100 eV  to 1 MeV, 7 bins/decade, spline: 1
      LambdaPrime table from 1 MeV to 100 TeV in 56 bins 
      ===== EM models for the G4Region  DefaultRegionForTheWorld ======
    LivermoreCompton : Emin=    0 eV  Emax=  100 TeV Fluo

conv:  for gamma SubType=14 BuildTable=1
      Lambda table from 1.022 MeV to 100 TeV, 18 bins/decade, spline: 1
      ===== EM models for the G4Region  DefaultRegionForTheWorld ======
 LivermoreConversion : Emin=    0 eV  Emax=  100 TeV  ModifiedTsai

Rayl:  for gamma SubType=11 BuildTable=1
      Lambda table from 100 eV  to 100 keV, 7 bins/decade, spline: 0
      LambdaPrime table from 100 keV to 100 TeV in 63 bins 
      ===== EM models for the G4Region  DefaultRegionForTheWorld ======
   LivermoreRayleigh : Emin=    0 eV  Emax=  100 TeV  CullenGenerator

e-_G4DNAElectronSolvation:  for e- SubType=58 BuildTable=0
      ===== EM models for the G4Region  DefaultRegionForTheWorld ======
DNAOneStepThermalizationModel_Meesungnoen2002 : Emin=    0 eV  Emax=  7.4 eV 

e-_G4DNAElastic:  for e- SubType=51 BuildTable=0
      ===== EM models for the G4Region  DefaultRegionForTheWorld ======
DNAChampionElasticModel : Emin=    0 eV  Emax=    1 MeV

e-_G4DNAExcitation:  for e- SubType=52 BuildTable=0
      ===== EM models for the G4Region  DefaultRegionForTheWorld ======
DNABornExcitationModel : Emin=    0 eV  Emax=    1 MeV

e-_G4DNAIonisation:  for e- SubType=53 BuildTable=0
      ===== EM models for the G4Region  DefaultRegionForTheWorld ======
DNABornIonisationModel : Emin=    0 eV  Emax=    1 MeV  deltaBorn Fluo

e-_G4DNAVibExcitation:  for e- SubType=54 BuildTable=0
      ===== EM models for the G4Region  DefaultRegionForTheWorld ======
DNASancheExcitationModel : Emin=    0 eV  Emax=  100 eV 

e-_G4DNAAttachment:  for e- SubType=55 BuildTable=0
      ===== EM models for the G4Region  DefaultRegionForTheWorld ======
DNAMeltonAttachmentModel : Emin=    0 eV  Emax=   13 eV 

msc:  for e+  SubType= 10
      RangeFactor= 0.04, stepLimType: 3, latDisp: 1, skin= 1, geomFactor= 2.5
      ===== EM models for the G4Region  DefaultRegionForTheWorld ======
            UrbanMsc : Emin=    0 eV  Emax=  100 TeV Nbins=84 100 eV  - 100 TeV

eIoni:  for e+  SubType=2
      dE/dx and range tables from 100 eV  to 100 TeV in 84 bins
      Lambda tables from threshold to 100 TeV, 7 bins/decade, spline: 1
      StepFunction=(0.2, 1 mm), integ: 1, fluct: 1, linLossLim= 0.01
      ===== EM models for the G4Region  DefaultRegionForTheWorld ======
        MollerBhabha : Emin=    0 eV  Emax=  100 TeV

eBrem:  for e+  SubType=3
      dE/dx and range tables from 100 eV  to 100 TeV in 84 bins
      Lambda tables from threshold to 100 TeV, 7 bins/decade, spline: 1
      LPM flag: 1 for E > 1 GeV,  VertexHighEnergyTh(GeV)= 100000
      ===== EM models for the G4Region  DefaultRegionForTheWorld ======
             eBremSB : Emin=    0 eV  Emax=    1 GeV  ModifiedTsai
            eBremLPM : Emin=    1 GeV Emax=  100 TeV  ModifiedTsai

annihil:  for e+, integral:1  SubType=5 BuildTable=0
      ===== EM models for the G4Region  DefaultRegionForTheWorld ======
            eplus2gg : Emin=    0 eV  Emax=  100 TeV

proton_G4DNAElastic:  for proton SubType=51 BuildTable=0
      ===== EM models for the G4Region  DefaultRegionForTheWorld ======
  DNAIonElasticModel : Emin=    0 eV  Emax=    1 MeV

proton_G4DNAExcitation:  for proton SubType=52 BuildTable=0
      ===== EM models for the G4Region  DefaultRegionForTheWorld ======
DNAMillerGreenExcitationModel : Emin=    0 eV  Emax=  500 keV
DNABornExcitationModel : Emin=  500 keV Emax=  100 MeV

proton_G4DNAIonisation:  for proton SubType=53 BuildTable=0
      ===== EM models for the G4Region  DefaultRegionForTheWorld ======
DNARuddIonisationModel : Emin=    0 eV  Emax=  500 keV  deltaRudd Fluo
DNABornIonisationModel : Emin=  500 keV Emax=  100 MeV  deltaBorn Fluo

proton_G4DNAChargeDecrease:  for proton SubType=56 BuildTable=0
      ===== EM models for the G4Region  DefaultRegionForTheWorld ======
DNADingfelderChargeDecreaseModel : Emin=    0 eV  Emax=  100 MeV

GenericIon_G4DNAIonisation:  for GenericIon SubType=53 BuildTable=0
      ===== EM models for the G4Region  DefaultRegionForTheWorld ======
DNARuddIonisationExtendedModel : Emin=    0 eV  Emax=    1 TeV  deltaRudd Fluo

alpha_G4DNAElastic:  for alpha SubType=51 BuildTable=0
      ===== EM models for the G4Region  DefaultRegionForTheWorld ======
  DNAIonElasticModel : Emin=    0 eV  Emax=    1 MeV

alpha_G4DNAExcitation:  for alpha SubType=52 BuildTable=0
      ===== EM models for the G4Region  DefaultRegionForTheWorld ======
DNAMillerGreenExcitationModel : Emin=    0 eV  Emax=  400 MeV

alpha_G4DNAIonisation:  for alpha SubType=53 BuildTable=0
      ===== EM models for the G4Region  DefaultRegionForTheWorld ======
DNARuddIonisationModel : Emin=    0 eV  Emax=  400 MeV  deltaRudd Fluo

alpha_G4DNAChargeDecrease:  for alpha SubType=56 BuildTable=0
      ===== EM models for the G4Region  DefaultRegionForTheWorld ======
DNADingfelderChargeDecreaseModel : Emin=    0 eV  Emax=  400 MeV

alpha+_G4DNAElastic:  for alpha+ SubType=51 BuildTable=0
      ===== EM models for the G4Region  DefaultRegionForTheWorld ======
  DNAIonElasticModel : Emin=    0 eV  Emax=    1 MeV

alpha+_G4DNAExcitation:  for alpha+ SubType=52 BuildTable=0
      ===== EM models for the G4Region  DefaultRegionForTheWorld ======
DNAMillerGreenExcitationModel : Emin=    0 eV  Emax=  400 MeV

alpha+_G4DNAIonisation:  for alpha+ SubType=53 BuildTable=0
      ===== EM models for the G4Region  DefaultRegionForTheWorld ======
DNARuddIonisationModel : Emin=    0 eV  Emax=  400 MeV  deltaRudd Fluo

alpha+_G4DNAChargeDecrease:  for alpha+ SubType=56 BuildTable=0
      ===== EM models for the G4Region  DefaultRegionForTheWorld ======
DNADingfelderChargeDecreaseModel : Emin=    0 eV  Emax=  400 MeV

alpha+_G4DNAChargeIncrease:  for alpha+ SubType=57 BuildTable=0
      ===== EM models for the G4Region  DefaultRegionForTheWorld ======
DNADingfelderChargeIncreaseModel : Emin=    0 eV  Emax=  400 MeV

helium_G4DNAElastic:  for helium SubType=51 BuildTable=0
      ===== EM models for the G4Region  DefaultRegionForTheWorld ======
  DNAIonElasticModel : Emin=    0 eV  Emax=    1 MeV

helium_G4DNAExcitation:  for helium SubType=52 BuildTable=0
      ===== EM models for the G4Region  DefaultRegionForTheWorld ======
DNAMillerGreenExcitationModel : Emin=    0 eV  Emax=  400 MeV

helium_G4DNAIonisation:  for helium SubType=53 BuildTable=0
      ===== EM models for the G4Region  DefaultRegionForTheWorld ======
DNARuddIonisationModel : Emin=    0 eV  Emax=  400 MeV  deltaRudd Fluo

helium_G4DNAChargeIncrease:  for helium SubType=57 BuildTable=0
      ===== EM models for the G4Region  DefaultRegionForTheWorld ======
DNADingfelderChargeIncreaseModel : Emin=    0 eV  Emax=  400 MeV

hydrogen_G4DNAElastic:  for hydrogen SubType=51 BuildTable=0
      ===== EM models for the G4Region  DefaultRegionForTheWorld ======
  DNAIonElasticModel : Emin=    0 eV  Emax=    1 MeV

hydrogen_G4DNAExcitation:  for hydrogen SubType=52 BuildTable=0
      ===== EM models for the G4Region  DefaultRegionForTheWorld ======
DNAMillerGreenExcitationModel : Emin=    0 eV  Emax=  500 keV

hydrogen_G4DNAIonisation:  for hydrogen SubType=53 BuildTable=0
      ===== EM models for the G4Region  DefaultRegionForTheWorld ======
DNARuddIonisationModel : Emin=    0 eV  Emax=  100 MeV  deltaRudd Fluo

hydrogen_G4DNAChargeIncrease:  for hydrogen SubType=57 BuildTable=0
      ===== EM models for the G4Region  DefaultRegionForTheWorld ======
DNADingfelderChargeIncreaseModel : Emin=    0 eV  Emax=  100 MeV

Region <DefaultRegionForTheWorld> --  -- appears in <World> world volume
 This region is in the mass world.
 Root logical volume(s) : World 
 Pointers : G4VUserRegionInformation[0], G4UserLimits[0], G4FastSimulationManager[0], G4UserSteppingAction[0]
 Materials : G4_WATER 
 Production cuts :   gamma 1 nm      e- 1 nm      e+ 1 nm  proton 1 nm 

Region <DefaultRegionForParallelWorld> --  -- is not associated to any world.
 Root logical volume(s) : 
 Pointers : G4VUserRegionInformation[0], G4UserLimits[0], G4FastSimulationManager[0], G4UserSteppingAction[0]
 Materials : 
 Production cuts :   gamma 1 nm      e- 1 nm      e+ 1 nm  proton 1 nm 

========= Table of registered couples ============================

Index : 0     used in the geometry : Yes
 Material : G4_WATER
 Range cuts        :  gamma  1 nm     e-  1 nm     e+  1 nm  proton 1 nm 
 Energy thresholds :  gamma  100 eV     e-  100 eV     e+  100 eV  proton 0.1 eV 
 Region(s) which use this couple : 
    DefaultRegionForTheWorld

==================================================================

Start closing geometry.
G4GeometryManager::ReportVoxelStats -- Voxel Statistics

    Total memory consumed for geometry optimisation:   0 kByte
    Total CPU time elapsed for geometry optimisation: 0 seconds
### Run 0 starts.
Physics stage ends
Number of chemical species involved in reactions = 6
Reaction                                    Reaction Rate [dm3/(mol*s)]   Interaction Range for chosen reaction model [nm]
------------------------------------------------------------------------------------------------------------------------------
H3O^1 + e_aq^-1 -> H^0                      2.11e+10                      0.200589
------------------------------------------------------------------------------------------------------------------------------
H3O^1 + OH^-1 -> No product                 1.43e+11                      1.34973
------------------------------------------------------------------------------------------------------------------------------
OH^0 + e_aq^-1 -> OH^-1                     2.95e+10                      0.506256
------------------------------------------------------------------------------------------------------------------------------
OH^0 + OH^0 -> H2O2^0                       4.4e+09                       0.207651
------------------------------------------------------------------------------------------------------------------------------
OH^0 + H^0 -> No product                    1.44e+10                      0.194167
------------------------------------------------------------------------------------------------------------------------------
e_aq^-1 + e_aq^-1 -> OH^-1 + OH^-1 + H_2^0  5e+09                         0.134838
------------------------------------------------------------------------------------------------------------------------------
e_aq^-1 + H^0 -> OH^-1 + H_2^0              2.65e+10                      0.294265
------------------------------------------------------------------------------------------------------------------------------
e_aq^-1 + H2O2^0 -> OH^-1 + OH^0            1.41e+10                      0.295745
------------------------------------------------------------------------------------------------------------------------------
H^0 + H^0 -> H_2^0                          1.2e+10                       0.226528
------------------------------------------------------------------------------------------------------------------------------
DNAMolecularStepByStepModel will be used
*** G4Scheduler starts processing 
At time :       1 ps Reaction : H^0 (-1100) + OH^0 (-1022) -> No product
At time :       2 ps Reaction : OH^0 (-1086) + OH^0 (-1087) -> H2O2^0 (-1128)
At time :       4 ps Reaction : OH^0 (-1109) + OH^0 (-1110) -> H2O2^0 (-1129)
At time :       4 ps Reaction : OH^0 (-995) + OH^0 (-994) -> H2O2^0 (-1130)
At time :       6 ps Reaction : OH^0 (-1106) + OH^0 (-848) -> H2O2^0 (-1131)
At time :       6 ps Reaction : OH^0 (-1097) + H^0 (-1098) -> No product
At time :      26 ps Reaction : OH^0 (-856) + e_aq^-1 (-931) -> OH^-1 (-1132)
At time :      29 ps Reaction : OH^0 (-1124) + OH^0 (-1095) -> H2O2^0 (-1133)
At time :      31 ps Reaction : OH^0 (-947) + e_aq^-1 (-949) -> OH^-1 (-1134)
At time :      31 ps Reaction : OH^-1 (-1134) + H3O^1 (-948) -> No product
At time :      33 ps Reaction : OH^0 (-786) + OH^0 (-953) -> H2O2^0 (-1135)
At time :      33 ps Reaction : e_aq^-1 (-559) + OH^0 (-680) -> OH^-1 (-1136)
At time :      38 ps Reaction : OH^0 (-979) + OH^0 (-754) -> H2O2^0 (-1137)
At time :      42 ps Reaction : OH^0 (-1094) + H^0 (-1123) -> No product
At time :      59 ps Reaction : OH^0 (-728) + OH^0 (-730) -> H2O2^0 (-1138)
At time :      62 ps Reaction : e_aq^-1 (-86) + H2O2^0 (-1129) -> OH^-1 (-1139) + OH^0 (-1140)
At time :      69 ps Reaction : OH^0 (-1045) + OH^0 (-1047) -> H2O2^0 (-1141)
At time :      72 ps Reaction : e_aq^-1 (-103) + H3O^1 (-849) -> H^0 (-1142)
At time :      87 ps Reaction : OH^-1 (-1132) + H3O^1 (-653) -> No product
At time :      89 ps Reaction : OH^-1 (-1136) + H3O^1 (-679) -> No product
At time :      97 ps Reaction : e_aq^-1 (-301) + H3O^1 (-761) -> H^0 (-1143)
At time :      99 ps Reaction : OH^0 (-1036) + OH^0 (-608) -> H2O2^0 (-1144)
At time :     114 ps Reaction : OH^0 (-620) + OH^0 (-702) -> H2O2^0 (-1145)
At time :     120 ps Reaction : OH^0 (-592) + OH^0 (-866) -> H2O2^0 (-1146)
At time :   131.9 ps Reaction : e_aq^-1 (-268) + H2O2^0 (-1135) -> OH^-1 (-1147) + OH^0 (-1148)
At time :  147.02 ps Reaction : OH^0 (-1081) + OH^0 (-1082) -> H2O2^0 (-1149)
At time :  152.02 ps Reaction : OH^-1 (-1139) + H3O^1 (-851) -> No product
At time :  162.37 ps Reaction : H3O^1 (-785) + OH^-1 (-1147) -> No product
At time :  174.61 ps Reaction : e_aq^-1 (-97) + e_aq^-1 (-961) -> OH^-1 (-1150) + OH^-1 (-1151) + H_2^0 (-1152)
At time :  177.61 ps Reaction : e_aq^-1 (-257) + OH^0 (-914) -> OH^-1 (-1153)
At time :  207.67 ps Reaction : e_aq^-1 (-338) + H3O^1 (-951) -> H^0 (-1154)
At time :  219.17 ps Reaction : OH^0 (-636) + OH^0 (-638) -> H2O2^0 (-1155)
At time :  234.17 ps Reaction : OH^0 (-648) + OH^0 (-818) -> H2O2^0 (-1156)
At time :  237.17 ps Reaction : e_aq^-1 (-318) + H3O^1 (-747) -> H^0 (-1157)
At time :  240.28 ps Reaction : OH^0 (-1015) + OH^0 (-788) -> H2O2^0 (-1158)
At time :   272.6 ps Reaction : e_aq^-1 (-486) + OH^0 (-708) -> OH^-1 (-1159)
At time :   273.6 ps Reaction : H3O^1 (-583) + OH^-1 (-1159) -> No product
At time :   274.6 ps Reaction : H^0 (-1121) + OH^0 (-580) -> No product
At time :   279.6 ps Reaction : OH^0 (-1027) + OH^0 (-694) -> H2O2^0 (-1160)
At time :   284.6 ps Reaction : OH^0 (-1002) + OH^0 (-630) -> H2O2^0 (-1161)
At time :  302.68 ps Reaction : H^0 (-1016) + OH^0 (-1079) -> No product
At time :  302.68 ps Reaction : e_aq^-1 (-351) + OH^0 (-666) -> OH^-1 (-1162)
At time :  302.68 ps Reaction : H3O^1 (-589) + OH^-1 (-1162) -> No product
At time :  326.49 ps Reaction : OH^-1 (-1151) + H3O^1 (-960) -> No product
At time :  333.49 ps Reaction : e_aq^-1 (-162) + H3O^1 (-591) -> H^0 (-1163)
At time :  338.49 ps Reaction : OH^0 (-1017) + OH^0 (-772) -> H2O2^0 (-1164)
At time :  340.49 ps Reaction : H3O^1 (-775) + OH^-1 (-1153) -> No product
At time :  361.63 ps Reaction : e_aq^-1 (-290) + H3O^1 (-793) -> H^0 (-1165)
At time :  380.26 ps Reaction : e_aq^-1 (-350) + OH^0 (-578) -> OH^-1 (-1166)
At time :  388.62 ps Reaction : OH^0 (-1026) + OH^0 (-594) -> H2O2^0 (-1167)
At time :  397.62 ps Reaction : OH^0 (-862) + OH^0 (-977) -> H2O2^0 (-1168)
At time :  402.62 ps Reaction : OH^0 (-566) + OH^0 (-800) -> H2O2^0 (-1169)
At time :  418.66 ps Reaction : e_aq^-1 (-205) + OH^0 (-806) -> OH^-1 (-1170)
At time :  422.66 ps Reaction : H^0 (-985) + OH^0 (-840) -> No product
At time :  423.66 ps Reaction : OH^-1 (-565) + H3O^1 (-801) -> No product
At time :  436.59 ps Reaction : OH^0 (-988) + OH^0 (-984) -> H2O2^0 (-1171)
At time :  460.96 ps Reaction : OH^0 (-832) + OH^0 (-844) -> H2O2^0 (-1172)
At time :  503.15 ps Reaction : OH^0 (-834) + OH^0 (-864) -> H2O2^0 (-1173)
At time :  511.67 ps Reaction : e_aq^-1 (-161) + OH^0 (-822) -> OH^-1 (-1174)
At time :  522.67 ps Reaction : e_aq^-1 (-284) + H^0 (-1018) -> OH^-1 (-1175) + H_2^0 (-1176)
At time :  554.14 ps Reaction : OH^0 (-1061) + OH^0 (-626) -> H2O2^0 (-1177)
At time :  559.14 ps Reaction : OH^0 (-1089) + OH^0 (-642) -> H2O2^0 (-1178)
At time :  588.29 ps Reaction : OH^0 (-836) + OH^0 (-838) -> H2O2^0 (-1179)
At time :  607.52 ps Reaction : e_aq^-1 (-440) + OH^0 (-716) -> OH^-1 (-1180)
At time :  608.52 ps Reaction : OH^0 (-1009) + e_aq^-1 (-952) -> OH^-1 (-1181)
At time :  618.36 ps Reaction : OH^0 (-1051) + OH^0 (-710) -> H2O2^0 (-1182)
At time :  627.64 ps Reaction : OH^0 (-1007) + H^0 (-1005) -> No product
At time :  678.82 ps Reaction : OH^-1 (-1181) + H3O^1 (-751) -> No product
At time :  707.51 ps Reaction : e_aq^-1 (-527) + OH^0 (-896) -> OH^-1 (-1183)
At time :  757.57 ps Reaction : H3O^1 (-791) + OH^-1 (-1175) -> No product
At time :  825.65 ps Reaction : OH^0 (-1083) + OH^0 (-790) -> H2O2^0 (-1184)
At time :  884.35 ps Reaction : e_aq^-1 (-326) + OH^0 (-748) -> OH^-1 (-1185)
At time :  925.89 ps Reaction : OH^0 (-932) + e_aq^-1 (-934) -> OH^-1 (-1186)
At time :  989.43 ps Reaction : H3O^1 (-957) + e_aq^-1 (-958) -> H^0 (-1187)
At time :  995.45 ps Reaction : OH^0 (-576) + H^0 (-1163) -> No product
At time :  1.0549 ns Reaction : OH^0 (-1099) + OH^0 (-1023) -> H2O2^0 (-1188)
At time :  1.0724 ns Reaction : e_aq^-1 (-340) + H3O^1 (-757) -> H^0 (-1189)
At time :  1.1935 ns Reaction : e_aq^-1 (-174) + H3O^1 (-817) -> H^0 (-1190)
At time :  1.2218 ns Reaction : H3O^1 (-915) + e_aq^-1 (-916) -> H^0 (-1191)
At time :  1.2469 ns Reaction : OH^0 (-672) + OH^0 (-704) -> H2O2^0 (-1192)
At time :  1.2509 ns Reaction : e_aq^-1 (-91) + H3O^1 (-847) -> H^0 (-1193)
At time :  1.3623 ns Reaction : e_aq^-1 (-208) + e_aq^-1 (-347) -> OH^-1 (-1194) + OH^-1 (-1195) + H_2^0 (-1196)
At time :  1.3803 ns Reaction : e_aq^-1 (-472) + OH^0 (-568) -> OH^-1 (-1197)
At time :  1.3844 ns Reaction : e_aq^-1 (-281) + OH^0 (-586) -> OH^-1 (-1198)
At time :  1.4039 ns Reaction : e_aq^-1 (-483) + OH^0 (-698) -> OH^-1 (-1199)
At time :  1.4226 ns Reaction : OH^0 (-738) + H^0 (-972) -> No product
At time :   1.428 ns Reaction : OH^0 (-650) + OH^0 (-1140) -> H2O2^0 (-1200)
At time :  1.5272 ns Reaction : OH^0 (-570) + OH^0 (-700) -> H2O2^0 (-1201)
At time :  1.5972 ns Reaction : H^0 (-1001) + OH^0 (-622) -> No product
At time :  1.6465 ns Reaction : OH^0 (-602) + OH^0 (-884) -> H2O2^0 (-1202)
At time :  1.6857 ns Reaction : e_aq^-1 (-247) + H3O^1 (-954) -> H^0 (-1203)
At time :  1.7414 ns Reaction : e_aq^-1 (-466) + OH^0 (-712) -> OH^-1 (-1204)
At time :  1.8053 ns Reaction : OH^-1 (-1170) + H3O^1 (-813) -> No product
At time :  1.9063 ns Reaction : OH^-1 (-1166) + H3O^1 (-933) -> No product
At time :  1.9841 ns Reaction : H^0 (-1054) + e_aq^-1 (-431) -> OH^-1 (-1205) + H_2^0 (-1206)
At time :  2.0478 ns Reaction : H3O^1 (-845) + OH^-1 (-1150) -> No product
At time :  2.0891 ns Reaction : OH^0 (-846) + OH^0 (-929) -> H2O2^0 (-1207)
At time :  2.1991 ns Reaction : H3O^1 (-633) + OH^-1 (-1185) -> No product
At time :  2.2374 ns Reaction : e_aq^-1 (-207) + OH^0 (-870) -> OH^-1 (-1208)
At time :  2.2705 ns Reaction : e_aq^-1 (-102) + OH^0 (-852) -> OH^-1 (-1209)
At time :  2.3352 ns Reaction : e_aq^-1 (-423) + OH^0 (-718) -> OH^-1 (-1210)
At time :  2.3475 ns Reaction : H3O^1 (-655) + OH^-1 (-1209) -> No product
At time :  2.3783 ns Reaction : e_aq^-1 (-245) + H3O^1 (-771) -> H^0 (-1211)
At time :  2.5101 ns Reaction : OH^-1 (-1199) + H3O^1 (-705) -> No product
At time :  2.5613 ns Reaction : e_aq^-1 (-496) + OH^0 (-604) -> OH^-1 (-1212)
At time :   2.788 ns Reaction : OH^0 (-1065) + OH^0 (-588) -> H2O2^0 (-1213)
At time :  3.0001 ns Reaction : e_aq^-1 (-497) + OH^0 (-616) -> OH^-1 (-1214)
At time :  3.4579 ns Reaction : OH^0 (-1059) + OH^0 (-941) -> H2O2^0 (-1215)
At time :  3.4987 ns Reaction : e_aq^-1 (-461) + H3O^1 (-715) -> H^0 (-1216)
At time :  3.5248 ns Reaction : e_aq^-1 (-151) + H2O2^0 (-1156) -> OH^-1 (-1217) + OH^0 (-1218)
At time :  3.6396 ns Reaction : H^0 (-1028) + OH^0 (-890) -> No product
At time :  3.6954 ns Reaction : OH^-1 (-1197) + H3O^1 (-569) -> No product
At time :  3.9555 ns Reaction : OH^-1 (-1174) + H3O^1 (-927) -> No product
At time :  4.0469 ns Reaction : e_aq^-1 (-306) + OH^0 (-758) -> OH^-1 (-1219)
At time :  4.0921 ns Reaction : H^0 (-1191) + e_aq^-1 (-955) -> OH^-1 (-1220) + H_2^0 (-1221)
At time :  4.1062 ns Reaction : OH^-1 (-1214) + H3O^1 (-709) -> No product
At time :  4.1219 ns Reaction : OH^0 (-628) + OH^0 (-946) -> H2O2^0 (-1222)
At time :  4.1611 ns Reaction : H3O^1 (-697) + OH^-1 (-1204) -> No product
At time :  4.2106 ns Reaction : e_aq^-1 (-283) + H^0 (-1203) -> OH^-1 (-1223) + H_2^0 (-1224)
At time :  4.2162 ns Reaction : e_aq^-1 (-131) + H3O^1 (-827) -> H^0 (-1225)
At time :  4.5643 ns Reaction : OH^0 (-1122) + OH^0 (-1127) -> H2O2^0 (-1226)
At time :  4.6292 ns Reaction : H3O^1 (-647) + OH^-1 (-1217) -> No product
At time :  4.6719 ns Reaction : e_aq^-1 (-371) + OH^0 (-744) -> OH^-1 (-1227)
At time :   4.759 ns Reaction : e_aq^-1 (-158) + OH^0 (-830) -> OH^-1 (-1228)
At time :  4.7976 ns Reaction : e_aq^-1 (-554) + OH^0 (-906) -> OH^-1 (-1229)
At time :  4.8342 ns Reaction : e_aq^-1 (-273) + H3O^1 (-787) -> H^0 (-1230)
At time :  4.9217 ns Reaction : e_aq^-1 (-190) + OH^0 (-956) -> OH^-1 (-1231)
At time :  5.2113 ns Reaction : OH^0 (-1069) + e_aq^-1 (-913) -> OH^-1 (-1232)
At time :  5.2133 ns Reaction : e_aq^-1 (-344) + H^0 (-1157) -> OH^-1 (-1233) + H_2^0 (-1234)
At time :  5.3147 ns Reaction : e_aq^-1 (-558) + H3O^1 (-907) -> H^0 (-1235)
At time :  5.4149 ns Reaction : OH^0 (-1055) + OH^0 (-582) -> H2O2^0 (-1236)
At time :  5.5166 ns Reaction : H3O^1 (-1008) + OH^-1 (-1186) -> No product
At time :  5.6629 ns Reaction : H3O^1 (-615) + OH^-1 (-1180) -> No product
At time :  6.0192 ns Reaction : e_aq^-1 (-274) + OH^0 (-973) -> OH^-1 (-1237)
At time :  6.1152 ns Reaction : e_aq^-1 (-492) + H3O^1 (-711) -> H^0 (-1238)
At time :   6.275 ns Reaction : OH^-1 (-1227) + H3O^1 (-743) -> No product
At time :  6.8891 ns Reaction : e_aq^-1 (-467) + OH^0 (-1052) -> OH^-1 (-1239)
At time :  6.9107 ns Reaction : OH^0 (-1101) + e_aq^-1 (-171) -> OH^-1 (-1240)
At time :  6.9943 ns Reaction : H3O^1 (-1019) + OH^-1 (-1223) -> No product
At time :  7.0189 ns Reaction : e_aq^-1 (-425) + H3O^1 (-879) -> H^0 (-1241)
At time :  7.0239 ns Reaction : H3O^1 (-643) + OH^-1 (-1219) -> No product
At time :  7.0626 ns Reaction : OH^-1 (-1198) + H3O^1 (-773) -> No product
At time :  7.3937 ns Reaction : OH^0 (-784) + H^0 (-1165) -> No product
At time :  7.5037 ns Reaction : e_aq^-1 (-487) + OH^0 (-624) -> OH^-1 (-1242)
At time :   7.799 ns Reaction : e_aq^-1 (-140) + H3O^1 (-855) -> H^0 (-1243)
At time :  7.8757 ns Reaction : H3O^1 (-1029) + e_aq^-1 (-556) -> H^0 (-1244)
At time :  7.9577 ns Reaction : OH^-1 (-1210) + H3O^1 (-883) -> No product
At time :  8.1748 ns Reaction : H3O^1 (-869) + OH^-1 (-1233) -> No product
At time :  8.5898 ns Reaction : e_aq^-1 (-173) + H3O^1 (-805) -> H^0 (-1245)
At time :  8.9676 ns Reaction : OH^0 (-1014) + OH^0 (-764) -> H2O2^0 (-1246)
At time :  9.6139 ns Reaction : H3O^1 (-645) + OH^-1 (-1231) -> No product
At time :  9.6558 ns Reaction : H3O^1 (-781) + OH^-1 (-1237) -> No product
At time :  10.282 ns Reaction : OH^0 (-1073) + e_aq^-1 (-264) -> OH^-1 (-1247)
At time :  10.371 ns Reaction : OH^0 (-776) + OH^0 (-780) -> H2O2^0 (-1248)
At time :  10.477 ns Reaction : e_aq^-1 (-476) + H2O2^0 (-1145) -> OH^-1 (-1249) + OH^0 (-1250)
At time :  10.915 ns Reaction : e_aq^-1 (-116) + OH^0 (-860) -> OH^-1 (-1251)
At time :  11.494 ns Reaction : OH^-1 (-1240) + H3O^1 (-829) -> No product
At time :  11.613 ns Reaction : e_aq^-1 (-145) + H^0 (-1243) -> OH^-1 (-1252) + H_2^0 (-1253)
At time :  11.697 ns Reaction : e_aq^-1 (-464) + OH^0 (-882) -> OH^-1 (-1254)
At time :  11.948 ns Reaction : e_aq^-1 (-304) + H3O^1 (-763) -> H^0 (-1255)
At time :  12.472 ns Reaction : H^0 (-1011) + H^0 (-1143) -> H_2^0 (-1256)
At time :  12.676 ns Reaction : OH^0 (-590) + OH^0 (-950) -> H2O2^0 (-1257)
At time :  12.925 ns Reaction : e_aq^-1 (-463) + OH^0 (-584) -> OH^-1 (-1258)
At time :  13.376 ns Reaction : e_aq^-1 (-120) + H^0 (-978) -> OH^-1 (-1259) + H_2^0 (-1260)
At time :  14.168 ns Reaction : e_aq^-1 (-561) + OH^0 (-935) -> OH^-1 (-1261)
At time :   15.17 ns Reaction : e_aq^-1 (-520) + H3O^1 (-607) -> H^0 (-1262)
At time :  16.161 ns Reaction : e_aq^-1 (-275) + OH^0 (-770) -> OH^-1 (-1263)
At time :  18.477 ns Reaction : OH^0 (-996) + e_aq^-1 (-176) -> OH^-1 (-1264)
At time :  18.979 ns Reaction : e_aq^-1 (-209) + H2O2^0 (-1257) -> OH^-1 (-1265) + OH^0 (-1266)
At time :  19.025 ns Reaction : e_aq^-1 (-150) + H2O2^0 (-1173) -> OH^-1 (-1267) + OH^0 (-1268)
At time :  19.358 ns Reaction : e_aq^-1 (-404) + OH^0 (-670) -> OH^-1 (-1269)
At time :   20.29 ns Reaction : OH^0 (-982) + e_aq^-1 (-109) -> OH^-1 (-1270)
At time :  22.037 ns Reaction : OH^0 (-646) + OH^0 (-816) -> H2O2^0 (-1271)
At time :  23.107 ns Reaction : OH^-1 (-1269) + H3O^1 (-942) -> No product
At time :  23.236 ns Reaction : e_aq^-1 (-374) + H3O^1 (-873) -> H^0 (-1272)
At time :   23.27 ns Reaction : H^0 (-1084) + OH^0 (-794) -> No product
At time :  24.166 ns Reaction : H3O^1 (-681) + OH^-1 (-1229) -> No product
At time :  24.236 ns Reaction : e_aq^-1 (-460) + H2O2^0 (-1215) -> OH^-1 (-1273) + OH^0 (-1274)
At time :  24.586 ns Reaction : e_aq^-1 (-378) + H3O^1 (-571) -> H^0 (-1275)
At time :  26.051 ns Reaction : e_aq^-1 (-114) + OH^0 (-854) -> OH^-1 (-1276)
At time :  26.365 ns Reaction : e_aq^-1 (-250) + OH^0 (-778) -> OH^-1 (-1277)
At time :  27.318 ns Reaction : e_aq^-1 (-422) + OH^0 (-722) -> OH^-1 (-1278)
At time :   30.13 ns Reaction : OH^0 (-660) + OH^0 (-826) -> H2O2^0 (-1279)
At time :  30.899 ns Reaction : e_aq^-1 (-484) + OH^0 (-706) -> OH^-1 (-1280)
At time :  31.416 ns Reaction : H^0 (-1142) + OH^0 (-858) -> No product
At time :  35.628 ns Reaction : e_aq^-1 (-394) + H3O^1 (-579) -> H^0 (-1281)
At time :  38.336 ns Reaction : H3O^1 (-745) + OH^-1 (-1194) -> No product
At time :  38.607 ns Reaction : e_aq^-1 (-406) + OH^0 (-598) -> OH^-1 (-1282)
At time :  39.458 ns Reaction : OH^-1 (-1265) + H3O^1 (-871) -> No product
At time :  39.539 ns Reaction : H3O^1 (-1046) + OH^-1 (-1249) -> No product
At time :  41.551 ns Reaction : e_aq^-1 (-386) + OH^0 (-724) -> OH^-1 (-1283)
At time :  41.882 ns Reaction : e_aq^-1 (-199) + OH^0 (-872) -> OH^-1 (-1284)
At time :  41.889 ns Reaction : H3O^1 (-1063) + OH^-1 (-1283) -> No product
At time :  44.641 ns Reaction : OH^0 (-1025) + e_aq^-1 (-111) -> OH^-1 (-1285)
At time :   46.12 ns Reaction : H^0 (-1071) + e_aq^-1 (-307) -> OH^-1 (-1286) + H_2^0 (-1287)
At time :  47.378 ns Reaction : e_aq^-1 (-384) + H^0 (-1281) -> OH^-1 (-1288) + H_2^0 (-1289)
At time :   48.01 ns Reaction : e_aq^-1 (-925) + OH^0 (-945) -> OH^-1 (-1290)
At time :  49.872 ns Reaction : e_aq^-1 (-372) + OH^0 (-726) -> OH^-1 (-1291)
At time :   51.31 ns Reaction : e_aq^-1 (-169) + H^0 (-976) -> OH^-1 (-1292) + H_2^0 (-1293)
At time :  55.453 ns Reaction : OH^0 (-750) + H^0 (-1225) -> No product
At time :  56.175 ns Reaction : e_aq^-1 (-188) + H^0 (-1190) -> OH^-1 (-1294) + H_2^0 (-1295)
At time :  57.628 ns Reaction : OH^0 (-824) + e_aq^-1 (-928) -> OH^-1 (-1296)
At time :  58.639 ns Reaction : e_aq^-1 (-128) + OH^0 (-654) -> OH^-1 (-1297)
At time :   62.15 ns Reaction : e_aq^-1 (-493) + H3O^1 (-617) -> H^0 (-1298)
At time :  64.123 ns Reaction : e_aq^-1 (-335) + OH^0 (-634) -> OH^-1 (-1299)
At time :  65.788 ns Reaction : OH^0 (-1013) + e_aq^-1 (-922) -> OH^-1 (-1300)
At time :  68.046 ns Reaction : H3O^1 (-659) + OH^-1 (-1296) -> No product
At time :  75.826 ns Reaction : H3O^1 (-789) + OH^-1 (-1247) -> No product
At time :  84.424 ns Reaction : OH^0 (-1116) + e_aq^-1 (-515) -> OH^-1 (-1301)
At time :  88.748 ns Reaction : e_aq^-1 (-313) + H3O^1 (-755) -> H^0 (-1302)
At time :  100.84 ns Reaction : OH^-1 (-1299) + H3O^1 (-841) -> No product
At time :  102.81 ns Reaction : H3O^1 (-587) + OH^-1 (-1232) -> No product
At time :  108.62 ns Reaction : OH^0 (-991) + OH^0 (-971) -> H2O2^0 (-1303)
At time :  116.91 ns Reaction : e_aq^-1 (-413) + H3O^1 (-713) -> H^0 (-1304)
At time :  117.06 ns Reaction : OH^0 (-762) + OH^0 (-798) -> H2O2^0 (-1305)
At time :  123.16 ns Reaction : OH^-1 (-1267) + H3O^1 (-759) -> No product
At time :  127.27 ns Reaction : e_aq^-1 (-480) + OH^0 (-618) -> OH^-1 (-1306)
At time :   128.8 ns Reaction : e_aq^-1 (-303) + OH^0 (-768) -> OH^-1 (-1307)
At time :  134.46 ns Reaction : H3O^1 (-727) + OH^-1 (-1291) -> No product
At time :   141.3 ns Reaction : H^0 (-1096) + e_aq^-1 (-357) -> OH^-1 (-1308) + H_2^0 (-1309)
At time :  141.85 ns Reaction : e_aq^-1 (-196) + OH^0 (-782) -> OH^-1 (-1310)
At time :  148.75 ns Reaction : H^0 (-1114) + e_aq^-1 (-358) -> OH^-1 (-1311) + H_2^0 (-1312)
At time :  156.42 ns Reaction : H^0 (-1211) + H^0 (-1255) -> H_2^0 (-1313)
At time :  157.36 ns Reaction : OH^-1 (-1284) + H3O^1 (-729) -> No product
At time :  168.37 ns Reaction : H3O^1 (-581) + OH^-1 (-1280) -> No product
At time :  169.44 ns Reaction : H3O^1 (-1078) + OH^-1 (-1277) -> No product
At time :  174.74 ns Reaction : e_aq^-1 (-505) + H3O^1 (-671) -> H^0 (-1314)
At time :  184.78 ns Reaction : H3O^1 (-605) + OH^-1 (-1212) -> No product
At time :   184.8 ns Reaction : e_aq^-1 (-507) + OH^0 (-962) -> OH^-1 (-1315)
At time :  196.96 ns Reaction : OH^-1 (-1286) + H3O^1 (-1006) -> No product
At time :  199.98 ns Reaction : e_aq^-1 (-392) + H2O2^0 (-1161) -> OH^-1 (-1316) + OH^0 (-1317)
At time :  231.57 ns Reaction : H3O^1 (-601) + OH^-1 (-1273) -> No product
At time :  250.08 ns Reaction : H^0 (-1058) + OH^0 (-596) -> No product
At time :  258.67 ns Reaction : H3O^1 (-741) + OH^-1 (-1252) -> No product
At time :  261.37 ns Reaction : e_aq^-1 (-334) + OH^0 (-1218) -> OH^-1 (-1318)
At time :  265.44 ns Reaction : OH^0 (-1119) + e_aq^-1 (-548) -> OH^-1 (-1319)
At time :   266.7 ns Reaction : OH^-1 (-1259) + H3O^1 (-930) -> No product
At time :  304.53 ns Reaction : OH^0 (-1044) + e_aq^-1 (-439) -> OH^-1 (-1320)
At time :  309.25 ns Reaction : OH^0 (-600) + H^0 (-968) -> No product
At time :  320.07 ns Reaction : e_aq^-1 (-352) + H3O^1 (-921) -> H^0 (-1321)
At time :  330.95 ns Reaction : H3O^1 (-603) + OH^-1 (-1297) -> No product
At time :  354.14 ns Reaction : H3O^1 (-893) + OH^-1 (-1258) -> No product
At time :  354.33 ns Reaction : e_aq^-1 (-537) + OH^0 (-894) -> OH^-1 (-1322)
At time :  359.17 ns Reaction : e_aq^-1 (-93) + H2O2^0 (-1179) -> OH^-1 (-1323) + OH^0 (-1324)
At time :  375.64 ns Reaction : e_aq^-1 (-327) + OH^0 (-911) -> OH^-1 (-1325)
At time :  377.71 ns Reaction : H3O^1 (-701) + OH^-1 (-1242) -> No product
At time :  457.56 ns Reaction : OH^0 (-678) + OH^0 (-898) -> H2O2^0 (-1326)
At time :  457.81 ns Reaction : e_aq^-1 (-516) + OH^0 (-969) -> OH^-1 (-1327)
At time :  508.67 ns Reaction : H3O^1 (-1088) + OH^-1 (-1205) -> No product
At time :  542.73 ns Reaction : e_aq^-1 (-563) + H^0 (-1244) -> OH^-1 (-1328) + H_2^0 (-1329)
At time :  555.38 ns Reaction : e_aq^-1 (-388) + OH^0 (-886) -> OH^-1 (-1330)
At time :  560.62 ns Reaction : e_aq^-1 (-270) + H3O^1 (-699) -> H^0 (-1331)
At time :  587.55 ns Reaction : H^0 (-1262) + e_aq^-1 (-943) -> OH^-1 (-1332) + H_2^0 (-1333)
At time :  596.46 ns Reaction : OH^-1 (-1276) + H3O^1 (-657) -> No product
At time :  612.23 ns Reaction : H3O^1 (-895) + e_aq^-1 (-937) -> H^0 (-1334)
At time :  613.23 ns Reaction : e_aq^-1 (-510) + H^0 (-1314) -> OH^-1 (-1335) + H_2^0 (-1336)
At time :  613.24 ns Reaction : OH^-1 (-1288) + H3O^1 (-725) -> No product
At time :  628.99 ns Reaction : OH^-1 (-1310) + H3O^1 (-811) -> No product
At time :  698.65 ns Reaction : e_aq^-1 (-252) + H3O^1 (-599) -> H^0 (-1337)
At time :  703.16 ns Reaction : e_aq^-1 (-88) + OH^0 (-1324) -> OH^-1 (-1338)
At time :   746.9 ns Reaction : H3O^1 (-1041) + e_aq^-1 (-964) -> H^0 (-1339)
At time :  750.97 ns Reaction : OH^0 (-1000) + OH^0 (-1064) -> H2O2^0 (-1340)
At time :  860.47 ns Reaction : e_aq^-1 (-292) + OH^0 (-766) -> OH^-1 (-1341)
At time :  928.18 ns Reaction : OH^0 (-1010) + OH^0 (-732) -> H2O2^0 (-1342)
At time :   969.2 ns Reaction : H3O^1 (-619) + OH^-1 (-1254) -> No product
At time :  999.31 ns Reaction : e_aq^-1 (-130) + OH^0 (-850) -> OH^-1 (-1343)
*** G4Scheduler ends at time : 1 us
___________________________________
 Run terminated.
Run Summary
  Number of events processed : 1
  User=146.320000s Real=148.647425s Sys=0.030000s
G4 kernel has come to Quit state.
UserDetectorConstruction deleted.
UserPhysicsList deleted.
UserActionInitialization deleted.
UserPrimaryGenerator deleted.
RunManager is deleting RunManagerKernel.
EventManager deleted.
Units table cleared.
TransportationManager deleted.
Total navigation history collections cleaned: 1511
================== Deleting memory pools ===================
Pool ID '20G4NavigationLevelRep', size : 1.09 MB
Pool ID '19G4ElectronOccupancy', size : 0.000961 MB
Pool ID '24G4ReferenceCountedHandleIvE', size : 0.000961 MB
Pool ID '7G4Event', size : 0.000961 MB
Pool ID '15G4PrimaryVertex', size : 0.000961 MB
Pool ID '17G4PrimaryParticle', size : 0.000961 MB
Pool ID '17G4DynamicParticle', size : 0.157 MB
Pool ID '7G4Track', size : 0.313 MB
Pool ID '18G4TouchableHistory', size : 0.0913 MB
Pool ID '15G4CountedObjectIvE', size : 0.0288 MB
Pool ID '10G4Molecule', size : 0.0942 MB
Pool ID '8G4KDTree', size : 0.000961 MB
Pool ID '8G4KDNodeI4G4ITE', size : 0.0625 MB
Pool ID '14G4KDTreeResult', size : 0.000961 MB
Pool ID '8G4KDNodeI10G4MoleculeE', size : 0.000961 MB
Number of memory pools allocated: 15 of which, static: 0
Dynamic pools deleted: 15 / Total memory freed: 1.8 MB
============================================================
G4Allocator objects are deleted.
UImanager deleted.
StateManager deleted.
RunManagerKernel is deleted. Good bye :)
