
        ############################################
        !!! WARNING - FPE detection is activated !!!
        ############################################

*************************************************************
 Geant4 version Name: geant4-09-05-ref-01    (31-January-2012)
                      Copyright : Geant4 Collaboration
                      Reference : NIM A 506 (2003), 250-303
                            WWW : http://cern.ch/geant4
*************************************************************

Visualization Manager instantiating with verbosity "warnings (3)"...
Visualization Manager initialising...
Registering graphics systems...

You have successfully registered the following graphics systems.
Current available graphics systems are:
  ASCIITree (ATree)
  DAWNFILE (DAWNFILE)
  G4HepRep (HepRepXML)
  G4HepRepFile (HepRepFile)
  RayTracer (RayTracer)
  VRML1FILE (VRML1FILE)
  VRML2FILE (VRML2FILE)
  gMocrenFile (gMocrenFile)
  OpenGLStoredX (OGL)
  OpenGLImmediateX (OGLI)
  OpenGLStoredX (OGLS)
  OpenGLImmediateX (OGLIX)
  OpenGLStoredX (OGLSX)

Registering model factories...

You have successfully registered the following model factories.
Registered model factories:
  generic
  drawByCharge
  drawByParticleID
  drawByOriginVolume
  drawByAttribute

Registered filter factories:
  chargeFilter
  particleFilter
  originVolumeFilter
  attributeFilter

Some /vis commands (optionally) take a string to specify colour.
Available colours:
  black, blue, cyan, gray, green, grey, magenta, red, white, yellow


The materials defined are : 


***** Table : Nb of materials = 3 *****

 Material:      Air    density:  1.290 mg/cm3  RadL: 285.161 m    Nucl.Int.Length: 662.904 m    Imean:  85.703 eV   temperature: 273.15 K  pressure:   1.00 atm
   --->  Element: Nitrogen (N)   Z =  7.0   N =  14.0   A =  14.01 g/mole  ElmMassFraction:  70.00 %  ElmAbundance  72.71 %
   --->  Element: Oxygen (O)   Z =  8.0   N =  16.0   A =  16.00 g/mole  ElmMassFraction:  30.00 %  ElmAbundance  27.29 %

 Material:     Lead    density: 11.350 g/cm3   RadL:   5.612 mm   Nucl.Int.Length:  18.258 cm   Imean: 823.000 eV 
   --->  Element: Lead ( )   Z = 82.0   N = 207.2   A = 207.19 g/mole  ElmMassFraction: 100.00 %  ElmAbundance 100.00 %

 Material: XenonGas    density:  5.458 mg/cm3  RadL:  15.539 m    Nucl.Int.Length: 326.401 m    Imean: 482.000 eV   temperature: 293.15 K  pressure:   1.00 atm
   --->  Element: XenonGas ( )   Z = 54.0   N = 131.3   A = 131.29 g/mole  ElmMassFraction: 100.00 %  ElmAbundance 100.00 %


Target is 5 cm of Lead
There are 5 chambers in the tracker region. The chambers are 200 mm of XenonGas
 The distance between chamber is 80 cm

phot:   for  gamma    SubType= 12
      ===== EM models for the G4Region  DefaultRegionForTheWorld ======
       PhotoElectric :  Emin=        0 eV    Emax=       10 TeV

compt:   for  gamma    SubType= 13
      Lambda tables from 100 eV  to 10 TeV in 77 bins, spline: 1
      ===== EM models for the G4Region  DefaultRegionForTheWorld ======
       Klein-Nishina :  Emin=        0 eV    Emax=       10 TeV

conv:   for  gamma    SubType= 14
      Lambda tables from 1.022 MeV to 10 TeV in 77 bins, spline: 1
      ===== EM models for the G4Region  DefaultRegionForTheWorld ======
        BetheHeitler :  Emin=        0 eV    Emax=       10 TeV

msc:   for e-    SubType= 10
      Lambda tables from 100 eV  to 10 TeV in 77 bins, spline: 1
      RangeFactor= 0.04, stepLimitType: 1, latDisplacement: 1
      ===== EM models for the G4Region  DefaultRegionForTheWorld ======
          UrbanMsc95 :  Emin=        0 eV    Emax=       10 TeV

eIoni:   for  e-    SubType= 2
      dE/dx and range tables from 100 eV  to 10 TeV in 77 bins
      Lambda tables from threshold to 10 TeV in 77 bins, spline: 1
      finalRange(mm)= 1, dRoverRange= 0.2, integral: 1, fluct: 1, linLossLimit= 0.01
      ===== EM models for the G4Region  DefaultRegionForTheWorld ======
        MollerBhabha :  Emin=        0 eV    Emax=       10 TeV

eBrem:   for  e-    SubType= 3
      dE/dx and range tables from 100 eV  to 10 TeV in 77 bins
      Lambda tables from threshold to 10 TeV in 77 bins, spline: 1
      LPM flag: 1 for E > 1 GeV
      ===== EM models for the G4Region  DefaultRegionForTheWorld ======
             eBremSB :  Emin=        0 eV    Emax=        1 GeV   AngularGenUrban
            eBremLPM :  Emin=        1 GeV   Emax=       10 TeV   AngularGenUrban

eIoni:   for  e+    SubType= 2
      dE/dx and range tables from 100 eV  to 10 TeV in 77 bins
      Lambda tables from threshold to 10 TeV in 77 bins, spline: 1
      finalRange(mm)= 1, dRoverRange= 0.2, integral: 1, fluct: 1, linLossLimit= 0.01
      ===== EM models for the G4Region  DefaultRegionForTheWorld ======
        MollerBhabha :  Emin=        0 eV    Emax=       10 TeV

eBrem:   for  e+    SubType= 3
      dE/dx and range tables from 100 eV  to 10 TeV in 77 bins
      Lambda tables from threshold to 10 TeV in 77 bins, spline: 1
      LPM flag: 1 for E > 1 GeV
      ===== EM models for the G4Region  DefaultRegionForTheWorld ======
             eBremSB :  Emin=        0 eV    Emax=        1 GeV   AngularGenUrban
            eBremLPM :  Emin=        1 GeV   Emax=       10 TeV   AngularGenUrban

annihil:   for  e+    SubType= 5
      ===== EM models for the G4Region  DefaultRegionForTheWorld ======
            eplus2gg :  Emin=        0 eV    Emax=       10 TeV

msc:   for proton    SubType= 10
      Lambda tables from 100 eV  to 10 TeV in 77 bins, spline: 1
      RangeFactor= 0.2, stepLimitType: 0, latDisplacement: 1
      ===== EM models for the G4Region  DefaultRegionForTheWorld ======
          UrbanMsc90 :  Emin=        0 eV    Emax=       10 TeV

hIoni:   for  proton    SubType= 2
      dE/dx and range tables from 100 eV  to 10 TeV in 77 bins
      Lambda tables from threshold to 10 TeV in 77 bins, spline: 1
      finalRange(mm)= 0.1, dRoverRange= 0.2, integral: 1, fluct: 1, linLossLimit= 0.01
      ===== EM models for the G4Region  DefaultRegionForTheWorld ======
               Bragg :  Emin=        0 eV    Emax=        2 MeV
          BetheBloch :  Emin=        2 MeV   Emax=       10 TeV

hIoni:   for  anti_proton    SubType= 2
      dE/dx and range tables from 100 eV  to 10 TeV in 77 bins
      Lambda tables from threshold to 10 TeV in 77 bins, spline: 1
      finalRange(mm)= 0.1, dRoverRange= 0.2, integral: 1, fluct: 1, linLossLimit= 0.01
      ===== EM models for the G4Region  DefaultRegionForTheWorld ======
            ICRU73QO :  Emin=        0 eV    Emax=        2 MeV
          BetheBloch :  Emin=        2 MeV   Emax=       10 TeV

msc:   for kaon+    SubType= 10
      Lambda tables from 100 eV  to 10 TeV in 77 bins, spline: 1
      RangeFactor= 0.2, stepLimitType: 0, latDisplacement: 1
      ===== EM models for the G4Region  DefaultRegionForTheWorld ======
          UrbanMsc90 :  Emin=        0 eV    Emax=       10 TeV

hIoni:   for  kaon+    SubType= 2
      dE/dx and range tables from 100 eV  to 10 TeV in 77 bins
      Lambda tables from threshold to 10 TeV in 77 bins, spline: 1
      finalRange(mm)= 0.1, dRoverRange= 0.2, integral: 1, fluct: 1, linLossLimit= 0.01
      ===== EM models for the G4Region  DefaultRegionForTheWorld ======
               Bragg :  Emin=        0 eV    Emax=  1.05231 MeV
          BetheBloch :  Emin=  1.05231 MeV   Emax=       10 TeV

hIoni:   for  kaon-    SubType= 2
      dE/dx and range tables from 100 eV  to 10 TeV in 77 bins
      Lambda tables from threshold to 10 TeV in 77 bins, spline: 1
      finalRange(mm)= 0.1, dRoverRange= 0.2, integral: 1, fluct: 1, linLossLimit= 0.01
      ===== EM models for the G4Region  DefaultRegionForTheWorld ======
            ICRU73QO :  Emin=        0 eV    Emax=  1.05231 MeV
          BetheBloch :  Emin=  1.05231 MeV   Emax=       10 TeV

muMsc:   for mu+    SubType= 10
      Lambda tables from 100 eV  to 10 TeV in 77 bins, spline: 1
      RangeFactor= 0.2, step limit type: 0, lateralDisplacement: 1, polarAngleLimit(deg)= 0
      ===== EM models for the G4Region  DefaultRegionForTheWorld ======
          UrbanMsc90 :  Emin=        0 eV    Emax=       10 TeV

muIoni:   for  mu+    SubType= 2
      dE/dx and range tables from 100 eV  to 10 TeV in 77 bins
      Lambda tables from threshold to 10 TeV in 77 bins, spline: 1
      finalRange(mm)= 1, dRoverRange= 0.2, integral: 1, fluct: 1, linLossLimit= 0.01
      ===== EM models for the G4Region  DefaultRegionForTheWorld ======
               Bragg :  Emin=        0 eV    Emax=      200 keV
          BetheBloch :  Emin=      200 keV   Emax=        1 GeV
        MuBetheBloch :  Emin=        1 GeV   Emax=       10 TeV

muBrems:   for  mu+    SubType= 3
      dE/dx and range tables from 100 eV  to 10 TeV in 77 bins
      Lambda tables from threshold to 10 TeV in 77 bins, spline: 1
      ===== EM models for the G4Region  DefaultRegionForTheWorld ======
              MuBrem :  Emin=        0 eV    Emax=       10 TeV

muPairProd:   for  mu+    SubType= 4
      dE/dx and range tables from 100 eV  to 10 TeV in 77 bins
      Lambda tables from threshold to 10 TeV in 77 bins, spline: 1
      ===== EM models for the G4Region  DefaultRegionForTheWorld ======
          muPairProd :  Emin=        0 eV    Emax=       10 TeV

muIoni:   for  mu-    SubType= 2
      dE/dx and range tables from 100 eV  to 10 TeV in 77 bins
      Lambda tables from threshold to 10 TeV in 77 bins, spline: 1
      finalRange(mm)= 1, dRoverRange= 0.2, integral: 1, fluct: 1, linLossLimit= 0.01
      ===== EM models for the G4Region  DefaultRegionForTheWorld ======
            ICRU73QO :  Emin=        0 eV    Emax=      200 keV
          BetheBloch :  Emin=      200 keV   Emax=        1 GeV
        MuBetheBloch :  Emin=        1 GeV   Emax=       10 TeV

muBrems:   for  mu-    SubType= 3
      dE/dx and range tables from 100 eV  to 10 TeV in 77 bins
      Lambda tables from threshold to 10 TeV in 77 bins, spline: 1
      ===== EM models for the G4Region  DefaultRegionForTheWorld ======
              MuBrem :  Emin=        0 eV    Emax=       10 TeV

muPairProd:   for  mu-    SubType= 4
      dE/dx and range tables from 100 eV  to 10 TeV in 77 bins
      Lambda tables from threshold to 10 TeV in 77 bins, spline: 1
      ===== EM models for the G4Region  DefaultRegionForTheWorld ======
          muPairProd :  Emin=        0 eV    Emax=       10 TeV

hIoni:   for  pi+    SubType= 2
      dE/dx and range tables from 100 eV  to 10 TeV in 77 bins
      Lambda tables from threshold to 10 TeV in 77 bins, spline: 1
      finalRange(mm)= 0.1, dRoverRange= 0.2, integral: 1, fluct: 1, linLossLimit= 0.01
      ===== EM models for the G4Region  DefaultRegionForTheWorld ======
               Bragg :  Emin=        0 eV    Emax=  297.505 keV
          BetheBloch :  Emin=  297.505 keV   Emax=       10 TeV

msc:   for pi-    SubType= 10
      Lambda tables from 100 eV  to 10 TeV in 77 bins, spline: 1
      RangeFactor= 0.2, stepLimitType: 0, latDisplacement: 1
      ===== EM models for the G4Region  DefaultRegionForTheWorld ======
          UrbanMsc90 :  Emin=        0 eV    Emax=       10 TeV

hIoni:   for  pi-    SubType= 2
      dE/dx and range tables from 100 eV  to 10 TeV in 77 bins
      Lambda tables from threshold to 10 TeV in 77 bins, spline: 1
      finalRange(mm)= 0.1, dRoverRange= 0.2, integral: 1, fluct: 1, linLossLimit= 0.01
      ===== EM models for the G4Region  DefaultRegionForTheWorld ======
            ICRU73QO :  Emin=        0 eV    Emax=  297.505 keV
          BetheBloch :  Emin=  297.505 keV   Emax=       10 TeV

Region <DefaultRegionForTheWorld> --  -- appears in <World> world volume
 This region is in the mass world.
 Root logical volume(s) : World 
 Pointers : G4VUserRegionInformation[0], G4UserLimits[0], G4FastSimulationManager[0], G4UserSteppingAction[0]
 Materials : Air Lead XenonGas 
 Production cuts :   gamma 1 cm      e- 1 cm      e+ 1 cm  proton 1 cm 

Region <DefaultRegionForParallelWorld> --  -- is not associated to any world.
 Root logical volume(s) : 
 Pointers : G4VUserRegionInformation[0], G4UserLimits[0], G4FastSimulationManager[0], G4UserSteppingAction[0]
 Materials : 
 Production cuts :   gamma 1 cm      e- 1 cm      e+ 1 cm  proton 1 cm 

========= Table of registered couples ==============================

Index : 0     used in the geometry : Yes     recalculation needed : No 
 Material : Air
 Range cuts        :  gamma  1 cm     e-  1 cm     e+  1 cm  proton 1 cm 
 Energy thresholds :  gamma  990 eV     e-  17.6927 keV    e+  17.1942 keV proton 1 MeV
 Region(s) which use this couple : 
    DefaultRegionForTheWorld

Index : 1     used in the geometry : Yes     recalculation needed : No 
 Material : Lead
 Range cuts        :  gamma  1 cm     e-  1 cm     e+  1 cm  proton 1 cm 
 Energy thresholds :  gamma  283.792 keV    e-  15.3667 MeV    e+  13.9869 MeV proton 1 MeV
 Region(s) which use this couple : 
    DefaultRegionForTheWorld

Index : 2     used in the geometry : Yes     recalculation needed : No 
 Material : XenonGas
 Range cuts        :  gamma  1 cm     e-  1 cm     e+  1 cm  proton 1 cm 
 Energy thresholds :  gamma  2.50257 keV    e-  40.6965 keV    e+  39.8843 keV proton 1 MeV
 Region(s) which use this couple : 
    DefaultRegionForTheWorld

====================================================================

Start closing geometry.
G4GeometryManager::ReportVoxelStats -- Voxel Statistics

    Total memory consumed for geometry optimisation:   0 kByte
    Total CPU time elapsed for geometry optimisation: 0 seconds

    Voxelisation: top CPU users:
    Percent   Total CPU    System CPU       Memory  Volume
    -------   ----------   ----------     --------  ----------
       0.00         0.00         0.00            0k World
       0.00         0.00         0.00            0k Tracker

    Voxelisation: top memory users:
    Percent     Memory      Heads    Nodes   Pointers    Total CPU    Volume
    -------   --------     ------   ------   --------   ----------    ----------
      66.30          0k         1        7         10         0.00    Tracker
      33.70          0k         1        3          4         0.00    World
### Run 0 start.
Start Run processing.

*********************************************************************************************************
* G4Track Information:   Particle = proton,   Track ID = 1,   Parent ID = 0
*********************************************************************************************************

Step#      X         Y         Z        KineE    dEStep   StepLeng  TrakLeng    Volume     Process
    0      0 fm      0 fm  -2.91 m       3 GeV     0 eV      0 fm      0 fm        World    initStep
    1      0 fm      0 fm  -2.45 m       3 GeV  67.9 keV    46 cm     46 cm        World  Transportation
    2  -5.96 um    231 nm   -2.4 m    2.93 GeV    69 MeV     5 cm     51 cm       Target  Transportation
    3    366 um   -673 um   -2.3 m    2.93 GeV  15.1 keV    10 cm     61 cm      Tracker  StepLimiter
    4    726 um  -1.36 mm   -2.2 m    2.93 GeV  25.6 keV    10 cm     71 cm      Tracker  StepLimiter
    5   1.08 mm  -2.04 mm   -2.1 m    2.93 GeV  22.8 keV    10 cm     81 cm      Tracker  StepLimiter
    6   1.44 mm  -2.72 mm     -2 m    2.93 GeV  21.7 keV    10 cm     91 cm      Tracker  StepLimiter
    7    1.8 mm   -3.4 mm   -1.9 m    2.93 GeV    16 keV    10 cm   1.01 m       Tracker  StepLimiter
    8   2.17 mm  -4.08 mm   -1.8 m    2.93 GeV  14.2 keV    10 cm   1.11 m       Tracker  StepLimiter
    9   2.53 mm  -4.77 mm   -1.7 m    2.93 GeV  15.6 keV    10 cm   1.21 m       Tracker  StepLimiter
   10    2.9 mm  -5.48 mm   -1.6 m    2.93 GeV    15 keV    10 cm   1.31 m       Tracker  StepLimiter
   11    2.9 mm  -5.48 mm   -1.6 m    2.93 GeV  4.18 eV     24 um   1.31 m       Tracker  Transportation
   12   3.62 mm  -6.86 mm   -1.4 m    2.93 GeV  93.3 keV    20 cm   1.51 m       Chamber  Transportation
   13   3.98 mm  -7.54 mm   -1.3 m    2.93 GeV  14.4 keV    10 cm   1.61 m       Tracker  StepLimiter
   14   4.35 mm  -8.22 mm   -1.2 m    2.93 GeV  13.2 keV    10 cm   1.71 m       Tracker  StepLimiter
   15    4.7 mm   -8.9 mm   -1.1 m    2.93 GeV  17.4 keV    10 cm   1.81 m       Tracker  StepLimiter
   16   5.06 mm  -9.58 mm     -1 m    2.93 GeV    30 keV    10 cm   1.91 m       Tracker  StepLimiter
   17   5.42 mm  -1.03 cm    -90 cm   2.93 GeV  11.3 keV    10 cm   2.01 m       Tracker  StepLimiter
   18   5.47 mm  -1.03 cm  -88.8 cm   2.93 GeV   960 eV   1.24 cm   2.02 m       Tracker       hIoni
   19   5.78 mm  -1.09 cm    -80 cm   2.93 GeV  16.6 keV  8.76 cm   2.11 m       Tracker  Transportation
   20   6.51 mm  -1.23 cm    -60 cm   2.93 GeV   104 keV    20 cm   2.31 m       Chamber  Transportation
   21   6.92 mm  -1.29 cm    -50 cm   2.93 GeV  25.9 keV    10 cm   2.41 m       Tracker  StepLimiter
   22   7.34 mm  -1.36 cm    -40 cm   2.93 GeV  12.6 keV    10 cm   2.51 m       Tracker  StepLimiter
   23   7.76 mm  -1.43 cm    -30 cm   2.93 GeV  13.3 keV    10 cm   2.61 m       Tracker  StepLimiter
   24   8.19 mm  -1.49 cm    -20 cm   2.93 GeV  12.9 keV    10 cm   2.71 m       Tracker  StepLimiter
   25    8.6 mm  -1.56 cm    -10 cm   2.93 GeV  21.5 keV    10 cm   2.81 m       Tracker  StepLimiter
   26   9.01 mm  -1.63 cm  -18.7 um   2.93 GeV  12.9 keV    10 cm   2.91 m       Tracker  StepLimiter
   27   9.01 mm  -1.63 cm -0.000985 fm   2.93 GeV  3.26 eV   18.7 um   2.91 m       Tracker  Transportation
   28   9.83 mm  -1.77 cm     20 cm   2.93 GeV   106 keV    20 cm   3.11 m       Chamber  Transportation
   29   1.02 cm  -1.84 cm     30 cm   2.93 GeV    27 keV    10 cm   3.21 m       Tracker  StepLimiter
   30   1.06 cm   -1.9 cm   38.4 cm   2.93 GeV  12.8 keV  8.43 cm   3.29 m       Tracker       hIoni
   31    1.1 cm  -1.97 cm   48.4 cm   2.93 GeV  22.3 keV    10 cm   3.39 m       Tracker  StepLimiter
   32   1.14 cm  -2.05 cm   58.4 cm   2.93 GeV  28.7 keV    10 cm   3.49 m       Tracker  StepLimiter
   33   1.19 cm  -2.12 cm   68.4 cm   2.93 GeV  14.1 keV    10 cm   3.59 m       Tracker  StepLimiter
   34   1.23 cm   -2.2 cm   78.4 cm   2.93 GeV  18.6 keV    10 cm   3.69 m       Tracker  StepLimiter
   35   1.24 cm  -2.21 cm     80 cm   2.93 GeV  1.41 keV  1.57 cm   3.71 m       Tracker  Transportation
   36   1.33 cm  -2.36 cm      1 m    2.93 GeV   139 keV    20 cm   3.91 m       Chamber  Transportation
   37   1.36 cm  -2.43 cm    1.1 m    2.93 GeV  16.4 keV    10 cm   4.01 m       Tracker  StepLimiter
   38   1.38 cm  -2.46 cm   1.15 m    2.93 GeV   7.1 keV  4.84 cm   4.06 m       Tracker       hIoni
   39   1.42 cm  -2.54 cm   1.25 m    2.93 GeV  16.8 keV    10 cm   4.16 m       Tracker  StepLimiter
   40   1.45 cm  -2.61 cm   1.35 m    2.93 GeV  19.5 keV    10 cm   4.26 m       Tracker  StepLimiter
   41   1.49 cm  -2.68 cm   1.45 m    2.93 GeV  11.7 keV    10 cm   4.36 m       Tracker  StepLimiter
   42   1.53 cm  -2.75 cm   1.55 m    2.93 GeV  16.9 keV    10 cm   4.46 m       Tracker  StepLimiter
   43   1.53 cm  -2.75 cm   1.56 m    2.93 GeV  1.15 keV  7.24 mm   4.47 m       Tracker       hIoni
   44   1.55 cm  -2.78 cm    1.6 m    2.93 GeV  15.2 keV  4.44 cm   4.51 m       Tracker  Transportation
   45   1.62 cm  -2.92 cm    1.8 m    2.93 GeV  76.2 keV    20 cm   4.71 m       Chamber  Transportation
   46   1.65 cm  -2.99 cm    1.9 m    2.93 GeV  15.9 keV    10 cm   4.81 m       Tracker  StepLimiter
   47   1.69 cm  -3.06 cm      2 m    2.93 GeV  19.8 keV    10 cm   4.91 m       Tracker  StepLimiter
   48   1.73 cm  -3.13 cm    2.1 m    2.93 GeV  18.7 keV    10 cm   5.01 m       Tracker  StepLimiter
   49   1.77 cm   -3.2 cm    2.2 m    2.93 GeV  20.7 keV    10 cm   5.11 m       Tracker  StepLimiter
   50   1.81 cm  -3.27 cm    2.3 m    2.93 GeV  14.3 keV    10 cm   5.21 m       Tracker  StepLimiter
   51   1.85 cm  -3.34 cm    2.4 m    2.93 GeV  25.8 keV    10 cm   5.31 m       Tracker  StepLimiter
   52   1.85 cm  -3.34 cm    2.4 m    2.93 GeV  3.25 eV   18.7 um   5.31 m       Tracker  Transportation
   53   1.91 cm  -3.45 cm   2.56 m    2.93 GeV  35.6 keV  16.4 cm   5.47 m         World       hIoni
   54   1.96 cm  -3.54 cm    2.7 m    2.93 GeV  26.1 keV  13.9 cm   5.61 m         World       hIoni
   55   2.04 cm  -3.67 cm   2.91 m    2.93 GeV  26.8 keV  20.7 cm   5.82 m    OutOfWorld  Transportation

*********************************************************************************************************
* G4Track Information:   Particle = e-,   Track ID = 7,   Parent ID = 1
*********************************************************************************************************

Step#      X         Y         Z        KineE    dEStep   StepLeng  TrakLeng    Volume     Process
    0   1.96 cm  -3.54 cm    2.7 m     151 keV     0 eV      0 fm      0 fm        World    initStep
    1  -2.75 cm  -1.57 cm   2.72 m     132 keV  19.4 keV  5.47 cm   5.47 cm        World       eIoni
    2  -6.36 cm  -9.34 mm   2.74 m     119 keV  12.5 keV  4.36 cm   9.83 cm        World       eIoni
    3   -6.4 cm  -1.09 cm   2.76 m    84.6 keV    11 keV  2.47 cm   12.3 cm        World       eIoni
    4  -5.89 cm  -1.26 cm   2.78 m    71.5 keV  13.1 keV   2.1 cm   14.4 cm        World       eIoni
    5  -5.75 cm  -9.81 mm   2.79 m      62 keV  9.49 keV   1.6 cm     16 cm        World       eIoni
    6  -4.72 cm  -1.15 cm    2.8 m    55.9 keV  6.06 keV  1.28 cm   17.3 cm        World       eIoni
    7  -4.81 cm  -3.28 mm   2.79 m    48.7 keV  7.24 keV  1.09 cm   18.4 cm        World       eIoni
    8  -4.99 cm   5.18 mm   2.79 m    42.7 keV  5.95 keV  8.88 mm   19.3 cm        World       eIoni
    9  -5.05 cm   1.13 cm   2.79 m    35.7 keV  7.05 keV  7.37 mm     20 cm        World       eIoni
   10  -5.48 cm   1.45 cm   2.79 m    31.4 keV  4.26 keV  5.78 mm   20.6 cm        World       eIoni
   11   -5.9 cm   1.46 cm   2.79 m    25.3 keV  6.15 keV  4.92 mm   21.1 cm        World       eIoni
   12  -5.95 cm   1.23 cm   2.79 m    20.9 keV  4.34 keV  3.82 mm   21.5 cm        World       eIoni
   13  -6.01 cm   1.32 cm    2.8 m      16 keV  4.91 keV  3.15 mm   21.8 cm        World       eIoni
   14  -5.83 cm   1.48 cm    2.8 m    10.9 keV   5.1 keV  2.47 mm     22 cm        World       eIoni
   15  -5.88 cm   1.43 cm   2.79 m    2.12 keV  8.79 keV  1.82 mm   22.2 cm        World       eIoni
   16  -5.89 cm   1.42 cm   2.79 m       0 eV   2.12 keV   165 um   22.2 cm        World       eIoni

*********************************************************************************************************
* G4Track Information:   Particle = e-,   Track ID = 8,   Parent ID = 7
*********************************************************************************************************

Step#      X         Y         Z        KineE    dEStep   StepLeng  TrakLeng    Volume     Process
    0   -6.4 cm  -1.09 cm   2.76 m    23.9 keV     0 eV      0 fm      0 fm        World    initStep
    1  -6.26 cm  -1.36 cm   2.76 m    19.1 keV  4.83 keV  3.61 mm   3.61 mm        World       eIoni
    2  -6.25 cm  -1.59 cm   2.76 m    15.2 keV  3.88 keV  2.89 mm   6.49 mm        World       eIoni
    3   -6.1 cm  -1.69 cm   2.76 m    9.24 keV  5.98 keV  2.37 mm   8.86 mm        World       eIoni
    4  -6.16 cm  -1.69 cm   2.75 m    3.78 keV  5.46 keV  1.58 mm   1.04 cm        World       eIoni
    5  -6.17 cm  -1.71 cm   2.75 m       0 eV   3.78 keV   426 um   1.09 cm        World       eIoni

*********************************************************************************************************
* G4Track Information:   Particle = e-,   Track ID = 6,   Parent ID = 1
*********************************************************************************************************

Step#      X         Y         Z        KineE    dEStep   StepLeng  TrakLeng    Volume     Process
    0   1.91 cm  -3.45 cm   2.56 m    2.89 MeV     0 eV      0 fm      0 fm        World    initStep
    1   10.1 cm  -19.9 cm   2.91 m    2.82 MeV  76.9 keV  39.4 cm   39.4 cm   OutOfWorld  Transportation

*********************************************************************************************************
* G4Track Information:   Particle = e-,   Track ID = 5,   Parent ID = 1
*********************************************************************************************************

Step#      X         Y         Z        KineE    dEStep   StepLeng  TrakLeng    Volume     Process
    0   1.53 cm  -2.75 cm   1.56 m    36.1 keV     0 eV      0 fm      0 fm      Tracker    initStep
    1   1.43 cm  -3.25 cm   1.56 m    31.2 keV  4.87 keV  5.86 mm   5.86 mm      Tracker       eIoni
    2   1.24 cm  -3.63 cm   1.56 m    26.5 keV  4.74 keV  4.88 mm   1.07 cm      Tracker       eIoni
    3   1.36 cm  -3.72 cm   1.55 m    18.5 keV  7.94 keV  4.03 mm   1.48 cm      Tracker       eIoni
    4   1.44 cm  -3.69 cm   1.55 m    12.3 keV  6.25 keV  2.81 mm   1.76 cm      Tracker       eIoni
    5   1.56 cm  -3.72 cm   1.55 m    8.67 keV  3.63 keV     2 mm   1.96 cm      Tracker       eIoni
    6   1.62 cm  -3.78 cm   1.55 m    2.99 keV  5.67 keV  1.49 mm   2.11 cm      Tracker       eIoni
    7   1.63 cm  -3.79 cm   1.55 m       0 eV   2.99 keV   289 um   2.14 cm      Tracker       eIoni

*********************************************************************************************************
* G4Track Information:   Particle = e-,   Track ID = 4,   Parent ID = 1
*********************************************************************************************************

Step#      X         Y         Z        KineE    dEStep   StepLeng  TrakLeng    Volume     Process
    0   1.38 cm  -2.46 cm   1.15 m    18.4 keV     0 eV      0 fm      0 fm      Tracker    initStep
    1   1.61 cm  -2.44 cm   1.15 m    12.8 keV  5.57 keV  2.78 mm   2.78 mm      Tracker       eIoni
    2   1.73 cm  -2.39 cm   1.15 m    9.61 keV  3.19 keV  2.06 mm   4.84 mm      Tracker       eIoni
    3   1.67 cm  -2.45 cm   1.15 m    3.51 keV   6.1 keV  1.64 mm   6.48 mm      Tracker       eIoni
    4   1.66 cm  -2.45 cm   1.15 m       0 eV   3.51 keV   376 um   6.86 mm      Tracker       eIoni

*********************************************************************************************************
* G4Track Information:   Particle = e-,   Track ID = 3,   Parent ID = 1
*********************************************************************************************************

Step#      X         Y         Z        KineE    dEStep   StepLeng  TrakLeng    Volume     Process
    0   1.06 cm   -1.9 cm   38.4 cm   90.9 keV     0 eV      0 fm      0 fm      Tracker    initStep
    1  -2.11 mm  -1.48 mm   38.9 cm   79.6 keV  11.3 keV  2.36 cm   2.36 cm      Tracker       eIoni
    2  -6.07 mm   1.69 cm   38.8 cm   71.6 keV  7.99 keV  1.91 cm   4.27 cm      Tracker       eIoni
    3  -4.97 mm   3.17 cm   39.3 cm   53.8 keV  17.8 keV  1.61 cm   5.88 cm      Tracker       eIoni
    4  -4.03 mm   4.09 cm   39.4 cm   48.9 keV  4.96 keV  1.03 cm   6.91 cm      Tracker       eIoni
    5   -7.3 mm   4.83 cm     39 cm   42.4 keV  6.49 keV  8.93 mm    7.8 cm      Tracker       eIoni
    6  -7.08 mm   5.45 cm   39.3 cm   37.4 keV  4.94 keV  7.29 mm   8.53 cm      Tracker       eIoni
    7  -4.93 mm   6.01 cm   39.2 cm   29.4 keV  8.04 keV  6.16 mm   9.15 cm      Tracker       eIoni
    8   -4.5 mm   6.41 cm   39.1 cm   25.2 keV  4.23 keV  4.54 mm    9.6 cm      Tracker       eIoni
    9  -1.34 mm   6.51 cm     39 cm   19.6 keV  5.58 keV  3.81 mm   9.98 cm      Tracker       eIoni
   10   -1.1 mm    6.5 cm   38.7 cm   14.7 keV  4.91 keV  2.95 mm   10.3 cm      Tracker       eIoni
   11    718 um   6.49 cm   38.6 cm   11.3 keV  3.35 keV   2.3 mm   10.5 cm      Tracker       eIoni
   12    863 um   6.44 cm   38.5 cm   7.32 keV     4 keV  1.87 mm   10.7 cm      Tracker       eIoni
   13    933 um   6.35 cm   38.5 cm   1.15 keV  6.17 keV  1.25 mm   10.8 cm      Tracker       eIoni
   14    933 um   6.35 cm   38.5 cm      0 eV   1.15 keV  65.4 um   10.8 cm      Tracker       eIoni

*********************************************************************************************************
* G4Track Information:   Particle = e-,   Track ID = 2,   Parent ID = 1
*********************************************************************************************************

Step#      X         Y         Z        KineE    dEStep   StepLeng  TrakLeng    Volume     Process
    0   5.47 mm  -1.03 cm  -88.8 cm   24.2 keV     0 eV      0 fm      0 fm      Tracker    initStep
    1    3.4 mm  -1.27 cm  -88.7 cm   20.5 keV  3.68 keV  3.65 mm   3.65 mm      Tracker       eIoni
    2   3.48 mm  -1.46 cm  -88.5 cm   12.8 keV  7.67 keV  3.09 mm   6.74 mm      Tracker       eIoni
    3   2.95 mm  -1.29 cm  -88.4 cm   3.03 keV  9.82 keV  2.07 mm    8.8 mm      Tracker       eIoni
    4   2.98 mm  -1.28 cm  -88.4 cm      0 eV   3.03 keV   294 um    9.1 mm      Tracker       eIoni
>>> Event 0
    0 trajectories stored in this event.
Run terminated.
Run Summary
  Number of events processed : 1
  User=0.01s Real=0.01s Sys=0s

Region <DefaultRegionForTheWorld> --  -- appears in <World> world volume
 This region is in the mass world.
 Root logical volume(s) : World 
 Pointers : G4VUserRegionInformation[0], G4UserLimits[0], G4FastSimulationManager[0], G4UserSteppingAction[0]
 Materials : Air Lead XenonGas 
 Production cuts :   gamma 1 cm      e- 1 cm      e+ 1 cm  proton 1 cm 

Region <DefaultRegionForParallelWorld> --  -- is not associated to any world.
 Root logical volume(s) : 
 Pointers : G4VUserRegionInformation[0], G4UserLimits[0], G4FastSimulationManager[0], G4UserSteppingAction[0]
 Materials : 
 Production cuts :   gamma 1 cm      e- 1 cm      e+ 1 cm  proton 1 cm 

========= Table of registered couples ==============================

Index : 0     used in the geometry : Yes     recalculation needed : No 
 Material : Air
 Range cuts        :  gamma  1 cm     e-  1 cm     e+  1 cm  proton 1 cm 
 Energy thresholds :  gamma  990 eV     e-  17.692740670334 keV    e+  17.194181333758 keV proton 1 MeV
 Region(s) which use this couple : 
    DefaultRegionForTheWorld

Index : 1     used in the geometry : Yes     recalculation needed : No 
 Material : Lead
 Range cuts        :  gamma  1 cm     e-  1 cm     e+  1 cm  proton 1 cm 
 Energy thresholds :  gamma  283.79180296983 keV    e-  15.366683149048 MeV    e+  13.98689587491 MeV proton 1 MeV
 Region(s) which use this couple : 
    DefaultRegionForTheWorld

Index : 2     used in the geometry : Yes     recalculation needed : No 
 Material : XenonGas
 Range cuts        :  gamma  1 cm     e-  1 cm     e+  1 cm  proton 1 cm 
 Energy thresholds :  gamma  2.5025696359866 keV    e-  40.696549172646 keV    e+  39.884314226973 keV proton 1 MeV
 Region(s) which use this couple : 
    DefaultRegionForTheWorld

====================================================================

### Run 1 start.
Start Run processing.

-------->Hits Collection: in this event they are 126 hits in the tracker chambers: 
  trackID: 1  chamberNb: 0  energy deposit: 96.181165251259 keV  position: 0.0035425923139226 0.17894146155319 -1.4 m  
  trackID: 1  chamberNb: 1  energy deposit: 98.602267217233 keV  position: 0.61595909012967 43.087176648437 -60 cm 
  trackID: 1  chamberNb: 2  energy deposit: 32.397736710289 keV  position: 0.85450546078354 74.188101949566 7.6648943480515 cm 
  trackID: 1  chamberNb: 2  energy deposit: 60.100043240572 keV  position: 0.90039361884698 80.947380215655 20 cm 
  trackID: 1  chamberNb: 3  energy deposit: 43.199159282429 keV  position: 0.011433596921141 1.2404709387948 0.86468923780359 m  
  trackID: 1  chamberNb: 3  energy deposit: 91.905091558106 keV  position: 0.011866411400195 1.324951153533 0.97606783068518 m  
  trackID: 1  chamberNb: 3  energy deposit: 14.961267393828 keV  position: 0.011948802038323 1.3436512624818 1 m  
  trackID: 1  chamberNb: 4  energy deposit: 32.571693796939 keV  position: 0.01437154096363 1.968 1.6846401022226 m  
  trackID: 6  chamberNb: 3  energy deposit: 427.8258534037 keV  position: 0.0051445638818076 1.3243817903419 0.97434764324999 m  
  trackID: 6  chamberNb: 3  energy deposit: 6.1923044534949 keV  position: 0.003348401819819 1.329527874593 0.98075349157671 m  
  trackID: 6  chamberNb: 3  energy deposit: 106.65576320994 keV  position: 0.026299594174738 1.3313562897926 0.97682742069124 m  
  trackID: 6  chamberNb: 3  energy deposit: 291.73352829248 keV  position: -0.095179658123327 1.3288970829613 0.97094296038858 m  
  trackID: 6  chamberNb: 3  energy deposit: 221.93479929576 keV  position: 0.070360786883947 1.326238772703 0.97082099686163 m  
  trackID: 6  chamberNb: 3  energy deposit: 161.27372303572 keV  position: 0.27982085909483 1.3128798661176 0.99595138546466 m  
  trackID: 6  chamberNb: 3  energy deposit: 168.86965754806 keV  position: 0.36002105216311 1.3129454117211 0.99868538230765 m  
  trackID: 6  chamberNb: 3  energy deposit: 2.7945466700849 keV  position: 0.36161663405858 1.3159347036215 1 m  
  trackID: 6  chamberNb: 3  energy deposit: 1.8694394140464 keV  position: 0.36745669193511 1.3158995302177 1 m  
  trackID: 6  chamberNb: 3  energy deposit: 456.7660659201 eV   position: 0.36972787997849 1.3157333762583 1 m  
  trackID: 6  chamberNb: 3  energy deposit: 394.13273182229 eV   position: 0.37133335533817 1.3158834150471 1 m  
  trackID: 6  chamberNb: 3  energy deposit: 337.56735817666 eV   position: 0.37402165142494 1.3157418391076 1 m  
  trackID: 6  chamberNb: 3  energy deposit: 963.49970214266 eV   position: 0.37734324201296 1.3156659289714 1 m  
  trackID: 6  chamberNb: 3  energy deposit: 46.621936118315 eV   position: 0.45679963452023 1.3149356920631 1 m  
  trackID: 6  chamberNb: 3  energy deposit: 524.77245992032 eV   position: 0.4544345312379 1.314915278836 1 m  
  trackID: 6  chamberNb: 3  energy deposit: 850.8276071834 eV   position: 0.45316248053692 1.3148672990497 1 m  
  trackID: 6  chamberNb: 3  energy deposit: 1.1484333655205 keV  position: 0.48062955664188 1.3151062464427 1 m  
  trackID: 6  chamberNb: 3  energy deposit: 792.01060424921 eV   position: 0.462583277299 1.3147990316123 1 m  
  trackID: 6  chamberNb: 3  energy deposit: 936.09524301446 eV   position: 0.44347637047228 1.3147089220178 1 m  
  trackID: 6  chamberNb: 3  energy deposit: 1.3004539669047 keV  position: 0.22301043419999 1.3139142794997 1 m  
  trackID: 6  chamberNb: 3  energy deposit: 1.1548984166845 keV  position: 0.22396308912538 1.3138851562968 1 m  
  trackID: 6  chamberNb: 3  energy deposit: 4.3864208148152 keV  position: 0.22548909743215 1.3138180221163 1 m  
  trackID: 6  chamberNb: 3  energy deposit: 2.0787442266928 keV  position: 0.2278209458518 1.3137710499108 1 m  
  trackID: 6  chamberNb: 3  energy deposit: 2.2478438421442 keV  position: 0.1844966538594 1.3134594832309 1 m  
  trackID: 6  chamberNb: 3  energy deposit: 2.4056985237911 keV  position: 0.18450272368864 1.3135050665805 1 m  
  trackID: 6  chamberNb: 3  energy deposit: 622.92451537356 eV   position: 0.18912379352801 1.3135673956245 1 m  
  trackID: 6  chamberNb: 3  energy deposit: 9.3702512163739 keV  position: 0.19179532902107 1.3136740674948 1 m  
  trackID: 6  chamberNb: 3  energy deposit: 1.8737078353679 keV  position: 0.19356435502807 1.3137169572952 1 m  
  trackID: 6  chamberNb: 3  energy deposit: 2.388713661464 keV  position: 0.19681353933409 1.3136576066144 1 m  
  trackID: 6  chamberNb: 3  energy deposit: 495.08906743073 eV   position: 0.40238882773542 1.3135496383714 0.99998282193077 m  
  trackID: 6  chamberNb: 3  energy deposit: 86.592984050138 eV   position: 0.40239312934578 1.3135573584528 1 m  
  trackID: 6  chamberNb: 3  energy deposit: 97.710995861864 eV   position: 0.40222094153795 1.3129323928689 0.99976151738344 m  
  trackID: 6  chamberNb: 3  energy deposit: 212.08052300757 eV   position: 0.40240778761466 1.3129317085721 0.99965272137201 m  
  trackID: 6  chamberNb: 3  energy deposit: 830.38112718089 eV   position: 0.40254718524882 1.3131205268201 0.99954558830137 m  
  trackID: 6  chamberNb: 3  energy deposit: 1.2131142855849 keV  position: 0.40274031469953 1.3131244963777 0.99940205558106 m  
  trackID: 6  chamberNb: 3  energy deposit: 1.2660202859308 keV  position: 0.40282044506982 1.3131130520483 0.9992188423263 m  
  trackID: 6  chamberNb: 3  energy deposit: 138.23897284393 eV   position: 0.40289206992974 1.3133049741017 0.99908706150497 m  
  trackID: 6  chamberNb: 3  energy deposit: 3.9926785751008 keV  position: 0.40283735563293 1.3133202868394 0.99927042255189 m  
  trackID: 6  chamberNb: 3  energy deposit: 882.0748256537 eV   position: 0.40304944554115 1.3132481007044 0.99934272083744 m  
  trackID: 6  chamberNb: 3  energy deposit: 1.1426314606719 keV  position: 0.40307016073214 1.3132021607394 0.99915711709136 m  
  trackID: 6  chamberNb: 3  energy deposit: 543.82518460526 eV   position: 0.40285380825917 1.3132065660284 0.99919171995606 m  
  trackID: 6  chamberNb: 3  energy deposit: 1.6995852864818 keV  position: 0.40282943693411 1.3134045687896 0.99932929363514 m  
  trackID: 6  chamberNb: 3  energy deposit: 551.40257323023 eV   position: 0.40276793211442 1.31343649879 0.99948387329745 m  
  trackID: 6  chamberNb: 3  energy deposit: 1.3824920941219 keV  position: 0.40269288545254 1.3132465328388 0.99950553620395 m  
  trackID: 6  chamberNb: 3  energy deposit: 970.67291671697 eV   position: 0.40249022150924 1.3131847163084 0.99965357109959 m  
  trackID: 6  chamberNb: 3  energy deposit: 1.9692140869815 keV  position: 0.40234404687164 1.3130894467827 0.99966958310727 m  
  trackID: 6  chamberNb: 3  energy deposit: 864.21524725646 eV   position: 0.40219287730405 1.3130051004043 0.99967446760656 m  
  trackID: 6  chamberNb: 3  energy deposit: 2.3067249853563 keV  position: 0.40206409481194 1.3130872359414 0.99961802114144 m  
  trackID: 6  chamberNb: 3  energy deposit: 1.8492390475877 keV  position: 0.40195054666349 1.3128828396352 0.99953809435005 m  
  trackID: 6  chamberNb: 3  energy deposit: 1.5307028173738 keV  position: 0.40178228070316 1.3127828945724 0.99961477700902 m  
  trackID: 6  chamberNb: 3  energy deposit: 1.6699684385828 keV  position: 0.40175986913401 1.3129790530501 0.99975112521024 m  
  trackID: 6  chamberNb: 3  energy deposit: 3.6657739549056 keV  position: 0.4017697743479 1.3129686333422 0.99977795319253 m  
  trackID: 11  chamberNb: 3  energy deposit: 106.51170274703 eV   position: 0.47840195696223 1.3140645490976 0.99991856909166 m  
  trackID: 11  chamberNb: 3  energy deposit: 324.98360324567 eV   position: 0.47850695557948 1.3140767096012 0.99985662792891 m  
  trackID: 11  chamberNb: 3  energy deposit: 442.54617861001 eV   position: 0.47860024800966 1.3141482599716 0.99981758169027 m  
  trackID: 11  chamberNb: 3  energy deposit: 228.40100116547 eV   position: 0.47870617235362 1.3141916196308 0.99977413752412 m  
  trackID: 11  chamberNb: 3  energy deposit: 610.24938431408 eV   position: 0.47882163765262 1.3142434983933 0.99976110784877 m  
  trackID: 11  chamberNb: 3  energy deposit: 252.84071782438 eV   position: 0.47893494865395 1.3143148372941 0.99977521984428 m  
  trackID: 11  chamberNb: 3  energy deposit: 851.3905995913 eV   position: 0.4790615353574 1.3142754362691 0.99977970483561 m  
  trackID: 11  chamberNb: 3  energy deposit: 532.44473971373 eV   position: 0.47908433470943 1.3141549649722 0.99984144117055 m  
  trackID: 11  chamberNb: 3  energy deposit: 808.80808894636 eV   position: 0.47905995431604 1.3140209566863 0.999870155817 m  
  trackID: 11  chamberNb: 3  energy deposit: 930.76232800743 eV   position: 0.47900449013155 1.3139126789193 0.99985403999908 m  
  trackID: 11  chamberNb: 3  energy deposit: 449.39536014622 eV   position: 0.47900293891731 1.3138212818886 0.99974363739878 m  
  trackID: 11  chamberNb: 3  energy deposit: 170.99965263959 eV   position: 0.47910756150418 1.3137515322288 0.99970468687639 m  
  trackID: 11  chamberNb: 3  energy deposit: 365.6016522991 eV   position: 0.4791882889747 1.3138146945636 0.99963580102256 m  
  trackID: 11  chamberNb: 3  energy deposit: 363.74192287043 eV   position: 0.47918726723937 1.3139223017797 0.99961175388085 m  
  trackID: 11  chamberNb: 3  energy deposit: 252.00755548437 eV   position: 0.47912273264462 1.3140242423593 0.99964665876075 m  
  trackID: 11  chamberNb: 3  energy deposit: 686.0597244824 eV   position: 0.47910119194192 1.3141740864792 0.99963816240846 m  
  trackID: 11  chamberNb: 3  energy deposit: 1.579199973931 keV  position: 0.47921263681614 1.3141653561509 0.99958017999938 m  
  trackID: 11  chamberNb: 3  energy deposit: 381.00948537407 eV   position: 0.47909290048578 1.3142176728789 0.99957833867304 m  
  trackID: 11  chamberNb: 3  energy deposit: 528.98297835745 eV   position: 0.47910747981601 1.3143264027478 0.99961338355267 m  
  trackID: 11  chamberNb: 3  energy deposit: 587.51294936184 eV   position: 0.47919404265932 1.314403974807 0.99965903418986 m  
  trackID: 11  chamberNb: 3  energy deposit: 696.37967484287 eV   position: 0.47925664619031 1.3145314164892 0.9996817739193 m  
  trackID: 11  chamberNb: 3  energy deposit: 704.63914066388 eV   position: 0.47927880403244 1.3145169857579 0.99977606122828 m  
  trackID: 11  chamberNb: 3  energy deposit: 1.5961001068122 keV  position: 0.47921427926919 1.3144458657056 0.99986882363881 m  
  trackID: 11  chamberNb: 3  energy deposit: 235.51592027602 eV   position: 0.47916234697389 1.3143536833634 0.99989010420756 m  
  trackID: 11  chamberNb: 3  energy deposit: 1.0896840690218 keV  position: 0.47908409018564 1.3143521708178 0.9999577265152 m  
  trackID: 11  chamberNb: 3  energy deposit: 90.665899049135 eV   position: 0.47908320730823 1.3143579442933 1 m  
  trackID: 11  chamberNb: 3  energy deposit: 156.39755178998 eV   position: 0.47921006250752 1.3141443066388 0.99999287124218 m  
  trackID: 11  chamberNb: 3  energy deposit: 60.652099322522 eV   position: 0.47921842345456 1.3141442281275 0.99999973624617 m  
  trackID: 11  chamberNb: 3  energy deposit: 4.035091610684 eV   position: 0.47921869994819 1.3141443415552 1 m  
  trackID: 10  chamberNb: 3  energy deposit: 15.073172991986 keV  position: 0.034089257747076 1.3272524787192 0.97833348887249 m  
  trackID: 10  chamberNb: 3  energy deposit: 8.6767253903852 keV  position: 0.042126849702627 1.3253357820077 0.9821028226988 m  
  trackID: 10  chamberNb: 3  energy deposit: 11.917337552224 keV  position: 0.047337876895688 1.3180487293267 0.98107709182177 m  
  trackID: 10  chamberNb: 3  energy deposit: 8.6249725173316 keV  position: 0.040769572309588 1.3221646888944 0.97882823940641 m  
  trackID: 10  chamberNb: 3  energy deposit: 17.438555834794 keV  position: 0.034905348441557 1.3227755560818 0.98470283165285 m  
  trackID: 10  chamberNb: 3  energy deposit: 5.2343070697874 keV  position: 0.038760326347646 1.3207508651088 0.98466221456492 m  
  trackID: 10  chamberNb: 3  energy deposit: 8.5100998013244 keV  position: 0.036339560411903 1.3221495634756 0.98326142516289 m  
  trackID: 10  chamberNb: 3  energy deposit: 10.717216783454 keV  position: 0.03514082443794 1.3204385532939 0.98574205492318 m  
  trackID: 10  chamberNb: 3  energy deposit: 4.3351390233874 keV  position: 0.03471610780105 1.3211839890779 0.98497131749152 m  
  trackID: 10  chamberNb: 3  energy deposit: 8.4777901678692 keV  position: 0.031846134241191 1.3198201555182 0.98664497154506 m  
  trackID: 10  chamberNb: 3  energy deposit: 8.5470930807357 keV  position: 0.034047320692423 1.3189951725666 0.9863934585606 m  
  trackID: 10  chamberNb: 3  energy deposit: 5.7451064097387 keV  position: 0.036239906620079 1.3189905985026 0.98652929991203 m  
  trackID: 10  chamberNb: 3  energy deposit: 9.8748420747971 keV  position: 0.035617839004881 1.3199879205104 0.98770695209208 m  
  trackID: 10  chamberNb: 3  energy deposit: 13.907295675755 keV  position: 0.03552988914706 1.319797814335 0.98768929622043 m  
  trackID: 9  chamberNb: 3  energy deposit: 11.891126858413 keV  position: 0.0029130255966379 1.3261387364767 0.98350945777355 m  
  trackID: 9  chamberNb: 3  energy deposit: 4.0884134711863 keV  position: 0.0023852792797189 1.327972139915 0.9833614836908 m  
  trackID: 9  chamberNb: 3  energy deposit: 6.3899188034244 keV  position: 0.0037157484537027 1.3276391557879 0.98196318885682 m  
  trackID: 9  chamberNb: 3  energy deposit: 9.5702726575082 keV  position: 0.0059804901805582 1.3289499946388 0.97943589308632 m  
  trackID: 9  chamberNb: 3  energy deposit: 9.5078189384412 keV  position: 0.0027149383887173 1.3310547504597 0.98133342211149 m  
  trackID: 9  chamberNb: 3  energy deposit: 8.3652462025649 keV  position: 0.0047610748380962 1.3319849983071 0.98328676433042 m  
  trackID: 9  chamberNb: 3  energy deposit: 8.9558053180771 keV  position: 0.0059029075955822 1.3312370474325 0.98281616376521 m  
  trackID: 9  chamberNb: 3  energy deposit: 8.7830771269635 keV  position: 0.0067055803545639 1.3316985282964 0.98303638170992 m  
  trackID: 9  chamberNb: 3  energy deposit: 11.032545722624 keV  position: 0.0067762080470863 1.3317607359642 0.98292089888897 m  
  trackID: 5  chamberNb: 3  energy deposit: 10.353749174376 keV  position: 0.010995879481474 1.2399554426566 0.86077833630023 m  
  trackID: 5  chamberNb: 3  energy deposit: 6.3353369278917 keV  position: 0.012832787498157 1.2393157827704 0.8623616115912 m  
  trackID: 5  chamberNb: 3  energy deposit: 9.6184851074546 keV  position: 0.012979659223944 1.2380097775259 0.86422226401549 m  
  trackID: 5  chamberNb: 3  energy deposit: 11.134453072342 keV  position: 0.013561543435445 1.2395814097709 0.86373451712249 m  
  trackID: 5  chamberNb: 3  energy deposit: 6.9139846619704 keV  position: 0.013538990471171 1.2396041402784 0.86366709248934 m  
  trackID: 4  chamberNb: 2  energy deposit: 7.6483492998452 keV  position: 1.3616189443216 73.984792960076 7.1727341857274 cm 
  trackID: 4  chamberNb: 2  energy deposit: 11.363751915975 keV  position: 1.0049335660373 73.788341602704 6.8180807880346 cm 
  trackID: 4  chamberNb: 2  energy deposit: 8.8090017530073 keV  position: 0.93779355810857 73.945502964728 6.6153823392754 cm 
  trackID: 4  chamberNb: 2  energy deposit: 5.7465342700552 keV  position: 1.162210602467 74.115640470522 6.4868619005132 cm 
  trackID: 4  chamberNb: 2  energy deposit: 8.9648860130642 keV  position: 1.1023832658052 73.969888904582 6.6782472587403 cm 
  trackID: 4  chamberNb: 2  energy deposit: 9.1381204086121 keV  position: 1.1050944976033 73.876602262619 6.7569412532832 cm 
  trackID: 4  chamberNb: 2  energy deposit: 3.9115352087658 keV  position: 1.0580073127613 73.778694239966 6.7012566785616 cm 
  trackID: 4  chamberNb: 2  energy deposit: 6.7126313344272 keV  position: 1.17044935727 73.850938378349 6.6497009324233 cm 
  trackID: 4  chamberNb: 2  energy deposit: 7.0544790405645 keV  position: 1.1748284401347 73.848945714846 6.6556921002278 cm 
>>> Event 0
    0 trajectories stored in this event.
Run terminated.
Run Summary
  Number of events processed : 1
  User=0.02s Real=0.02s Sys=0s
Graphics systems deleted.
Visualization Manager deleting...
UserDetectorConstruction deleted.
UserPhysicsList deleted.
UserRunAction deleted.
UserPrimaryGenerator deleted.
G4 kernel has come to Quit state.
G4SDManager deleted.
EventManager deleted.
UImanager deleted.
Units table cleared.
StateManager deleted.
RunManagerKernel is deleted.
RunManager is deleting.

