
*************************************************************
 Geant4 version Name: global-V09-01-09    (4-July-2008)
                      Copyright : Geant4 Collaboration
                      Reference : NIM A 506 (2003), 250-303
                            WWW : http://cern.ch/geant4
*************************************************************


***** Table : Nb of materials = 13 *****

 Material: Aluminium     density:  2.700 g/cm3   RadL:   8.893 cm   Nucl.Int.Length:  38.879 cm   Imean: 166.400 eV 
   --->  Element: Aluminium ( )   Z = 13.0   N =  27.0   A =  26.98 g/mole  ElmMassFraction: 100.00 %  ElmAbundance 100.00 %

 Material: liquidArgon     density:  1.390 g/cm3   RadL:  14.065 cm   Nucl.Int.Length:  86.078 cm   Imean: 187.200 eV 
   --->  Element: liquidArgon ( )   Z = 18.0   N =  40.0   A =  39.95 g/mole  ElmMassFraction: 100.00 %  ElmAbundance 100.00 %

 Material:     Lead     density: 11.350 g/cm3   RadL:   5.612 mm   Nucl.Int.Length:  18.247 cm   Imean: 820.000 eV 
   --->  Element: Lead ( )   Z = 82.0   N = 207.2   A = 207.19 g/mole  ElmMassFraction: 100.00 %  ElmAbundance 100.00 %

 Material:    Water     density:  1.000 g/cm3   RadL:  36.092 cm   Nucl.Int.Length:  75.416 cm   Imean:  75.000 eV 
   --->  Element: Hydrogen (H)   Z =  1.0   N =   1.0   A =   1.01 g/mole  ElmMassFraction:  11.21 %  ElmAbundance  66.67 %
   --->  Element: Oxygen (O)   Z =  8.0   N =  16.0   A =  16.00 g/mole  ElmMassFraction:  88.79 %  ElmAbundance  33.33 %

 Material: Scintillator     density:  1.032 g/cm3   RadL:  42.549 cm   Nucl.Int.Length:  69.996 cm   Imean:  63.913 eV 
   --->  Element: Carbon (C)   Z =  6.0   N =  12.0   A =  12.01 g/mole  ElmMassFraction:  91.45 %  ElmAbundance  47.37 %
   --->  Element: Hydrogen (H)   Z =  1.0   N =   1.0   A =   1.01 g/mole  ElmMassFraction:   8.55 %  ElmAbundance  52.63 %

 Material:    Mylar     density:  1.397 g/cm3   RadL:  28.599 cm   Nucl.Int.Length:  56.054 cm   Imean:  75.075 eV 
   --->  Element: Carbon (C)   Z =  6.0   N =  12.0   A =  12.01 g/mole  ElmMassFraction:  62.49 %  ElmAbundance  45.45 %
   --->  Element: Hydrogen (H)   Z =  1.0   N =   1.0   A =   1.01 g/mole  ElmMassFraction:   4.20 %  ElmAbundance  36.36 %
   --->  Element: Oxygen (O)   Z =  8.0   N =  16.0   A =  16.00 g/mole  ElmMassFraction:  33.30 %  ElmAbundance  18.18 %

 Material:   quartz     density:  2.200 g/cm3   RadL:  12.295 cm   Nucl.Int.Length:  43.573 cm   Imean: 126.007 eV 
   --->  Element: Silicon (Si)   Z = 14.0   N =  28.1   A =  28.09 g/mole  ElmMassFraction:  46.75 %  ElmAbundance  33.33 %
   --->  Element: Oxygen (O)   Z =  8.0   N =  16.0   A =  16.00 g/mole  ElmMassFraction:  53.25 %  ElmAbundance  66.67 %

 Material:      Air     density:  1.290 mg/cm3  RadL: 285.162 m    Nucl.Int.Length: 662.680 m    Imean:  85.684 eV   temperature: 273.15 K  pressure:   1.00 atm
   --->  Element: Nitrogen (N)   Z =  7.0   N =  14.0   A =  14.01 g/mole  ElmMassFraction:  70.00 %  ElmAbundance  72.71 %
   --->  Element: Oxygen (O)   Z =  8.0   N =  16.0   A =  16.00 g/mole  ElmMassFraction:  30.00 %  ElmAbundance  27.29 %

 Material:  Aerogel     density: 200.000 mg/cm3  RadL:   1.493 m    Nucl.Int.Length:   4.351 m    Imean: 100.118 eV 
   --->  Element: Silicon (Si)   Z = 14.0   N =  28.1   A =  28.09 g/mole  ElmMassFraction:  29.22 %  ElmAbundance  11.12 %
   --->  Element: Oxygen (O)   Z =  8.0   N =  16.0   A =  16.00 g/mole  ElmMassFraction:  66.49 %  ElmAbundance  44.42 %
   --->  Element: Hydrogen (H)   Z =  1.0   N =   1.0   A =   1.01 g/mole  ElmMassFraction:   4.19 %  ElmAbundance  44.37 %
   --->  Element: Carbon (C)   Z =  6.0   N =  12.0   A =  12.01 g/mole  ElmMassFraction:   0.10 %  ElmAbundance   0.09 %

 Material: CarbonicGas     density: 27.000 mg/cm3  RadL:  13.406 m    Nucl.Int.Length:  31.794 m    Imean:  90.164 eV   temperature: 325.00 K  pressure:  50.00 atm
   --->  Element: Carbon (C)   Z =  6.0   N =  12.0   A =  12.01 g/mole  ElmMassFraction:  27.29 %  ElmAbundance  33.33 %
   --->  Element: Oxygen (O)   Z =  8.0   N =  16.0   A =  16.00 g/mole  ElmMassFraction:  72.71 %  ElmAbundance  66.67 %

 Material: WaterSteam     density:  0.300 kg/m3   RadL:   1.203 km   Nucl.Int.Length:   2.514 km   Imean:  70.893 eV   temperature: 500.00 K  pressure:   2.00 atm
   --->  Element: Hydrogen (H)   Z =  1.0   N =   1.0   A =   1.01 g/mole  ElmMassFraction:  11.21 %  ElmAbundance  66.67 %
   --->  Element: Oxygen (O)   Z =  8.0   N =  16.0   A =  16.00 g/mole  ElmMassFraction:  88.79 %  ElmAbundance  33.33 %

 Material: Galactic     density:  0.000 kg/m3   RadL: 204727680.290 pc   Nucl.Int.Length: 113804204.102 pc   Imean:  21.800 eV   temperature:   2.73 K  pressure:   0.00 atm
   --->  Element: Galactic ( )   Z =  1.0   N =   1.0   A =   1.01 g/mole  ElmMassFraction: 100.00 %  ElmAbundance 100.00 %

 Material:     Beam     density:  0.010 kg/m3   RadL:  36.786 km   Nucl.Int.Length:  85.486 km   Imean:  85.684 eV   temperature: 273.15 K  pressure:   0.02 atm
   --->  Element: Nitrogen (N)   Z =  7.0   N =  14.0   A =  14.01 g/mole  ElmMassFraction:  70.00 %  ElmAbundance  72.71 %
   --->  Element: Oxygen (O)   Z =  8.0   N =  16.0   A =  16.00 g/mole  ElmMassFraction:  30.00 %  ElmAbundance  27.29 %



------------------------------------------------------------
---> The calorimeter is 10 layers of: [ 10mm of Lead + 5mm of liquidArgon ] 
------------------------------------------------------------
ExN03PhysicsList::SetCuts:CutLength : 1 mm 
Visualization Manager instantiating...
Visualization Manager initialising...
Registering graphics systems...

You have successfully registered the following graphics systems.
Current available graphics systems are:
  ASCIITree (ATree)
  DAWNFILE (DAWNFILE)
  G4HepRep (HepRepXML)
  G4HepRepFile (HepRepFile)
  RayTracer (RayTracer)
  VRML1FILE (VRML1FILE)
  VRML2FILE (VRML2FILE)
  OpenGLImmediateX (OGLIX)
  OpenGLStoredX (OGLSX)

Registering model factories...

You have successfully registered the following model factories.
Registered model factories:
  generic
  drawByCharge
  drawByParticleID
  drawByOriginVolume
  drawByAttribute

Registered filter factories:
  chargeFilter
  particleFilter
  originVolumeFilter
  attributeFilter


phot:   tables are built for  gamma
      Total cross sections from Sandia parametrisation. 
      Sampling according PhotoElectric model

compt:   tables are built for  gamma
      Lambda tables from 100 eV  to 100 GeV in 90 bins, spline: 0
      Total cross sections has a good parametrisation from 10 KeV to (100/Z) GeV
      Sampling according Klein-Nishina model

conv:   tables are built for  gamma
      Lambda tables from 1.022 MeV to 100 GeV in 100 bins, spline: 0
      Total cross sections has a good parametrisation from 1.5 MeV to 100 GeV for all Z;
      sampling secondary e+e- according Bethe-Heitler model

msc:  Model variant of multiple scattering for e-
      Lambda tables from 100 eV  to 100 TeV in 120 bins, spline: 0
      LateralDisplacementFlag=  1   Skin= 3
      Model <UrbanMscUni2>, RangeFactor= 0.02, Step limit type 1

eIoni:   tables are built for  e-
      dE/dx and range tables from 100 eV  to 100 TeV in 120 bins
      Lambda tables from threshold to 100 TeV in 120 bins, spline: 0
      finalRange(mm)= 1, dRoverRange= 0.2, integral: 1, fluct: 1, linLossLimit= 0.05
      Delta cross sections and sampling from MollerBhabha model
      Good description from 1 KeV to 100 GeV.

eBrem:   tables are built for  e-
      dE/dx and range tables from 100 eV  to 100 TeV in 120 bins
      Lambda tables from threshold to 100 TeV in 120 bins, spline: 0
      Total cross sections and sampling from eBrem model (based on the EEDL data library) 
      Good description from 1 KeV to 100 GeV, log scale extrapolation above 100 GeV. LPM flag 1

eIoni:   tables are built for  e+
      dE/dx and range tables from 100 eV  to 100 TeV in 120 bins
      Lambda tables from threshold to 100 TeV in 120 bins, spline: 0
      finalRange(mm)= 1, dRoverRange= 0.2, integral: 1, fluct: 1, linLossLimit= 0.05
      Delta cross sections and sampling from MollerBhabha model
      Good description from 1 KeV to 100 GeV.

eBrem:   tables are built for  e+
      dE/dx and range tables from 100 eV  to 100 TeV in 120 bins
      Lambda tables from threshold to 100 TeV in 120 bins, spline: 0
      Total cross sections and sampling from eBrem model (based on the EEDL data library) 
      Good description from 1 KeV to 100 GeV, log scale extrapolation above 100 GeV. LPM flag 1

annihil:   tables are built for  e+
      Lambda tables from 100 eV  to 100 TeV in 120 bins, spline: 0
      Sampling according eplus2gg model

msc:  Model variant of multiple scattering for proton
      Lambda tables from 100 eV  to 100 TeV in 120 bins, spline: 0
      LateralDisplacementFlag=  1   Skin= 3
      Model <UrbanMscUni>, RangeFactor= 0.2, Step limit type 0

hIoni:   tables are built for  proton
      dE/dx and range tables from 100 eV  to 100 TeV in 120 bins
      Lambda tables from threshold to 100 TeV in 120 bins, spline: 0
      finalRange(mm)= 1, dRoverRange= 0.2, integral: 1, fluct: 1, linLossLimit= 0.05
      NuclearStopping= 1
      ===== EM models for the G4Region  DefaultRegionForTheWorld ======
               Bragg :     Emin=          0 eV         Emax=   2 MeV
          BetheBloch :     Emin=          2 MeV        Emax=   100 TeV

hIoni:   tables are built for  anti_proton
      dE/dx and range tables from 100 eV  to 100 TeV in 120 bins
      Lambda tables from threshold to 100 TeV in 120 bins, spline: 0
      finalRange(mm)= 1, dRoverRange= 0.2, integral: 1, fluct: 1, linLossLimit= 0.05
      NuclearStopping= 1
      ===== EM models for the G4Region  DefaultRegionForTheWorld ======
               Bragg :     Emin=          0 eV         Emax=   2 MeV
          BetheBloch :     Emin=          2 MeV        Emax=   100 TeV

hIoni:   tables are built for  kaon+
      dE/dx and range tables from 100 eV  to 100 TeV in 120 bins
      Lambda tables from threshold to 100 TeV in 120 bins, spline: 0
      finalRange(mm)= 1, dRoverRange= 0.2, integral: 1, fluct: 1, linLossLimit= 0.05
      NuclearStopping= 1
      ===== EM models for the G4Region  DefaultRegionForTheWorld ======
               Bragg :     Emin=          0 eV         Emax=   1.05231 MeV
          BetheBloch :     Emin=    1.05231 MeV        Emax=   100 TeV

hIoni:   tables are built for  kaon-
      dE/dx and range tables from 100 eV  to 100 TeV in 120 bins
      Lambda tables from threshold to 100 TeV in 120 bins, spline: 0
      finalRange(mm)= 1, dRoverRange= 0.2, integral: 1, fluct: 1, linLossLimit= 0.05
      NuclearStopping= 1
      ===== EM models for the G4Region  DefaultRegionForTheWorld ======
               Bragg :     Emin=          0 eV         Emax=   1.05231 MeV
          BetheBloch :     Emin=    1.05231 MeV        Emax=   100 TeV

msc:  Model variant of multiple scattering for mu+
      Lambda tables from 100 eV  to 100 TeV in 120 bins, spline: 0
      LateralDisplacementFlag=  1   Skin= 3
      Model <UrbanMscUni>, RangeFactor= 0.2, Step limit type 0

muIoni:   tables are built for  mu+
      dE/dx and range tables from 100 eV  to 100 TeV in 120 bins
      Lambda tables from threshold to 100 TeV in 120 bins, spline: 0
      finalRange(mm)= 1, dRoverRange= 0.2, integral: 1, fluct: 1, linLossLimit= 0.05
      Bether-Bloch model for E > 0.2 MeV, parametrisation of Bragg peak below, 
      radiative corrections for E > 1 GeV
      ===== EM models for the G4Region  DefaultRegionForTheWorld ======
               Bragg :     Emin=          0 eV         Emax=   200 keV
          BetheBloch :     Emin=        200 keV        Emax=   1 GeV
        MuBetheBloch :     Emin=          1 GeV        Emax=   100 TeV

muBrems:   tables are built for  mu+
      dE/dx and range tables from 100 eV  to 100 TeV in 120 bins
      Lambda tables from threshold to 100 TeV in 120 bins, spline: 0
      Theoretical model 

muPairProd:   tables are built for  mu+
      dE/dx and range tables from 100 eV  to 100 TeV in 120 bins
      Lambda tables from threshold to 100 TeV in 120 bins, spline: 0
      Theoretical model 

muIoni:   tables are built for  mu-
      dE/dx and range tables from 100 eV  to 100 TeV in 120 bins
      Lambda tables from threshold to 100 TeV in 120 bins, spline: 0
      finalRange(mm)= 1, dRoverRange= 0.2, integral: 1, fluct: 1, linLossLimit= 0.05
      Bether-Bloch model for E > 0.2 MeV, parametrisation of Bragg peak below, 
      radiative corrections for E > 1 GeV
      ===== EM models for the G4Region  DefaultRegionForTheWorld ======
               Bragg :     Emin=          0 eV         Emax=   200 keV
          BetheBloch :     Emin=        200 keV        Emax=   1 GeV
        MuBetheBloch :     Emin=          1 GeV        Emax=   100 TeV

muBrems:   tables are built for  mu-
      dE/dx and range tables from 100 eV  to 100 TeV in 120 bins
      Lambda tables from threshold to 100 TeV in 120 bins, spline: 0
      Theoretical model 

muPairProd:   tables are built for  mu-
      dE/dx and range tables from 100 eV  to 100 TeV in 120 bins
      Lambda tables from threshold to 100 TeV in 120 bins, spline: 0
      Theoretical model 

hIoni:   tables are built for  pi+
      dE/dx and range tables from 100 eV  to 100 TeV in 120 bins
      Lambda tables from threshold to 100 TeV in 120 bins, spline: 0
      finalRange(mm)= 1, dRoverRange= 0.2, integral: 1, fluct: 1, linLossLimit= 0.05
      NuclearStopping= 1
      ===== EM models for the G4Region  DefaultRegionForTheWorld ======
               Bragg :     Emin=          0 eV         Emax=   297.504 keV
          BetheBloch :     Emin=    297.504 keV        Emax=   100 TeV

msc:  Model variant of multiple scattering for pi-
      Lambda tables from 100 eV  to 100 TeV in 120 bins, spline: 0
      LateralDisplacementFlag=  1   Skin= 3
      Model <UrbanMscUni>, RangeFactor= 0.2, Step limit type 0

hIoni:   tables are built for  pi-
      dE/dx and range tables from 100 eV  to 100 TeV in 120 bins
      Lambda tables from threshold to 100 TeV in 120 bins, spline: 0
      finalRange(mm)= 1, dRoverRange= 0.2, integral: 1, fluct: 1, linLossLimit= 0.05
      NuclearStopping= 1
      ===== EM models for the G4Region  DefaultRegionForTheWorld ======
               Bragg :     Emin=          0 eV         Emax=   297.504 keV
          BetheBloch :     Emin=    297.504 keV        Emax=   100 TeV

========= Table of registered couples ==============================

Index : 0     used in the geometry : Yes     recalculation needed : No 
 Material : Galactic
 Range cuts        :  gamma 1 mm     e- 1 mm     e+ 1 mm 
 Energy thresholds :  gamma 990 eV     e- 990 eV     e+ 990 eV 
 Region(s) which use this couple : 
    DefaultRegionForTheWorld

Index : 1     used in the geometry : Yes     recalculation needed : No 
 Material : Lead
 Range cuts        :  gamma 1 mm     e- 1 mm     e+ 1 mm 
 Energy thresholds :  gamma 100.511 keV    e- 1.37814 MeV    e+ 1.28002 MeV
 Region(s) which use this couple : 
    DefaultRegionForTheWorld

Index : 2     used in the geometry : Yes     recalculation needed : No 
 Material : liquidArgon
 Range cuts        :  gamma 1 mm     e- 1 mm     e+ 1 mm 
 Energy thresholds :  gamma 6.17835 keV    e- 342.891 keV    e+ 334.551 keV
 Region(s) which use this couple : 
    DefaultRegionForTheWorld

====================================================================

### Run 0 start.

---> Begin of event: 0

--------- Ranecu engine status ---------
 Initial seed (index) = 0
 Current couple of seeds = 9876, 54321
----------------------------------------
---> End of event: 0
   Absorber: total energy: 273.70265 MeV       total track length: 19.343515 cm 
        Gap: total energy: 9.3875714 MeV       total track length: 4.3623551 cm 

--------------------End of Run------------------------------

 mean Energy in Absorber : 273.70265 MeV +- 0 eV 
 mean Energy in Gap      : 9.3875714 MeV +- 0 eV 

 mean trackLength in Absorber : 19.343515 cm  +- 0 fm 
 mean trackLength in Gap      : 4.3623551 cm  +- 0 fm 
------------------------------------------------------------

     Transportation,                msc,              hIoni,              eIoni
              eBrem,            annihil,               phot,              compt
               conv,             muIoni,            muBrems,         muPairProd
              Decay

phot:   tables are built for  gamma
      Total cross sections from Sandia parametrisation. 
      Sampling according PhotoElectric model

compt:   tables are built for  gamma
      Lambda tables from 100 eV  to 100 GeV in 90 bins, spline: 0
      Total cross sections has a good parametrisation from 10 KeV to (100/Z) GeV
      Sampling according Klein-Nishina model

conv:   tables are built for  gamma
      Lambda tables from 1.0219978 MeV to 100 GeV in 100 bins, spline: 0
      Total cross sections has a good parametrisation from 1.5 MeV to 100 GeV for all Z;
      sampling secondary e+e- according Bethe-Heitler model

msc:  Model variant of multiple scattering for e-
      Lambda tables from 100 eV  to 100 TeV in 120 bins, spline: 0
      LateralDisplacementFlag=  1   Skin= 3
      Model <UrbanMscUni2>, RangeFactor= 0.02, Step limit type 1

eIoni:   tables are built for  e-
      dE/dx and range tables from 100 eV  to 100 TeV in 120 bins
      Lambda tables from threshold to 100 TeV in 120 bins, spline: 0
      finalRange(mm)= 1, dRoverRange= 0.2, integral: 1, fluct: 1, linLossLimit= 0.05
      Delta cross sections and sampling from MollerBhabha model
      Good description from 1 KeV to 100 GeV.

eBrem:   tables are built for  e-
      dE/dx and range tables from 100 eV  to 100 TeV in 120 bins
      Lambda tables from threshold to 100 TeV in 120 bins, spline: 0
      Total cross sections and sampling from eBrem model (based on the EEDL data library) 
      Good description from 1 KeV to 100 GeV, log scale extrapolation above 100 GeV. LPM flag 1

eIoni:   tables are built for  e+
      dE/dx and range tables from 100 eV  to 100 TeV in 120 bins
      Lambda tables from threshold to 100 TeV in 120 bins, spline: 0
      finalRange(mm)= 1, dRoverRange= 0.2, integral: 1, fluct: 1, linLossLimit= 0.05
      Delta cross sections and sampling from MollerBhabha model
      Good description from 1 KeV to 100 GeV.

eBrem:   tables are built for  e+
      dE/dx and range tables from 100 eV  to 100 TeV in 120 bins
      Lambda tables from threshold to 100 TeV in 120 bins, spline: 0
      Total cross sections and sampling from eBrem model (based on the EEDL data library) 
      Good description from 1 KeV to 100 GeV, log scale extrapolation above 100 GeV. LPM flag 1

annihil:   tables are built for  e+
      Lambda tables from 100 eV  to 100 TeV in 120 bins, spline: 0
      Sampling according eplus2gg model

msc:  Model variant of multiple scattering for proton
      Lambda tables from 100 eV  to 100 TeV in 120 bins, spline: 0
      LateralDisplacementFlag=  1   Skin= 3
      Model <UrbanMscUni>, RangeFactor= 0.2, Step limit type 0

hIoni:   tables are built for  proton
      dE/dx and range tables from 100 eV  to 100 TeV in 120 bins
      Lambda tables from threshold to 100 TeV in 120 bins, spline: 0
      finalRange(mm)= 1, dRoverRange= 0.2, integral: 1, fluct: 1, linLossLimit= 0.05
      NuclearStopping= 1
      ===== EM models for the G4Region  DefaultRegionForTheWorld ======
               Bragg :     Emin=          0 eV         Emax=   2 MeV
          BetheBloch :     Emin=          2 MeV        Emax=   100 TeV

hIoni:   tables are built for  anti_proton
      dE/dx and range tables from 100 eV  to 100 TeV in 120 bins
      Lambda tables from threshold to 100 TeV in 120 bins, spline: 0
      finalRange(mm)= 1, dRoverRange= 0.2, integral: 1, fluct: 1, linLossLimit= 0.05
      NuclearStopping= 1
      ===== EM models for the G4Region  DefaultRegionForTheWorld ======
               Bragg :     Emin=          0 eV         Emax=   2 MeV
          BetheBloch :     Emin=          2 MeV        Emax=   100 TeV

hIoni:   tables are built for  kaon+
      dE/dx and range tables from 100 eV  to 100 TeV in 120 bins
      Lambda tables from threshold to 100 TeV in 120 bins, spline: 0
      finalRange(mm)= 1, dRoverRange= 0.2, integral: 1, fluct: 1, linLossLimit= 0.05
      NuclearStopping= 1
      ===== EM models for the G4Region  DefaultRegionForTheWorld ======
               Bragg :     Emin=          0 eV         Emax=   1.052311 MeV
          BetheBloch :     Emin=   1.052311 MeV        Emax=   100 TeV

hIoni:   tables are built for  kaon-
      dE/dx and range tables from 100 eV  to 100 TeV in 120 bins
      Lambda tables from threshold to 100 TeV in 120 bins, spline: 0
      finalRange(mm)= 1, dRoverRange= 0.2, integral: 1, fluct: 1, linLossLimit= 0.05
      NuclearStopping= 1
      ===== EM models for the G4Region  DefaultRegionForTheWorld ======
               Bragg :     Emin=          0 eV         Emax=   1.052311 MeV
          BetheBloch :     Emin=   1.052311 MeV        Emax=   100 TeV

msc:  Model variant of multiple scattering for mu+
      Lambda tables from 100 eV  to 100 TeV in 120 bins, spline: 0
      LateralDisplacementFlag=  1   Skin= 3
      Model <UrbanMscUni>, RangeFactor= 0.2, Step limit type 0

muIoni:   tables are built for  mu+
      dE/dx and range tables from 100 eV  to 100 TeV in 120 bins
      Lambda tables from threshold to 100 TeV in 120 bins, spline: 0
      finalRange(mm)= 1, dRoverRange= 0.2, integral: 1, fluct: 1, linLossLimit= 0.05
      Bether-Bloch model for E > 0.2 MeV, parametrisation of Bragg peak below, 
      radiative corrections for E > 1 GeV
      ===== EM models for the G4Region  DefaultRegionForTheWorld ======
               Bragg :     Emin=          0 eV         Emax=   200 keV
          BetheBloch :     Emin=        200 keV        Emax=   1 GeV
        MuBetheBloch :     Emin=          1 GeV        Emax=   100 TeV

muBrems:   tables are built for  mu+
      dE/dx and range tables from 100 eV  to 100 TeV in 120 bins
      Lambda tables from threshold to 100 TeV in 120 bins, spline: 0
      Theoretical model 

muPairProd:   tables are built for  mu+
      dE/dx and range tables from 100 eV  to 100 TeV in 120 bins
      Lambda tables from threshold to 100 TeV in 120 bins, spline: 0
      Theoretical model 

muIoni:   tables are built for  mu-
      dE/dx and range tables from 100 eV  to 100 TeV in 120 bins
      Lambda tables from threshold to 100 TeV in 120 bins, spline: 0
      finalRange(mm)= 1, dRoverRange= 0.2, integral: 1, fluct: 1, linLossLimit= 0.05
      Bether-Bloch model for E > 0.2 MeV, parametrisation of Bragg peak below, 
      radiative corrections for E > 1 GeV
      ===== EM models for the G4Region  DefaultRegionForTheWorld ======
               Bragg :     Emin=          0 eV         Emax=   200 keV
          BetheBloch :     Emin=        200 keV        Emax=   1 GeV
        MuBetheBloch :     Emin=          1 GeV        Emax=   100 TeV

muBrems:   tables are built for  mu-
      dE/dx and range tables from 100 eV  to 100 TeV in 120 bins
      Lambda tables from threshold to 100 TeV in 120 bins, spline: 0
      Theoretical model 

muPairProd:   tables are built for  mu-
      dE/dx and range tables from 100 eV  to 100 TeV in 120 bins
      Lambda tables from threshold to 100 TeV in 120 bins, spline: 0
      Theoretical model 

hIoni:   tables are built for  pi+
      dE/dx and range tables from 100 eV  to 100 TeV in 120 bins
      Lambda tables from threshold to 100 TeV in 120 bins, spline: 0
      finalRange(mm)= 1, dRoverRange= 0.2, integral: 1, fluct: 1, linLossLimit= 0.05
      NuclearStopping= 1
      ===== EM models for the G4Region  DefaultRegionForTheWorld ======
               Bragg :     Emin=          0 eV         Emax=   297.50434 keV
          BetheBloch :     Emin=  297.50434 keV        Emax=   100 TeV

msc:  Model variant of multiple scattering for pi-
      Lambda tables from 100 eV  to 100 TeV in 120 bins, spline: 0
      LateralDisplacementFlag=  1   Skin= 3
      Model <UrbanMscUni>, RangeFactor= 0.2, Step limit type 0

hIoni:   tables are built for  pi-
      dE/dx and range tables from 100 eV  to 100 TeV in 120 bins
      Lambda tables from threshold to 100 TeV in 120 bins, spline: 0
      finalRange(mm)= 1, dRoverRange= 0.2, integral: 1, fluct: 1, linLossLimit= 0.05
      NuclearStopping= 1
      ===== EM models for the G4Region  DefaultRegionForTheWorld ======
               Bragg :     Emin=          0 eV         Emax=   297.50434 keV
          BetheBloch :     Emin=  297.50434 keV        Emax=   100 TeV
### Run 1 start.

---> Begin of event: 0

--------- Ranecu engine status ---------
 Initial seed (index) = 0
 Current couple of seeds = 520928157, 390008718
----------------------------------------
---> End of event: 0
   Absorber: total energy: 275.32073 MeV       total track length: 19.466392 cm 
        Gap: total energy: 21.304127 MeV       total track length: 10.672018 cm 

--------------------End of Run------------------------------

 mean Energy in Absorber : 275.32073 MeV +- 0 eV 
 mean Energy in Gap      : 21.304127 MeV +- 0 eV 

 mean trackLength in Absorber : 19.466392 cm  +- 0 fm 
 mean trackLength in Gap      : 10.672018 cm  +- 0 fm 
------------------------------------------------------------


------------------------------------------------------------
---> The calorimeter is 30 layers of: [ 20mm of Aluminium + 50mm of Aerogel ] 
------------------------------------------------------------

phot:   tables are built for  gamma
      Total cross sections from Sandia parametrisation. 
      Sampling according PhotoElectric model

compt:   tables are built for  gamma
      Lambda tables from 100 eV  to 100 GeV in 90 bins, spline: 0
      Total cross sections has a good parametrisation from 10 KeV to (100/Z) GeV
      Sampling according Klein-Nishina model

conv:   tables are built for  gamma
      Lambda tables from 1.0219978 MeV to 100 GeV in 100 bins, spline: 0
      Total cross sections has a good parametrisation from 1.5 MeV to 100 GeV for all Z;
      sampling secondary e+e- according Bethe-Heitler model

msc:  Model variant of multiple scattering for e-
      Lambda tables from 100 eV  to 100 TeV in 120 bins, spline: 0
      LateralDisplacementFlag=  1   Skin= 3
      Model <UrbanMscUni2>, RangeFactor= 0.02, Step limit type 1

eIoni:   tables are built for  e-
      dE/dx and range tables from 100 eV  to 100 TeV in 120 bins
      Lambda tables from threshold to 100 TeV in 120 bins, spline: 0
      finalRange(mm)= 1, dRoverRange= 0.2, integral: 1, fluct: 1, linLossLimit= 0.05
      Delta cross sections and sampling from MollerBhabha model
      Good description from 1 KeV to 100 GeV.

eBrem:   tables are built for  e-
      dE/dx and range tables from 100 eV  to 100 TeV in 120 bins
      Lambda tables from threshold to 100 TeV in 120 bins, spline: 0
      Total cross sections and sampling from eBrem model (based on the EEDL data library) 
      Good description from 1 KeV to 100 GeV, log scale extrapolation above 100 GeV. LPM flag 1

eIoni:   tables are built for  e+
      dE/dx and range tables from 100 eV  to 100 TeV in 120 bins
      Lambda tables from threshold to 100 TeV in 120 bins, spline: 0
      finalRange(mm)= 1, dRoverRange= 0.2, integral: 1, fluct: 1, linLossLimit= 0.05
      Delta cross sections and sampling from MollerBhabha model
      Good description from 1 KeV to 100 GeV.

eBrem:   tables are built for  e+
      dE/dx and range tables from 100 eV  to 100 TeV in 120 bins
      Lambda tables from threshold to 100 TeV in 120 bins, spline: 0
      Total cross sections and sampling from eBrem model (based on the EEDL data library) 
      Good description from 1 KeV to 100 GeV, log scale extrapolation above 100 GeV. LPM flag 1

annihil:   tables are built for  e+
      Lambda tables from 100 eV  to 100 TeV in 120 bins, spline: 0
      Sampling according eplus2gg model

msc:  Model variant of multiple scattering for proton
      Lambda tables from 100 eV  to 100 TeV in 120 bins, spline: 0
      LateralDisplacementFlag=  1   Skin= 3
      Model <UrbanMscUni>, RangeFactor= 0.2, Step limit type 0

hIoni:   tables are built for  proton
      dE/dx and range tables from 100 eV  to 100 TeV in 120 bins
      Lambda tables from threshold to 100 TeV in 120 bins, spline: 0
      finalRange(mm)= 1, dRoverRange= 0.2, integral: 1, fluct: 1, linLossLimit= 0.05
      NuclearStopping= 1
      ===== EM models for the G4Region  DefaultRegionForTheWorld ======
               Bragg :     Emin=          0 eV         Emax=   2 MeV
          BetheBloch :     Emin=          2 MeV        Emax=   100 TeV

hIoni:   tables are built for  anti_proton
      dE/dx and range tables from 100 eV  to 100 TeV in 120 bins
      Lambda tables from threshold to 100 TeV in 120 bins, spline: 0
      finalRange(mm)= 1, dRoverRange= 0.2, integral: 1, fluct: 1, linLossLimit= 0.05
      NuclearStopping= 1
      ===== EM models for the G4Region  DefaultRegionForTheWorld ======
               Bragg :     Emin=          0 eV         Emax=   2 MeV
          BetheBloch :     Emin=          2 MeV        Emax=   100 TeV

hIoni:   tables are built for  kaon+
      dE/dx and range tables from 100 eV  to 100 TeV in 120 bins
      Lambda tables from threshold to 100 TeV in 120 bins, spline: 0
      finalRange(mm)= 1, dRoverRange= 0.2, integral: 1, fluct: 1, linLossLimit= 0.05
      NuclearStopping= 1
      ===== EM models for the G4Region  DefaultRegionForTheWorld ======
               Bragg :     Emin=          0 eV         Emax=   1.052311 MeV
          BetheBloch :     Emin=   1.052311 MeV        Emax=   100 TeV

hIoni:   tables are built for  kaon-
      dE/dx and range tables from 100 eV  to 100 TeV in 120 bins
      Lambda tables from threshold to 100 TeV in 120 bins, spline: 0
      finalRange(mm)= 1, dRoverRange= 0.2, integral: 1, fluct: 1, linLossLimit= 0.05
      NuclearStopping= 1
      ===== EM models for the G4Region  DefaultRegionForTheWorld ======
               Bragg :     Emin=          0 eV         Emax=   1.052311 MeV
          BetheBloch :     Emin=   1.052311 MeV        Emax=   100 TeV

msc:  Model variant of multiple scattering for mu+
      Lambda tables from 100 eV  to 100 TeV in 120 bins, spline: 0
      LateralDisplacementFlag=  1   Skin= 3
      Model <UrbanMscUni>, RangeFactor= 0.2, Step limit type 0

muIoni:   tables are built for  mu+
      dE/dx and range tables from 100 eV  to 100 TeV in 120 bins
      Lambda tables from threshold to 100 TeV in 120 bins, spline: 0
      finalRange(mm)= 1, dRoverRange= 0.2, integral: 1, fluct: 1, linLossLimit= 0.05
      Bether-Bloch model for E > 0.2 MeV, parametrisation of Bragg peak below, 
      radiative corrections for E > 1 GeV
      ===== EM models for the G4Region  DefaultRegionForTheWorld ======
               Bragg :     Emin=          0 eV         Emax=   200 keV
          BetheBloch :     Emin=        200 keV        Emax=   1 GeV
        MuBetheBloch :     Emin=          1 GeV        Emax=   100 TeV

muBrems:   tables are built for  mu+
      dE/dx and range tables from 100 eV  to 100 TeV in 120 bins
      Lambda tables from threshold to 100 TeV in 120 bins, spline: 0
      Theoretical model 

muPairProd:   tables are built for  mu+
      dE/dx and range tables from 100 eV  to 100 TeV in 120 bins
      Lambda tables from threshold to 100 TeV in 120 bins, spline: 0
      Theoretical model 

muIoni:   tables are built for  mu-
      dE/dx and range tables from 100 eV  to 100 TeV in 120 bins
      Lambda tables from threshold to 100 TeV in 120 bins, spline: 0
      finalRange(mm)= 1, dRoverRange= 0.2, integral: 1, fluct: 1, linLossLimit= 0.05
      Bether-Bloch model for E > 0.2 MeV, parametrisation of Bragg peak below, 
      radiative corrections for E > 1 GeV
      ===== EM models for the G4Region  DefaultRegionForTheWorld ======
               Bragg :     Emin=          0 eV         Emax=   200 keV
          BetheBloch :     Emin=        200 keV        Emax=   1 GeV
        MuBetheBloch :     Emin=          1 GeV        Emax=   100 TeV

muBrems:   tables are built for  mu-
      dE/dx and range tables from 100 eV  to 100 TeV in 120 bins
      Lambda tables from threshold to 100 TeV in 120 bins, spline: 0
      Theoretical model 

muPairProd:   tables are built for  mu-
      dE/dx and range tables from 100 eV  to 100 TeV in 120 bins
      Lambda tables from threshold to 100 TeV in 120 bins, spline: 0
      Theoretical model 

hIoni:   tables are built for  pi+
      dE/dx and range tables from 100 eV  to 100 TeV in 120 bins
      Lambda tables from threshold to 100 TeV in 120 bins, spline: 0
      finalRange(mm)= 1, dRoverRange= 0.2, integral: 1, fluct: 1, linLossLimit= 0.05
      NuclearStopping= 1
      ===== EM models for the G4Region  DefaultRegionForTheWorld ======
               Bragg :     Emin=          0 eV         Emax=   297.50434 keV
          BetheBloch :     Emin=  297.50434 keV        Emax=   100 TeV

msc:  Model variant of multiple scattering for pi-
      Lambda tables from 100 eV  to 100 TeV in 120 bins, spline: 0
      LateralDisplacementFlag=  1   Skin= 3
      Model <UrbanMscUni>, RangeFactor= 0.2, Step limit type 0

hIoni:   tables are built for  pi-
      dE/dx and range tables from 100 eV  to 100 TeV in 120 bins
      Lambda tables from threshold to 100 TeV in 120 bins, spline: 0
      finalRange(mm)= 1, dRoverRange= 0.2, integral: 1, fluct: 1, linLossLimit= 0.05
      NuclearStopping= 1
      ===== EM models for the G4Region  DefaultRegionForTheWorld ======
               Bragg :     Emin=          0 eV         Emax=   297.50434 keV
          BetheBloch :     Emin=  297.50434 keV        Emax=   100 TeV
### Run 2 start.

---> Begin of event: 0

--------- Ranecu engine status ---------
 Initial seed (index) = 0
 Current couple of seeds = 1262817536, 951603148
----------------------------------------
---> End of event: 0
   Absorber: total energy: 394.47021 MeV       total track length: 94.730647 cm 
        Gap: total energy: 104.58119 MeV       total track length: 2.9473854 m  

--------------------End of Run------------------------------

 mean Energy in Absorber : 394.47021 MeV +- 0 eV 
 mean Energy in Gap      : 104.58119 MeV +- 0 eV 

 mean trackLength in Absorber : 94.730647 cm  +- 0 fm 
 mean trackLength in Gap      : 2.9473854 m   +- 0 fm 
------------------------------------------------------------

Graphics systems deleted.
Visualization Manager deleting...
