
        ############################################
        !!! WARNING - FPE detection is activated !!!
        ############################################

*************************************************************
 Geant4 version Name: geant4-09-02-patch-02-ref    (28-August-2009)
                      Copyright : Geant4 Collaboration
                      Reference : NIM A 506 (2003), 250-303
                            WWW : http://cern.ch/geant4
*************************************************************

Instantiated G3toG4DetectorConstruction using call list file "../data/testmodel.dat"
G4VUserPhysicsList::SetVerboseLevel  : Verbose level is set to 2
Visualization Manager instantiating...
Visualization Manager initialising...
Registering graphics systems...

You have successfully registered the following graphics systems.
Current available graphics systems are:
  ASCIITree (ATree)
  DAWNFILE (DAWNFILE)
  G4HepRep (HepRepXML)
  G4HepRepFile (HepRepFile)
  RayTracer (RayTracer)
  VRML1FILE (VRML1FILE)
  VRML2FILE (VRML2FILE)
  OpenGLImmediateX (OGLIX)
  OpenGLStoredX (OGLSX)

Registering model factories...

You have successfully registered the following model factories.
Registered model factories:
  generic
  drawByCharge
  drawByParticleID
  drawByOriginVolume
  drawByAttribute

Registered filter factories:
  chargeFilter
  particleFilter
  originVolumeFilter
  attributeFilter

/run/verbose 1
/tracking/verbose 1
/tracking/storeTrajectory 1
/run/initialize
Instantiated unit rotation matrix irot=0
Reading the call List file ../data/testmodel.dat...
G4ggclos: setting top-level VolTableEntry
Dump of VTD - 26 entries:
Instantiated 26 volume table entries 
                      15 positions.
G3VolTable element   0 name BOX1 has 1 daughters
G3VolTable element   1 name BOX1_1 has 1 daughters
G3VolTable element   2 name BOX1_2 has 1 daughters
G3VolTable element   3 name BOX1_3 has 1 daughters
G3VolTable element   4 name BOX1_4 has 1 daughters
G3VolTable element   5 name BOX2 has 1 daughters
G3VolTable element   6 name BOX2_1 has 1 daughters
G3VolTable element   7 name BOX2_2 has 1 daughters
G3VolTable element   8 name BOX2_3 has 1 daughters
G3VolTable element   9 name BOX2_4 has 1 daughters
G3VolTable element  10 name BOX2_5 has 1 daughters
G3VolTable element  11 name BXD1 has 0 daughters
G3VolTable element  12 name BXD1_1 has 0 daughters
G3VolTable element  13 name BXD1_2 has 0 daughters
G3VolTable element  14 name BXD1_2_ENV has 1 daughters
G3VolTable element  15 name BXD1_3 has 0 daughters
G3VolTable element  16 name BXD1_3_ENV has 1 daughters
G3VolTable element  17 name BXD1_4 has 0 daughters
G3VolTable element  18 name BXD1_4_ENV has 1 daughters
G3VolTable element  19 name BXD1_5 has 0 daughters
G3VolTable element  20 name BXD1_5_ENV has 1 daughters
G3VolTable element  21 name HALL has 6 daughters
G3VolTable element  22 name TBD1 has 0 daughters
G3VolTable element  23 name TBD2 has 0 daughters
G3VolTable element  24 name TUB1 has 1 daughters
G3VolTable element  25 name TUB2 has 1 daughters
Call List file read completed. Build geometry
G3toG4 top level volume is HALL
Top-level G3toG4 logical volume HALL G4VisAttributes: invisible, daughters visible, colour: (1,1,1,1)
  linestyle: solid, line width: 1
  drawing style: not forced, auxiliary edge visibility: not forced
  line segments per circle: not forced.
  time range: (-1.79769e+308,1.79769e+308)
  G4AttValue pointer is zero, G4AttDef pointer is zero
Top-level G3toG4 logical volume HALL G4VisAttributes: invisible, daughters visible, colour: (1,1,1,1)
  linestyle: solid, line width: 1
  drawing style: not forced, auxiliary edge visibility: not forced
  line segments per circle: not forced.
  time range: (-1.79769e+308,1.79769e+308)
  G4AttValue pointer is zero, G4AttDef pointer is zero
G4VUserPhysicsList::Construct()
Construct processes 
G3toG4PhysicsList::SetCuts:CutLength : 2 mm 
/control/execute clGeometry.in
/run/verbose 2
/process/eLoss/verbose 1
/gun/position 0. -1.5 0. mm
/gun/direction 0. 1. 0.
/gun/energy 1 GeV
/gun/particle mu-
/run/beamOn 1

phot:   for  gamma    SubType= 12
      ===== EM models for the G4Region  DefaultRegionForTheWorld ======
       PhotoElectric :     Emin=          0 eV         Emax=   100 TeV

compt:   for  gamma    SubType= 13
      Lambda tables from 100 eV  to 100 TeV in 84 bins, spline: 1
      ===== EM models for the G4Region  DefaultRegionForTheWorld ======
       Klein-Nishina :     Emin=          0 eV         Emax=   100 TeV

conv:   for  gamma    SubType= 14
      Lambda tables from 1.022 MeV to 100 TeV in 84 bins, spline: 1
      ===== EM models for the G4Region  DefaultRegionForTheWorld ======
       Bethe-Heitler :     Emin=          0 eV         Emax=   100 TeV

msc:   for e-    SubType= 10
      Lambda tables from 100 eV  to 100 TeV in 84 bins, spline: 1
      RangeFactor= 0.02, step limit type: 1, lateralDisplacement: 1, skin= 3, geomFactor= 2.5
      ===== EM models for the G4Region  DefaultRegionForTheWorld ======
         UrbanMscUni :     Emin=          0 eV         Emax=   100 TeV

eIoni:   for  e-    SubType= 2
      dE/dx and range tables from 100 eV  to 100 TeV in 84 bins
      Lambda tables from threshold to 100 TeV in 84 bins, spline: 1
      finalRange(mm)= 1, dRoverRange= 0.2, integral: 1, fluct: 1, linLossLimit= 0.01
      ===== EM models for the G4Region  DefaultRegionForTheWorld ======
        MollerBhabha :     Emin=          0 eV         Emax=   100 TeV

eBrem:   for  e-    SubType= 3
      dE/dx and range tables from 100 eV  to 100 TeV in 84 bins
      Lambda tables from threshold to 100 TeV in 84 bins, spline: 1
      LPM flag: 1 for E > 1 GeV
      ===== EM models for the G4Region  DefaultRegionForTheWorld ======
               eBrem :     Emin=          0 eV         Emax=   1 GeV
            eBremRel :     Emin=          1 GeV        Emax=   100 TeV

eIoni:   for  e+    SubType= 2
      dE/dx and range tables from 100 eV  to 100 TeV in 84 bins
      Lambda tables from threshold to 100 TeV in 84 bins, spline: 1
      finalRange(mm)= 1, dRoverRange= 0.2, integral: 1, fluct: 1, linLossLimit= 0.01
      ===== EM models for the G4Region  DefaultRegionForTheWorld ======
        MollerBhabha :     Emin=          0 eV         Emax=   100 TeV

eBrem:   for  e+    SubType= 3
      dE/dx and range tables from 100 eV  to 100 TeV in 84 bins
      Lambda tables from threshold to 100 TeV in 84 bins, spline: 1
      LPM flag: 1 for E > 1 GeV
      ===== EM models for the G4Region  DefaultRegionForTheWorld ======
               eBrem :     Emin=          0 eV         Emax=   1 GeV
            eBremRel :     Emin=          1 GeV        Emax=   100 TeV

annihil:   for  e+    SubType= 5
      Lambda tables from 100 eV  to 100 TeV in 84 bins, spline: 1
      ===== EM models for the G4Region  DefaultRegionForTheWorld ======
            eplus2gg :     Emin=          0 eV         Emax=   100 TeV

msc:   for proton    SubType= 10
      Lambda tables from 100 eV  to 100 TeV in 84 bins, spline: 1
      RangeFactor= 0.02, step limit type: 1, lateralDisplacement: 1, skin= 3, geomFactor= 2.5
      ===== EM models for the G4Region  DefaultRegionForTheWorld ======
         UrbanMscUni :     Emin=          0 eV         Emax=   100 TeV

hIoni:   for  proton    SubType= 2
      dE/dx and range tables from 100 eV  to 100 TeV in 84 bins
      Lambda tables from threshold to 100 TeV in 84 bins, spline: 1
      finalRange(mm)= 1, dRoverRange= 0.2, integral: 1, fluct: 1, linLossLimit= 0.01
      NuclearStopping= 1
      ===== EM models for the G4Region  DefaultRegionForTheWorld ======
               Bragg :     Emin=          0 eV         Emax=   2 MeV
          BetheBloch :     Emin=          2 MeV        Emax=   100 TeV

hIoni:   for  anti_proton    SubType= 2
      dE/dx and range tables from 100 eV  to 100 TeV in 84 bins
      Lambda tables from threshold to 100 TeV in 84 bins, spline: 1
      finalRange(mm)= 1, dRoverRange= 0.2, integral: 1, fluct: 1, linLossLimit= 0.01
      NuclearStopping= 1
      ===== EM models for the G4Region  DefaultRegionForTheWorld ======
               Bragg :     Emin=          0 eV         Emax=   2 MeV
          BetheBloch :     Emin=          2 MeV        Emax=   100 TeV

hIoni:   for  kaon+    SubType= 2
      dE/dx and range tables from 100 eV  to 100 TeV in 84 bins
      Lambda tables from threshold to 100 TeV in 84 bins, spline: 1
      finalRange(mm)= 1, dRoverRange= 0.2, integral: 1, fluct: 1, linLossLimit= 0.01
      NuclearStopping= 0
      ===== EM models for the G4Region  DefaultRegionForTheWorld ======
               Bragg :     Emin=          0 eV         Emax=   1.05231 MeV
          BetheBloch :     Emin=    1.05231 MeV        Emax=   100 TeV

hIoni:   for  kaon-    SubType= 2
      dE/dx and range tables from 100 eV  to 100 TeV in 84 bins
      Lambda tables from threshold to 100 TeV in 84 bins, spline: 1
      finalRange(mm)= 1, dRoverRange= 0.2, integral: 1, fluct: 1, linLossLimit= 0.01
      NuclearStopping= 0
      ===== EM models for the G4Region  DefaultRegionForTheWorld ======
               Bragg :     Emin=          0 eV         Emax=   1.05231 MeV
          BetheBloch :     Emin=    1.05231 MeV        Emax=   100 TeV

msc:   for mu+    SubType= 10
      Lambda tables from 100 eV  to 100 TeV in 84 bins, spline: 1
      RangeFactor= 0.02, step limit type: 1, lateralDisplacement: 1, skin= 3, geomFactor= 2.5
      ===== EM models for the G4Region  DefaultRegionForTheWorld ======
         UrbanMscUni :     Emin=          0 eV         Emax=   100 TeV

muIoni:   for  mu+    SubType= 2
      dE/dx and range tables from 100 eV  to 100 TeV in 84 bins
      Lambda tables from threshold to 100 TeV in 84 bins, spline: 1
      finalRange(mm)= 1, dRoverRange= 0.2, integral: 1, fluct: 1, linLossLimit= 0.01
      ===== EM models for the G4Region  DefaultRegionForTheWorld ======
               Bragg :     Emin=          0 eV         Emax=   200 keV
          BetheBloch :     Emin=        200 keV        Emax=   1 GeV
        MuBetheBloch :     Emin=          1 GeV        Emax=   100 TeV

muBrems:   for  mu+    SubType= 3
      dE/dx and range tables from 100 eV  to 100 TeV in 84 bins
      Lambda tables from threshold to 100 TeV in 84 bins, spline: 1
      ===== EM models for the G4Region  DefaultRegionForTheWorld ======
              MuBrem :     Emin=          0 eV         Emax=   100 TeV

muPairProd:   for  mu+    SubType= 4
      dE/dx and range tables from 100 eV  to 100 TeV in 84 bins
      Lambda tables from threshold to 100 TeV in 84 bins, spline: 1
      ===== EM models for the G4Region  DefaultRegionForTheWorld ======
          muPairProd :     Emin=          0 eV         Emax=   100 TeV

muIoni:   for  mu-    SubType= 2
      dE/dx and range tables from 100 eV  to 100 TeV in 84 bins
      Lambda tables from threshold to 100 TeV in 84 bins, spline: 1
      finalRange(mm)= 1, dRoverRange= 0.2, integral: 1, fluct: 1, linLossLimit= 0.01
      ===== EM models for the G4Region  DefaultRegionForTheWorld ======
               Bragg :     Emin=          0 eV         Emax=   200 keV
          BetheBloch :     Emin=        200 keV        Emax=   1 GeV
        MuBetheBloch :     Emin=          1 GeV        Emax=   100 TeV

muBrems:   for  mu-    SubType= 3
      dE/dx and range tables from 100 eV  to 100 TeV in 84 bins
      Lambda tables from threshold to 100 TeV in 84 bins, spline: 1
      ===== EM models for the G4Region  DefaultRegionForTheWorld ======
              MuBrem :     Emin=          0 eV         Emax=   100 TeV

muPairProd:   for  mu-    SubType= 4
      dE/dx and range tables from 100 eV  to 100 TeV in 84 bins
      Lambda tables from threshold to 100 TeV in 84 bins, spline: 1
      ===== EM models for the G4Region  DefaultRegionForTheWorld ======
          muPairProd :     Emin=          0 eV         Emax=   100 TeV

hIoni:   for  pi+    SubType= 2
      dE/dx and range tables from 100 eV  to 100 TeV in 84 bins
      Lambda tables from threshold to 100 TeV in 84 bins, spline: 1
      finalRange(mm)= 1, dRoverRange= 0.2, integral: 1, fluct: 1, linLossLimit= 0.01
      NuclearStopping= 0
      ===== EM models for the G4Region  DefaultRegionForTheWorld ======
               Bragg :     Emin=          0 eV         Emax=   297.504 keV
          BetheBloch :     Emin=    297.504 keV        Emax=   100 TeV

msc:   for pi-    SubType= 10
      Lambda tables from 100 eV  to 100 TeV in 84 bins, spline: 1
      RangeFactor= 0.02, step limit type: 1, lateralDisplacement: 1, skin= 3, geomFactor= 2.5
      ===== EM models for the G4Region  DefaultRegionForTheWorld ======
         UrbanMscUni :     Emin=          0 eV         Emax=   100 TeV

hIoni:   for  pi-    SubType= 2
      dE/dx and range tables from 100 eV  to 100 TeV in 84 bins
      Lambda tables from threshold to 100 TeV in 84 bins, spline: 1
      finalRange(mm)= 1, dRoverRange= 0.2, integral: 1, fluct: 1, linLossLimit= 0.01
      NuclearStopping= 0
      ===== EM models for the G4Region  DefaultRegionForTheWorld ======
               Bragg :     Emin=          0 eV         Emax=   297.504 keV
          BetheBloch :     Emin=    297.504 keV        Emax=   100 TeV

Region <DefaultRegionForTheWorld> -- appears in <HALL> world volume
 Root logical volume(s) : HALL 
 Pointers : G4VUserRegionInformation[0], G4UserLimits[0], G4FastSimulationManager[0], G4UserSteppingAction[0]
 Materials : VACUUM               
 Production cuts :  gamma 2 mm     e- 2 mm     e+ 2 mm 

========= Table of registered couples ==============================

Index : 0     used in the geometry : Yes     recalculation needed : No 
 Material : VACUUM              
 Range cuts        :  gamma 2 mm     e- 2 mm     e+ 2 mm 
 Energy thresholds :  gamma 990 eV     e- 990 eV     e+ 990 eV 
 Region(s) which use this couple : 
    DefaultRegionForTheWorld

====================================================================

Start closing geometry.
G4GeometryManager::ReportVoxelStats -- Voxel Statistics

    Total memory consumed for geometry optimisation:   5 kByte
    Total CPU time elapsed for geometry optimisation: 0 seconds

    Voxelisation: top CPU users:
    Percent   Total CPU    System CPU       Memory  Volume
    -------   ----------   ----------     --------  ----------
       0.00         0.00         0.00            1k HALL
       0.00         0.00         0.00            3k TUB1
       0.00         0.00         0.00            0k TUB2
       0.00         0.00         0.00            0k BXD1_2_ENV
       0.00         0.00         0.00            0k BXD1_3_ENV
       0.00         0.00         0.00            0k BXD1_4_ENV
       0.00         0.00         0.00            0k BXD1_5_ENV

    Voxelisation: top memory users:
    Percent     Memory      Heads    Nodes   Pointers    Total CPU    Volume
    -------   --------     ------   ------   --------   ----------    ----------
      60.85          3k         1       60         60         0.00    TUB1
      11.91          0k         2        8         18         0.00    HALL
       6.24          0k         1        5          5         0.00    TUB2
       5.25          0k         1        4          4         0.00    BXD1_2_ENV
       5.25          0k         1        4          4         0.00    BXD1_3_ENV
       5.25          0k         1        4          4         0.00    BXD1_4_ENV
       5.25          0k         1        4          4         0.00    BXD1_5_ENV
### Run 0 start.
/vis~/clear/view
/vis~/draw/current
Start Run processing.
>>>>>>>> Primary direction: (0,1,0)

*********************************************************************************************************
* G4Track Information:   Particle = mu-,   Track ID = 1,   Parent ID = 0
*********************************************************************************************************

Step#    X(mm)    Y(mm)    Z(mm) KinE(MeV)  dE(MeV) StepLeng TrackLeng  NextVolume ProcName
    0        0     -1.5        0     1e+03        0        0         0        HALL initStep
    1        0    4e+03        0     1e+03 1.12e-22    4e+03     4e+03  OutOfWorld Transportation
>>> Event 0
    1 trajectories stored in this event.
G4VisManager: Using G4TrajectoryDrawByCharge as default trajectory model.
See commands in /vis/modeling/trajectories/ for other options.
Trajectory drawing configuration will be based on imode value of 50
WARNING: G4VisManager::IsValidView(): Attempt to draw when no graphics system
  has been instantiated.  Use "/vis/open" or "/vis/sceneHandler/create".
  Alternatively, to avoid this message, suppress instantiation of vis
  manager (G4VisExecutive), possibly by setting G4VIS_NONE, and ensure
  drawing code is executed only if G4VVisManager::GetConcreteInstance()
  is non-zero.
Run terminated.
Run Summary
  Number of events processed : 1
  User=0s Real=0s Sys=0s
/gun/particle mu+
/run/beamOn 1

Region <DefaultRegionForTheWorld> -- appears in <HALL> world volume
 Root logical volume(s) : HALL 
 Pointers : G4VUserRegionInformation[0], G4UserLimits[0], G4FastSimulationManager[0], G4UserSteppingAction[0]
 Materials : VACUUM               
 Production cuts :  gamma 2 mm     e- 2 mm     e+ 2 mm 

========= Table of registered couples ==============================

Index : 0     used in the geometry : Yes     recalculation needed : No 
 Material : VACUUM              
 Range cuts        :  gamma 2 mm     e- 2 mm     e+ 2 mm 
 Energy thresholds :  gamma 990 eV     e- 990 eV     e+ 990 eV 
 Region(s) which use this couple : 
    DefaultRegionForTheWorld

====================================================================

### Run 1 start.
/vis~/clear/view
/vis~/draw/current
Start Run processing.
>>>>>>>> Primary direction: (0,1,0)

*********************************************************************************************************
* G4Track Information:   Particle = mu+,   Track ID = 1,   Parent ID = 0
*********************************************************************************************************

Step#    X(mm)    Y(mm)    Z(mm) KinE(MeV)  dE(MeV) StepLeng TrackLeng  NextVolume ProcName
    0        0     -1.5        0     1e+03        0        0         0        HALL initStep
    1        0    4e+03        0     1e+03 1.12e-22    4e+03     4e+03  OutOfWorld Transportation
>>> Event 0
    1 trajectories stored in this event.
Run terminated.
Run Summary
  Number of events processed : 1
  User=0s Real=0s Sys=0s
/gun/particle e-
/run/beamOn 1

Region <DefaultRegionForTheWorld> -- appears in <HALL> world volume
 Root logical volume(s) : HALL 
 Pointers : G4VUserRegionInformation[0], G4UserLimits[0], G4FastSimulationManager[0], G4UserSteppingAction[0]
 Materials : VACUUM               
 Production cuts :  gamma 2 mm     e- 2 mm     e+ 2 mm 

========= Table of registered couples ==============================

Index : 0     used in the geometry : Yes     recalculation needed : No 
 Material : VACUUM              
 Range cuts        :  gamma 2 mm     e- 2 mm     e+ 2 mm 
 Energy thresholds :  gamma 990 eV     e- 990 eV     e+ 990 eV 
 Region(s) which use this couple : 
    DefaultRegionForTheWorld

====================================================================

### Run 2 start.
/vis~/clear/view
/vis~/draw/current
Start Run processing.
>>>>>>>> Primary direction: (0,1,0)

*********************************************************************************************************
* G4Track Information:   Particle = e-,   Track ID = 1,   Parent ID = 0
*********************************************************************************************************

Step#    X(mm)    Y(mm)    Z(mm) KinE(MeV)  dE(MeV) StepLeng TrackLeng  NextVolume ProcName
    0        0     -1.5        0     1e+03        0        0         0        HALL initStep
    1        0    4e+03        0     1e+03 1.75e-22    4e+03     4e+03  OutOfWorld Transportation
>>> Event 0
    1 trajectories stored in this event.
Run terminated.
Run Summary
  Number of events processed : 1
  User=0s Real=0s Sys=0s
/gun/particle e+
/run/beamOn 1

Region <DefaultRegionForTheWorld> -- appears in <HALL> world volume
 Root logical volume(s) : HALL 
 Pointers : G4VUserRegionInformation[0], G4UserLimits[0], G4FastSimulationManager[0], G4UserSteppingAction[0]
 Materials : VACUUM               
 Production cuts :  gamma 2 mm     e- 2 mm     e+ 2 mm 

========= Table of registered couples ==============================

Index : 0     used in the geometry : Yes     recalculation needed : No 
 Material : VACUUM              
 Range cuts        :  gamma 2 mm     e- 2 mm     e+ 2 mm 
 Energy thresholds :  gamma 990 eV     e- 990 eV     e+ 990 eV 
 Region(s) which use this couple : 
    DefaultRegionForTheWorld

====================================================================

### Run 3 start.
/vis~/clear/view
/vis~/draw/current
Start Run processing.
>>>>>>>> Primary direction: (0,1,0)

*********************************************************************************************************
* G4Track Information:   Particle = e+,   Track ID = 1,   Parent ID = 0
*********************************************************************************************************

Step#    X(mm)    Y(mm)    Z(mm) KinE(MeV)  dE(MeV) StepLeng TrackLeng  NextVolume ProcName
    0        0     -1.5        0     1e+03        0        0         0        HALL initStep
    1        0    4e+03        0     1e+03 1.75e-22    4e+03     4e+03  OutOfWorld Transportation
>>> Event 0
    1 trajectories stored in this event.
Run terminated.
Run Summary
  Number of events processed : 1
  User=0s Real=0s Sys=0s
/gun/position 0. 1.5 0. mm
/gun/direction 1. 0. 0.
/gun/energy 1 GeV
/gun/particle mu-
/run/beamOn 1

Region <DefaultRegionForTheWorld> -- appears in <HALL> world volume
 Root logical volume(s) : HALL 
 Pointers : G4VUserRegionInformation[0], G4UserLimits[0], G4FastSimulationManager[0], G4UserSteppingAction[0]
 Materials : VACUUM               
 Production cuts :  gamma 2 mm     e- 2 mm     e+ 2 mm 

========= Table of registered couples ==============================

Index : 0     used in the geometry : Yes     recalculation needed : No 
 Material : VACUUM              
 Range cuts        :  gamma 2 mm     e- 2 mm     e+ 2 mm 
 Energy thresholds :  gamma 990 eV     e- 990 eV     e+ 990 eV 
 Region(s) which use this couple : 
    DefaultRegionForTheWorld

====================================================================

### Run 4 start.
/vis~/clear/view
/vis~/draw/current
Start Run processing.
>>>>>>>> Primary direction: (1,0,0)

*********************************************************************************************************
* G4Track Information:   Particle = mu-,   Track ID = 1,   Parent ID = 0
*********************************************************************************************************

Step#    X(mm)    Y(mm)    Z(mm) KinE(MeV)  dE(MeV) StepLeng TrackLeng  NextVolume ProcName
    0        0      1.5        0     1e+03        0        0         0        HALL initStep
    1    4e+03      1.5        0     1e+03 1.12e-22    4e+03     4e+03  OutOfWorld Transportation
>>> Event 0
    1 trajectories stored in this event.
Run terminated.
Run Summary
  Number of events processed : 1
  User=0s Real=0s Sys=0s
/gun/particle mu+
/run/beamOn 1

Region <DefaultRegionForTheWorld> -- appears in <HALL> world volume
 Root logical volume(s) : HALL 
 Pointers : G4VUserRegionInformation[0], G4UserLimits[0], G4FastSimulationManager[0], G4UserSteppingAction[0]
 Materials : VACUUM               
 Production cuts :  gamma 2 mm     e- 2 mm     e+ 2 mm 

========= Table of registered couples ==============================

Index : 0     used in the geometry : Yes     recalculation needed : No 
 Material : VACUUM              
 Range cuts        :  gamma 2 mm     e- 2 mm     e+ 2 mm 
 Energy thresholds :  gamma 990 eV     e- 990 eV     e+ 990 eV 
 Region(s) which use this couple : 
    DefaultRegionForTheWorld

====================================================================

### Run 5 start.
/vis~/clear/view
/vis~/draw/current
Start Run processing.
>>>>>>>> Primary direction: (1,0,0)

*********************************************************************************************************
* G4Track Information:   Particle = mu+,   Track ID = 1,   Parent ID = 0
*********************************************************************************************************

Step#    X(mm)    Y(mm)    Z(mm) KinE(MeV)  dE(MeV) StepLeng TrackLeng  NextVolume ProcName
    0        0      1.5        0     1e+03        0        0         0        HALL initStep
    1    4e+03      1.5        0     1e+03 1.12e-22    4e+03     4e+03  OutOfWorld Transportation
>>> Event 0
    1 trajectories stored in this event.
Run terminated.
Run Summary
  Number of events processed : 1
  User=0s Real=0s Sys=0s
/gun/particle e-
/run/beamOn 1

Region <DefaultRegionForTheWorld> -- appears in <HALL> world volume
 Root logical volume(s) : HALL 
 Pointers : G4VUserRegionInformation[0], G4UserLimits[0], G4FastSimulationManager[0], G4UserSteppingAction[0]
 Materials : VACUUM               
 Production cuts :  gamma 2 mm     e- 2 mm     e+ 2 mm 

========= Table of registered couples ==============================

Index : 0     used in the geometry : Yes     recalculation needed : No 
 Material : VACUUM              
 Range cuts        :  gamma 2 mm     e- 2 mm     e+ 2 mm 
 Energy thresholds :  gamma 990 eV     e- 990 eV     e+ 990 eV 
 Region(s) which use this couple : 
    DefaultRegionForTheWorld

====================================================================

### Run 6 start.
/vis~/clear/view
/vis~/draw/current
Start Run processing.
>>>>>>>> Primary direction: (1,0,0)

*********************************************************************************************************
* G4Track Information:   Particle = e-,   Track ID = 1,   Parent ID = 0
*********************************************************************************************************

Step#    X(mm)    Y(mm)    Z(mm) KinE(MeV)  dE(MeV) StepLeng TrackLeng  NextVolume ProcName
    0        0      1.5        0     1e+03        0        0         0        HALL initStep
    1    4e+03      1.5        0     1e+03 1.75e-22    4e+03     4e+03  OutOfWorld Transportation
>>> Event 0
    1 trajectories stored in this event.
Run terminated.
Run Summary
  Number of events processed : 1
  User=0s Real=0s Sys=0s
/gun/particle e+
/run/beamOn 1

Region <DefaultRegionForTheWorld> -- appears in <HALL> world volume
 Root logical volume(s) : HALL 
 Pointers : G4VUserRegionInformation[0], G4UserLimits[0], G4FastSimulationManager[0], G4UserSteppingAction[0]
 Materials : VACUUM               
 Production cuts :  gamma 2 mm     e- 2 mm     e+ 2 mm 

========= Table of registered couples ==============================

Index : 0     used in the geometry : Yes     recalculation needed : No 
 Material : VACUUM              
 Range cuts        :  gamma 2 mm     e- 2 mm     e+ 2 mm 
 Energy thresholds :  gamma 990 eV     e- 990 eV     e+ 990 eV 
 Region(s) which use this couple : 
    DefaultRegionForTheWorld

====================================================================

### Run 7 start.
/vis~/clear/view
/vis~/draw/current
Start Run processing.
>>>>>>>> Primary direction: (1,0,0)

*********************************************************************************************************
* G4Track Information:   Particle = e+,   Track ID = 1,   Parent ID = 0
*********************************************************************************************************

Step#    X(mm)    Y(mm)    Z(mm) KinE(MeV)  dE(MeV) StepLeng TrackLeng  NextVolume ProcName
    0        0      1.5        0     1e+03        0        0         0        HALL initStep
    1    4e+03      1.5        0     1e+03 1.75e-22    4e+03     4e+03  OutOfWorld Transportation
>>> Event 0
    1 trajectories stored in this event.
Run terminated.
Run Summary
  Number of events processed : 1
  User=0s Real=0s Sys=0s
Graphics systems deleted.
Visualization Manager deleting...
UserDetectorConstruction deleted.
UserPhysicsList deleted.
UserRunAction deleted.
UserPrimaryGenerator deleted.
G4 kernel has come to Quit state.
EventManager deleted.
UImanager deleted.
Units table cleared.
StateManager deleted.
RunManagerKernel is deleted.
RunManager is deleting.

