RunManager construction starting....

*************************************************************
 Geant4 version Name: geant4-08-01-patch-01-ref    (27-July-2006)
                      Copyright : Geant4 Collaboration
                      Reference : NIM A 506 (2003), 250-303
                            WWW : http://cern.ch/geant4
*************************************************************


ExN05DetectorConstruction....

Closing Fast-Simulation ...
Instantiating Visualization Manager.......
Visualization Manager instantiating...
Visualization Manager initialising...
Registering graphics systems...

You have successfully registered the following graphics systems.
Current available graphics systems are:
  ASCIITree (ATree)
  DAWNFILE (DAWNFILE)
  GAGTree (GAGTree)
  G4HepRep (HepRepXML)
  G4HepRepFile (HepRepFile)
  RayTracer (RayTracer)
  VRML1FILE (VRML1FILE)
  VRML2FILE (VRML2FILE)

Registering model factories...

You have successfully registered the following model factories.
Registered model factories:
  generic
  drawByCharge
  drawByParticleID
  drawByOriginVolume
  drawByAttribute

Registered filter factories:
  chargeFilter
  particleFilter
  originVolumeFilter
  attributeFilter


conv:  Total cross sections has a good parametrisation from 1.5 MeV to 100 GeV for all Z;
      sampling secondary e+e- according Bethe-Heitler model
      tables are built for  gamma
      Lambda tables from 1.022 MeV to 100 GeV in 100 bins.

compt:  Total cross sections has a good parametrisation from 10 KeV to (100/Z) GeV
      Sampling according Klein-Nishina model
      tables are built for  gamma
      Lambda tables from 100 eV  to 100 GeV in 90 bins.

phot:  Total cross sections from Sandia parametrisation. 
      Sampling according PhotoElectric model

msc:  Model variant of multiple scattering for e-
      Lambda tables from 100 eV  to 100 TeV in 120 bins.
      Boundary/stepping algorithm is active with facrange= 0.02  Step limitation 1

eIoni:   tables are built for  e-
      dE/dx and range tables from 100 eV  to 100 TeV in 120 bins.
      Lambda tables from threshold to 100 TeV in 120 bins.
      Delta cross sections from Moller+Bhabha, good description from 1 KeV to 100 GeV.
      Step function: finalRange(mm)= 1, dRoverRange= 0.2, integral: 1

eBrem:   tables are built for  e-
      dE/dx and range tables from 100 eV  to 100 TeV in 120 bins.
      Lambda tables from threshold to 100 TeV in 120 bins.
      Total cross sections from a parametrisation based on the EEDL data library. 
      Good description from 1 KeV to 100 GeV, log scale extrapolation above 100 GeV.

eIoni:   tables are built for  e+
      dE/dx and range tables from 100 eV  to 100 TeV in 120 bins.
      Lambda tables from threshold to 100 TeV in 120 bins.
      Delta cross sections from Moller+Bhabha, good description from 1 KeV to 100 GeV.
      Step function: finalRange(mm)= 1, dRoverRange= 0.2, integral: 1

eBrem:   tables are built for  e+
      dE/dx and range tables from 100 eV  to 100 TeV in 120 bins.
      Lambda tables from threshold to 100 TeV in 120 bins.
      Total cross sections from a parametrisation based on the EEDL data library. 
      Good description from 1 KeV to 100 GeV, log scale extrapolation above 100 GeV.

annihil:       Sampling according eplus2gg model
      tables are built for  e+
      Lambda tables from 100 eV  to 100 TeV in 120 bins.

hIoni:   tables are built for  proton
      dE/dx and range tables from 100 eV  to 100 TeV in 120 bins.
      Lambda tables from threshold to 100 TeV in 120 bins.
      Scaling relation is used to proton dE/dx and range
      Bether-Bloch model for Escaled > 2 MeV, ICRU49 parametrisation for protons below.
      Step function: finalRange(mm)= 1, dRoverRange= 0.2, integral: 1

msc:  Model variant of multiple scattering for proton
      Lambda tables from 100 eV  to 100 TeV in 120 bins.
      Boundary/stepping algorithm is active with facrange= 0.02  Step limitation 1

msc:  Model variant of multiple scattering for GenericIon
      Boundary/stepping algorithm is active with facrange= 0.02  Step limitation 1

hIoni:   tables are built for  anti_proton
      dE/dx and range tables from 100 eV  to 100 TeV in 120 bins.
      Lambda tables from threshold to 100 TeV in 120 bins.
      Scaling relation is used to proton dE/dx and range
      Bether-Bloch model for Escaled > 2 MeV, ICRU49 parametrisation for protons below.
      Step function: finalRange(mm)= 1, dRoverRange= 0.2, integral: 1

muIoni:   tables are built for  mu+
      dE/dx and range tables from 100 eV  to 100 TeV in 120 bins.
      Lambda tables from threshold to 100 TeV in 120 bins.
      Bether-Bloch model for E > 0.2 MeV, parametrisation of Bragg peak below, 
      radiative corrections for E > 1 GeV
      Step function: finalRange(mm)= 1, dRoverRange= 0.2, integral: 1

msc:  Model variant of multiple scattering for mu+
      Lambda tables from 100 eV  to 100 TeV in 120 bins.
      Boundary/stepping algorithm is active with facrange= 0.02  Step limitation 1

muBrems:   tables are built for  mu+
      dE/dx and range tables from 100 eV  to 100 TeV in 120 bins.
      Lambda tables from threshold to 100 TeV in 120 bins.
      Parametrised model 

muPairProd:   tables are built for  mu+
      dE/dx and range tables from 100 eV  to 100 TeV in 120 bins.
      Lambda tables from threshold to 100 TeV in 120 bins.
      Parametrised model 

muIoni:   tables are built for  mu-
      dE/dx and range tables from 100 eV  to 100 TeV in 120 bins.
      Lambda tables from threshold to 100 TeV in 120 bins.
      Bether-Bloch model for E > 0.2 MeV, parametrisation of Bragg peak below, 
      radiative corrections for E > 1 GeV
      Step function: finalRange(mm)= 1, dRoverRange= 0.2, integral: 1

muBrems:   tables are built for  mu-
      dE/dx and range tables from 100 eV  to 100 TeV in 120 bins.
      Lambda tables from threshold to 100 TeV in 120 bins.
      Parametrised model 

muPairProd:   tables are built for  mu-
      dE/dx and range tables from 100 eV  to 100 TeV in 120 bins.
      Lambda tables from threshold to 100 TeV in 120 bins.
      Parametrised model 

hIoni:   tables are built for  pi+
      dE/dx and range tables from 100 eV  to 100 TeV in 120 bins.
      Lambda tables from threshold to 100 TeV in 120 bins.
      Scaling relation is used to proton dE/dx and range
      Bether-Bloch model for Escaled > 0.297504 MeV, ICRU49 parametrisation for protons below.
      Step function: finalRange(mm)= 1, dRoverRange= 0.2, integral: 1

hIoni:   tables are built for  pi-
      dE/dx and range tables from 100 eV  to 100 TeV in 120 bins.
      Lambda tables from threshold to 100 TeV in 120 bins.
      Scaling relation is used to proton dE/dx and range
      Bether-Bloch model for Escaled > 0.297504 MeV, ICRU49 parametrisation for protons below.
      Step function: finalRange(mm)= 1, dRoverRange= 0.2, integral: 1

msc:  Model variant of multiple scattering for pi-
      Lambda tables from 100 eV  to 100 TeV in 120 bins.
      Boundary/stepping algorithm is active with facrange= 0.02  Step limitation 1
### Run 0 start.
ExN05EMShowerModel::DoIt
>>> Event 0
     11 hits are stored in EM ExN05CalorimeterHitsCollection.
     Total energy deposition in EM calorimeter crytals : 0.999855 (GeV)
     0 hits are stored in HAD ExN05CalorimeterHitsCollection.
     Total energy deposition in HAD calorimeter towers : 0 (GeV)
ExN05EMShowerModel::DoIt
>>> Event 1
     10 hits are stored in EM ExN05CalorimeterHitsCollection.
     Total energy deposition in EM calorimeter crytals : 0.999883 (GeV)
     0 hits are stored in HAD ExN05CalorimeterHitsCollection.
     Total energy deposition in HAD calorimeter towers : 0 (GeV)
ExN05EMShowerModel::DoIt
>>> Event 2
     10 hits are stored in EM ExN05CalorimeterHitsCollection.
     Total energy deposition in EM calorimeter crytals : 0.999913 (GeV)
     0 hits are stored in HAD ExN05CalorimeterHitsCollection.
     Total energy deposition in HAD calorimeter towers : 0 (GeV)
ExN05EMShowerModel::DoIt
>>> Event 3
     13 hits are stored in EM ExN05CalorimeterHitsCollection.
     Total energy deposition in EM calorimeter crytals : 0.999904 (GeV)
     0 hits are stored in HAD ExN05CalorimeterHitsCollection.
     Total energy deposition in HAD calorimeter towers : 0 (GeV)
ExN05EMShowerModel::DoIt
>>> Event 4
     8 hits are stored in EM ExN05CalorimeterHitsCollection.
     Total energy deposition in EM calorimeter crytals : 0.999923 (GeV)
     0 hits are stored in HAD ExN05CalorimeterHitsCollection.
     Total energy deposition in HAD calorimeter towers : 0 (GeV)
number of event = 5
### Run 1 start.
ExN05EMShowerModel::DoIt
>>> Event 0
     11 hits are stored in EM ExN05CalorimeterHitsCollection.
     Total energy deposition in EM calorimeter crytals : 0.999915 (GeV)
     0 hits are stored in HAD ExN05CalorimeterHitsCollection.
     Total energy deposition in HAD calorimeter towers : 0 (GeV)
ExN05EMShowerModel::DoIt
>>> Event 1
     10 hits are stored in EM ExN05CalorimeterHitsCollection.
     Total energy deposition in EM calorimeter crytals : 0.999908 (GeV)
     0 hits are stored in HAD ExN05CalorimeterHitsCollection.
     Total energy deposition in HAD calorimeter towers : 0 (GeV)
ExN05EMShowerModel::DoIt
>>> Event 2
     13 hits are stored in EM ExN05CalorimeterHitsCollection.
     Total energy deposition in EM calorimeter crytals : 0.999928 (GeV)
     0 hits are stored in HAD ExN05CalorimeterHitsCollection.
     Total energy deposition in HAD calorimeter towers : 0 (GeV)
ExN05EMShowerModel::DoIt
>>> Event 3
     8 hits are stored in EM ExN05CalorimeterHitsCollection.
     Total energy deposition in EM calorimeter crytals : 0.999926 (GeV)
     0 hits are stored in HAD ExN05CalorimeterHitsCollection.
     Total energy deposition in HAD calorimeter towers : 0 (GeV)
ExN05EMShowerModel::DoIt
>>> Event 4
     10 hits are stored in EM ExN05CalorimeterHitsCollection.
     Total energy deposition in EM calorimeter crytals : 0.999922 (GeV)
     0 hits are stored in HAD ExN05CalorimeterHitsCollection.
     Total energy deposition in HAD calorimeter towers : 0 (GeV)
number of event = 5
### Run 2 start.
ExN05EMShowerModel::DoIt
>>> Event 0
     11 hits are stored in EM ExN05CalorimeterHitsCollection.
     Total energy deposition in EM calorimeter crytals : 0.999931 (GeV)
     0 hits are stored in HAD ExN05CalorimeterHitsCollection.
     Total energy deposition in HAD calorimeter towers : 0 (GeV)
ExN05EMShowerModel::DoIt
>>> Event 1
     8 hits are stored in EM ExN05CalorimeterHitsCollection.
     Total energy deposition in EM calorimeter crytals : 0.999896 (GeV)
     0 hits are stored in HAD ExN05CalorimeterHitsCollection.
     Total energy deposition in HAD calorimeter towers : 0 (GeV)
ExN05EMShowerModel::DoIt
>>> Event 2
     7 hits are stored in EM ExN05CalorimeterHitsCollection.
     Total energy deposition in EM calorimeter crytals : 0.999927 (GeV)
     0 hits are stored in HAD ExN05CalorimeterHitsCollection.
     Total energy deposition in HAD calorimeter towers : 0 (GeV)
ExN05EMShowerModel::DoIt
>>> Event 3
     9 hits are stored in EM ExN05CalorimeterHitsCollection.
     Total energy deposition in EM calorimeter crytals : 0.999923 (GeV)
     0 hits are stored in HAD ExN05CalorimeterHitsCollection.
     Total energy deposition in HAD calorimeter towers : 0 (GeV)
ExN05EMShowerModel::DoIt
>>> Event 4
     7 hits are stored in EM ExN05CalorimeterHitsCollection.
     Total energy deposition in EM calorimeter crytals : 0.99992 (GeV)
     0 hits are stored in HAD ExN05CalorimeterHitsCollection.
     Total energy deposition in HAD calorimeter towers : 0 (GeV)
number of event = 5
### Run 3 start.
ExN05EMShowerModel::DoIt
>>> Event 0
     8 hits are stored in EM ExN05CalorimeterHitsCollection.
     Total energy deposition in EM calorimeter crytals : 0.99984 (GeV)
     0 hits are stored in HAD ExN05CalorimeterHitsCollection.
     Total energy deposition in HAD calorimeter towers : 0 (GeV)
ExN05EMShowerModel::DoIt
>>> Event 1
     14 hits are stored in EM ExN05CalorimeterHitsCollection.
     Total energy deposition in EM calorimeter crytals : 0.999891 (GeV)
     0 hits are stored in HAD ExN05CalorimeterHitsCollection.
     Total energy deposition in HAD calorimeter towers : 0 (GeV)
ExN05EMShowerModel::DoIt
>>> Event 2
     11 hits are stored in EM ExN05CalorimeterHitsCollection.
     Total energy deposition in EM calorimeter crytals : 0.999883 (GeV)
     0 hits are stored in HAD ExN05CalorimeterHitsCollection.
     Total energy deposition in HAD calorimeter towers : 0 (GeV)
ExN05EMShowerModel::DoIt
>>> Event 3
     9 hits are stored in EM ExN05CalorimeterHitsCollection.
     Total energy deposition in EM calorimeter crytals : 0.999872 (GeV)
     0 hits are stored in HAD ExN05CalorimeterHitsCollection.
     Total energy deposition in HAD calorimeter towers : 0 (GeV)
ExN05EMShowerModel::DoIt
>>> Event 4
     13 hits are stored in EM ExN05CalorimeterHitsCollection.
     Total energy deposition in EM calorimeter crytals : 0.999922 (GeV)
     0 hits are stored in HAD ExN05CalorimeterHitsCollection.
     Total energy deposition in HAD calorimeter towers : 0 (GeV)
number of event = 5
### Run 4 start.
ExN05PionShowerModel::DoIt
>>> Event 0
     8 hits are stored in EM ExN05CalorimeterHitsCollection.
     Total energy deposition in EM calorimeter crytals : 0.199987 (GeV)
     8 hits are stored in HAD ExN05CalorimeterHitsCollection.
     Total energy deposition in HAD calorimeter towers : 0.75995 (GeV)
ExN05PionShowerModel::DoIt
>>> Event 1
     10 hits are stored in EM ExN05CalorimeterHitsCollection.
     Total energy deposition in EM calorimeter crytals : 0.239987 (GeV)
     10 hits are stored in HAD ExN05CalorimeterHitsCollection.
     Total energy deposition in HAD calorimeter towers : 0.719961 (GeV)
ExN05PionShowerModel::DoIt
>>> Event 2
     8 hits are stored in EM ExN05CalorimeterHitsCollection.
     Total energy deposition in EM calorimeter crytals : 0.199988 (GeV)
     13 hits are stored in HAD ExN05CalorimeterHitsCollection.
     Total energy deposition in HAD calorimeter towers : 0.779952 (GeV)
ExN05PionShowerModel::DoIt
>>> Event 3
     6 hits are stored in EM ExN05CalorimeterHitsCollection.
     Total energy deposition in EM calorimeter crytals : 0.179987 (GeV)
     10 hits are stored in HAD ExN05CalorimeterHitsCollection.
     Total energy deposition in HAD calorimeter towers : 0.69995 (GeV)
ExN05PionShowerModel::DoIt
>>> Event 4
     7 hits are stored in EM ExN05CalorimeterHitsCollection.
     Total energy deposition in EM calorimeter crytals : 0.259978 (GeV)
     9 hits are stored in HAD ExN05CalorimeterHitsCollection.
     Total energy deposition in HAD calorimeter towers : 0.619948 (GeV)
number of event = 5
### Run 5 start.
ExN05PionShowerModel::DoIt
>>> Event 0
     1 hits are stored in EM ExN05CalorimeterHitsCollection.
     Total energy deposition in EM calorimeter crytals : 0.019999 (GeV)
     13 hits are stored in HAD ExN05CalorimeterHitsCollection.
     Total energy deposition in HAD calorimeter towers : 0.979949 (GeV)
ExN05PionShowerModel::DoIt
>>> Event 1
     0 hits are stored in EM ExN05CalorimeterHitsCollection.
     Total energy deposition in EM calorimeter crytals : 0 (GeV)
     12 hits are stored in HAD ExN05CalorimeterHitsCollection.
     Total energy deposition in HAD calorimeter towers : 0.999926 (GeV)
ExN05PionShowerModel::DoIt
>>> Event 2
     1 hits are stored in EM ExN05CalorimeterHitsCollection.
     Total energy deposition in EM calorimeter crytals : 0.0199991 (GeV)
     15 hits are stored in HAD ExN05CalorimeterHitsCollection.
     Total energy deposition in HAD calorimeter towers : 0.979954 (GeV)
ExN05PionShowerModel::DoIt
>>> Event 3
     3 hits are stored in EM ExN05CalorimeterHitsCollection.
     Total energy deposition in EM calorimeter crytals : 0.0799962 (GeV)
     13 hits are stored in HAD ExN05CalorimeterHitsCollection.
     Total energy deposition in HAD calorimeter towers : 0.899957 (GeV)
ExN05PionShowerModel::DoIt
>>> Event 4
     2 hits are stored in EM ExN05CalorimeterHitsCollection.
     Total energy deposition in EM calorimeter crytals : 0.0399984 (GeV)
     15 hits are stored in HAD ExN05CalorimeterHitsCollection.
     Total energy deposition in HAD calorimeter towers : 0.959961 (GeV)
number of event = 5
### Run 6 start.
ExN05PionShowerModel::DoIt
>>> Event 0
     1 hits are stored in EM ExN05CalorimeterHitsCollection.
     Total energy deposition in EM calorimeter crytals : 0.0199991 (GeV)
     12 hits are stored in HAD ExN05CalorimeterHitsCollection.
     Total energy deposition in HAD calorimeter towers : 0.959955 (GeV)
ExN05PionShowerModel::DoIt
>>> Event 1
     0 hits are stored in EM ExN05CalorimeterHitsCollection.
     Total energy deposition in EM calorimeter crytals : 0 (GeV)
     11 hits are stored in HAD ExN05CalorimeterHitsCollection.
     Total energy deposition in HAD calorimeter towers : 0.999955 (GeV)
ExN05PionShowerModel::DoIt
>>> Event 2
     1 hits are stored in EM ExN05CalorimeterHitsCollection.
     Total energy deposition in EM calorimeter crytals : 0.019998 (GeV)
     12 hits are stored in HAD ExN05CalorimeterHitsCollection.
     Total energy deposition in HAD calorimeter towers : 0.979903 (GeV)
ExN05PionShowerModel::DoIt
>>> Event 3
     2 hits are stored in EM ExN05CalorimeterHitsCollection.
     Total energy deposition in EM calorimeter crytals : 0.0399984 (GeV)
     11 hits are stored in HAD ExN05CalorimeterHitsCollection.
     Total energy deposition in HAD calorimeter towers : 0.959962 (GeV)
ExN05PionShowerModel::DoIt
>>> Event 4
     1 hits are stored in EM ExN05CalorimeterHitsCollection.
     Total energy deposition in EM calorimeter crytals : 0.0199992 (GeV)
     12 hits are stored in HAD ExN05CalorimeterHitsCollection.
     Total energy deposition in HAD calorimeter towers : 0.979959 (GeV)
number of event = 5
### Run 7 start.
ExN05PionShowerModel::DoIt
>>> Event 0
     13 hits are stored in EM ExN05CalorimeterHitsCollection.
     Total energy deposition in EM calorimeter crytals : 0.359971 (GeV)
     8 hits are stored in HAD ExN05CalorimeterHitsCollection.
     Total energy deposition in HAD calorimeter towers : 0.559955 (GeV)
ExN05PionShowerModel::DoIt
>>> Event 1
     7 hits are stored in EM ExN05CalorimeterHitsCollection.
     Total energy deposition in EM calorimeter crytals : 0.159991 (GeV)
     10 hits are stored in HAD ExN05CalorimeterHitsCollection.
     Total energy deposition in HAD calorimeter towers : 0.799955 (GeV)
ExN05PionShowerModel::DoIt
>>> Event 2
     6 hits are stored in EM ExN05CalorimeterHitsCollection.
     Total energy deposition in EM calorimeter crytals : 0.259984 (GeV)
     10 hits are stored in HAD ExN05CalorimeterHitsCollection.
     Total energy deposition in HAD calorimeter towers : 0.65996 (GeV)
ExN05PionShowerModel::DoIt
>>> Event 3
     7 hits are stored in EM ExN05CalorimeterHitsCollection.
     Total energy deposition in EM calorimeter crytals : 0.219988 (GeV)
     11 hits are stored in HAD ExN05CalorimeterHitsCollection.
     Total energy deposition in HAD calorimeter towers : 0.699963 (GeV)
ExN05PionShowerModel::DoIt
>>> Event 4
     8 hits are stored in EM ExN05CalorimeterHitsCollection.
     Total energy deposition in EM calorimeter crytals : 0.199991 (GeV)
     10 hits are stored in HAD ExN05CalorimeterHitsCollection.
     Total energy deposition in HAD calorimeter towers : 0.779966 (GeV)
number of event = 5

conv:  Total cross sections has a good parametrisation from 1.5 MeV to 100 GeV for all Z;
      sampling secondary e+e- according Bethe-Heitler model
      tables are built for  gamma
      Lambda tables from 1.022 MeV to 100 GeV in 100 bins.

compt:  Total cross sections has a good parametrisation from 10 KeV to (100/Z) GeV
      Sampling according Klein-Nishina model
      tables are built for  gamma
      Lambda tables from 100 eV  to 100 GeV in 90 bins.

phot:  Total cross sections from Sandia parametrisation. 
      Sampling according PhotoElectric model

msc:  Model variant of multiple scattering for e-
      Lambda tables from 100 eV  to 100 TeV in 120 bins.
      Boundary/stepping algorithm is active with facrange= 0.02  Step limitation 1

eIoni:   tables are built for  e-
      dE/dx and range tables from 100 eV  to 100 TeV in 120 bins.
      Lambda tables from threshold to 100 TeV in 120 bins.
      Delta cross sections from Moller+Bhabha, good description from 1 KeV to 100 GeV.
      Step function: finalRange(mm)= 1, dRoverRange= 0.2, integral: 1

eBrem:   tables are built for  e-
      dE/dx and range tables from 100 eV  to 100 TeV in 120 bins.
      Lambda tables from threshold to 100 TeV in 120 bins.
      Total cross sections from a parametrisation based on the EEDL data library. 
      Good description from 1 KeV to 100 GeV, log scale extrapolation above 100 GeV.

eIoni:   tables are built for  e+
      dE/dx and range tables from 100 eV  to 100 TeV in 120 bins.
      Lambda tables from threshold to 100 TeV in 120 bins.
      Delta cross sections from Moller+Bhabha, good description from 1 KeV to 100 GeV.
      Step function: finalRange(mm)= 1, dRoverRange= 0.2, integral: 1

eBrem:   tables are built for  e+
      dE/dx and range tables from 100 eV  to 100 TeV in 120 bins.
      Lambda tables from threshold to 100 TeV in 120 bins.
      Total cross sections from a parametrisation based on the EEDL data library. 
      Good description from 1 KeV to 100 GeV, log scale extrapolation above 100 GeV.

annihil:       Sampling according eplus2gg model
      tables are built for  e+
      Lambda tables from 100 eV  to 100 TeV in 120 bins.

hIoni:   tables are built for  proton
      dE/dx and range tables from 100 eV  to 100 TeV in 120 bins.
      Lambda tables from threshold to 100 TeV in 120 bins.
      Scaling relation is used to proton dE/dx and range
      Bether-Bloch model for Escaled > 2 MeV, ICRU49 parametrisation for protons below.
      Step function: finalRange(mm)= 1, dRoverRange= 0.2, integral: 1

msc:  Model variant of multiple scattering for proton
      Lambda tables from 100 eV  to 100 TeV in 120 bins.
      Boundary/stepping algorithm is active with facrange= 0.02  Step limitation 1

msc:  Model variant of multiple scattering for GenericIon
      Boundary/stepping algorithm is active with facrange= 0.02  Step limitation 1

hIoni:   tables are built for  anti_proton
      dE/dx and range tables from 100 eV  to 100 TeV in 120 bins.
      Lambda tables from threshold to 100 TeV in 120 bins.
      Scaling relation is used to proton dE/dx and range
      Bether-Bloch model for Escaled > 2 MeV, ICRU49 parametrisation for protons below.
      Step function: finalRange(mm)= 1, dRoverRange= 0.2, integral: 1

muIoni:   tables are built for  mu+
      dE/dx and range tables from 100 eV  to 100 TeV in 120 bins.
      Lambda tables from threshold to 100 TeV in 120 bins.
      Bether-Bloch model for E > 0.2 MeV, parametrisation of Bragg peak below, 
      radiative corrections for E > 1 GeV
      Step function: finalRange(mm)= 1, dRoverRange= 0.2, integral: 1

msc:  Model variant of multiple scattering for mu+
      Lambda tables from 100 eV  to 100 TeV in 120 bins.
      Boundary/stepping algorithm is active with facrange= 0.02  Step limitation 1

muBrems:   tables are built for  mu+
      dE/dx and range tables from 100 eV  to 100 TeV in 120 bins.
      Lambda tables from threshold to 100 TeV in 120 bins.
      Parametrised model 

muPairProd:   tables are built for  mu+
      dE/dx and range tables from 100 eV  to 100 TeV in 120 bins.
      Lambda tables from threshold to 100 TeV in 120 bins.
      Parametrised model 

muIoni:   tables are built for  mu-
      dE/dx and range tables from 100 eV  to 100 TeV in 120 bins.
      Lambda tables from threshold to 100 TeV in 120 bins.
      Bether-Bloch model for E > 0.2 MeV, parametrisation of Bragg peak below, 
      radiative corrections for E > 1 GeV
      Step function: finalRange(mm)= 1, dRoverRange= 0.2, integral: 1

muBrems:   tables are built for  mu-
      dE/dx and range tables from 100 eV  to 100 TeV in 120 bins.
      Lambda tables from threshold to 100 TeV in 120 bins.
      Parametrised model 

muPairProd:   tables are built for  mu-
      dE/dx and range tables from 100 eV  to 100 TeV in 120 bins.
      Lambda tables from threshold to 100 TeV in 120 bins.
      Parametrised model 

hIoni:   tables are built for  pi+
      dE/dx and range tables from 100 eV  to 100 TeV in 120 bins.
      Lambda tables from threshold to 100 TeV in 120 bins.
      Scaling relation is used to proton dE/dx and range
      Bether-Bloch model for Escaled > 0.297504 MeV, ICRU49 parametrisation for protons below.
      Step function: finalRange(mm)= 1, dRoverRange= 0.2, integral: 1

hIoni:   tables are built for  pi-
      dE/dx and range tables from 100 eV  to 100 TeV in 120 bins.
      Lambda tables from threshold to 100 TeV in 120 bins.
      Scaling relation is used to proton dE/dx and range
      Bether-Bloch model for Escaled > 0.297504 MeV, ICRU49 parametrisation for protons below.
      Step function: finalRange(mm)= 1, dRoverRange= 0.2, integral: 1

msc:  Model variant of multiple scattering for pi-
      Lambda tables from 100 eV  to 100 TeV in 120 bins.
      Boundary/stepping algorithm is active with facrange= 0.02  Step limitation 1
### Run 8 start.
>>> Event 0
     29 hits are stored in EM ExN05CalorimeterHitsCollection.
     Total energy deposition in EM calorimeter crytals : 0.99244991 (GeV)
     0 hits are stored in HAD ExN05CalorimeterHitsCollection.
     Total energy deposition in HAD calorimeter towers : 0 (GeV)
>>> Event 1
     35 hits are stored in EM ExN05CalorimeterHitsCollection.
     Total energy deposition in EM calorimeter crytals : 0.98104527 (GeV)
     0 hits are stored in HAD ExN05CalorimeterHitsCollection.
     Total energy deposition in HAD calorimeter towers : 0 (GeV)
>>> Event 2
     40 hits are stored in EM ExN05CalorimeterHitsCollection.
     Total energy deposition in EM calorimeter crytals : 0.98820856 (GeV)
     0 hits are stored in HAD ExN05CalorimeterHitsCollection.
     Total energy deposition in HAD calorimeter towers : 0 (GeV)
>>> Event 3
     43 hits are stored in EM ExN05CalorimeterHitsCollection.
     Total energy deposition in EM calorimeter crytals : 0.99411966 (GeV)
     0 hits are stored in HAD ExN05CalorimeterHitsCollection.
     Total energy deposition in HAD calorimeter towers : 0 (GeV)
>>> Event 4
     31 hits are stored in EM ExN05CalorimeterHitsCollection.
     Total energy deposition in EM calorimeter crytals : 0.99932026 (GeV)
     0 hits are stored in HAD ExN05CalorimeterHitsCollection.
     Total energy deposition in HAD calorimeter towers : 0 (GeV)
number of event = 5
### Run 9 start.
>>> Event 0
     16 hits are stored in EM ExN05CalorimeterHitsCollection.
     Total energy deposition in EM calorimeter crytals : 0.9967886 (GeV)
     0 hits are stored in HAD ExN05CalorimeterHitsCollection.
     Total energy deposition in HAD calorimeter towers : 0 (GeV)
>>> Event 1
     28 hits are stored in EM ExN05CalorimeterHitsCollection.
     Total energy deposition in EM calorimeter crytals : 0.99292985 (GeV)
     0 hits are stored in HAD ExN05CalorimeterHitsCollection.
     Total energy deposition in HAD calorimeter towers : 0 (GeV)
>>> Event 2
     24 hits are stored in EM ExN05CalorimeterHitsCollection.
     Total energy deposition in EM calorimeter crytals : 0.98155216 (GeV)
     3 hits are stored in HAD ExN05CalorimeterHitsCollection.
     Total energy deposition in HAD calorimeter towers : 0.0054804171 (GeV)
>>> Event 3
     19 hits are stored in EM ExN05CalorimeterHitsCollection.
     Total energy deposition in EM calorimeter crytals : 0.99763883 (GeV)
     0 hits are stored in HAD ExN05CalorimeterHitsCollection.
     Total energy deposition in HAD calorimeter towers : 0 (GeV)
>>> Event 4
     19 hits are stored in EM ExN05CalorimeterHitsCollection.
     Total energy deposition in EM calorimeter crytals : 0.9900058 (GeV)
     0 hits are stored in HAD ExN05CalorimeterHitsCollection.
     Total energy deposition in HAD calorimeter towers : 0 (GeV)
number of event = 5
