**********************************************
 Geant4 version $Name: not supported by cvs2svn $
                                (13-Dec-2002)
             Copyright : Geant4 Collaboration
**********************************************

phot:  Total cross sections from Sandia parametrisation. 
MuonMinusCaptureAtRest is created 
Visualization Manager instantiating...
Visualization Manager initialising...
Registering graphics systems...

You have successfully chosen to use the following graphics systems.
Current available graphics systems are:
  ASCIITree (ATree)
  DAWNFILE (DAWNFILE)
  GAGTree (GAGTree)
  G4HepRepFile (HepRepFile)
  RayTracer (RayTracer)
  VRML1FILE (VRML1FILE)
  VRML2FILE (VRML2FILE)

========= Table of registered couples ==============================

Index : 0     used in the geometry : Yes     recalculation needed : Yes
 Material : Air
 Range cuts        :  gamma 1 mm     e- 1 mm     e+ 1 mm 
 Energy thresholds :  is not ready to print
 Region(s) which use this couple : 
    DefaultRegionForTheWorld

Index : 1     used in the geometry : Yes     recalculation needed : Yes
 Material : Lead
 Range cuts        :  gamma 1 mm     e- 1 mm     e+ 1 mm 
 Energy thresholds :  is not ready to print
 Region(s) which use this couple : 
    DefaultRegionForTheWorld

Index : 2     used in the geometry : Yes     recalculation needed : Yes
 Material : ArgonGas
 Range cuts        :  gamma 1 mm     e- 1 mm     e+ 1 mm 
 Energy thresholds :  is not ready to print
 Region(s) which use this couple : 
    DefaultRegionForTheWorld

Index : 3     used in the geometry : Yes     recalculation needed : Yes
 Material : Silicon
 Range cuts        :  gamma 1 mm     e- 1 mm     e+ 1 mm 
 Energy thresholds :  is not ready to print
 Region(s) which use this couple : 
    DefaultRegionForTheWorld

Index : 4     used in the geometry : Yes     recalculation needed : Yes
 Material : Scintillator
 Range cuts        :  gamma 1 mm     e- 1 mm     e+ 1 mm 
 Energy thresholds :  is not ready to print
 Region(s) which use this couple : 
    DefaultRegionForTheWorld

Index : 5     used in the geometry : No      recalculation needed : Yes
 Material : dummyMat
 Range cuts        :  gamma 1 mm     e- 1 mm     e+ 1 mm 
 Energy thresholds :  is not ready to print

====================================================================


compt:  Total cross sections from a parametrisation. Good description from 10 KeV to (100/Z) GeV. 
       Scattered gamma energy according Klein-Nishina.
        PhysicsTables from 1 keV to 100 GeV in 80 bins. 

conv:  Total cross sections from a parametrisation. Good description from 1.5 MeV to 100 GeV for all Z. 
        e+e- energies according Bethe-Heitler
        PhysicsTables from 1.022 MeV to 100 GeV in 100 bins. 

eBrem:  Total cross sections from a NEW parametrisation based on the EEDL data library. 
 Good description from 1 KeV to 100 GeV.
        log scale extrapolation above 100 GeV 
        Gamma energy sampled from a parametrised formula.
        PhysicsTables from 1 keV to 100 TeV in 100 bins. 

eIoni:  delta cross sections from Moller+Bhabha. Good description from 1 KeV to 100 GeV.
        delta ray energy sampled from  differential Xsection.
        PhysicsTables from 1 keV to 100 TeV in 100 bins. 

msc:   Tables of transport mean free paths.
          New model of MSC , computes the lateral 
          displacement of the particle , too.
        PhysicsTables from 100 eV  to 100 TeV in 100 bins. 

annihil:  Total cross section from Heilter formula(annihilation into 2 photons).
        gamma energies sampled according Heitler
        PhysicsTables from 10 keV to 10 TeV in 100 bins. 

annihil:  Total cross section from Heilter formula(annihilation into 2 photons).
        gamma energies sampled according Heitler
        PhysicsTables from 10 keV to 10 TeV in 100 bins. 

hIoni:    Knock-on electron cross sections . 
         Good description above the mean excitation energy.
         delta ray energy sampled from  differential Xsection.
        PhysicsTables from 1 keV to 100 TeV in 100 bins. 

msc:   Tables of transport mean free paths.
          New model of MSC , computes the lateral 
          displacement of the particle , too.
        PhysicsTables from 100 eV  to 100 TeV in 100 bins. 

MuIoni:    Knock-on electron cross sections . 
         Good description above the mean excitation energy.
         delta ray energy sampled from  differential Xsection.
        PhysicsTables from 1 keV to 1000 PeV in 150 bins. 

MuBrems:  theoretical cross section 
          Good description up to 1000 PeV.
    PhysicsTables from 1 keV to 1000 PeV in 150 bins. 

MuPairProd:  theoretical cross sections 
          Good description up to 1000 PeV.
    PhysicsTables from 1 keV to 1000 PeV in 150 bins. 

msc:   Tables of transport mean free paths.
          New model of MSC , computes the lateral 
          displacement of the particle , too.
        PhysicsTables from 100 eV  to 100 TeV in 100 bins. 

========= Table of registered couples ==============================

Index : 0     used in the geometry : Yes     recalculation needed : No 
 Material : Air
 Range cuts        :  gamma 1 mm     e- 1 mm     e+ 1 mm 
 Energy thresholds :  gamma 990 eV     e- 990 eV     e+ 990 eV 
 Region(s) which use this couple : 
    DefaultRegionForTheWorld

Index : 1     used in the geometry : Yes     recalculation needed : No 
 Material : Lead
 Range cuts        :  gamma 1 mm     e- 1 mm     e+ 1 mm 
 Energy thresholds :  gamma 100.511 keV    e- 1.37814 MeV    e+ 1.28002 MeV
 Region(s) which use this couple : 
    DefaultRegionForTheWorld

Index : 2     used in the geometry : Yes     recalculation needed : No 
 Material : ArgonGas
 Range cuts        :  gamma 1 mm     e- 1 mm     e+ 1 mm 
 Energy thresholds :  gamma 990 eV     e- 990 eV     e+ 990 eV 
 Region(s) which use this couple : 
    DefaultRegionForTheWorld

Index : 3     used in the geometry : Yes     recalculation needed : No 
 Material : Silicon
 Range cuts        :  gamma 1 mm     e- 1 mm     e+ 1 mm 
 Energy thresholds :  gamma 6.88731 keV    e- 540.718 keV    e+ 521.113 keV
 Region(s) which use this couple : 
    DefaultRegionForTheWorld

Index : 4     used in the geometry : Yes     recalculation needed : No 
 Material : Scintillator
 Range cuts        :  gamma 1 mm     e- 1 mm     e+ 1 mm 
 Energy thresholds :  gamma 2.36895 keV    e- 355.791 keV    e+ 347.138 keV
 Region(s) which use this couple : 
    DefaultRegionForTheWorld

Index : 5     used in the geometry : No      recalculation needed : No 
 Material : dummyMat
 Range cuts        :  gamma 1 mm     e- 1 mm     e+ 1 mm 
 Energy thresholds :  gamma 990 eV     e- 589.38 keV    e+ 575.046 keV

====================================================================

### Run 0 start.
Stage 0->1 : 1 hits found in the muon chamber.
Stage 1->2 : 1 isolated muon found.
>>> Event 0
     112 hits are stored in ExN04TrackerHitsCollection.
     64 hits are stored in ExN04CalorimeterHitsCollection.
     Total energy deposition in calorimeter : 0.977906 (GeV)
     1 hits are stored in ExN04MuonHitsCollection.
Stage 0->1 : 0 hits found in the muon chamber.
++++++++ event aborted
>>> Event 1
     0 hits are stored in ExN04TrackerHitsCollection.
     0 hits are stored in ExN04CalorimeterHitsCollection.
     Total energy deposition in calorimeter : 0 (GeV)
     0 hits are stored in ExN04MuonHitsCollection.
Stage 0->1 : 1 hits found in the muon chamber.
Stage 1->2 : 0 isolated muon found.
++++++++ event aborted
>>> Event 2
     81 hits are stored in ExN04TrackerHitsCollection.
     13 hits are stored in ExN04CalorimeterHitsCollection.
     Total energy deposition in calorimeter : 0.33154 (GeV)
     1 hits are stored in ExN04MuonHitsCollection.
Graphics systems deleted.
Visualization Manager deleting...
