
        ############################################
        !!! WARNING - FPE detection is activated !!!
        ############################################

*************************************************************
 Geant4 version Name: geant4-10-03-beta-01    (30-June-2016)
                      Copyright : Geant4 Collaboration
                      Reference : NIM A 506 (2003), 250-303
                            WWW : http://cern.ch/geant4
*************************************************************

Visualization Manager instantiating with verbosity "warnings (3)"...
Visualization Manager initialising...
Registering graphics systems...

You have successfully registered the following graphics systems.
Current available graphics systems are:
ASCIITree (ATree)
DAWNFILE (DAWNFILE)
G4HepRep (HepRepXML)
G4HepRepFile (HepRepFile)
RayTracer (RayTracer)
VRML1FILE (VRML1FILE)
VRML2FILE (VRML2FILE)
gMocrenFile (gMocrenFile)
OpenGLImmediateQt (OGLIQt, OGLI)
OpenGLStoredQt (OGLSQt, OGL, OGLS)
OpenGLImmediateXm (OGLIXm, OGLIQt_FALLBACK)
OpenGLStoredXm (OGLSXm, OGLSQt_FALLBACK)
OpenGLImmediateX (OGLIX, OGLIQt_FALLBACK, OGLIXm_FALLBACK)
OpenGLStoredX (OGLSX, OGLSQt_FALLBACK, OGLSXm_FALLBACK)
RayTracerX (RayTracerX)

Registering model factories...

You have successfully registered the following model factories.
Registered model factories:
  generic
  drawByAttribute
  drawByCharge
  drawByOriginVolume
  drawByParticleID
  drawByTouchedVolume

Registered filter factories:
  attributeFilter
  chargeFilter
  originVolumeFilter
  particleFilter
  touchedVolumeFilter

You have successfully registered the following user vis actions.
Run Duration User Vis Actions: none
End of Event User Vis Actions: none
End of Run User Vis Actions: none

Some /vis commands (optionally) take a string to specify colour.
Available colours:
  black, blue, brown, cyan, gray, green, grey, magenta, red, white, yellow


### ===  Deexcitation model UAtomDeexcitation is activated for 1 region:
          DefaultRegionForTheWorld  1  0  0
### ===  Ignore cuts flag:   0

phot:   for  gamma    SubType= 12  BuildTable= 0
      LambdaPrime table from 200 keV to 10 TeV in 54 bins 
      ===== EM models for the G4Region  DefaultRegionForTheWorld ======
 LivermorePhElectric :  Emin=        0 eV    Emax=        1 GeV   AngularGenSauterGavrila  FluoActive
       PhotoElectric :  Emin=        1 GeV   Emax=       10 TeV   AngularGenSauterGavrila  FluoActive

compt:   for  gamma    SubType= 13  BuildTable= 1
      Lambda table from 100 eV  to 1 MeV, 7 bins per decade, spline: 1
      LambdaPrime table from 1 MeV to 10 TeV in 49 bins 
      ===== EM models for the G4Region  DefaultRegionForTheWorld ======
    LivermoreCompton :  Emin=        0 eV    Emax=        1 GeV  FluoActive
       Klein-Nishina :  Emin=        1 GeV   Emax=       10 TeV

conv:   for  gamma    SubType= 14  BuildTable= 1
      Lambda table from 1.022 MeV to 10 TeV, 20 bins per decade, spline: 1
      ===== EM models for the G4Region  DefaultRegionForTheWorld ======
 LivermoreConversion :  Emin=        0 eV    Emax=        1 GeV
        BetheHeitler :  Emin=        1 GeV   Emax=       80 GeV
     BetheHeitlerLPM :  Emin=       80 GeV   Emax=       10 TeV

Rayl:   for  gamma    SubType= 11  BuildTable= 1
      Lambda table from 100 eV  to 100 keV, 7 bins per decade, spline: 0
      LambdaPrime table from 100 keV to 10 TeV in 56 bins 
      ===== EM models for the G4Region  DefaultRegionForTheWorld ======
   LivermoreRayleigh :  Emin=        0 eV    Emax=        1 GeV   CullenGenerator
   LivermoreRayleigh :  Emin=        1 GeV   Emax=       10 TeV   CullenGenerator

e-_G4DNAElectronSolvation:   for  e-    SubType= 58  BuildTable= 0
      ===== EM models for the G4Region  DefaultRegionForTheWorld ======
DNAOneStepThermalizationModel :  Emin=        0 eV    Emax=      7.4 eV 

e-_G4DNAElastic:   for  e-    SubType= 51  BuildTable= 0
 Total cross sections computed from DNAChampionElasticModel model
      ===== EM models for the G4Region  DefaultRegionForTheWorld ======
DNAChampionElasticModel :  Emin=        0 eV    Emax=        1 MeV

e-_G4DNAExcitation:   for  e-    SubType= 52  BuildTable= 0
 Total cross sections computed from DNABornExcitationModel
      ===== EM models for the G4Region  DefaultRegionForTheWorld ======
DNABornExcitationModel :  Emin=        0 eV    Emax=        1 MeV

e-_G4DNAIonisation:   for  e-    SubType= 53  BuildTable= 0
 Total cross sections computed from DNABornIonisationModel
      ===== EM models for the G4Region  DefaultRegionForTheWorld ======
DNABornIonisationModel :  Emin=        0 eV    Emax=        1 MeV   deltaBorn  FluoActive

e-_G4DNAVibExcitation:   for  e-    SubType= 54  BuildTable= 0
 Total cross sections computed from DNASancheExcitationModel
      ===== EM models for the G4Region  DefaultRegionForTheWorld ======
DNASancheExcitationModel :  Emin=        0 eV    Emax=      100 eV 

e-_G4DNAAttachment:   for  e-    SubType= 55  BuildTable= 0
 Total cross sections computed from DNAMeltonAttachmentModel
      ===== EM models for the G4Region  DefaultRegionForTheWorld ======
DNAMeltonAttachmentModel :  Emin=        0 eV    Emax=       13 eV 

msc:   for e+    SubType= 10
      RangeFactor= 0.04, stepLimitType: 3, latDisplacement: 1, skin= 1, geomFactor= 2.5
      ===== EM models for the G4Region  DefaultRegionForTheWorld ======
            UrbanMsc :  Emin=        0 eV    Emax=       10 TeV  Table with 77 bins Emin=    100 eV    Emax=     10 TeV

eIoni:   for  e+    SubType= 2
      dE/dx and range tables from 100 eV  to 10 TeV in 77 bins
      Lambda tables from threshold to 10 TeV, 7 bins per decade, spline: 1
      finalRange(mm)= 0.1, dRoverRange= 0.2, integral: 1, fluct: 1, linLossLimit= 0.01
      ===== EM models for the G4Region  DefaultRegionForTheWorld ======
        MollerBhabha :  Emin=        0 eV    Emax=       10 TeV

eBrem:   for  e+    SubType= 3
      dE/dx and range tables from 100 eV  to 10 TeV in 77 bins
      Lambda tables from threshold to 10 TeV, 7 bins per decade, spline: 1
      LPM flag: 1 for E > 1 GeV,  HighEnergyThreshold(GeV)= 10000
      ===== EM models for the G4Region  DefaultRegionForTheWorld ======
             eBremSB :  Emin=        0 eV    Emax=        1 GeV   DipBustGen
            eBremLPM :  Emin=        1 GeV   Emax=       10 TeV   DipBustGen

annihil:   for  e+, integral: 1     SubType= 5  BuildTable= 0
      ===== EM models for the G4Region  DefaultRegionForTheWorld ======
            eplus2gg :  Emin=        0 eV    Emax=       10 TeV

proton_G4DNAExcitation:   for  proton    SubType= 52  BuildTable= 0
 Total cross sections computed from DNAMillerGreenExcitationModel and DNABornExcitationModel models
      ===== EM models for the G4Region  DefaultRegionForTheWorld ======
DNAMillerGreenExcitationModel :  Emin=        0 eV    Emax=      500 keV
DNABornExcitationModel :  Emin=      500 keV   Emax=      100 MeV

proton_G4DNAIonisation:   for  proton    SubType= 53  BuildTable= 0
 Total cross sections computed from DNARuddIonisationModel and DNABornIonisationModel models
      ===== EM models for the G4Region  DefaultRegionForTheWorld ======
DNARuddIonisationModel :  Emin=        0 eV    Emax=      500 keV   deltaRudd  FluoActive
DNABornIonisationModel :  Emin=      500 keV   Emax=      100 MeV   deltaBorn  FluoActive

proton_G4DNAChargeDecrease:   for  proton    SubType= 56  BuildTable= 0
 Total cross sections computed from DNADingfelderChargeDecreaseModel model
      ===== EM models for the G4Region  DefaultRegionForTheWorld ======
DNADingfelderChargeDecreaseModel :  Emin=        0 eV    Emax=      100 MeV

GenericIon_G4DNAIonisation:   for  GenericIon    SubType= 53  BuildTable= 0
 Total cross sections computed from DNARuddIonisationExtendedModel
      ===== EM models for the G4Region  DefaultRegionForTheWorld ======
DNARuddIonisationExtendedModel :  Emin=        0 eV    Emax=        1 TeV   deltaRudd  FluoActive

alpha_G4DNAExcitation:   for  alpha    SubType= 52  BuildTable= 0
 Total cross sections computed from DNAMillerGreenExcitationModel
      ===== EM models for the G4Region  DefaultRegionForTheWorld ======
DNAMillerGreenExcitationModel :  Emin=        0 eV    Emax=      400 MeV

alpha_G4DNAIonisation:   for  alpha    SubType= 53  BuildTable= 0
 Total cross sections computed from DNARuddIonisationModel
      ===== EM models for the G4Region  DefaultRegionForTheWorld ======
DNARuddIonisationModel :  Emin=        0 eV    Emax=      400 MeV   deltaRudd  FluoActive

alpha_G4DNAChargeDecrease:   for  alpha    SubType= 56  BuildTable= 0
 Total cross sections computed from DNADingfelderChargeDecreaseModel model
      ===== EM models for the G4Region  DefaultRegionForTheWorld ======
DNADingfelderChargeDecreaseModel :  Emin=        0 eV    Emax=      400 MeV
Physics stage ends
Number of chemical species involved in reactions = 6
Reaction                                  Reaction Rate [dm3/(mol*s)]   Interaction Range for chosen reaction model [nm]
----------------------------------------------------------------------------------------------------------------------------
H3O^1 + e_aq^1 -> H^0                     2.11e+10                      0.200589
----------------------------------------------------------------------------------------------------------------------------
H3O^1 + OH^-1 -> No product               1.43e+11                      1.34973
----------------------------------------------------------------------------------------------------------------------------
OH^0 + e_aq^1 -> OH^-1                    2.95e+10                      0.506256
----------------------------------------------------------------------------------------------------------------------------
OH^0 + OH^0 -> H2O2^0                     4.4e+09                       0.207651
----------------------------------------------------------------------------------------------------------------------------
OH^0 + H^0 -> No product                  1.44e+10                      0.194167
----------------------------------------------------------------------------------------------------------------------------
e_aq^1 + e_aq^1 -> OH^-1 + OH^-1 + H_2^0  5e+09                         0.134838
----------------------------------------------------------------------------------------------------------------------------
e_aq^1 + H^0 -> OH^-1 + H_2^0             2.65e+10                      0.294265
----------------------------------------------------------------------------------------------------------------------------
e_aq^1 + H2O2^0 -> OH^-1 + OH^0           1.41e+10                      0.295745
----------------------------------------------------------------------------------------------------------------------------
H^0 + H^0 -> H_2^0                        1.2e+10                       0.226528
----------------------------------------------------------------------------------------------------------------------------
DNAMolecularStepByStepModel will be used
*** G4Scheduler starts processing 
At time :       1 ps Reaction : OH^0 (-1073) + e_aq^1 (-175) -> OH^-1 (-1106)
At time :       1 ps Reaction : OH^0 (-992) + OH^0 (-588) -> H2O2^0 (-1107)
At time : 3.88811 ps Reaction : OH^0 (-1017) + OH^0 (-1101) -> H2O2^0 (-1108)
At time : 4.18811 ps Reaction : H^0 (-972) + OH^0 (-572) -> No product
At time : 4.68811 ps Reaction : OH^0 (-999) + OH^0 (-998) -> H2O2^0 (-1109)
At time : 4.68811 ps Reaction : e_aq^1 (-418) + OH^0 (-590) -> OH^-1 (-1110)
At time : 4.68811 ps Reaction : OH^-1 (-1110) + H3O^1 (-589) -> No product
At time : 6.91308 ps Reaction : OH^0 (-598) + OH^0 (-656) -> H2O2^0 (-1111)
At time : 16.1934 ps Reaction : OH^0 (-990) + OH^0 (-989) -> H2O2^0 (-1112)
At time : 16.1934 ps Reaction : e_aq^1 (-495) + OH^0 (-736) -> OH^-1 (-1113)
At time : 16.1934 ps Reaction : OH^-1 (-1113) + H3O^1 (-735) -> No product
At time : 18.1934 ps Reaction : OH^0 (-950) + OH^0 (-953) -> H2O2^0 (-1114)
At time : 26.1934 ps Reaction : OH^0 (-1104) + OH^0 (-762) -> H2O2^0 (-1115)
At time : 27.1934 ps Reaction : H^0 (-1078) + OH^0 (-848) -> No product
At time : 56.1934 ps Reaction : H^0 (-1040) + OH^0 (-786) -> No product
At time : 56.1934 ps Reaction : H^0 (-987) + OH^0 (-732) -> No product
At time : 77.1934 ps Reaction : e_aq^1 (-490) + OH^0 (-738) -> OH^-1 (-1116)
At time : 79.1934 ps Reaction : OH^0 (-986) + OH^0 (-730) -> H2O2^0 (-1117)
At time : 80.1934 ps Reaction : OH^-1 (-1116) + H3O^1 (-737) -> No product
At time : 98.1934 ps Reaction : OH^-1 (-560) + H3O^1 (-936) -> No product
At time : 107.193 ps Reaction : OH^0 (-672) + OH^0 (-959) -> H2O2^0 (-1118)
At time : 107.193 ps Reaction : OH^0 (-744) + OH^0 (-910) -> H2O2^0 (-1119)
At time : 134.193 ps Reaction : H^0 (-1024) + OH^0 (-1023) -> No product
At time : 137.193 ps Reaction : H^0 (-1067) + e_aq^1 (-234) -> OH^-1 (-1120) + H_2^0 (-1121)
At time : 152.193 ps Reaction : e_aq^1 (-349) + OH^0 (-780) -> OH^-1 (-1122)
At time : 155.193 ps Reaction : OH^0 (-668) + OH^0 (-852) -> H2O2^0 (-1123)
At time : 158.193 ps Reaction : OH^0 (-1059) + OH^0 (-814) -> H2O2^0 (-1124)
At time : 191.193 ps Reaction : H^0 (-1005) + OH^0 (-898) -> No product
At time : 194.193 ps Reaction : OH^-1 (-1120) + H3O^1 (-819) -> No product
At time : 203.193 ps Reaction : OH^0 (-754) + OH^0 (-800) -> H2O2^0 (-1125)
At time : 206.193 ps Reaction : e_aq^1 (-417) + OH^0 (-756) -> OH^-1 (-1126)
At time : 212.193 ps Reaction : H3O^1 (-1006) + OH^-1 (-563) -> No product
At time : 215.193 ps Reaction : OH^0 (-973) + OH^0 (-1053) -> H2O2^0 (-1127)
At time : 254.193 ps Reaction : e_aq^1 (-416) + OH^0 (-792) -> OH^-1 (-1128)
At time : 269.193 ps Reaction : OH^-1 (-1126) + H3O^1 (-948) -> No product
At time : 320.193 ps Reaction : OH^0 (-1079) + H^0 (-1082) -> No product
At time : 338.193 ps Reaction : e_aq^1 (-99) + OH^0 (-969) -> OH^-1 (-1129)
At time : 347.193 ps Reaction : OH^0 (-796) + OH^0 (-932) -> H2O2^0 (-1130)
At time : 371.193 ps Reaction : OH^-1 (-1129) + H3O^1 (-855) -> No product
At time : 392.193 ps Reaction : e_aq^1 (-156) + H3O^1 (-875) -> H^0 (-1131)
At time : 410.193 ps Reaction : e_aq^1 (-525) + H3O^1 (-617) -> H^0 (-1132)
At time : 419.193 ps Reaction : OH^0 (-967) + H^0 (-968) -> No product
At time : 422.193 ps Reaction : e_aq^1 (-129) + OH^0 (-854) -> OH^-1 (-1133)
At time : 422.193 ps Reaction : H3O^1 (-853) + OH^-1 (-1133) -> No product
At time : 428.193 ps Reaction : e_aq^1 (-108) + OH^0 (-1012) -> OH^-1 (-1134)
At time : 428.193 ps Reaction : e_aq^1 (-167) + OH^0 (-842) -> OH^-1 (-1135)
At time : 428.193 ps Reaction : H3O^1 (-839) + OH^-1 (-1135) -> No product
At time : 464.193 ps Reaction : e_aq^1 (-133) + H^0 (-1009) -> OH^-1 (-1136) + H_2^0 (-1137)
At time : 473.193 ps Reaction : OH^-1 (-1128) + H3O^1 (-633) -> No product
At time : 506.193 ps Reaction : OH^0 (-1011) + OH^0 (-872) -> H2O2^0 (-1138)
At time : 521.193 ps Reaction : OH^0 (-716) + H^0 (-1132) -> No product
At time : 569.193 ps Reaction : e_aq^1 (-408) + OH^0 (-947) -> OH^-1 (-1139)
At time : 587.193 ps Reaction : OH^0 (-1033) + e_aq^1 (-376) -> OH^-1 (-1140)
At time : 599.193 ps Reaction : e_aq^1 (-395) + OH^0 (-760) -> OH^-1 (-1141)
At time : 645.826 ps Reaction : H3O^1 (-1031) + OH^-1 (-1141) -> No product
At time : 681.826 ps Reaction : OH^0 (-971) + OH^0 (-636) -> H2O2^0 (-1142)
At time : 684.826 ps Reaction : H^0 (-996) + OH^0 (-993) -> No product
At time : 717.826 ps Reaction : H^0 (-1088) + OH^0 (-1008) -> No product
At time : 720.826 ps Reaction : e_aq^1 (-338) + e_aq^1 (-375) -> OH^-1 (-1143) + OH^-1 (-1144) + H_2^0 (-1145)
At time : 741.826 ps Reaction : e_aq^1 (-421) + H3O^1 (-797) -> H^0 (-1146)
At time : 771.826 ps Reaction : e_aq^1 (-149) + OH^0 (-670) -> OH^-1 (-1147)
At time : 816.826 ps Reaction : e_aq^1 (-479) + OH^0 (-626) -> OH^-1 (-1148)
At time : 829.747 ps Reaction : H3O^1 (-869) + OH^-1 (-1134) -> No product
At time : 899.116 ps Reaction : H^0 (-1063) + e_aq^1 (-266) -> OH^-1 (-1149) + H_2^0 (-1150)
At time : 926.116 ps Reaction : OH^0 (-1090) + e_aq^1 (-112) -> OH^-1 (-1151)
At time : 926.116 ps Reaction : OH^-1 (-1151) + H3O^1 (-659) -> No product
At time : 962.116 ps Reaction : OH^0 (-1069) + OH^0 (-1095) -> H2O2^0 (-1152)
At time : 977.534 ps Reaction : OH^0 (-574) + OH^0 (-866) -> H2O2^0 (-1153)
At time : 999.497 ps Reaction : OH^0 (-561) + OH^0 (-770) -> H2O2^0 (-1154)
At time :  1.0325 ns Reaction : H3O^1 (-753) + OH^-1 (-1139) -> No product
At time :  1.0625 ns Reaction : e_aq^1 (-271) + H3O^1 (-809) -> H^0 (-1155)
At time :  1.1125 ns Reaction : e_aq^1 (-103) + OH^0 (-658) -> OH^-1 (-1156)
At time :  1.1725 ns Reaction : OH^0 (-914) + OH^0 (-965) -> H2O2^0 (-1157)
At time :  1.2025 ns Reaction : H3O^1 (-765) + OH^-1 (-1140) -> No product
At time :  1.2825 ns Reaction : e_aq^1 (-387) + OH^0 (-642) -> OH^-1 (-1158)
At time :  1.3025 ns Reaction : e_aq^1 (-240) + OH^0 (-682) -> OH^-1 (-1159)
At time :  1.3225 ns Reaction : e_aq^1 (-512) + H3O^1 (-942) -> H^0 (-1160)
At time :  1.4625 ns Reaction : OH^-1 (-1156) + H3O^1 (-865) -> No product
At time :  1.4625 ns Reaction : e_aq^1 (-213) + OH^0 (-820) -> OH^-1 (-1161)
At time :  1.4725 ns Reaction : OH^0 (-1043) + H^0 (-1044) -> No product
At time :  1.4825 ns Reaction : OH^0 (-1084) + e_aq^1 (-100) -> OH^-1 (-1162)
At time :  1.4825 ns Reaction : e_aq^1 (-212) + H3O^1 (-647) -> H^0 (-1163)
At time :  1.5125 ns Reaction : H3O^1 (-763) + OH^-1 (-1158) -> No product
At time :  1.5125 ns Reaction : H3O^1 (-657) + OH^-1 (-1136) -> No product
At time :  1.5925 ns Reaction : e_aq^1 (-192) + OH^0 (-958) -> OH^-1 (-1164)
At time : 1.64285 ns Reaction : H^0 (-1146) + OH^0 (-568) -> No product
At time : 1.80285 ns Reaction : e_aq^1 (-520) + H2O2^0 (-1109) -> OH^-1 (-1165) + OH^0 (-1166)
At time : 1.88285 ns Reaction : OH^0 (-1075) + H^0 (-1080) -> No product
At time : 1.92285 ns Reaction : e_aq^1 (-303) + H^0 (-1051) -> OH^-1 (-1167) + H_2^0 (-1168)
At time : 1.95285 ns Reaction : e_aq^1 (-152) + H3O^1 (-873) -> H^0 (-1169)
At time : 2.03285 ns Reaction : OH^-1 (-1165) + H3O^1 (-739) -> No product
At time : 2.07285 ns Reaction : e_aq^1 (-251) + H3O^1 (-811) -> H^0 (-1170)
At time : 2.09285 ns Reaction : H3O^1 (-679) + OH^-1 (-1161) -> No product
At time : 2.35285 ns Reaction : OH^0 (-664) + OH^0 (-666) -> H2O2^0 (-1171)
At time : 2.36285 ns Reaction : e_aq^1 (-191) + OH^0 (-832) -> OH^-1 (-1172)
At time : 2.42285 ns Reaction : e_aq^1 (-422) + H3O^1 (-749) -> H^0 (-1173)
At time : 3.00112 ns Reaction : OH^-1 (-1167) + H3O^1 (-687) -> No product
At time : 3.42353 ns Reaction : H^0 (-974) + e_aq^1 (-269) -> OH^-1 (-1174) + H_2^0 (-1175)
At time : 3.62986 ns Reaction : e_aq^1 (-231) + OH^0 (-578) -> OH^-1 (-1176)
At time : 3.78014 ns Reaction : H^0 (-1092) + OH^0 (-880) -> No product
At time : 3.90375 ns Reaction : H3O^1 (-1041) + e_aq^1 (-337) -> H^0 (-1177)
At time : 4.06464 ns Reaction : e_aq^1 (-410) + H^0 (-1028) -> OH^-1 (-1178) + H_2^0 (-1179)
At time : 4.12464 ns Reaction : e_aq^1 (-186) + OH^0 (-886) -> OH^-1 (-1180)
At time : 4.13464 ns Reaction : e_aq^1 (-509) + OH^0 (-941) -> OH^-1 (-1181)
At time : 4.13464 ns Reaction : H3O^1 (-741) + OH^-1 (-1181) -> No product
At time : 4.23464 ns Reaction : e_aq^1 (-232) + OH^0 (-828) -> OH^-1 (-1182)
At time : 4.64255 ns Reaction : e_aq^1 (-132) + OH^0 (-856) -> OH^-1 (-1183)
At time : 5.09628 ns Reaction : e_aq^1 (-339) + H3O^1 (-777) -> H^0 (-1184)
At time : 5.14628 ns Reaction : H^0 (-1034) + OH^0 (-1049) -> No product
At time : 5.18628 ns Reaction : OH^0 (-981) + e_aq^1 (-288) -> OH^-1 (-1185)
At time : 5.28628 ns Reaction : e_aq^1 (-214) + H3O^1 (-681) -> H^0 (-1186)
At time : 5.37628 ns Reaction : e_aq^1 (-367) + OH^0 (-1046) -> OH^-1 (-1187)
At time : 5.47707 ns Reaction : OH^-1 (-1147) + H3O^1 (-879) -> No product
At time :  6.0551 ns Reaction : e_aq^1 (-224) + H3O^1 (-823) -> H^0 (-1188)
At time :  6.0951 ns Reaction : OH^-1 (-1178) + H3O^1 (-579) -> No product
At time : 6.30682 ns Reaction : OH^0 (-652) + OH^0 (-858) -> H2O2^0 (-1189)
At time : 6.54051 ns Reaction : OH^-1 (-1122) + H3O^1 (-783) -> No product
At time : 6.58051 ns Reaction : OH^0 (-1042) + e_aq^1 (-352) -> OH^-1 (-1190)
At time : 6.61051 ns Reaction : OH^0 (-977) + e_aq^1 (-243) -> OH^-1 (-1191)
At time : 6.90051 ns Reaction : OH^0 (-580) + OH^0 (-748) -> H2O2^0 (-1192)
At time : 6.94051 ns Reaction : e_aq^1 (-409) + OH^0 (-555) -> OH^-1 (-1193)
At time : 7.14864 ns Reaction : e_aq^1 (-351) + H3O^1 (-789) -> H^0 (-1194)
At time : 7.59494 ns Reaction : e_aq^1 (-402) + H3O^1 (-595) -> H^0 (-1195)
At time : 7.73627 ns Reaction : e_aq^1 (-157) + OH^0 (-860) -> OH^-1 (-1196)
At time : 8.81862 ns Reaction : e_aq^1 (-113) + H3O^1 (-841) -> H^0 (-1197)
At time : 9.43428 ns Reaction : OH^-1 (-557) + H3O^1 (-637) -> No product
At time :  9.7931 ns Reaction : e_aq^1 (-95) + OH^0 (-662) -> OH^-1 (-1198)
At time :  9.8731 ns Reaction : e_aq^1 (-514) + OH^0 (-630) -> OH^-1 (-1199)
At time : 9.93486 ns Reaction : e_aq^1 (-407) + OH^0 (-1029) -> OH^-1 (-1200)
At time :  10.106 ns Reaction : e_aq^1 (-542) + OH^0 (-582) -> OH^-1 (-1201)
At time :  10.206 ns Reaction : OH^-1 (-1185) + H3O^1 (-813) -> No product
At time :  10.306 ns Reaction : e_aq^1 (-294) + H3O^1 (-901) -> H^0 (-1202)
At time :  10.406 ns Reaction : e_aq^1 (-96) + OH^0 (-938) -> OH^-1 (-1203)
At time :  11.006 ns Reaction : OH^0 (-1105) + e_aq^1 (-358) -> OH^-1 (-1204)
At time :  11.406 ns Reaction : H3O^1 (-573) + OH^-1 (-1203) -> No product
At time :  11.706 ns Reaction : OH^0 (-1002) + e_aq^1 (-284) -> OH^-1 (-1205)
At time :  11.806 ns Reaction : e_aq^1 (-360) + OH^0 (-776) -> OH^-1 (-1206)
At time :  12.506 ns Reaction : e_aq^1 (-229) + H3O^1 (-649) -> H^0 (-1207)
At time :  12.606 ns Reaction : OH^0 (-638) + OH^0 (-766) -> H2O2^0 (-1208)
At time :  12.906 ns Reaction : OH^0 (-616) + OH^0 (-724) -> H2O2^0 (-1209)
At time :  13.506 ns Reaction : OH^-1 (-1199) + H3O^1 (-729) -> No product
At time :  14.806 ns Reaction : e_aq^1 (-172) + OH^0 (-870) -> OH^-1 (-1210)
At time :  14.806 ns Reaction : e_aq^1 (-488) + H3O^1 (-623) -> H^0 (-1211)
At time :  15.506 ns Reaction : OH^0 (-1166) + OH^0 (-726) -> H2O2^0 (-1212)
At time :  15.606 ns Reaction : OH^0 (-1066) + OH^0 (-818) -> H2O2^0 (-1213)
At time :  15.906 ns Reaction : OH^0 (-1071) + e_aq^1 (-203) -> OH^-1 (-1214)
At time :  17.106 ns Reaction : e_aq^1 (-265) + OH^0 (-1062) -> OH^-1 (-1215)
At time :  17.206 ns Reaction : OH^-1 (-1206) + H3O^1 (-635) -> No product
At time :  18.606 ns Reaction : OH^-1 (-1162) + H3O^1 (-667) -> No product
At time :  19.606 ns Reaction : e_aq^1 (-434) + OH^0 (-906) -> OH^-1 (-1216)
At time :  19.806 ns Reaction : H3O^1 (-1056) + OH^-1 (-1174) -> No product
At time :  20.006 ns Reaction : OH^0 (-728) + OH^0 (-734) -> H2O2^0 (-1217)
At time :  20.306 ns Reaction : e_aq^1 (-357) + OH^0 (-778) -> OH^-1 (-1218)
At time :  20.806 ns Reaction : OH^-1 (-1218) + H3O^1 (-767) -> No product
At time :  21.506 ns Reaction : OH^-1 (-1215) + H3O^1 (-683) -> No product
At time : 23.5252 ns Reaction : OH^-1 (-1180) + H3O^1 (-885) -> No product
At time : 23.6252 ns Reaction : OH^0 (-1038) + e_aq^1 (-377) -> OH^-1 (-1219)
At time : 23.8252 ns Reaction : H^0 (-1016) + e_aq^1 (-444) -> OH^-1 (-1220) + H_2^0 (-1221)
At time : 26.5252 ns Reaction : OH^0 (-984) + e_aq^1 (-500) -> OH^-1 (-1222)
At time : 26.6252 ns Reaction : e_aq^1 (-295) + OH^0 (-902) -> OH^-1 (-1223)
At time : 26.7252 ns Reaction : H^0 (-1074) + e_aq^1 (-115) -> OH^-1 (-1224) + H_2^0 (-1225)
At time : 26.8252 ns Reaction : OH^-1 (-1222) + H3O^1 (-585) -> No product
At time : 27.6592 ns Reaction : e_aq^1 (-342) + H^0 (-1184) -> OH^-1 (-1226) + H_2^0 (-1227)
At time : 27.9592 ns Reaction : OH^0 (-1087) + OH^0 (-838) -> H2O2^0 (-1228)
At time : 28.6592 ns Reaction : OH^0 (-1081) + e_aq^1 (-140) -> OH^-1 (-1229)
At time : 28.9592 ns Reaction : OH^-1 (-1200) + H3O^1 (-769) -> No product
At time : 30.1592 ns Reaction : OH^0 (-1035) + OH^0 (-784) -> H2O2^0 (-1230)
At time : 31.1592 ns Reaction : e_aq^1 (-136) + OH^0 (-660) -> OH^-1 (-1231)
At time : 32.0592 ns Reaction : e_aq^1 (-452) + H^0 (-1099) -> OH^-1 (-1232) + H_2^0 (-1233)
At time : 34.5592 ns Reaction : e_aq^1 (-536) + H3O^1 (-581) -> H^0 (-1234)
At time : 35.3592 ns Reaction : OH^0 (-1077) + e_aq^1 (-97) -> OH^-1 (-1235)
At time : 35.4592 ns Reaction : H^0 (-994) + OH^0 (-632) -> No product
At time : 37.1592 ns Reaction : e_aq^1 (-181) + H3O^1 (-849) -> H^0 (-1236)
At time : 37.4592 ns Reaction : OH^0 (-558) + OH^0 (-790) -> H2O2^0 (-1237)
At time : 38.7592 ns Reaction : OH^0 (-640) + H^0 (-1177) -> No product
At time : 41.1592 ns Reaction : OH^0 (-604) + H^0 (-1207) -> No product
At time : 41.2592 ns Reaction : OH^0 (-1004) + OH^0 (-896) -> H2O2^0 (-1238)
At time : 44.9592 ns Reaction : OH^0 (-1060) + OH^0 (-564) -> H2O2^0 (-1239)
At time : 46.4712 ns Reaction : OH^0 (-1000) + H^0 (-1036) -> No product
At time : 48.2077 ns Reaction : OH^0 (-976) + OH^0 (-816) -> H2O2^0 (-1240)
At time : 49.3077 ns Reaction : e_aq^1 (-340) + H3O^1 (-761) -> H^0 (-1241)
At time : 50.2077 ns Reaction : OH^0 (-844) + H^0 (-1197) -> No product
At time : 54.6077 ns Reaction : OH^0 (-692) + OH^0 (-794) -> H2O2^0 (-1242)
At time : 57.2077 ns Reaction : H3O^1 (-1025) + OH^-1 (-1148) -> No product
At time : 57.2077 ns Reaction : e_aq^1 (-187) + OH^0 (-888) -> OH^-1 (-1243)
At time :  68.683 ns Reaction : e_aq^1 (-241) + e_aq^1 (-253) -> OH^-1 (-1244) + OH^-1 (-1245) + H_2^0 (-1246)
At time : 77.9238 ns Reaction : H3O^1 (-605) + OH^-1 (-1149) -> No product
At time : 81.0683 ns Reaction : H3O^1 (-1089) + OH^-1 (-1224) -> No product
At time : 82.1387 ns Reaction : e_aq^1 (-426) + H3O^1 (-933) -> H^0 (-1247)
At time : 84.1818 ns Reaction : e_aq^1 (-189) + OH^0 (-850) -> OH^-1 (-1248)
At time : 85.0312 ns Reaction : e_aq^1 (-159) + e_aq^1 (-183) -> OH^-1 (-1249) + OH^-1 (-1250) + H_2^0 (-1251)
At time : 86.4229 ns Reaction : e_aq^1 (-260) + H2O2^0 (-1239) -> OH^-1 (-1252) + OH^0 (-1253)
At time : 90.1365 ns Reaction : H^0 (-1030) + H^0 (-1001) -> H_2^0 (-1254)
At time : 103.426 ns Reaction : OH^-1 (-1176) + H3O^1 (-601) -> No product
At time : 114.557 ns Reaction : H^0 (-1236) + OH^0 (-836) -> No product
At time : 117.403 ns Reaction : e_aq^1 (-292) + H3O^1 (-643) -> H^0 (-1255)
At time : 120.301 ns Reaction : e_aq^1 (-122) + H3O^1 (-881) -> H^0 (-1256)
At time : 124.201 ns Reaction : OH^-1 (-1183) + H3O^1 (-833) -> No product
At time : 145.442 ns Reaction : e_aq^1 (-204) + e_aq^1 (-207) -> OH^-1 (-1257) + OH^-1 (-1258) + H_2^0 (-1259)
At time : 154.708 ns Reaction : e_aq^1 (-273) + H3O^1 (-1058) -> H^0 (-1260)
At time : 164.917 ns Reaction : e_aq^1 (-160) + H3O^1 (-883) -> H^0 (-1261)
At time : 165.217 ns Reaction : H3O^1 (-815) + OH^-1 (-1204) -> No product
At time : 198.014 ns Reaction : OH^0 (-1091) + e_aq^1 (-102) -> OH^-1 (-1262)
At time :  200.99 ns Reaction : OH^-1 (-1106) + H3O^1 (-891) -> No product
At time :  201.09 ns Reaction : OH^0 (-1032) + e_aq^1 (-304) -> OH^-1 (-1263)
At time : 215.594 ns Reaction : e_aq^1 (-134) + OH^0 (-868) -> OH^-1 (-1264)
At time : 233.149 ns Reaction : e_aq^1 (-170) + OH^0 (-846) -> OH^-1 (-1265)
At time : 237.379 ns Reaction : e_aq^1 (-524) + H3O^1 (-727) -> H^0 (-1266)
At time : 268.714 ns Reaction : e_aq^1 (-236) + H2O2^0 (-1238) -> OH^-1 (-1267) + OH^0 (-1268)
At time : 271.263 ns Reaction : OH^0 (-620) + OH^0 (-622) -> H2O2^0 (-1269)
At time : 276.783 ns Reaction : e_aq^1 (-163) + OH^0 (-878) -> OH^-1 (-1270)
At time : 278.626 ns Reaction : OH^0 (-826) + H^0 (-1188) -> No product
At time : 291.901 ns Reaction : e_aq^1 (-369) + H^0 (-1170) -> OH^-1 (-1271) + H_2^0 (-1272)
At time : 296.704 ns Reaction : OH^-1 (-1252) + H3O^1 (-867) -> No product
At time : 328.063 ns Reaction : H3O^1 (-645) + OH^-1 (-1249) -> No product
At time : 348.185 ns Reaction : e_aq^1 (-499) + H3O^1 (-945) -> H^0 (-1273)
At time : 369.498 ns Reaction : e_aq^1 (-391) + OH^0 (-752) -> OH^-1 (-1274)
At time : 406.507 ns Reaction : e_aq^1 (-480) + H3O^1 (-629) -> H^0 (-1275)
At time : 423.694 ns Reaction : e_aq^1 (-261) + OH^0 (-646) -> OH^-1 (-1276)
At time : 506.877 ns Reaction : e_aq^1 (-281) + H3O^1 (-567) -> H^0 (-1277)
At time : 519.233 ns Reaction : H3O^1 (-817) + OH^-1 (-1164) -> No product
At time : 520.725 ns Reaction : H^0 (-979) + e_aq^1 (-290) -> OH^-1 (-1278) + H_2^0 (-1279)
At time : 574.063 ns Reaction : OH^0 (-824) + e_aq^1 (-940) -> OH^-1 (-1280)
At time : 592.071 ns Reaction : e_aq^1 (-522) + OH^0 (-740) -> OH^-1 (-1281)
At time : 598.055 ns Reaction : e_aq^1 (-142) + OH^0 (-606) -> OH^-1 (-1282)
At time : 830.967 ns Reaction : e_aq^1 (-199) + OH^0 (-602) -> OH^-1 (-1283)
At time : 851.501 ns Reaction : H^0 (-1020) + e_aq^1 (-489) -> OH^-1 (-1284) + H_2^0 (-1285)
At time : 858.103 ns Reaction : e_aq^1 (-184) + H3O^1 (-847) -> H^0 (-1286)
*** G4Scheduler ends at time : 1 us
___________________________________
Graphics systems deleted.
Visualization Manager deleting...
