Environment variable "G4FORCE_RUN_MANAGER_TYPE" enabled with value == Serial. Forcing G4RunManager type...

        ############################################
        !!! WARNING - FPE detection is activated !!!
        ############################################


          ################################
          !!! G4Backtrace is activated !!!
          ################################


**************************************************************
 Geant4 version Name: geant4-11-02-ref-06    (28-June-2024)
                       Copyright : Geant4 Collaboration
                      References : NIM A 506 (2003), 250-303
                                 : IEEE-TNS 53 (2006), 270-278
                                 : NIM A 835 (2016), 186-225
                             WWW : http://geant4.org/
**************************************************************

===== dmparticle is started with 1 threads =====
LDMPhoton is created: m(GeV)= 0.5
Visualization Manager instantiating with verbosity "warnings (3)"...
Visualization Manager initialising...
Registering graphics systems...

You have successfully registered the following graphics systems.
Registered graphics systems are:
  ASCIITree (ATree)
  DAWNFILE (DAWNFILE)
  G4HepRepFile (HepRepFile)
  RayTracer (RayTracer)
  VRML2FILE (VRML2FILE)
  gMocrenFile (gMocrenFile)
  TOOLSSG_OFFSCREEN (TSG_OFFSCREEN)
  TOOLSSG_OFFSCREEN (TSG_OFFSCREEN, TSG_FILE)
  OpenGLImmediateQt (OGLIQt, OGLI)
  OpenGLStoredQt (OGLSQt, OGL, OGLS)
  OpenGLImmediateXm (OGLIXm, OGLIQt_FALLBACK)
  OpenGLStoredXm (OGLSXm, OGLSQt_FALLBACK)
  OpenGLImmediateX (OGLIX, OGLIQt_FALLBACK, OGLIXm_FALLBACK)
  OpenGLStoredX (OGLSX, OGLSQt_FALLBACK, OGLSXm_FALLBACK)
  RayTracerX (RayTracerX)
  Qt3D (Qt3D)
  TOOLSSG_X11_GLES (TSG_X11_GLES, TSGX11, TSG_XT_GLES_FALLBACK)
  TOOLSSG_X11_ZB (TSG_X11_ZB, TSGX11ZB)
  TOOLSSG_XT_GLES (TSG_XT_GLES, TSGXt, TSG_QT_GLES_FALLBACK)
  TOOLSSG_XT_ZB (TSG_XT_ZB, TSGXtZB)
  TOOLSSG_QT_GLES (TSG_QT_GLES, TSGQt, TSG)
  TOOLSSG_QT_ZB (TSG_QT_ZB, TSGQtZB)
You may choose a graphics system (driver) with a parameter of
the command "/vis/open" or "/vis/sceneHandler/create",
or you may omit the driver parameter and choose at run time:
- by argument in the construction of G4VisExecutive
- by environment variable "G4VIS_DEFAULT_DRIVER"
- by entry in "~/.g4session"
- by build flags.
- Note: This feature is not allowed in batch mode.
For further information see "examples/basic/B1/exampleB1.cc"
and "vis.mac".

Registering model factories...

You have successfully registered the following model factories.
Registered model factories:
  generic
  drawByAttribute
  drawByCharge
  drawByOriginVolume
  drawByParticleID
  drawByEncounteredVolume

Registered models:
  None

Registered filter factories:
  attributeFilter
  chargeFilter
  originVolumeFilter
  particleFilter
  encounteredVolumeFilter

Registered filters:
  None

You have successfully registered the following user vis actions.
Run Duration User Vis Actions: none
End of Event User Vis Actions: none
End of Run User Vis Actions: none

Some /vis commands (optionally) take a string to specify colour.
"/vis/list" to see available colours.
/run/verbose 1
/tracking/verbose 0
/testex/det/setMat G4_W
/testex/det/setSizeZ 130 cm
/testex/det/setSizeXY 30 cm
/process/em/verbose 1
/testex/phys/addPhysics emstandard_opt0
/run/initialize

---------------------------------------------------------
---> The Absorber is 1.3 m   of G4_W

---------------------------------------------------------
 PhysicsList::AddDarkMatter: 1
/run/printProgress 10
/gun/particle proton
/run/beamOn 100
=======================================================================
======                 Electromagnetic Physics Parameters      ========
=======================================================================
LPM effect enabled                                 1
Enable creation and use of sampling tables         0
Apply cuts on all EM processes                     0
Use combined TransportationWithMsc                 Disabled
Use general process                                1
Enable linear polarisation for gamma               0
Enable photoeffect sampling below K-shell          1
Enable sampling of quantum entanglement            0
X-section factor for integral approach             0.8
Min kinetic energy for tables                      100 eV 
Max kinetic energy for tables                      100 TeV
Number of bins per decade of a table               7
Verbose level                                      1
Verbose level for worker thread                    0
Bremsstrahlung energy threshold above which 
  primary e+- is added to the list of secondary    100 TeV
Bremsstrahlung energy threshold above which primary
  muon/hadron is added to the list of secondary    100 TeV
Lowest triplet kinetic energy                      1 MeV
Enable sampling of gamma linear polarisation       0
5D gamma conversion model type                     0
5D gamma conversion model on isolated ion          0
Livermore data directory                           epics_2017
=======================================================================
======                 Ionisation Parameters                   ========
=======================================================================
Step function for e+-                              (0.2, 1 mm)
Step function for muons/hadrons                    (0.2, 0.1 mm)
Step function for light ions                       (0.2, 0.1 mm)
Step function for general ions                     (0.2, 0.1 mm)
Lowest e+e- kinetic energy                         1 keV
Lowest muon/hadron kinetic energy                  1 keV
Use ICRU90 data                                    0
Fluctuations of dE/dx are enabled                  1
Type of fluctuation model for leptons and hadrons  Urban
Use built-in Birks satuaration                     0
Build CSDA range enabled                           0
Use cut as a final range enabled                   0
Enable angular generator interface                 0
Max kinetic energy for CSDA tables                 1 GeV
Max kinetic energy for NIEL computation            0 eV 
Linear loss limit                                  0.01
Read data from file for e+e- pair production by mu 0
=======================================================================
======                 Multiple Scattering Parameters          ========
=======================================================================
Type of msc step limit algorithm for e+-           1
Type of msc step limit algorithm for muons/hadrons 0
Msc lateral displacement for e+- enabled           1
Msc lateral displacement for muons and hadrons     0
Urban msc model lateral displacement alg96         1
Range factor for msc step limit for e+-            0.04
Range factor for msc step limit for muons/hadrons  0.2
Geometry factor for msc step limitation of e+-     2.5
Safety factor for msc step limit for e+-           0.6
Skin parameter for msc step limitation of e+-      1
Lambda limit for msc step limit for e+-            1 mm
Use Mott correction for e- scattering              0
Factor used for dynamic computation of angular 
  limit between single and multiple scattering     1
Fixed angular limit between single 
  and multiple scattering                          3.1416 rad
Upper energy limit for e+- multiple scattering     100 MeV
Type of electron single scattering model           0
Type of nuclear form-factor                        1
Screening factor                                   1
=======================================================================

phot:  for gamma SubType=12 BuildTable=0
      LambdaPrime table from 200 keV to 100 TeV in 61 bins 
      ===== EM models for the G4Region  DefaultRegionForTheWorld ======
 LivermorePhElectric : Emin=    0 eV  Emax=  100 TeV  SauterGavrila Fluo

compt:  for gamma SubType=13 BuildTable=1
      Lambda table from 100 eV  to 1 MeV, 7 bins/decade, spline: 1
      LambdaPrime table from 1 MeV to 100 TeV in 56 bins 
      ===== EM models for the G4Region  DefaultRegionForTheWorld ======
       Klein-Nishina : Emin=    0 eV  Emax=  100 TeV

conv:  for gamma SubType=14 BuildTable=1
      Lambda table from 1.022 MeV to 100 TeV, 18 bins/decade, spline: 1
      ===== EM models for the G4Region  DefaultRegionForTheWorld ======
     BetheHeitlerLPM : Emin=    0 eV  Emax=  100 TeV  ModifiedTsai

Rayl:  for gamma SubType=11 BuildTable=1
      Lambda table from 100 eV  to 150 keV, 7 bins/decade, spline: 0
      LambdaPrime table from 150 keV to 100 TeV in 62 bins 
      ===== EM models for the G4Region  DefaultRegionForTheWorld ======
   LivermoreRayleigh : Emin=    0 eV  Emax=  100 TeV  CullenGenerator

msc:  for e-  SubType= 10
      ===== EM models for the G4Region  DefaultRegionForTheWorld ======
            UrbanMsc : Emin=    0 eV  Emax=  100 MeV Nbins=42 100 eV  - 100 MeV
          StepLim=UseSafety Rfact=0.04 Gfact=2.5 Sfact=0.6 DispFlag:1 Skin=1 Llim=1 mm
        WentzelVIUni : Emin=  100 MeV Emax=  100 TeV Nbins=42 100 MeV - 100 TeV
          StepLim=UseSafety Rfact=0.04 Gfact=2.5 Sfact=0.6 DispFlag:1 Skin=1 Llim=1 mm

eIoni:  for e-  XStype:3  SubType=2
      dE/dx and range tables from 100 eV  to 100 TeV in 84 bins
      Lambda tables from threshold to 100 TeV, 7 bins/decade, spline: 1
      StepFunction=(0.2, 1 mm), integ: 3, fluct: 1, linLossLim= 0.01
      ===== EM models for the G4Region  DefaultRegionForTheWorld ======
        MollerBhabha : Emin=    0 eV  Emax=  100 TeV

eBrem:  for e-  XStype:4  SubType=3
      dE/dx and range tables from 100 eV  to 100 TeV in 84 bins
      Lambda tables from threshold to 100 TeV, 7 bins/decade, spline: 1
      LPM flag: 1 for E > 1 GeV,  VertexHighEnergyTh(GeV)= 100000
      ===== EM models for the G4Region  DefaultRegionForTheWorld ======
             eBremSB : Emin=    0 eV  Emax=    1 GeV  ModifiedTsai
            eBremLPM : Emin=    1 GeV Emax=  100 TeV  ModifiedTsai

CoulombScat:  for e- XStype:1 SubType=1 BuildTable=1
      Lambda table from 100 MeV to 100 TeV, 7 bins/decade, spline: 0
      ThetaMin(p) < Theta(degree) < 180, pLimit(GeV^1)= 0.139531
      ===== EM models for the G4Region  DefaultRegionForTheWorld ======
  eCoulombScattering : Emin=  100 MeV Emax=  100 TeV

msc:  for e+  SubType= 10
      ===== EM models for the G4Region  DefaultRegionForTheWorld ======
            UrbanMsc : Emin=    0 eV  Emax=  100 MeV Nbins=42 100 eV  - 100 MeV
          StepLim=UseSafety Rfact=0.04 Gfact=2.5 Sfact=0.6 DispFlag:1 Skin=1 Llim=1 mm
        WentzelVIUni : Emin=  100 MeV Emax=  100 TeV Nbins=42 100 MeV - 100 TeV
          StepLim=UseSafety Rfact=0.04 Gfact=2.5 Sfact=0.6 DispFlag:1 Skin=1 Llim=1 mm

eIoni:  for e+  XStype:3  SubType=2
      dE/dx and range tables from 100 eV  to 100 TeV in 84 bins
      Lambda tables from threshold to 100 TeV, 7 bins/decade, spline: 1
      StepFunction=(0.2, 1 mm), integ: 3, fluct: 1, linLossLim= 0.01
      ===== EM models for the G4Region  DefaultRegionForTheWorld ======
        MollerBhabha : Emin=    0 eV  Emax=  100 TeV

eBrem:  for e+  XStype:4  SubType=3
      dE/dx and range tables from 100 eV  to 100 TeV in 84 bins
      Lambda tables from threshold to 100 TeV, 7 bins/decade, spline: 1
      LPM flag: 1 for E > 1 GeV,  VertexHighEnergyTh(GeV)= 100000
      ===== EM models for the G4Region  DefaultRegionForTheWorld ======
             eBremSB : Emin=    0 eV  Emax=    1 GeV  ModifiedTsai
            eBremLPM : Emin=    1 GeV Emax=  100 TeV  ModifiedTsai

annihil:  for e+ XStype:2 SubType=5 AtRestModel:Simple BuildTable=0
      ===== EM models for the G4Region  DefaultRegionForTheWorld ======
            eplus2gg : Emin=    0 eV  Emax=  100 TeV

CoulombScat:  for e+ XStype:1 SubType=1 BuildTable=1
      Lambda table from 100 MeV to 100 TeV, 7 bins/decade, spline: 0
      ThetaMin(p) < Theta(degree) < 180, pLimit(GeV^1)= 0.139531
      ===== EM models for the G4Region  DefaultRegionForTheWorld ======
  eCoulombScattering : Emin=  100 MeV Emax=  100 TeV

msc:  for proton  SubType= 10
      ===== EM models for the G4Region  DefaultRegionForTheWorld ======
        WentzelVIUni : Emin=    0 eV  Emax=  100 TeV Nbins=84 100 eV  - 100 TeV
          StepLim=Minimal Rfact=0.2 Gfact=2.5 Sfact=0.6 DispFlag:0 Skin=1 Llim=1 mm

hIoni:  for proton  XStype:3  SubType=2
      dE/dx and range tables from 100 eV  to 100 TeV in 84 bins
      Lambda tables from threshold to 100 TeV, 7 bins/decade, spline: 1
      StepFunction=(0.2, 0.1 mm), integ: 3, fluct: 1, linLossLim= 0.01
      ===== EM models for the G4Region  DefaultRegionForTheWorld ======
               Bragg : Emin=    0 eV  Emax=    2 MeV
          BetheBloch : Emin=    2 MeV Emax=  100 TeV

hBrems:  for proton  XStype:1  SubType=3
      dE/dx and range tables from 100 eV  to 100 TeV in 84 bins
      Lambda tables from threshold to 100 TeV, 7 bins/decade, spline: 1
      ===== EM models for the G4Region  DefaultRegionForTheWorld ======
               hBrem : Emin=    0 eV  Emax=  100 TeV  ModifiedMephi
      ===== Limit on energy threshold has been applied 

hPairProd:  for proton  XStype:1  SubType=4
      dE/dx and range tables from 100 eV  to 100 TeV in 84 bins
      Lambda tables from threshold to 100 TeV, 7 bins/decade, spline: 1
      Sampling table 17x1001 from 7.50618 GeV to 100 TeV 
      ===== EM models for the G4Region  DefaultRegionForTheWorld ======
           hPairProd : Emin=    0 eV  Emax=  100 TeV  ModifiedMephi

CoulombScat:  for proton XStype:1 SubType=1 BuildTable=1
      Lambda table from threshold  to 100 TeV, 7 bins/decade, spline: 0
      ThetaMin(p) < Theta(degree) < 180, pLimit(GeV^1)= 0.139531
      ===== EM models for the G4Region  DefaultRegionForTheWorld ======
  eCoulombScattering : Emin=    0 eV  Emax=  100 TeV

ldmBrems:  for proton  XStype:1  SubType=3
      dE/dx and range tables from 100 eV  to 100 TeV in 84 bins
      Lambda tables from threshold to 100 TeV, 7 bins/decade, spline: 1
      ===== EM models for the G4Region  DefaultRegionForTheWorld ======
             ldmBrem : Emin=    0 eV  Emax=  100 TeV  ModifiedMephi
      ===== Limit on energy threshold has been applied 

msc:  for GenericIon  SubType= 10
      ===== EM models for the G4Region  DefaultRegionForTheWorld ======
            UrbanMsc : Emin=    0 eV  Emax=  100 TeV
          StepLim=Minimal Rfact=0.2 Gfact=2.5 Sfact=0.6 DispFlag:0 Skin=1 Llim=1 mm

ionIoni:  for GenericIon  XStype:3  SubType=2
      dE/dx and range tables from 100 eV  to 100 TeV in 84 bins
      Lambda tables from threshold to 100 TeV, 7 bins/decade, spline: 1
      StepFunction=(0.2, 0.1 mm), integ: 3, fluct: 1, linLossLim= 0.02
      ===== EM models for the G4Region  DefaultRegionForTheWorld ======
            BraggIon : Emin=    0 eV  Emax=    2 MeV
          BetheBloch : Emin=    2 MeV Emax=  100 TeV

msc:  for alpha  SubType= 10
      ===== EM models for the G4Region  DefaultRegionForTheWorld ======
            UrbanMsc : Emin=    0 eV  Emax=  100 TeV
          StepLim=Minimal Rfact=0.2 Gfact=2.5 Sfact=0.6 DispFlag:0 Skin=1 Llim=1 mm

ionIoni:  for alpha  XStype:3  SubType=2
      dE/dx and range tables from 100 eV  to 100 TeV in 84 bins
      Lambda tables from threshold to 100 TeV, 7 bins/decade, spline: 1
      StepFunction=(0.2, 0.1 mm), integ: 3, fluct: 1, linLossLim= 0.02
      ===== EM models for the G4Region  DefaultRegionForTheWorld ======
            BraggIon : Emin=    0 eV  Emax=7.9452 MeV
          BetheBloch : Emin=7.9452 MeV Emax=  100 TeV

msc:  for anti_proton  SubType= 10
      ===== EM models for the G4Region  DefaultRegionForTheWorld ======
        WentzelVIUni : Emin=    0 eV  Emax=  100 TeV Nbins=84 100 eV  - 100 TeV
          StepLim=Minimal Rfact=0.2 Gfact=2.5 Sfact=0.6 DispFlag:0 Skin=1 Llim=1 mm

hIoni:  for anti_proton  XStype:3  SubType=2
      dE/dx and range tables from 100 eV  to 100 TeV in 84 bins
      Lambda tables from threshold to 100 TeV, 7 bins/decade, spline: 1
      StepFunction=(0.2, 0.1 mm), integ: 3, fluct: 1, linLossLim= 0.01
      ===== EM models for the G4Region  DefaultRegionForTheWorld ======
            ICRU73QO : Emin=    0 eV  Emax=    2 MeV
          BetheBloch : Emin=    2 MeV Emax=  100 TeV

hBrems:  for anti_proton  XStype:1  SubType=3
      dE/dx and range tables from 100 eV  to 100 TeV in 84 bins
      Lambda tables from threshold to 100 TeV, 7 bins/decade, spline: 1
      ===== EM models for the G4Region  DefaultRegionForTheWorld ======
               hBrem : Emin=    0 eV  Emax=  100 TeV  ModifiedMephi
      ===== Limit on energy threshold has been applied 

hPairProd:  for anti_proton  XStype:1  SubType=4
      dE/dx and range tables from 100 eV  to 100 TeV in 84 bins
      Lambda tables from threshold to 100 TeV, 7 bins/decade, spline: 1
      Sampling table 17x1001 from 7.50618 GeV to 100 TeV 
      ===== EM models for the G4Region  DefaultRegionForTheWorld ======
           hPairProd : Emin=    0 eV  Emax=  100 TeV  ModifiedMephi

CoulombScat:  for anti_proton XStype:1 SubType=1 BuildTable=1
      Lambda table from threshold  to 100 TeV, 7 bins/decade, spline: 0
      ThetaMin(p) < Theta(degree) < 180, pLimit(GeV^1)= 0.139531
      ===== EM models for the G4Region  DefaultRegionForTheWorld ======
  eCoulombScattering : Emin=    0 eV  Emax=  100 TeV

msc:  for kaon+  SubType= 10
      ===== EM models for the G4Region  DefaultRegionForTheWorld ======
        WentzelVIUni : Emin=    0 eV  Emax=  100 TeV Nbins=84 100 eV  - 100 TeV
          StepLim=Minimal Rfact=0.2 Gfact=2.5 Sfact=0.6 DispFlag:0 Skin=1 Llim=1 mm

hIoni:  for kaon+  XStype:3  SubType=2
      dE/dx and range tables from 100 eV  to 100 TeV in 84 bins
      Lambda tables from threshold to 100 TeV, 7 bins/decade, spline: 1
      StepFunction=(0.2, 0.1 mm), integ: 3, fluct: 1, linLossLim= 0.01
      ===== EM models for the G4Region  DefaultRegionForTheWorld ======
               Bragg : Emin=    0 eV  Emax=1.05231 MeV
          BetheBloch : Emin=1.05231 MeV Emax=  100 TeV

hBrems:  for kaon+  XStype:1  SubType=3
      dE/dx and range tables from 100 eV  to 100 TeV in 84 bins
      Lambda tables from threshold to 100 TeV, 7 bins/decade, spline: 1
      ===== EM models for the G4Region  DefaultRegionForTheWorld ======
               hBrem : Emin=    0 eV  Emax=  100 TeV  ModifiedMephi
      ===== Limit on energy threshold has been applied 

hPairProd:  for kaon+  XStype:1  SubType=4
      dE/dx and range tables from 100 eV  to 100 TeV in 84 bins
      Lambda tables from threshold to 100 TeV, 7 bins/decade, spline: 1
      Sampling table 18x1001 from 3.94942 GeV to 100 TeV 
      ===== EM models for the G4Region  DefaultRegionForTheWorld ======
           hPairProd : Emin=    0 eV  Emax=  100 TeV  ModifiedMephi

CoulombScat:  for kaon+ XStype:1 SubType=1 BuildTable=1
      Lambda table from threshold  to 100 TeV, 7 bins/decade, spline: 0
      ThetaMin(p) < Theta(degree) < 180, pLimit(GeV^1)= 0.139531
      ===== EM models for the G4Region  DefaultRegionForTheWorld ======
  eCoulombScattering : Emin=    0 eV  Emax=  100 TeV

msc:  for kaon-  SubType= 10
      ===== EM models for the G4Region  DefaultRegionForTheWorld ======
        WentzelVIUni : Emin=    0 eV  Emax=  100 TeV Nbins=84 100 eV  - 100 TeV
          StepLim=Minimal Rfact=0.2 Gfact=2.5 Sfact=0.6 DispFlag:0 Skin=1 Llim=1 mm

hIoni:  for kaon-  XStype:3  SubType=2
      dE/dx and range tables from 100 eV  to 100 TeV in 84 bins
      Lambda tables from threshold to 100 TeV, 7 bins/decade, spline: 1
      StepFunction=(0.2, 0.1 mm), integ: 3, fluct: 1, linLossLim= 0.01
      ===== EM models for the G4Region  DefaultRegionForTheWorld ======
            ICRU73QO : Emin=    0 eV  Emax=1.05231 MeV
          BetheBloch : Emin=1.05231 MeV Emax=  100 TeV

hBrems:  for kaon-  XStype:1  SubType=3
      dE/dx and range tables from 100 eV  to 100 TeV in 84 bins
      Lambda tables from threshold to 100 TeV, 7 bins/decade, spline: 1
      ===== EM models for the G4Region  DefaultRegionForTheWorld ======
               hBrem : Emin=    0 eV  Emax=  100 TeV  ModifiedMephi
      ===== Limit on energy threshold has been applied 

hPairProd:  for kaon-  XStype:1  SubType=4
      dE/dx and range tables from 100 eV  to 100 TeV in 84 bins
      Lambda tables from threshold to 100 TeV, 7 bins/decade, spline: 1
      Sampling table 18x1001 from 3.94942 GeV to 100 TeV 
      ===== EM models for the G4Region  DefaultRegionForTheWorld ======
           hPairProd : Emin=    0 eV  Emax=  100 TeV  ModifiedMephi

CoulombScat:  for kaon- XStype:1 SubType=1 BuildTable=1
      Used Lambda table of kaon+
      ThetaMin(p) < Theta(degree) < 180, pLimit(GeV^1)= 0.139531
      ===== EM models for the G4Region  DefaultRegionForTheWorld ======
  eCoulombScattering : Emin=    0 eV  Emax=  100 TeV

msc:  for mu+  SubType= 10
      ===== EM models for the G4Region  DefaultRegionForTheWorld ======
        WentzelVIUni : Emin=    0 eV  Emax=  100 TeV Nbins=84 100 eV  - 100 TeV
          StepLim=Minimal Rfact=0.2 Gfact=2.5 Sfact=0.6 DispFlag:0 Skin=1 Llim=1 mm

muIoni:  for mu+  XStype:3  SubType=2
      dE/dx and range tables from 100 eV  to 100 TeV in 84 bins
      Lambda tables from threshold to 100 TeV, 7 bins/decade, spline: 1
      StepFunction=(0.2, 0.1 mm), integ: 3, fluct: 1, linLossLim= 0.01
      ===== EM models for the G4Region  DefaultRegionForTheWorld ======
               Bragg : Emin=    0 eV  Emax=  200 keV
        MuBetheBloch : Emin=  200 keV Emax=  100 TeV

muBrems:  for mu+  XStype:1  SubType=3
      dE/dx and range tables from 100 eV  to 100 TeV in 84 bins
      Lambda tables from threshold to 100 TeV, 7 bins/decade, spline: 1
      ===== EM models for the G4Region  DefaultRegionForTheWorld ======
              MuBrem : Emin=    0 eV  Emax=  100 TeV  ModifiedMephi
      ===== Limit on energy threshold has been applied 

muPairProd:  for mu+  XStype:1  SubType=4
      dE/dx and range tables from 100 eV  to 100 TeV in 84 bins
      Lambda tables from threshold to 100 TeV, 7 bins/decade, spline: 1
      Sampling table 21x1001 from 0.85 GeV to 100 TeV 
      ===== EM models for the G4Region  DefaultRegionForTheWorld ======
          muPairProd : Emin=    0 eV  Emax=  100 TeV  ModifiedMephi

CoulombScat:  for mu+ XStype:1 SubType=1 BuildTable=1
      Lambda table from threshold  to 100 TeV, 7 bins/decade, spline: 0
      ThetaMin(p) < Theta(degree) < 180, pLimit(GeV^1)= 0.139531
      ===== EM models for the G4Region  DefaultRegionForTheWorld ======
  eCoulombScattering : Emin=    0 eV  Emax=  100 TeV

msc:  for mu-  SubType= 10
      ===== EM models for the G4Region  DefaultRegionForTheWorld ======
        WentzelVIUni : Emin=    0 eV  Emax=  100 TeV Nbins=84 100 eV  - 100 TeV
          StepLim=Minimal Rfact=0.2 Gfact=2.5 Sfact=0.6 DispFlag:0 Skin=1 Llim=1 mm

muIoni:  for mu-  XStype:3  SubType=2
      dE/dx and range tables from 100 eV  to 100 TeV in 84 bins
      Lambda tables from threshold to 100 TeV, 7 bins/decade, spline: 1
      StepFunction=(0.2, 0.1 mm), integ: 3, fluct: 1, linLossLim= 0.01
      ===== EM models for the G4Region  DefaultRegionForTheWorld ======
            ICRU73QO : Emin=    0 eV  Emax=  200 keV
        MuBetheBloch : Emin=  200 keV Emax=  100 TeV

muBrems:  for mu-  XStype:1  SubType=3
      dE/dx and range tables from 100 eV  to 100 TeV in 84 bins
      Lambda tables from threshold to 100 TeV, 7 bins/decade, spline: 1
      ===== EM models for the G4Region  DefaultRegionForTheWorld ======
              MuBrem : Emin=    0 eV  Emax=  100 TeV  ModifiedMephi
      ===== Limit on energy threshold has been applied 

muPairProd:  for mu-  XStype:1  SubType=4
      dE/dx and range tables from 100 eV  to 100 TeV in 84 bins
      Lambda tables from threshold to 100 TeV, 7 bins/decade, spline: 1
      Sampling table 21x1001 from 0.85 GeV to 100 TeV 
      ===== EM models for the G4Region  DefaultRegionForTheWorld ======
          muPairProd : Emin=    0 eV  Emax=  100 TeV  ModifiedMephi

CoulombScat:  for mu- XStype:1 SubType=1 BuildTable=1
      Used Lambda table of mu+
      ThetaMin(p) < Theta(degree) < 180, pLimit(GeV^1)= 0.139531
      ===== EM models for the G4Region  DefaultRegionForTheWorld ======
  eCoulombScattering : Emin=    0 eV  Emax=  100 TeV

msc:  for pi+  SubType= 10
      ===== EM models for the G4Region  DefaultRegionForTheWorld ======
        WentzelVIUni : Emin=    0 eV  Emax=  100 TeV Nbins=84 100 eV  - 100 TeV
          StepLim=Minimal Rfact=0.2 Gfact=2.5 Sfact=0.6 DispFlag:0 Skin=1 Llim=1 mm

hIoni:  for pi+  XStype:3  SubType=2
      dE/dx and range tables from 100 eV  to 100 TeV in 84 bins
      Lambda tables from threshold to 100 TeV, 7 bins/decade, spline: 1
      StepFunction=(0.2, 0.1 mm), integ: 3, fluct: 1, linLossLim= 0.01
      ===== EM models for the G4Region  DefaultRegionForTheWorld ======
               Bragg : Emin=    0 eV  Emax=297.505 keV
          BetheBloch : Emin=297.505 keV Emax=  100 TeV

hBrems:  for pi+  XStype:1  SubType=3
      dE/dx and range tables from 100 eV  to 100 TeV in 84 bins
      Lambda tables from threshold to 100 TeV, 7 bins/decade, spline: 1
      ===== EM models for the G4Region  DefaultRegionForTheWorld ======
               hBrem : Emin=    0 eV  Emax=  100 TeV  ModifiedMephi
      ===== Limit on energy threshold has been applied 

hPairProd:  for pi+  XStype:1  SubType=4
      dE/dx and range tables from 100 eV  to 100 TeV in 84 bins
      Lambda tables from threshold to 100 TeV, 7 bins/decade, spline: 1
      Sampling table 20x1001 from 1.11656 GeV to 100 TeV 
      ===== EM models for the G4Region  DefaultRegionForTheWorld ======
           hPairProd : Emin=    0 eV  Emax=  100 TeV  ModifiedMephi

CoulombScat:  for pi+ XStype:1 SubType=1 BuildTable=1
      Lambda table from threshold  to 100 TeV, 7 bins/decade, spline: 0
      ThetaMin(p) < Theta(degree) < 180, pLimit(GeV^1)= 0.139531
      ===== EM models for the G4Region  DefaultRegionForTheWorld ======
  eCoulombScattering : Emin=    0 eV  Emax=  100 TeV

msc:  for pi-  SubType= 10
      ===== EM models for the G4Region  DefaultRegionForTheWorld ======
        WentzelVIUni : Emin=    0 eV  Emax=  100 TeV Nbins=84 100 eV  - 100 TeV
          StepLim=Minimal Rfact=0.2 Gfact=2.5 Sfact=0.6 DispFlag:0 Skin=1 Llim=1 mm

hIoni:  for pi-  XStype:3  SubType=2
      dE/dx and range tables from 100 eV  to 100 TeV in 84 bins
      Lambda tables from threshold to 100 TeV, 7 bins/decade, spline: 1
      StepFunction=(0.2, 0.1 mm), integ: 3, fluct: 1, linLossLim= 0.01
      ===== EM models for the G4Region  DefaultRegionForTheWorld ======
            ICRU73QO : Emin=    0 eV  Emax=297.505 keV
          BetheBloch : Emin=297.505 keV Emax=  100 TeV

hBrems:  for pi-  XStype:1  SubType=3
      dE/dx and range tables from 100 eV  to 100 TeV in 84 bins
      Lambda tables from threshold to 100 TeV, 7 bins/decade, spline: 1
      ===== EM models for the G4Region  DefaultRegionForTheWorld ======
               hBrem : Emin=    0 eV  Emax=  100 TeV  ModifiedMephi
      ===== Limit on energy threshold has been applied 

hPairProd:  for pi-  XStype:1  SubType=4
      dE/dx and range tables from 100 eV  to 100 TeV in 84 bins
      Lambda tables from threshold to 100 TeV, 7 bins/decade, spline: 1
      Sampling table 20x1001 from 1.11656 GeV to 100 TeV 
      ===== EM models for the G4Region  DefaultRegionForTheWorld ======
           hPairProd : Emin=    0 eV  Emax=  100 TeV  ModifiedMephi

CoulombScat:  for pi- XStype:1 SubType=1 BuildTable=1
      Used Lambda table of pi+
      ThetaMin(p) < Theta(degree) < 180, pLimit(GeV^1)= 0.139531
      ===== EM models for the G4Region  DefaultRegionForTheWorld ======
  eCoulombScattering : Emin=    0 eV  Emax=  100 TeV

========= Table of registered couples ============================

Index : 0     used in the geometry : Yes
 Material : G4_Galactic
 Range cuts        :  gamma  1 mm     e-  1 mm     e+  1 mm  proton 1 mm 
 Energy thresholds :  gamma  100 eV     e-  100 eV     e+  100 eV  proton 100 keV
 Region(s) which use this couple : 
    DefaultRegionForTheWorld

Index : 1     used in the geometry : Yes
 Material : G4_W
 Range cuts        :  gamma  1 mm     e-  1 mm     e+  1 mm  proton 1 mm 
 Energy thresholds :  gamma  106.434 keV    e-  2.31006 MeV    e+  2.14592 MeV proton 100 keV
 Region(s) which use this couple : 
    DefaultRegionForTheWorld

==================================================================

G4VisManager: Using G4TrajectoryDrawByCharge as fallback trajectory model.
See commands in /vis/modeling/trajectories/ for other options.
### Run 0 starts.
### Run 0 start analysis activation: 
    BinsE= 100   Emax(keV)= 1e+08
... set ntuple merging row mode : row-wise - done
... create file : dmp.root - done
... open analysis file : dmp.root - done
... open analysis file : dmp.root - done
--> Event 0 starts.
Event = 0 z0 = -779.999  Primary direction = (0,0,1)
### New exotic particle produced: ldmphoton Ekin(GeV)= 2.96969 Mass(GeV)= 0.5 TrackId= 18
### New exotic particle produced: ldmphoton Ekin(GeV)= 16.404 Mass(GeV)= 0.5 TrackId= 30
### New exotic particle produced: ldmphoton Ekin(GeV)= 30.2808 Mass(GeV)= 0.5 TrackId= 41
### New exotic particle produced: ldmphoton Ekin(GeV)= 1.89827 Mass(GeV)= 0.5 TrackId= 45
### New exotic particle produced: ldmphoton Ekin(GeV)= 1.88291 Mass(GeV)= 0.5 TrackId= 54
### New exotic particle produced: ldmphoton Ekin(GeV)= 7.04501 Mass(GeV)= 0.5 TrackId= 59
### New exotic particle produced: ldmphoton Ekin(GeV)= 0.894835 Mass(GeV)= 0.5 TrackId= 8
### New exotic particle produced: ldmphoton Ekin(GeV)= 30.2745 Mass(GeV)= 0.5 TrackId= 11
### New exotic particle produced: ldmphoton Ekin(GeV)= 4.26739 Mass(GeV)= 0.5 TrackId= 26
### New exotic particle produced: ldmphoton Ekin(GeV)= 1.60184 Mass(GeV)= 0.5 TrackId= 53
### New exotic particle produced: ldmphoton Ekin(GeV)= 2.50666 Mass(GeV)= 0.5 TrackId= 64
### New exotic particle produced: ldmphoton Ekin(GeV)= 4.12541 Mass(GeV)= 0.5 TrackId= 77
### New exotic particle produced: ldmphoton Ekin(GeV)= 20.0172 Mass(GeV)= 0.5 TrackId= 78
### New exotic particle produced: ldmphoton Ekin(GeV)= 3.59196 Mass(GeV)= 0.5 TrackId= 81
### New exotic particle produced: ldmphoton Ekin(GeV)= 1.33804 Mass(GeV)= 0.5 TrackId= 85
### New exotic particle produced: ldmphoton Ekin(GeV)= 3.60217 Mass(GeV)= 0.5 TrackId= 3
### New exotic particle produced: ldmphoton Ekin(GeV)= 35.8531 Mass(GeV)= 0.5 TrackId= 10
### New exotic particle produced: ldmphoton Ekin(GeV)= 1.64643 Mass(GeV)= 0.5 TrackId= 24
### New exotic particle produced: ldmphoton Ekin(GeV)= 2.78199 Mass(GeV)= 0.5 TrackId= 41
### New exotic particle produced: ldmphoton Ekin(GeV)= 3.44585 Mass(GeV)= 0.5 TrackId= 66
### New exotic particle produced: ldmphoton Ekin(GeV)= 1.50673 Mass(GeV)= 0.5 TrackId= 20
### New exotic particle produced: ldmphoton Ekin(GeV)= 5.28835 Mass(GeV)= 0.5 TrackId= 24
### New exotic particle produced: ldmphoton Ekin(GeV)= 0.693403 Mass(GeV)= 0.5 TrackId= 29
### New exotic particle produced: ldmphoton Ekin(GeV)= 2.40065 Mass(GeV)= 0.5 TrackId= 38
### New exotic particle produced: ldmphoton Ekin(GeV)= 1.87271 Mass(GeV)= 0.5 TrackId= 49
### New exotic particle produced: ldmphoton Ekin(GeV)= 0.658615 Mass(GeV)= 0.5 TrackId= 52
### New exotic particle produced: ldmphoton Ekin(GeV)= 5.35247 Mass(GeV)= 0.5 TrackId= 54
### New exotic particle produced: ldmphoton Ekin(GeV)= 1.92095 Mass(GeV)= 0.5 TrackId= 56
### New exotic particle produced: ldmphoton Ekin(GeV)= 24.6999 Mass(GeV)= 0.5 TrackId= 8
### New exotic particle produced: ldmphoton Ekin(GeV)= 0.849499 Mass(GeV)= 0.5 TrackId= 10
### New exotic particle produced: ldmphoton Ekin(GeV)= 1.58209 Mass(GeV)= 0.5 TrackId= 32
### New exotic particle produced: ldmphoton Ekin(GeV)= 52.8956 Mass(GeV)= 0.5 TrackId= 45
### New exotic particle produced: ldmphoton Ekin(GeV)= 24.9714 Mass(GeV)= 0.5 TrackId= 15
### New exotic particle produced: ldmphoton Ekin(GeV)= 4.81465 Mass(GeV)= 0.5 TrackId= 26
### New exotic particle produced: ldmphoton Ekin(GeV)= 14.3462 Mass(GeV)= 0.5 TrackId= 35
### New exotic particle produced: ldmphoton Ekin(GeV)= 0.697475 Mass(GeV)= 0.5 TrackId= 41
### New exotic particle produced: ldmphoton Ekin(GeV)= 24.9641 Mass(GeV)= 0.5 TrackId= 60
### New exotic particle produced: ldmphoton Ekin(GeV)= 0.632647 Mass(GeV)= 0.5 TrackId= 71
### New exotic particle produced: ldmphoton Ekin(GeV)= 4.17707 Mass(GeV)= 0.5 TrackId= 12
### New exotic particle produced: ldmphoton Ekin(GeV)= 2.76126 Mass(GeV)= 0.5 TrackId= 18
### New exotic particle produced: ldmphoton Ekin(GeV)= 2.52008 Mass(GeV)= 0.5 TrackId= 30
### New exotic particle produced: ldmphoton Ekin(GeV)= 60.0237 Mass(GeV)= 0.5 TrackId= 35
### New exotic particle produced: ldmphoton Ekin(GeV)= 1.66562 Mass(GeV)= 0.5 TrackId= 20
### New exotic particle produced: ldmphoton Ekin(GeV)= 0.82638 Mass(GeV)= 0.5 TrackId= 26
### New exotic particle produced: ldmphoton Ekin(GeV)= 2.48914 Mass(GeV)= 0.5 TrackId= 34
### New exotic particle produced: ldmphoton Ekin(GeV)= 1.60466 Mass(GeV)= 0.5 TrackId= 40
### New exotic particle produced: ldmphoton Ekin(GeV)= 0.607361 Mass(GeV)= 0.5 TrackId= 67
### New exotic particle produced: ldmphoton Ekin(GeV)= 3.35199 Mass(GeV)= 0.5 TrackId= 83
### New exotic particle produced: ldmphoton Ekin(GeV)= 17.8681 Mass(GeV)= 0.5 TrackId= 4
### New exotic particle produced: ldmphoton Ekin(GeV)= 1.1369 Mass(GeV)= 0.5 TrackId= 8
### New exotic particle produced: ldmphoton Ekin(GeV)= 1.04818 Mass(GeV)= 0.5 TrackId= 21
### New exotic particle produced: ldmphoton Ekin(GeV)= 4.63779 Mass(GeV)= 0.5 TrackId= 41
### New exotic particle produced: ldmphoton Ekin(GeV)= 2.47676 Mass(GeV)= 0.5 TrackId= 61
### New exotic particle produced: ldmphoton Ekin(GeV)= 1.03606 Mass(GeV)= 0.5 TrackId= 12
### New exotic particle produced: ldmphoton Ekin(GeV)= 27.6078 Mass(GeV)= 0.5 TrackId= 33
### New exotic particle produced: ldmphoton Ekin(GeV)= 2.88712 Mass(GeV)= 0.5 TrackId= 50
### New exotic particle produced: ldmphoton Ekin(GeV)= 0.64932 Mass(GeV)= 0.5 TrackId= 52
### New exotic particle produced: ldmphoton Ekin(GeV)= 3.15935 Mass(GeV)= 0.5 TrackId= 57
--> Event 10 starts.
### New exotic particle produced: ldmphoton Ekin(GeV)= 12.047 Mass(GeV)= 0.5 TrackId= 10
### New exotic particle produced: ldmphoton Ekin(GeV)= 1.34393 Mass(GeV)= 0.5 TrackId= 20
### New exotic particle produced: ldmphoton Ekin(GeV)= 8.6971 Mass(GeV)= 0.5 TrackId= 38
### New exotic particle produced: ldmphoton Ekin(GeV)= 6.71641 Mass(GeV)= 0.5 TrackId= 45
### New exotic particle produced: ldmphoton Ekin(GeV)= 0.995599 Mass(GeV)= 0.5 TrackId= 50
### New exotic particle produced: ldmphoton Ekin(GeV)= 1.50494 Mass(GeV)= 0.5 TrackId= 55
### New exotic particle produced: ldmphoton Ekin(GeV)= 0.720998 Mass(GeV)= 0.5 TrackId= 62
### New exotic particle produced: ldmphoton Ekin(GeV)= 1.01785 Mass(GeV)= 0.5 TrackId= 67
### New exotic particle produced: ldmphoton Ekin(GeV)= 1.94253 Mass(GeV)= 0.5 TrackId= 75
### New exotic particle produced: ldmphoton Ekin(GeV)= 1.30813 Mass(GeV)= 0.5 TrackId= 78
### New exotic particle produced: ldmphoton Ekin(GeV)= 0.683997 Mass(GeV)= 0.5 TrackId= 79
### New exotic particle produced: ldmphoton Ekin(GeV)= 6.57951 Mass(GeV)= 0.5 TrackId= 10
### New exotic particle produced: ldmphoton Ekin(GeV)= 1.2554 Mass(GeV)= 0.5 TrackId= 17
### New exotic particle produced: ldmphoton Ekin(GeV)= 27.1021 Mass(GeV)= 0.5 TrackId= 23
### New exotic particle produced: ldmphoton Ekin(GeV)= 31.3412 Mass(GeV)= 0.5 TrackId= 27
### New exotic particle produced: ldmphoton Ekin(GeV)= 16.8716 Mass(GeV)= 0.5 TrackId= 31
### New exotic particle produced: ldmphoton Ekin(GeV)= 1.31977 Mass(GeV)= 0.5 TrackId= 47
### New exotic particle produced: ldmphoton Ekin(GeV)= 1.32696 Mass(GeV)= 0.5 TrackId= 70
### New exotic particle produced: ldmphoton Ekin(GeV)= 5.18871 Mass(GeV)= 0.5 TrackId= 7
### New exotic particle produced: ldmphoton Ekin(GeV)= 2.31264 Mass(GeV)= 0.5 TrackId= 16
### New exotic particle produced: ldmphoton Ekin(GeV)= 1.53252 Mass(GeV)= 0.5 TrackId= 17
### New exotic particle produced: ldmphoton Ekin(GeV)= 10.7631 Mass(GeV)= 0.5 TrackId= 38
### New exotic particle produced: ldmphoton Ekin(GeV)= 8.73804 Mass(GeV)= 0.5 TrackId= 55
### New exotic particle produced: ldmphoton Ekin(GeV)= 10.4226 Mass(GeV)= 0.5 TrackId= 63
### New exotic particle produced: ldmphoton Ekin(GeV)= 0.928276 Mass(GeV)= 0.5 TrackId= 66
### New exotic particle produced: ldmphoton Ekin(GeV)= 1.07949 Mass(GeV)= 0.5 TrackId= 13
### New exotic particle produced: ldmphoton Ekin(GeV)= 18.0464 Mass(GeV)= 0.5 TrackId= 83
### New exotic particle produced: ldmphoton Ekin(GeV)= 4.89372 Mass(GeV)= 0.5 TrackId= 8
### New exotic particle produced: ldmphoton Ekin(GeV)= 1.62212 Mass(GeV)= 0.5 TrackId= 11
### New exotic particle produced: ldmphoton Ekin(GeV)= 16.1105 Mass(GeV)= 0.5 TrackId= 17
### New exotic particle produced: ldmphoton Ekin(GeV)= 2.45476 Mass(GeV)= 0.5 TrackId= 32
### New exotic particle produced: ldmphoton Ekin(GeV)= 3.50708 Mass(GeV)= 0.5 TrackId= 61
### New exotic particle produced: ldmphoton Ekin(GeV)= 2.87259 Mass(GeV)= 0.5 TrackId= 67
### New exotic particle produced: ldmphoton Ekin(GeV)= 0.846794 Mass(GeV)= 0.5 TrackId= 3
### New exotic particle produced: ldmphoton Ekin(GeV)= 21.7762 Mass(GeV)= 0.5 TrackId= 10
### New exotic particle produced: ldmphoton Ekin(GeV)= 6.52615 Mass(GeV)= 0.5 TrackId= 16
### New exotic particle produced: ldmphoton Ekin(GeV)= 2.1381 Mass(GeV)= 0.5 TrackId= 23
### New exotic particle produced: ldmphoton Ekin(GeV)= 0.659036 Mass(GeV)= 0.5 TrackId= 30
### New exotic particle produced: ldmphoton Ekin(GeV)= 5.15232 Mass(GeV)= 0.5 TrackId= 43
### New exotic particle produced: ldmphoton Ekin(GeV)= 2.6613 Mass(GeV)= 0.5 TrackId= 68
### New exotic particle produced: ldmphoton Ekin(GeV)= 0.983366 Mass(GeV)= 0.5 TrackId= 3
### New exotic particle produced: ldmphoton Ekin(GeV)= 11.6149 Mass(GeV)= 0.5 TrackId= 6
### New exotic particle produced: ldmphoton Ekin(GeV)= 5.93574 Mass(GeV)= 0.5 TrackId= 9
### New exotic particle produced: ldmphoton Ekin(GeV)= 3.77681 Mass(GeV)= 0.5 TrackId= 20
### New exotic particle produced: ldmphoton Ekin(GeV)= 0.618172 Mass(GeV)= 0.5 TrackId= 70
### New exotic particle produced: ldmphoton Ekin(GeV)= 0.623469 Mass(GeV)= 0.5 TrackId= 81
### New exotic particle produced: ldmphoton Ekin(GeV)= 0.74184 Mass(GeV)= 0.5 TrackId= 21
### New exotic particle produced: ldmphoton Ekin(GeV)= 7.40414 Mass(GeV)= 0.5 TrackId= 58
### New exotic particle produced: ldmphoton Ekin(GeV)= 1.04046 Mass(GeV)= 0.5 TrackId= 82
### New exotic particle produced: ldmphoton Ekin(GeV)= 30.3607 Mass(GeV)= 0.5 TrackId= 6
### New exotic particle produced: ldmphoton Ekin(GeV)= 0.957655 Mass(GeV)= 0.5 TrackId= 18
### New exotic particle produced: ldmphoton Ekin(GeV)= 3.13281 Mass(GeV)= 0.5 TrackId= 26
### New exotic particle produced: ldmphoton Ekin(GeV)= 0.720993 Mass(GeV)= 0.5 TrackId= 29
### New exotic particle produced: ldmphoton Ekin(GeV)= 12.6529 Mass(GeV)= 0.5 TrackId= 62
### New exotic particle produced: ldmphoton Ekin(GeV)= 5.43764 Mass(GeV)= 0.5 TrackId= 69
### New exotic particle produced: ldmphoton Ekin(GeV)= 10.0639 Mass(GeV)= 0.5 TrackId= 35
### New exotic particle produced: ldmphoton Ekin(GeV)= 1.49544 Mass(GeV)= 0.5 TrackId= 45
### New exotic particle produced: ldmphoton Ekin(GeV)= 0.722925 Mass(GeV)= 0.5 TrackId= 51
### New exotic particle produced: ldmphoton Ekin(GeV)= 5.34284 Mass(GeV)= 0.5 TrackId= 55
### New exotic particle produced: ldmphoton Ekin(GeV)= 0.666095 Mass(GeV)= 0.5 TrackId= 61
--> Event 20 starts.
### New exotic particle produced: ldmphoton Ekin(GeV)= 1.15668 Mass(GeV)= 0.5 TrackId= 3
### New exotic particle produced: ldmphoton Ekin(GeV)= 8.38301 Mass(GeV)= 0.5 TrackId= 39
### New exotic particle produced: ldmphoton Ekin(GeV)= 1.51454 Mass(GeV)= 0.5 TrackId= 45
### New exotic particle produced: ldmphoton Ekin(GeV)= 2.01637 Mass(GeV)= 0.5 TrackId= 52
### New exotic particle produced: ldmphoton Ekin(GeV)= 24.713 Mass(GeV)= 0.5 TrackId= 23
### New exotic particle produced: ldmphoton Ekin(GeV)= 3.6471 Mass(GeV)= 0.5 TrackId= 35
### New exotic particle produced: ldmphoton Ekin(GeV)= 1.3418 Mass(GeV)= 0.5 TrackId= 44
### New exotic particle produced: ldmphoton Ekin(GeV)= 3.99479 Mass(GeV)= 0.5 TrackId= 49
### New exotic particle produced: ldmphoton Ekin(GeV)= 3.35451 Mass(GeV)= 0.5 TrackId= 57
### New exotic particle produced: ldmphoton Ekin(GeV)= 1.11954 Mass(GeV)= 0.5 TrackId= 4
### New exotic particle produced: ldmphoton Ekin(GeV)= 0.852649 Mass(GeV)= 0.5 TrackId= 11
### New exotic particle produced: ldmphoton Ekin(GeV)= 6.71576 Mass(GeV)= 0.5 TrackId= 45
### New exotic particle produced: ldmphoton Ekin(GeV)= 5.25924 Mass(GeV)= 0.5 TrackId= 46
### New exotic particle produced: ldmphoton Ekin(GeV)= 1.11522 Mass(GeV)= 0.5 TrackId= 52
### New exotic particle produced: ldmphoton Ekin(GeV)= 13.5207 Mass(GeV)= 0.5 TrackId= 56
### New exotic particle produced: ldmphoton Ekin(GeV)= 0.743477 Mass(GeV)= 0.5 TrackId= 60
### New exotic particle produced: ldmphoton Ekin(GeV)= 5.69134 Mass(GeV)= 0.5 TrackId= 69
### New exotic particle produced: ldmphoton Ekin(GeV)= 9.92418 Mass(GeV)= 0.5 TrackId= 47
### New exotic particle produced: ldmphoton Ekin(GeV)= 2.32563 Mass(GeV)= 0.5 TrackId= 54
### New exotic particle produced: ldmphoton Ekin(GeV)= 34.5794 Mass(GeV)= 0.5 TrackId= 63
### New exotic particle produced: ldmphoton Ekin(GeV)= 1.16904 Mass(GeV)= 0.5 TrackId= 76
### New exotic particle produced: ldmphoton Ekin(GeV)= 10.914 Mass(GeV)= 0.5 TrackId= 17
### New exotic particle produced: ldmphoton Ekin(GeV)= 5.53301 Mass(GeV)= 0.5 TrackId= 19
### New exotic particle produced: ldmphoton Ekin(GeV)= 0.744899 Mass(GeV)= 0.5 TrackId= 24
### New exotic particle produced: ldmphoton Ekin(GeV)= 0.915936 Mass(GeV)= 0.5 TrackId= 38
### New exotic particle produced: ldmphoton Ekin(GeV)= 3.44072 Mass(GeV)= 0.5 TrackId= 39
### New exotic particle produced: ldmphoton Ekin(GeV)= 11.9828 Mass(GeV)= 0.5 TrackId= 40
### New exotic particle produced: ldmphoton Ekin(GeV)= 1.50116 Mass(GeV)= 0.5 TrackId= 52
### New exotic particle produced: ldmphoton Ekin(GeV)= 17.3895 Mass(GeV)= 0.5 TrackId= 66
### New exotic particle produced: ldmphoton Ekin(GeV)= 8.80057 Mass(GeV)= 0.5 TrackId= 12
### New exotic particle produced: ldmphoton Ekin(GeV)= 2.09338 Mass(GeV)= 0.5 TrackId= 28
### New exotic particle produced: ldmphoton Ekin(GeV)= 0.914596 Mass(GeV)= 0.5 TrackId= 31
### New exotic particle produced: ldmphoton Ekin(GeV)= 1.03742 Mass(GeV)= 0.5 TrackId= 35
### New exotic particle produced: ldmphoton Ekin(GeV)= 2.87393 Mass(GeV)= 0.5 TrackId= 41
### New exotic particle produced: ldmphoton Ekin(GeV)= 2.18539 Mass(GeV)= 0.5 TrackId= 43
### New exotic particle produced: ldmphoton Ekin(GeV)= 2.89811 Mass(GeV)= 0.5 TrackId= 63
### New exotic particle produced: ldmphoton Ekin(GeV)= 2.17176 Mass(GeV)= 0.5 TrackId= 70
### New exotic particle produced: ldmphoton Ekin(GeV)= 2.09274 Mass(GeV)= 0.5 TrackId= 12
### New exotic particle produced: ldmphoton Ekin(GeV)= 1.86325 Mass(GeV)= 0.5 TrackId= 15
### New exotic particle produced: ldmphoton Ekin(GeV)= 9.90703 Mass(GeV)= 0.5 TrackId= 23
### New exotic particle produced: ldmphoton Ekin(GeV)= 4.45742 Mass(GeV)= 0.5 TrackId= 26
### New exotic particle produced: ldmphoton Ekin(GeV)= 0.689705 Mass(GeV)= 0.5 TrackId= 50
### New exotic particle produced: ldmphoton Ekin(GeV)= 4.93201 Mass(GeV)= 0.5 TrackId= 54
### New exotic particle produced: ldmphoton Ekin(GeV)= 0.827966 Mass(GeV)= 0.5 TrackId= 58
### New exotic particle produced: ldmphoton Ekin(GeV)= 4.19333 Mass(GeV)= 0.5 TrackId= 25
### New exotic particle produced: ldmphoton Ekin(GeV)= 10.9006 Mass(GeV)= 0.5 TrackId= 68
### New exotic particle produced: ldmphoton Ekin(GeV)= 0.617368 Mass(GeV)= 0.5 TrackId= 27
### New exotic particle produced: ldmphoton Ekin(GeV)= 5.64328 Mass(GeV)= 0.5 TrackId= 41
### New exotic particle produced: ldmphoton Ekin(GeV)= 2.80148 Mass(GeV)= 0.5 TrackId= 55
### New exotic particle produced: ldmphoton Ekin(GeV)= 0.842549 Mass(GeV)= 0.5 TrackId= 61
### New exotic particle produced: ldmphoton Ekin(GeV)= 26.444 Mass(GeV)= 0.5 TrackId= 71
### New exotic particle produced: ldmphoton Ekin(GeV)= 28.5476 Mass(GeV)= 0.5 TrackId= 77
### New exotic particle produced: ldmphoton Ekin(GeV)= 2.56029 Mass(GeV)= 0.5 TrackId= 81
### New exotic particle produced: ldmphoton Ekin(GeV)= 9.71004 Mass(GeV)= 0.5 TrackId= 8
### New exotic particle produced: ldmphoton Ekin(GeV)= 0.704467 Mass(GeV)= 0.5 TrackId= 44
### New exotic particle produced: ldmphoton Ekin(GeV)= 5.30267 Mass(GeV)= 0.5 TrackId= 47
### New exotic particle produced: ldmphoton Ekin(GeV)= 3.60015 Mass(GeV)= 0.5 TrackId= 51
### New exotic particle produced: ldmphoton Ekin(GeV)= 3.30518 Mass(GeV)= 0.5 TrackId= 65
### New exotic particle produced: ldmphoton Ekin(GeV)= 5.59969 Mass(GeV)= 0.5 TrackId= 68
### New exotic particle produced: ldmphoton Ekin(GeV)= 1.09103 Mass(GeV)= 0.5 TrackId= 88
--> Event 30 starts.
### New exotic particle produced: ldmphoton Ekin(GeV)= 3.0024 Mass(GeV)= 0.5 TrackId= 9
### New exotic particle produced: ldmphoton Ekin(GeV)= 5.0779 Mass(GeV)= 0.5 TrackId= 10
### New exotic particle produced: ldmphoton Ekin(GeV)= 3.00365 Mass(GeV)= 0.5 TrackId= 17
### New exotic particle produced: ldmphoton Ekin(GeV)= 38.613 Mass(GeV)= 0.5 TrackId= 38
### New exotic particle produced: ldmphoton Ekin(GeV)= 12.7703 Mass(GeV)= 0.5 TrackId= 49
### New exotic particle produced: ldmphoton Ekin(GeV)= 1.64968 Mass(GeV)= 0.5 TrackId= 76
### New exotic particle produced: ldmphoton Ekin(GeV)= 2.31115 Mass(GeV)= 0.5 TrackId= 77
### New exotic particle produced: ldmphoton Ekin(GeV)= 16.8885 Mass(GeV)= 0.5 TrackId= 5
### New exotic particle produced: ldmphoton Ekin(GeV)= 0.802736 Mass(GeV)= 0.5 TrackId= 17
### New exotic particle produced: ldmphoton Ekin(GeV)= 0.631421 Mass(GeV)= 0.5 TrackId= 28
### New exotic particle produced: ldmphoton Ekin(GeV)= 3.03844 Mass(GeV)= 0.5 TrackId= 50
### New exotic particle produced: ldmphoton Ekin(GeV)= 0.765335 Mass(GeV)= 0.5 TrackId= 66
### New exotic particle produced: ldmphoton Ekin(GeV)= 4.98104 Mass(GeV)= 0.5 TrackId= 72
### New exotic particle produced: ldmphoton Ekin(GeV)= 1.11292 Mass(GeV)= 0.5 TrackId= 8
### New exotic particle produced: ldmphoton Ekin(GeV)= 16.3476 Mass(GeV)= 0.5 TrackId= 37
### New exotic particle produced: ldmphoton Ekin(GeV)= 8.826 Mass(GeV)= 0.5 TrackId= 53
### New exotic particle produced: ldmphoton Ekin(GeV)= 0.718294 Mass(GeV)= 0.5 TrackId= 59
### New exotic particle produced: ldmphoton Ekin(GeV)= 14.9391 Mass(GeV)= 0.5 TrackId= 71
### New exotic particle produced: ldmphoton Ekin(GeV)= 1.54957 Mass(GeV)= 0.5 TrackId= 73
### New exotic particle produced: ldmphoton Ekin(GeV)= 0.604856 Mass(GeV)= 0.5 TrackId= 17
### New exotic particle produced: ldmphoton Ekin(GeV)= 22.937 Mass(GeV)= 0.5 TrackId= 31
### New exotic particle produced: ldmphoton Ekin(GeV)= 0.83792 Mass(GeV)= 0.5 TrackId= 54
### New exotic particle produced: ldmphoton Ekin(GeV)= 5.24992 Mass(GeV)= 0.5 TrackId= 11
### New exotic particle produced: ldmphoton Ekin(GeV)= 11.3288 Mass(GeV)= 0.5 TrackId= 17
### New exotic particle produced: ldmphoton Ekin(GeV)= 3.72704 Mass(GeV)= 0.5 TrackId= 21
### New exotic particle produced: ldmphoton Ekin(GeV)= 11.2474 Mass(GeV)= 0.5 TrackId= 38
### New exotic particle produced: ldmphoton Ekin(GeV)= 6.45046 Mass(GeV)= 0.5 TrackId= 64
### New exotic particle produced: ldmphoton Ekin(GeV)= 23.9876 Mass(GeV)= 0.5 TrackId= 3
### New exotic particle produced: ldmphoton Ekin(GeV)= 0.852494 Mass(GeV)= 0.5 TrackId= 15
### New exotic particle produced: ldmphoton Ekin(GeV)= 0.846422 Mass(GeV)= 0.5 TrackId= 22
### New exotic particle produced: ldmphoton Ekin(GeV)= 2.58679 Mass(GeV)= 0.5 TrackId= 29
### New exotic particle produced: ldmphoton Ekin(GeV)= 5.08763 Mass(GeV)= 0.5 TrackId= 39
### New exotic particle produced: ldmphoton Ekin(GeV)= 14.4183 Mass(GeV)= 0.5 TrackId= 2
### New exotic particle produced: ldmphoton Ekin(GeV)= 4.83544 Mass(GeV)= 0.5 TrackId= 33
### New exotic particle produced: ldmphoton Ekin(GeV)= 9.52888 Mass(GeV)= 0.5 TrackId= 39
### New exotic particle produced: ldmphoton Ekin(GeV)= 3.53988 Mass(GeV)= 0.5 TrackId= 77
### New exotic particle produced: ldmphoton Ekin(GeV)= 10.5734 Mass(GeV)= 0.5 TrackId= 16
### New exotic particle produced: ldmphoton Ekin(GeV)= 1.02436 Mass(GeV)= 0.5 TrackId= 34
### New exotic particle produced: ldmphoton Ekin(GeV)= 2.19055 Mass(GeV)= 0.5 TrackId= 42
### New exotic particle produced: ldmphoton Ekin(GeV)= 3.54735 Mass(GeV)= 0.5 TrackId= 45
### New exotic particle produced: ldmphoton Ekin(GeV)= 0.756512 Mass(GeV)= 0.5 TrackId= 51
### New exotic particle produced: ldmphoton Ekin(GeV)= 14.0663 Mass(GeV)= 0.5 TrackId= 53
### New exotic particle produced: ldmphoton Ekin(GeV)= 6.55296 Mass(GeV)= 0.5 TrackId= 54
### New exotic particle produced: ldmphoton Ekin(GeV)= 2.37811 Mass(GeV)= 0.5 TrackId= 60
### New exotic particle produced: ldmphoton Ekin(GeV)= 6.61621 Mass(GeV)= 0.5 TrackId= 20
### New exotic particle produced: ldmphoton Ekin(GeV)= 0.627582 Mass(GeV)= 0.5 TrackId= 46
### New exotic particle produced: ldmphoton Ekin(GeV)= 1.32475 Mass(GeV)= 0.5 TrackId= 69
### New exotic particle produced: ldmphoton Ekin(GeV)= 12.9317 Mass(GeV)= 0.5 TrackId= 76
### New exotic particle produced: ldmphoton Ekin(GeV)= 1.81142 Mass(GeV)= 0.5 TrackId= 19
### New exotic particle produced: ldmphoton Ekin(GeV)= 6.59275 Mass(GeV)= 0.5 TrackId= 53
### New exotic particle produced: ldmphoton Ekin(GeV)= 3.90272 Mass(GeV)= 0.5 TrackId= 85
--> Event 40 starts.
### New exotic particle produced: ldmphoton Ekin(GeV)= 0.912555 Mass(GeV)= 0.5 TrackId= 6
### New exotic particle produced: ldmphoton Ekin(GeV)= 5.19316 Mass(GeV)= 0.5 TrackId= 27
### New exotic particle produced: ldmphoton Ekin(GeV)= 0.948587 Mass(GeV)= 0.5 TrackId= 10
### New exotic particle produced: ldmphoton Ekin(GeV)= 4.8924 Mass(GeV)= 0.5 TrackId= 12
### New exotic particle produced: ldmphoton Ekin(GeV)= 1.36801 Mass(GeV)= 0.5 TrackId= 18
### New exotic particle produced: ldmphoton Ekin(GeV)= 22.6754 Mass(GeV)= 0.5 TrackId= 29
### New exotic particle produced: ldmphoton Ekin(GeV)= 4.77488 Mass(GeV)= 0.5 TrackId= 58
### New exotic particle produced: ldmphoton Ekin(GeV)= 0.733375 Mass(GeV)= 0.5 TrackId= 55
### New exotic particle produced: ldmphoton Ekin(GeV)= 5.93758 Mass(GeV)= 0.5 TrackId= 44
### New exotic particle produced: ldmphoton Ekin(GeV)= 1.00232 Mass(GeV)= 0.5 TrackId= 45
### New exotic particle produced: ldmphoton Ekin(GeV)= 2.87964 Mass(GeV)= 0.5 TrackId= 57
### New exotic particle produced: ldmphoton Ekin(GeV)= 8.05381 Mass(GeV)= 0.5 TrackId= 58
### New exotic particle produced: ldmphoton Ekin(GeV)= 1.01384 Mass(GeV)= 0.5 TrackId= 78
### New exotic particle produced: ldmphoton Ekin(GeV)= 1.60265 Mass(GeV)= 0.5 TrackId= 9
### New exotic particle produced: ldmphoton Ekin(GeV)= 1.95512 Mass(GeV)= 0.5 TrackId= 21
### New exotic particle produced: ldmphoton Ekin(GeV)= 0.968765 Mass(GeV)= 0.5 TrackId= 33
### New exotic particle produced: ldmphoton Ekin(GeV)= 1.39055 Mass(GeV)= 0.5 TrackId= 35
### New exotic particle produced: ldmphoton Ekin(GeV)= 4.10356 Mass(GeV)= 0.5 TrackId= 47
### New exotic particle produced: ldmphoton Ekin(GeV)= 1.01783 Mass(GeV)= 0.5 TrackId= 55
### New exotic particle produced: ldmphoton Ekin(GeV)= 11.1982 Mass(GeV)= 0.5 TrackId= 61
### New exotic particle produced: ldmphoton Ekin(GeV)= 3.55738 Mass(GeV)= 0.5 TrackId= 69
### New exotic particle produced: ldmphoton Ekin(GeV)= 4.32823 Mass(GeV)= 0.5 TrackId= 24
### New exotic particle produced: ldmphoton Ekin(GeV)= 0.741883 Mass(GeV)= 0.5 TrackId= 45
### New exotic particle produced: ldmphoton Ekin(GeV)= 14.3762 Mass(GeV)= 0.5 TrackId= 63
### New exotic particle produced: ldmphoton Ekin(GeV)= 28.174 Mass(GeV)= 0.5 TrackId= 7
### New exotic particle produced: ldmphoton Ekin(GeV)= 3.142 Mass(GeV)= 0.5 TrackId= 12
### New exotic particle produced: ldmphoton Ekin(GeV)= 1.68258 Mass(GeV)= 0.5 TrackId= 26
### New exotic particle produced: ldmphoton Ekin(GeV)= 4.31156 Mass(GeV)= 0.5 TrackId= 27
### New exotic particle produced: ldmphoton Ekin(GeV)= 15.0493 Mass(GeV)= 0.5 TrackId= 34
### New exotic particle produced: ldmphoton Ekin(GeV)= 1.48363 Mass(GeV)= 0.5 TrackId= 8
### New exotic particle produced: ldmphoton Ekin(GeV)= 4.05018 Mass(GeV)= 0.5 TrackId= 23
### New exotic particle produced: ldmphoton Ekin(GeV)= 1.82496 Mass(GeV)= 0.5 TrackId= 42
### New exotic particle produced: ldmphoton Ekin(GeV)= 1.2726 Mass(GeV)= 0.5 TrackId= 48
### New exotic particle produced: ldmphoton Ekin(GeV)= 4.43278 Mass(GeV)= 0.5 TrackId= 61
### New exotic particle produced: ldmphoton Ekin(GeV)= 1.34794 Mass(GeV)= 0.5 TrackId= 14
### New exotic particle produced: ldmphoton Ekin(GeV)= 2.15024 Mass(GeV)= 0.5 TrackId= 15
### New exotic particle produced: ldmphoton Ekin(GeV)= 5.94467 Mass(GeV)= 0.5 TrackId= 63
### New exotic particle produced: ldmphoton Ekin(GeV)= 0.787772 Mass(GeV)= 0.5 TrackId= 64
### New exotic particle produced: ldmphoton Ekin(GeV)= 0.87424 Mass(GeV)= 0.5 TrackId= 68
### New exotic particle produced: ldmphoton Ekin(GeV)= 1.7363 Mass(GeV)= 0.5 TrackId= 79
### New exotic particle produced: ldmphoton Ekin(GeV)= 4.76915 Mass(GeV)= 0.5 TrackId= 13
### New exotic particle produced: ldmphoton Ekin(GeV)= 0.872396 Mass(GeV)= 0.5 TrackId= 15
### New exotic particle produced: ldmphoton Ekin(GeV)= 0.883834 Mass(GeV)= 0.5 TrackId= 36
### New exotic particle produced: ldmphoton Ekin(GeV)= 22.4391 Mass(GeV)= 0.5 TrackId= 44
### New exotic particle produced: ldmphoton Ekin(GeV)= 0.988494 Mass(GeV)= 0.5 TrackId= 76
### New exotic particle produced: ldmphoton Ekin(GeV)= 0.930083 Mass(GeV)= 0.5 TrackId= 83
--> Event 50 starts.
### New exotic particle produced: ldmphoton Ekin(GeV)= 0.681583 Mass(GeV)= 0.5 TrackId= 34
### New exotic particle produced: ldmphoton Ekin(GeV)= 10.8204 Mass(GeV)= 0.5 TrackId= 37
### New exotic particle produced: ldmphoton Ekin(GeV)= 7.46441 Mass(GeV)= 0.5 TrackId= 47
### New exotic particle produced: ldmphoton Ekin(GeV)= 1.16688 Mass(GeV)= 0.5 TrackId= 63
### New exotic particle produced: ldmphoton Ekin(GeV)= 0.779814 Mass(GeV)= 0.5 TrackId= 66
### New exotic particle produced: ldmphoton Ekin(GeV)= 0.679768 Mass(GeV)= 0.5 TrackId= 72
### New exotic particle produced: ldmphoton Ekin(GeV)= 1.0356 Mass(GeV)= 0.5 TrackId= 8
### New exotic particle produced: ldmphoton Ekin(GeV)= 1.21476 Mass(GeV)= 0.5 TrackId= 46
### New exotic particle produced: ldmphoton Ekin(GeV)= 9.94754 Mass(GeV)= 0.5 TrackId= 18
### New exotic particle produced: ldmphoton Ekin(GeV)= 5.03761 Mass(GeV)= 0.5 TrackId= 28
### New exotic particle produced: ldmphoton Ekin(GeV)= 0.603606 Mass(GeV)= 0.5 TrackId= 33
### New exotic particle produced: ldmphoton Ekin(GeV)= 0.923047 Mass(GeV)= 0.5 TrackId= 61
### New exotic particle produced: ldmphoton Ekin(GeV)= 2.51964 Mass(GeV)= 0.5 TrackId= 62
### New exotic particle produced: ldmphoton Ekin(GeV)= 2.33179 Mass(GeV)= 0.5 TrackId= 24
### New exotic particle produced: ldmphoton Ekin(GeV)= 1.82564 Mass(GeV)= 0.5 TrackId= 49
### New exotic particle produced: ldmphoton Ekin(GeV)= 28.3022 Mass(GeV)= 0.5 TrackId= 61
### New exotic particle produced: ldmphoton Ekin(GeV)= 0.693712 Mass(GeV)= 0.5 TrackId= 2
### New exotic particle produced: ldmphoton Ekin(GeV)= 40.1621 Mass(GeV)= 0.5 TrackId= 21
### New exotic particle produced: ldmphoton Ekin(GeV)= 2.33705 Mass(GeV)= 0.5 TrackId= 28
### New exotic particle produced: ldmphoton Ekin(GeV)= 1.76869 Mass(GeV)= 0.5 TrackId= 59
### New exotic particle produced: ldmphoton Ekin(GeV)= 9.04835 Mass(GeV)= 0.5 TrackId= 65
### New exotic particle produced: ldmphoton Ekin(GeV)= 2.12065 Mass(GeV)= 0.5 TrackId= 15
### New exotic particle produced: ldmphoton Ekin(GeV)= 0.721096 Mass(GeV)= 0.5 TrackId= 17
### New exotic particle produced: ldmphoton Ekin(GeV)= 4.27607 Mass(GeV)= 0.5 TrackId= 57
### New exotic particle produced: ldmphoton Ekin(GeV)= 4.11943 Mass(GeV)= 0.5 TrackId= 59
### New exotic particle produced: ldmphoton Ekin(GeV)= 6.56245 Mass(GeV)= 0.5 TrackId= 92
### New exotic particle produced: ldmphoton Ekin(GeV)= 0.657563 Mass(GeV)= 0.5 TrackId= 2
### New exotic particle produced: ldmphoton Ekin(GeV)= 1.15417 Mass(GeV)= 0.5 TrackId= 28
### New exotic particle produced: ldmphoton Ekin(GeV)= 9.07632 Mass(GeV)= 0.5 TrackId= 36
### New exotic particle produced: ldmphoton Ekin(GeV)= 2.5351 Mass(GeV)= 0.5 TrackId= 39
### New exotic particle produced: ldmphoton Ekin(GeV)= 2.42416 Mass(GeV)= 0.5 TrackId= 55
### New exotic particle produced: ldmphoton Ekin(GeV)= 5.33694 Mass(GeV)= 0.5 TrackId= 4
### New exotic particle produced: ldmphoton Ekin(GeV)= 7.26165 Mass(GeV)= 0.5 TrackId= 5
### New exotic particle produced: ldmphoton Ekin(GeV)= 3.64623 Mass(GeV)= 0.5 TrackId= 6
### New exotic particle produced: ldmphoton Ekin(GeV)= 3.46858 Mass(GeV)= 0.5 TrackId= 8
### New exotic particle produced: ldmphoton Ekin(GeV)= 0.653378 Mass(GeV)= 0.5 TrackId= 11
### New exotic particle produced: ldmphoton Ekin(GeV)= 0.895101 Mass(GeV)= 0.5 TrackId= 19
### New exotic particle produced: ldmphoton Ekin(GeV)= 3.0197 Mass(GeV)= 0.5 TrackId= 30
### New exotic particle produced: ldmphoton Ekin(GeV)= 0.720243 Mass(GeV)= 0.5 TrackId= 42
### New exotic particle produced: ldmphoton Ekin(GeV)= 11.9719 Mass(GeV)= 0.5 TrackId= 48
### New exotic particle produced: ldmphoton Ekin(GeV)= 5.90934 Mass(GeV)= 0.5 TrackId= 65
### New exotic particle produced: ldmphoton Ekin(GeV)= 2.73148 Mass(GeV)= 0.5 TrackId= 73
### New exotic particle produced: ldmphoton Ekin(GeV)= 1.65572 Mass(GeV)= 0.5 TrackId= 4
### New exotic particle produced: ldmphoton Ekin(GeV)= 9.80451 Mass(GeV)= 0.5 TrackId= 17
### New exotic particle produced: ldmphoton Ekin(GeV)= 1.38733 Mass(GeV)= 0.5 TrackId= 19
### New exotic particle produced: ldmphoton Ekin(GeV)= 2.50131 Mass(GeV)= 0.5 TrackId= 23
### New exotic particle produced: ldmphoton Ekin(GeV)= 2.90579 Mass(GeV)= 0.5 TrackId= 29
### New exotic particle produced: ldmphoton Ekin(GeV)= 5.48301 Mass(GeV)= 0.5 TrackId= 58
### New exotic particle produced: ldmphoton Ekin(GeV)= 3.73913 Mass(GeV)= 0.5 TrackId= 63
--> Event 60 starts.
### New exotic particle produced: ldmphoton Ekin(GeV)= 13.1186 Mass(GeV)= 0.5 TrackId= 36
### New exotic particle produced: ldmphoton Ekin(GeV)= 1.91754 Mass(GeV)= 0.5 TrackId= 37
### New exotic particle produced: ldmphoton Ekin(GeV)= 4.57417 Mass(GeV)= 0.5 TrackId= 57
### New exotic particle produced: ldmphoton Ekin(GeV)= 2.82211 Mass(GeV)= 0.5 TrackId= 63
### New exotic particle produced: ldmphoton Ekin(GeV)= 4.35414 Mass(GeV)= 0.5 TrackId= 76
### New exotic particle produced: ldmphoton Ekin(GeV)= 1.49476 Mass(GeV)= 0.5 TrackId= 79
### New exotic particle produced: ldmphoton Ekin(GeV)= 9.57774 Mass(GeV)= 0.5 TrackId= 84
### New exotic particle produced: ldmphoton Ekin(GeV)= 16.6942 Mass(GeV)= 0.5 TrackId= 2
### New exotic particle produced: ldmphoton Ekin(GeV)= 1.0959 Mass(GeV)= 0.5 TrackId= 6
### New exotic particle produced: ldmphoton Ekin(GeV)= 3.80089 Mass(GeV)= 0.5 TrackId= 28
### New exotic particle produced: ldmphoton Ekin(GeV)= 19.3853 Mass(GeV)= 0.5 TrackId= 46
### New exotic particle produced: ldmphoton Ekin(GeV)= 0.662148 Mass(GeV)= 0.5 TrackId= 55
### New exotic particle produced: ldmphoton Ekin(GeV)= 4.27015 Mass(GeV)= 0.5 TrackId= 3
### New exotic particle produced: ldmphoton Ekin(GeV)= 0.624661 Mass(GeV)= 0.5 TrackId= 8
### New exotic particle produced: ldmphoton Ekin(GeV)= 2.72465 Mass(GeV)= 0.5 TrackId= 19
### New exotic particle produced: ldmphoton Ekin(GeV)= 14.925 Mass(GeV)= 0.5 TrackId= 24
### New exotic particle produced: ldmphoton Ekin(GeV)= 14.333 Mass(GeV)= 0.5 TrackId= 28
### New exotic particle produced: ldmphoton Ekin(GeV)= 1.05811 Mass(GeV)= 0.5 TrackId= 30
### New exotic particle produced: ldmphoton Ekin(GeV)= 1.46119 Mass(GeV)= 0.5 TrackId= 36
### New exotic particle produced: ldmphoton Ekin(GeV)= 2.59822 Mass(GeV)= 0.5 TrackId= 50
### New exotic particle produced: ldmphoton Ekin(GeV)= 1.00225 Mass(GeV)= 0.5 TrackId= 6
### New exotic particle produced: ldmphoton Ekin(GeV)= 0.600226 Mass(GeV)= 0.5 TrackId= 9
### New exotic particle produced: ldmphoton Ekin(GeV)= 1.18717 Mass(GeV)= 0.5 TrackId= 11
### New exotic particle produced: ldmphoton Ekin(GeV)= 2.38867 Mass(GeV)= 0.5 TrackId= 64
### New exotic particle produced: ldmphoton Ekin(GeV)= 5.59473 Mass(GeV)= 0.5 TrackId= 6
### New exotic particle produced: ldmphoton Ekin(GeV)= 2.50368 Mass(GeV)= 0.5 TrackId= 7
### New exotic particle produced: ldmphoton Ekin(GeV)= 4.54595 Mass(GeV)= 0.5 TrackId= 10
### New exotic particle produced: ldmphoton Ekin(GeV)= 0.758073 Mass(GeV)= 0.5 TrackId= 27
### New exotic particle produced: ldmphoton Ekin(GeV)= 41.0273 Mass(GeV)= 0.5 TrackId= 41
### New exotic particle produced: ldmphoton Ekin(GeV)= 0.847403 Mass(GeV)= 0.5 TrackId= 53
### New exotic particle produced: ldmphoton Ekin(GeV)= 3.33163 Mass(GeV)= 0.5 TrackId= 65
### New exotic particle produced: ldmphoton Ekin(GeV)= 2.61103 Mass(GeV)= 0.5 TrackId= 66
### New exotic particle produced: ldmphoton Ekin(GeV)= 12.0476 Mass(GeV)= 0.5 TrackId= 3
### New exotic particle produced: ldmphoton Ekin(GeV)= 2.69826 Mass(GeV)= 0.5 TrackId= 5
### New exotic particle produced: ldmphoton Ekin(GeV)= 14.0547 Mass(GeV)= 0.5 TrackId= 7
### New exotic particle produced: ldmphoton Ekin(GeV)= 2.51596 Mass(GeV)= 0.5 TrackId= 11
### New exotic particle produced: ldmphoton Ekin(GeV)= 1.2854 Mass(GeV)= 0.5 TrackId= 25
### New exotic particle produced: ldmphoton Ekin(GeV)= 7.28109 Mass(GeV)= 0.5 TrackId= 29
### New exotic particle produced: ldmphoton Ekin(GeV)= 0.610713 Mass(GeV)= 0.5 TrackId= 37
### New exotic particle produced: ldmphoton Ekin(GeV)= 7.70017 Mass(GeV)= 0.5 TrackId= 41
### New exotic particle produced: ldmphoton Ekin(GeV)= 3.85809 Mass(GeV)= 0.5 TrackId= 55
### New exotic particle produced: ldmphoton Ekin(GeV)= 2.17398 Mass(GeV)= 0.5 TrackId= 22
### New exotic particle produced: ldmphoton Ekin(GeV)= 21.1622 Mass(GeV)= 0.5 TrackId= 29
### New exotic particle produced: ldmphoton Ekin(GeV)= 12.5279 Mass(GeV)= 0.5 TrackId= 41
### New exotic particle produced: ldmphoton Ekin(GeV)= 1.30538 Mass(GeV)= 0.5 TrackId= 53
### New exotic particle produced: ldmphoton Ekin(GeV)= 6.29728 Mass(GeV)= 0.5 TrackId= 10
### New exotic particle produced: ldmphoton Ekin(GeV)= 1.16615 Mass(GeV)= 0.5 TrackId= 15
### New exotic particle produced: ldmphoton Ekin(GeV)= 5.69798 Mass(GeV)= 0.5 TrackId= 5
### New exotic particle produced: ldmphoton Ekin(GeV)= 8.00177 Mass(GeV)= 0.5 TrackId= 29
### New exotic particle produced: ldmphoton Ekin(GeV)= 2.03683 Mass(GeV)= 0.5 TrackId= 46
### New exotic particle produced: ldmphoton Ekin(GeV)= 6.30563 Mass(GeV)= 0.5 TrackId= 62
### New exotic particle produced: ldmphoton Ekin(GeV)= 2.63829 Mass(GeV)= 0.5 TrackId= 66
### New exotic particle produced: ldmphoton Ekin(GeV)= 2.02263 Mass(GeV)= 0.5 TrackId= 80
### New exotic particle produced: ldmphoton Ekin(GeV)= 1.13936 Mass(GeV)= 0.5 TrackId= 5
### New exotic particle produced: ldmphoton Ekin(GeV)= 0.864055 Mass(GeV)= 0.5 TrackId= 13
### New exotic particle produced: ldmphoton Ekin(GeV)= 4.80719 Mass(GeV)= 0.5 TrackId= 25
--> Event 70 starts.
### New exotic particle produced: ldmphoton Ekin(GeV)= 0.628793 Mass(GeV)= 0.5 TrackId= 12
### New exotic particle produced: ldmphoton Ekin(GeV)= 3.36496 Mass(GeV)= 0.5 TrackId= 49
### New exotic particle produced: ldmphoton Ekin(GeV)= 47.3688 Mass(GeV)= 0.5 TrackId= 59
### New exotic particle produced: ldmphoton Ekin(GeV)= 20.0641 Mass(GeV)= 0.5 TrackId= 11
### New exotic particle produced: ldmphoton Ekin(GeV)= 0.661354 Mass(GeV)= 0.5 TrackId= 19
### New exotic particle produced: ldmphoton Ekin(GeV)= 1.07845 Mass(GeV)= 0.5 TrackId= 34
### New exotic particle produced: ldmphoton Ekin(GeV)= 0.788472 Mass(GeV)= 0.5 TrackId= 38
### New exotic particle produced: ldmphoton Ekin(GeV)= 6.56846 Mass(GeV)= 0.5 TrackId= 49
### New exotic particle produced: ldmphoton Ekin(GeV)= 5.04331 Mass(GeV)= 0.5 TrackId= 19
### New exotic particle produced: ldmphoton Ekin(GeV)= 1.10177 Mass(GeV)= 0.5 TrackId= 54
### New exotic particle produced: ldmphoton Ekin(GeV)= 0.750236 Mass(GeV)= 0.5 TrackId= 67
### New exotic particle produced: ldmphoton Ekin(GeV)= 11.4481 Mass(GeV)= 0.5 TrackId= 6
### New exotic particle produced: ldmphoton Ekin(GeV)= 5.29144 Mass(GeV)= 0.5 TrackId= 15
### New exotic particle produced: ldmphoton Ekin(GeV)= 0.657913 Mass(GeV)= 0.5 TrackId= 18
### New exotic particle produced: ldmphoton Ekin(GeV)= 0.737536 Mass(GeV)= 0.5 TrackId= 19
### New exotic particle produced: ldmphoton Ekin(GeV)= 0.737435 Mass(GeV)= 0.5 TrackId= 25
### New exotic particle produced: ldmphoton Ekin(GeV)= 4.30277 Mass(GeV)= 0.5 TrackId= 36
### New exotic particle produced: ldmphoton Ekin(GeV)= 0.676523 Mass(GeV)= 0.5 TrackId= 43
### New exotic particle produced: ldmphoton Ekin(GeV)= 1.60674 Mass(GeV)= 0.5 TrackId= 44
### New exotic particle produced: ldmphoton Ekin(GeV)= 2.02741 Mass(GeV)= 0.5 TrackId= 2
### New exotic particle produced: ldmphoton Ekin(GeV)= 2.36134 Mass(GeV)= 0.5 TrackId= 20
### New exotic particle produced: ldmphoton Ekin(GeV)= 1.45446 Mass(GeV)= 0.5 TrackId= 50
### New exotic particle produced: ldmphoton Ekin(GeV)= 5.0293 Mass(GeV)= 0.5 TrackId= 57
### New exotic particle produced: ldmphoton Ekin(GeV)= 0.961616 Mass(GeV)= 0.5 TrackId= 68
### New exotic particle produced: ldmphoton Ekin(GeV)= 23.3044 Mass(GeV)= 0.5 TrackId= 77
### New exotic particle produced: ldmphoton Ekin(GeV)= 4.87303 Mass(GeV)= 0.5 TrackId= 5
### New exotic particle produced: ldmphoton Ekin(GeV)= 2.23482 Mass(GeV)= 0.5 TrackId= 18
### New exotic particle produced: ldmphoton Ekin(GeV)= 4.23235 Mass(GeV)= 0.5 TrackId= 23
### New exotic particle produced: ldmphoton Ekin(GeV)= 7.60088 Mass(GeV)= 0.5 TrackId= 30
### New exotic particle produced: ldmphoton Ekin(GeV)= 4.35485 Mass(GeV)= 0.5 TrackId= 47
### New exotic particle produced: ldmphoton Ekin(GeV)= 43.0506 Mass(GeV)= 0.5 TrackId= 49
### New exotic particle produced: ldmphoton Ekin(GeV)= 14.1148 Mass(GeV)= 0.5 TrackId= 58
### New exotic particle produced: ldmphoton Ekin(GeV)= 1.01484 Mass(GeV)= 0.5 TrackId= 10
### New exotic particle produced: ldmphoton Ekin(GeV)= 4.07293 Mass(GeV)= 0.5 TrackId= 14
### New exotic particle produced: ldmphoton Ekin(GeV)= 9.34339 Mass(GeV)= 0.5 TrackId= 22
### New exotic particle produced: ldmphoton Ekin(GeV)= 6.4928 Mass(GeV)= 0.5 TrackId= 23
### New exotic particle produced: ldmphoton Ekin(GeV)= 1.63643 Mass(GeV)= 0.5 TrackId= 26
### New exotic particle produced: ldmphoton Ekin(GeV)= 0.659417 Mass(GeV)= 0.5 TrackId= 36
### New exotic particle produced: ldmphoton Ekin(GeV)= 15.4781 Mass(GeV)= 0.5 TrackId= 46
### New exotic particle produced: ldmphoton Ekin(GeV)= 1.00881 Mass(GeV)= 0.5 TrackId= 73
### New exotic particle produced: ldmphoton Ekin(GeV)= 1.3551 Mass(GeV)= 0.5 TrackId= 41
### New exotic particle produced: ldmphoton Ekin(GeV)= 0.681997 Mass(GeV)= 0.5 TrackId= 46
### New exotic particle produced: ldmphoton Ekin(GeV)= 3.61591 Mass(GeV)= 0.5 TrackId= 51
### New exotic particle produced: ldmphoton Ekin(GeV)= 8.76586 Mass(GeV)= 0.5 TrackId= 54
### New exotic particle produced: ldmphoton Ekin(GeV)= 1.19109 Mass(GeV)= 0.5 TrackId= 3
### New exotic particle produced: ldmphoton Ekin(GeV)= 14.3093 Mass(GeV)= 0.5 TrackId= 7
### New exotic particle produced: ldmphoton Ekin(GeV)= 5.49771 Mass(GeV)= 0.5 TrackId= 15
### New exotic particle produced: ldmphoton Ekin(GeV)= 3.09943 Mass(GeV)= 0.5 TrackId= 38
### New exotic particle produced: ldmphoton Ekin(GeV)= 3.45656 Mass(GeV)= 0.5 TrackId= 49
### New exotic particle produced: ldmphoton Ekin(GeV)= 2.06369 Mass(GeV)= 0.5 TrackId= 51
### New exotic particle produced: ldmphoton Ekin(GeV)= 16.4694 Mass(GeV)= 0.5 TrackId= 16
### New exotic particle produced: ldmphoton Ekin(GeV)= 8.3008 Mass(GeV)= 0.5 TrackId= 41
### New exotic particle produced: ldmphoton Ekin(GeV)= 1.07567 Mass(GeV)= 0.5 TrackId= 70
--> Event 80 starts.
### New exotic particle produced: ldmphoton Ekin(GeV)= 9.38261 Mass(GeV)= 0.5 TrackId= 29
### New exotic particle produced: ldmphoton Ekin(GeV)= 0.787099 Mass(GeV)= 0.5 TrackId= 42
### New exotic particle produced: ldmphoton Ekin(GeV)= 2.03584 Mass(GeV)= 0.5 TrackId= 45
### New exotic particle produced: ldmphoton Ekin(GeV)= 1.73814 Mass(GeV)= 0.5 TrackId= 53
### New exotic particle produced: ldmphoton Ekin(GeV)= 2.16084 Mass(GeV)= 0.5 TrackId= 60
### New exotic particle produced: ldmphoton Ekin(GeV)= 1.23515 Mass(GeV)= 0.5 TrackId= 62
### New exotic particle produced: ldmphoton Ekin(GeV)= 0.606107 Mass(GeV)= 0.5 TrackId= 67
### New exotic particle produced: ldmphoton Ekin(GeV)= 1.81285 Mass(GeV)= 0.5 TrackId= 76
### New exotic particle produced: ldmphoton Ekin(GeV)= 3.59292 Mass(GeV)= 0.5 TrackId= 3
### New exotic particle produced: ldmphoton Ekin(GeV)= 2.07132 Mass(GeV)= 0.5 TrackId= 10
### New exotic particle produced: ldmphoton Ekin(GeV)= 3.08508 Mass(GeV)= 0.5 TrackId= 22
### New exotic particle produced: ldmphoton Ekin(GeV)= 1.06542 Mass(GeV)= 0.5 TrackId= 24
### New exotic particle produced: ldmphoton Ekin(GeV)= 4.47433 Mass(GeV)= 0.5 TrackId= 35
### New exotic particle produced: ldmphoton Ekin(GeV)= 2.53574 Mass(GeV)= 0.5 TrackId= 40
### New exotic particle produced: ldmphoton Ekin(GeV)= 11.3254 Mass(GeV)= 0.5 TrackId= 55
### New exotic particle produced: ldmphoton Ekin(GeV)= 1.05266 Mass(GeV)= 0.5 TrackId= 3
### New exotic particle produced: ldmphoton Ekin(GeV)= 1.59469 Mass(GeV)= 0.5 TrackId= 9
### New exotic particle produced: ldmphoton Ekin(GeV)= 2.05893 Mass(GeV)= 0.5 TrackId= 48
### New exotic particle produced: ldmphoton Ekin(GeV)= 1.42952 Mass(GeV)= 0.5 TrackId= 56
### New exotic particle produced: ldmphoton Ekin(GeV)= 0.689862 Mass(GeV)= 0.5 TrackId= 60
### New exotic particle produced: ldmphoton Ekin(GeV)= 0.933228 Mass(GeV)= 0.5 TrackId= 62
### New exotic particle produced: ldmphoton Ekin(GeV)= 2.52734 Mass(GeV)= 0.5 TrackId= 67
### New exotic particle produced: ldmphoton Ekin(GeV)= 1.34138 Mass(GeV)= 0.5 TrackId= 73
### New exotic particle produced: ldmphoton Ekin(GeV)= 10.5838 Mass(GeV)= 0.5 TrackId= 7
### New exotic particle produced: ldmphoton Ekin(GeV)= 2.46591 Mass(GeV)= 0.5 TrackId= 52
### New exotic particle produced: ldmphoton Ekin(GeV)= 1.27366 Mass(GeV)= 0.5 TrackId= 66
### New exotic particle produced: ldmphoton Ekin(GeV)= 3.30086 Mass(GeV)= 0.5 TrackId= 74
### New exotic particle produced: ldmphoton Ekin(GeV)= 10.0827 Mass(GeV)= 0.5 TrackId= 21
### New exotic particle produced: ldmphoton Ekin(GeV)= 6.79717 Mass(GeV)= 0.5 TrackId= 42
### New exotic particle produced: ldmphoton Ekin(GeV)= 1.48943 Mass(GeV)= 0.5 TrackId= 49
### New exotic particle produced: ldmphoton Ekin(GeV)= 2.8715 Mass(GeV)= 0.5 TrackId= 57
### New exotic particle produced: ldmphoton Ekin(GeV)= 1.27746 Mass(GeV)= 0.5 TrackId= 15
### New exotic particle produced: ldmphoton Ekin(GeV)= 18.7812 Mass(GeV)= 0.5 TrackId= 20
### New exotic particle produced: ldmphoton Ekin(GeV)= 5.03717 Mass(GeV)= 0.5 TrackId= 27
### New exotic particle produced: ldmphoton Ekin(GeV)= 1.07525 Mass(GeV)= 0.5 TrackId= 28
### New exotic particle produced: ldmphoton Ekin(GeV)= 1.80254 Mass(GeV)= 0.5 TrackId= 35
### New exotic particle produced: ldmphoton Ekin(GeV)= 0.874901 Mass(GeV)= 0.5 TrackId= 48
### New exotic particle produced: ldmphoton Ekin(GeV)= 27.7075 Mass(GeV)= 0.5 TrackId= 51
### New exotic particle produced: ldmphoton Ekin(GeV)= 0.838234 Mass(GeV)= 0.5 TrackId= 12
### New exotic particle produced: ldmphoton Ekin(GeV)= 5.70644 Mass(GeV)= 0.5 TrackId= 24
### New exotic particle produced: ldmphoton Ekin(GeV)= 17.4826 Mass(GeV)= 0.5 TrackId= 26
### New exotic particle produced: ldmphoton Ekin(GeV)= 0.616677 Mass(GeV)= 0.5 TrackId= 46
### New exotic particle produced: ldmphoton Ekin(GeV)= 6.82455 Mass(GeV)= 0.5 TrackId= 52
### New exotic particle produced: ldmphoton Ekin(GeV)= 1.54509 Mass(GeV)= 0.5 TrackId= 59
### New exotic particle produced: ldmphoton Ekin(GeV)= 27.2772 Mass(GeV)= 0.5 TrackId= 25
### New exotic particle produced: ldmphoton Ekin(GeV)= 9.3933 Mass(GeV)= 0.5 TrackId= 59
### New exotic particle produced: ldmphoton Ekin(GeV)= 10.0405 Mass(GeV)= 0.5 TrackId= 5
### New exotic particle produced: ldmphoton Ekin(GeV)= 2.84114 Mass(GeV)= 0.5 TrackId= 11
### New exotic particle produced: ldmphoton Ekin(GeV)= 3.61287 Mass(GeV)= 0.5 TrackId= 19
### New exotic particle produced: ldmphoton Ekin(GeV)= 3.07854 Mass(GeV)= 0.5 TrackId= 44
### New exotic particle produced: ldmphoton Ekin(GeV)= 1.21848 Mass(GeV)= 0.5 TrackId= 55
### New exotic particle produced: ldmphoton Ekin(GeV)= 0.707708 Mass(GeV)= 0.5 TrackId= 63
### New exotic particle produced: ldmphoton Ekin(GeV)= 6.79631 Mass(GeV)= 0.5 TrackId= 12
### New exotic particle produced: ldmphoton Ekin(GeV)= 3.63515 Mass(GeV)= 0.5 TrackId= 13
### New exotic particle produced: ldmphoton Ekin(GeV)= 2.19164 Mass(GeV)= 0.5 TrackId= 22
### New exotic particle produced: ldmphoton Ekin(GeV)= 1.60221 Mass(GeV)= 0.5 TrackId= 49
### New exotic particle produced: ldmphoton Ekin(GeV)= 7.08858 Mass(GeV)= 0.5 TrackId= 51
### New exotic particle produced: ldmphoton Ekin(GeV)= 0.628628 Mass(GeV)= 0.5 TrackId= 68
### New exotic particle produced: ldmphoton Ekin(GeV)= 1.50764 Mass(GeV)= 0.5 TrackId= 72
--> Event 90 starts.
### New exotic particle produced: ldmphoton Ekin(GeV)= 3.72851 Mass(GeV)= 0.5 TrackId= 25
### New exotic particle produced: ldmphoton Ekin(GeV)= 23.7781 Mass(GeV)= 0.5 TrackId= 51
### New exotic particle produced: ldmphoton Ekin(GeV)= 4.04022 Mass(GeV)= 0.5 TrackId= 53
### New exotic particle produced: ldmphoton Ekin(GeV)= 10.0292 Mass(GeV)= 0.5 TrackId= 55
### New exotic particle produced: ldmphoton Ekin(GeV)= 0.837468 Mass(GeV)= 0.5 TrackId= 69
### New exotic particle produced: ldmphoton Ekin(GeV)= 0.873321 Mass(GeV)= 0.5 TrackId= 15
### New exotic particle produced: ldmphoton Ekin(GeV)= 4.06762 Mass(GeV)= 0.5 TrackId= 19
### New exotic particle produced: ldmphoton Ekin(GeV)= 0.654297 Mass(GeV)= 0.5 TrackId= 36
### New exotic particle produced: ldmphoton Ekin(GeV)= 7.13209 Mass(GeV)= 0.5 TrackId= 38
### New exotic particle produced: ldmphoton Ekin(GeV)= 4.59447 Mass(GeV)= 0.5 TrackId= 59
### New exotic particle produced: ldmphoton Ekin(GeV)= 5.54846 Mass(GeV)= 0.5 TrackId= 88
### New exotic particle produced: ldmphoton Ekin(GeV)= 20.3726 Mass(GeV)= 0.5 TrackId= 39
### New exotic particle produced: ldmphoton Ekin(GeV)= 0.834882 Mass(GeV)= 0.5 TrackId= 57
### New exotic particle produced: ldmphoton Ekin(GeV)= 0.821508 Mass(GeV)= 0.5 TrackId= 58
### New exotic particle produced: ldmphoton Ekin(GeV)= 1.78394 Mass(GeV)= 0.5 TrackId= 68
### New exotic particle produced: ldmphoton Ekin(GeV)= 2.79028 Mass(GeV)= 0.5 TrackId= 18
### New exotic particle produced: ldmphoton Ekin(GeV)= 6.5399 Mass(GeV)= 0.5 TrackId= 26
### New exotic particle produced: ldmphoton Ekin(GeV)= 19.3242 Mass(GeV)= 0.5 TrackId= 41
### New exotic particle produced: ldmphoton Ekin(GeV)= 1.26011 Mass(GeV)= 0.5 TrackId= 76
### New exotic particle produced: ldmphoton Ekin(GeV)= 1.78459 Mass(GeV)= 0.5 TrackId= 12
### New exotic particle produced: ldmphoton Ekin(GeV)= 1.27301 Mass(GeV)= 0.5 TrackId= 28
### New exotic particle produced: ldmphoton Ekin(GeV)= 1.02732 Mass(GeV)= 0.5 TrackId= 41
### New exotic particle produced: ldmphoton Ekin(GeV)= 12.6259 Mass(GeV)= 0.5 TrackId= 45
### New exotic particle produced: ldmphoton Ekin(GeV)= 0.839055 Mass(GeV)= 0.5 TrackId= 54
### New exotic particle produced: ldmphoton Ekin(GeV)= 8.5477 Mass(GeV)= 0.5 TrackId= 62
### New exotic particle produced: ldmphoton Ekin(GeV)= 4.6216 Mass(GeV)= 0.5 TrackId= 72
### New exotic particle produced: ldmphoton Ekin(GeV)= 4.74794 Mass(GeV)= 0.5 TrackId= 4
### New exotic particle produced: ldmphoton Ekin(GeV)= 2.86417 Mass(GeV)= 0.5 TrackId= 9
### New exotic particle produced: ldmphoton Ekin(GeV)= 2.52997 Mass(GeV)= 0.5 TrackId= 26
### New exotic particle produced: ldmphoton Ekin(GeV)= 13.4524 Mass(GeV)= 0.5 TrackId= 27
### New exotic particle produced: ldmphoton Ekin(GeV)= 5.31108 Mass(GeV)= 0.5 TrackId= 28
### New exotic particle produced: ldmphoton Ekin(GeV)= 2.36813 Mass(GeV)= 0.5 TrackId= 41
### New exotic particle produced: ldmphoton Ekin(GeV)= 18.5458 Mass(GeV)= 0.5 TrackId= 48
### New exotic particle produced: ldmphoton Ekin(GeV)= 4.03786 Mass(GeV)= 0.5 TrackId= 55
### New exotic particle produced: ldmphoton Ekin(GeV)= 0.753539 Mass(GeV)= 0.5 TrackId= 57
### New exotic particle produced: ldmphoton Ekin(GeV)= 0.601505 Mass(GeV)= 0.5 TrackId= 64
### New exotic particle produced: ldmphoton Ekin(GeV)= 6.93187 Mass(GeV)= 0.5 TrackId= 78
### New exotic particle produced: ldmphoton Ekin(GeV)= 0.660199 Mass(GeV)= 0.5 TrackId= 6
### New exotic particle produced: ldmphoton Ekin(GeV)= 3.49934 Mass(GeV)= 0.5 TrackId= 7
### New exotic particle produced: ldmphoton Ekin(GeV)= 19.5859 Mass(GeV)= 0.5 TrackId= 13
### New exotic particle produced: ldmphoton Ekin(GeV)= 3.28678 Mass(GeV)= 0.5 TrackId= 14
### New exotic particle produced: ldmphoton Ekin(GeV)= 3.82235 Mass(GeV)= 0.5 TrackId= 29
### New exotic particle produced: ldmphoton Ekin(GeV)= 11.7446 Mass(GeV)= 0.5 TrackId= 35
### New exotic particle produced: ldmphoton Ekin(GeV)= 0.92071 Mass(GeV)= 0.5 TrackId= 52
### New exotic particle produced: ldmphoton Ekin(GeV)= 30.3745 Mass(GeV)= 0.5 TrackId= 68
### New exotic particle produced: ldmphoton Ekin(GeV)= 13.9534 Mass(GeV)= 0.5 TrackId= 4
### New exotic particle produced: ldmphoton Ekin(GeV)= 7.69231 Mass(GeV)= 0.5 TrackId= 17
### New exotic particle produced: ldmphoton Ekin(GeV)= 6.4691 Mass(GeV)= 0.5 TrackId= 54
### New exotic particle produced: ldmphoton Ekin(GeV)= 2.41871 Mass(GeV)= 0.5 TrackId= 29
### New exotic particle produced: ldmphoton Ekin(GeV)= 19.7198 Mass(GeV)= 0.5 TrackId= 59
### New exotic particle produced: ldmphoton Ekin(GeV)= 8.70235 Mass(GeV)= 0.5 TrackId= 72
### New exotic particle produced: ldmphoton Ekin(GeV)= 0.652244 Mass(GeV)= 0.5 TrackId= 30
### New exotic particle produced: ldmphoton Ekin(GeV)= 15.461 Mass(GeV)= 0.5 TrackId= 62
 Run terminated.
Run Summary
  Number of events processed : 100
  User=0.770000s Real=0.859475s Sys=0.010000s
RunAction: End of run actions are started 1  Nevt=  100  Edep= 4224.44
 ====================================================
   Beam Particle: proton
   Ekin(GeV)    = 100
   Z(mm)        = -779.999
 ================== run summary =====================
   End of Run TotNbofEvents    = 100

   Mean energy deposit in absorber = 4.2244 +- 0.09194 GeV    RMS/Emean = 0.21764
   Mean number of steps in absorber= 86.51

 ================== run end ==========================
... write file : dmp.root - done
... close file : dmp.root - done
... clear all data - done
Graphics systems deleted.
Visualization Manager deleting...
================== Deleting memory pools ===================
Number of memory pools allocated: 10 of which, static: 0
Dynamic pools deleted: 10 / Total memory freed: 0.081 MB
============================================================
