
*************************************************************
 Geant4 version Name: geant4-09-04-ref-10    (4-November-2011)
                      Copyright : Geant4 Collaboration
                      Reference : NIM A 506 (2003), 250-303
                            WWW : http://cern.ch/geant4
*************************************************************

Checking overlaps for volume crystal ... OK! 
Checking overlaps for volume crystal ... OK! 
Checking overlaps for volume crystal ... OK! 
Checking overlaps for volume crystal ... OK! 
Checking overlaps for volume crystal ... OK! 
Checking overlaps for volume crystal ... OK! 
Checking overlaps for volume crystal ... OK! 
Checking overlaps for volume crystal ... OK! 
Checking overlaps for volume crystal ... OK! 
Checking overlaps for volume crystal ... OK! 
Checking overlaps for volume crystal ... OK! 
Checking overlaps for volume crystal ... OK! 
Checking overlaps for volume crystal ... OK! 
Checking overlaps for volume crystal ... OK! 
Checking overlaps for volume crystal ... OK! 
Checking overlaps for volume crystal ... OK! 
Checking overlaps for volume crystal ... OK! 
Checking overlaps for volume crystal ... OK! 
Checking overlaps for volume crystal ... OK! 
Checking overlaps for volume crystal ... OK! 
Checking overlaps for volume crystal ... OK! 
Checking overlaps for volume crystal ... OK! 
Checking overlaps for volume crystal ... OK! 
Checking overlaps for volume crystal ... OK! 
Checking overlaps for volume crystal ... OK! 
Checking overlaps for volume crystal ... OK! 
Checking overlaps for volume crystal ... OK! 
Checking overlaps for volume crystal ... OK! 
Checking overlaps for volume crystal ... OK! 
Checking overlaps for volume crystal ... OK! 
Checking overlaps for volume crystal ... OK! 
Checking overlaps for volume crystal ... OK! 
Checking overlaps for volume ring ... OK! 
Checking overlaps for volume ring ... OK! 
Checking overlaps for volume ring ... OK! 
Checking overlaps for volume ring ... OK! 
Checking overlaps for volume ring ... OK! 
Checking overlaps for volume ring ... OK! 
Checking overlaps for volume ring ... OK! 
Checking overlaps for volume ring ... OK! 
Checking overlaps for volume ring ... OK! 
Checking overlaps for volume Detector ... OK! 
Checking overlaps for volume Patient ... OK! 

***** Table : Nb of materials = 3 *****

 Material:  Lu2SiO5    density:  7.400 g/cm3   RadL:   1.143 cm   Nucl.Int.Length:  20.922 cm   Imean: 418.807 eV 
   --->  Element: Lu (Lu)   Z = 71.0   N = 175.0   A = 174.97 g/mole  ElmMassFraction:  76.40 %  ElmAbundance  25.00 %
   --->  Element: Si (Si)   Z = 14.0   N =  28.1   A =  28.09 g/mole  ElmMassFraction:   6.13 %  ElmAbundance  12.50 %
   --->  Element: O (O)   Z =  8.0   N =  16.0   A =  16.00 g/mole  ElmMassFraction:  17.47 %  ElmAbundance  62.50 %

 Material:   G4_AIR    density:  1.205 mg/cm3  RadL: 303.921 m    Nucl.Int.Length: 710.261 m    Imean:  85.700 eV   temperature: 273.15 K  pressure:   1.00 atm
   --->  Element: C (C)   Z =  6.0   N =  12.0   A =  12.01 g/mole  ElmMassFraction:   0.01 %  ElmAbundance   0.02 %
   --->  Element: N (N)   Z =  7.0   N =  14.0   A =  14.01 g/mole  ElmMassFraction:  75.53 %  ElmAbundance  78.44 %
   --->  Element: O (O)   Z =  8.0   N =  16.0   A =  16.00 g/mole  ElmMassFraction:  23.18 %  ElmAbundance  21.07 %
   --->  Element: Ar (Ar)   Z = 18.0   N =  39.9   A =  39.95 g/mole  ElmMassFraction:   1.28 %  ElmAbundance   0.47 %

 Material: G4_BRAIN_ICRP    density:  1.040 g/cm3   RadL:  35.403 cm   Nucl.Int.Length:  72.293 cm   Imean:  73.300 eV 
   --->  Element: H (H)   Z =  1.0   N =   1.0   A =   1.01 g/mole  ElmMassFraction:  10.70 %  ElmAbundance  64.44 %
   --->  Element: C (C)   Z =  6.0   N =  12.0   A =  12.01 g/mole  ElmMassFraction:  14.50 %  ElmAbundance   7.33 %
   --->  Element: N (N)   Z =  7.0   N =  14.0   A =  14.01 g/mole  ElmMassFraction:   2.20 %  ElmAbundance   0.95 %
   --->  Element: O (O)   Z =  8.0   N =  16.0   A =  16.00 g/mole  ElmMassFraction:  71.20 %  ElmAbundance  27.01 %
   --->  Element: Na (Na)   Z = 11.0   N =  23.0   A =  22.99 g/mole  ElmMassFraction:   0.20 %  ElmAbundance   0.05 %
   --->  Element: P (P)   Z = 15.0   N =  31.0   A =  30.97 g/mole  ElmMassFraction:   0.40 %  ElmAbundance   0.08 %
   --->  Element: S (S)   Z = 16.0   N =  32.1   A =  32.07 g/mole  ElmMassFraction:   0.20 %  ElmAbundance   0.04 %
   --->  Element: Cl (Cl)   Z = 17.0   N =  35.5   A =  35.45 g/mole  ElmMassFraction:   0.30 %  ElmAbundance   0.05 %
   --->  Element: K (K)   Z = 19.0   N =  39.1   A =  39.10 g/mole  ElmMassFraction:   0.30 %  ElmAbundance   0.05 %


G4SDManager::AddNewCollection : the collection <crystal/edep> is registered at 1
New sensitive detector <crystal> is registored at /
G4SDManager::AddNewCollection : the collection <patient/dose> is registered at 2
New sensitive detector <patient> is registored at /
Visualization Manager instantiating with verbosity "warnings (3)"...
Visualization Manager initialising...
Registering graphics systems...

You have successfully registered the following graphics systems.
Current available graphics systems are:
  ASCIITree (ATree)
  DAWNFILE (DAWNFILE)
  G4HepRep (HepRepXML)
  G4HepRepFile (HepRepFile)
  RayTracer (RayTracer)
  VRML1FILE (VRML1FILE)
  VRML2FILE (VRML2FILE)
  gMocrenFile (gMocrenFile)
  FukuiRenderer (DAWN)
  OpenGLStoredX (OGL)
  OpenGLImmediateX (OGLI)
  OpenGLStoredX (OGLS)
  OpenGLImmediateX (OGLIX)
  OpenGLStoredX (OGLSX)
  OpenGLImmediateXm (OGLIXm)
  OpenGLStoredXm (OGLSXm)
  OpenInventorXt (OI)
  OpenInventorXt (OIX)
  VRML1 (VRML1)
  VRML2 (VRML2)

Registering model factories...

You have successfully registered the following model factories.
Registered model factories:
  generic
  drawByCharge
  drawByParticleID
  drawByOriginVolume
  drawByAttribute

Registered filter factories:
  chargeFilter
  particleFilter
  originVolumeFilter
  attributeFilter

#
/run/beamOn 10000
### Run 0 start.

---> Begin of event: 0

--------------------End of Run------------------------------
 The run was 10000 F18[0.0]; Nb of 'good' e+ annihilations: 1278
 Total dose in patient : 288.606 picoGy 
------------------------------------------------------------

Graphics systems deleted.
Visualization Manager deleting...
