
        ############################################
        !!! WARNING - FPE detection is activated !!!
        ############################################

*************************************************************
 Geant4 version Name: geant4-10-00-ref-07    (31-July-2014)
                      Copyright : Geant4 Collaboration
                      Reference : NIM A 506 (2003), 250-303
                            WWW : http://cern.ch/geant4
*************************************************************

<<< Geant4 Physics List simulation engine: FTFP_BERT 2.0

Using Root

The materials defined are : 


***** Table : Nb of materials = 5 *****

 Material:   G4_AIR    density:  1.205 mg/cm3  RadL: 303.921 m    Nucl.Int.Length: 710.137 m  
                       Imean:  85.700 eV   temperature: 273.15 K  pressure:   1.00 atm

   --->  Element: C (C)   Z =  6.0   N =  12.0   A =  12.01 g/mole
         --->  Isotope:   C12   Z =  6   N =  12   A =  12.00 g/mole   abundance:  98.93 %
         --->  Isotope:   C13   Z =  6   N =  13   A =  13.00 g/mole   abundance:   1.07 %
          ElmMassFraction:   0.01 %  ElmAbundance   0.02 % 

   --->  Element: N (N)   Z =  7.0   N =  14.0   A =  14.01 g/mole
         --->  Isotope:   N14   Z =  7   N =  14   A =  14.00 g/mole   abundance:  99.63 %
         --->  Isotope:   N15   Z =  7   N =  15   A =  15.00 g/mole   abundance:   0.37 %
          ElmMassFraction:  75.53 %  ElmAbundance  78.44 % 

   --->  Element: O (O)   Z =  8.0   N =  16.0   A =  16.00 g/mole
         --->  Isotope:   O16   Z =  8   N =  16   A =  15.99 g/mole   abundance:  99.76 %
         --->  Isotope:   O17   Z =  8   N =  17   A =  17.00 g/mole   abundance:   0.04 %
         --->  Isotope:   O18   Z =  8   N =  18   A =  18.00 g/mole   abundance:   0.20 %
          ElmMassFraction:  23.18 %  ElmAbundance  21.07 % 

   --->  Element: Ar (Ar)   Z = 18.0   N =  40.0   A =  39.95 g/mole
         --->  Isotope:  Ar36   Z = 18   N =  36   A =  35.97 g/mole   abundance:   0.34 %
         --->  Isotope:  Ar38   Z = 18   N =  38   A =  37.96 g/mole   abundance:   0.06 %
         --->  Isotope:  Ar40   Z = 18   N =  40   A =  39.96 g/mole   abundance:  99.60 %
          ElmMassFraction:   1.28 %  ElmAbundance   0.47 % 


 Material:    G4_Ar    density:  1.662 mg/cm3  RadL: 117.621 m    Nucl.Int.Length: 719.437 m  
                       Imean: 188.000 eV   temperature: 273.15 K  pressure:   1.00 atm

   --->  Element: Ar (Ar)   Z = 18.0   N =  40.0   A =  39.95 g/mole
         --->  Isotope:  Ar36   Z = 18   N =  36   A =  35.97 g/mole   abundance:   0.34 %
         --->  Isotope:  Ar38   Z = 18   N =  38   A =  37.96 g/mole   abundance:   0.06 %
         --->  Isotope:  Ar40   Z = 18   N =  40   A =  39.96 g/mole   abundance:  99.60 %
          ElmMassFraction: 100.00 %  ElmAbundance 100.00 % 


 Material: G4_PLASTIC_SC_VINYLTOLUENE    density:  1.032 g/cm3   RadL:  42.544 cm   Nucl.Int.Length:  70.065 cm 
                       Imean:  64.700 eV 

   --->  Element: C (C)   Z =  6.0   N =  12.0   A =  12.01 g/mole
         --->  Isotope:   C12   Z =  6   N =  12   A =  12.00 g/mole   abundance:  98.93 %
         --->  Isotope:   C13   Z =  6   N =  13   A =  13.00 g/mole   abundance:   1.07 %
          ElmMassFraction:  91.47 %  ElmAbundance  47.37 % 

   --->  Element: H (H)   Z =  1.0   N =   1.0   A =   1.01 g/mole
         --->  Isotope:    H1   Z =  1   N =   1   A =   1.01 g/mole   abundance:  99.99 %
         --->  Isotope:    H2   Z =  1   N =   2   A =   2.01 g/mole   abundance:   0.01 %
          ElmMassFraction:   8.53 %  ElmAbundance  52.63 % 


 Material: G4_CESIUM_IODIDE    density:  4.510 g/cm3   RadL:   1.860 cm   Nucl.Int.Length:  39.287 cm 
                       Imean: 553.100 eV 

   --->  Element: Cs (Cs)   Z = 55.0   N = 133.0   A = 132.91 g/mole
         --->  Isotope: Cs133   Z = 55   N = 133   A = 132.91 g/mole   abundance: 100.00 %
          ElmMassFraction:  51.15 %  ElmAbundance  50.00 % 

   --->  Element: I (I)   Z = 53.0   N = 127.0   A = 126.90 g/mole
         --->  Isotope:  I127   Z = 53   N = 127   A = 126.90 g/mole   abundance: 100.00 %
          ElmMassFraction:  48.85 %  ElmAbundance  50.00 % 


 Material:    G4_Pb    density: 11.350 g/cm3   RadL:   5.613 mm   Nucl.Int.Length:  18.247 cm 
                       Imean: 823.000 eV 

   --->  Element: Pb (Pb)   Z = 82.0   N = 207.2   A = 207.22 g/mole
         --->  Isotope: Pb204   Z = 82   N = 204   A = 203.97 g/mole   abundance:   1.40 %
         --->  Isotope: Pb206   Z = 82   N = 206   A = 205.97 g/mole   abundance:  24.10 %
         --->  Isotope: Pb207   Z = 82   N = 207   A = 206.98 g/mole   abundance:  22.10 %
         --->  Isotope: Pb208   Z = 82   N = 208   A = 207.98 g/mole   abundance:  52.40 %
          ElmMassFraction: 100.00 %  ElmAbundance 100.00 % 



Checking overlaps for volume magneticPhysical ... OK! 
Checking overlaps for volume firstArmPhysical ... OK! 
Checking overlaps for volume fSecondArmPhys ... OK! 
Checking overlaps for volume hodoscope1Physical ... OK! 
Checking overlaps for volume hodoscope1Physical ... OK! 
Checking overlaps for volume hodoscope1Physical ... OK! 
Checking overlaps for volume hodoscope1Physical ... OK! 
Checking overlaps for volume hodoscope1Physical ... OK! 
Checking overlaps for volume hodoscope1Physical ... OK! 
Checking overlaps for volume hodoscope1Physical ... OK! 
Checking overlaps for volume hodoscope1Physical ... OK! 
Checking overlaps for volume hodoscope1Physical ... OK! 
Checking overlaps for volume hodoscope1Physical ... OK! 
Checking overlaps for volume hodoscope1Physical ... OK! 
Checking overlaps for volume hodoscope1Physical ... OK! 
Checking overlaps for volume hodoscope1Physical ... OK! 
Checking overlaps for volume hodoscope1Physical ... OK! 
Checking overlaps for volume hodoscope1Physical ... OK! 
Checking overlaps for volume chamber1Physical ... OK! 
Checking overlaps for volume chamber1Physical ... OK! 
Checking overlaps for volume chamber1Physical ... OK! 
Checking overlaps for volume chamber1Physical ... OK! 
Checking overlaps for volume chamber1Physical ... OK! 
Checking overlaps for volume wirePlane1Physical ... OK! 
Checking overlaps for volume hodoscope2Physical ... OK! 
Checking overlaps for volume hodoscope2Physical ... OK! 
Checking overlaps for volume hodoscope2Physical ... OK! 
Checking overlaps for volume hodoscope2Physical ... OK! 
Checking overlaps for volume hodoscope2Physical ... OK! 
Checking overlaps for volume hodoscope2Physical ... OK! 
Checking overlaps for volume hodoscope2Physical ... OK! 
Checking overlaps for volume hodoscope2Physical ... OK! 
Checking overlaps for volume hodoscope2Physical ... OK! 
Checking overlaps for volume hodoscope2Physical ... OK! 
Checking overlaps for volume hodoscope2Physical ... OK! 
Checking overlaps for volume hodoscope2Physical ... OK! 
Checking overlaps for volume hodoscope2Physical ... OK! 
Checking overlaps for volume hodoscope2Physical ... OK! 
Checking overlaps for volume hodoscope2Physical ... OK! 
Checking overlaps for volume hodoscope2Physical ... OK! 
Checking overlaps for volume hodoscope2Physical ... OK! 
Checking overlaps for volume hodoscope2Physical ... OK! 
Checking overlaps for volume hodoscope2Physical ... OK! 
Checking overlaps for volume hodoscope2Physical ... OK! 
Checking overlaps for volume hodoscope2Physical ... OK! 
Checking overlaps for volume hodoscope2Physical ... OK! 
Checking overlaps for volume hodoscope2Physical ... OK! 
Checking overlaps for volume hodoscope2Physical ... OK! 
Checking overlaps for volume hodoscope2Physical ... OK! 
Checking overlaps for volume chamber2Physical ... OK! 
Checking overlaps for volume chamber2Physical ... OK! 
Checking overlaps for volume chamber2Physical ... OK! 
Checking overlaps for volume chamber2Physical ... OK! 
Checking overlaps for volume chamber2Physical ... OK! 
Checking overlaps for volume wirePlane2Physical ... OK! 
Checking overlaps for volume EMcalorimeterPhysical ... OK! 
Checking overlaps for volume HadCalorimeterPhysical ... OK! 
Checking overlaps for volume HadCalScintiPhysical ... OK! 
### Adding tracking cuts for neutron  TimeCut(ns)= 10000  KinEnergyCut(MeV)= 0
Visualization Manager instantiating with verbosity "warnings (3)"...
Visualization Manager initialising...
Registering graphics systems...

You have successfully registered the following graphics systems.
Current available graphics systems are:
  ASCIITree (ATree)
  DAWNFILE (DAWNFILE)
  G4HepRep (HepRepXML)
  G4HepRepFile (HepRepFile)
  OpenGLImmediateX (OGLIX)
  OpenGLImmediateXm (OGLI, OGLIXm)
  OpenGLStoredX (OGLSX)
  OpenGLStoredXm (OGL, OGLS, OGLSXm)
  RayTracer (RayTracer)
  RayTracerX (RayTracerX)
  VRML1FILE (VRML1FILE)
  VRML2FILE (VRML2FILE)
  gMocrenFile (gMocrenFile)

Registering model factories...

You have successfully registered the following model factories.
Registered model factories:
  generic
  drawByCharge
  drawByParticleID
  drawByOriginVolume
  drawByAttribute

Registered filter factories:
  chargeFilter
  particleFilter
  originVolumeFilter
  attributeFilter

You have successfully registered the following user vis actions.
Run Duration User Vis Actions: none
End of Event User Vis Actions: none
End of Run User Vis Actions: none

Some /vis commands (optionally) take a string to specify colour.
Available colours:
  black, blue, brown, cyan, gray, green, grey, magenta, red, white, yellow


phot:   for  gamma    SubType= 12
      LambdaPrime table from 200 keV to 10 TeV in 54 bins 
      ===== EM models for the G4Region  DefaultRegionForTheWorld ======
       PhotoElectric :  Emin=        0 eV    Emax=       10 TeV   AngularGenSauterGavrila  FluoActive

compt:   for  gamma    SubType= 13
      Lambda table from 100 eV  to 1 MeV in 28 bins, spline: 1
      LambdaPrime table from 1 MeV to 10 TeV in 49 bins 
      ===== EM models for the G4Region  DefaultRegionForTheWorld ======
       Klein-Nishina :  Emin=        0 eV    Emax=       10 TeV

conv:   for  gamma    SubType= 14
      Lambda table from 1.022 MeV to 10 TeV in 140 bins, spline: 1
      ===== EM models for the G4Region  DefaultRegionForTheWorld ======
        BetheHeitler :  Emin=        0 eV    Emax=       80 GeV
     BetheHeitlerLPM :  Emin=       80 GeV   Emax=       10 TeV

msc:   for e-    SubType= 10
      RangeFactor= 0.04, stepLimitType: 1, latDisplacement: 1
      ===== EM models for the G4Region  DefaultRegionForTheWorld ======
            UrbanMsc :  Emin=        0 eV    Emax=      100 MeV  Table with 42 bins Emin=    100 eV    Emax=    100 MeV
        WentzelVIUni :  Emin=      100 MeV   Emax=       10 TeV  Table with 35 bins Emin=    100 MeV   Emax=     10 TeV

eIoni:   for  e-    SubType= 2
      dE/dx and range tables from 100 eV  to 10 TeV in 77 bins
      Lambda tables from threshold to 10 TeV in 77 bins, spline: 1
      finalRange(mm)= 1, dRoverRange= 0.2, integral: 1, fluct: 1, linLossLimit= 0.01
      ===== EM models for the G4Region  DefaultRegionForTheWorld ======
        MollerBhabha :  Emin=        0 eV    Emax=       10 TeV

eBrem:   for  e-    SubType= 3
      dE/dx and range tables from 100 eV  to 10 TeV in 77 bins
      Lambda tables from threshold to 10 TeV in 77 bins, spline: 1
      LPM flag: 1 for E > 1 GeV
      ===== EM models for the G4Region  DefaultRegionForTheWorld ======
             eBremSB :  Emin=        0 eV    Emax=        1 GeV   DipBustGen
            eBremLPM :  Emin=        1 GeV   Emax=       10 TeV   DipBustGen

CoulombScat:   for  e-    SubType= 1
      Lambda table from 100 MeV to 10 TeV in 35 bins, spline: 1
      180 < Theta(degree) < 180 pLimit(GeV^1)= 0.139531
      ===== EM models for the G4Region  DefaultRegionForTheWorld ======
  eCoulombScattering :  Emin=      100 MeV   Emax=       10 TeV

msc:   for e+    SubType= 10
      RangeFactor= 0.04, stepLimitType: 1, latDisplacement: 1
      ===== EM models for the G4Region  DefaultRegionForTheWorld ======
            UrbanMsc :  Emin=        0 eV    Emax=      100 MeV  Table with 42 bins Emin=    100 eV    Emax=    100 MeV
        WentzelVIUni :  Emin=      100 MeV   Emax=       10 TeV  Table with 35 bins Emin=    100 MeV   Emax=     10 TeV

eIoni:   for  e+    SubType= 2
      dE/dx and range tables from 100 eV  to 10 TeV in 77 bins
      Lambda tables from threshold to 10 TeV in 77 bins, spline: 1
      finalRange(mm)= 1, dRoverRange= 0.2, integral: 1, fluct: 1, linLossLimit= 0.01
      ===== EM models for the G4Region  DefaultRegionForTheWorld ======
        MollerBhabha :  Emin=        0 eV    Emax=       10 TeV

eBrem:   for  e+    SubType= 3
      dE/dx and range tables from 100 eV  to 10 TeV in 77 bins
      Lambda tables from threshold to 10 TeV in 77 bins, spline: 1
      LPM flag: 1 for E > 1 GeV
      ===== EM models for the G4Region  DefaultRegionForTheWorld ======
             eBremSB :  Emin=        0 eV    Emax=        1 GeV   DipBustGen
            eBremLPM :  Emin=        1 GeV   Emax=       10 TeV   DipBustGen

annihil:   for  e+    SubType= 5
      ===== EM models for the G4Region  DefaultRegionForTheWorld ======
            eplus2gg :  Emin=        0 eV    Emax=       10 TeV

CoulombScat:   for  e+    SubType= 1
      Lambda table from 100 MeV to 10 TeV in 35 bins, spline: 1
      180 < Theta(degree) < 180 pLimit(GeV^1)= 0.139531
      ===== EM models for the G4Region  DefaultRegionForTheWorld ======
  eCoulombScattering :  Emin=      100 MeV   Emax=       10 TeV

msc:   for proton    SubType= 10
      RangeFactor= 0.2, step limit type: 0, lateralDisplacement: 1, polarAngleLimit(deg)= 180
      ===== EM models for the G4Region  DefaultRegionForTheWorld ======
        WentzelVIUni :  Emin=        0 eV    Emax=       10 TeV  Table with 77 bins Emin=    100 eV    Emax=     10 TeV

hIoni:   for  proton    SubType= 2
      dE/dx and range tables from 100 eV  to 10 TeV in 77 bins
      Lambda tables from threshold to 10 TeV in 77 bins, spline: 1
      finalRange(mm)= 0.1, dRoverRange= 0.2, integral: 1, fluct: 1, linLossLimit= 0.01
      ===== EM models for the G4Region  DefaultRegionForTheWorld ======
               Bragg :  Emin=        0 eV    Emax=        2 MeV
          BetheBloch :  Emin=        2 MeV   Emax=       10 TeV

hBrems:   for  proton    SubType= 3
      dE/dx and range tables from 100 eV  to 10 TeV in 77 bins
      Lambda tables from threshold to 10 TeV in 77 bins, spline: 1
      ===== EM models for the G4Region  DefaultRegionForTheWorld ======
               hBrem :  Emin=        0 eV    Emax=       10 TeV

hPairProd:   for  proton    SubType= 4
      dE/dx and range tables from 100 eV  to 10 TeV in 77 bins
      Lambda tables from threshold to 10 TeV in 77 bins, spline: 1
      Sampling table 13x1001 from 7.50618 GeV to 10 TeV 
      ===== EM models for the G4Region  DefaultRegionForTheWorld ======
           hPairProd :  Emin=        0 eV    Emax=       10 TeV

CoulombScat:   for  proton    SubType= 1
      Lambda table from 100 eV  to 10 TeV in 49 bins, spline: 1
      180 < Theta(degree) < 180 pLimit(GeV^1)= 0.139531
      ===== EM models for the G4Region  DefaultRegionForTheWorld ======
  eCoulombScattering :  Emin=        0 eV    Emax=       10 TeV

msc:   for GenericIon    SubType= 10
      RangeFactor= 0.2, stepLimitType: 0, latDisplacement: 0
      ===== EM models for the G4Region  DefaultRegionForTheWorld ======
            UrbanMsc :  Emin=        0 eV    Emax=       10 TeV

ionIoni:   for  GenericIon    SubType= 2
      dE/dx and range tables from 100 eV  to 10 TeV in 77 bins
      Lambda tables from threshold to 10 TeV in 77 bins, spline: 1
      finalRange(mm)= 0.01, dRoverRange= 0.1, integral: 1, fluct: 1, linLossLimit= 0.02
      Stopping Power data for 17 ion/material pairs 
      ===== EM models for the G4Region  DefaultRegionForTheWorld ======
            BraggIon :  Emin=        0 eV    Emax=        2 MeV
          BetheBloch :  Emin=        2 MeV   Emax=       10 TeV

msc:   for alpha    SubType= 10
      RangeFactor= 0.2, stepLimitType: 0, latDisplacement: 0
      ===== EM models for the G4Region  DefaultRegionForTheWorld ======
            UrbanMsc :  Emin=        0 eV    Emax=       10 TeV  Table with 77 bins Emin=    100 eV    Emax=     10 TeV

ionIoni:   for  alpha    SubType= 2
      dE/dx and range tables from 100 eV  to 10 TeV in 77 bins
      Lambda tables from threshold to 10 TeV in 77 bins, spline: 1
      finalRange(mm)= 0.01, dRoverRange= 0.1, integral: 1, fluct: 1, linLossLimit= 0.02
      ===== EM models for the G4Region  DefaultRegionForTheWorld ======
            BraggIon :  Emin=        0 eV    Emax=   7.9452 MeV
          BetheBloch :  Emin=   7.9452 MeV   Emax=       10 TeV

msc:   for anti_proton    SubType= 10
      RangeFactor= 0.2, step limit type: 0, lateralDisplacement: 1, polarAngleLimit(deg)= 180
      ===== EM models for the G4Region  DefaultRegionForTheWorld ======
        WentzelVIUni :  Emin=        0 eV    Emax=       10 TeV  Table with 77 bins Emin=    100 eV    Emax=     10 TeV

hIoni:   for  anti_proton    SubType= 2
      dE/dx and range tables from 100 eV  to 10 TeV in 77 bins
      Lambda tables from threshold to 10 TeV in 77 bins, spline: 1
      finalRange(mm)= 0.1, dRoverRange= 0.2, integral: 1, fluct: 1, linLossLimit= 0.01
      ===== EM models for the G4Region  DefaultRegionForTheWorld ======
            ICRU73QO :  Emin=        0 eV    Emax=        2 MeV
          BetheBloch :  Emin=        2 MeV   Emax=       10 TeV

hBrems:   for  anti_proton    SubType= 3
      dE/dx and range tables from 100 eV  to 10 TeV in 77 bins
      Lambda tables from threshold to 10 TeV in 77 bins, spline: 1
      ===== EM models for the G4Region  DefaultRegionForTheWorld ======
               hBrem :  Emin=        0 eV    Emax=       10 TeV

hPairProd:   for  anti_proton    SubType= 4
      dE/dx and range tables from 100 eV  to 10 TeV in 77 bins
      Lambda tables from threshold to 10 TeV in 77 bins, spline: 1
      Sampling table 13x1001 from 7.50618 GeV to 10 TeV 
      ===== EM models for the G4Region  DefaultRegionForTheWorld ======
           hPairProd :  Emin=        0 eV    Emax=       10 TeV

msc:   for kaon+    SubType= 10
      RangeFactor= 0.2, step limit type: 0, lateralDisplacement: 1, polarAngleLimit(deg)= 180
      ===== EM models for the G4Region  DefaultRegionForTheWorld ======
        WentzelVIUni :  Emin=        0 eV    Emax=       10 TeV  Table with 77 bins Emin=    100 eV    Emax=     10 TeV

hIoni:   for  kaon+    SubType= 2
      dE/dx and range tables from 100 eV  to 10 TeV in 77 bins
      Lambda tables from threshold to 10 TeV in 77 bins, spline: 1
      finalRange(mm)= 0.1, dRoverRange= 0.2, integral: 1, fluct: 1, linLossLimit= 0.01
      ===== EM models for the G4Region  DefaultRegionForTheWorld ======
               Bragg :  Emin=        0 eV    Emax=  1.05231 MeV
          BetheBloch :  Emin=  1.05231 MeV   Emax=       10 TeV

hBrems:   for  kaon+    SubType= 3
      dE/dx and range tables from 100 eV  to 10 TeV in 77 bins
      Lambda tables from threshold to 10 TeV in 77 bins, spline: 1
      ===== EM models for the G4Region  DefaultRegionForTheWorld ======
               hBrem :  Emin=        0 eV    Emax=       10 TeV

hPairProd:   for  kaon+    SubType= 4
      dE/dx and range tables from 100 eV  to 10 TeV in 77 bins
      Lambda tables from threshold to 10 TeV in 77 bins, spline: 1
      Sampling table 14x1001 from 3.94942 GeV to 10 TeV 
      ===== EM models for the G4Region  DefaultRegionForTheWorld ======
           hPairProd :  Emin=        0 eV    Emax=       10 TeV

CoulombScat:   for  kaon+    SubType= 1
      Lambda table from 100 eV  to 10 TeV in 47 bins, spline: 1
      180 < Theta(degree) < 180 pLimit(GeV^1)= 0.139531
      ===== EM models for the G4Region  DefaultRegionForTheWorld ======
  eCoulombScattering :  Emin=        0 eV    Emax=       10 TeV

msc:   for kaon-    SubType= 10
      RangeFactor= 0.2, step limit type: 0, lateralDisplacement: 1, polarAngleLimit(deg)= 180
      ===== EM models for the G4Region  DefaultRegionForTheWorld ======
        WentzelVIUni :  Emin=        0 eV    Emax=       10 TeV  Table with 77 bins Emin=    100 eV    Emax=     10 TeV

hIoni:   for  kaon-    SubType= 2
      dE/dx and range tables from 100 eV  to 10 TeV in 77 bins
      Lambda tables from threshold to 10 TeV in 77 bins, spline: 1
      finalRange(mm)= 0.1, dRoverRange= 0.2, integral: 1, fluct: 1, linLossLimit= 0.01
      ===== EM models for the G4Region  DefaultRegionForTheWorld ======
            ICRU73QO :  Emin=        0 eV    Emax=  1.05231 MeV
          BetheBloch :  Emin=  1.05231 MeV   Emax=       10 TeV

hBrems:   for  kaon-    SubType= 3
      dE/dx and range tables from 100 eV  to 10 TeV in 77 bins
      Lambda tables from threshold to 10 TeV in 77 bins, spline: 1
      ===== EM models for the G4Region  DefaultRegionForTheWorld ======
               hBrem :  Emin=        0 eV    Emax=       10 TeV

hPairProd:   for  kaon-    SubType= 4
      dE/dx and range tables from 100 eV  to 10 TeV in 77 bins
      Lambda tables from threshold to 10 TeV in 77 bins, spline: 1
      Sampling table 14x1001 from 3.94942 GeV to 10 TeV 
      ===== EM models for the G4Region  DefaultRegionForTheWorld ======
           hPairProd :  Emin=        0 eV    Emax=       10 TeV

msc:   for mu+    SubType= 10
      RangeFactor= 0.2, step limit type: 0, lateralDisplacement: 1, polarAngleLimit(deg)= 180
      ===== EM models for the G4Region  DefaultRegionForTheWorld ======
        WentzelVIUni :  Emin=        0 eV    Emax=       10 TeV  Table with 77 bins Emin=    100 eV    Emax=     10 TeV

muIoni:   for  mu+    SubType= 2
      dE/dx and range tables from 100 eV  to 10 TeV in 77 bins
      Lambda tables from threshold to 10 TeV in 77 bins, spline: 1
      finalRange(mm)= 1, dRoverRange= 0.2, integral: 1, fluct: 1, linLossLimit= 0.01
      ===== EM models for the G4Region  DefaultRegionForTheWorld ======
               Bragg :  Emin=        0 eV    Emax=      200 keV
          BetheBloch :  Emin=      200 keV   Emax=        1 GeV
        MuBetheBloch :  Emin=        1 GeV   Emax=       10 TeV

muBrems:   for  mu+    SubType= 3
      dE/dx and range tables from 100 eV  to 10 TeV in 77 bins
      Lambda tables from threshold to 10 TeV in 77 bins, spline: 1
      ===== EM models for the G4Region  DefaultRegionForTheWorld ======
              MuBrem :  Emin=        0 eV    Emax=       10 TeV

muPairProd:   for  mu+    SubType= 4
      dE/dx and range tables from 100 eV  to 10 TeV in 77 bins
      Lambda tables from threshold to 10 TeV in 77 bins, spline: 1
      Sampling table 17x1001 from 1 GeV to 10 TeV 
      ===== EM models for the G4Region  DefaultRegionForTheWorld ======
          muPairProd :  Emin=        0 eV    Emax=       10 TeV

CoulombScat:   for  mu+    SubType= 1
      Lambda table from 100 eV  to 10 TeV in 43 bins, spline: 1
      180 < Theta(degree) < 180 pLimit(GeV^1)= 0.139531
      ===== EM models for the G4Region  DefaultRegionForTheWorld ======
  eCoulombScattering :  Emin=        0 eV    Emax=       10 TeV

msc:   for mu-    SubType= 10
      RangeFactor= 0.2, step limit type: 0, lateralDisplacement: 1, polarAngleLimit(deg)= 180
      ===== EM models for the G4Region  DefaultRegionForTheWorld ======
        WentzelVIUni :  Emin=        0 eV    Emax=       10 TeV  Table with 77 bins Emin=    100 eV    Emax=     10 TeV

muIoni:   for  mu-    SubType= 2
      dE/dx and range tables from 100 eV  to 10 TeV in 77 bins
      Lambda tables from threshold to 10 TeV in 77 bins, spline: 1
      finalRange(mm)= 1, dRoverRange= 0.2, integral: 1, fluct: 1, linLossLimit= 0.01
      ===== EM models for the G4Region  DefaultRegionForTheWorld ======
            ICRU73QO :  Emin=        0 eV    Emax=      200 keV
          BetheBloch :  Emin=      200 keV   Emax=        1 GeV
        MuBetheBloch :  Emin=        1 GeV   Emax=       10 TeV

muBrems:   for  mu-    SubType= 3
      dE/dx and range tables from 100 eV  to 10 TeV in 77 bins
      Lambda tables from threshold to 10 TeV in 77 bins, spline: 1
      ===== EM models for the G4Region  DefaultRegionForTheWorld ======
              MuBrem :  Emin=        0 eV    Emax=       10 TeV

muPairProd:   for  mu-    SubType= 4
      dE/dx and range tables from 100 eV  to 10 TeV in 77 bins
      Lambda tables from threshold to 10 TeV in 77 bins, spline: 1
      Sampling table 17x1001 from 1 GeV to 10 TeV 
      ===== EM models for the G4Region  DefaultRegionForTheWorld ======
          muPairProd :  Emin=        0 eV    Emax=       10 TeV

CoulombScat:   for  mu-    SubType= 1
      Lambda table from 100 eV  to 10 TeV in 43 bins, spline: 1
      180 < Theta(degree) < 180 pLimit(GeV^1)= 0.139531
      ===== EM models for the G4Region  DefaultRegionForTheWorld ======
  eCoulombScattering :  Emin=        0 eV    Emax=       10 TeV

msc:   for pi+    SubType= 10
      RangeFactor= 0.2, step limit type: 0, lateralDisplacement: 1, polarAngleLimit(deg)= 180
      ===== EM models for the G4Region  DefaultRegionForTheWorld ======
        WentzelVIUni :  Emin=        0 eV    Emax=       10 TeV  Table with 77 bins Emin=    100 eV    Emax=     10 TeV

hIoni:   for  pi+    SubType= 2
      dE/dx and range tables from 100 eV  to 10 TeV in 77 bins
      Lambda tables from threshold to 10 TeV in 77 bins, spline: 1
      finalRange(mm)= 0.1, dRoverRange= 0.2, integral: 1, fluct: 1, linLossLimit= 0.01
      ===== EM models for the G4Region  DefaultRegionForTheWorld ======
               Bragg :  Emin=        0 eV    Emax=  297.505 keV
          BetheBloch :  Emin=  297.505 keV   Emax=       10 TeV

hBrems:   for  pi+    SubType= 3
      dE/dx and range tables from 100 eV  to 10 TeV in 77 bins
      Lambda tables from threshold to 10 TeV in 77 bins, spline: 1
      ===== EM models for the G4Region  DefaultRegionForTheWorld ======
               hBrem :  Emin=        0 eV    Emax=       10 TeV

hPairProd:   for  pi+    SubType= 4
      dE/dx and range tables from 100 eV  to 10 TeV in 77 bins
      Lambda tables from threshold to 10 TeV in 77 bins, spline: 1
      Sampling table 16x1001 from 1.11656 GeV to 10 TeV 
      ===== EM models for the G4Region  DefaultRegionForTheWorld ======
           hPairProd :  Emin=        0 eV    Emax=       10 TeV

CoulombScat:   for  pi+    SubType= 1
      Lambda table from 100 eV  to 10 TeV in 44 bins, spline: 1
      180 < Theta(degree) < 180 pLimit(GeV^1)= 0.139531
      ===== EM models for the G4Region  DefaultRegionForTheWorld ======
  eCoulombScattering :  Emin=        0 eV    Emax=       10 TeV

msc:   for pi-    SubType= 10
      RangeFactor= 0.2, step limit type: 0, lateralDisplacement: 1, polarAngleLimit(deg)= 180
      ===== EM models for the G4Region  DefaultRegionForTheWorld ======
        WentzelVIUni :  Emin=        0 eV    Emax=       10 TeV  Table with 77 bins Emin=    100 eV    Emax=     10 TeV

hIoni:   for  pi-    SubType= 2
      dE/dx and range tables from 100 eV  to 10 TeV in 77 bins
      Lambda tables from threshold to 10 TeV in 77 bins, spline: 1
      finalRange(mm)= 0.1, dRoverRange= 0.2, integral: 1, fluct: 1, linLossLimit= 0.01
      ===== EM models for the G4Region  DefaultRegionForTheWorld ======
            ICRU73QO :  Emin=        0 eV    Emax=  297.505 keV
          BetheBloch :  Emin=  297.505 keV   Emax=       10 TeV

hBrems:   for  pi-    SubType= 3
      dE/dx and range tables from 100 eV  to 10 TeV in 77 bins
      Lambda tables from threshold to 10 TeV in 77 bins, spline: 1
      ===== EM models for the G4Region  DefaultRegionForTheWorld ======
               hBrem :  Emin=        0 eV    Emax=       10 TeV

hPairProd:   for  pi-    SubType= 4
      dE/dx and range tables from 100 eV  to 10 TeV in 77 bins
      Lambda tables from threshold to 10 TeV in 77 bins, spline: 1
      Sampling table 16x1001 from 1.11656 GeV to 10 TeV 
      ===== EM models for the G4Region  DefaultRegionForTheWorld ======
           hPairProd :  Emin=        0 eV    Emax=       10 TeV

====================================================================
                  HADRONIC PROCESSES SUMMARY (verbose level 1)

---------------------------------------------------
                           Hadronic Processes for neutron

  Process: hadElastic
        Model:             hElasticCHIPS: 0 eV  ---> 100 TeV
     Cr_sctns:     ChipsNeutronElasticXS: 0 eV  ---> 100 TeV
     Cr_sctns:            GheishaElastic: 0 eV  ---> 100 TeV

  Process: neutronInelastic
        Model:                      FTFP: 4 GeV ---> 100 TeV
        Model:            BertiniCascade: 0 eV  ---> 5 GeV
     Cr_sctns:      G4NeutronInelasticXS: 0 eV  ---> 100 TeV
     Cr_sctns:       Barashenkov-Glauber: 0 eV  ---> 100 TeV
     Cr_sctns:          GheishaInelastic: 0 eV  ---> 100 TeV

  Process: nCapture
        Model:               nRadCapture: 0 eV  ---> 100 TeV
     Cr_sctns:        G4NeutronCaptureXS: 0 eV  ---> 100 TeV
     Cr_sctns:          GheishaCaptureXS: 0 eV  ---> 100 TeV

  Process: nKiller

---------------------------------------------------
                           Hadronic Processes for GenericIon

  Process: ionInelastic
        Model:  Binary Light Ion Cascade: 0 eV  ---> 4 GeV
        Model:                      FTFP: 2 GeV ---> 100 TeV
     Cr_sctns: Glauber-Gribov nucleus nucleus: 0 eV  ---> 2.88022e+295 J  
     Cr_sctns:          GheishaInelastic: 0 eV  ---> 100 TeV

---------------------------------------------------
                           Hadronic Processes for He3

  Process: He3Inelastic
        Model:  Binary Light Ion Cascade: 0 eV  ---> 4 GeV
        Model:                      FTFP: 2 GeV ---> 100 TeV
     Cr_sctns: Glauber-Gribov nucleus nucleus: 0 eV  ---> 2.88022e+295 J  
     Cr_sctns:          GheishaInelastic: 0 eV  ---> 100 TeV

---------------------------------------------------
                           Hadronic Processes for alpha

  Process: hadElastic
        Model:              hElasticLHEP: 0 eV  ---> 100 TeV
     Cr_sctns:            GheishaElastic: 0 eV  ---> 100 TeV

  Process: alphaInelastic
        Model:  Binary Light Ion Cascade: 0 eV  ---> 4 GeV
        Model:                      FTFP: 2 GeV ---> 100 TeV
     Cr_sctns: Glauber-Gribov nucleus nucleus: 0 eV  ---> 2.88022e+295 J  
     Cr_sctns:          GheishaInelastic: 0 eV  ---> 100 TeV

---------------------------------------------------
                           Hadronic Processes for anti_He3

  Process: hadElastic
        Model:              hElasticLHEP: 0 eV  ---> 100.1 MeV
        Model:              AntiAElastic: 100 MeV ---> 100 TeV
     Cr_sctns:              AntiAGlauber: 0 eV  ---> 2.88022e+295 J  
     Cr_sctns:            GheishaElastic: 0 eV  ---> 100 TeV

  Process: anti_He3Inelastic
        Model:                      FTFP: 0 eV  ---> 100 TeV
     Cr_sctns:              AntiAGlauber: 0 eV  ---> 2.88022e+295 J  
     Cr_sctns:          GheishaInelastic: 0 eV  ---> 100 TeV

  Process: hFritiofCaptureAtRest

---------------------------------------------------
                           Hadronic Processes for anti_alpha

  Process: hadElastic
        Model:              hElasticLHEP: 0 eV  ---> 100.1 MeV
        Model:              AntiAElastic: 100 MeV ---> 100 TeV
     Cr_sctns:              AntiAGlauber: 0 eV  ---> 2.88022e+295 J  
     Cr_sctns:            GheishaElastic: 0 eV  ---> 100 TeV

  Process: anti_alphaInelastic
        Model:                      FTFP: 0 eV  ---> 100 TeV
     Cr_sctns:              AntiAGlauber: 0 eV  ---> 2.88022e+295 J  
     Cr_sctns:          GheishaInelastic: 0 eV  ---> 100 TeV

  Process: hFritiofCaptureAtRest

---------------------------------------------------
                           Hadronic Processes for anti_deuteron

  Process: hadElastic
        Model:              hElasticLHEP: 0 eV  ---> 100.1 MeV
        Model:              AntiAElastic: 100 MeV ---> 100 TeV
     Cr_sctns:              AntiAGlauber: 0 eV  ---> 2.88022e+295 J  
     Cr_sctns:            GheishaElastic: 0 eV  ---> 100 TeV

  Process: anti_deuteronInelastic
        Model:                      FTFP: 0 eV  ---> 100 TeV
     Cr_sctns:              AntiAGlauber: 0 eV  ---> 2.88022e+295 J  
     Cr_sctns:          GheishaInelastic: 0 eV  ---> 100 TeV

  Process: hFritiofCaptureAtRest

---------------------------------------------------
                           Hadronic Processes for anti_neutron

  Process: hadElastic
        Model:              hElasticLHEP: 0 eV  ---> 100 TeV
     Cr_sctns:            GheishaElastic: 0 eV  ---> 100 TeV

  Process: anti_neutronInelastic
        Model:                      FTFP: 0 eV  ---> 100 TeV
     Cr_sctns:              AntiAGlauber: 0 eV  ---> 2.88022e+295 J  
     Cr_sctns:          GheishaInelastic: 0 eV  ---> 100 TeV

---------------------------------------------------
                           Hadronic Processes for anti_proton

  Process: hadElastic
        Model:              hElasticLHEP: 0 eV  ---> 100.1 MeV
        Model:              AntiAElastic: 100 MeV ---> 100 TeV
     Cr_sctns:              AntiAGlauber: 0 eV  ---> 2.88022e+295 J  
     Cr_sctns:            GheishaElastic: 0 eV  ---> 100 TeV

  Process: anti_protonInelastic
        Model:                      FTFP: 0 eV  ---> 100 TeV
     Cr_sctns:              AntiAGlauber: 0 eV  ---> 2.88022e+295 J  
     Cr_sctns:          GheishaInelastic: 0 eV  ---> 100 TeV

  Process: hFritiofCaptureAtRest

---------------------------------------------------
                           Hadronic Processes for anti_triton

  Process: hadElastic
        Model:              hElasticLHEP: 0 eV  ---> 100.1 MeV
        Model:              AntiAElastic: 100 MeV ---> 100 TeV
     Cr_sctns:              AntiAGlauber: 0 eV  ---> 2.88022e+295 J  
     Cr_sctns:            GheishaElastic: 0 eV  ---> 100 TeV

  Process: anti_tritonInelastic
        Model:                      FTFP: 0 eV  ---> 100 TeV
     Cr_sctns:              AntiAGlauber: 0 eV  ---> 2.88022e+295 J  
     Cr_sctns:          GheishaInelastic: 0 eV  ---> 100 TeV

  Process: hFritiofCaptureAtRest

---------------------------------------------------
                           Hadronic Processes for deuteron

  Process: hadElastic
        Model:              hElasticLHEP: 0 eV  ---> 100 TeV
     Cr_sctns:            GheishaElastic: 0 eV  ---> 100 TeV

  Process: dInelastic
        Model:  Binary Light Ion Cascade: 0 eV  ---> 4 GeV
        Model:                      FTFP: 2 GeV ---> 100 TeV
     Cr_sctns: Glauber-Gribov nucleus nucleus: 0 eV  ---> 2.88022e+295 J  
     Cr_sctns:          GheishaInelastic: 0 eV  ---> 100 TeV

---------------------------------------------------
                           Hadronic Processes for e+

  Process: positronNuclear
        Model:   G4ElectroVDNuclearModel: 0 eV  ---> 1 PeV
     Cr_sctns:          ElectroNuclearXS: 0 eV  ---> 100 TeV
     Cr_sctns:          GheishaInelastic: 0 eV  ---> 100 TeV

---------------------------------------------------
                           Hadronic Processes for e-

  Process: electronNuclear
        Model:   G4ElectroVDNuclearModel: 0 eV  ---> 1 PeV
     Cr_sctns:          ElectroNuclearXS: 0 eV  ---> 100 TeV
     Cr_sctns:          GheishaInelastic: 0 eV  ---> 100 TeV

---------------------------------------------------
                           Hadronic Processes for gamma

  Process: photonNuclear
        Model:            BertiniCascade: 0 eV  ---> 3.5 GeV
        Model:           TheoFSGenerator: 3 GeV ---> 100 TeV
     Cr_sctns:            PhotoNuclearXS: 0 eV  ---> 100 TeV
     Cr_sctns:          GheishaInelastic: 0 eV  ---> 100 TeV

---------------------------------------------------
                           Hadronic Processes for kaon+

  Process: hadElastic
        Model:              hElasticLHEP: 0 eV  ---> 100 TeV
     Cr_sctns:            GheishaElastic: 0 eV  ---> 100 TeV

  Process: kaon+Inelastic
        Model:                      FTFP: 4 GeV ---> 100 TeV
        Model:            BertiniCascade: 0 eV  ---> 5 GeV
     Cr_sctns:  ChipsKaonPlusInelasticXS: 0 eV  ---> 100 TeV
     Cr_sctns:          GheishaInelastic: 0 eV  ---> 100 TeV

---------------------------------------------------
                           Hadronic Processes for kaon-

  Process: hadElastic
        Model:              hElasticLHEP: 0 eV  ---> 100 TeV
     Cr_sctns:            GheishaElastic: 0 eV  ---> 100 TeV

  Process: kaon-Inelastic
        Model:                      FTFP: 4 GeV ---> 100 TeV
        Model:            BertiniCascade: 0 eV  ---> 5 GeV
     Cr_sctns: ChipsKaonMinusInelasticXS: 0 eV  ---> 100 TeV
     Cr_sctns:          GheishaInelastic: 0 eV  ---> 100 TeV

  Process: hBertiniCaptureAtRest

---------------------------------------------------
                           Hadronic Processes for lambda

  Process: hadElastic
        Model:              hElasticLHEP: 0 eV  ---> 100 TeV
     Cr_sctns:            GheishaElastic: 0 eV  ---> 100 TeV

  Process: lambdaInelastic
        Model:            BertiniCascade: 0 eV  ---> 6 GeV
        Model:                      FTFP: 2 GeV ---> 100 TeV
     Cr_sctns:   ChipsHyperonInelasticXS: 0 eV  ---> 100 TeV
     Cr_sctns:          GheishaInelastic: 0 eV  ---> 100 TeV

---------------------------------------------------
                           Hadronic Processes for mu+

  Process: muonNuclear
        Model:      G4MuonVDNuclearModel: 0 eV  ---> 1 PeV
     Cr_sctns:     KokoulinMuonNuclearXS: 0 eV  ---> 100 TeV

---------------------------------------------------
                           Hadronic Processes for mu-

  Process: muonNuclear
        Model:      G4MuonVDNuclearModel: 0 eV  ---> 1 PeV
     Cr_sctns:     KokoulinMuonNuclearXS: 0 eV  ---> 100 TeV

  Process: muMinusCaptureAtRest

---------------------------------------------------
                           Hadronic Processes for pi+

  Process: hadElastic
        Model:              hElasticLHEP: 0 eV  ---> 1.0001 GeV
        Model:           hElasticGlauber: 1 GeV ---> 100 TeV
     Cr_sctns:       Barashenkov-Glauber: 0 eV  ---> 100 TeV
     Cr_sctns:            GheishaElastic: 0 eV  ---> 100 TeV

  Process: pi+Inelastic
        Model:                      FTFP: 4 GeV ---> 100 TeV
        Model:            BertiniCascade: 0 eV  ---> 5 GeV
     Cr_sctns:      G4CrossSectionPairGG: 0 eV  ---> 100 TeV
                         G4CrossSectionPairGG: G4PiNuclearCrossSection cross sections 
                           below 91 GeV, Glauber-Gribov above 
     Cr_sctns:          GheishaInelastic: 0 eV  ---> 100 TeV

---------------------------------------------------
                           Hadronic Processes for pi-

  Process: hadElastic
        Model:              hElasticLHEP: 0 eV  ---> 1.0001 GeV
        Model:           hElasticGlauber: 1 GeV ---> 100 TeV
     Cr_sctns:       Barashenkov-Glauber: 0 eV  ---> 100 TeV
     Cr_sctns:            GheishaElastic: 0 eV  ---> 100 TeV

  Process: pi-Inelastic
        Model:                      FTFP: 4 GeV ---> 100 TeV
        Model:            BertiniCascade: 0 eV  ---> 5 GeV
     Cr_sctns:      G4CrossSectionPairGG: 0 eV  ---> 100 TeV
                         G4CrossSectionPairGG: G4PiNuclearCrossSection cross sections 
                           below 91 GeV, Glauber-Gribov above 
     Cr_sctns:          GheishaInelastic: 0 eV  ---> 100 TeV

  Process: hBertiniCaptureAtRest

---------------------------------------------------
                           Hadronic Processes for proton

  Process: hadElastic
        Model:             hElasticCHIPS: 0 eV  ---> 100 TeV
     Cr_sctns:      ChipsProtonElasticXS: 0 eV  ---> 100 TeV
     Cr_sctns:            GheishaElastic: 0 eV  ---> 100 TeV

  Process: protonInelastic
        Model:                      FTFP: 4 GeV ---> 100 TeV
        Model:            BertiniCascade: 0 eV  ---> 5 GeV
     Cr_sctns:       Barashenkov-Glauber: 0 eV  ---> 100 TeV
     Cr_sctns:          GheishaInelastic: 0 eV  ---> 100 TeV

---------------------------------------------------
                           Hadronic Processes for triton

  Process: hadElastic
        Model:              hElasticLHEP: 0 eV  ---> 100 TeV
     Cr_sctns:            GheishaElastic: 0 eV  ---> 100 TeV

  Process: tInelastic
        Model:  Binary Light Ion Cascade: 0 eV  ---> 4 GeV
        Model:                      FTFP: 2 GeV ---> 100 TeV
     Cr_sctns: Glauber-Gribov nucleus nucleus: 0 eV  ---> 2.88022e+295 J  
     Cr_sctns:          GheishaInelastic: 0 eV  ---> 100 TeV

================================================================
### Run 0 starts.
... open Root analysis file : B5.root - done
--> Event 0 starts.

>>> Event 0 >>> Simulation truth : proton (-0,0,100000)
Hodoscope 1 has 1 hits.
  Hodoscope[7] 4.9870028709953 (nsec)
Hodoscope 2 has 1 hits.
  Hodoscope[9] 43.187615731814 (nsec)
Drift Chamber 1 has 5 hits.
  Layer[0] : time 6.671242175571 (nsec) --- local (x,y) -0.02306421205646, -0.039876913765224
  Layer[1] : time 8.3391361202029 (nsec) --- local (x,y) -0.037777441424913, -0.062516370125356
  Layer[2] : time 10.007030065344 (nsec) --- local (x,y) -0.051318415994777, -0.087740554849281
  Layer[3] : time 11.674924010884 (nsec) --- local (x,y) -0.063581616036159, -0.11508278192981
  Layer[4] : time 13.342817956992 (nsec) --- local (x,y) -0.073393761398242, -0.14566853696996
Drift Chamber 2 has 5 hits.
  Layer[0] : time 34.849996574401 (nsec) --- local (x,y) -147.72929363316, -0.59898049431774
  Layer[1] : time 36.520795035886 (nsec) --- local (x,y) -177.24996965857, -0.63957174566982
  Layer[2] : time 38.191593643556 (nsec) --- local (x,y) -206.77139042282, -0.67865428682806
  Layer[3] : time 39.862392338774 (nsec) --- local (x,y) -236.29325524186, -0.71804526386686
  Layer[4] : time 41.533190995733 (nsec) --- local (x,y) -265.81492340307, -0.75834361335697
EM Calorimeter has 48 hits. Total Edep is 487.57218201727 (MeV)
Hadron Calorimeter has 15 hits. Total Edep is 3658.3962449227 (MeV)
... write Root file : B5.root - done
### Run 1 starts.
... open Root analysis file : B5.root - done
--> Event 0 starts.

>>> Event 0 >>> Simulation truth : pi+ (-0,0,100000)
Hodoscope 1 has 1 hits.
  Hodoscope[7] 4.9867880840198 (nsec)
Hodoscope 2 has 3 hits.
  Hodoscope[10] 42.69354820938 (nsec)
  Hodoscope[1] 371.09536983293 (nsec)
  Hodoscope[6] 173.76392576183 (nsec)
Drift Chamber 1 has 5 hits.
  Layer[0] : time 6.6709548440186 (nsec) --- local (x,y) -0.0095871413505014, -0.027220878800317
  Layer[1] : time 8.3387769476665 (nsec) --- local (x,y) -0.019374525100832, -0.049274282565678
  Layer[2] : time 10.006599051664 (nsec) --- local (x,y) -0.031661471079265, -0.072386987239992
  Layer[3] : time 11.67442115511 (nsec) --- local (x,y) -0.043948690685203, -0.091572061773498
  Layer[4] : time 13.342243258749 (nsec) --- local (x,y) -0.05652888015569, -0.11199794909667
Drift Chamber 2 has 5 hits.
  Layer[0] : time 34.366252897383 (nsec) --- local (x,y) -82.652116290153, -0.34305949352277
  Layer[1] : time 36.03498272939 (nsec) --- local (x,y) -99.150729367346, -0.35827742205924
  Layer[2] : time 37.703712352456 (nsec) --- local (x,y) -115.64744314777, -0.37327902915285
  Layer[3] : time 39.37244205553 (nsec) --- local (x,y) -132.14488497158, -0.38748827799481
  Layer[4] : time 41.041171945637 (nsec) --- local (x,y) -148.64402297278, -0.40573365243409
EM Calorimeter has 58 hits. Total Edep is 47895.884764595 (MeV)
Hadron Calorimeter has 19 hits. Total Edep is 1622.7552620033 (MeV)
... write Root file : B5.root - done
### Run 2 starts.
... open Root analysis file : B5.root - done
--> Event 0 starts.

>>> Event 0 >>> Simulation truth : e+ (-0,0,100000)
Hodoscope 1 has 1 hits.
  Hodoscope[7] 4.9867832232642 (nsec)
Hodoscope 2 has 1 hits.
  Hodoscope[9] 43.18579222169 (nsec)
Drift Chamber 1 has 5 hits.
  Layer[0] : time 6.6709483403887 (nsec) --- local (x,y) -0.00090242887184608, -0.016632496529899
  Layer[1] : time 8.3387688168507 (nsec) --- local (x,y) -0.0033692451885559, -0.028253142766065
  Layer[2] : time 10.006589293322 (nsec) --- local (x,y) -0.0064311991520363, -0.039859341084283
  Layer[3] : time 11.67440976975 (nsec) --- local (x,y) -0.0084844772382086, -0.051046132357598
  Layer[4] : time 13.342230246404 (nsec) --- local (x,y) -0.010455307120264, -0.064982289265291
Drift Chamber 2 has 5 hits.
  Layer[0] : time 34.848547752634 (nsec) --- local (x,y) -147.63700900599, -0.29517919077381
  Layer[1] : time 36.519271327913 (nsec) --- local (x,y) -177.15115063798, -0.30876457812013
  Layer[2] : time 38.189994955622 (nsec) --- local (x,y) -206.66555938646, -0.32151864457711
  Layer[3] : time 39.860718282039 (nsec) --- local (x,y) -236.17843437056, -0.33614945144677
  Layer[4] : time 41.531441966392 (nsec) --- local (x,y) -265.6931299173, -0.35178117408362
EM Calorimeter has 51 hits. Total Edep is 79802.885516263 (MeV)
Hadron Calorimeter has 8 hits. Total Edep is 139.57007078651 (MeV)
... write Root file : B5.root - done
### Run 3 starts.
... open Root analysis file : B5.root - done
--> Event 0 starts.

>>> Event 0 >>> Simulation truth : proton (0,0,10000)
Hodoscope 1 has 1 hits.
  Hodoscope[7] 5.0086957291061 (nsec)
Hodoscope 2 has 2 hits.
  Hodoscope[9] 43.37566389735 (nsec)
  Hodoscope[3] 56.64897276538 (nsec)
Drift Chamber 1 has 5 hits.
  Layer[0] : time 6.7002640827355 (nsec) --- local (x,y) 0.040539862453297, 0.12226709069744
  Layer[1] : time 8.3754161378036 (nsec) --- local (x,y) 0.033693370534429, 0.18434257659866
  Layer[2] : time 10.050568450064 (nsec) --- local (x,y) 0.024209689619028, 0.27711960187668
  Layer[3] : time 11.725720913336 (nsec) --- local (x,y) 0.025695496110083, 0.38119411852519
  Layer[4] : time 13.400873511923 (nsec) --- local (x,y) 0.021570593640866, 0.48366011777051
Drift Chamber 2 has 11 hits.
  Layer[0] : time 35.001508586062 (nsec) --- local (x,y) -148.72475458499, 1.3221143714749
  Layer[1] : time 36.679628693314 (nsec) --- local (x,y) -178.48806020939, 1.4192044403941
  Layer[2] : time 38.35775054975 (nsec) --- local (x,y) -208.25934240426, 1.5320988594054
  Layer[2] : time 38.385983585824 (nsec) --- local (x,y) -208.21154898277, 3.0384151729254
  Layer[2] : time 38.387311719993 (nsec) --- local (x,y) -208.15739892032, 3.0465238975108
  Layer[2] : time 38.388681514449 (nsec) --- local (x,y) -208.09823305657, 3.004738228674
  Layer[2] : time 38.390054973564 (nsec) --- local (x,y) -208.03913135865, 2.9659537457513
  Layer[2] : time 38.391432768942 (nsec) --- local (x,y) -208.00378627419, 2.9045304298381
  Layer[2] : time 38.392855458114 (nsec) --- local (x,y) -207.95803758943, 2.8726099911654
  Layer[3] : time 40.035869210665 (nsec) --- local (x,y) -238.01387035835, 1.6296167894733
  Layer[4] : time 41.713988305703 (nsec) --- local (x,y) -267.76968397813, 1.7321391505321
EM Calorimeter has 40 hits. Total Edep is 3180.3407659449 (MeV)
Hadron Calorimeter has 11 hits. Total Edep is 390.66630472166 (MeV)
... write Root file : B5.root - done
### Run 4 starts.
... open Root analysis file : B5.root - done
--> Event 0 starts.

>>> Event 0 >>> Simulation truth : pi+ (0,0,10000)
Hodoscope 1 has 1 hits.
  Hodoscope[7] 4.9872691720013 (nsec)
Hodoscope 2 has 1 hits.
  Hodoscope[10] 42.694226235579 (nsec)
Drift Chamber 1 has 5 hits.
  Layer[0] : time 6.6715985091008 (nsec) --- local (x,y) -0.052204261257167, -0.013540503186671
  Layer[1] : time 8.3395816177633 (nsec) --- local (x,y) -0.12524433487552, 0.060679434897322
  Layer[2] : time 10.007564727622 (nsec) --- local (x,y) -0.19656385254139, 0.1333625689759
  Layer[3] : time 11.675547851287 (nsec) --- local (x,y) -0.28290636136946, 0.21190360575553
  Layer[4] : time 13.343530986639 (nsec) --- local (x,y) -0.36151941720056, 0.31012435074309
Drift Chamber 2 has 5 hits.
  Layer[0] : time 34.366167155191 (nsec) --- local (x,y) -83.731828932703, 1.3748384160613
  Layer[1] : time 36.035054015907 (nsec) --- local (x,y) -100.19318013712, 1.3557648838404
  Layer[2] : time 37.703939129213 (nsec) --- local (x,y) -116.6384772685, 1.2929775321491
  Layer[3] : time 39.372821575249 (nsec) --- local (x,y) -133.05939773468, 1.2317217486471
  Layer[4] : time 41.041701957236 (nsec) --- local (x,y) -149.4615231703, 1.2025726115709
EM Calorimeter has 41 hits. Total Edep is 3217.5772398297 (MeV)
Hadron Calorimeter has 17 hits. Total Edep is 205.00570993005 (MeV)
... write Root file : B5.root - done
### Run 5 starts.
... open Root analysis file : B5.root - done
--> Event 0 starts.

>>> Event 0 >>> Simulation truth : e+ (0,0,10000)
Hodoscope 1 has 1 hits.
  Hodoscope[7] 4.9867832439788 (nsec)
Hodoscope 2 has 1 hits.
  Hodoscope[9] 43.184446255575 (nsec)
Drift Chamber 1 has 5 hits.
  Layer[0] : time 6.6709484278748 (nsec) --- local (x,y) -0.23245231769665, -0.11840144971174
  Layer[1] : time 8.3387689583265 (nsec) --- local (x,y) -0.3513616432831, -0.16471262373041
  Layer[2] : time 10.006589490809 (nsec) --- local (x,y) -0.47836630915187, -0.19042132809265
  Layer[3] : time 11.674410018989 (nsec) --- local (x,y) -0.6021335484169, -0.20484571022249
  Layer[4] : time 13.342230530424 (nsec) --- local (x,y) -0.69087729012728, -0.25712451558317
Drift Chamber 2 has 5 hits.
  Layer[0] : time 34.847056949444 (nsec) --- local (x,y) -149.07749729677, -1.7842227846932
  Layer[1] : time 36.517811408946 (nsec) --- local (x,y) -178.7478743542, -1.9528334843367
  Layer[2] : time 38.188564733655 (nsec) --- local (x,y) -208.41262456897, -2.0992592880036
  Layer[3] : time 39.859315065331 (nsec) --- local (x,y) -238.06238775928, -2.207252243494
  Layer[4] : time 41.530065935102 (nsec) --- local (x,y) -267.71485459928, -2.3208613184222
EM Calorimeter has 17 hits. Total Edep is 9403.9212398344 (MeV)
Hadron Calorimeter has 3 hits. Total Edep is 0.6627460047108 (MeV)
... write Root file : B5.root - done
### Run 6 starts.
... open Root analysis file : B5.root - done
--> Event 0 starts.

>>> Event 0 >>> Simulation truth : proton (-0,0,1000)
Hodoscope 1 has 1 hits.
  Hodoscope[7] 6.8397970653564 (nsec)
Hodoscope 2 has 1 hits.
  Hodoscope[9] 59.379281414454 (nsec)
Drift Chamber 1 has 5 hits.
  Layer[0] : time 9.1550583455347 (nsec) --- local (x,y) -0.70568271290964, -3.3706447543234
  Layer[1] : time 11.448115542878 (nsec) --- local (x,y) -1.5935006965585, -5.1769768938693
  Layer[2] : time 13.74139157086 (nsec) --- local (x,y) -2.6660537906732, -7.2760922261754
  Layer[3] : time 16.034879321405 (nsec) --- local (x,y) -3.7376487092706, -10.081267833129
  Layer[4] : time 18.328602987669 (nsec) --- local (x,y) -5.2119671663895, -12.788819198224
Drift Chamber 2 has 5 hits.
  Layer[0] : time 47.893384459547 (nsec) --- local (x,y) -174.49555732336, -55.765445065878
  Layer[1] : time 50.194791479211 (nsec) --- local (x,y) -206.67382744127, -59.732921604967
  Layer[2] : time 52.4963161192 (nsec) --- local (x,y) -238.61652553578, -63.381893329612
  Layer[3] : time 54.797983427326 (nsec) --- local (x,y) -270.28990015764, -66.868433312853
  Layer[4] : time 57.099853846111 (nsec) --- local (x,y) -301.91104558291, -69.9352059886
EM Calorimeter has 11 hits. Total Edep is 367.57271231816 (MeV)
Hadron Calorimeter has 3 hits. Total Edep is 2.9756455194314 (MeV)
... write Root file : B5.root - done
### Run 7 starts.
... open Root analysis file : B5.root - done
--> Event 0 starts.

>>> Event 0 >>> Simulation truth : pi+ (0,0,1000)
Hodoscope 1 has 1 hits.
  Hodoscope[7] 5.0351587155452 (nsec)
Hodoscope 2 has 2 hits.
  Hodoscope[10] 43.11058089886 (nsec)
  Hodoscope[19] 1244.8899500466 (nsec)
Drift Chamber 1 has 5 hits.
  Layer[0] : time 6.7357204157754 (nsec) --- local (x,y) 0.13240020861103, -0.17708763380254
  Layer[1] : time 8.4197822425324 (nsec) --- local (x,y) 0.35248711719992, -0.19955632415923
  Layer[2] : time 10.103847608387 (nsec) --- local (x,y) 0.71248446681035, -0.33046461353168
  Layer[3] : time 11.787915805165 (nsec) --- local (x,y) 1.00047260083, -0.72734063551068
  Layer[4] : time 13.471987171697 (nsec) --- local (x,y) 1.244703178726, -1.3209662676207
Drift Chamber 2 has 5 hits.
  Layer[0] : time 34.70140129452 (nsec) --- local (x,y) -89.183206710652, -1.1999931238246
  Layer[1] : time 36.386540301733 (nsec) --- local (x,y) -106.66339427213, -0.43403186387918
  Layer[2] : time 38.071652217525 (nsec) --- local (x,y) -123.85906025073, 0.79534681079032
  Layer[3] : time 39.756791420099 (nsec) --- local (x,y) -141.23849221195, 2.259802762488
  Layer[4] : time 41.441920953636 (nsec) --- local (x,y) -158.52130664079, 3.6460903620623
EM Calorimeter has 22 hits. Total Edep is 595.33621431412 (MeV)
Hadron Calorimeter has 3 hits. Total Edep is 0.16474940051285 (MeV)
... write Root file : B5.root - done
### Run 8 starts.
... open Root analysis file : B5.root - done
--> Event 0 starts.

>>> Event 0 >>> Simulation truth : e+ (-0,0,1000)
Hodoscope 1 has 1 hits.
  Hodoscope[7] 4.9867841180727 (nsec)
Hodoscope 2 has 1 hits.
  Hodoscope[9] 43.150851890495 (nsec)
Drift Chamber 1 has 6 hits.
  Layer[0] : time 6.6709672194724 (nsec) --- local (x,y) -2.3853704642351, -1.6517979967758
  Layer[0] : time 8.8608106801096 (nsec) --- local (x,y) -448.22410577878, -122.86719466994
  Layer[1] : time 8.3388011869669 (nsec) --- local (x,y) -4.1680281969012, -2.5799749245082
  Layer[2] : time 10.00663189387 (nsec) --- local (x,y) -5.7569043343965, -3.2897494470342
  Layer[3] : time 11.674461995108 (nsec) --- local (x,y) -7.3969308036898, -3.7291088423737
  Layer[4] : time 13.342291186357 (nsec) --- local (x,y) -8.9701315255679, -4.0941623196904
Drift Chamber 2 has 5 hits.
  Layer[0] : time 34.813616610075 (nsec) --- local (x,y) -172.62961589328, -1.7760747450268
  Layer[1] : time 36.484361914784 (nsec) --- local (x,y) -202.23270774283, -0.65233280001811
  Layer[2] : time 38.155090813481 (nsec) --- local (x,y) -231.76271233131, 0.1568558633156
  Layer[3] : time 39.825851728744 (nsec) --- local (x,y) -261.45881587221, 0.81207372800018
  Layer[4] : time 41.496535239619 (nsec) --- local (x,y) -290.75731367025, 1.6097562603871
EM Calorimeter has 12 hits. Total Edep is 975.68761676186 (MeV)
Hadron Calorimeter has 0 hits. Total Edep is 0 (MeV)
... write Root file : B5.root - done
Graphics systems deleted.
Visualization Manager deleting...
Total navigation history collections cleaned: 314
