
*************************************************************
 Geant4 version Name: global-V08-02-01    (23-February-2007)
                      Copyright : Geant4 Collaboration
                      Reference : NIM A 506 (2003), 250-303
                            WWW : http://cern.ch/geant4
*************************************************************

Visualization Manager instantiating...
Visualization Manager initialising...
Registering graphics systems...

You have successfully registered the following graphics systems.
Current available graphics systems are:
  ASCIITree (ATree)
  DAWNFILE (DAWNFILE)
  GAGTree (GAGTree)
  G4HepRep (HepRepXML)
  G4HepRepFile (HepRepFile)
  RayTracer (RayTracer)
  VRML1FILE (VRML1FILE)
  VRML2FILE (VRML2FILE)

Registering model factories...

You have successfully registered the following model factories.
Registered model factories:
  generic
  drawByCharge
  drawByParticleID
  drawByOriginVolume
  drawByAttribute

Registered filter factories:
  chargeFilter
  particleFilter
  originVolumeFilter
  attributeFilter

--------------------------------------------------------
 Calorimeters are placed in parallel.
 Absorber is made of Lead
 Gap is made of liquidArgon
--------------------------------------------------------
ExN07PhysicsList::SetCuts: default cut length : 1 mm 
/run/verbose 1
/run/initialize
/run/dumpRegion

Region <DefaultRegionForTheWorld> -- appears in <World> world volume
 Materials : Galactic 
 Production cuts :  gamma 1 mm     e- 1 mm     e+ 1 mm 

Region <Calor-A> -- appears in <World> world volume
 Materials : Lead liquidArgon 
 Production cuts :  gamma 1 mm     e- 1 mm     e+ 1 mm 

Region <Calor-B> -- appears in <World> world volume
 Materials : Lead liquidArgon 
 Production cuts :  gamma 1 cm     e- 1 cm     e+ 1 cm 

Region <Calor-C> -- appears in <World> world volume
 Materials : Lead liquidArgon 
 Production cuts :  gamma 10 cm     e- 10 cm     e+ 10 cm 
/run/beamOn 10

conv:  Total cross sections has a good parametrisation from 1.5 MeV to 100 GeV for all Z;
      sampling secondary e+e- according Bethe-Heitler model
      tables are built for  gamma
      Lambda tables from 1.022 MeV to 100 GeV in 100 bins.

compt:  Total cross sections has a good parametrisation from 10 KeV to (100/Z) GeV
      Sampling according Klein-Nishina model
      tables are built for  gamma
      Lambda tables from 100 eV  to 100 GeV in 90 bins.

phot:  Total cross sections from Sandia parametrisation. 
      Sampling according PhotoElectric model

msc:  Model variant of multiple scattering for e-
      Lambda tables from 100 eV  to 100 TeV in 120 bins.
      LateralDisplacementFlag=  1   Skin= 0
      Boundary/stepping algorithm is active with facrange= 0.02  Step limitation 1

eIoni:   tables are built for  e-
      dE/dx and range tables from 100 eV  to 100 TeV in 120 bins.
      Lambda tables from threshold to 100 TeV in 120 bins.
      Delta cross sections and sampling from MollerBhabha model
      Good description from 1 KeV to 100 GeV.
      Step function: finalRange(mm)= 1, dRoverRange= 0.2, integral: 1

eBrem:   tables are built for  e-
      dE/dx and range tables from 100 eV  to 100 TeV in 120 bins.
      Lambda tables from threshold to 100 TeV in 120 bins.
      Total cross sections and sampling from StandBrem model (based on the EEDL data library) 
      Good description from 1 KeV to 100 GeV, log scale extrapolation above 100 GeV.

eIoni:   tables are built for  e+
      dE/dx and range tables from 100 eV  to 100 TeV in 120 bins.
      Lambda tables from threshold to 100 TeV in 120 bins.
      Delta cross sections and sampling from MollerBhabha model
      Good description from 1 KeV to 100 GeV.
      Step function: finalRange(mm)= 1, dRoverRange= 0.2, integral: 1

eBrem:   tables are built for  e+
      dE/dx and range tables from 100 eV  to 100 TeV in 120 bins.
      Lambda tables from threshold to 100 TeV in 120 bins.
      Total cross sections and sampling from StandBrem model (based on the EEDL data library) 
      Good description from 1 KeV to 100 GeV, log scale extrapolation above 100 GeV.

annihil:       Sampling according eplus2gg model
      tables are built for  e+
      Lambda tables from 100 eV  to 100 TeV in 120 bins.

hIoni:   tables are built for  proton
      dE/dx and range tables from 100 eV  to 100 TeV in 120 bins.
      Lambda tables from threshold to 100 TeV in 120 bins.
      Scaling relation is used from proton dE/dx and range.
      Delta cross sections and sampling from BetheBloch model for scaled energy > 2 MeV
      Parametrisation from Bragg for protons below.
      Step function: finalRange(mm)= 1, dRoverRange= 0.2, integral: 1

msc:  Model variant of multiple scattering for proton
      Lambda tables from 100 eV  to 100 TeV in 120 bins.
      LateralDisplacementFlag=  1   Skin= 0
      Boundary/stepping algorithm is active with facrange= 0.02  Step limitation 1

hIoni:   tables are built for  anti_proton
      dE/dx and range tables from 100 eV  to 100 TeV in 120 bins.
      Lambda tables from threshold to 100 TeV in 120 bins.
      Scaling relation is used from proton dE/dx and range.
      Delta cross sections and sampling from BetheBloch model for scaled energy > 2 MeV
      Parametrisation from Bragg for protons below.
      Step function: finalRange(mm)= 1, dRoverRange= 0.2, integral: 1

muIoni:   tables are built for  mu+
      dE/dx and range tables from 100 eV  to 100 TeV in 120 bins.
      Lambda tables from threshold to 100 TeV in 120 bins.
      Bether-Bloch model for E > 0.2 MeV, parametrisation of Bragg peak below, 
      radiative corrections for E > 1 GeV
      Step function: finalRange(mm)= 1, dRoverRange= 0.2, integral: 1

msc:  Model variant of multiple scattering for mu+
      Lambda tables from 100 eV  to 100 TeV in 120 bins.
      LateralDisplacementFlag=  1   Skin= 0
      Boundary/stepping algorithm is active with facrange= 0.02  Step limitation 1

muBrems:   tables are built for  mu+
      dE/dx and range tables from 100 eV  to 100 TeV in 120 bins.
      Lambda tables from threshold to 100 TeV in 120 bins.
      Parametrised model 

muPairProd:   tables are built for  mu+
      dE/dx and range tables from 100 eV  to 100 TeV in 120 bins.
      Lambda tables from threshold to 100 TeV in 120 bins.
      Parametrised model 

muIoni:   tables are built for  mu-
      dE/dx and range tables from 100 eV  to 100 TeV in 120 bins.
      Lambda tables from threshold to 100 TeV in 120 bins.
      Bether-Bloch model for E > 0.2 MeV, parametrisation of Bragg peak below, 
      radiative corrections for E > 1 GeV
      Step function: finalRange(mm)= 1, dRoverRange= 0.2, integral: 1

muBrems:   tables are built for  mu-
      dE/dx and range tables from 100 eV  to 100 TeV in 120 bins.
      Lambda tables from threshold to 100 TeV in 120 bins.
      Parametrised model 

muPairProd:   tables are built for  mu-
      dE/dx and range tables from 100 eV  to 100 TeV in 120 bins.
      Lambda tables from threshold to 100 TeV in 120 bins.
      Parametrised model 

hIoni:   tables are built for  pi+
      dE/dx and range tables from 100 eV  to 100 TeV in 120 bins.
      Lambda tables from threshold to 100 TeV in 120 bins.
      Scaling relation is used from proton dE/dx and range.
      Delta cross sections and sampling from BetheBloch model for scaled energy > 0.297504 MeV
      Parametrisation from Bragg for protons below.
      Step function: finalRange(mm)= 1, dRoverRange= 0.2, integral: 1

hIoni:   tables are built for  pi-
      dE/dx and range tables from 100 eV  to 100 TeV in 120 bins.
      Lambda tables from threshold to 100 TeV in 120 bins.
      Scaling relation is used from proton dE/dx and range.
      Delta cross sections and sampling from BetheBloch model for scaled energy > 0.297504 MeV
      Parametrisation from Bragg for protons below.
      Step function: finalRange(mm)= 1, dRoverRange= 0.2, integral: 1

msc:  Model variant of multiple scattering for pi-
      Lambda tables from 100 eV  to 100 TeV in 120 bins.
      LateralDisplacementFlag=  1   Skin= 0
      Boundary/stepping algorithm is active with facrange= 0.02  Step limitation 1

========= Table of registered couples ==============================

Index : 0     used in the geometry : Yes     recalculation needed : No 
 Material : Galactic
 Range cuts        :  gamma 1 mm     e- 1 mm     e+ 1 mm 
 Energy thresholds :  gamma 990 eV     e- 990 eV     e+ 990 eV 
 Region(s) which use this couple : 
    DefaultRegionForTheWorld

Index : 1     used in the geometry : Yes     recalculation needed : No 
 Material : Lead
 Range cuts        :  gamma 1 mm     e- 1 mm     e+ 1 mm 
 Energy thresholds :  gamma 100.511 keV    e- 1.37814 MeV    e+ 1.28002 MeV
 Region(s) which use this couple : 
    Calor-A

Index : 2     used in the geometry : Yes     recalculation needed : No 
 Material : liquidArgon
 Range cuts        :  gamma 1 mm     e- 1 mm     e+ 1 mm 
 Energy thresholds :  gamma 6.17835 keV    e- 342.891 keV    e+ 334.551 keV
 Region(s) which use this couple : 
    Calor-A

Index : 3     used in the geometry : Yes     recalculation needed : No 
 Material : Lead
 Range cuts        :  gamma 1 cm     e- 1 cm     e+ 1 cm 
 Energy thresholds :  gamma 282.478 keV    e- 15.0137 MeV    e+ 13.9447 MeV
 Region(s) which use this couple : 
    Calor-B

Index : 4     used in the geometry : Yes     recalculation needed : No 
 Material : liquidArgon
 Range cuts        :  gamma 1 cm     e- 1 cm     e+ 1 cm 
 Energy thresholds :  gamma 19.0521 keV    e- 2.14666 MeV    e+ 2.04351 MeV
 Region(s) which use this couple : 
    Calor-B

Index : 5     used in the geometry : Yes     recalculation needed : No 
 Material : Lead
 Range cuts        :  gamma 10 cm     e- 10 cm     e+ 10 cm 
 Energy thresholds :  gamma 2.24888 MeV    e- 437.915 MeV    e+ 406.735 MeV
 Region(s) which use this couple : 
    Calor-C

Index : 6     used in the geometry : Yes     recalculation needed : No 
 Material : liquidArgon
 Range cuts        :  gamma 10 cm     e- 10 cm     e+ 10 cm 
 Energy thresholds :  gamma 56.6382 keV    e- 24.5664 MeV    e+ 22.8173 MeV
 Region(s) which use this couple : 
    Calor-C

====================================================================

Start Run processing.
Run terminated.
Run Summary
  Number of events processed : 10
  User=52.12s Real=57.65s Sys=5.5s
############################################################
 Run Summary - Number of events : 10
############################################################
Region : Calor-A
 Production thresholds :
    gamma 1 mm     e- 1 mm     e+ 1 mm 
 Energy deposition in an event :
    Absorber 5.1451604 GeV      Gap 551.9905 MeV
 Number of secondaries in an event :
    gamma in Absorber 2313.1    in Gap 126.1
    e-    in Absorber 3727.1    in Gap 343.2
    e+    in Absorber 228.3    in Gap 8.8
 Minimum kinetic energy of generated secondaries :
    gamma in Absorber 100.51312 keV    in Gap 6.1799843 keV
    e-    in Absorber 35.651111 eV     in Gap 25.422841 eV 
    e+    in Absorber 946.5659 eV     in Gap 125.08051 keV
 Total track length of e+/e- in an event :
    Absorber 2.6081751 m        Gap 1.6954593 m  
 Total number of steps of e+/e- in an event :
    Absorber 8546.7      Gap 1724.4
############################################################
Region : Calor-B
 Production thresholds :
    gamma 1 cm     e- 1 cm     e+ 1 cm 
 Energy deposition in an event :
    Absorber 2.6775422 GeV      Gap 340.85266 MeV
 Number of secondaries in an event :
    gamma in Absorber 474.3    in Gap 34.3
    e-    in Absorber 865.2    in Gap 83.8
    e+    in Absorber 66.6    in Gap 2.1
 Minimum kinetic energy of generated secondaries :
    gamma in Absorber 282.54785 keV    in Gap 19.161202 keV
    e-    in Absorber 44.710362 eV     in Gap 156.58643 eV 
    e+    in Absorber 19.089066 keV    in Gap 465.15383 keV
 Total track length of e+/e- in an event :
    Absorber 71.906218 cm       Gap 56.603971 cm 
 Total number of steps of e+/e- in an event :
    Absorber 2085.9      Gap 454.3
############################################################
Region : Calor-C
 Production thresholds :
    gamma 10 cm     e- 10 cm     e+ 10 cm 
 Energy deposition in an event :
    Absorber 2.4056247 GeV      Gap 252.64243 MeV
 Number of secondaries in an event :
    gamma in Absorber 41.7    in Gap 4.1
    e-    in Absorber 76.4    in Gap 5.3
    e+    in Absorber 11.3    in Gap 0.4
 Minimum kinetic energy of generated secondaries :
    gamma in Absorber 325.77354 keV    in Gap 58.509695 keV
    e-    in Absorber 515.59366 eV     in Gap 1.6446805 keV
    e+    in Absorber 106.70121 keV    in Gap 3.8710566 MeV
 Total track length of e+/e- in an event :
    Absorber 11.246447 cm       Gap 6.8277244 cm 
 Total number of steps of e+/e- in an event :
    Absorber 223.7      Gap 41.1
############################################################

Region <DefaultRegionForTheWorld>
 All particles : User=0.02  Real=0.03  Sys=0
 e+ / e-       : User=0  Real=0  Sys=0

Region <Calor-A>
 All particles : User=26.73  Real=30.2  Sys=3.51
 e+ / e-       : User=17.68  Real=20.72  Sys=3.04

Region <Calor-B>
 All particles : User=6.52  Real=7.68  Sys=1.15
 e+ / e-       : User=4.33  Real=5.36  Sys=1.03

Region <Calor-C>
 All particles : User=0.92  Real=1.03  Sys=0.1
 e+ / e-       : User=0.46  Real=0.57  Sys=0.11

/run/dumpCouples

========= Table of registered couples ==============================

Index : 0     used in the geometry : Yes     recalculation needed : No 
 Material : Galactic
 Range cuts        :  gamma 1 mm     e- 1 mm     e+ 1 mm 
 Energy thresholds :  gamma 990 eV     e- 990 eV     e+ 990 eV 
 Region(s) which use this couple : 
    DefaultRegionForTheWorld

Index : 1     used in the geometry : Yes     recalculation needed : No 
 Material : Lead
 Range cuts        :  gamma 1 mm     e- 1 mm     e+ 1 mm 
 Energy thresholds :  gamma 100.51071 keV    e- 1.3781428 MeV    e+ 1.280018 MeV
 Region(s) which use this couple : 
    Calor-A

Index : 2     used in the geometry : Yes     recalculation needed : No 
 Material : liquidArgon
 Range cuts        :  gamma 1 mm     e- 1 mm     e+ 1 mm 
 Energy thresholds :  gamma 6.1783498 keV    e- 342.89066 keV    e+ 334.55147 keV
 Region(s) which use this couple : 
    Calor-A

Index : 3     used in the geometry : Yes     recalculation needed : No 
 Material : Lead
 Range cuts        :  gamma 1 cm     e- 1 cm     e+ 1 cm 
 Energy thresholds :  gamma 282.47765 keV    e- 15.013704 MeV    e+ 13.944716 MeV
 Region(s) which use this couple : 
    Calor-B

Index : 4     used in the geometry : Yes     recalculation needed : No 
 Material : liquidArgon
 Range cuts        :  gamma 1 cm     e- 1 cm     e+ 1 cm 
 Energy thresholds :  gamma 19.052126 keV    e- 2.1466594 MeV    e+ 2.0435144 MeV
 Region(s) which use this couple : 
    Calor-B

Index : 5     used in the geometry : Yes     recalculation needed : No 
 Material : Lead
 Range cuts        :  gamma 10 cm     e- 10 cm     e+ 10 cm 
 Energy thresholds :  gamma 2.2488809 MeV    e- 437.91535 MeV    e+ 406.73544 MeV
 Region(s) which use this couple : 
    Calor-C

Index : 6     used in the geometry : Yes     recalculation needed : No 
 Material : liquidArgon
 Range cuts        :  gamma 10 cm     e- 10 cm     e+ 10 cm 
 Energy thresholds :  gamma 56.638224 keV    e- 24.566438 MeV    e+ 22.817289 MeV
 Region(s) which use this couple : 
    Calor-C

====================================================================

##
##
##
/run/setCutForRegion Calor-A 0.2 mm
/run/setCutForRegion Calor-B 2 mm
/run/setCutForRegion Calor-C 2 cm
/run/dumpRegion

Region <DefaultRegionForTheWorld> -- appears in <World> world volume
 Materials : Galactic 
 Production cuts :  gamma 1 mm     e- 1 mm     e+ 1 mm 

Region <Calor-A> -- appears in <World> world volume
 Materials : Lead liquidArgon 
 Production cuts :  gamma 200 um     e- 200 um     e+ 200 um 

Region <Calor-B> -- appears in <World> world volume
 Materials : Lead liquidArgon 
 Production cuts :  gamma 2 mm     e- 2 mm     e+ 2 mm 

Region <Calor-C> -- appears in <World> world volume
 Materials : Lead liquidArgon 
 Production cuts :  gamma 2 cm     e- 2 cm     e+ 2 cm 
/run/beamOn 10

conv:  Total cross sections has a good parametrisation from 1.5 MeV to 100 GeV for all Z;
      sampling secondary e+e- according Bethe-Heitler model
      tables are built for  gamma
      Lambda tables from 1.0219981 MeV to 100 GeV in 100 bins.

compt:  Total cross sections has a good parametrisation from 10 KeV to (100/Z) GeV
      Sampling according Klein-Nishina model
      tables are built for  gamma
      Lambda tables from 100 eV  to 100 GeV in 90 bins.

phot:  Total cross sections from Sandia parametrisation. 
      Sampling according PhotoElectric model

msc:  Model variant of multiple scattering for e-
      Lambda tables from 100 eV  to 100 TeV in 120 bins.
      LateralDisplacementFlag=  1   Skin= 0
      Boundary/stepping algorithm is active with facrange= 0.02  Step limitation 1

eIoni:   tables are built for  e-
      dE/dx and range tables from 100 eV  to 100 TeV in 120 bins.
      Lambda tables from threshold to 100 TeV in 120 bins.
      Delta cross sections and sampling from MollerBhabha model
      Good description from 1 KeV to 100 GeV.
      Step function: finalRange(mm)= 1, dRoverRange= 0.2, integral: 1

eBrem:   tables are built for  e-
      dE/dx and range tables from 100 eV  to 100 TeV in 120 bins.
      Lambda tables from threshold to 100 TeV in 120 bins.
      Total cross sections and sampling from StandBrem model (based on the EEDL data library) 
      Good description from 1 KeV to 100 GeV, log scale extrapolation above 100 GeV.

eIoni:   tables are built for  e+
      dE/dx and range tables from 100 eV  to 100 TeV in 120 bins.
      Lambda tables from threshold to 100 TeV in 120 bins.
      Delta cross sections and sampling from MollerBhabha model
      Good description from 1 KeV to 100 GeV.
      Step function: finalRange(mm)= 1, dRoverRange= 0.2, integral: 1

eBrem:   tables are built for  e+
      dE/dx and range tables from 100 eV  to 100 TeV in 120 bins.
      Lambda tables from threshold to 100 TeV in 120 bins.
      Total cross sections and sampling from StandBrem model (based on the EEDL data library) 
      Good description from 1 KeV to 100 GeV, log scale extrapolation above 100 GeV.

annihil:       Sampling according eplus2gg model
      tables are built for  e+
      Lambda tables from 100 eV  to 100 TeV in 120 bins.

hIoni:   tables are built for  proton
      dE/dx and range tables from 100 eV  to 100 TeV in 120 bins.
      Lambda tables from threshold to 100 TeV in 120 bins.
      Scaling relation is used from proton dE/dx and range.
      Delta cross sections and sampling from BetheBloch model for scaled energy > 2 MeV
      Parametrisation from Bragg for protons below.
      Step function: finalRange(mm)= 1, dRoverRange= 0.2, integral: 1

msc:  Model variant of multiple scattering for proton
      Lambda tables from 100 eV  to 100 TeV in 120 bins.
      LateralDisplacementFlag=  1   Skin= 0
      Boundary/stepping algorithm is active with facrange= 0.02  Step limitation 1

hIoni:   tables are built for  anti_proton
      dE/dx and range tables from 100 eV  to 100 TeV in 120 bins.
      Lambda tables from threshold to 100 TeV in 120 bins.
      Scaling relation is used from proton dE/dx and range.
      Delta cross sections and sampling from BetheBloch model for scaled energy > 2 MeV
      Parametrisation from Bragg for protons below.
      Step function: finalRange(mm)= 1, dRoverRange= 0.2, integral: 1

muIoni:   tables are built for  mu+
      dE/dx and range tables from 100 eV  to 100 TeV in 120 bins.
      Lambda tables from threshold to 100 TeV in 120 bins.
      Bether-Bloch model for E > 0.2 MeV, parametrisation of Bragg peak below, 
      radiative corrections for E > 1 GeV
      Step function: finalRange(mm)= 1, dRoverRange= 0.2, integral: 1

msc:  Model variant of multiple scattering for mu+
      Lambda tables from 100 eV  to 100 TeV in 120 bins.
      LateralDisplacementFlag=  1   Skin= 0
      Boundary/stepping algorithm is active with facrange= 0.02  Step limitation 1

muBrems:   tables are built for  mu+
      dE/dx and range tables from 100 eV  to 100 TeV in 120 bins.
      Lambda tables from threshold to 100 TeV in 120 bins.
      Parametrised model 

muPairProd:   tables are built for  mu+
      dE/dx and range tables from 100 eV  to 100 TeV in 120 bins.
      Lambda tables from threshold to 100 TeV in 120 bins.
      Parametrised model 

muIoni:   tables are built for  mu-
      dE/dx and range tables from 100 eV  to 100 TeV in 120 bins.
      Lambda tables from threshold to 100 TeV in 120 bins.
      Bether-Bloch model for E > 0.2 MeV, parametrisation of Bragg peak below, 
      radiative corrections for E > 1 GeV
      Step function: finalRange(mm)= 1, dRoverRange= 0.2, integral: 1

muBrems:   tables are built for  mu-
      dE/dx and range tables from 100 eV  to 100 TeV in 120 bins.
      Lambda tables from threshold to 100 TeV in 120 bins.
      Parametrised model 

muPairProd:   tables are built for  mu-
      dE/dx and range tables from 100 eV  to 100 TeV in 120 bins.
      Lambda tables from threshold to 100 TeV in 120 bins.
      Parametrised model 

hIoni:   tables are built for  pi+
      dE/dx and range tables from 100 eV  to 100 TeV in 120 bins.
      Lambda tables from threshold to 100 TeV in 120 bins.
      Scaling relation is used from proton dE/dx and range.
      Delta cross sections and sampling from BetheBloch model for scaled energy > 0.29750425 MeV
      Parametrisation from Bragg for protons below.
      Step function: finalRange(mm)= 1, dRoverRange= 0.2, integral: 1

hIoni:   tables are built for  pi-
      dE/dx and range tables from 100 eV  to 100 TeV in 120 bins.
      Lambda tables from threshold to 100 TeV in 120 bins.
      Scaling relation is used from proton dE/dx and range.
      Delta cross sections and sampling from BetheBloch model for scaled energy > 0.29750425 MeV
      Parametrisation from Bragg for protons below.
      Step function: finalRange(mm)= 1, dRoverRange= 0.2, integral: 1

msc:  Model variant of multiple scattering for pi-
      Lambda tables from 100 eV  to 100 TeV in 120 bins.
      LateralDisplacementFlag=  1   Skin= 0
      Boundary/stepping algorithm is active with facrange= 0.02  Step limitation 1

========= Table of registered couples ==============================

Index : 0     used in the geometry : Yes     recalculation needed : No 
 Material : Galactic
 Range cuts        :  gamma 1 mm     e- 1 mm     e+ 1 mm 
 Energy thresholds :  gamma 990 eV     e- 990 eV     e+ 990 eV 
 Region(s) which use this couple : 
    DefaultRegionForTheWorld

Index : 1     used in the geometry : Yes     recalculation needed : No 
 Material : Lead
 Range cuts        :  gamma 200 um     e- 200 um     e+ 200 um 
 Energy thresholds :  gamma 47.18466 keV    e- 383.06537 keV    e+ 364.65944 keV
 Region(s) which use this couple : 
    Calor-A

Index : 2     used in the geometry : Yes     recalculation needed : No 
 Material : liquidArgon
 Range cuts        :  gamma 200 um     e- 200 um     e+ 200 um 
 Energy thresholds :  gamma 2.7857637 keV    e- 123.42635 keV    e+ 121.91623 keV
 Region(s) which use this couple : 
    Calor-A

Index : 3     used in the geometry : Yes     recalculation needed : No 
 Material : Lead
 Range cuts        :  gamma 2 mm     e- 2 mm     e+ 2 mm 
 Energy thresholds :  gamma 120.58859 keV    e- 2.6139957 MeV    e+ 2.4278772 MeV
 Region(s) which use this couple : 
    Calor-B

Index : 4     used in the geometry : Yes     recalculation needed : No 
 Material : liquidArgon
 Range cuts        :  gamma 2 mm     e- 2 mm     e+ 2 mm 
 Energy thresholds :  gamma 8.590436 keV    e- 561.06092 keV    e+ 540.71814 keV
 Region(s) which use this couple : 
    Calor-B

Index : 5     used in the geometry : Yes     recalculation needed : No 
 Material : Lead
 Range cuts        :  gamma 2 cm     e- 2 cm     e+ 2 cm 
 Energy thresholds :  gamma 419.68872 keV    e- 35.541271 MeV    e+ 33.010705 MeV
 Region(s) which use this couple : 
    Calor-C

Index : 6     used in the geometry : Yes     recalculation needed : No 
 Material : liquidArgon
 Range cuts        :  gamma 2 cm     e- 2 cm     e+ 2 cm 
 Energy thresholds :  gamma 26.979787 keV    e- 4.2771968 MeV    e+ 3.9726571 MeV
 Region(s) which use this couple : 
    Calor-C

====================================================================

Start Run processing.
Run terminated.
Run Summary
  Number of events processed : 10
  User=59.07s Real=65.13s Sys=6.06s
############################################################
 Run Summary - Number of events : 10
############################################################
Region : Calor-A
 Production thresholds :
    gamma 200 um     e- 200 um     e+ 200 um 
 Energy deposition in an event :
    Absorber 3.9747772 GeV      Gap 466.17075 MeV
 Number of secondaries in an event :
    gamma in Absorber 1974.2    in Gap 100.3
    e-    in Absorber 3212    in Gap 363.9
    e+    in Absorber 148    in Gap 5.4
 Minimum kinetic energy of generated secondaries :
    gamma in Absorber 47.186265 keV    in Gap 2.7921426 keV
    e-    in Absorber 10.483196 eV     in Gap 2.9639899 eV 
    e+    in Absorber 3.5027145 keV    in Gap 112.38161 keV
 Total track length of e+/e- in an event :
    Absorber 1.9106368 m        Gap 1.3372795 m  
 Total number of steps of e+/e- in an event :
    Absorber 7268.6      Gap 1490
############################################################
Region : Calor-B
 Production thresholds :
    gamma 2 mm     e- 2 mm     e+ 2 mm 
 Energy deposition in an event :
    Absorber 2.9251433 GeV      Gap 366.86613 MeV
 Number of secondaries in an event :
    gamma in Absorber 850.2    in Gap 51.5
    e-    in Absorber 1399.8    in Gap 141.4
    e+    in Absorber 85.4    in Gap 3.4
 Minimum kinetic energy of generated secondaries :
    gamma in Absorber 120.59207 keV    in Gap 8.8280099 keV
    e-    in Absorber 12.213281 eV     in Gap 56.452875 eV 
    e+    in Absorber 3.9748581 keV    in Gap 535.34414 keV
 Total track length of e+/e- in an event :
    Absorber 1.0102155 m        Gap 77.923459 cm 
 Total number of steps of e+/e- in an event :
    Absorber 3350.6      Gap 746.8
############################################################
Region : Calor-C
 Production thresholds :
    gamma 2 cm     e- 2 cm     e+ 2 cm 
 Energy deposition in an event :
    Absorber 2.5590816 GeV      Gap 316.55878 MeV
 Number of secondaries in an event :
    gamma in Absorber 356.1    in Gap 24.7
    e-    in Absorber 678    in Gap 62.7
    e+    in Absorber 57.5    in Gap 1.9
 Minimum kinetic energy of generated secondaries :
    gamma in Absorber 282.68361 keV    in Gap 27.555681 keV
    e-    in Absorber 45.008628 eV     in Gap 244.90771 eV 
    e+    in Absorber 6.9857985 keV    in Gap 852.62085 keV
 Total track length of e+/e- in an event :
    Absorber 59.244638 cm       Gap 42.332997 cm 
 Total number of steps of e+/e- in an event :
    Absorber 1703.5      Gap 364.5
############################################################

Region <DefaultRegionForTheWorld>
 All particles : User=0  Real=0  Sys=0
 e+ / e-       : User=0  Real=0  Sys=0

Region <Calor-A>
 All particles : User=22.7  Real=25.39  Sys=2.68
 e+ / e-       : User=15.24  Real=17.55  Sys=2.3

Region <Calor-B>
 All particles : User=10.62  Real=12.01  Sys=1.39
 e+ / e-       : User=7.28  Real=8.51  Sys=1.23

Region <Calor-C>
 All particles : User=5.44  Real=6.42  Sys=0.98
 e+ / e-       : User=3.45  Real=4.39  Sys=0.94

/run/dumpCouples

========= Table of registered couples ==============================

Index : 0     used in the geometry : Yes     recalculation needed : No 
 Material : Galactic
 Range cuts        :  gamma 1 mm     e- 1 mm     e+ 1 mm 
 Energy thresholds :  gamma 990 eV     e- 990 eV     e+ 990 eV 
 Region(s) which use this couple : 
    DefaultRegionForTheWorld

Index : 1     used in the geometry : Yes     recalculation needed : No 
 Material : Lead
 Range cuts        :  gamma 200 um     e- 200 um     e+ 200 um 
 Energy thresholds :  gamma 47.18466 keV    e- 383.06537 keV    e+ 364.65944 keV
 Region(s) which use this couple : 
    Calor-A

Index : 2     used in the geometry : Yes     recalculation needed : No 
 Material : liquidArgon
 Range cuts        :  gamma 200 um     e- 200 um     e+ 200 um 
 Energy thresholds :  gamma 2.7857637 keV    e- 123.42635 keV    e+ 121.91623 keV
 Region(s) which use this couple : 
    Calor-A

Index : 3     used in the geometry : Yes     recalculation needed : No 
 Material : Lead
 Range cuts        :  gamma 2 mm     e- 2 mm     e+ 2 mm 
 Energy thresholds :  gamma 120.58859 keV    e- 2.6139957 MeV    e+ 2.4278772 MeV
 Region(s) which use this couple : 
    Calor-B

Index : 4     used in the geometry : Yes     recalculation needed : No 
 Material : liquidArgon
 Range cuts        :  gamma 2 mm     e- 2 mm     e+ 2 mm 
 Energy thresholds :  gamma 8.590436 keV    e- 561.06092 keV    e+ 540.71814 keV
 Region(s) which use this couple : 
    Calor-B

Index : 5     used in the geometry : Yes     recalculation needed : No 
 Material : Lead
 Range cuts        :  gamma 2 cm     e- 2 cm     e+ 2 cm 
 Energy thresholds :  gamma 419.68872 keV    e- 35.541271 MeV    e+ 33.010705 MeV
 Region(s) which use this couple : 
    Calor-C

Index : 6     used in the geometry : Yes     recalculation needed : No 
 Material : liquidArgon
 Range cuts        :  gamma 2 cm     e- 2 cm     e+ 2 cm 
 Energy thresholds :  gamma 26.979787 keV    e- 4.2771968 MeV    e+ 3.9726571 MeV
 Region(s) which use this couple : 
    Calor-C

====================================================================

##
##
##
/N07/setAbsMat Aluminium
/N07/setGapMat Water
/run/dumpRegion

Region <DefaultRegionForTheWorld> -- appears in <World> world volume
 Materials : Galactic 
 Production cuts :  gamma 1 mm     e- 1 mm     e+ 1 mm 

Region <Calor-A> -- appears in <World> world volume
 Materials : Aluminium Water 
 Production cuts :  gamma 200 um     e- 200 um     e+ 200 um 

Region <Calor-B> -- appears in <World> world volume
 Materials : Aluminium Water 
 Production cuts :  gamma 2 mm     e- 2 mm     e+ 2 mm 

Region <Calor-C> -- appears in <World> world volume
 Materials : Aluminium Water 
 Production cuts :  gamma 2 cm     e- 2 cm     e+ 2 cm 
/run/beamOn 10

conv:  Total cross sections has a good parametrisation from 1.5 MeV to 100 GeV for all Z;
      sampling secondary e+e- according Bethe-Heitler model
      tables are built for  gamma
      Lambda tables from 1.0219981 MeV to 100 GeV in 100 bins.

compt:  Total cross sections has a good parametrisation from 10 KeV to (100/Z) GeV
      Sampling according Klein-Nishina model
      tables are built for  gamma
      Lambda tables from 100 eV  to 100 GeV in 90 bins.

phot:  Total cross sections from Sandia parametrisation. 
      Sampling according PhotoElectric model

msc:  Model variant of multiple scattering for e-
      Lambda tables from 100 eV  to 100 TeV in 120 bins.
      LateralDisplacementFlag=  1   Skin= 0
      Boundary/stepping algorithm is active with facrange= 0.02  Step limitation 1

eIoni:   tables are built for  e-
      dE/dx and range tables from 100 eV  to 100 TeV in 120 bins.
      Lambda tables from threshold to 100 TeV in 120 bins.
      Delta cross sections and sampling from MollerBhabha model
      Good description from 1 KeV to 100 GeV.
      Step function: finalRange(mm)= 1, dRoverRange= 0.2, integral: 1

eBrem:   tables are built for  e-
      dE/dx and range tables from 100 eV  to 100 TeV in 120 bins.
      Lambda tables from threshold to 100 TeV in 120 bins.
      Total cross sections and sampling from StandBrem model (based on the EEDL data library) 
      Good description from 1 KeV to 100 GeV, log scale extrapolation above 100 GeV.

eIoni:   tables are built for  e+
      dE/dx and range tables from 100 eV  to 100 TeV in 120 bins.
      Lambda tables from threshold to 100 TeV in 120 bins.
      Delta cross sections and sampling from MollerBhabha model
      Good description from 1 KeV to 100 GeV.
      Step function: finalRange(mm)= 1, dRoverRange= 0.2, integral: 1

eBrem:   tables are built for  e+
      dE/dx and range tables from 100 eV  to 100 TeV in 120 bins.
      Lambda tables from threshold to 100 TeV in 120 bins.
      Total cross sections and sampling from StandBrem model (based on the EEDL data library) 
      Good description from 1 KeV to 100 GeV, log scale extrapolation above 100 GeV.

annihil:       Sampling according eplus2gg model
      tables are built for  e+
      Lambda tables from 100 eV  to 100 TeV in 120 bins.

hIoni:   tables are built for  proton
      dE/dx and range tables from 100 eV  to 100 TeV in 120 bins.
      Lambda tables from threshold to 100 TeV in 120 bins.
      Scaling relation is used from proton dE/dx and range.
      Delta cross sections and sampling from BetheBloch model for scaled energy > 2 MeV
      Parametrisation from Bragg for protons below.
      Step function: finalRange(mm)= 1, dRoverRange= 0.2, integral: 1

msc:  Model variant of multiple scattering for proton
      Lambda tables from 100 eV  to 100 TeV in 120 bins.
      LateralDisplacementFlag=  1   Skin= 0
      Boundary/stepping algorithm is active with facrange= 0.02  Step limitation 1

hIoni:   tables are built for  anti_proton
      dE/dx and range tables from 100 eV  to 100 TeV in 120 bins.
      Lambda tables from threshold to 100 TeV in 120 bins.
      Scaling relation is used from proton dE/dx and range.
      Delta cross sections and sampling from BetheBloch model for scaled energy > 2 MeV
      Parametrisation from Bragg for protons below.
      Step function: finalRange(mm)= 1, dRoverRange= 0.2, integral: 1

muIoni:   tables are built for  mu+
      dE/dx and range tables from 100 eV  to 100 TeV in 120 bins.
      Lambda tables from threshold to 100 TeV in 120 bins.
      Bether-Bloch model for E > 0.2 MeV, parametrisation of Bragg peak below, 
      radiative corrections for E > 1 GeV
      Step function: finalRange(mm)= 1, dRoverRange= 0.2, integral: 1

msc:  Model variant of multiple scattering for mu+
      Lambda tables from 100 eV  to 100 TeV in 120 bins.
      LateralDisplacementFlag=  1   Skin= 0
      Boundary/stepping algorithm is active with facrange= 0.02  Step limitation 1

muBrems:   tables are built for  mu+
      dE/dx and range tables from 100 eV  to 100 TeV in 120 bins.
      Lambda tables from threshold to 100 TeV in 120 bins.
      Parametrised model 

muPairProd:   tables are built for  mu+
      dE/dx and range tables from 100 eV  to 100 TeV in 120 bins.
      Lambda tables from threshold to 100 TeV in 120 bins.
      Parametrised model 

muIoni:   tables are built for  mu-
      dE/dx and range tables from 100 eV  to 100 TeV in 120 bins.
      Lambda tables from threshold to 100 TeV in 120 bins.
      Bether-Bloch model for E > 0.2 MeV, parametrisation of Bragg peak below, 
      radiative corrections for E > 1 GeV
      Step function: finalRange(mm)= 1, dRoverRange= 0.2, integral: 1

muBrems:   tables are built for  mu-
      dE/dx and range tables from 100 eV  to 100 TeV in 120 bins.
      Lambda tables from threshold to 100 TeV in 120 bins.
      Parametrised model 

muPairProd:   tables are built for  mu-
      dE/dx and range tables from 100 eV  to 100 TeV in 120 bins.
      Lambda tables from threshold to 100 TeV in 120 bins.
      Parametrised model 

hIoni:   tables are built for  pi+
      dE/dx and range tables from 100 eV  to 100 TeV in 120 bins.
      Lambda tables from threshold to 100 TeV in 120 bins.
      Scaling relation is used from proton dE/dx and range.
      Delta cross sections and sampling from BetheBloch model for scaled energy > 0.29750425 MeV
      Parametrisation from Bragg for protons below.
      Step function: finalRange(mm)= 1, dRoverRange= 0.2, integral: 1

hIoni:   tables are built for  pi-
      dE/dx and range tables from 100 eV  to 100 TeV in 120 bins.
      Lambda tables from threshold to 100 TeV in 120 bins.
      Scaling relation is used from proton dE/dx and range.
      Delta cross sections and sampling from BetheBloch model for scaled energy > 0.29750425 MeV
      Parametrisation from Bragg for protons below.
      Step function: finalRange(mm)= 1, dRoverRange= 0.2, integral: 1

msc:  Model variant of multiple scattering for pi-
      Lambda tables from 100 eV  to 100 TeV in 120 bins.
      LateralDisplacementFlag=  1   Skin= 0
      Boundary/stepping algorithm is active with facrange= 0.02  Step limitation 1

========= Table of registered couples ==============================

Index : 0     used in the geometry : Yes     recalculation needed : No 
 Material : Galactic
 Range cuts        :  gamma 1 mm     e- 1 mm     e+ 1 mm 
 Energy thresholds :  gamma 990 eV     e- 990 eV     e+ 990 eV 
 Region(s) which use this couple : 
    DefaultRegionForTheWorld

Index : 1     used in the geometry : No      recalculation needed : No 
 Material : Lead
 Range cuts        :  gamma 200 um     e- 200 um     e+ 200 um 
 Energy thresholds :  gamma 47.18466 keV    e- 383.06537 keV    e+ 364.65944 keV

Index : 2     used in the geometry : No      recalculation needed : No 
 Material : liquidArgon
 Range cuts        :  gamma 200 um     e- 200 um     e+ 200 um 
 Energy thresholds :  gamma 2.7857637 keV    e- 123.42635 keV    e+ 121.91623 keV

Index : 3     used in the geometry : No      recalculation needed : No 
 Material : Lead
 Range cuts        :  gamma 2 mm     e- 2 mm     e+ 2 mm 
 Energy thresholds :  gamma 120.58859 keV    e- 2.6139957 MeV    e+ 2.4278772 MeV

Index : 4     used in the geometry : No      recalculation needed : No 
 Material : liquidArgon
 Range cuts        :  gamma 2 mm     e- 2 mm     e+ 2 mm 
 Energy thresholds :  gamma 8.590436 keV    e- 561.06092 keV    e+ 540.71814 keV

Index : 5     used in the geometry : No      recalculation needed : No 
 Material : Lead
 Range cuts        :  gamma 2 cm     e- 2 cm     e+ 2 cm 
 Energy thresholds :  gamma 419.68872 keV    e- 35.541271 MeV    e+ 33.010705 MeV

Index : 6     used in the geometry : No      recalculation needed : No 
 Material : liquidArgon
 Range cuts        :  gamma 2 cm     e- 2 cm     e+ 2 cm 
 Energy thresholds :  gamma 26.979787 keV    e- 4.2771968 MeV    e+ 3.9726571 MeV

Index : 7     used in the geometry : Yes     recalculation needed : No 
 Material : Aluminium
 Range cuts        :  gamma 200 um     e- 200 um     e+ 200 um 
 Energy thresholds :  gamma 3.2133001 keV    e- 199.48758 keV    e+ 194.63599 keV
 Region(s) which use this couple : 
    Calor-A

Index : 8     used in the geometry : Yes     recalculation needed : No 
 Material : Water
 Range cuts        :  gamma 200 um     e- 200 um     e+ 200 um 
 Energy thresholds :  gamma 1.47052 keV    e- 126.50293 keV    e+ 124.95517 keV
 Region(s) which use this couple : 
    Calor-A

Index : 9     used in the geometry : Yes     recalculation needed : No 
 Material : Aluminium
 Range cuts        :  gamma 2 mm     e- 2 mm     e+ 2 mm 
 Energy thresholds :  gamma 9.5619691 keV    e- 1.0256085 MeV    e+ 976.32895 keV
 Region(s) which use this couple : 
    Calor-B

Index : 10     used in the geometry : Yes     recalculation needed : No 
 Material : Water
 Range cuts        :  gamma 2 mm     e- 2 mm     e+ 2 mm 
 Energy thresholds :  gamma 3.8944955 keV    e- 568.01052 keV    e+ 547.41576 keV
 Region(s) which use this couple : 
    Calor-B

Index : 11     used in the geometry : Yes     recalculation needed : No 
 Material : Aluminium
 Range cuts        :  gamma 2 cm     e- 2 cm     e+ 2 cm 
 Energy thresholds :  gamma 28.180732 keV    e- 9.404294 MeV    e+ 8.7347011 MeV
 Region(s) which use this couple : 
    Calor-C

Index : 12     used in the geometry : Yes     recalculation needed : No 
 Material : Water
 Range cuts        :  gamma 2 cm     e- 2 cm     e+ 2 cm 
 Energy thresholds :  gamma 10.314103 keV    e- 4.1731742 MeV    e+ 3.9726571 MeV
 Region(s) which use this couple : 
    Calor-C

====================================================================

Start Run processing.
Run terminated.
Run Summary
  Number of events processed : 10
  User=9.88s Real=10.64s Sys=0.76s
############################################################
 Run Summary - Number of events : 10
############################################################
Region : Calor-A
 Production thresholds :
    gamma 200 um     e- 200 um     e+ 200 um 
 Energy deposition in an event :
    Absorber 624.93204 MeV      Gap 279.53695 MeV
 Number of secondaries in an event :
    gamma in Absorber 67.1    in Gap 17.9
    e-    in Absorber 404.6    in Gap 205.6
    e+    in Absorber 2.4    in Gap 0.6
 Minimum kinetic energy of generated secondaries :
    gamma in Absorber 3.2343059 keV    in Gap 1.6114452 keV
    e-    in Absorber 5.9878703 eV     in Gap 5.6818677 eV 
    e+    in Absorber 14.491995 keV    in Gap 505.0367 keV
 Total track length of e+/e- in an event :
    Absorber 53.599558 cm       Gap 53.809242 cm 
 Total number of steps of e+/e- in an event :
    Absorber 852.6      Gap 461
############################################################
Region : Calor-B
 Production thresholds :
    gamma 2 mm     e- 2 mm     e+ 2 mm 
 Energy deposition in an event :
    Absorber 551.35088 MeV      Gap 243.22647 MeV
 Number of secondaries in an event :
    gamma in Absorber 29.9    in Gap 10.2
    e-    in Absorber 165.3    in Gap 75.2
    e+    in Absorber 1.4    in Gap 0.2
 Minimum kinetic energy of generated secondaries :
    gamma in Absorber 9.6632308 keV    in Gap 3.9456153 keV
    e-    in Absorber 22.437785 eV     in Gap 0.79877625 eV 
    e+    in Absorber 212.55028 keV    in Gap 3.3171334 MeV
 Total track length of e+/e- in an event :
    Absorber 29.135438 cm       Gap 30.290399 cm 
 Total number of steps of e+/e- in an event :
    Absorber 428      Gap 210.7
############################################################
Region : Calor-C
 Production thresholds :
    gamma 2 cm     e- 2 cm     e+ 2 cm 
 Energy deposition in an event :
    Absorber 528.58189 MeV      Gap 221.63659 MeV
 Number of secondaries in an event :
    gamma in Absorber 9    in Gap 2.7
    e-    in Absorber 50.5    in Gap 21.8
    e+    in Absorber 0.4    in Gap 0.1
 Minimum kinetic energy of generated secondaries :
    gamma in Absorber 32.030882 keV    in Gap 14.37258 keV
    e-    in Absorber 21.39299 eV     in Gap 120.22867 eV 
    e+    in Absorber 1.3847444 MeV    in Gap 11.002297 MeV
 Total track length of e+/e- in an event :
    Absorber 10.597796 cm       Gap 9.5877782 cm 
 Total number of steps of e+/e- in an event :
    Absorber 109.9      Gap 44.8
############################################################

Region <DefaultRegionForTheWorld>
 All particles : User=0.01  Real=0.01  Sys=0
 e+ / e-       : User=0  Real=0  Sys=0

Region <Calor-A>
 All particles : User=4.21  Real=4.6  Sys=0.37
 e+ / e-       : User=2.31  Real=2.65  Sys=0.34

Region <Calor-B>
 All particles : User=1.94  Real=2.2  Sys=0.26
 e+ / e-       : User=1.05  Real=1.3  Sys=0.25

Region <Calor-C>
 All particles : User=0.77  Real=0.81  Sys=0.05
 e+ / e-       : User=0.27  Real=0.31  Sys=0.04

/run/dumpCouples

========= Table of registered couples ==============================

Index : 0     used in the geometry : Yes     recalculation needed : No 
 Material : Galactic
 Range cuts        :  gamma 1 mm     e- 1 mm     e+ 1 mm 
 Energy thresholds :  gamma 990 eV     e- 990 eV     e+ 990 eV 
 Region(s) which use this couple : 
    DefaultRegionForTheWorld

Index : 1     used in the geometry : No      recalculation needed : No 
 Material : Lead
 Range cuts        :  gamma 200 um     e- 200 um     e+ 200 um 
 Energy thresholds :  gamma 47.18466 keV    e- 383.06537 keV    e+ 364.65944 keV

Index : 2     used in the geometry : No      recalculation needed : No 
 Material : liquidArgon
 Range cuts        :  gamma 200 um     e- 200 um     e+ 200 um 
 Energy thresholds :  gamma 2.7857637 keV    e- 123.42635 keV    e+ 121.91623 keV

Index : 3     used in the geometry : No      recalculation needed : No 
 Material : Lead
 Range cuts        :  gamma 2 mm     e- 2 mm     e+ 2 mm 
 Energy thresholds :  gamma 120.58859 keV    e- 2.6139957 MeV    e+ 2.4278772 MeV

Index : 4     used in the geometry : No      recalculation needed : No 
 Material : liquidArgon
 Range cuts        :  gamma 2 mm     e- 2 mm     e+ 2 mm 
 Energy thresholds :  gamma 8.590436 keV    e- 561.06092 keV    e+ 540.71814 keV

Index : 5     used in the geometry : No      recalculation needed : No 
 Material : Lead
 Range cuts        :  gamma 2 cm     e- 2 cm     e+ 2 cm 
 Energy thresholds :  gamma 419.68872 keV    e- 35.541271 MeV    e+ 33.010705 MeV

Index : 6     used in the geometry : No      recalculation needed : No 
 Material : liquidArgon
 Range cuts        :  gamma 2 cm     e- 2 cm     e+ 2 cm 
 Energy thresholds :  gamma 26.979787 keV    e- 4.2771968 MeV    e+ 3.9726571 MeV

Index : 7     used in the geometry : Yes     recalculation needed : No 
 Material : Aluminium
 Range cuts        :  gamma 200 um     e- 200 um     e+ 200 um 
 Energy thresholds :  gamma 3.2133001 keV    e- 199.48758 keV    e+ 194.63599 keV
 Region(s) which use this couple : 
    Calor-A

Index : 8     used in the geometry : Yes     recalculation needed : No 
 Material : Water
 Range cuts        :  gamma 200 um     e- 200 um     e+ 200 um 
 Energy thresholds :  gamma 1.47052 keV    e- 126.50293 keV    e+ 124.95517 keV
 Region(s) which use this couple : 
    Calor-A

Index : 9     used in the geometry : Yes     recalculation needed : No 
 Material : Aluminium
 Range cuts        :  gamma 2 mm     e- 2 mm     e+ 2 mm 
 Energy thresholds :  gamma 9.5619691 keV    e- 1.0256085 MeV    e+ 976.32895 keV
 Region(s) which use this couple : 
    Calor-B

Index : 10     used in the geometry : Yes     recalculation needed : No 
 Material : Water
 Range cuts        :  gamma 2 mm     e- 2 mm     e+ 2 mm 
 Energy thresholds :  gamma 3.8944955 keV    e- 568.01052 keV    e+ 547.41576 keV
 Region(s) which use this couple : 
    Calor-B

Index : 11     used in the geometry : Yes     recalculation needed : No 
 Material : Aluminium
 Range cuts        :  gamma 2 cm     e- 2 cm     e+ 2 cm 
 Energy thresholds :  gamma 28.180732 keV    e- 9.404294 MeV    e+ 8.7347011 MeV
 Region(s) which use this couple : 
    Calor-C

Index : 12     used in the geometry : Yes     recalculation needed : No 
 Material : Water
 Range cuts        :  gamma 2 cm     e- 2 cm     e+ 2 cm 
 Energy thresholds :  gamma 10.314103 keV    e- 4.1731742 MeV    e+ 3.9726571 MeV
 Region(s) which use this couple : 
    Calor-C

====================================================================

##
##
##
/run/setCutForRegion Calor-A 0.01 mm
/run/setCutForRegion Calor-B 0.1 mm
/run/setCutForRegion Calor-C 1 mm
/run/dumpRegion

Region <DefaultRegionForTheWorld> -- appears in <World> world volume
 Materials : Galactic 
 Production cuts :  gamma 1 mm     e- 1 mm     e+ 1 mm 

Region <Calor-A> -- appears in <World> world volume
 Materials : Aluminium Water 
 Production cuts :  gamma 10 um     e- 10 um     e+ 10 um 

Region <Calor-B> -- appears in <World> world volume
 Materials : Aluminium Water 
 Production cuts :  gamma 100 um     e- 100 um     e+ 100 um 

Region <Calor-C> -- appears in <World> world volume
 Materials : Aluminium Water 
 Production cuts :  gamma 1 mm     e- 1 mm     e+ 1 mm 
/run/beamOn 10

conv:  Total cross sections has a good parametrisation from 1.5 MeV to 100 GeV for all Z;
      sampling secondary e+e- according Bethe-Heitler model
      tables are built for  gamma
      Lambda tables from 1.0219981 MeV to 100 GeV in 100 bins.

compt:  Total cross sections has a good parametrisation from 10 KeV to (100/Z) GeV
      Sampling according Klein-Nishina model
      tables are built for  gamma
      Lambda tables from 100 eV  to 100 GeV in 90 bins.

phot:  Total cross sections from Sandia parametrisation. 
      Sampling according PhotoElectric model

msc:  Model variant of multiple scattering for e-
      Lambda tables from 100 eV  to 100 TeV in 120 bins.
      LateralDisplacementFlag=  1   Skin= 0
      Boundary/stepping algorithm is active with facrange= 0.02  Step limitation 1

eIoni:   tables are built for  e-
      dE/dx and range tables from 100 eV  to 100 TeV in 120 bins.
      Lambda tables from threshold to 100 TeV in 120 bins.
      Delta cross sections and sampling from MollerBhabha model
      Good description from 1 KeV to 100 GeV.
      Step function: finalRange(mm)= 1, dRoverRange= 0.2, integral: 1

eBrem:   tables are built for  e-
      dE/dx and range tables from 100 eV  to 100 TeV in 120 bins.
      Lambda tables from threshold to 100 TeV in 120 bins.
      Total cross sections and sampling from StandBrem model (based on the EEDL data library) 
      Good description from 1 KeV to 100 GeV, log scale extrapolation above 100 GeV.

eIoni:   tables are built for  e+
      dE/dx and range tables from 100 eV  to 100 TeV in 120 bins.
      Lambda tables from threshold to 100 TeV in 120 bins.
      Delta cross sections and sampling from MollerBhabha model
      Good description from 1 KeV to 100 GeV.
      Step function: finalRange(mm)= 1, dRoverRange= 0.2, integral: 1

eBrem:   tables are built for  e+
      dE/dx and range tables from 100 eV  to 100 TeV in 120 bins.
      Lambda tables from threshold to 100 TeV in 120 bins.
      Total cross sections and sampling from StandBrem model (based on the EEDL data library) 
      Good description from 1 KeV to 100 GeV, log scale extrapolation above 100 GeV.

annihil:       Sampling according eplus2gg model
      tables are built for  e+
      Lambda tables from 100 eV  to 100 TeV in 120 bins.

hIoni:   tables are built for  proton
      dE/dx and range tables from 100 eV  to 100 TeV in 120 bins.
      Lambda tables from threshold to 100 TeV in 120 bins.
      Scaling relation is used from proton dE/dx and range.
      Delta cross sections and sampling from BetheBloch model for scaled energy > 2 MeV
      Parametrisation from Bragg for protons below.
      Step function: finalRange(mm)= 1, dRoverRange= 0.2, integral: 1

msc:  Model variant of multiple scattering for proton
      Lambda tables from 100 eV  to 100 TeV in 120 bins.
      LateralDisplacementFlag=  1   Skin= 0
      Boundary/stepping algorithm is active with facrange= 0.02  Step limitation 1

hIoni:   tables are built for  anti_proton
      dE/dx and range tables from 100 eV  to 100 TeV in 120 bins.
      Lambda tables from threshold to 100 TeV in 120 bins.
      Scaling relation is used from proton dE/dx and range.
      Delta cross sections and sampling from BetheBloch model for scaled energy > 2 MeV
      Parametrisation from Bragg for protons below.
      Step function: finalRange(mm)= 1, dRoverRange= 0.2, integral: 1

muIoni:   tables are built for  mu+
      dE/dx and range tables from 100 eV  to 100 TeV in 120 bins.
      Lambda tables from threshold to 100 TeV in 120 bins.
      Bether-Bloch model for E > 0.2 MeV, parametrisation of Bragg peak below, 
      radiative corrections for E > 1 GeV
      Step function: finalRange(mm)= 1, dRoverRange= 0.2, integral: 1

msc:  Model variant of multiple scattering for mu+
      Lambda tables from 100 eV  to 100 TeV in 120 bins.
      LateralDisplacementFlag=  1   Skin= 0
      Boundary/stepping algorithm is active with facrange= 0.02  Step limitation 1

muBrems:   tables are built for  mu+
      dE/dx and range tables from 100 eV  to 100 TeV in 120 bins.
      Lambda tables from threshold to 100 TeV in 120 bins.
      Parametrised model 

muPairProd:   tables are built for  mu+
      dE/dx and range tables from 100 eV  to 100 TeV in 120 bins.
      Lambda tables from threshold to 100 TeV in 120 bins.
      Parametrised model 

muIoni:   tables are built for  mu-
      dE/dx and range tables from 100 eV  to 100 TeV in 120 bins.
      Lambda tables from threshold to 100 TeV in 120 bins.
      Bether-Bloch model for E > 0.2 MeV, parametrisation of Bragg peak below, 
      radiative corrections for E > 1 GeV
      Step function: finalRange(mm)= 1, dRoverRange= 0.2, integral: 1

muBrems:   tables are built for  mu-
      dE/dx and range tables from 100 eV  to 100 TeV in 120 bins.
      Lambda tables from threshold to 100 TeV in 120 bins.
      Parametrised model 

muPairProd:   tables are built for  mu-
      dE/dx and range tables from 100 eV  to 100 TeV in 120 bins.
      Lambda tables from threshold to 100 TeV in 120 bins.
      Parametrised model 

hIoni:   tables are built for  pi+
      dE/dx and range tables from 100 eV  to 100 TeV in 120 bins.
      Lambda tables from threshold to 100 TeV in 120 bins.
      Scaling relation is used from proton dE/dx and range.
      Delta cross sections and sampling from BetheBloch model for scaled energy > 0.29750425 MeV
      Parametrisation from Bragg for protons below.
      Step function: finalRange(mm)= 1, dRoverRange= 0.2, integral: 1

hIoni:   tables are built for  pi-
      dE/dx and range tables from 100 eV  to 100 TeV in 120 bins.
      Lambda tables from threshold to 100 TeV in 120 bins.
      Scaling relation is used from proton dE/dx and range.
      Delta cross sections and sampling from BetheBloch model for scaled energy > 0.29750425 MeV
      Parametrisation from Bragg for protons below.
      Step function: finalRange(mm)= 1, dRoverRange= 0.2, integral: 1

msc:  Model variant of multiple scattering for pi-
      Lambda tables from 100 eV  to 100 TeV in 120 bins.
      LateralDisplacementFlag=  1   Skin= 0
      Boundary/stepping algorithm is active with facrange= 0.02  Step limitation 1

========= Table of registered couples ==============================

Index : 0     used in the geometry : Yes     recalculation needed : No 
 Material : Galactic
 Range cuts        :  gamma 1 mm     e- 1 mm     e+ 1 mm 
 Energy thresholds :  gamma 990 eV     e- 990 eV     e+ 990 eV 
 Region(s) which use this couple : 
    DefaultRegionForTheWorld

Index : 1     used in the geometry : No      recalculation needed : No 
 Material : Lead
 Range cuts        :  gamma 10 um     e- 10 um     e+ 10 um 
 Energy thresholds :  gamma 5.9738914 keV    e- 57.5352 keV    e+ 56.831257 keV

Index : 2     used in the geometry : No      recalculation needed : No 
 Material : liquidArgon
 Range cuts        :  gamma 10 um     e- 10 um     e+ 10 um 
 Energy thresholds :  gamma 990 eV     e- 7.6787427 keV    e+ 7.5847934 keV

Index : 3     used in the geometry : No      recalculation needed : No 
 Material : Lead
 Range cuts        :  gamma 100 um     e- 100 um     e+ 100 um 
 Energy thresholds :  gamma 29.3406 keV    e- 239.94475 keV    e+ 231.24491 keV

Index : 4     used in the geometry : No      recalculation needed : No 
 Material : liquidArgon
 Range cuts        :  gamma 100 um     e- 100 um     e+ 100 um 
 Energy thresholds :  gamma 1.9852965 keV    e- 82.220106 keV    e+ 81.214144 keV

Index : 5     used in the geometry : No      recalculation needed : No 
 Material : Lead
 Range cuts        :  gamma 1 mm     e- 1 mm     e+ 1 mm 
 Energy thresholds :  gamma 100.51071 keV    e- 1.3781428 MeV    e+ 1.280018 MeV

Index : 6     used in the geometry : No      recalculation needed : No 
 Material : liquidArgon
 Range cuts        :  gamma 1 mm     e- 1 mm     e+ 1 mm 
 Energy thresholds :  gamma 6.1783498 keV    e- 342.89066 keV    e+ 334.55147 keV

Index : 7     used in the geometry : Yes     recalculation needed : No 
 Material : Aluminium
 Range cuts        :  gamma 10 um     e- 10 um     e+ 10 um 
 Energy thresholds :  gamma 990 eV     e- 33.887552 keV    e+ 33.472938 keV
 Region(s) which use this couple : 
    Calor-A

Index : 8     used in the geometry : Yes     recalculation needed : No 
 Material : Water
 Range cuts        :  gamma 10 um     e- 10 um     e+ 10 um 
 Energy thresholds :  gamma 990 eV     e- 6.4497414 keV    e+ 6.370829 keV
 Region(s) which use this couple : 
    Calor-A

Index : 9     used in the geometry : Yes     recalculation needed : No 
 Material : Aluminium
 Range cuts        :  gamma 100 um     e- 100 um     e+ 100 um 
 Energy thresholds :  gamma 2.3144796 keV    e- 129.65621 keV    e+ 128.06986 keV
 Region(s) which use this couple : 
    Calor-B

Index : 10     used in the geometry : Yes     recalculation needed : No 
 Material : Water
 Range cuts        :  gamma 100 um     e- 100 um     e+ 100 um 
 Energy thresholds :  gamma 1.09571 keV    e- 84.269564 keV    e+ 83.238528 keV
 Region(s) which use this couple : 
    Calor-B

Index : 11     used in the geometry : Yes     recalculation needed : No 
 Material : Aluminium
 Range cuts        :  gamma 1 mm     e- 1 mm     e+ 1 mm 
 Energy thresholds :  gamma 6.8873065 keV    e- 596.68045 keV    e+ 568.01052 keV
 Region(s) which use this couple : 
    Calor-C

Index : 12     used in the geometry : Yes     recalculation needed : No 
 Material : Water
 Range cuts        :  gamma 1 mm     e- 1 mm     e+ 1 mm 
 Energy thresholds :  gamma 2.9018564 keV    e- 347.13789 keV    e+ 338.6954 keV
 Region(s) which use this couple : 
    Calor-C

====================================================================

Start Run processing.
Run terminated.
Run Summary
  Number of events processed : 10
  User=27.07s Real=28.99s Sys=1.92s
############################################################
 Run Summary - Number of events : 10
############################################################
Region : Calor-A
 Production thresholds :
    gamma 10 um     e- 10 um     e+ 10 um 
 Energy deposition in an event :
    Absorber 523.1879 MeV      Gap 224.52672 MeV
 Number of secondaries in an event :
    gamma in Absorber 42.5    in Gap 7.9
    e-    in Absorber 899.4    in Gap 1815.9
    e+    in Absorber 0.5    in Gap 0.2
 Minimum kinetic energy of generated secondaries :
    gamma in Absorber 1.01381 keV    in Gap 1.2522813 keV
    e-    in Absorber 6.1199759 eV     in Gap 1.7425471 eV 
    e+    in Absorber 687.08751 keV    in Gap 5.0871074 MeV
 Total track length of e+/e- in an event :
    Absorber 30.97658 cm       Gap 26.32569 cm 
 Total number of steps of e+/e- in an event :
    Absorber 1389.8      Gap 2436.3
############################################################
Region : Calor-B
 Production thresholds :
    gamma 100 um     e- 100 um     e+ 100 um 
 Energy deposition in an event :
    Absorber 618.78269 MeV      Gap 269.75808 MeV
 Number of secondaries in an event :
    gamma in Absorber 63.1    in Gap 16.9
    e-    in Absorber 455.1    in Gap 222.3
    e+    in Absorber 1.6    in Gap 0.9
 Minimum kinetic energy of generated secondaries :
    gamma in Absorber 2.3659432 keV    in Gap 1.0958712 keV
    e-    in Absorber 6.7141199 eV     in Gap 28.436173 eV 
    e+    in Absorber 432.22211 keV    in Gap 1.2121111 MeV
 Total track length of e+/e- in an event :
    Absorber 52.951695 cm       Gap 49.590139 cm 
 Total number of steps of e+/e- in an event :
    Absorber 961      Gap 488
############################################################
Region : Calor-C
 Production thresholds :
    gamma 1 mm     e- 1 mm     e+ 1 mm 
 Energy deposition in an event :
    Absorber 563.36963 MeV      Gap 250.28218 MeV
 Number of secondaries in an event :
    gamma in Absorber 37.9    in Gap 11.6
    e-    in Absorber 186.6    in Gap 93.1
    e+    in Absorber 1    in Gap 0.5
 Minimum kinetic energy of generated secondaries :
    gamma in Absorber 6.940183 keV    in Gap 3.2098096 keV
    e-    in Absorber 15.1984 eV     in Gap 64.209836 eV 
    e+    in Absorber 790.66321 keV    in Gap 4.5144188 MeV
 Total track length of e+/e- in an event :
    Absorber 34.548157 cm       Gap 36.024419 cm 
 Total number of steps of e+/e- in an event :
    Absorber 487.5      Gap 272.3
############################################################

Region <DefaultRegionForTheWorld>
 All particles : User=0.03  Real=0.03  Sys=0
 e+ / e-       : User=0  Real=0  Sys=0

Region <Calor-A>
 All particles : User=11.78  Real=12.93  Sys=1.13
 e+ / e-       : User=6.3  Real=6.8  Sys=0.47

Region <Calor-B>
 All particles : User=4.22  Real=4.6  Sys=0.37
 e+ / e-       : User=2.4  Real=2.72  Sys=0.32

Region <Calor-C>
 All particles : User=2.34  Real=2.57  Sys=0.22
 e+ / e-       : User=1.35  Real=1.51  Sys=0.16

/run/dumpCouples

========= Table of registered couples ==============================

Index : 0     used in the geometry : Yes     recalculation needed : No 
 Material : Galactic
 Range cuts        :  gamma 1 mm     e- 1 mm     e+ 1 mm 
 Energy thresholds :  gamma 990 eV     e- 990 eV     e+ 990 eV 
 Region(s) which use this couple : 
    DefaultRegionForTheWorld

Index : 1     used in the geometry : No      recalculation needed : No 
 Material : Lead
 Range cuts        :  gamma 10 um     e- 10 um     e+ 10 um 
 Energy thresholds :  gamma 5.9738914 keV    e- 57.5352 keV    e+ 56.831257 keV

Index : 2     used in the geometry : No      recalculation needed : No 
 Material : liquidArgon
 Range cuts        :  gamma 10 um     e- 10 um     e+ 10 um 
 Energy thresholds :  gamma 990 eV     e- 7.6787427 keV    e+ 7.5847934 keV

Index : 3     used in the geometry : No      recalculation needed : No 
 Material : Lead
 Range cuts        :  gamma 100 um     e- 100 um     e+ 100 um 
 Energy thresholds :  gamma 29.3406 keV    e- 239.94475 keV    e+ 231.24491 keV

Index : 4     used in the geometry : No      recalculation needed : No 
 Material : liquidArgon
 Range cuts        :  gamma 100 um     e- 100 um     e+ 100 um 
 Energy thresholds :  gamma 1.9852965 keV    e- 82.220106 keV    e+ 81.214144 keV

Index : 5     used in the geometry : No      recalculation needed : No 
 Material : Lead
 Range cuts        :  gamma 1 mm     e- 1 mm     e+ 1 mm 
 Energy thresholds :  gamma 100.51071 keV    e- 1.3781428 MeV    e+ 1.280018 MeV

Index : 6     used in the geometry : No      recalculation needed : No 
 Material : liquidArgon
 Range cuts        :  gamma 1 mm     e- 1 mm     e+ 1 mm 
 Energy thresholds :  gamma 6.1783498 keV    e- 342.89066 keV    e+ 334.55147 keV

Index : 7     used in the geometry : Yes     recalculation needed : No 
 Material : Aluminium
 Range cuts        :  gamma 10 um     e- 10 um     e+ 10 um 
 Energy thresholds :  gamma 990 eV     e- 33.887552 keV    e+ 33.472938 keV
 Region(s) which use this couple : 
    Calor-A

Index : 8     used in the geometry : Yes     recalculation needed : No 
 Material : Water
 Range cuts        :  gamma 10 um     e- 10 um     e+ 10 um 
 Energy thresholds :  gamma 990 eV     e- 6.4497414 keV    e+ 6.370829 keV
 Region(s) which use this couple : 
    Calor-A

Index : 9     used in the geometry : Yes     recalculation needed : No 
 Material : Aluminium
 Range cuts        :  gamma 100 um     e- 100 um     e+ 100 um 
 Energy thresholds :  gamma 2.3144796 keV    e- 129.65621 keV    e+ 128.06986 keV
 Region(s) which use this couple : 
    Calor-B

Index : 10     used in the geometry : Yes     recalculation needed : No 
 Material : Water
 Range cuts        :  gamma 100 um     e- 100 um     e+ 100 um 
 Energy thresholds :  gamma 1.09571 keV    e- 84.269564 keV    e+ 83.238528 keV
 Region(s) which use this couple : 
    Calor-B

Index : 11     used in the geometry : Yes     recalculation needed : No 
 Material : Aluminium
 Range cuts        :  gamma 1 mm     e- 1 mm     e+ 1 mm 
 Energy thresholds :  gamma 6.8873065 keV    e- 596.68045 keV    e+ 568.01052 keV
 Region(s) which use this couple : 
    Calor-C

Index : 12     used in the geometry : Yes     recalculation needed : No 
 Material : Water
 Range cuts        :  gamma 1 mm     e- 1 mm     e+ 1 mm 
 Energy thresholds :  gamma 2.9018564 keV    e- 347.13789 keV    e+ 338.6954 keV
 Region(s) which use this couple : 
    Calor-C

====================================================================

Graphics systems deleted.
Visualization Manager deleting...
G4 kernel has come to Quit state.
