
*************************************************************
 Geant4 version Name: geant4-09-05-ref-07    (10-August-2012)
                      Copyright : Geant4 Collaboration
                      Reference : NIM A 506 (2003), 250-303
                            WWW : http://cern.ch/geant4
*************************************************************


***** Table : Nb of materials = 6 *****

 Material:    Water    density:  1.000 g/cm3   RadL:  36.092 cm   Nucl.Int.Length:  75.537 cm   Imean:  78.000 eV 
   --->  Element: Hydrogen (H)   Z =  1.0   N =   1.0   A =   1.01 g/mole
         --->  Isotope:    H1   Z =  1   N =   1   A =   1.01 g/mole   abundance:  99.99 %
         --->  Isotope:    H2   Z =  1   N =   2   A =   2.01 g/mole   abundance:   0.01 %
          ElmMassFraction:  11.21 %  ElmAbundance  66.67 % 

   --->  Element: Oxygen (O)   Z =  8.0   N =  16.0   A =  16.00 g/mole
         --->  Isotope:   O16   Z =  8   N =  16   A =  15.99 g/mole   abundance:  99.76 %
         --->  Isotope:   O17   Z =  8   N =  17   A =  17.00 g/mole   abundance:   0.04 %
         --->  Isotope:   O18   Z =  8   N =  18   A =  18.00 g/mole   abundance:   0.20 %
          ElmMassFraction:  88.79 %  ElmAbundance  33.33 % 


 Material: Water_gas    density:  1.000 mg/cm3  RadL: 360.924 m    Nucl.Int.Length: 755.365 m    Imean:  78.000 eV   temperature: 273.15 K  pressure:   1.00 atm
   --->  Element: Hydrogen (H)   Z =  1.0   N =   1.0   A =   1.01 g/mole
         --->  Isotope:    H1   Z =  1   N =   1   A =   1.01 g/mole   abundance:  99.99 %
         --->  Isotope:    H2   Z =  1   N =   2   A =   2.01 g/mole   abundance:   0.01 %
          ElmMassFraction:  11.21 %  ElmAbundance  66.67 % 

   --->  Element: Oxygen (O)   Z =  8.0   N =  16.0   A =  16.00 g/mole
         --->  Isotope:   O16   Z =  8   N =  16   A =  15.99 g/mole   abundance:  99.76 %
         --->  Isotope:   O17   Z =  8   N =  17   A =  17.00 g/mole   abundance:   0.04 %
         --->  Isotope:   O18   Z =  8   N =  18   A =  18.00 g/mole   abundance:   0.20 %
          ElmMassFraction:  88.79 %  ElmAbundance  33.33 % 


 Material: Graphite    density:  2.265 g/cm3   RadL:  18.850 cm   Nucl.Int.Length:  35.407 cm   Imean:  81.000 eV 
   --->  Element: Graphite ( )   Z =  6.0   N =  12.0   A =  12.01 g/mole
         --->  Isotope:    12   Z =  6   N =  12   A =  12.00 g/mole   abundance:  98.93 %
         --->  Isotope:    13   Z =  6   N =  13   A =  13.00 g/mole   abundance:   1.07 %
          ElmMassFraction: 100.00 %  ElmAbundance 100.00 % 


 Material: Graphite_gas    density:  2.265 mg/cm3  RadL: 188.496 m    Nucl.Int.Length: 354.070 m    Imean:  81.000 eV   temperature: 273.15 K  pressure:   1.00 atm
   --->  Element: Graphite_gas ( )   Z =  6.0   N =  12.0   A =  12.01 g/mole
         --->  Isotope:    12   Z =  6   N =  12   A =  12.00 g/mole   abundance:  98.93 %
         --->  Isotope:    13   Z =  6   N =  13   A =  13.00 g/mole   abundance:   1.07 %
          ElmMassFraction: 100.00 %  ElmAbundance 100.00 % 


 Material: Aluminium    density:  2.700 g/cm3   RadL:   8.893 cm   Nucl.Int.Length:  38.860 cm   Imean: 166.000 eV 
   --->  Element: Aluminium ( )   Z = 13.0   N =  27.0   A =  26.98 g/mole
         --->  Isotope:    27   Z = 13   N =  27   A =  26.98 g/mole   abundance: 100.00 %
          ElmMassFraction: 100.00 %  ElmAbundance 100.00 % 


 Material: Aluminium_gas    density:  2.700 mg/cm3  RadL:  88.925 m    Nucl.Int.Length: 388.601 m    Imean: 166.000 eV   temperature: 273.15 K  pressure:   1.00 atm
   --->  Element: Aluminium_gas ( )   Z = 13.0   N =  27.0   A =  26.98 g/mole
         --->  Isotope:    27   Z = 13   N =  27   A =  26.98 g/mole   abundance: 100.00 %
          ElmMassFraction: 100.00 %  ElmAbundance 100.00 % 



/run/verbose 2
#
/testem/phys/addPhysics standard_opt3
PhysicsList::AddPhysicsList: <standard_opt3>
#
/run/initialize
userDetector->Construct() start.

---------------------------------------------------------
---> The Wall is 5 cm  of Water ( 1 g/cm3  )
     The Cavity is 2 mm  of Water_gas ( 1 mg/cm3 )
---------------------------------------------------------

Wall is registered to the default region.
physicsList->Construct() start.
physicsList->Construct() start.
physicsList->CheckParticleList() start.
physicsList->setCut() start.
PhysicsList::SetCuts:CutLength : 10 km 
#
/gun/energy 1 MeV
#
/testem/event/printModulo 10000
#
/run/beamOn 40000

phot:   for  gamma    SubType= 12
      LambdaPrime table from 200 keV to 10 GeV in 94 bins 
      ===== EM models for the G4Region  DefaultRegionForTheWorld ======
       PhotoElectric :  Emin=        0 eV    Emax=       10 GeV   AngularGenSauterGavrila

compt:   for  gamma    SubType= 13
      Lambda table from 100 eV  to 1 MeV in 80 bins, spline: 1
      LambdaPrime table from 1 MeV to 10 GeV in 80 bins 
      ===== EM models for the G4Region  DefaultRegionForTheWorld ======
       Klein-Nishina :  Emin=        0 eV    Emax=       10 GeV

conv:   for  gamma    SubType= 14
      Lambda table from 1.022 MeV to 10 GeV in 80 bins, spline: 1
      ===== EM models for the G4Region  DefaultRegionForTheWorld ======
        BetheHeitler :  Emin=        0 eV    Emax=       10 GeV

msc:   for e-    SubType= 10
      RangeFactor= 0.04, stepLimitType: 2, latDisplacement: 1, skin= 1, geomFactor= 2.5
      ===== EM models for the G4Region  DefaultRegionForTheWorld ======
          UrbanMsc95 :  Emin=        0 eV    Emax=       10 GeV  Table with 160 bins Emin=    100 eV    Emax=     10 GeV

eIoni:   for  e-    SubType= 2
      dE/dx and range tables from 100 eV  to 10 GeV in 160 bins
      Lambda tables from threshold to 10 GeV in 160 bins, spline: 1
      finalRange(mm)= 0.01, dRoverRange= 0.2, integral: 1, fluct: 1, linLossLimit= 0.01
      ===== EM models for the G4Region  DefaultRegionForTheWorld ======
      myMollerBhabha :  Emin=        0 eV    Emax=       10 GeV
      CSDA range table up to 10 GeV in 160 bins

msc:   for e+    SubType= 10
      RangeFactor= 0.04, stepLimitType: 2, latDisplacement: 1, skin= 1, geomFactor= 2.5
      ===== EM models for the G4Region  DefaultRegionForTheWorld ======
          UrbanMsc95 :  Emin=        0 eV    Emax=       10 GeV  Table with 160 bins Emin=    100 eV    Emax=     10 GeV

eIoni:   for  e+    SubType= 2
      dE/dx and range tables from 100 eV  to 10 GeV in 160 bins
      Lambda tables from threshold to 10 GeV in 160 bins, spline: 1
      finalRange(mm)= 0.01, dRoverRange= 0.2, integral: 1, fluct: 1, linLossLimit= 0.01
      ===== EM models for the G4Region  DefaultRegionForTheWorld ======
      myMollerBhabha :  Emin=        0 eV    Emax=       10 GeV
      CSDA range table up to 10 GeV in 160 bins

annihil:   for  e+    SubType= 5
      ===== EM models for the G4Region  DefaultRegionForTheWorld ======
            eplus2gg :  Emin=        0 eV    Emax=       10 GeV

msc:   for proton    SubType= 10
      RangeFactor= 0.2, stepLimitType: 2, latDisplacement: 1, skin= 1, geomFactor= 2.5
      ===== EM models for the G4Region  DefaultRegionForTheWorld ======
          UrbanMsc90 :  Emin=        0 eV    Emax=       10 GeV  Table with 160 bins Emin=    100 eV    Emax=     10 GeV

hIoni:   for  proton    SubType= 2
      dE/dx and range tables from 100 eV  to 10 GeV in 160 bins
      Lambda tables from threshold to 10 GeV in 160 bins, spline: 1
      finalRange(mm)= 0.01, dRoverRange= 0.2, integral: 1, fluct: 1, linLossLimit= 0.01
      ===== EM models for the G4Region  DefaultRegionForTheWorld ======
               Bragg :  Emin=        0 eV    Emax=        2 MeV
          BetheBloch :  Emin=        2 MeV   Emax=       10 GeV
      CSDA range table up to 10 GeV in 160 bins

Region <DefaultRegionForTheWorld> --  -- appears in <Wall> world volume
 This region is in the mass world.
 Root logical volume(s) : Wall 
 Pointers : G4VUserRegionInformation[0], G4UserLimits[0], G4FastSimulationManager[0], G4UserSteppingAction[0]
 Materials : Water Water_gas 
 Production cuts :   gamma 10 km      e- 10 km      e+ 10 km  proton 10 km 

Region <DefaultRegionForParallelWorld> --  -- is not associated to any world.
 Root logical volume(s) : 
 Pointers : G4VUserRegionInformation[0], G4UserLimits[0], G4FastSimulationManager[0], G4UserSteppingAction[0]
 Materials : 
 Production cuts :   gamma 10 km      e- 10 km      e+ 10 km  proton 10 km 

========= Table of registered couples ==============================

Index : 0     used in the geometry : Yes     recalculation needed : No 
 Material : Water
 Range cuts        :  gamma  10 km     e-  10 km     e+  10 km  proton 10 km 
 Energy thresholds :  gamma  10 GeV    e-  10 GeV    e+  10 GeV proton 1 TeV
 Region(s) which use this couple : 
    DefaultRegionForTheWorld

Index : 1     used in the geometry : Yes     recalculation needed : No 
 Material : Water_gas
 Range cuts        :  gamma  10 km     e-  10 km     e+  10 km  proton 10 km 
 Energy thresholds :  gamma  10 GeV    e-  10 GeV    e+  10 GeV proton 1 TeV
 Region(s) which use this couple : 
    DefaultRegionForTheWorld

====================================================================

Start closing geometry.
G4GeometryManager::ReportVoxelStats -- Voxel Statistics

    Total memory consumed for geometry optimisation:   0 kByte
    Total CPU time elapsed for geometry optimisation: 0 seconds

--------- Ranecu engine status ---------
 Initial seed (index) = 0
 Current couple of seeds = 9876, 54321
----------------------------------------
### Run 0 start.

 ======================== run conditions =====================

 The run will be 40000 e- of 1.000 MeV through 2*5.269 mm  of Water (density: 1.000 g/cm3 ) Mass/cm2 = 1.054 g 
 csdaRange: 4.391 mm 

 the cavity is 2.000 mm  of Water_gas (density: 1.000 mg/cm3) Mass/cm2 = 0.200 mg --> massRatio = 0.000190
 World radius: 10.000 m   range in cavity: 4.391 m  

 ============================================================

 StoppingPower in wall   = 1.8644 MeV*cm2/g
               in cavity = 1.8644 MeV*cm2/g
Start Run processing.

--->evntNb= 10000 Nwall= 9999 Ncav= 2 Ic/Iw= 1.05391 Ne-_cav= 2821 doseCavity/Ebeam= 1.22051  (100*(ratio-1) = 22.05124 %)

--->evntNb= 20000 Nwall= 19994 Ncav= 7 Ic/Iw= 1.84470 Ne-_cav= 5676 doseCavity/Ebeam= 1.20128  (100*(ratio-1) = 20.12756 %)

--->evntNb= 30000 Nwall= 29989 Ncav= 12 Ic/Iw= 2.10837 Ne-_cav= 8611 doseCavity/Ebeam= 1.16184  (100*(ratio-1) = 16.18353 %)
Run terminated.
Run Summary
  Number of events processed : 40000
  User=6.74s Real=7.94s Sys=0.05s

 Process calls frequency --->  msc= 550438  eIoni= 607620  Transportation= 23066

 Charged particle flow in cavity :
      Enter --> nbParticles = 11531	 Energy = 7.319 GeV
      Exit  --> nbParticles = 11535	 Energy = 7.323 GeV

 beamFluence in wall = 39987	 in cavity = 13	 Icav/Iwall = 1.71298	 energyFluence = 37.95067 MeV*cm2/mg

 Total edep in cavity = 8.65628 MeV +- 4.69521 %
 Total dose in cavity = 43.28138 MeV*cm2/mg +- 4.69521 %

 DoseCavity/EnergyFluence = 1.14046 +- 0.05355

 Total charged trackLength in cavity = 37.2658 m     (mean value = 3.2318 mm )

 StepSize of ch. tracks in wall   = 151.4970 um  +- 136.6770 um 	 (nbSteps/track = 29.1203)
 StepSize of ch. tracks in cavity = 2.2328 mm  +- 2.5648 mm 	 (nbSteps/track = 1.4474)

--------- Ranecu engine status ---------
 Initial seed (index) = 0
 Current couple of seeds = 1061896996, 1937552200
----------------------------------------
G4 kernel has come to Quit state.
UserDetectorConstruction deleted.
UserPhysicsList deleted.
UserRunAction deleted.
UserPrimaryGenerator deleted.
EventManager deleted.
UImanager deleted.
Units table cleared.
StateManager deleted.
RunManagerKernel is deleted.
RunManager is deleted.
