
*************************************************************
 Geant4 version Name: global-V08-00-01    (10-February-2006)
                      Copyright : Geant4 Collaboration
                      Reference : NIM A 506 (2003), 250-303
                            WWW : http://cern.ch/geant4
*************************************************************


***** Table : Nb of materials = 11 *****

 Material:    Mylar     density:  1.390 g/cm3   temperature: 273.15 K  pressure:   1.00 atm  RadLength:  28.743 cm 
   --->  Element: Oxygen (O)   Z =  8.0   N =  16.0   A =  16.00 g/mole  fractionMass:  33.30 %  Abundance  18.18 %
   --->  Element: Carbon (C)   Z =  6.0   N =  12.0   A =  12.01 g/mole  fractionMass:  62.49 %  Abundance  45.45 %
   --->  Element: Hydrogen (H)   Z =  1.0   N =   1.0   A =   1.01 g/mole  fractionMass:   4.20 %  Abundance  36.36 %

 Material: Polypropelene     density: 910.000 mg/cm3  temperature: 273.15 K  pressure:   1.00 atm  RadLength:  49.214 cm 
   --->  Element: Hydrogen (H)   Z =  1.0   N =   1.0   A =   1.01 g/mole  fractionMass:  14.40 %  Abundance  66.67 %
   --->  Element: Carbon (C)   Z =  6.0   N =  12.0   A =  12.01 g/mole  fractionMass:  85.60 %  Abundance  33.33 %

 Material:       Kr     density:  3.700 mg/cm3  temperature: 273.15 K  pressure:   1.00 atm  RadLength:  30.736 m  
   --->  Element: Kr ( )   Z = 36.0   N =  83.8   A =  83.80 g/mole  fractionMass: 100.00 %  Abundance 100.00 %

 Material:    Argon     density:  1.784 mg/cm3  temperature: 273.15 K  pressure:   1.00 atm  RadLength: 109.604 m  
   --->  Element: Argon (Ar)   Z = 18.0   N =  39.9   A =  39.95 g/mole  fractionMass: 100.00 %  Abundance 100.00 %

 Material:       N2     density:  1.251 mg/cm3  temperature: 273.15 K  pressure:   1.00 atm  RadLength: 303.846 m  
   --->  Element: Nitrogen (N)   Z =  7.0   N =  14.0   A =  14.01 g/mole  fractionMass: 100.00 %  Abundance 100.00 %

 Material:       O2     density:  1.429 mg/cm3  temperature: 273.15 K  pressure:   1.00 atm  RadLength: 239.621 m  
   --->  Element: Oxygen (O)   Z =  8.0   N =  16.0   A =  16.00 g/mole  fractionMass: 100.00 %  Abundance 100.00 %

 Material:      Air     density:  0.000 mg/cm3  temperature: 273.15 K  pressure:   0.00 atm  RadLength: 28329272.015 km 
   --->  Element: Nitrogen (N)   Z =  7.0   N =  14.0   A =  14.01 g/mole  fractionMass:  75.57 %  Abundance  78.48 %
   --->  Element: Oxygen (O)   Z =  8.0   N =  16.0   A =  16.00 g/mole  fractionMass:  23.15 %  Abundance  21.05 %
   --->  Element: Argon (Ar)   Z = 18.0   N =  39.9   A =  39.95 g/mole  fractionMass:   1.28 %  Abundance   0.47 %

 Material:    Xenon     density:  5.858 mg/cm3  temperature: 273.15 K  pressure:   1.00 atm  RadLength:  14.478 m  
   --->  Element: Xenon ( )   Z = 54.0   N = 131.3   A = 131.29 g/mole  fractionMass: 100.00 %  Abundance 100.00 %

 Material:      CO2     density:  1.977 mg/cm3  temperature: 273.15 K  pressure:   1.00 atm  RadLength: 183.083 m  
   --->  Element: Carbon (C)   Z =  6.0   N =  12.0   A =  12.01 g/mole  fractionMass:  27.29 %  Abundance  33.33 %
   --->  Element: Oxygen (O)   Z =  8.0   N =  16.0   A =  16.00 g/mole  fractionMass:  72.71 %  Abundance  66.67 %

 Material:  Xe20CO2     density:  5.082 mg/cm3  temperature: 273.15 K  pressure:   1.00 atm  RadLength:  17.750 m  
   --->  Element: Xenon ( )   Z = 54.0   N = 131.3   A = 131.29 g/mole  fractionMass:  92.20 %  Abundance  56.91 %
   --->  Element: Carbon (C)   Z =  6.0   N =  12.0   A =  12.01 g/mole  fractionMass:   2.13 %  Abundance  14.36 %
   --->  Element: Oxygen (O)   Z =  8.0   N =  16.0   A =  16.00 g/mole  fractionMass:   5.67 %  Abundance  28.73 %

 Material:  Kr20CO2     density:  3.601 mg/cm3  temperature: 273.15 K  pressure:   1.00 atm  RadLength:  34.158 m  
   --->  Element: Kr ( )   Z = 36.0   N =  83.8   A =  83.80 g/mole  fractionMass:  89.00 %  Abundance  58.62 %
   --->  Element: Carbon (C)   Z =  6.0   N =  12.0   A =  12.01 g/mole  fractionMass:   3.00 %  Abundance  13.79 %
   --->  Element: Oxygen (O)   Z =  8.0   N =  16.0   A =  16.00 g/mole  fractionMass:   8.00 %  Abundance  27.59 %


G4ClassicalRK4 (default) is called
The minimal step is equal to 0.25 mm
Visualization Manager instantiating...
Visualization Manager initialising...
Registering graphics systems...

You have successfully chosen to use the following graphics systems.
Current available graphics systems are:
  ASCIITree (ATree)
  DAWNFILE (DAWNFILE)
  GAGTree (GAGTree)
  G4HepRep (HepRepXML)
  G4HepRepFile (HepRepFile)
  RayTracer (RayTracer)
  VRML1FILE (VRML1FILE)
  VRML2FILE (VRML2FILE)

Registering model factories...

 The  WORLD   is made of 44000mm of Air, the transverse size (R) of the world is 22000 mm. 
 The ABSORBER is made of 1mm of Air, the transverse size (R) is 20000 mm. 
 Z position of the (middle of the) absorber 21990  mm.

zRad = 21689.5 mm
radThick = 205.02 mm
fFoilNumber = 1
fRadiatorMat = Air
WorldMaterial = Air
zModule = 21790 mm
21790 mm	
F03PhysicsList::SetCuts:CutLength : 1 mm 

total time(SetCuts)=0 s 
G4ClassicalRK4 (default) is called
The minimal step is equal to 10 mm

phot:  Total cross sections from Sandia parametrisation. 

compt:  Total cross sections has a good parametrisation from 10 KeV to (100/Z) GeV
      Sampling according Klein-Nishina model
      tables are built for  gamma
      Lambda tables from 100 eV  to 100 GeV in 90 bins.

conv:  Total cross sections has a good parametrisation from 1.5 MeV to 100 GeV for all Z;
      sampling secondary e+e- according to the Bethe-Heitler model
      tables are built for  gamma
      Lambda tables from 1.022 MeV to 100 GeV in 100 bins.

eIoni:   tables are built for  e-
      dE/dx and range tables from 100 eV  to 100 TeV in 120 bins.
      Lambda tables from threshold to 100 TeV in 120 bins.
      Delta cross sections from Moller+Bhabha, good description from 1 KeV to 100 GeV.
      Step function: finalRange(mm)= 1, dRoverRange= 0.2, integral: 1

eBrem:   tables are built for  e-
      dE/dx and range tables from 100 eV  to 100 TeV in 120 bins.
      Lambda tables from threshold to 100 TeV in 120 bins.
      Total cross sections from a parametrisation based on the EEDL data library. 
      Good description from 1 KeV to 100 GeV, log scale extrapolation above 100 GeV.

eIoni:   tables are built for  e+
      dE/dx and range tables from 100 eV  to 100 TeV in 120 bins.
      Lambda tables from threshold to 100 TeV in 120 bins.
      Delta cross sections from Moller+Bhabha, good description from 1 KeV to 100 GeV.
      Step function: finalRange(mm)= 1, dRoverRange= 0.2, integral: 1

eBrem:   tables are built for  e+
      dE/dx and range tables from 100 eV  to 100 TeV in 120 bins.
      Lambda tables from threshold to 100 TeV in 120 bins.
      Total cross sections from a parametrisation based on the EEDL data library. 
      Good description from 1 KeV to 100 GeV, log scale extrapolation above 100 GeV.

msc:  Model variant of multiple scattering for proton
      Lambda tables from 100 eV  to 100 TeV in 120 bins.
      Boundary/stepping algorithm is active with facrange= 0.02  Step limitation 1

hIoni:   tables are built for  proton
      dE/dx and range tables from 100 eV  to 100 TeV in 120 bins.
      Lambda tables from threshold to 100 TeV in 120 bins.
      Scaling relation is used to proton dE/dx and range
      Bether-Bloch model for Escaled > 2 MeV, ICRU49 parametrisation for protons below.
      Step function: finalRange(mm)= 1, dRoverRange= 0.2, integral: 1

msc:  Model variant of multiple scattering for mu+
      Lambda tables from 100 eV  to 100 TeV in 120 bins.
      Boundary/stepping algorithm is active with facrange= 0.02  Step limitation 1

muIoni:   tables are built for  mu+
      dE/dx and range tables from 100 eV  to 100 TeV in 120 bins.
      Lambda tables from threshold to 100 TeV in 120 bins.
      Bether-Bloch model for E > 0.2 MeV, parametrisation of Bragg peak below, 
      radiative corrections for E > 1 GeV
      Step function: finalRange(mm)= 1, dRoverRange= 0.2, integral: 1

muBrems:   tables are built for  mu+
      dE/dx and range tables from 100 eV  to 100 TeV in 120 bins.
      Lambda tables from threshold to 100 TeV in 120 bins.
      Parametrised model 

muPairProd:   tables are built for  mu+
      dE/dx and range tables from 100 eV  to 100 TeV in 120 bins.
      Lambda tables from threshold to 100 TeV in 120 bins.
      Parametrised model 

muIoni:   tables are built for  mu-
      dE/dx and range tables from 100 eV  to 100 TeV in 120 bins.
      Lambda tables from threshold to 100 TeV in 120 bins.
      Bether-Bloch model for E > 0.2 MeV, parametrisation of Bragg peak below, 
      radiative corrections for E > 1 GeV
      Step function: finalRange(mm)= 1, dRoverRange= 0.2, integral: 1

muBrems:   tables are built for  mu-
      dE/dx and range tables from 100 eV  to 100 TeV in 120 bins.
      Lambda tables from threshold to 100 TeV in 120 bins.
      Parametrised model 

muPairProd:   tables are built for  mu-
      dE/dx and range tables from 100 eV  to 100 TeV in 120 bins.
      Lambda tables from threshold to 100 TeV in 120 bins.
      Parametrised model 

msc:  Model variant of multiple scattering for pi-
      Lambda tables from 100 eV  to 100 TeV in 120 bins.
      Boundary/stepping algorithm is active with facrange= 0.02  Step limitation 1

========= Table of registered couples ==============================

Index : 0     used in the geometry : Yes     recalculation needed : No 
 Material : Air
 Range cuts        :  gamma 1 mm     e- 1 mm     e+ 1 mm 
 Energy thresholds :  gamma 990 eV     e- 990 eV     e+ 990 eV 
 Region(s) which use this couple : 
    DefaultRegionForTheWorld

====================================================================

### Run 0 start.
WARNING: Scene "refresh" not found.
  /vis/scene/list to see scenes.
Start Run processing.

---> Begin of Event: 0

*********************************************************************************************************
* G4Track Information:   Particle = e-,   Track ID = 1,   Parent ID = 0
*********************************************************************************************************

Step#      X         Y         Z        KineE    dEStep   StepLeng  TrakLeng    Volume     Process
    0      0 fm      0 fm     22 m     500 MeV     0 eV      0 fm      0 fm      World    initStep
    1          0 fm  4.0138452 cm   21.79201 m         500 MeV0.00049462122 eV  20.288442 cm  20.288442 cm      World  Transportation           0 fm            0 fm           -1 mm 
    2          0 fm  4.2819411 cm      21.74 m         500 MeV0.00012702207 eV  5.2102091 cm  25.498651 cm   RadSlice  Transportation           0 fm            0 fm           -1 mm 
    3          0 fm  6.6513318 cm   21.58699 m         500 MeV0.00037896524 eV  15.544449 cm    41.0431 cm   Radiator  Transportation           0 fm            0 fm           -1 mm 
    4          0 fm  1.0783461 m    21.58699 m         500 MeV0.0038748302 eV  1.5893832 m   1.9998142 m       World  Transportation           0 fm            0 fm           -1 mm 
    5          0 fm  1.0783461 m    21.58699 m         500 MeV         0 eV          0 fm  1.9998142 m    Radiator  Transportation           0 fm            0 fm           -1 mm 
    6          0 fm  2.0901789 m    21.58699 m         500 MeV0.0038748302 eV  1.5893832 m   3.5891975 m       World  Transportation           0 fm            0 fm           -1 mm 
    7          0 fm  2.0901789 m    21.58699 m         500 MeV         0 eV          0 fm  3.5891975 m    Radiator  Transportation           0 fm            0 fm           -1 mm 
    8          0 fm  3.1020117 m    21.58699 m         500 MeV0.0038748302 eV  1.5893832 m   5.1785807 m       World  Transportation           0 fm            0 fm           -1 mm 
    9          0 fm  3.1020117 m    21.58699 m         500 MeV         0 eV          0 fm  5.1785807 m    Radiator  Transportation           0 fm            0 fm           -1 mm 
   10          0 fm  4.1138445 m    21.58699 m         500 MeV0.0038748302 eV  1.5893832 m    6.767964 m       World  Transportation           0 fm            0 fm           -1 mm 
   11          0 fm  4.1138445 m    21.58699 m         500 MeV         0 eV          0 fm   6.767964 m    Radiator  Transportation           0 fm            0 fm           -1 mm 
   12          0 fm  5.1256773 m    21.58699 m         500 MeV0.0038748302 eV  1.5893832 m   8.3573472 m       World  Transportation           0 fm            0 fm           -1 mm 
   13          0 fm  5.1256773 m    21.58699 m         500 MeV         0 eV          0 fm  8.3573472 m    Radiator  Transportation           0 fm            0 fm           -1 mm 
   14          0 fm  6.1375101 m    21.58699 m         500 MeV0.0038748302 eV  1.5893832 m   9.9467304 m       World  Transportation           0 fm            0 fm           -1 mm 
   15          0 fm  6.1375101 m    21.58699 m         500 MeV         0 eV          0 fm  9.9467304 m    Radiator  Transportation           0 fm            0 fm           -1 mm 
   16          0 fm  7.1493429 m    21.58699 m         500 MeV0.0038748302 eV  1.5893832 m   11.536114 m       World  Transportation           0 fm            0 fm           -1 mm 
   17          0 fm  7.1493429 m    21.58699 m         500 MeV         0 eV          0 fm  11.536114 m    Radiator  Transportation           0 fm            0 fm           -1 mm 
   18          0 fm  8.1611757 m    21.58699 m         500 MeV0.0038748302 eV  1.5893832 m   13.125497 m       World  Transportation           0 fm            0 fm           -1 mm 
   19          0 fm  8.1611757 m    21.58699 m         500 MeV         0 eV          0 fm  13.125497 m    Radiator  Transportation           0 fm            0 fm           -1 mm 
   20          0 fm  9.1730085 m    21.58699 m         500 MeV0.0038748302 eV  1.5893832 m    14.71488 m       World  Transportation           0 fm            0 fm           -1 mm 
   21          0 fm  9.1730085 m    21.58699 m         500 MeV         0 eV          0 fm   14.71488 m    Radiator  Transportation           0 fm            0 fm           -1 mm 
   22          0 fm  10.184841 m    21.58699 m         500 MeV0.0038748302 eV  1.5893832 m   16.304263 m       World  Transportation           0 fm            0 fm           -1 mm 
   23          0 fm  10.184841 m    21.58699 m         500 MeV         0 eV          0 fm  16.304263 m    Radiator  Transportation           0 fm            0 fm           -1 mm 
   24          0 fm  11.196674 m    21.58699 m         500 MeV0.0038748302 eV  1.5893832 m   17.893647 m       World  Transportation           0 fm            0 fm           -1 mm 
   25          0 fm  11.196674 m    21.58699 m         500 MeV         0 eV          0 fm  17.893647 m    Radiator  Transportation           0 fm            0 fm           -1 mm 
   26          0 fm  12.208507 m    21.58699 m         500 MeV0.0038748302 eV  1.5893832 m    19.48303 m       World  Transportation           0 fm            0 fm           -1 mm 
   27          0 fm  12.208507 m    21.58699 m         500 MeV         0 eV          0 fm   19.48303 m    Radiator  Transportation           0 fm            0 fm           -1 mm 
   28          0 fm   13.22034 m    21.58699 m         500 MeV0.0038748302 eV  1.5893832 m   21.072413 m       World  Transportation           0 fm            0 fm           -1 mm 
   29          0 fm   13.22034 m    21.58699 m         500 MeV         0 eV          0 fm  21.072413 m    Radiator  Transportation           0 fm            0 fm           -1 mm 
   30          0 fm  14.232172 m    21.58699 m         500 MeV0.0038748302 eV  1.5893832 m   22.661796 m       World  Transportation           0 fm            0 fm           -1 mm 
   31          0 fm  14.232172 m    21.58699 m         500 MeV         0 eV          0 fm  22.661796 m    Radiator  Transportation           0 fm            0 fm           -1 mm 
   32          0 fm  15.244005 m    21.58699 m         500 MeV0.0038748302 eV  1.5893832 m    24.25118 m       World  Transportation           0 fm            0 fm           -1 mm 
   33          0 fm  15.244005 m    21.58699 m         500 MeV         0 eV          0 fm   24.25118 m    Radiator  Transportation           0 fm            0 fm           -1 mm 
   34          0 fm  16.255838 m    21.58699 m         500 MeV0.0038748302 eV  1.5893832 m   25.840563 m       World  Transportation           0 fm            0 fm           -1 mm 
   35          0 fm  16.255838 m    21.58699 m         500 MeV         0 eV          0 fm  25.840563 m    Radiator  Transportation           0 fm            0 fm           -1 mm 
   36          0 fm  17.267671 m    21.58699 m         500 MeV0.0038748302 eV  1.5893832 m   27.429946 m       World  Transportation           0 fm            0 fm           -1 mm 
   37          0 fm  17.267671 m    21.58699 m         500 MeV         0 eV          0 fm  27.429946 m    Radiator  Transportation           0 fm            0 fm           -1 mm 
   38          0 fm  18.279504 m    21.58699 m         500 MeV0.0038748302 eV  1.5893832 m   29.019329 m       World  Transportation           0 fm            0 fm           -1 mm 
   39          0 fm  18.279504 m    21.58699 m         500 MeV         0 eV          0 fm  29.019329 m    Radiator  Transportation           0 fm            0 fm           -1 mm 
   40          0 fm  19.291336 m    21.58699 m         500 MeV0.0038748302 eV  1.5893832 m   30.608713 m       World  Transportation           0 fm            0 fm           -1 mm 
   41          0 fm  19.291336 m    21.58699 m         500 MeV         0 eV          0 fm  30.608713 m    Radiator  Transportation           0 fm            0 fm           -1 mm 
   42          0 fm  20.089441 m          22 m         500 MeV0.0050528233 eV  2.0725741 m   32.681287 m  OutOfWorld  Transportation           0 fm            0 fm           -1 mm 
Run terminated.
Run Summary
  Number of events processed : 1
  User=0.09s Real=0.16s Sys=0.01s
ERROR: G4VisCommandsViewerUpdate::SetNewValue: no current viewer.

========= Table of registered couples ==============================

Index : 0     used in the geometry : Yes     recalculation needed : No 
 Material : Air
 Range cuts        :  gamma 1 mm     e- 1 mm     e+ 1 mm 
 Energy thresholds :  gamma 990 eV     e- 990 eV     e+ 990 eV 
 Region(s) which use this couple : 
    DefaultRegionForTheWorld

====================================================================

### Run 1 start.
WARNING: Scene "refresh" not found.
  /vis/scene/list to see scenes.
Start Run processing.

---> Begin of Event: 0

---> Begin of Event: 50
Run terminated.
Run Summary
  Number of events processed : 100
  User=7.48s Real=7.48s Sys=0s
ERROR: G4VisCommandsViewerUpdate::SetNewValue: no current viewer.
Set field value to (0,0,1000) Gauss 

========= Table of registered couples ==============================

Index : 0     used in the geometry : Yes     recalculation needed : No 
 Material : Air
 Range cuts        :  gamma 1 mm     e- 1 mm     e+ 1 mm 
 Energy thresholds :  gamma 990 eV     e- 990 eV     e+ 990 eV 
 Region(s) which use this couple : 
    DefaultRegionForTheWorld

====================================================================

### Run 2 start.
WARNING: Scene "refresh" not found.
  /vis/scene/list to see scenes.
Start Run processing.

---> Begin of Event: 0
Run terminated.
Run Summary
  Number of events processed : 10
  User=0.75s Real=0.75s Sys=0s
ERROR: G4VisCommandsViewerUpdate::SetNewValue: no current viewer.
Graphics systems deleted.
Visualization Manager deleting...
G4 kernel has come to Quit state.
