
        ############################################
        !!! WARNING - FPE detection is activated !!!
        ############################################


          ################################
          !!! G4Backtrace is activated !!!
          ################################


**************************************************************
 Geant4 version Name: geant4-11-01-beta-01    (30-June-2022)
                       Copyright : Geant4 Collaboration
                      References : NIM A 506 (2003), 250-303
                                 : IEEE-TNS 53 (2006), 270-278
                                 : NIM A 835 (2016), 186-225
                             WWW : http://geant4.org/
**************************************************************


----> Histogram file is opened in pdb4dna_output.
Visualization Manager instantiating with verbosity "warnings (3)"...
Visualization Manager initialising...
Registering graphics systems...

You have successfully registered the following graphics systems.
Registered graphics systems are:
  ASCIITree (ATree)
  DAWNFILE (DAWNFILE)
  G4HepRepFile (HepRepFile)
  RayTracer (RayTracer)
  VRML2FILE (VRML2FILE)
  gMocrenFile (gMocrenFile)
  OpenGLImmediateQt (OGLIQt, OGLI)
  OpenGLStoredQt (OGLSQt, OGL, OGLS)
  OpenGLImmediateXm (OGLIXm, OGLIQt_FALLBACK)
  OpenGLStoredXm (OGLSXm, OGLSQt_FALLBACK)
  OpenGLImmediateX (OGLIX, OGLIQt_FALLBACK, OGLIXm_FALLBACK)
  OpenGLStoredX (OGLSX, OGLSQt_FALLBACK, OGLSXm_FALLBACK)
  RayTracerX (RayTracerX)
  Qt3D (Qt3D)
  TOOLSSG_X11_GLES (TSG_X11_GLES, TSGX11, TSG_XT_GLES_FALLBACK)
  TOOLSSG_XT_GLES (TSG_XT_GLES, TSGXt, TSG_QT_GLES_FALLBACK)
  TOOLSSG_QT_GLES (TSG_QT_GLES, TSGQt, TSG)

Registering model factories...

You have successfully registered the following model factories.
Registered model factories:
  generic
  drawByAttribute
  drawByCharge
  drawByOriginVolume
  drawByParticleID
  drawByEncounteredVolume

Registered models:
  None

Registered filter factories:
  attributeFilter
  chargeFilter
  originVolumeFilter
  particleFilter
  encounteredVolumeFilter

Registered filters:
  None

You have successfully registered the following user vis actions.
Run Duration User Vis Actions: none
End of Event User Vis Actions: none
End of Run User Vis Actions: none

Some /vis commands (optionally) take a string to specify colour.
"/vis/list" to see available colours.
This PDB file is DNA.
**************** atomisticView(...) ****************
Number of loaded chains = 2
Number of Atoms      = 14221
Number of Hydrogens  = 0
Number of Carbons    = 6788
Number of Oxygens    = 4160
Number of Nitrogens  = 2581
Number of Sulfurs    = 0
Number of Phosphorus = 692
Number of undifined atoms =0

Load PDB file : 1ZBB.pdb.

G4Material WARNING: duplicate name of material Galactic
This PDB file is DNA.
**************** atomisticView(...) ****************
Number of loaded chains = 2
Number of Atoms      = 14221
Number of Hydrogens  = 0
Number of Carbons    = 6788
Number of Oxygens    = 4160
Number of Nitrogens  = 2581
Number of Sulfurs    = 0
Number of Phosphorus = 692
Number of undifined atoms =0

Build only world volume and bounding volume for computation.

G4Material WARNING: duplicate name of material Galactic
This PDB file is DNA.
=======================================================================
======                 Electromagnetic Physics Parameters      ========
=======================================================================
LPM effect enabled                                 1
Enable creation and use of sampling tables         0
Apply cuts on all EM processes                     0
Use combined TransportationWithMsc                 Disabled
Use general process                                0
Enable linear polarisation for gamma               0
Enable sampling of quantum entanglement            0
X-section factor for integral approach             0.8
Min kinetic energy for tables                      10 eV 
Max kinetic energy for tables                      100 MeV
Number of bins per decade of a table               20
Verbose level                                      1
Verbose level for worker thread                    0
Bremsstrahlung energy threshold above which 
  primary e+- is added to the list of secondary    100 TeV
Bremsstrahlung energy threshold above which primary
  muon/hadron is added to the list of secondary    100 TeV
Lowest triplet kinetic energy                      1 MeV
Enable sampling of gamma linear polarisation       0
5D gamma conversion model type                     0
5D gamma conversion model on isolated ion          0
Livermore data directory                           epics_2017
=======================================================================
======                 Ionisation Parameters                   ========
=======================================================================
Step function for e+-                              (0.2, 0.01 mm)
Step function for muons/hadrons                    (0.1, 0.05 mm)
Step function for light ions                       (0.1, 0.02 mm)
Step function for general ions                     (0.1, 0.001 mm)
Lowest e+e- kinetic energy                         0 eV 
Lowest muon/hadron kinetic energy                  1 keV
Use ICRU90 data                                    1
Fluctuations of dE/dx are enabled                  1
Type of fluctuation model                          1
Use built-in Birks satuaration                     0
Build CSDA range enabled                           0
Use cut as a final range enabled                   0
Enable angular generator interface                 1
Max kinetic energy for CSDA tables                 1 GeV
Max kinetic energy for NIEL computation            0 eV 
Linear loss limit                                  0.01
Read data from file for e+e- pair production by mu 0
=======================================================================
======                 Multiple Scattering Parameters          ========
=======================================================================
Type of msc step limit algorithm for e+-           2
Type of msc step limit algorithm for muons/hadrons 0
Msc lateral displacement for e+- enabled           1
Msc lateral displacement for muons and hadrons     0
Urban msc model lateral displacement alg96         1
Range factor for msc step limit for e+-            0.08
Range factor for msc step limit for muons/hadrons  0.2
Geometry factor for msc step limitation of e+-     2.5
Safety factor for msc step limit for e+-           0.6
Skin parameter for msc step limitation of e+-      3
Lambda limit for msc step limit for e+-            1 mm
Use Mott correction for e- scattering              1
Factor used for dynamic computation of angular 
  limit between single and multiple scattering     1
Fixed angular limit between single 
  and multiple scattering                          3.1416 rad
Upper energy limit for e+- multiple scattering     100 MeV
Type of electron single scattering model           0
Type of nuclear form-factor                        1
Screening factor                                   1
=======================================================================
======                 Atomic Deexcitation Parameters          ========
=======================================================================
Fluorescence enabled                               1
Fluorescence Bearden data files enabled            0
Fluorescence ANSTO data files enabled              0
Auger electron cascade enabled                     1
PIXE atomic de-excitation enabled                  0
De-excitation module ignores cuts                  1
Type of PIXE cross section for hadrons             Empirical
Type of PIXE cross section for e+-                 Livermore
=======================================================================
======                 DNA Physics Parameters                  ========
=======================================================================
Use fast sampling in DNA models                    0
Use Stationary option in DNA models                0
Use DNA with multiple scattering of e-             0
Use DNA e- solvation model type                    11003
=======================================================================

### ===  Deexcitation model UAtomDeexcitation is activated for 1 region:
          DefaultRegionForTheWorld  1  1  0
### ===  Auger flag: 1
### ===  Ignore cuts flag:   1

phot:  for gamma SubType=12 BuildTable=0
      LambdaPrime table from 200 keV to 100 MeV in 54 bins 
      ===== EM models for the G4Region  DefaultRegionForTheWorld ======
 LivermorePhElectric : Emin=    0 eV  Emax=  100 MeV  SauterGavrila Fluo

compt:  for gamma SubType=13 BuildTable=1
      Lambda table from 10 eV  to 1 MeV, 20 bins/decade, spline: 1
      LambdaPrime table from 1 MeV to 100 MeV in 40 bins 
      ===== EM models for the G4Region  DefaultRegionForTheWorld ======
   LowEPComptonModel : Emin=    0 eV  Emax=   20 MeV Fluo
        KleinNishina : Emin=   20 MeV Emax=  100 MeV Fluo

conv:  for gamma SubType=14 BuildTable=1
      Lambda table from 1.022 MeV to 100 MeV, 32 bins/decade, spline: 1
      ===== EM models for the G4Region  DefaultRegionForTheWorld ======
     BetheHeitlerLPM : Emin=    0 eV  Emax=  100 MeV  ModifiedTsai

Rayl:  for gamma SubType=11 BuildTable=1
      Lambda table from 10 eV  to 100 keV, 20 bins/decade, spline: 0
      LambdaPrime table from 100 keV to 100 MeV in 60 bins 
      ===== EM models for the G4Region  DefaultRegionForTheWorld ======
   LivermoreRayleigh : Emin=    0 eV  Emax=  100 MeV  CullenGenerator

e-_G4DNAElectronSolvation:  for e- SubType=58 BuildTable=0
      ===== EM models for the G4Region  DefaultRegionForTheWorld ======
DNAOneStepThermalizationModel_Meesungnoen2002 : Emin=    0 eV  Emax=  7.4 eV 
          DummyModel : Emin=  7.4 eV  Emax=  100 MeV
          StepLim=UseSafety Rfact=0.04 Gfact=2.5 Sfact=0.6 DispFlag:1 Skin=1 Llim=1 mm

e-_G4DNAElastic:  for e- SubType=51 BuildTable=0
      ===== EM models for the G4Region  DefaultRegionForTheWorld ======
DNAChampionElasticModel : Emin=    0 eV  Emax=    1 MeV
          DummyModel : Emin=    1 MeV Emax=  100 MeV
          StepLim=UseSafety Rfact=0.04 Gfact=2.5 Sfact=0.6 DispFlag:1 Skin=1 Llim=1 mm

e-_G4DNAExcitation:  for e- SubType=52 BuildTable=0
      ===== EM models for the G4Region  DefaultRegionForTheWorld ======
DNABornExcitationModel : Emin=    0 eV  Emax=    1 MeV
          DummyModel : Emin=    1 MeV Emax=  100 MeV
          StepLim=UseSafety Rfact=0.04 Gfact=2.5 Sfact=0.6 DispFlag:1 Skin=1 Llim=1 mm

e-_G4DNAIonisation:  for e- SubType=53 BuildTable=0
      ===== EM models for the G4Region  DefaultRegionForTheWorld ======
DNABornIonisationModel : Emin=    0 eV  Emax=    1 MeV  deltaBorn Fluo
          DummyModel : Emin=    1 MeV Emax=  100 MeV
          StepLim=UseSafety Rfact=0.04 Gfact=2.5 Sfact=0.6 DispFlag:1 Skin=1 Llim=1 mm

e-_G4DNAVibExcitation:  for e- SubType=54 BuildTable=0
      ===== EM models for the G4Region  DefaultRegionForTheWorld ======
DNASancheExcitationModel : Emin=    0 eV  Emax=  100 eV 
          DummyModel : Emin=  100 eV  Emax=  100 MeV
          StepLim=UseSafety Rfact=0.04 Gfact=2.5 Sfact=0.6 DispFlag:1 Skin=1 Llim=1 mm

e-_G4DNAAttachment:  for e- SubType=55 BuildTable=0
      ===== EM models for the G4Region  DefaultRegionForTheWorld ======
DNAMeltonAttachmentModel : Emin=    0 eV  Emax=   13 eV 
          DummyModel : Emin=   13 eV  Emax=  100 MeV
          StepLim=UseSafety Rfact=0.04 Gfact=2.5 Sfact=0.6 DispFlag:1 Skin=1 Llim=1 mm

msc:  for e+  SubType= 10
      ===== EM models for the G4Region  DefaultRegionForTheWorld ======
  GoudsmitSaunderson : Emin=    0 eV  Emax=  100 MeV Nbins=120 100 eV  - 100 MeV
          StepLim=SafetyPlus Rfact=0.08 Gfact=2.5 Sfact=0.6 DispFlag:1 Skin=3 Llim=1 mm

eIoni:  for e+  XStype:3  SubType=2
      dE/dx and range tables from 10 eV  to 100 MeV in 140 bins
      Lambda tables from threshold to 100 MeV, 20 bins/decade, spline: 1
      StepFunction=(0.2, 0.01 mm), integ: 3, fluct: 1, linLossLim= 0.01
      ===== EM models for the G4Region  DefaultRegionForTheWorld ======
        MollerBhabha : Emin=    0 eV  Emax=  100 MeV  deltaVI
G4VisManager: Using G4TrajectoryDrawByCharge as fallback trajectory model.
See commands in /vis/modeling/trajectories/ for other options.
### Run 0 starts.
--> Event 0 starts.
--> Event 100 starts.
--> Event 200 starts.
--> Event 300 starts.
--> Event 400 starts.
--> Event 500 starts.
--> Event 600 starts.
--> Event 700 starts.
--> Event 800 starts.
--> Event 900 starts.
--> Event 1000 starts.
--> Event 1100 starts.
--> Event 1200 starts.
--> Event 1300 starts.
--> Event 1400 starts.
--> Event 1500 starts.
--> Event 1600 starts.
--> Event 1700 starts.
--> Event 1800 starts.
--> Event 1900 starts.
--> Event 2000 starts.
--> Event 2100 starts.
--> Event 2200 starts.
--> Event 2300 starts.
--> Event 2400 starts.
--> Event 2500 starts.
--> Event 2600 starts.
--> Event 2700 starts.
--> Event 2800 starts.
--> Event 2900 starts.
--> Event 3000 starts.
--> Event 3100 starts.
--> Event 3200 starts.
--> Event 3300 starts.
--> Event 3400 starts.
--> Event 3500 starts.
--> Event 3600 starts.
--> Event 3700 starts.
--> Event 3800 starts.
--> Event 3900 starts.
--> Event 4000 starts.
--> Event 4100 starts.
--> Event 4200 starts.
--> Event 4300 starts.
--> Event 4400 starts.
--> Event 4500 starts.
--> Event 4600 starts.
--> Event 4700 starts.
--> Event 4800 starts.
--> Event 4900 starts.
--> Event 5000 starts.
--> Event 5100 starts.
--> Event 5200 starts.
--> Event 5300 starts.
--> Event 5400 starts.
--> Event 5500 starts.
--> Event 5600 starts.
--> Event 5700 starts.
--> Event 5800 starts.
--> Event 5900 starts.
--> Event 6000 starts.
--> Event 6100 starts.
--> Event 6200 starts.
--> Event 6300 starts.
--> Event 6400 starts.
--> Event 6500 starts.
--> Event 6600 starts.
--> Event 6700 starts.
--> Event 6800 starts.
--> Event 6900 starts.
--> Event 7000 starts.
--> Event 7100 starts.
--> Event 7200 starts.
--> Event 7300 starts.
--> Event 7400 starts.
--> Event 7500 starts.
--> Event 7600 starts.
--> Event 7700 starts.
--> Event 7800 starts.
--> Event 7900 starts.
--> Event 8000 starts.
--> Event 8100 starts.
--> Event 8200 starts.
--> Event 8300 starts.
--> Event 8400 starts.
--> Event 8500 starts.
--> Event 8600 starts.
--> Event 8700 starts.
--> Event 8800 starts.
--> Event 8900 starts.
--> Event 9000 starts.
--> Event 9100 starts.
--> Event 9200 starts.
--> Event 9300 starts.
--> Event 9400 starts.
--> Event 9500 starts.
--> Event 9600 starts.
--> Event 9700 starts.
--> Event 9800 starts.
--> Event 9900 starts.
There are 3 h1 histograms
  0 with    782 entries: Energy deposit in the target (eV)
  1 with     17 entries: Number of SSB
  2 with      1 entries: Number of DSB
List them with "/analysis/list".
View them with "/vis/plot" or "/vis/reviewPlots".
Graphics systems deleted.
Visualization Manager deleting...
