Environment variable "G4FORCE_RUN_MANAGER_TYPE" enabled with value == Serial. Forcing G4RunManager type...

        ############################################
        !!! WARNING - FPE detection is activated !!!
        ############################################


          ################################
          !!! G4Backtrace is activated !!!
          ################################


**************************************************************
 Geant4 version Name: geant4-11-04-ref-00    (5-December-2025)
                       Copyright : Geant4 Collaboration
                      References : NIM A 506 (2003), 250-303
                                 : IEEE-TNS 53 (2006), 270-278
                                 : NIM A 835 (2016), 186-225
                             WWW : http://geant4.org/
**************************************************************

##### Create analysis manager   0x1d7cae0
#
# MT
/run/numberOfThreads 10
*** /run/numberOfThreads command is issued in sequential mode.
Command is ignored.
#
# Sizes of World and cylinders
#
# -> RADIUS: from the range of secondary electrons having the maximum kinetic energy
/radial/setWorldRadius 300 nm
#
# -> LENGTH: example for 1 MeV protons to get about 1000 proton steps
/radial/setCylinderLength 2.5 um
#
# -> LENGTH OFFSET: add a space of specified length before/after cylinders entrance/exit
# Particles will be shot from the entrance of the space
/radial/setWorldOffsetLength 0. um
#/radial/setWorldOffsetLength 0.5 um
#
# -> THICKNESS: default set to 1 nm
/radial/setCylinderThickness 1 nm
#
# Atomic deexcitation
/process/em/fluo true
/run/physicsModified
/process/em/auger true
/run/physicsModified
/process/em/augerCascade true
/run/physicsModified
/process/em/deexcitationIgnoreCut true
/run/physicsModified
#
# Physics
# - To use Geant4-DNA constructor X, X=0, 2, 4, or 6 (recommended)
#/radial/addPhysics DNA_Opt0
/radial/addPhysics DNA_Opt2
#/radial/addPhysics DNA_Opt4
#/radial/addPhysics DNA_Opt6
#
# Heavy ions tracking cut
#/radial/addIonsTrackingCut false
#
# Run initialization
/run/initialize
userDetector->Construct() start.

*******************************************************************
*** NUMBER OF HOLLOW CYLINDERS = 300
*******************************************************************

Checking overlaps for volume Cylinder:0 (G4Tubs) ... OK! 
Checking overlaps for volume Cylinder:1 (G4Tubs) ... OK! 
Checking overlaps for volume Cylinder:2 (G4Tubs) ... OK! 
Checking overlaps for volume Cylinder:3 (G4Tubs) ... OK! 
Checking overlaps for volume Cylinder:4 (G4Tubs) ... OK! 
Checking overlaps for volume Cylinder:5 (G4Tubs) ... OK! 
Checking overlaps for volume Cylinder:6 (G4Tubs) ... OK! 
Checking overlaps for volume Cylinder:7 (G4Tubs) ... OK! 
Checking overlaps for volume Cylinder:8 (G4Tubs) ... OK! 
Checking overlaps for volume Cylinder:9 (G4Tubs) ... OK! 
Checking overlaps for volume Cylinder:10 (G4Tubs) ... OK! 
Checking overlaps for volume Cylinder:11 (G4Tubs) ... OK! 
Checking overlaps for volume Cylinder:12 (G4Tubs) ... OK! 
Checking overlaps for volume Cylinder:13 (G4Tubs) ... OK! 
Checking overlaps for volume Cylinder:14 (G4Tubs) ... OK! 
Checking overlaps for volume Cylinder:15 (G4Tubs) ... OK! 
Checking overlaps for volume Cylinder:16 (G4Tubs) ... OK! 
Checking overlaps for volume Cylinder:17 (G4Tubs) ... OK! 
Checking overlaps for volume Cylinder:18 (G4Tubs) ... OK! 
Checking overlaps for volume Cylinder:19 (G4Tubs) ... OK! 
Checking overlaps for volume Cylinder:20 (G4Tubs) ... OK! 
Checking overlaps for volume Cylinder:21 (G4Tubs) ... OK! 
Checking overlaps for volume Cylinder:22 (G4Tubs) ... OK! 
Checking overlaps for volume Cylinder:23 (G4Tubs) ... OK! 
Checking overlaps for volume Cylinder:24 (G4Tubs) ... OK! 
Checking overlaps for volume Cylinder:25 (G4Tubs) ... OK! 
Checking overlaps for volume Cylinder:26 (G4Tubs) ... OK! 
Checking overlaps for volume Cylinder:27 (G4Tubs) ... OK! 
Checking overlaps for volume Cylinder:28 (G4Tubs) ... OK! 
Checking overlaps for volume Cylinder:29 (G4Tubs) ... OK! 
Checking overlaps for volume Cylinder:30 (G4Tubs) ... OK! 
Checking overlaps for volume Cylinder:31 (G4Tubs) ... OK! 
Checking overlaps for volume Cylinder:32 (G4Tubs) ... OK! 
Checking overlaps for volume Cylinder:33 (G4Tubs) ... OK! 
Checking overlaps for volume Cylinder:34 (G4Tubs) ... OK! 
Checking overlaps for volume Cylinder:35 (G4Tubs) ... OK! 
Checking overlaps for volume Cylinder:36 (G4Tubs) ... OK! 
Checking overlaps for volume Cylinder:37 (G4Tubs) ... OK! 
Checking overlaps for volume Cylinder:38 (G4Tubs) ... OK! 
Checking overlaps for volume Cylinder:39 (G4Tubs) ... OK! 
Checking overlaps for volume Cylinder:40 (G4Tubs) ... OK! 
Checking overlaps for volume Cylinder:41 (G4Tubs) ... OK! 
Checking overlaps for volume Cylinder:42 (G4Tubs) ... OK! 
Checking overlaps for volume Cylinder:43 (G4Tubs) ... OK! 
Checking overlaps for volume Cylinder:44 (G4Tubs) ... OK! 
Checking overlaps for volume Cylinder:45 (G4Tubs) ... OK! 
Checking overlaps for volume Cylinder:46 (G4Tubs) ... OK! 
Checking overlaps for volume Cylinder:47 (G4Tubs) ... OK! 
Checking overlaps for volume Cylinder:48 (G4Tubs) ... OK! 
Checking overlaps for volume Cylinder:49 (G4Tubs) ... OK! 
Checking overlaps for volume Cylinder:50 (G4Tubs) ... OK! 
Checking overlaps for volume Cylinder:51 (G4Tubs) ... OK! 
Checking overlaps for volume Cylinder:52 (G4Tubs) ... OK! 
Checking overlaps for volume Cylinder:53 (G4Tubs) ... OK! 
Checking overlaps for volume Cylinder:54 (G4Tubs) ... OK! 
Checking overlaps for volume Cylinder:55 (G4Tubs) ... OK! 
Checking overlaps for volume Cylinder:56 (G4Tubs) ... OK! 
Checking overlaps for volume Cylinder:57 (G4Tubs) ... OK! 
Checking overlaps for volume Cylinder:58 (G4Tubs) ... OK! 
Checking overlaps for volume Cylinder:59 (G4Tubs) ... OK! 
Checking overlaps for volume Cylinder:60 (G4Tubs) ... OK! 
Checking overlaps for volume Cylinder:61 (G4Tubs) ... OK! 
Checking overlaps for volume Cylinder:62 (G4Tubs) ... OK! 
Checking overlaps for volume Cylinder:63 (G4Tubs) ... OK! 
Checking overlaps for volume Cylinder:64 (G4Tubs) ... OK! 
Checking overlaps for volume Cylinder:65 (G4Tubs) ... OK! 
Checking overlaps for volume Cylinder:66 (G4Tubs) ... OK! 
Checking overlaps for volume Cylinder:67 (G4Tubs) ... OK! 
Checking overlaps for volume Cylinder:68 (G4Tubs) ... OK! 
Checking overlaps for volume Cylinder:69 (G4Tubs) ... OK! 
Checking overlaps for volume Cylinder:70 (G4Tubs) ... OK! 
Checking overlaps for volume Cylinder:71 (G4Tubs) ... OK! 
Checking overlaps for volume Cylinder:72 (G4Tubs) ... OK! 
Checking overlaps for volume Cylinder:73 (G4Tubs) ... OK! 
Checking overlaps for volume Cylinder:74 (G4Tubs) ... OK! 
Checking overlaps for volume Cylinder:75 (G4Tubs) ... OK! 
Checking overlaps for volume Cylinder:76 (G4Tubs) ... OK! 
Checking overlaps for volume Cylinder:77 (G4Tubs) ... OK! 
Checking overlaps for volume Cylinder:78 (G4Tubs) ... OK! 
Checking overlaps for volume Cylinder:79 (G4Tubs) ... OK! 
Checking overlaps for volume Cylinder:80 (G4Tubs) ... OK! 
Checking overlaps for volume Cylinder:81 (G4Tubs) ... OK! 
Checking overlaps for volume Cylinder:82 (G4Tubs) ... OK! 
Checking overlaps for volume Cylinder:83 (G4Tubs) ... OK! 
Checking overlaps for volume Cylinder:84 (G4Tubs) ... OK! 
Checking overlaps for volume Cylinder:85 (G4Tubs) ... OK! 
Checking overlaps for volume Cylinder:86 (G4Tubs) ... OK! 
Checking overlaps for volume Cylinder:87 (G4Tubs) ... OK! 
Checking overlaps for volume Cylinder:88 (G4Tubs) ... OK! 
Checking overlaps for volume Cylinder:89 (G4Tubs) ... OK! 
Checking overlaps for volume Cylinder:90 (G4Tubs) ... OK! 
Checking overlaps for volume Cylinder:91 (G4Tubs) ... OK! 
Checking overlaps for volume Cylinder:92 (G4Tubs) ... OK! 
Checking overlaps for volume Cylinder:93 (G4Tubs) ... OK! 
Checking overlaps for volume Cylinder:94 (G4Tubs) ... OK! 
Checking overlaps for volume Cylinder:95 (G4Tubs) ... OK! 
Checking overlaps for volume Cylinder:96 (G4Tubs) ... OK! 
Checking overlaps for volume Cylinder:97 (G4Tubs) ... OK! 
Checking overlaps for volume Cylinder:98 (G4Tubs) ... OK! 
Checking overlaps for volume Cylinder:99 (G4Tubs) ... OK! 
Checking overlaps for volume Cylinder:100 (G4Tubs) ... OK! 
Checking overlaps for volume Cylinder:101 (G4Tubs) ... OK! 
Checking overlaps for volume Cylinder:102 (G4Tubs) ... OK! 
Checking overlaps for volume Cylinder:103 (G4Tubs) ... OK! 
Checking overlaps for volume Cylinder:104 (G4Tubs) ... OK! 
Checking overlaps for volume Cylinder:105 (G4Tubs) ... OK! 
Checking overlaps for volume Cylinder:106 (G4Tubs) ... OK! 
Checking overlaps for volume Cylinder:107 (G4Tubs) ... OK! 
Checking overlaps for volume Cylinder:108 (G4Tubs) ... OK! 
Checking overlaps for volume Cylinder:109 (G4Tubs) ... OK! 
Checking overlaps for volume Cylinder:110 (G4Tubs) ... OK! 
Checking overlaps for volume Cylinder:111 (G4Tubs) ... OK! 
Checking overlaps for volume Cylinder:112 (G4Tubs) ... OK! 
Checking overlaps for volume Cylinder:113 (G4Tubs) ... OK! 
Checking overlaps for volume Cylinder:114 (G4Tubs) ... OK! 
Checking overlaps for volume Cylinder:115 (G4Tubs) ... OK! 
Checking overlaps for volume Cylinder:116 (G4Tubs) ... OK! 
Checking overlaps for volume Cylinder:117 (G4Tubs) ... OK! 
Checking overlaps for volume Cylinder:118 (G4Tubs) ... OK! 
Checking overlaps for volume Cylinder:119 (G4Tubs) ... OK! 
Checking overlaps for volume Cylinder:120 (G4Tubs) ... OK! 
Checking overlaps for volume Cylinder:121 (G4Tubs) ... OK! 
Checking overlaps for volume Cylinder:122 (G4Tubs) ... OK! 
Checking overlaps for volume Cylinder:123 (G4Tubs) ... OK! 
Checking overlaps for volume Cylinder:124 (G4Tubs) ... OK! 
Checking overlaps for volume Cylinder:125 (G4Tubs) ... OK! 
Checking overlaps for volume Cylinder:126 (G4Tubs) ... OK! 
Checking overlaps for volume Cylinder:127 (G4Tubs) ... OK! 
Checking overlaps for volume Cylinder:128 (G4Tubs) ... OK! 
Checking overlaps for volume Cylinder:129 (G4Tubs) ... OK! 
Checking overlaps for volume Cylinder:130 (G4Tubs) ... OK! 
Checking overlaps for volume Cylinder:131 (G4Tubs) ... OK! 
Checking overlaps for volume Cylinder:132 (G4Tubs) ... OK! 
Checking overlaps for volume Cylinder:133 (G4Tubs) ... OK! 
Checking overlaps for volume Cylinder:134 (G4Tubs) ... OK! 
Checking overlaps for volume Cylinder:135 (G4Tubs) ... OK! 
Checking overlaps for volume Cylinder:136 (G4Tubs) ... OK! 
Checking overlaps for volume Cylinder:137 (G4Tubs) ... OK! 
Checking overlaps for volume Cylinder:138 (G4Tubs) ... OK! 
Checking overlaps for volume Cylinder:139 (G4Tubs) ... OK! 
Checking overlaps for volume Cylinder:140 (G4Tubs) ... OK! 
Checking overlaps for volume Cylinder:141 (G4Tubs) ... OK! 
Checking overlaps for volume Cylinder:142 (G4Tubs) ... OK! 
Checking overlaps for volume Cylinder:143 (G4Tubs) ... OK! 
Checking overlaps for volume Cylinder:144 (G4Tubs) ... OK! 
Checking overlaps for volume Cylinder:145 (G4Tubs) ... OK! 
Checking overlaps for volume Cylinder:146 (G4Tubs) ... OK! 
Checking overlaps for volume Cylinder:147 (G4Tubs) ... OK! 
Checking overlaps for volume Cylinder:148 (G4Tubs) ... OK! 
Checking overlaps for volume Cylinder:149 (G4Tubs) ... OK! 
Checking overlaps for volume Cylinder:150 (G4Tubs) ... OK! 
Checking overlaps for volume Cylinder:151 (G4Tubs) ... OK! 
Checking overlaps for volume Cylinder:152 (G4Tubs) ... OK! 
Checking overlaps for volume Cylinder:153 (G4Tubs) ... OK! 
Checking overlaps for volume Cylinder:154 (G4Tubs) ... OK! 
Checking overlaps for volume Cylinder:155 (G4Tubs) ... OK! 
Checking overlaps for volume Cylinder:156 (G4Tubs) ... OK! 
Checking overlaps for volume Cylinder:157 (G4Tubs) ... OK! 
Checking overlaps for volume Cylinder:158 (G4Tubs) ... OK! 
Checking overlaps for volume Cylinder:159 (G4Tubs) ... OK! 
Checking overlaps for volume Cylinder:160 (G4Tubs) ... OK! 
Checking overlaps for volume Cylinder:161 (G4Tubs) ... OK! 
Checking overlaps for volume Cylinder:162 (G4Tubs) ... OK! 
Checking overlaps for volume Cylinder:163 (G4Tubs) ... OK! 
Checking overlaps for volume Cylinder:164 (G4Tubs) ... OK! 
Checking overlaps for volume Cylinder:165 (G4Tubs) ... OK! 
Checking overlaps for volume Cylinder:166 (G4Tubs) ... OK! 
Checking overlaps for volume Cylinder:167 (G4Tubs) ... OK! 
Checking overlaps for volume Cylinder:168 (G4Tubs) ... OK! 
Checking overlaps for volume Cylinder:169 (G4Tubs) ... OK! 
Checking overlaps for volume Cylinder:170 (G4Tubs) ... OK! 
Checking overlaps for volume Cylinder:171 (G4Tubs) ... OK! 
Checking overlaps for volume Cylinder:172 (G4Tubs) ... OK! 
Checking overlaps for volume Cylinder:173 (G4Tubs) ... OK! 
Checking overlaps for volume Cylinder:174 (G4Tubs) ... OK! 
Checking overlaps for volume Cylinder:175 (G4Tubs) ... OK! 
Checking overlaps for volume Cylinder:176 (G4Tubs) ... OK! 
Checking overlaps for volume Cylinder:177 (G4Tubs) ... OK! 
Checking overlaps for volume Cylinder:178 (G4Tubs) ... OK! 
Checking overlaps for volume Cylinder:179 (G4Tubs) ... OK! 
Checking overlaps for volume Cylinder:180 (G4Tubs) ... OK! 
Checking overlaps for volume Cylinder:181 (G4Tubs) ... OK! 
Checking overlaps for volume Cylinder:182 (G4Tubs) ... OK! 
Checking overlaps for volume Cylinder:183 (G4Tubs) ... OK! 
Checking overlaps for volume Cylinder:184 (G4Tubs) ... OK! 
Checking overlaps for volume Cylinder:185 (G4Tubs) ... OK! 
Checking overlaps for volume Cylinder:186 (G4Tubs) ... OK! 
Checking overlaps for volume Cylinder:187 (G4Tubs) ... OK! 
Checking overlaps for volume Cylinder:188 (G4Tubs) ... OK! 
Checking overlaps for volume Cylinder:189 (G4Tubs) ... OK! 
Checking overlaps for volume Cylinder:190 (G4Tubs) ... OK! 
Checking overlaps for volume Cylinder:191 (G4Tubs) ... OK! 
Checking overlaps for volume Cylinder:192 (G4Tubs) ... OK! 
Checking overlaps for volume Cylinder:193 (G4Tubs) ... OK! 
Checking overlaps for volume Cylinder:194 (G4Tubs) ... OK! 
Checking overlaps for volume Cylinder:195 (G4Tubs) ... OK! 
Checking overlaps for volume Cylinder:196 (G4Tubs) ... OK! 
Checking overlaps for volume Cylinder:197 (G4Tubs) ... OK! 
Checking overlaps for volume Cylinder:198 (G4Tubs) ... OK! 
Checking overlaps for volume Cylinder:199 (G4Tubs) ... OK! 
Checking overlaps for volume Cylinder:200 (G4Tubs) ... OK! 
Checking overlaps for volume Cylinder:201 (G4Tubs) ... OK! 
Checking overlaps for volume Cylinder:202 (G4Tubs) ... OK! 
Checking overlaps for volume Cylinder:203 (G4Tubs) ... OK! 
Checking overlaps for volume Cylinder:204 (G4Tubs) ... OK! 
Checking overlaps for volume Cylinder:205 (G4Tubs) ... OK! 
Checking overlaps for volume Cylinder:206 (G4Tubs) ... OK! 
Checking overlaps for volume Cylinder:207 (G4Tubs) ... OK! 
Checking overlaps for volume Cylinder:208 (G4Tubs) ... OK! 
Checking overlaps for volume Cylinder:209 (G4Tubs) ... OK! 
Checking overlaps for volume Cylinder:210 (G4Tubs) ... OK! 
Checking overlaps for volume Cylinder:211 (G4Tubs) ... OK! 
Checking overlaps for volume Cylinder:212 (G4Tubs) ... OK! 
Checking overlaps for volume Cylinder:213 (G4Tubs) ... OK! 
Checking overlaps for volume Cylinder:214 (G4Tubs) ... OK! 
Checking overlaps for volume Cylinder:215 (G4Tubs) ... OK! 
Checking overlaps for volume Cylinder:216 (G4Tubs) ... OK! 
Checking overlaps for volume Cylinder:217 (G4Tubs) ... OK! 
Checking overlaps for volume Cylinder:218 (G4Tubs) ... OK! 
Checking overlaps for volume Cylinder:219 (G4Tubs) ... OK! 
Checking overlaps for volume Cylinder:220 (G4Tubs) ... OK! 
Checking overlaps for volume Cylinder:221 (G4Tubs) ... OK! 
Checking overlaps for volume Cylinder:222 (G4Tubs) ... OK! 
Checking overlaps for volume Cylinder:223 (G4Tubs) ... OK! 
Checking overlaps for volume Cylinder:224 (G4Tubs) ... OK! 
Checking overlaps for volume Cylinder:225 (G4Tubs) ... OK! 
Checking overlaps for volume Cylinder:226 (G4Tubs) ... OK! 
Checking overlaps for volume Cylinder:227 (G4Tubs) ... OK! 
Checking overlaps for volume Cylinder:228 (G4Tubs) ... OK! 
Checking overlaps for volume Cylinder:229 (G4Tubs) ... OK! 
Checking overlaps for volume Cylinder:230 (G4Tubs) ... OK! 
Checking overlaps for volume Cylinder:231 (G4Tubs) ... OK! 
Checking overlaps for volume Cylinder:232 (G4Tubs) ... OK! 
Checking overlaps for volume Cylinder:233 (G4Tubs) ... OK! 
Checking overlaps for volume Cylinder:234 (G4Tubs) ... OK! 
Checking overlaps for volume Cylinder:235 (G4Tubs) ... OK! 
Checking overlaps for volume Cylinder:236 (G4Tubs) ... OK! 
Checking overlaps for volume Cylinder:237 (G4Tubs) ... OK! 
Checking overlaps for volume Cylinder:238 (G4Tubs) ... OK! 
Checking overlaps for volume Cylinder:239 (G4Tubs) ... OK! 
Checking overlaps for volume Cylinder:240 (G4Tubs) ... OK! 
Checking overlaps for volume Cylinder:241 (G4Tubs) ... OK! 
Checking overlaps for volume Cylinder:242 (G4Tubs) ... OK! 
Checking overlaps for volume Cylinder:243 (G4Tubs) ... OK! 
Checking overlaps for volume Cylinder:244 (G4Tubs) ... OK! 
Checking overlaps for volume Cylinder:245 (G4Tubs) ... OK! 
Checking overlaps for volume Cylinder:246 (G4Tubs) ... OK! 
Checking overlaps for volume Cylinder:247 (G4Tubs) ... OK! 
Checking overlaps for volume Cylinder:248 (G4Tubs) ... OK! 
Checking overlaps for volume Cylinder:249 (G4Tubs) ... OK! 
Checking overlaps for volume Cylinder:250 (G4Tubs) ... OK! 
Checking overlaps for volume Cylinder:251 (G4Tubs) ... OK! 
Checking overlaps for volume Cylinder:252 (G4Tubs) ... OK! 
Checking overlaps for volume Cylinder:253 (G4Tubs) ... OK! 
Checking overlaps for volume Cylinder:254 (G4Tubs) ... OK! 
Checking overlaps for volume Cylinder:255 (G4Tubs) ... OK! 
Checking overlaps for volume Cylinder:256 (G4Tubs) ... OK! 
Checking overlaps for volume Cylinder:257 (G4Tubs) ... OK! 
Checking overlaps for volume Cylinder:258 (G4Tubs) ... OK! 
Checking overlaps for volume Cylinder:259 (G4Tubs) ... OK! 
Checking overlaps for volume Cylinder:260 (G4Tubs) ... OK! 
Checking overlaps for volume Cylinder:261 (G4Tubs) ... OK! 
Checking overlaps for volume Cylinder:262 (G4Tubs) ... OK! 
Checking overlaps for volume Cylinder:263 (G4Tubs) ... OK! 
Checking overlaps for volume Cylinder:264 (G4Tubs) ... OK! 
Checking overlaps for volume Cylinder:265 (G4Tubs) ... OK! 
Checking overlaps for volume Cylinder:266 (G4Tubs) ... OK! 
Checking overlaps for volume Cylinder:267 (G4Tubs) ... OK! 
Checking overlaps for volume Cylinder:268 (G4Tubs) ... OK! 
Checking overlaps for volume Cylinder:269 (G4Tubs) ... OK! 
Checking overlaps for volume Cylinder:270 (G4Tubs) ... OK! 
Checking overlaps for volume Cylinder:271 (G4Tubs) ... OK! 
Checking overlaps for volume Cylinder:272 (G4Tubs) ... OK! 
Checking overlaps for volume Cylinder:273 (G4Tubs) ... OK! 
Checking overlaps for volume Cylinder:274 (G4Tubs) ... OK! 
Checking overlaps for volume Cylinder:275 (G4Tubs) ... OK! 
Checking overlaps for volume Cylinder:276 (G4Tubs) ... OK! 
Checking overlaps for volume Cylinder:277 (G4Tubs) ... OK! 
Checking overlaps for volume Cylinder:278 (G4Tubs) ... OK! 
Checking overlaps for volume Cylinder:279 (G4Tubs) ... OK! 
Checking overlaps for volume Cylinder:280 (G4Tubs) ... OK! 
Checking overlaps for volume Cylinder:281 (G4Tubs) ... OK! 
Checking overlaps for volume Cylinder:282 (G4Tubs) ... OK! 
Checking overlaps for volume Cylinder:283 (G4Tubs) ... OK! 
Checking overlaps for volume Cylinder:284 (G4Tubs) ... OK! 
Checking overlaps for volume Cylinder:285 (G4Tubs) ... OK! 
Checking overlaps for volume Cylinder:286 (G4Tubs) ... OK! 
Checking overlaps for volume Cylinder:287 (G4Tubs) ... OK! 
Checking overlaps for volume Cylinder:288 (G4Tubs) ... OK! 
Checking overlaps for volume Cylinder:289 (G4Tubs) ... OK! 
Checking overlaps for volume Cylinder:290 (G4Tubs) ... OK! 
Checking overlaps for volume Cylinder:291 (G4Tubs) ... OK! 
Checking overlaps for volume Cylinder:292 (G4Tubs) ... OK! 
Checking overlaps for volume Cylinder:293 (G4Tubs) ... OK! 
Checking overlaps for volume Cylinder:294 (G4Tubs) ... OK! 
Checking overlaps for volume Cylinder:295 (G4Tubs) ... OK! 
Checking overlaps for volume Cylinder:296 (G4Tubs) ... OK! 
Checking overlaps for volume Cylinder:297 (G4Tubs) ... OK! 
Checking overlaps for volume Cylinder:298 (G4Tubs) ... OK! 
Checking overlaps for volume Cylinder:299 (G4Tubs) ... OK! 
World is registered to the default region.
physicsList->Construct() start.
physicsList->CheckParticleList() start.
physicsList->setCut() start.
#
# Visualization
#/control/execute vis.mac
#
# Incident ion type
#
/gun/particle proton
#
##########################################################
# PROTON IONISATION ONLY SETTINGS
##########################################################
/process/inactivate proton_G4DNAExcitation
/run/physicsModified
/process/inactivate proton_G4DNAElastic
/run/physicsModified
/process/inactivate proton_G4DNAChargeDecrease
/run/physicsModified
# the following lines avoid standard EM processes, if any
/process/inactivate msc
/run/physicsModified
/process/inactivate hIoni
/run/physicsModified
/process/inactivate nuclearStopping
/run/physicsModified
##########################################################
#
#/gun/particle alpha
#
#/gun/particle ion
#/gun/ion 14 28
#
# Incident particle energy
/gun/energy 1 MeV
#
# Incident particle direction along cylinder Z-axis
/gun/direction 0 0 1
#
# Beam on
/run/beamOn 100
=======================================================================
======                 Electromagnetic Physics Parameters      ========
=======================================================================
LPM effect enabled                                 1
Enable creation and use of sampling tables         0
Apply cuts on all EM processes                     0
Use combined TransportationWithMsc                 Disabled
Use general process                                0
Enable linear polarisation for gamma               0
Enable photoeffect sampling below K-shell          1
Enable sampling of quantum entanglement            0
X-section factor for integral approach             0.8
Min kinetic energy for tables                      100 eV 
Max kinetic energy for tables                      1 GeV
Number of bins per decade of a table               20
Verbose level                                      1
Verbose level for worker thread                    0
Bremsstrahlung energy threshold above which 
  primary e+- is added to the list of secondary    100 TeV
Bremsstrahlung energy threshold above which primary
  muon/hadron is added to the list of secondary    100 TeV
Positron annihilation at rest model                AllisonPositronium
Enable 3 gamma annihilation on fly                 0
Lowest triplet kinetic energy                      1 MeV
Enable sampling of gamma linear polarisation       0
5D gamma conversion model type                     0
5D gamma conversion model on isolated ion          0
Use RiGe 5D e+e- pair production model by muons    0
Livermore data directory                           epics_2017
=======================================================================
======                 Ionisation Parameters                   ========
=======================================================================
Step function for e+-                              (0.2, 0.01 mm)
Step function for muons/hadrons                    (0.1, 0.05 mm)
Step function for light ions                       (0.1, 0.02 mm)
Step function for general ions                     (0.1, 0.001 mm)
Lowest e+e- kinetic energy                         0 eV 
Lowest muon/hadron kinetic energy                  1 keV
Use ICRU90 data                                    1
Fluctuations of dE/dx are enabled                  1
Type of fluctuation model for leptons and hadrons  Universal
Use built-in Birks saturation                      0
Build CSDA range enabled                           0
Use cut as a final range enabled                   0
Enable angular generator interface                 1
Max kinetic energy for CSDA tables                 1 GeV
Max kinetic energy for NIEL computation            0 eV 
Linear loss limit                                  0.01
Read data from file for e+e- pair production by mu 0
=======================================================================
======                 Multiple Scattering Parameters          ========
=======================================================================
Type of msc step limit algorithm for e+-           2
Type of msc step limit algorithm for muons/hadrons 0
Msc lateral displacement for e+- enabled           1
Msc lateral displacement for muons and hadrons     0
Urban msc model lateral displacement alg96         1
Range factor for msc step limit for e+-            0.08
Range factor for msc step limit for muons/hadrons  0.2
Geometry factor for msc step limitation of e+-     2.5
Safety factor for msc step limit for e+-           0.6
Skin parameter for msc step limitation of e+-      3
Lambda limit for msc step limit for e+-            1 mm
Use Mott correction for e- scattering              1
Factor used for dynamic computation of angular 
  limit between single and multiple scattering     1
Fixed angular limit between single 
  and multiple scattering                          3.1416 rad
Upper energy limit for e+- multiple scattering     100 MeV
Type of electron single scattering model           0
Type of nuclear form-factor                        1
Screening factor                                   1
=======================================================================
======                 Atomic Deexcitation Parameters          ========
=======================================================================
Fluorescence enabled                               1
Directory in G4LEDATA for fluorescence data files  fluor
Auger electron cascade enabled                     1
PIXE atomic de-excitation enabled                  0
De-excitation module ignores cuts                  1
Type of PIXE cross section for hadrons             Empirical
Type of PIXE cross section for e+-                 Livermore
=======================================================================
======                 DNA Physics Parameters                  ========
=======================================================================
Max DNA electron energy                            1 MeV
Max DNA ion energy                                 300 MeV
Use fast sampling in DNA models                    1
Use Stationary option in DNA models                0
Use DNA with multiple scattering of e-             0
Use DNA e- solvation model type                    11003
=======================================================================

### ===  Deexcitation model UAtomDeexcitation is activated for 1 region:
          DefaultRegionForTheWorld  1  1  0
### ===  Auger flag: 1
### ===  Ignore cuts flag:   1

phot:  for gamma SubType=12 BuildTable=0
      LambdaPrime table from 200 keV to 1 GeV in 74 bins 
      ===== EM models for the G4Region  DefaultRegionForTheWorld ======
 LivermorePhElectric : Emin=    0 eV  Emax=    1 GeV  SauterGavrila Fluo

compt:  for gamma SubType=13 BuildTable=1
      Lambda table from 100 eV  to 1 MeV, 20 bins/decade, spline: 1
      LambdaPrime table from 1 MeV to 1 GeV in 60 bins 
      ===== EM models for the G4Region  DefaultRegionForTheWorld ======
   LowEPComptonModel : Emin=    0 eV  Emax=   20 MeV Fluo
        KleinNishina : Emin=   20 MeV Emax=    1 GeV Fluo

conv:  for gamma SubType=14 BuildTable=1
      Lambda table from 1.022 MeV to 1 GeV, 31 bins/decade, spline: 1
      ===== EM models for the G4Region  DefaultRegionForTheWorld ======
     BetheHeitlerLPM : Emin=    0 eV  Emax=    1 GeV  ModifiedTsai

Rayl:  for gamma SubType=11 BuildTable=1
      Lambda table from 100 eV  to 150 keV, 20 bins/decade, spline: 0
      LambdaPrime table from 150 keV to 1 GeV in 76 bins 
      ===== EM models for the G4Region  DefaultRegionForTheWorld ======
   LivermoreRayleigh : Emin=    0 eV  Emax=    1 GeV  CullenGenerator

msc:  for e-  SubType= 10
      ===== EM models for the G4Region  DefaultRegionForTheWorld ======
  GoudsmitSaunderson : Emin=    1 MeV Emax=    1 GeV Nbins=60   1 MeV -   1 GeV
          StepLim=SafetyPlus Rfact=0.08 Gfact=2.5 Sfact=0.6 DispFlag:1 Skin=3 Llim=1 mm

eIoni:  for e-  XStype:3  SubType=2
      dE/dx and range tables from 100 eV  to 1 GeV in 140 bins
      Lambda tables from threshold to 1 GeV, 20 bins/decade, spline: 1
      StepFunction=(0.2, 0.01 mm), integ: 3, fluct: 1, linLossLim= 0.01
      ===== EM models for the G4Region  DefaultRegionForTheWorld ======
        MollerBhabha : Emin=    1 MeV Emax=    1 GeV  deltaVI

eBrem:  for e-  XStype:4  SubType=3
      dE/dx and range tables from 100 eV  to 1 GeV in 140 bins
      Lambda tables from threshold to 1 GeV, 20 bins/decade, spline: 1
      LPM flag: 1 for E > 1 GeV,  VertexHighEnergyTh(GeV)= 100000
      ===== EM models for the G4Region  DefaultRegionForTheWorld ======
             eBremSB : Emin=    1 MeV Emax=    1 GeV  AngularGen2BS

e-_G4DNAElectronSolvation:  for e- SubType=58 BuildTable=0
      ===== EM models for the G4Region  DefaultRegionForTheWorld ======
DNAOneStepThermalizationModel_Meesungnoen2002 : Emin=    0 eV  Emax=  7.4 eV 
          DummyModel : Emin=  7.4 eV  Emax=    1 GeV
          StepLim=UseSafety Rfact=0.04 Gfact=2.5 Sfact=0.6 DispFlag:1 Skin=1 Llim=1 mm

e-_G4DNAElastic:  for e- SubType=51 BuildTable=0
      ===== EM models for the G4Region  DefaultRegionForTheWorld ======
DNAChampionElasticModel : Emin=    0 eV  Emax=    1 MeV
          DummyModel : Emin=    1 MeV Emax=    1 GeV
          StepLim=UseSafety Rfact=0.04 Gfact=2.5 Sfact=0.6 DispFlag:1 Skin=1 Llim=1 mm

e-_G4DNAExcitation:  for e- SubType=52 BuildTable=0
      ===== EM models for the G4Region  DefaultRegionForTheWorld ======
DNABornExcitationModel : Emin=    0 eV  Emax=    1 MeV
          DummyModel : Emin=    1 MeV Emax=    1 GeV
          StepLim=UseSafety Rfact=0.04 Gfact=2.5 Sfact=0.6 DispFlag:1 Skin=1 Llim=1 mm

e-_G4DNAIonisation:  for e- SubType=53 BuildTable=0
      ===== EM models for the G4Region  DefaultRegionForTheWorld ======
DNABornIonisationModel : Emin=    0 eV  Emax=    1 MeV  deltaBorn Fluo
          DummyModel : Emin=    1 MeV Emax=    1 GeV
          StepLim=UseSafety Rfact=0.04 Gfact=2.5 Sfact=0.6 DispFlag:1 Skin=1 Llim=1 mm

e-_G4DNAVibExcitation:  for e- SubType=54 BuildTable=0
      ===== EM models for the G4Region  DefaultRegionForTheWorld ======
DNASancheExcitationModel : Emin=    0 eV  Emax=  100 eV 
          DummyModel : Emin=  100 eV  Emax=    1 GeV
          StepLim=UseSafety Rfact=0.04 Gfact=2.5 Sfact=0.6 DispFlag:1 Skin=1 Llim=1 mm

e-_G4DNAAttachment:  for e- SubType=55 BuildTable=0
      ===== EM models for the G4Region  DefaultRegionForTheWorld ======
DNAMeltonAttachmentModel : Emin=    0 eV  Emax=   13 eV 
          DummyModel : Emin=   13 eV  Emax=    1 GeV
          StepLim=UseSafety Rfact=0.04 Gfact=2.5 Sfact=0.6 DispFlag:1 Skin=1 Llim=1 mm

msc:  for e+  SubType= 10
      ===== EM models for the G4Region  DefaultRegionForTheWorld ======
  GoudsmitSaunderson : Emin=    0 eV  Emax=    1 GeV Nbins=140 100 eV  -   1 GeV
          StepLim=SafetyPlus Rfact=0.08 Gfact=2.5 Sfact=0.6 DispFlag:1 Skin=3 Llim=1 mm

eIoni:  for e+  XStype:3  SubType=2
      dE/dx and range tables from 100 eV  to 1 GeV in 140 bins
      Lambda tables from threshold to 1 GeV, 20 bins/decade, spline: 1
      StepFunction=(0.2, 0.01 mm), integ: 3, fluct: 1, linLossLim= 0.01
      ===== EM models for the G4Region  DefaultRegionForTheWorld ======
        MollerBhabha : Emin=    0 eV  Emax=    1 GeV  deltaVI

eBrem:  for e+  XStype:4  SubType=3
      dE/dx and range tables from 100 eV  to 1 GeV in 140 bins
      Lambda tables from threshold to 1 GeV, 20 bins/decade, spline: 1
      LPM flag: 1 for E > 1 GeV,  VertexHighEnergyTh(GeV)= 100000
      ===== EM models for the G4Region  DefaultRegionForTheWorld ======
             eBremSB : Emin=    0 eV  Emax=    1 GeV  AngularGen2BS

annihil:  for e+ XStype:2 SubType=5 AtRestModel:Allison BuildTable=0
      ===== EM models for the G4Region  DefaultRegionForTheWorld ======
            eplus2gg : Emin=    0 eV  Emax=    1 GeV

msc:  for proton  SubType= 10
      ===== EM models for the G4Region  DefaultRegionForTheWorld ======
            UrbanMsc : Emin=    1 MeV Emax=    1 GeV Nbins=60   1 MeV -   1 GeV
          StepLim=Minimal Rfact=0.2 Gfact=2.5 Sfact=0.6 DispFlag:0 Skin=3 Llim=1 mm

hIoni:  for proton  XStype:3  SubType=2
      dE/dx and range tables from 100 eV  to 1 GeV in 140 bins
      Lambda tables from threshold to 1 GeV, 20 bins/decade, spline: 1
      StepFunction=(0.1, 0.05 mm), integ: 3, fluct: 1, linLossLim= 0.01
      ===== EM models for the G4Region  DefaultRegionForTheWorld ======
          BetheBloch : Emin=  300 MeV Emax=    1 GeV  deltaVI

proton_G4DNAElastic:  for proton SubType=51 BuildTable=0
      ===== EM models for the G4Region  DefaultRegionForTheWorld ======
  DNAIonElasticModel : Emin=    0 eV  Emax=    1 MeV
          DummyModel : Emin=    1 MeV Emax=    1 GeV
          StepLim=UseSafety Rfact=0.04 Gfact=2.5 Sfact=0.6 DispFlag:1 Skin=1 Llim=1 mm

proton_G4DNAExcitation:  for proton SubType=52 BuildTable=0
      ===== EM models for the G4Region  DefaultRegionForTheWorld ======
DNAMillerGreenExcitationModel : Emin=    0 eV  Emax=  500 keV
DNABornExcitationModel : Emin=  500 keV Emax=  100 MeV
DNARPWBAExcitationModel : Emin=  100 MeV Emax=  300 MeV
          DummyModel : Emin=  300 MeV Emax=    1 GeV
          StepLim=UseSafety Rfact=0.04 Gfact=2.5 Sfact=0.6 DispFlag:1 Skin=1 Llim=1 mm

proton_G4DNAIonisation:  for proton SubType=53 BuildTable=0
      ===== EM models for the G4Region  DefaultRegionForTheWorld ======
DNARuddIonisationExtendedModel : Emin=    0 eV  Emax=  500 keV  deltaRudd Fluo
DNABornIonisationModel : Emin=  500 keV Emax=  100 MeV  deltaBorn Fluo
DNARPWBAIonisationModel : Emin=  100 MeV Emax=  300 MeV  deltaBorn Fluo
          DummyModel : Emin=  300 MeV Emax=    1 GeV
          StepLim=UseSafety Rfact=0.04 Gfact=2.5 Sfact=0.6 DispFlag:1 Skin=1 Llim=1 mm

proton_G4DNAChargeDecrease:  for proton SubType=56 BuildTable=0
      ===== EM models for the G4Region  DefaultRegionForTheWorld ======
DNADingfelderChargeDecreaseModel : Emin=    0 eV  Emax=  100 MeV
          DummyModel : Emin=  100 MeV Emax=    1 GeV
          StepLim=UseSafety Rfact=0.04 Gfact=2.5 Sfact=0.6 DispFlag:1 Skin=1 Llim=1 mm

msc:  for GenericIon  SubType= 10
      ===== EM models for the G4Region  DefaultRegionForTheWorld ======
            UrbanMsc : Emin=    1 MeV Emax=    1 GeV
          StepLim=Minimal Rfact=0.2 Gfact=2.5 Sfact=0.6 DispFlag:0 Skin=3 Llim=1 mm

ionIoni:  for GenericIon  XStype:3  SubType=2
      dE/dx and range tables from 100 eV  to 1 GeV in 140 bins
      Lambda tables from threshold to 1 GeV, 20 bins/decade, spline: 1
      StepFunction=(0.1, 0.001 mm), integ: 3, fluct: 1, linLossLim= 0.02
      ===== EM models for the G4Region  DefaultRegionForTheWorld ======
          BetheBloch : Emin=  300 MeV Emax=    1 GeV  deltaVI

GenericIon_G4DNAIonisation:  for GenericIon SubType=53 BuildTable=0
      ===== EM models for the G4Region  DefaultRegionForTheWorld ======
DNAIonIonisationModel : Emin=    0 eV  Emax=  300 MeV
          DummyModel : Emin=  300 MeV Emax=    1 GeV
          StepLim=UseSafety Rfact=0.04 Gfact=2.5 Sfact=0.6 DispFlag:1 Skin=1 Llim=1 mm

nuclearStopping:  for GenericIon SubType=8 BuildTable=0
      ===== EM models for the G4Region  DefaultRegionForTheWorld ======
   ICRU49NucStopping : Emin=    0 eV  Emax=    1 MeV

msc:  for alpha  SubType= 10
      ===== EM models for the G4Region  DefaultRegionForTheWorld ======
            UrbanMsc : Emin=    1 MeV Emax=    1 GeV
          StepLim=Minimal Rfact=0.2 Gfact=2.5 Sfact=0.6 DispFlag:0 Skin=3 Llim=1 mm

ionIoni:  for alpha  XStype:3  SubType=2
      dE/dx and range tables from 100 eV  to 1 GeV in 140 bins
      Lambda tables from threshold to 1 GeV, 20 bins/decade, spline: 1
      StepFunction=(0.1, 0.02 mm), integ: 3, fluct: 1, linLossLim= 0.02
      ===== EM models for the G4Region  DefaultRegionForTheWorld ======
          BetheBloch : Emin=  300 MeV Emax=    1 GeV  deltaVI

alpha_G4DNAElastic:  for alpha SubType=51 BuildTable=0
      ===== EM models for the G4Region  DefaultRegionForTheWorld ======
  DNAIonElasticModel : Emin=    0 eV  Emax=    1 MeV
          DummyModel : Emin=    1 MeV Emax=    1 GeV
          StepLim=UseSafety Rfact=0.04 Gfact=2.5 Sfact=0.6 DispFlag:1 Skin=1 Llim=1 mm

alpha_G4DNAExcitation:  for alpha SubType=52 BuildTable=0
      ===== EM models for the G4Region  DefaultRegionForTheWorld ======
DNAMillerGreenExcitationModel : Emin=    0 eV  Emax=  300 MeV
          DummyModel : Emin=  300 MeV Emax=    1 GeV
          StepLim=UseSafety Rfact=0.04 Gfact=2.5 Sfact=0.6 DispFlag:1 Skin=1 Llim=1 mm

alpha_G4DNAIonisation:  for alpha SubType=53 BuildTable=0
      ===== EM models for the G4Region  DefaultRegionForTheWorld ======
DNARuddIonisationExtendedModel : Emin=    0 eV  Emax=  300 MeV  deltaRudd Fluo
          DummyModel : Emin=  300 MeV Emax=    1 GeV
          StepLim=UseSafety Rfact=0.04 Gfact=2.5 Sfact=0.6 DispFlag:1 Skin=1 Llim=1 mm

alpha_G4DNAChargeDecrease:  for alpha SubType=56 BuildTable=0
      ===== EM models for the G4Region  DefaultRegionForTheWorld ======
DNADingfelderChargeDecreaseModel : Emin=    0 eV  Emax=  300 MeV
          DummyModel : Emin=  300 MeV Emax=    1 GeV
          StepLim=UseSafety Rfact=0.04 Gfact=2.5 Sfact=0.6 DispFlag:1 Skin=1 Llim=1 mm

msc:  for alpha+  SubType= 10
      ===== EM models for the G4Region  DefaultRegionForTheWorld ======
            UrbanMsc : Emin=    1 MeV Emax=    1 GeV
          StepLim=Minimal Rfact=0.2 Gfact=2.5 Sfact=0.6 DispFlag:0 Skin=3 Llim=1 mm

hIoni:  for alpha+  XStype:3  SubType=2
      dE/dx and range tables from 100 eV  to 1 GeV in 140 bins
      Lambda tables from threshold to 1 GeV, 20 bins/decade, spline: 1
      StepFunction=(0.1, 0.05 mm), integ: 3, fluct: 1, linLossLim= 0.01
      ===== EM models for the G4Region  DefaultRegionForTheWorld ======
          BetheBloch : Emin=  300 MeV Emax=    1 GeV  deltaVI

alpha+_G4DNAElastic:  for alpha+ SubType=51 BuildTable=0
      ===== EM models for the G4Region  DefaultRegionForTheWorld ======
  DNAIonElasticModel : Emin=    0 eV  Emax=    1 MeV
          DummyModel : Emin=    1 MeV Emax=    1 GeV
          StepLim=UseSafety Rfact=0.04 Gfact=2.5 Sfact=0.6 DispFlag:1 Skin=1 Llim=1 mm

alpha+_G4DNAExcitation:  for alpha+ SubType=52 BuildTable=0
      ===== EM models for the G4Region  DefaultRegionForTheWorld ======
DNAMillerGreenExcitationModel : Emin=    0 eV  Emax=  300 MeV
          DummyModel : Emin=  300 MeV Emax=    1 GeV
          StepLim=UseSafety Rfact=0.04 Gfact=2.5 Sfact=0.6 DispFlag:1 Skin=1 Llim=1 mm

alpha+_G4DNAIonisation:  for alpha+ SubType=53 BuildTable=0
      ===== EM models for the G4Region  DefaultRegionForTheWorld ======
DNARuddIonisationExtendedModel : Emin=    0 eV  Emax=  300 MeV  deltaRudd Fluo
          DummyModel : Emin=  300 MeV Emax=    1 GeV
          StepLim=UseSafety Rfact=0.04 Gfact=2.5 Sfact=0.6 DispFlag:1 Skin=1 Llim=1 mm

alpha+_G4DNAChargeIncrease:  for alpha+ SubType=57 BuildTable=0
      ===== EM models for the G4Region  DefaultRegionForTheWorld ======
DNADingfelderChargeIncreaseModel : Emin=    0 eV  Emax=  300 MeV
          DummyModel : Emin=  300 MeV Emax=    1 GeV
          StepLim=UseSafety Rfact=0.04 Gfact=2.5 Sfact=0.6 DispFlag:1 Skin=1 Llim=1 mm

alpha+_G4DNAChargeDecrease:  for alpha+ SubType=56 BuildTable=0
      ===== EM models for the G4Region  DefaultRegionForTheWorld ======
DNADingfelderChargeDecreaseModel : Emin=    0 eV  Emax=  300 MeV
          DummyModel : Emin=  300 MeV Emax=    1 GeV
          StepLim=UseSafety Rfact=0.04 Gfact=2.5 Sfact=0.6 DispFlag:1 Skin=1 Llim=1 mm

msc:  for anti_proton  SubType= 10
      ===== EM models for the G4Region  DefaultRegionForTheWorld ======
        WentzelVIUni : Emin=    0 eV  Emax=    1 GeV
          StepLim=Minimal Rfact=0.2 Gfact=2.5 Sfact=0.6 DispFlag:0 Skin=3 Llim=1 mm

hIoni:  for anti_proton  XStype:3  SubType=2
      dE/dx and range tables from 100 eV  to 1 GeV in 140 bins
      Lambda tables from threshold to 1 GeV, 20 bins/decade, spline: 1
      StepFunction=(0.1, 0.05 mm), integ: 3, fluct: 1, linLossLim= 0.01
      ===== EM models for the G4Region  DefaultRegionForTheWorld ======
            ICRU73QO : Emin=    0 eV  Emax=    2 MeV  deltaVI
          BetheBloch : Emin=    2 MeV Emax=    1 GeV  deltaVI

helium_G4DNAElastic:  for helium SubType=51 BuildTable=0
      ===== EM models for the G4Region  DefaultRegionForTheWorld ======
  DNAIonElasticModel : Emin=    0 eV  Emax=    1 MeV
          DummyModel : Emin=    1 MeV Emax=    1 GeV
          StepLim=UseSafety Rfact=0.04 Gfact=2.5 Sfact=0.6 DispFlag:1 Skin=1 Llim=1 mm

helium_G4DNAExcitation:  for helium SubType=52 BuildTable=0
      ===== EM models for the G4Region  DefaultRegionForTheWorld ======
DNAMillerGreenExcitationModel : Emin=    0 eV  Emax=  300 MeV
          DummyModel : Emin=  300 MeV Emax=    1 GeV
          StepLim=UseSafety Rfact=0.04 Gfact=2.5 Sfact=0.6 DispFlag:1 Skin=1 Llim=1 mm

helium_G4DNAIonisation:  for helium SubType=53 BuildTable=0
      ===== EM models for the G4Region  DefaultRegionForTheWorld ======
DNARuddIonisationExtendedModel : Emin=    0 eV  Emax=  300 MeV  deltaRudd Fluo
          DummyModel : Emin=  300 MeV Emax=    1 GeV
          StepLim=UseSafety Rfact=0.04 Gfact=2.5 Sfact=0.6 DispFlag:1 Skin=1 Llim=1 mm

helium_G4DNAChargeIncrease:  for helium SubType=57 BuildTable=0
      ===== EM models for the G4Region  DefaultRegionForTheWorld ======
DNADingfelderChargeIncreaseModel : Emin=    0 eV  Emax=  300 MeV
          DummyModel : Emin=  300 MeV Emax=    1 GeV
          StepLim=UseSafety Rfact=0.04 Gfact=2.5 Sfact=0.6 DispFlag:1 Skin=1 Llim=1 mm

hydrogen_G4DNAElastic:  for hydrogen SubType=51 BuildTable=0
      ===== EM models for the G4Region  DefaultRegionForTheWorld ======
  DNAIonElasticModel : Emin=    0 eV  Emax=    1 MeV
          DummyModel : Emin=    1 MeV Emax=    1 GeV
          StepLim=UseSafety Rfact=0.04 Gfact=2.5 Sfact=0.6 DispFlag:1 Skin=1 Llim=1 mm

hydrogen_G4DNAExcitation:  for hydrogen SubType=52 BuildTable=0
      ===== EM models for the G4Region  DefaultRegionForTheWorld ======
DNAMillerGreenExcitationModel : Emin=    0 eV  Emax=  500 keV
          DummyModel : Emin=  500 keV Emax=    1 GeV
          StepLim=UseSafety Rfact=0.04 Gfact=2.5 Sfact=0.6 DispFlag:1 Skin=1 Llim=1 mm

hydrogen_G4DNAIonisation:  for hydrogen SubType=53 BuildTable=0
      ===== EM models for the G4Region  DefaultRegionForTheWorld ======
DNARuddIonisationExtendedModel : Emin=    0 eV  Emax=  100 MeV  deltaRudd Fluo
          DummyModel : Emin=  100 MeV Emax=    1 GeV
          StepLim=UseSafety Rfact=0.04 Gfact=2.5 Sfact=0.6 DispFlag:1 Skin=1 Llim=1 mm

hydrogen_G4DNAChargeIncrease:  for hydrogen SubType=57 BuildTable=0
      ===== EM models for the G4Region  DefaultRegionForTheWorld ======
DNADingfelderChargeIncreaseModel : Emin=    0 eV  Emax=  100 MeV
          DummyModel : Emin=  100 MeV Emax=    1 GeV
          StepLim=UseSafety Rfact=0.04 Gfact=2.5 Sfact=0.6 DispFlag:1 Skin=1 Llim=1 mm

msc:  for kaon+  SubType= 10
      ===== EM models for the G4Region  DefaultRegionForTheWorld ======
        WentzelVIUni : Emin=    0 eV  Emax=    1 GeV
          StepLim=Minimal Rfact=0.2 Gfact=2.5 Sfact=0.6 DispFlag:0 Skin=3 Llim=1 mm

hIoni:  for kaon+  XStype:3  SubType=2
      dE/dx and range tables from 100 eV  to 1 GeV in 140 bins
      Lambda tables from threshold to 1 GeV, 20 bins/decade, spline: 1
      StepFunction=(0.1, 0.05 mm), integ: 3, fluct: 1, linLossLim= 0.01
      ===== EM models for the G4Region  DefaultRegionForTheWorld ======
               Bragg : Emin=    0 eV  Emax=1.05231 MeV  deltaVI
          BetheBloch : Emin=1.05231 MeV Emax=    1 GeV  deltaVI

msc:  for kaon-  SubType= 10
      ===== EM models for the G4Region  DefaultRegionForTheWorld ======
        WentzelVIUni : Emin=    0 eV  Emax=    1 GeV
          StepLim=Minimal Rfact=0.2 Gfact=2.5 Sfact=0.6 DispFlag:0 Skin=3 Llim=1 mm

hIoni:  for kaon-  XStype:3  SubType=2
      dE/dx and range tables from 100 eV  to 1 GeV in 140 bins
      Lambda tables from threshold to 1 GeV, 20 bins/decade, spline: 1
      StepFunction=(0.1, 0.05 mm), integ: 3, fluct: 1, linLossLim= 0.01
      ===== EM models for the G4Region  DefaultRegionForTheWorld ======
            ICRU73QO : Emin=    0 eV  Emax=1.05231 MeV  deltaVI
          BetheBloch : Emin=1.05231 MeV Emax=    1 GeV  deltaVI

msc:  for mu+  SubType= 10
      ===== EM models for the G4Region  DefaultRegionForTheWorld ======
        WentzelVIUni : Emin=    0 eV  Emax=    1 GeV
          StepLim=Minimal Rfact=0.2 Gfact=2.5 Sfact=0.6 DispFlag:0 Skin=3 Llim=1 mm

hIoni:  for mu+  XStype:3  SubType=2
      dE/dx and range tables from 100 eV  to 1 GeV in 140 bins
      Lambda tables from threshold to 1 GeV, 20 bins/decade, spline: 1
      StepFunction=(0.1, 0.05 mm), integ: 3, fluct: 1, linLossLim= 0.01
      ===== EM models for the G4Region  DefaultRegionForTheWorld ======
               Bragg : Emin=    0 eV  Emax=225.219 keV  deltaVI
          BetheBloch : Emin=225.219 keV Emax=    1 GeV  deltaVI

msc:  for mu-  SubType= 10
      ===== EM models for the G4Region  DefaultRegionForTheWorld ======
        WentzelVIUni : Emin=    0 eV  Emax=    1 GeV
          StepLim=Minimal Rfact=0.2 Gfact=2.5 Sfact=0.6 DispFlag:0 Skin=3 Llim=1 mm

hIoni:  for mu-  XStype:3  SubType=2
      dE/dx and range tables from 100 eV  to 1 GeV in 140 bins
      Lambda tables from threshold to 1 GeV, 20 bins/decade, spline: 1
      StepFunction=(0.1, 0.05 mm), integ: 3, fluct: 1, linLossLim= 0.01
      ===== EM models for the G4Region  DefaultRegionForTheWorld ======
            ICRU73QO : Emin=    0 eV  Emax=225.219 keV  deltaVI
          BetheBloch : Emin=225.219 keV Emax=    1 GeV  deltaVI

msc:  for pi+  SubType= 10
      ===== EM models for the G4Region  DefaultRegionForTheWorld ======
        WentzelVIUni : Emin=    0 eV  Emax=    1 GeV
          StepLim=Minimal Rfact=0.2 Gfact=2.5 Sfact=0.6 DispFlag:0 Skin=3 Llim=1 mm

hIoni:  for pi+  XStype:3  SubType=2
      dE/dx and range tables from 100 eV  to 1 GeV in 140 bins
      Lambda tables from threshold to 1 GeV, 20 bins/decade, spline: 1
      StepFunction=(0.1, 0.05 mm), integ: 3, fluct: 1, linLossLim= 0.01
      ===== EM models for the G4Region  DefaultRegionForTheWorld ======
               Bragg : Emin=    0 eV  Emax=297.505 keV  deltaVI
          BetheBloch : Emin=297.505 keV Emax=    1 GeV  deltaVI

msc:  for pi-  SubType= 10
      ===== EM models for the G4Region  DefaultRegionForTheWorld ======
        WentzelVIUni : Emin=    0 eV  Emax=    1 GeV
          StepLim=Minimal Rfact=0.2 Gfact=2.5 Sfact=0.6 DispFlag:0 Skin=3 Llim=1 mm

hIoni:  for pi-  XStype:3  SubType=2
      dE/dx and range tables from 100 eV  to 1 GeV in 140 bins
      Lambda tables from threshold to 1 GeV, 20 bins/decade, spline: 1
      StepFunction=(0.1, 0.05 mm), integ: 3, fluct: 1, linLossLim= 0.01
      ===== EM models for the G4Region  DefaultRegionForTheWorld ======
            ICRU73QO : Emin=    0 eV  Emax=297.505 keV  deltaVI
          BetheBloch : Emin=297.505 keV Emax=    1 GeV  deltaVI

Region <DefaultRegionForTheWorld> --  -- appears in <World> world volume
 This region is in the mass world.
 Root logical volume(s) : World 
 Pointers : G4VUserRegionInformation[0], G4UserLimits[0], G4FastSimulationManager[0], G4UserSteppingAction[0]
 Materials : G4_WATER 
 Production cuts :   gamma 1 um      e- 1 um      e+ 1 um  proton 1 um 

Region <DefaultRegionForParallelWorld> --  -- is not associated to any world.
 Root logical volume(s) : 
 Pointers : G4VUserRegionInformation[0], G4UserLimits[0], G4FastSimulationManager[0], G4UserSteppingAction[0]
 Materials : 
 Production cuts :   gamma 1 um      e- 1 um      e+ 1 um  proton 1 um 

========= Table of registered couples ============================

Index : 0     used in the geometry : Yes
 Material : G4_WATER
 Range cuts        :  gamma  1 um     e-  1 um     e+  1 um  proton 1 um 
 Energy thresholds :  gamma  100 eV     e-  242.143 eV     e+  239.346 eV  proton 100 eV 
 Region(s) which use this couple : 
    DefaultRegionForTheWorld

==================================================================

Start closing geometry.
--------------------------------------------------------------------------------
G4VoxelisationHelper::ReportVoxelStats -- Voxel Statistics

    Total memory consumed for geometry optimisation:   85604 kByte
    Total CPU time elapsed for geometry optimisation: 13.31 seconds

    Voxelisation: top CPU users:
    Percent   Total CPU    System CPU       Memory  Volume
    -------   ----------   ----------     --------  ----------
      99.85        13.29         0.08        85604k World

    Voxelisation: top memory users:
    Percent     Memory      Heads    Nodes   Pointers    Total CPU    Volume
    -------   --------     ------   ------   --------   ----------    ----------
     100.00      85604k     38029   108047    9966820        13.29    World
--------------------------------------------------------------------------------

### Run 0 starts.
 Run terminated.
Run Summary
  Number of events processed : 100
  User=38.720000s Real=39.305917s Sys=0.010000s

- Summary --------------------------------------------------

  Total absorbed dose per primary (Gy)  = 315641

------------------------------------------------------------
G4 kernel has come to Quit state.
Deleting G4Run (id:0) 
UserDetectorConstruction deleted 0x1d677d0
UserPhysicsList deleted 0x1916a30
UserActionInitialization deleted 0x1d704b0
UserWorkerInitialization deleted 0
UserWorkerThreadInitialization deleted 0
UserRunAction deleted.
UserPrimaryGenerator deleted.
RunManager is deleting RunManagerKernel.
G4SDManager deleted.
EventManager deleted.
Units table cleared.
TransportationManager deleted.
Total navigation history collections cleaned: 62
G4RNGHelper object is deleted.
================== Deleting memory pools ===================
Pool ID '20G4NavigationLevelRep', size : 0.099 MB
Pool ID '24G4ReferenceCountedHandleIvE', size : 0.000961 MB
Pool ID '7G4Event', size : 0.000961 MB
Pool ID '15G4PrimaryVertex', size : 0.000961 MB
Pool ID '17G4PrimaryParticle', size : 0.000961 MB
Pool ID '17G4DynamicParticle', size : 0.179 MB
Pool ID '7G4Track', size : 0.358 MB
Pool ID '18G4TouchableHistory', size : 0.00769 MB
Pool ID '15G4CountedObjectIvE', size : 0.000961 MB
Number of memory pools allocated: 9 of which, static: 0
Dynamic pools deleted: 9 / Total memory freed: 0.65 MB
============================================================
G4Allocator objects are deleted.
UImanager deleted.
StateManager deleted.
RunManagerKernel is deleted. Good bye :)
RunManager is deleted.
