
        ############################################
        !!! WARNING - FPE detection is activated !!!
        ############################################

*************************************************************
 Geant4 version Name: geant4-09-04-patch-04    (13-April-2012)
                      Copyright : Geant4 Collaboration
                      Reference : NIM A 506 (2003), 250-303
                            WWW : http://cern.ch/geant4
*************************************************************


***** Table : Nb of materials = 11 *****

 Material:      Air     density:  1.205 mg/cm3  RadL: 303.867 m    Nucl.Int.Length: 710.134 m    Imean:  85.669 eV   temperature: 293.00 K  pressure:   1.00 atm
   --->  Element: Carbon (C)   Z =  6.0   N =  12.0   A =  12.01 g/mole  ElmMassFraction:   0.01 %  ElmAbundance   0.02 %
   --->  Element: Nitrogen (N)   Z =  7.0   N =  14.0   A =  14.01 g/mole  ElmMassFraction:  75.53 %  ElmAbundance  78.44 %
   --->  Element: Oxygen (O)   Z =  8.0   N =  16.0   A =  16.00 g/mole  ElmMassFraction:  23.18 %  ElmAbundance  21.07 %
   --->  Element: Argon (Ar)   Z = 18.0   N =  39.9   A =  39.95 g/mole  ElmMassFraction:   1.28 %  ElmAbundance   0.47 %

 Material: Titanium     density:  4.420 g/cm3   RadL:   3.727 cm   Nucl.Int.Length:  28.367 cm   Imean: 228.544 eV 
   --->  Element: Titanium (Ti)   Z = 22.0   N =  47.9   A =  47.87 g/mole  ElmMassFraction:  90.00 %  ElmAbundance  86.20 %
   --->  Element: Aluminium (Al)   Z = 13.0   N =  27.0   A =  26.98 g/mole  ElmMassFraction:   6.00 %  ElmAbundance  10.20 %
   --->  Element: Vanadium (Va)   Z = 23.0   N =  50.9   A =  50.94 g/mole  ElmMassFraction:   4.00 %  ElmAbundance   3.60 %

 Material:    Mylar     density:  1.400 g/cm3   RadL:  28.536 cm   Nucl.Int.Length:  55.984 cm   Imean:  75.967 eV 
   --->  Element: Hydrogen (H)   Z =  1.0   N =   1.0   A =   1.01 g/mole  ElmMassFraction:   4.20 %  ElmAbundance  36.36 %
   --->  Element: Carbon (C)   Z =  6.0   N =  12.0   A =  12.01 g/mole  ElmMassFraction:  62.50 %  ElmAbundance  45.45 %
   --->  Element: Oxygen (O)   Z =  8.0   N =  16.0   A =  16.00 g/mole  ElmMassFraction:  33.30 %  ElmAbundance  18.18 %

 Material:   Helium     density:  0.166 kg/m3   RadL:   5.682 km   Nucl.Int.Length:   3.349 km   Imean:  41.800 eV   temperature: 293.00 K  pressure:   1.00 atm
   --->  Element: Helium (He)   Z =  2.0   N =   4.0   A =   4.00 g/mole  ElmMassFraction: 100.00 %  ElmAbundance 100.00 %

 Material: Aluminium     density:  2.700 g/cm3   RadL:   8.893 cm   Nucl.Int.Length:  38.862 cm   Imean: 166.000 eV 
   --->  Element: Aluminium (Al)   Z = 13.0   N =  27.0   A =  26.98 g/mole  ElmMassFraction: 100.00 %  ElmAbundance 100.00 %

 Material: Beryllium     density:  1.850 g/cm3   RadL:  35.666 cm   Nucl.Int.Length:  39.886 cm   Imean:  63.700 eV 
   --->  Element: Beryllium (Be)   Z =  4.0   N =   9.1   A =   9.12 g/mole  ElmMassFraction: 100.00 %  ElmAbundance 100.00 %

 Material: Graphite     density:  2.180 g/cm3   RadL:  19.586 cm   Nucl.Int.Length:  36.790 cm   Imean:  81.000 eV 
   --->  Element: Carbon (C)   Z =  6.0   N =  12.0   A =  12.01 g/mole  ElmMassFraction: 100.00 %  ElmAbundance 100.00 %

 Material:   Copper     density:  8.920 g/cm3   RadL:   1.442 cm   Nucl.Int.Length:  15.584 cm   Imean: 322.000 eV 
   --->  Element: Copper (Cu)   Z = 29.0   N =  63.5   A =  63.55 g/mole  ElmMassFraction: 100.00 %  ElmAbundance 100.00 %

 Material: Tantalum     density: 16.650 g/cm3   RadL:   4.095 mm   Nucl.Int.Length:  11.887 cm   Imean: 718.000 eV 
   --->  Element: Tantalum (Ta)   Z = 73.0   N = 180.9   A = 180.95 g/mole  ElmMassFraction: 100.00 %  ElmAbundance 100.00 %

 Material:     Gold     density: 19.300 g/cm3   RadL:   3.348 mm   Nucl.Int.Length:  10.550 cm   Imean: 790.000 eV 
   --->  Element: Gold (Au)   Z = 79.0   N = 197.0   A = 196.97 g/mole  ElmMassFraction: 100.00 %  ElmAbundance 100.00 %

 Material: Galactic     density:  0.000 kg/m3   RadL: 204727512.315 pc   Nucl.Int.Length: 114561548.020 pc   Imean:  19.200 eV   temperature:   2.73 K  pressure:   0.00 atm
   --->  Element: Galactic ( )   Z =  1.0   N =   1.0   A =   1.01 g/mole  ElmMassFraction: 100.00 %  ElmAbundance 100.00 %


/run/verbose 2
#
# no scatter foil
#
#
/testem/phys/addPhysics emstandard_opt0
PhysicsList::AddPhysicsList: <emstandard_opt0>
/testem/phys/setCut 1 mm
#
/run/initialize
userDetector->Construct() start.

 	 	Material 	Z_front 	Thickness 

  ExitWindow 	Titanium	0.000000 fm 	41.200000 um 
  MonitorChbr 	Mylar		5.000000 cm 	112.700000 um 
  BagWindow1 	Mylar		6.497500 cm 	25.000000 um 
  Gas       	Helium		6.500000 cm 	1.100000 m  
  BagWindow2 	Mylar		1.165000 m  	25.000000 um 
  ScoringPlane 	Air		1.182000 m  

World is registered to the default region.
physicsList->Construct() start.
physicsList->Construct() start.
physicsList->CheckParticleList() start.
physicsList->setCut() start.
PhysicsList::SetCuts:CutLength : 1 mm 
#
/gun/particle e-
/gun/energy 13 MeV
#
/testem/gun/rndm 420. um
#
/testem/histo/setFileName results/nofoil/opt0
/testem/histo/setFileType hbook
/testem/histo/setHisto 1 180 -90. 90. deg
----> SetHisto 1: projected angle at exit (deg);  180 bins from -90 deg to 90 deg
/testem/histo/setHisto 2 120 0. 24. cm
----> SetHisto 2: dN/dS = f(r) at exit (cm);  120 bins from 0 cm to 24 cm
/testem/histo/setHisto 3 120 0. 24. cm
----> SetHisto 3: d(N/cost)/dS = f(r) at exit (cm);  120 bins from 0 cm to 24 cm
/testem/histo/setHisto 4 120 0. 24. cm
----> SetHisto 4: normalized d(N/cost)/dS = f(r) at exit (cm);  120 bins from 0 cm to 24 cm
#
/testem/event/printModulo 10000
#
/run/beamOn 100000

Region <DefaultRegionForTheWorld> -- appears in <World> world volume
 Root logical volume(s) : World 
 Pointers : G4VUserRegionInformation[0], G4UserLimits[0], G4FastSimulationManager[0], G4UserSteppingAction[0]
 Materials : Galactic Air Titanium Mylar Helium Aluminium 
 Production cuts :   gamma 1 mm      e- 1 mm      e+ 1 mm  proton 0 fm 

========= Table of registered couples ==============================

Index : 0     used in the geometry : Yes     recalculation needed : No 
 Material : Galactic
 Range cuts        :  gamma  1 mm     e-  1 mm     e+  1 mm  proton 0 fm 
 Energy thresholds :  gamma  990 eV     e-  990 eV     e+  990 eV  proton 0 eV 
 Region(s) which use this couple : 
    DefaultRegionForTheWorld

Index : 1     used in the geometry : Yes     recalculation needed : No 
 Material : Air
 Range cuts        :  gamma  1 mm     e-  1 mm     e+  1 mm  proton 0 fm 
 Energy thresholds :  gamma  990 eV     e-  990 eV     e+  990 eV  proton 0 eV 
 Region(s) which use this couple : 
    DefaultRegionForTheWorld

Index : 2     used in the geometry : Yes     recalculation needed : No 
 Material : Titanium
 Range cuts        :  gamma  1 mm     e-  1 mm     e+  1 mm  proton 0 fm 
 Energy thresholds :  gamma  12.8972 keV    e-  809.624 keV    e+  767.248 keV proton 0 eV 
 Region(s) which use this couple : 
    DefaultRegionForTheWorld

Index : 3     used in the geometry : Yes     recalculation needed : No 
 Material : Mylar
 Range cuts        :  gamma  1 mm     e-  1 mm     e+  1 mm  proton 0 fm 
 Energy thresholds :  gamma  3.02067 keV    e-  419.056 keV    e+  405.209 keV proton 0 eV 
 Region(s) which use this couple : 
    DefaultRegionForTheWorld

Index : 4     used in the geometry : Yes     recalculation needed : No 
 Material : Helium
 Range cuts        :  gamma  1 mm     e-  1 mm     e+  1 mm  proton 0 fm 
 Energy thresholds :  gamma  990 eV     e-  990 eV     e+  990 eV  proton 0 eV 
 Region(s) which use this couple : 
    DefaultRegionForTheWorld

Index : 5     used in the geometry : Yes     recalculation needed : No 
 Material : Aluminium
 Range cuts        :  gamma  1 mm     e-  1 mm     e+  1 mm  proton 0 fm 
 Energy thresholds :  gamma  6.90363 keV    e-  598.345 keV    e+  570.85 keV proton 0 eV 
 Region(s) which use this couple : 
    DefaultRegionForTheWorld

====================================================================

Start closing geometry.
G4GeometryManager::ReportVoxelStats -- Voxel Statistics

    Total memory consumed for geometry optimisation:   0 kByte
    Total CPU time elapsed for geometry optimisation: 0 seconds

    Voxelisation: top CPU users:
    Percent   Total CPU    System CPU       Memory  Volume
    -------   ----------   ----------     --------  ----------
       0.00         0.00         0.00            0k Frame
       0.00         0.00         0.00            0k Gas

    Voxelisation: top memory users:
    Percent     Memory      Heads    Nodes   Pointers    Total CPU    Volume
    -------   --------     ------   ------   --------   ----------    ----------
      55.71          0k         2        2          9         0.00    Frame
      44.29          0k         1        3          4         0.00    Gas
### Run 0 start.

--------- Ranecu engine status ---------
 Initial seed (index) = 0
 Current couple of seeds = 9876, 54321
----------------------------------------
Start Run processing.

---> Begin of Event: 0

---> Begin of Event: 10000

---> Begin of Event: 20000

---> Begin of Event: 30000

---> Begin of Event: 40000

---> Begin of Event: 50000

---> Begin of Event: 60000

---> Begin of Event: 70000

---> Begin of Event: 80000

---> Begin of Event: 90000
Run terminated.
Run Summary
  Number of events processed : 100000
  User=12.81s Real=15.15s Sys=2.26s

 ======================== run summary ======================

 The run was 100000 e- of 13 MeV through 0 fm  of Air (density: 1.21 mg/cm3)

--------- Ranecu engine status ---------
 Initial seed (index) = 0
 Current couple of seeds = 440555934, 802466101
----------------------------------------
UserDetectorConstruction deleted.
UserPhysicsList deleted.
UserRunAction deleted.
UserPrimaryGenerator deleted.
G4 kernel has come to Quit state.
EventManager deleted.
UImanager deleted.
Units table cleared.
StateManager deleted.
RunManagerKernel is deleted.
RunManager is deleting.

