
        ############################################
        !!! WARNING - FPE detection is activated !!!
        ############################################

*************************************************************
 Geant4 version Name: geant4-09-04-ref-05    (27-May-2011)
                      Copyright : Geant4 Collaboration
                      Reference : NIM A 506 (2003), 250-303
                            WWW : http://cern.ch/geant4
*************************************************************

===============================================================================
Geant4 eRosita example - based on a simplified version of eROSITA simulation
Further details can be found in:
M.G. Pia et al., 'PIXE Simulation With Geant4', IEEE Trans. Nucl. Sci., vol. 56, no. 6, pp. 3614-3649, 2009
N. Meidinger et al., 'Development of the focal plane PNCCD camera system for the X-ray space telescope eROSITA', 
NIM A 624, 321-329, 2010
===============================================================================

===============================================================================
 The use of G4LowEnergyIonisation, G4LowEnergyBremsstrahlung, 
G4LowEnergyPhotoElectric, G4LowEnergyCompton, G4LowEnergyGammaConversion
in this example is intentional. These classes will be replaced by other classes
appropriate to the problem domain in a forthcoming Geant4 version
===============================================================================

The materials defined are : 


***** Table : Nb of materials = 3 *****

 Material:   Copper     density:  8.920 g/cm3   RadL:   1.442 cm   Nucl.Int.Length:  15.585 cm   Imean: 322.000 eV 
   --->  Element: Copper ( )   Z = 29.0   N =  63.5   A =  63.55 g/mole  ElmMassFraction: 100.00 %  ElmAbundance 100.00 %

 Material:  Silicon     density:  2.330 g/cm3   RadL:   9.368 cm   Nucl.Int.Length:  45.761 cm   Imean: 173.000 eV 
   --->  Element: Silicon ( )   Z = 14.0   N =  28.1   A =  28.09 g/mole  ElmMassFraction: 100.00 %  ElmAbundance 100.00 %

 Material: Galactic     density:  0.000 kg/m3   RadL: 204727512.315 pc   Nucl.Int.Length: 114561548.020 pc   Imean:  19.200 eV   temperature:   2.73 K  pressure:   0.00 atm
   --->  Element: Galactic ( )   Z =  1.0   N =   1.0   A =   1.01 g/mole  ElmMassFraction: 100.00 %  ElmAbundance 100.00 %



*******************************************************************************
*******************************************************************************
   The class G4LowEnergyIonisation is NOT SUPPORTED ANYMORE. 
   It will be REMOVED with the next major release of Geant4. 
   Please consult: https://twiki.cern.ch/twiki/bin/view/Geant4/LoweProcesses
*******************************************************************************
*******************************************************************************


*******************************************************************************
*******************************************************************************
   The class G4LowEnergyBremsstrahlung is NOT SUPPORTED ANYMORE. 
   It will be REMOVED with the next major release of Geant4. 
   Please consult: https://twiki.cern.ch/twiki/bin/view/Geant4/LoweProcesses
*******************************************************************************
*******************************************************************************


*******************************************************************************
*******************************************************************************
   The class G4LowEnergyPhotoElectric is NOT SUPPORTED ANYMORE. 
   It will be REMOVED with the next major release of Geant4. 
   Please consult: https://twiki.cern.ch/twiki/bin/view/Geant4/LoweProcesses
*******************************************************************************
*******************************************************************************


*******************************************************************************
*******************************************************************************
   The class G4LowEnergyCompton is NOT SUPPORTED ANYMORE. 
   It will be REMOVED with the next major release of Geant4. 
   Please consult: https://twiki.cern.ch/twiki/bin/view/Geant4/LoweProcesses
*******************************************************************************
*******************************************************************************


*******************************************************************************
*******************************************************************************
   The class G4LowEnergyGammaConversion is NOT SUPPORTED ANYMORE. 
   It will be REMOVED with the next major release of Geant4. 
   Please consult: https://twiki.cern.ch/twiki/bin/view/Geant4/LoweProcesses
*******************************************************************************
*******************************************************************************


*******************************************************************************
*******************************************************************************
   The class G4LowEnergyRayleigh is NOT SUPPORTED ANYMORE. 
   It will be REMOVED with the next major release of Geant4. 
   Please consult: https://twiki.cern.ch/twiki/bin/view/Geant4/LoweProcesses
*******************************************************************************
*******************************************************************************


msc:   for e-    SubType= 10
      Lambda tables from 100 eV  to 10 TeV in 77 bins, spline: 1
      RangeFactor= 0.04, stepLimitType: 1, latDisplacement: 1
      ===== EM models for the G4Region  DefaultRegionForTheWorld ======
          UrbanMsc93 :   Emin=        0 eV       Emax=         10 TeV

LowEnergyIoni:  Total cross sections from EEDL database.
      Gamma energy sampled from a parametrised formula.
      Implementation of the continuous dE/dx part.
      At present it can be used for electrons in the energy range [250eV,100GeV].
      The process must work with G4LowEnergyBremsstrahlung.

LowEnBrem:  Total cross sections from EEDL database.
      Gamma energy sampled from a parameterised formula.
      Implementation of the continuous dE/dx part.
      At present it can be used for electrons in the energy range [250eV,100GeV].
      The process must work with G4LowEnergyIonisation.

eIoni:   for  e+    SubType= 2
      dE/dx and range tables from 100 eV  to 10 TeV in 77 bins
      Lambda tables from threshold to 10 TeV in 77 bins, spline: 1
      finalRange(mm)= 1, dRoverRange= 0.2, integral: 1, fluct: 1, linLossLimit= 0.01
      ===== EM models for the G4Region  DefaultRegionForTheWorld ======
        MollerBhabha :   Emin=        0 eV       Emax=         10 TeV

eBrem:   for  e+    SubType= 3
      dE/dx and range tables from 100 eV  to 10 TeV in 77 bins
      Lambda tables from threshold to 10 TeV in 77 bins, spline: 1
      LPM flag: 1 for E > 0.1 GeV
      ===== EM models for the G4Region  DefaultRegionForTheWorld ======
               eBrem :   Emin=        0 eV       Emax=        100 MeV  AngularGenUrban
            eBremLPM :   Emin=      100 MeV      Emax=         10 TeV  AngularGenUrban

annihil:   for  e+    SubType= 5
      ===== EM models for the G4Region  DefaultRegionForTheWorld ======
            eplus2gg :   Emin=        0 eV       Emax=         10 TeV

msc:   for proton    SubType= 10
      Lambda tables from 100 eV  to 10 TeV in 77 bins, spline: 1
      RangeFactor= 0.2, stepLimitType: 0, latDisplacement: 1
      ===== EM models for the G4Region  DefaultRegionForTheWorld ======
          UrbanMsc90 :   Emin=        0 eV       Emax=         10 TeV

hImpactIoni:    Knock-on electron cross sections . 
        Good description above the mean excitation energy.
        Delta ray energy sampled from  differential Xsection.
        PhysicsTables from 10 eV  to 0.1 TeV  in 360 bins.
        Electronic stopping power model is  ICRU_R49p
        from 1 keV  to 2 MeV .

        Parametrisation model for antiprotons is  ICRU_R49p
        from 25 keV  to 2 MeV .
        Parametrization of the Barkas effect is switched on.
        Nuclear stopping power model is ICRU_R49

hIoni:   for  anti_proton    SubType= 2
      dE/dx and range tables from 100 eV  to 10 TeV in 77 bins
      Lambda tables from threshold to 10 TeV in 77 bins, spline: 1
      finalRange(mm)= 0.1, dRoverRange= 0.2, integral: 1, fluct: 1, linLossLimit= 0.01
      ===== EM models for the G4Region  DefaultRegionForTheWorld ======
            ICRU73QO :   Emin=        0 eV       Emax=          2 MeV
          BetheBloch :   Emin=        2 MeV      Emax=         10 TeV

========= Table of registered couples ==============================

Index : 0     used in the geometry : Yes     recalculation needed : No 
 Material : Galactic
 Range cuts        :  gamma  1 um     e-  1 um     e+  1 um  proton 1 um 
 Energy thresholds :  gamma  250 eV     e-  250 eV     e+  250 eV  proton 100 eV 
 Region(s) which use this couple : 
    DefaultRegionForTheWorld

Index : 1     used in the geometry : Yes     recalculation needed : No 
 Material : Copper
 Range cuts        :  gamma  1 um     e-  1 um     e+  1 um  proton 1 um 
 Energy thresholds :  gamma  250 eV     e-  6.79154 keV    e+  6.59324 keV proton 100 eV 
 Region(s) which use this couple : 
    DefaultRegionForTheWorld

Index : 2     used in the geometry : Yes     recalculation needed : No 
 Material : Silicon
 Range cuts        :  gamma  1 um     e-  1 um     e+  1 um  proton 1 um 
 Energy thresholds :  gamma  250 eV     e-  858.354 eV     e+  842.18 eV  proton 100 eV 
 Region(s) which use this couple : 
    DefaultRegionForTheWorld

====================================================================

--- Run 0 start.
---- eRosita event counter: 100
---- eRosita event counter: 200
---- eRosita event counter: 300
---- eRosita event counter: 400
---- eRosita event counter: 500
---- eRosita event counter: 600
---- eRosita event counter: 700
---- eRosita event counter: 800
---- eRosita event counter: 900
---- eRosita event counter: 1000
--- Run 00 ends (Number of events = 1000).
  User=20.28s Real=20.31s Sys=0s

