0.0830964
0.0883819
0.053096
0.0755275
0.0627224
0.0980893
0.0575166
0.0805331
0.0779987
0.0735015
0.0968243
0.0736342
0.00252187
0.0624823
0.00597738
0.0989788
0.0502061
0.0461603
0.0660617
0.0640981
0.0581482
0.10329
0.0415333
0.0732444
0.0469436
0.0830888
0.144989
0.100607
0.100274
0.138546
0.0686158
0.0297888
0.069119
0.00118105
0.108283
0.0245092
0.0605265
0.082284
0.0667456
0.0263688
0.0792581
0.0829509
0.0739482
0.0815875
0.0513099
0.0692553
0.0967222
0.0789805
0.047963
0.076265
0.0556749
0.0917055
