 PiF: Zero Step Threshold set to 0.0001 mm.
 PiF:   Value of kCarTolerance = 1e-09 mm. 

*************************************************************
 Geant4 version Name: geant4-09-04-ref-10    (4-November-2011)
                      Copyright : Geant4 Collaboration
                      Reference : NIM A 506 (2003), 250-303
                            WWW : http://cern.ch/geant4
*************************************************************

Visualization Manager instantiating with verbosity "warnings (3)"...
Visualization Manager initialising...
Registering graphics systems...

You have successfully registered the following graphics systems.
Current available graphics systems are:
  ASCIITree (ATree)
  DAWNFILE (DAWNFILE)
  G4HepRep (HepRepXML)
  G4HepRepFile (HepRepFile)
  RayTracer (RayTracer)
  VRML1FILE (VRML1FILE)
  VRML2FILE (VRML2FILE)
  gMocrenFile (gMocrenFile)
  OpenGLStoredX (OGL)
  OpenGLImmediateX (OGLI)
  OpenGLStoredX (OGLS)
  OpenGLImmediateX (OGLIX)
  OpenGLStoredX (OGLSX)
  OpenGLImmediateXm (OGLIXm)
  OpenGLStoredXm (OGLSXm)

Registering model factories...

You have successfully registered the following model factories.
Registered model factories:
  generic
  drawByCharge
  drawByParticleID
  drawByOriginVolume
  drawByAttribute

Registered filter factories:
  chargeFilter
  particleFilter
  originVolumeFilter
  attributeFilter

G4Cerenkov::G4Cerenkov constructor
NOTE: this is now a G4VProcess!
Required change in UserPhysicsList: 
change: pmanager->AddContinuousProcess(theCerenkovProcess);
to:     pmanager->AddProcess(theCerenkovProcess);
        pmanager->SetProcessOrdering(theCerenkovProcess,idxPostStep);

phot:   for  gamma    SubType= 12
      ===== EM models for the G4Region  DefaultRegionForTheWorld ======
       PhotoElectric :  Emin=        0 eV    Emax=       10 TeV

compt:   for  gamma    SubType= 13
      Lambda tables from 100 eV  to 10 TeV in 77 bins, spline: 1
      ===== EM models for the G4Region  DefaultRegionForTheWorld ======
       Klein-Nishina :  Emin=        0 eV    Emax=       10 TeV

conv:   for  gamma    SubType= 14
      Lambda tables from 1.022 MeV to 10 TeV in 77 bins, spline: 1
      ===== EM models for the G4Region  DefaultRegionForTheWorld ======
        BetheHeitler :  Emin=        0 eV    Emax=       10 TeV

msc:   for e-    SubType= 10
      Lambda tables from 100 eV  to 10 TeV in 77 bins, spline: 1
      RangeFactor= 0.04, stepLimitType: 1, latDisplacement: 1
      ===== EM models for the G4Region  DefaultRegionForTheWorld ======
          UrbanMsc95 :  Emin=        0 eV    Emax=       10 TeV

eIoni:   for  e-    SubType= 2
      dE/dx and range tables from 100 eV  to 10 TeV in 77 bins
      Lambda tables from threshold to 10 TeV in 77 bins, spline: 1
      finalRange(mm)= 1, dRoverRange= 0.2, integral: 1, fluct: 1, linLossLimit= 0.01
      ===== EM models for the G4Region  DefaultRegionForTheWorld ======
        MollerBhabha :  Emin=        0 eV    Emax=       10 TeV

eBrem:   for  e-    SubType= 3
      dE/dx and range tables from 100 eV  to 10 TeV in 77 bins
      Lambda tables from threshold to 10 TeV in 77 bins, spline: 1
      LPM flag: 1 for E > 1 GeV
      ===== EM models for the G4Region  DefaultRegionForTheWorld ======
             eBremSB :  Emin=        0 eV    Emax=        1 GeV   AngularGenUrban
            eBremLPM :  Emin=        1 GeV   Emax=       10 TeV   AngularGenUrban

eIoni:   for  e+    SubType= 2
      dE/dx and range tables from 100 eV  to 10 TeV in 77 bins
      Lambda tables from threshold to 10 TeV in 77 bins, spline: 1
      finalRange(mm)= 1, dRoverRange= 0.2, integral: 1, fluct: 1, linLossLimit= 0.01
      ===== EM models for the G4Region  DefaultRegionForTheWorld ======
        MollerBhabha :  Emin=        0 eV    Emax=       10 TeV

eBrem:   for  e+    SubType= 3
      dE/dx and range tables from 100 eV  to 10 TeV in 77 bins
      Lambda tables from threshold to 10 TeV in 77 bins, spline: 1
      LPM flag: 1 for E > 1 GeV
      ===== EM models for the G4Region  DefaultRegionForTheWorld ======
             eBremSB :  Emin=        0 eV    Emax=        1 GeV   AngularGenUrban
            eBremLPM :  Emin=        1 GeV   Emax=       10 TeV   AngularGenUrban

annihil:   for  e+    SubType= 5
      ===== EM models for the G4Region  DefaultRegionForTheWorld ======
            eplus2gg :  Emin=        0 eV    Emax=       10 TeV

muMsc:   for mu+    SubType= 10
      Lambda tables from 100 eV  to 10 TeV in 77 bins, spline: 1
      RangeFactor= 0.2, step limit type: 0, lateralDisplacement: 1, polarAngleLimit(deg)= 0
      ===== EM models for the G4Region  DefaultRegionForTheWorld ======
          UrbanMsc90 :  Emin=        0 eV    Emax=       10 TeV

muIoni:   for  mu+    SubType= 2
      dE/dx and range tables from 100 eV  to 10 TeV in 77 bins
      Lambda tables from threshold to 10 TeV in 77 bins, spline: 1
      finalRange(mm)= 1, dRoverRange= 0.2, integral: 1, fluct: 1, linLossLimit= 0.01
      ===== EM models for the G4Region  DefaultRegionForTheWorld ======
               Bragg :  Emin=        0 eV    Emax=      200 keV
          BetheBloch :  Emin=      200 keV   Emax=        1 GeV
        MuBetheBloch :  Emin=        1 GeV   Emax=       10 TeV

muBrems:   for  mu+    SubType= 3
      dE/dx and range tables from 100 eV  to 10 TeV in 77 bins
      Lambda tables from threshold to 10 TeV in 77 bins, spline: 1
      ===== EM models for the G4Region  DefaultRegionForTheWorld ======
              MuBrem :  Emin=        0 eV    Emax=       10 TeV

muPairProd:   for  mu+    SubType= 4
      dE/dx and range tables from 100 eV  to 10 TeV in 77 bins
      Lambda tables from threshold to 10 TeV in 77 bins, spline: 1
      ===== EM models for the G4Region  DefaultRegionForTheWorld ======
          muPairProd :  Emin=        0 eV    Emax=       10 TeV

muIoni:   for  mu-    SubType= 2
      dE/dx and range tables from 100 eV  to 10 TeV in 77 bins
      Lambda tables from threshold to 10 TeV in 77 bins, spline: 1
      finalRange(mm)= 1, dRoverRange= 0.2, integral: 1, fluct: 1, linLossLimit= 0.01
      ===== EM models for the G4Region  DefaultRegionForTheWorld ======
            ICRU73QO :  Emin=        0 eV    Emax=      200 keV
          BetheBloch :  Emin=      200 keV   Emax=        1 GeV
        MuBetheBloch :  Emin=        1 GeV   Emax=       10 TeV

muBrems:   for  mu-    SubType= 3
      dE/dx and range tables from 100 eV  to 10 TeV in 77 bins
      Lambda tables from threshold to 10 TeV in 77 bins, spline: 1
      ===== EM models for the G4Region  DefaultRegionForTheWorld ======
              MuBrem :  Emin=        0 eV    Emax=       10 TeV

muPairProd:   for  mu-    SubType= 4
      dE/dx and range tables from 100 eV  to 10 TeV in 77 bins
      Lambda tables from threshold to 10 TeV in 77 bins, spline: 1
      ===== EM models for the G4Region  DefaultRegionForTheWorld ======
          muPairProd :  Emin=        0 eV    Emax=       10 TeV
============================================================================================
             HADRONIC PROCESSES SUMMARY (verbose level 1)

                     Hadronic Processes for <mu->
          muMinusCaptureAtRest
============================================================================================

========= Table of registered couples ==============================

Index : 0     used in the geometry : Yes     recalculation needed : No 
 Material : Vacuum
 Range cuts        :  gamma  1 mm     e-  1 mm     e+  1 mm  proton 1 mm 
 Energy thresholds :  gamma  990 eV     e-  990 eV     e+  990 eV  proton -1 MeV
 Region(s) which use this couple : 
    DefaultRegionForTheWorld

Index : 1     used in the geometry : Yes     recalculation needed : No 
 Material : Al
 Range cuts        :  gamma  1 mm     e-  1 mm     e+  1 mm  proton 1 mm 
 Energy thresholds :  gamma  6.90363 keV    e-  598.345 keV    e+  570.85 keV proton -1 MeV
 Region(s) which use this couple : 
    DefaultRegionForTheWorld

Index : 2     used in the geometry : Yes     recalculation needed : No 
 Material : LXe
 Range cuts        :  gamma  1 mm     e-  1 mm     e+  1 mm  proton 1 mm 
 Energy thresholds :  gamma  29.6749 keV    e-  509.223 keV    e+  485.824 keV proton -1 MeV
 Region(s) which use this couple : 
    DefaultRegionForTheWorld

Index : 3     used in the geometry : Yes     recalculation needed : No 
 Material : Glass
 Range cuts        :  gamma  1 mm     e-  1 mm     e+  1 mm  proton 1 mm 
 Energy thresholds :  gamma  2.40367 keV    e-  356.639 keV    e+  344.855 keV proton -1 MeV
 Region(s) which use this couple : 
    DefaultRegionForTheWorld

====================================================================

Start Run processing.

*********************************************************************************************************
* G4Track Information:   Particle = gamma,   Track ID = 1,   Parent ID = 0
*********************************************************************************************************

Step#      X         Y         Z        KineE    dEStep   StepLeng  TrakLeng    Volume     Process
    0      0 fm      0 fm    -20 cm    511 keV     0 eV      0 fm      0 fm      expHall    initStep
    1      0 fm      0 fm  -11.3 cm    511 keV     0 eV   8.67 cm   8.67 cm      expHall  Transportation
    2      0 fm      0 fm  -11.3 cm    511 keV     0 eV    317 um    8.7 cm      housing  Transportation
### G4EmSaturation::FindBirksCoefficient Birks coefficient for LXe  0.126 mm/MeV
    3      0 fm      0 fm  -10.3 cm      0 eV   34.6 keV  9.81 mm   9.68 cm   scintillator        phot

*********************************************************************************************************
* G4Track Information:   Particle = opticalphoton,   Track ID = 326,   Parent ID = 1
*********************************************************************************************************

Step#      X         Y         Z        KineE    dEStep   StepLeng  TrakLeng    Volume     Process
    0      0 fm      0 fm  -10.3 cm   7.01 eV      0 eV      0 fm      0 fm   scintillator    initStep
    1  -6.21 cm   -8.9 cm   6.37 mm   7.01 eV      0 eV   15.4 cm   15.4 cm   scintillator  Transportation
    2  -6.24 cm  -8.93 cm   6.85 mm   7.01 eV   7.01 eV    643 um   15.5 cm          pmt  Transportation

*********************************************************************************************************
* G4Track Information:   Particle = opticalphoton,   Track ID = 325,   Parent ID = 1
*********************************************************************************************************

Step#      X         Y         Z        KineE    dEStep   StepLeng  TrakLeng    Volume     Process
    0      0 fm      0 fm  -10.3 cm   7.05 eV      0 eV      0 fm      0 fm   scintillator    initStep
    1   2.74 mm  -1.21 mm  -11.3 cm   7.05 eV      0 eV   1.03 cm   1.03 cm   scintillator  Transportation
    2   2.74 mm  -1.21 mm  -11.3 cm   7.05 eV      0 eV      0 fm   1.03 cm      housing  Transportation
    3   2.55 cm  -1.13 cm  -3.16 cm   7.05 eV      0 eV   8.51 cm   9.54 cm   scintillator  OpAbsorption

*********************************************************************************************************
* G4Track Information:   Particle = opticalphoton,   Track ID = 324,   Parent ID = 1
*********************************************************************************************************

Step#      X         Y         Z        KineE    dEStep   StepLeng  TrakLeng    Volume     Process
    0      0 fm      0 fm  -10.3 cm   7.13 eV      0 eV      0 fm      0 fm   scintillator    initStep
    1  -2.57 mm  -1.16 cm  -11.3 cm   7.13 eV      0 eV   1.54 cm   1.54 cm   scintillator  Transportation
    2  -2.57 mm  -1.16 cm  -11.3 cm   7.13 eV      0 eV      0 fm   1.54 cm      housing  Transportation
    3  -1.97 cm   -8.9 cm  -4.77 cm   7.13 eV      0 eV   10.3 cm   11.8 cm   scintillator  Transportation
    4  -1.97 cm   -8.9 cm  -4.77 cm   7.13 eV      0 eV      0 fm   11.8 cm      housing  Transportation
    5   -5.9 cm    8.9 cm   10.2 cm   7.13 eV      0 eV   23.6 cm   35.4 cm   scintillator  Transportation
    6   -5.9 cm    8.9 cm   10.2 cm   7.13 eV      0 eV      0 fm   35.4 cm      housing  Transportation
    7  -6.18 cm   7.64 cm   11.3 cm   7.13 eV      0 eV   1.67 cm   37.1 cm   scintillator  Transportation
    8  -6.18 cm   7.64 cm   11.3 cm   7.13 eV      0 eV      0 fm   37.1 cm      housing  Transportation
    9   -8.9 cm  -4.67 cm   9.12 mm   7.13 eV      0 eV   16.3 cm   53.4 cm   scintillator  Transportation
   10   -8.9 cm  -4.67 cm   9.12 mm   7.13 eV      0 eV      0 fm   53.4 cm          pmt  Transportation
   11  -7.97 cm   -8.9 cm  -2.66 cm   7.13 eV      0 eV   5.61 cm     59 cm   scintillator  Transportation
   12  -7.97 cm   -8.9 cm  -2.66 cm   7.13 eV      0 eV      0 fm     59 cm      housing  Transportation
   13   -5.7 cm   1.35 cm  -11.3 cm   7.13 eV      0 eV   13.6 cm   72.6 cm   scintillator  Transportation
   14   -5.7 cm   1.35 cm  -11.3 cm   7.13 eV      0 eV      0 fm   72.6 cm      housing  Transportation
   15  -4.57 cm   6.45 cm  -6.99 cm   7.13 eV      0 eV   6.77 cm   79.4 cm   scintillator  OpAbsorption

*********************************************************************************************************
* G4Track Information:   Particle = opticalphoton,   Track ID = 323,   Parent ID = 1
*********************************************************************************************************

Step#      X         Y         Z        KineE    dEStep   StepLeng  TrakLeng    Volume     Process
    0      0 fm      0 fm  -10.3 cm   7.02 eV      0 eV      0 fm      0 fm   scintillator    initStep
    1    8.9 cm   5.83 cm  -4.71 cm   7.02 eV      0 eV     12 cm     12 cm   scintillator  Transportation
    2    8.9 cm   5.83 cm  -4.71 cm   7.02 eV      0 eV      0 fm     12 cm      housing  Transportation
    3   4.22 cm    8.9 cm  -1.76 cm   7.02 eV      0 eV   6.33 cm   18.4 cm   scintillator  Transportation
    4   4.15 cm   8.93 cm  -1.72 cm   7.02 eV   7.02 eV    859 um   18.4 cm          pmt  Transportation

*********************************************************************************************************
* G4Track Information:   Particle = opticalphoton,   Track ID = 322,   Parent ID = 1
*********************************************************************************************************

Step#      X         Y         Z        KineE    dEStep   StepLeng  TrakLeng    Volume     Process
    0      0 fm      0 fm  -10.3 cm   7.12 eV      0 eV      0 fm      0 fm   scintillator    initStep
    1  -4.25 cm  -3.71 cm  -5.76 cm   7.12 eV      0 eV   7.26 cm   7.26 cm   scintillator  OpAbsorption

*********************************************************************************************************
* G4Track Information:   Particle = opticalphoton,   Track ID = 321,   Parent ID = 1
*********************************************************************************************************

Step#      X         Y         Z        KineE    dEStep   StepLeng  TrakLeng    Volume     Process
    0      0 fm      0 fm  -10.3 cm   7.07 eV      0 eV      0 fm      0 fm   scintillator    initStep
    1   2.42 cm  -5.89 cm  -6.99 cm   7.07 eV      0 eV   7.19 cm   7.19 cm   scintillator  OpAbsorption

*********************************************************************************************************
* G4Track Information:   Particle = opticalphoton,   Track ID = 320,   Parent ID = 1
*********************************************************************************************************

Step#      X         Y         Z        KineE    dEStep   StepLeng  TrakLeng    Volume     Process
    0      0 fm      0 fm  -10.3 cm   7.06 eV      0 eV      0 fm      0 fm   scintillator    initStep
    1   4.78 mm   -2.3 cm  -11.3 cm   7.06 eV      0 eV   2.54 cm   2.54 cm   scintillator  Transportation
    2   4.78 mm   -2.3 cm  -11.3 cm   7.06 eV      0 eV      0 fm   2.54 cm      housing  Transportation
    3   1.85 cm   -8.9 cm  -8.48 cm   7.06 eV      0 eV   7.31 cm   9.85 cm   scintillator  Transportation
    4   1.85 cm   -8.9 cm  -8.48 cm   7.06 eV      0 eV      0 fm   9.85 cm      housing  Transportation
    5   5.55 cm    8.9 cm  -8.83 mm   7.06 eV      0 eV   19.7 cm   29.6 cm   scintillator  Transportation
    6   5.55 cm   8.93 cm  -8.69 mm   7.06 eV   7.06 eV    356 um   29.6 cm          pmt  Transportation

*********************************************************************************************************
* G4Track Information:   Particle = opticalphoton,   Track ID = 319,   Parent ID = 1
*********************************************************************************************************

Step#      X         Y         Z        KineE    dEStep   StepLeng  TrakLeng    Volume     Process
    0      0 fm      0 fm  -10.3 cm   7.14 eV      0 eV      0 fm      0 fm   scintillator    initStep
    1   3.71 mm   4.83 cm  -11.1 cm   7.14 eV      0 eV   4.91 cm   4.91 cm   scintillator  OpAbsorption

*********************************************************************************************************
* G4Track Information:   Particle = opticalphoton,   Track ID = 318,   Parent ID = 1
*********************************************************************************************************

Step#      X         Y         Z        KineE    dEStep   StepLeng  TrakLeng    Volume     Process
    0      0 fm      0 fm  -10.3 cm   7.09 eV      0 eV      0 fm      0 fm   scintillator    initStep
    1  -3.25 mm   4.07 mm  -11.3 cm   7.09 eV      0 eV   1.11 cm   1.11 cm   scintillator  Transportation
    2  -3.25 mm   4.07 mm  -11.3 cm   7.09 eV      0 eV      0 fm   1.11 cm      housing  Transportation
    3  -7.11 cm    8.9 cm   9.18 cm   7.09 eV      0 eV   23.2 cm   24.3 cm   scintillator  Transportation
    4  -7.11 cm    8.9 cm   9.18 cm   7.09 eV      0 eV      0 fm   24.3 cm      housing  Transportation
    5  -7.81 cm   8.02 cm   11.3 cm   7.09 eV      0 eV    2.4 cm   26.7 cm   scintillator  Transportation
    6  -7.81 cm   8.02 cm   11.3 cm   7.09 eV      0 eV      0 fm   26.7 cm      housing  Transportation
    7   -8.9 cm   6.66 cm   8.02 cm   7.09 eV      0 eV   3.71 cm   30.4 cm   scintillator  Transportation
    8   -8.9 cm   6.66 cm   8.02 cm   7.09 eV      0 eV      0 fm   30.4 cm          pmt  Transportation
    9  -3.29 cm  -3.64 mm  -8.92 cm   7.09 eV      0 eV   19.2 cm   49.6 cm   scintillator  OpAbsorption

*********************************************************************************************************
* G4Track Information:   Particle = opticalphoton,   Track ID = 317,   Parent ID = 1
*********************************************************************************************************

Step#      X         Y         Z        KineE    dEStep   StepLeng  TrakLeng    Volume     Process
    0      0 fm      0 fm  -10.3 cm   7.08 eV      0 eV      0 fm      0 fm   scintillator    initStep
    1   2.25 mm    200 um  -11.3 cm   7.08 eV      0 eV   1.01 cm   1.01 cm   scintillator  Transportation
    2   2.25 mm    200 um  -11.3 cm   7.08 eV      0 eV      0 fm   1.01 cm      housing  Transportation
    3   5.41 cm   4.82 mm   11.3 cm   7.08 eV      0 eV   23.2 cm   24.2 cm   scintillator  Transportation
    4   5.41 cm   4.82 mm   11.3 cm   7.08 eV      0 eV      0 fm   24.2 cm      housing  Transportation
    5    8.9 cm   7.93 mm  -3.92 cm   7.08 eV      0 eV   15.6 cm   39.8 cm   scintillator  Transportation
    6    8.9 cm   7.93 mm  -3.92 cm   7.08 eV      0 eV      0 fm   39.8 cm      housing  Transportation
    7   7.21 cm   9.44 mm  -11.3 cm   7.08 eV      0 eV   7.57 cm   47.4 cm   scintillator  Transportation
    8   7.21 cm   9.44 mm  -11.3 cm   7.08 eV      0 eV      0 fm   47.4 cm      housing  Transportation
    9   2.02 cm   1.41 cm   11.3 cm   7.08 eV      0 eV   23.2 cm   70.6 cm   scintillator  Transportation
   10   2.02 cm   1.41 cm   11.3 cm   7.08 eV      0 eV      0 fm   70.6 cm      housing  Transportation
   11  -6.58 mm   1.64 cm  -3.97 mm   7.08 eV      0 eV     12 cm   82.6 cm   scintillator  OpAbsorption

*********************************************************************************************************
*********************************************************************************************************
* G4Track Information:   Particle = opticalphoton,   Track ID = 5502,   Parent ID = 2
*********************************************************************************************************

Step#      X         Y         Z        KineE    dEStep   StepLeng  TrakLeng    Volume     Process
    0   2.05 nm  -1.17 nm   3.37 cm   7.06 eV      0 eV      0 fm      0 fm   scintillator    initStep
    1    8.9 cm    1.4 cm  -4.81 cm   7.06 eV      0 eV   12.2 cm   12.2 cm   scintillator  Transportation
    2    8.9 cm    1.4 cm  -4.81 cm   7.06 eV      0 eV      0 fm   12.2 cm      housing  Transportation
    3   5.05 cm      2 cm  -8.35 cm   7.06 eV      0 eV   5.27 cm   17.4 cm   scintillator  OpAbsorption
	Energy weighted position of hits in LXe : (-10.1556,4.15244,93.1718)
	Total energy deposition in scintillator : 511 (keV)
	Reconstructed position of hits in LXe : (-0.307553,4.40605,21.2407)
	Number of photons that hit PMTs in this event : 1418
	Number of PMTs above threshold(1) : 32
	Number of photons produced by scintillation in this event : 5527
	Number of photons produced by cerenkov in this event : 0
	Number of photons absorbed (OpAbsorption) in this event : 4109
	Number of photons absorbed at boundaries (OpBoundary) in this event : 0
Unacounted for photons in this event : 0
Run terminated.
Run Summary
  Number of events processed : 3
  User=7.58s Real=9.97s Sys=1.59s
Graphics systems deleted.
Visualization Manager deleting...
G4 kernel has come to Quit state.
