Environment variable "G4FORCE_RUN_MANAGER_TYPE" enabled with value == Serial. Forcing G4RunManager type...

        ############################################
        !!! WARNING - FPE detection is activated !!!
        ############################################


          ################################
          !!! G4Backtrace is activated !!!
          ################################


**************************************************************
 Geant4 version Name: geant4-11-02-patch-01    (16-February-2024)
                       Copyright : Geant4 Collaboration
                      References : NIM A 506 (2003), 250-303
                                 : IEEE-TNS 53 (2006), 270-278
                                 : NIM A 835 (2016), 186-225
                             WWW : http://geant4.org/
**************************************************************


----> Histogram file is opened in splitting.
Visualization Manager instantiating with verbosity "warnings (3)"...
Visualization Manager initialising...
Registering graphics systems...

You have successfully registered the following graphics systems.
Registered graphics systems are:
  ASCIITree (ATree)
  DAWNFILE (DAWNFILE)
  G4HepRepFile (HepRepFile)
  RayTracer (RayTracer)
  VRML2FILE (VRML2FILE)
  gMocrenFile (gMocrenFile)
  TOOLSSG_OFFSCREEN (TSG_OFFSCREEN)
  TOOLSSG_OFFSCREEN (TSG_OFFSCREEN, TSG_FILE)
  OpenGLImmediateQt (OGLIQt, OGLI)
  OpenGLStoredQt (OGLSQt, OGL, OGLS)
  OpenGLImmediateXm (OGLIXm, OGLIQt_FALLBACK)
  OpenGLStoredXm (OGLSXm, OGLSQt_FALLBACK)
  OpenGLImmediateX (OGLIX, OGLIQt_FALLBACK, OGLIXm_FALLBACK)
  OpenGLStoredX (OGLSX, OGLSQt_FALLBACK, OGLSXm_FALLBACK)
  RayTracerX (RayTracerX)
  Qt3D (Qt3D)
  TOOLSSG_X11_GLES (TSG_X11_GLES, TSGX11, TSG_XT_GLES_FALLBACK)
  TOOLSSG_XT_GLES (TSG_XT_GLES, TSGXt, TSG_QT_GLES_FALLBACK)
  TOOLSSG_XT_ZB (TSG_XT_ZB, TSGXtZB)
  TOOLSSG_QT_GLES (TSG_QT_GLES, TSGQt, TSG)
  TOOLSSG_QT_ZB (TSG_QT_ZB, TSGQtZB)
Default graphics system is: TSG_OFFSCREEN (based on batch session).
Default window size hint is: 600x600-0+0 (based on G4VisManager initialisation).
Note: Parameters specified on the command line will override these defaults.
      Use "vis/open" without parameters to get these defaults.

Registering model factories...

You have successfully registered the following model factories.
Registered model factories:
  generic
  drawByAttribute
  drawByCharge
  drawByOriginVolume
  drawByParticleID
  drawByEncounteredVolume

Registered models:
  None

Registered filter factories:
  attributeFilter
  chargeFilter
  originVolumeFilter
  particleFilter
  encounteredVolumeFilter

Registered filters:
  None

You have successfully registered the following user vis actions.
Run Duration User Vis Actions: none
End of Event User Vis Actions: none
End of Run User Vis Actions: none

Some /vis commands (optionally) take a string to specify colour.
"/vis/list" to see available colours.
*** /run/numberOfThreads command is issued in sequential mode.
Command is ignored.
Checking overlaps for volume target:0 (G4Tubs) ... OK! 
- Split for e-e created in e-_G4DNAIonisation process activatedwith split number 200 in region Target-- 
PhysicsList::SetCuts:CutLength : 1 um 
Warning : Region <Target> does not have specific production cuts,
even though it appears in the current tracking world.
Default cuts are used for this region.
=======================================================================
======                 Electromagnetic Physics Parameters      ========
=======================================================================
LPM effect enabled                                 1
Enable creation and use of sampling tables         0
Apply cuts on all EM processes                     0
Use combined TransportationWithMsc                 Disabled
Use general process                                0
Enable linear polarisation for gamma               0
Enable photoeffect sampling below K-shell          1
Enable sampling of quantum entanglement            0
X-section factor for integral approach             0.8
Min kinetic energy for tables                      100 eV 
Max kinetic energy for tables                      100 TeV
Number of bins per decade of a table               7
Verbose level                                      1
Verbose level for worker thread                    0
Bremsstrahlung energy threshold above which 
  primary e+- is added to the list of secondary    100 TeV
Bremsstrahlung energy threshold above which primary
  muon/hadron is added to the list of secondary    100 TeV
Lowest triplet kinetic energy                      1 MeV
Enable sampling of gamma linear polarisation       0
5D gamma conversion model type                     0
5D gamma conversion model on isolated ion          0
Livermore data directory                           epics_2017
=======================================================================
======                 Ionisation Parameters                   ========
=======================================================================
Step function for e+-                              (0.2, 1 mm)
Step function for muons/hadrons                    (0.2, 0.1 mm)
Step function for light ions                       (0.2, 0.1 mm)
Step function for general ions                     (0.2, 0.1 mm)
Lowest e+e- kinetic energy                         1 keV
Lowest muon/hadron kinetic energy                  1 keV
Use ICRU90 data                                    0
Fluctuations of dE/dx are enabled                  1
Type of fluctuation model for leptons and hadrons  Universal
Use built-in Birks satuaration                     0
Build CSDA range enabled                           0
Use cut as a final range enabled                   0
Enable angular generator interface                 0
Max kinetic energy for CSDA tables                 1 GeV
Max kinetic energy for NIEL computation            0 eV 
Linear loss limit                                  0.01
Read data from file for e+e- pair production by mu 0
=======================================================================
======                 Multiple Scattering Parameters          ========
=======================================================================
Type of msc step limit algorithm for e+-           1
Type of msc step limit algorithm for muons/hadrons 0
Msc lateral displacement for e+- enabled           1
Msc lateral displacement for muons and hadrons     0
Urban msc model lateral displacement alg96         1
Range factor for msc step limit for e+-            0.04
Range factor for msc step limit for muons/hadrons  0.2
Geometry factor for msc step limitation of e+-     2.5
Safety factor for msc step limit for e+-           0.6
Skin parameter for msc step limitation of e+-      1
Lambda limit for msc step limit for e+-            1 mm
Use Mott correction for e- scattering              0
Factor used for dynamic computation of angular 
  limit between single and multiple scattering     1
Fixed angular limit between single 
  and multiple scattering                          3.1416 rad
Upper energy limit for e+- multiple scattering     100 MeV
Type of electron single scattering model           0
Type of nuclear form-factor                        1
Screening factor                                   1
=======================================================================

msc:  for e-  SubType= 10
      ===== EM models for the G4Region  DefaultRegionForTheWorld ======
            UrbanMsc : Emin=    0 eV  Emax=  100 TeV Nbins=84 100 eV  - 100 TeV
          StepLim=UseSafety Rfact=0.04 Gfact=2.5 Sfact=0.6 DispFlag:1 Skin=1 Llim=1 mm
      ===== EM models for the G4Region  Target ======
            UrbanMsc : Emin=    1 MeV Emax=  100 TeV Nbins=56   1 MeV - 100 TeV
          StepLim=UseSafety Rfact=0.04 Gfact=2.5 Sfact=0.6 DispFlag:1 Skin=1 Llim=1 mm

eIoni:  for e-  XStype:3  SubType=2
      dE/dx and range tables from 100 eV  to 100 TeV in 84 bins
      Lambda tables from threshold to 100 TeV, 7 bins/decade, spline: 1
      StepFunction=(0.2, 1 mm), integ: 3, fluct: 1, linLossLim= 0.01
      ===== EM models for the G4Region  DefaultRegionForTheWorld ======
        MollerBhabha : Emin=    0 eV  Emax=  100 TeV
      ===== EM models for the G4Region  Target ======
        MollerBhabha : Emin=    1 MeV Emax=  100 TeV

e-_G4DNAElastic:  for e- SubType=51 BuildTable=0
      ===== EM models for the G4Region  DefaultRegionForTheWorld ======
          DummyModel : Emin=    0 eV  Emax=  100 TeV
          StepLim=UseSafety Rfact=0.04 Gfact=2.5 Sfact=0.6 DispFlag:1 Skin=1 Llim=1 mm
      ===== EM models for the G4Region  Target ======
DNAChampionElasticModel : Emin=    0 eV  Emax=    1 MeV

e-_G4DNAExcitation:  for e- SubType=52 BuildTable=0
      ===== EM models for the G4Region  DefaultRegionForTheWorld ======
          DummyModel : Emin=    0 eV  Emax=  100 TeV
          StepLim=UseSafety Rfact=0.04 Gfact=2.5 Sfact=0.6 DispFlag:1 Skin=1 Llim=1 mm
      ===== EM models for the G4Region  Target ======
DNABornExcitationModel : Emin=    0 eV  Emax=    1 MeV

e-_G4DNAIonisation:  for e- SubType=53 BuildTable=0
      ===== EM models for the G4Region  DefaultRegionForTheWorld ======
          DummyModel : Emin=    0 eV  Emax=  100 TeV
          StepLim=UseSafety Rfact=0.04 Gfact=2.5 Sfact=0.6 DispFlag:1 Skin=1 Llim=1 mm
      ===== EM models for the G4Region  Target ======
DNABornIonisationModel : Emin=    0 eV  Emax=    1 MeV  deltaBorn

e-_G4DNAAttachment:  for e- SubType=55 BuildTable=0
      ===== EM models for the G4Region  DefaultRegionForTheWorld ======
          DummyModel : Emin=    0 eV  Emax=  100 TeV
          StepLim=UseSafety Rfact=0.04 Gfact=2.5 Sfact=0.6 DispFlag:1 Skin=1 Llim=1 mm
      ===== EM models for the G4Region  Target ======
DNAMeltonAttachmentModel : Emin=    0 eV  Emax=   13 eV 

e-_G4DNAVibExcitation:  for e- SubType=54 BuildTable=0
      ===== EM models for the G4Region  DefaultRegionForTheWorld ======
          DummyModel : Emin=    0 eV  Emax=  100 TeV
          StepLim=UseSafety Rfact=0.04 Gfact=2.5 Sfact=0.6 DispFlag:1 Skin=1 Llim=1 mm
      ===== EM models for the G4Region  Target ======
DNASancheExcitationModel : Emin=    0 eV  Emax=  100 eV 

msc:  for proton  SubType= 10
      ===== EM models for the G4Region  DefaultRegionForTheWorld ======
            UrbanMsc : Emin=    0 eV  Emax=  100 TeV Nbins=84 100 eV  - 100 TeV
          StepLim=Minimal Rfact=0.2 Gfact=2.5 Sfact=0.6 DispFlag:0 Skin=1 Llim=1 mm

hIoni:  for proton  XStype:3  SubType=2
      dE/dx and range tables from 100 eV  to 100 TeV in 84 bins
      Lambda tables from threshold to 100 TeV, 7 bins/decade, spline: 1
      StepFunction=(0.2, 0.1 mm), integ: 3, fluct: 1, linLossLim= 0.01
      ===== EM models for the G4Region  DefaultRegionForTheWorld ======
         BraggIonGas : Emin=    0 eV  Emax=    2 MeV
    BetheBlochGasIon : Emin=    2 MeV Emax=  100 TeV
      ===== EM models for the G4Region  Target ======
    BetheBlochGasIon : Emin=  9.9 MeV Emax=  100 TeV

proton_G4DNAExcitation:  for proton SubType=52 BuildTable=0
      ===== EM models for the G4Region  DefaultRegionForTheWorld ======
          DummyModel : Emin=    0 eV  Emax=  100 TeV
          StepLim=UseSafety Rfact=0.04 Gfact=2.5 Sfact=0.6 DispFlag:1 Skin=1 Llim=1 mm
      ===== EM models for the G4Region  Target ======
DNAMillerGreenExcitationModel : Emin=    0 eV  Emax=  500 keV
DNABornExcitationModel : Emin=  500 keV Emax=   10 MeV

proton_G4DNAIonisation:  for proton SubType=53 BuildTable=0
      ===== EM models for the G4Region  DefaultRegionForTheWorld ======
          DummyModel : Emin=    0 eV  Emax=  100 TeV
          StepLim=UseSafety Rfact=0.04 Gfact=2.5 Sfact=0.6 DispFlag:1 Skin=1 Llim=1 mm
      ===== EM models for the G4Region  Target ======
DNARuddIonisationModel : Emin=    0 eV  Emax=  500 keV  deltaRudd
DNABornIonisationModel : Emin=  500 keV Emax=   10 MeV  deltaBorn

proton_G4DNAChargeDecrease:  for proton SubType=56 BuildTable=0
      ===== EM models for the G4Region  DefaultRegionForTheWorld ======
DNADingfelderChargeDecreaseModel : Emin=    0 eV  Emax=  100 MeV

msc:  for GenericIon  SubType= 10
      ===== EM models for the G4Region  DefaultRegionForTheWorld ======
            UrbanMsc : Emin=    0 eV  Emax=  100 TeV
          StepLim=Minimal Rfact=0.2 Gfact=2.5 Sfact=0.6 DispFlag:0 Skin=1 Llim=1 mm

ionIoni:  for GenericIon  XStype:3  SubType=2
      dE/dx and range tables from 100 eV  to 100 TeV in 84 bins
      Lambda tables from threshold to 100 TeV, 7 bins/decade, spline: 1
      StepFunction=(0.2, 0.1 mm), integ: 3, fluct: 1, linLossLim= 0.02
      ===== EM models for the G4Region  DefaultRegionForTheWorld ======
         BraggIonGas : Emin=    0 eV  Emax=    2 MeV
    BetheBlochGasIon : Emin=    2 MeV Emax=  100 TeV

msc:  for alpha  SubType= 10
      ===== EM models for the G4Region  DefaultRegionForTheWorld ======
            UrbanMsc : Emin=    0 eV  Emax=  100 TeV
          StepLim=Minimal Rfact=0.2 Gfact=2.5 Sfact=0.6 DispFlag:0 Skin=1 Llim=1 mm

ionIoni:  for alpha  XStype:3  SubType=2
      dE/dx and range tables from 100 eV  to 100 TeV in 84 bins
      Lambda tables from threshold to 100 TeV, 7 bins/decade, spline: 1
      StepFunction=(0.2, 0.1 mm), integ: 3, fluct: 1, linLossLim= 0.02
      ===== EM models for the G4Region  DefaultRegionForTheWorld ======
         BraggIonGas : Emin=    0 eV  Emax=7.9452 MeV
    BetheBlochGasIon : Emin=7.9452 MeV Emax=  100 TeV
      ===== EM models for the G4Region  Target ======
    BetheBlochGasIon : Emin=  9.9 MeV Emax=  100 TeV

alpha_G4DNAExcitation:  for alpha SubType=52 BuildTable=0
      ===== EM models for the G4Region  DefaultRegionForTheWorld ======
          DummyModel : Emin=    0 eV  Emax=  100 TeV
          StepLim=UseSafety Rfact=0.04 Gfact=2.5 Sfact=0.6 DispFlag:1 Skin=1 Llim=1 mm
      ===== EM models for the G4Region  Target ======
DNAMillerGreenExcitationModel : Emin=    0 eV  Emax=   10 MeV

alpha_G4DNAIonisation:  for alpha SubType=53 BuildTable=0
      ===== EM models for the G4Region  DefaultRegionForTheWorld ======
          DummyModel : Emin=    0 eV  Emax=  100 TeV
          StepLim=UseSafety Rfact=0.04 Gfact=2.5 Sfact=0.6 DispFlag:1 Skin=1 Llim=1 mm
      ===== EM models for the G4Region  Target ======
DNARuddIonisationModel : Emin=    0 eV  Emax=   10 MeV  deltaRudd

alpha_G4DNAChargeDecrease:  for alpha SubType=56 BuildTable=0
      ===== EM models for the G4Region  DefaultRegionForTheWorld ======
DNADingfelderChargeDecreaseModel : Emin=    0 eV  Emax=  400 MeV

alpha+_G4DNAExcitation:  for alpha+ SubType=52 BuildTable=0
      ===== EM models for the G4Region  DefaultRegionForTheWorld ======
DNAMillerGreenExcitationModel : Emin=    0 eV  Emax=  400 MeV

alpha+_G4DNAIonisation:  for alpha+ SubType=53 BuildTable=0
      ===== EM models for the G4Region  DefaultRegionForTheWorld ======
DNARuddIonisationModel : Emin=    0 eV  Emax=  400 MeV  deltaRudd

alpha+_G4DNAChargeDecrease:  for alpha+ SubType=56 BuildTable=0
      ===== EM models for the G4Region  DefaultRegionForTheWorld ======
DNADingfelderChargeDecreaseModel : Emin=    0 eV  Emax=  400 MeV

alpha+_G4DNAChargeIncrease:  for alpha+ SubType=57 BuildTable=0
      ===== EM models for the G4Region  DefaultRegionForTheWorld ======
DNADingfelderChargeIncreaseModel : Emin=    0 eV  Emax=  400 MeV

helium_G4DNAExcitation:  for helium SubType=52 BuildTable=0
      ===== EM models for the G4Region  DefaultRegionForTheWorld ======
DNAMillerGreenExcitationModel : Emin=    0 eV  Emax=  400 MeV

helium_G4DNAIonisation:  for helium SubType=53 BuildTable=0
      ===== EM models for the G4Region  DefaultRegionForTheWorld ======
DNARuddIonisationModel : Emin=    0 eV  Emax=  400 MeV  deltaRudd

helium_G4DNAChargeIncrease:  for helium SubType=57 BuildTable=0
      ===== EM models for the G4Region  DefaultRegionForTheWorld ======
DNADingfelderChargeIncreaseModel : Emin=    0 eV  Emax=  400 MeV

hydrogen_G4DNAIonisation:  for hydrogen SubType=53 BuildTable=0
      ===== EM models for the G4Region  DefaultRegionForTheWorld ======
DNARuddIonisationModel : Emin=    0 eV  Emax=  100 MeV  deltaRudd

hydrogen_G4DNAExcitation:  for hydrogen SubType=52 BuildTable=0
      ===== EM models for the G4Region  DefaultRegionForTheWorld ======
DNAMillerGreenExcitationModel : Emin=    0 eV  Emax=  500 keV

hydrogen_G4DNAChargeIncrease:  for hydrogen SubType=57 BuildTable=0
      ===== EM models for the G4Region  DefaultRegionForTheWorld ======
DNADingfelderChargeIncreaseModel : Emin=    0 eV  Emax=  100 MeV

========= Table of registered couples ============================

Index : 0     used in the geometry : Yes
 Material : G4_WATER
 Range cuts        :  gamma  1 um     e-  1 um     e+  1 um  proton 1 um 
 Energy thresholds :  gamma  990 eV     e-  990 eV     e+  990 eV  proton 100 eV 
 Region(s) which use this couple : 
    DefaultRegionForTheWorld
    Target

==================================================================

G4VisManager: Using G4TrajectoryDrawByCharge as fallback trajectory model.
See commands in /vis/modeling/trajectories/ for other options.
### Run 0 starts.
--> Event 0 starts.
--> Event 10 starts.
--> Event 20 starts.
--> Event 30 starts.
--> Event 40 starts.
--> Event 50 starts.
--> Event 60 starts.
--> Event 70 starts.
--> Event 80 starts.
--> Event 90 starts.
 Run terminated.
Run Summary
  Number of events processed : 100
  User=21.150000s Real=21.343032s Sys=0.050000s
There are histograms that can be viewed with visualization:
  2 h1 histograms(s)
  List them with "/analysis/list".
  View them immediately with "/vis/plot" or "/vis/reviewPlots".
  But...there are no entries. To make your histograms available for
  plotting in this UI session, use CloseFile(false) in your
  EndOfRunAction and Reset() in your BeginOfRunAction.
Graphics systems deleted.
Visualization Manager deleting...
================== Deleting memory pools ===================
Number of memory pools allocated: 9 of which, static: 0
Dynamic pools deleted: 9 / Total memory freed: 40 MB
============================================================
