Collection name='THashList', class='THashList', size=4
 TKey Name = Event_1, Title = object title, Cycle = 1
 TKey Name = Event_2, Title = object title, Cycle = 1
 TKey Name = Event_3, Title = object title, Cycle = 1
 TKey Name = Event_4, Title = object title, Cycle = 1
Collection: Event_1
Number of hits: 166
  trackID: 1  chamberNb: 0  energy deposit[MeV]: 0.000190827  position[mm]: (1.81498,2.42658,-1599.2)
  trackID: 1  chamberNb: 0  energy deposit[MeV]: 0.000823764  position[mm]: (1.82311,2.44013,-1595.23)
  trackID: 1  chamberNb: 0  energy deposit[MeV]: 0.00201491  position[mm]: (1.82878,2.44939,-1592.5)
  trackID: 1  chamberNb: 0  energy deposit[MeV]: 0.0122571  position[mm]: (1.91012,2.58364,-1553.25)
  trackID: 1  chamberNb: 0  energy deposit[MeV]: 0.00206001  position[mm]: (1.9151,2.59125,-1550.81)
  trackID: 1  chamberNb: 0  energy deposit[MeV]: 0.0192291  position[mm]: (2.04429,2.79346,-1485.43)
  trackID: 1  chamberNb: 0  energy deposit[MeV]: 0.0187669  position[mm]: (2.17645,2.9846,-1421.38)
  trackID: 1  chamberNb: 0  energy deposit[MeV]: 0.00166382  position[mm]: (2.18568,2.99834,-1416.82)
  trackID: 1  chamberNb: 0  energy deposit[MeV]: 0.00400652  position[mm]: (2.2118,3.03618,-1404.33)
  trackID: 1  chamberNb: 0  energy deposit[MeV]: 0.00291421  position[mm]: (2.22018,3.04948,-1400)
  trackID: 1  chamberNb: 1  energy deposit[MeV]: 0.00870017  position[mm]: (3.4606,4.99091,-776.742)
  trackID: 1  chamberNb: 1  energy deposit[MeV]: 0.0207832  position[mm]: (3.58585,5.18173,-713.968)
  trackID: 1  chamberNb: 1  energy deposit[MeV]: 0.00475774  position[mm]: (3.61835,5.23025,-697.505)
  trackID: 1  chamberNb: 1  energy deposit[MeV]: 0.0128366  position[mm]: (3.67401,5.31289,-670.177)
  trackID: 1  chamberNb: 1  energy deposit[MeV]: 0.000990981  position[mm]: (3.67657,5.31711,-668.806)
  trackID: 1  chamberNb: 1  energy deposit[MeV]: 0.00394179  position[mm]: (3.68839,5.33642,-662.508)
  trackID: 1  chamberNb: 1  energy deposit[MeV]: 0.000809053  position[mm]: (3.69848,5.35238,-657.283)
  trackID: 1  chamberNb: 1  energy deposit[MeV]: 0.0212677  position[mm]: (3.78385,5.49119,-612.79)
  trackID: 1  chamberNb: 1  energy deposit[MeV]: 0.00330521  position[mm]: (3.81123,5.53049,-600)
  trackID: 1  chamberNb: 2  energy deposit[MeV]: 0.00408351  position[mm]: (5.14975,7.34289,16.6807)
  trackID: 1  chamberNb: 2  energy deposit[MeV]: 0.00512144  position[mm]: (5.17178,7.37639,27.3902)
  trackID: 1  chamberNb: 2  energy deposit[MeV]: 0.00578871  position[mm]: (5.21154,7.4337,46.2213)
  trackID: 1  chamberNb: 2  energy deposit[MeV]: 0.000998762  position[mm]: (5.21514,7.43895,48.0206)
  trackID: 1  chamberNb: 2  energy deposit[MeV]: 0.0150622  position[mm]: (5.29717,7.56216,89.9949)
  trackID: 1  chamberNb: 2  energy deposit[MeV]: 0.00950314  position[mm]: (5.3403,7.6292,112.457)
  trackID: 1  chamberNb: 2  energy deposit[MeV]: 0.00186178  position[mm]: (5.35467,7.65018,119.83)
  trackID: 1  chamberNb: 2  energy deposit[MeV]: 0.0172372  position[mm]: (5.46655,7.81331,176.662)
  trackID: 1  chamberNb: 2  energy deposit[MeV]: 0.0132218  position[mm]: (5.51338,7.88748,200)
  trackID: 1  chamberNb: 3  energy deposit[MeV]: 0.00589913  position[mm]: (6.87624,9.92857,822.084)
  trackID: 1  chamberNb: 3  energy deposit[MeV]: 0.00824301  position[mm]: (6.9171,9.98842,841.709)
  trackID: 1  chamberNb: 3  energy deposit[MeV]: 0.00587008  position[mm]: (6.94161,10.0216,853.394)
  trackID: 1  chamberNb: 3  energy deposit[MeV]: 0.0293979  position[mm]: (7.17901,10.3545,967.881)
  trackID: 1  chamberNb: 3  energy deposit[MeV]: 0.00893745  position[mm]: (7.25384,10.4299,1000)
  trackID: 1  chamberNb: 4  energy deposit[MeV]: 0.00313418  position[mm]: (8.58839,12.0519,1610.69)
  trackID: 1  chamberNb: 4  energy deposit[MeV]: 0.00234902  position[mm]: (8.60914,12.0809,1621.44)
  trackID: 1  chamberNb: 4  energy deposit[MeV]: 0.00199407  position[mm]: (8.62468,12.1034,1629.52)
  trackID: 1  chamberNb: 4  energy deposit[MeV]: 0.00585142  position[mm]: (8.66691,12.1658,1652.19)
  trackID: 1  chamberNb: 4  energy deposit[MeV]: 0.0227049  position[mm]: (8.75961,12.2916,1699.74)
  trackID: 1  chamberNb: 4  energy deposit[MeV]: 0.00447208  position[mm]: (8.76917,12.303,1704.13)
  trackID: 1  chamberNb: 4  energy deposit[MeV]: 0.0115617  position[mm]: (8.83746,12.3839,1735.87)
  trackID: 1  chamberNb: 4  energy deposit[MeV]: 0.0052105  position[mm]: (8.88234,12.4342,1756.42)
  trackID: 1  chamberNb: 4  energy deposit[MeV]: 0.0154038  position[mm]: (8.93463,12.4918,1779.97)
  trackID: 1  chamberNb: 4  energy deposit[MeV]: 0.00434425  position[mm]: (8.98067,12.5388,1799.61)
  trackID: 1  chamberNb: 4  energy deposit[MeV]: 0.000384571  position[mm]: (8.98158,12.5397,1800)
  trackID: 78  chamberNb: 4  energy deposit[MeV]: 0.00123845  position[mm]: (8.97398,12.5377,1799.61)
  trackID: 77  chamberNb: 4  energy deposit[MeV]: 0.00255787  position[mm]: (8.94888,12.5013,1779.97)
  trackID: 76  chamberNb: 4  energy deposit[MeV]: 0.00173491  position[mm]: (8.88797,12.4428,1756.42)
  trackID: 75  chamberNb: 4  energy deposit[MeV]: 0.00509289  position[mm]: (8.79416,12.3711,1735.87)
  trackID: 74  chamberNb: 4  energy deposit[MeV]: 0.0018637  position[mm]: (8.761,12.3105,1704.13)
  trackID: 73  chamberNb: 4  energy deposit[MeV]: 0.00287136  position[mm]: (8.74006,12.2867,1699.74)
  trackID: 72  chamberNb: 4  energy deposit[MeV]: 0.00178299  position[mm]: (8.67543,12.1596,1652.19)
  trackID: 71  chamberNb: 4  energy deposit[MeV]: 0.0011864  position[mm]: (8.63816,12.1502,1629.53)
  trackID: 71  chamberNb: 4  energy deposit[MeV]: 0.00286552  position[mm]: (8.6477,12.1377,1629.54)
  trackID: 100  chamberNb: 4  energy deposit[MeV]: 0.00163338  position[mm]: (8.6365,12.1562,1629.53)
  trackID: 70  chamberNb: 4  energy deposit[MeV]: 0.0012542  position[mm]: (8.61055,12.0877,1621.44)
  trackID: 69  chamberNb: 4  energy deposit[MeV]: 0.00163172  position[mm]: (8.5979,12.0513,1610.7)
  trackID: 68  chamberNb: 4  energy deposit[MeV]: 0.00324804  position[mm]: (21.8577,32.0293,1600.45)
  trackID: 68  chamberNb: 4  energy deposit[MeV]: 0.000626805  position[mm]: (22.499,31.2945,1600)
  trackID: 101  chamberNb: 4  energy deposit[MeV]: 0.00160487  position[mm]: (19.3356,33.5457,1600.15)
  trackID: 61  chamberNb: 3  energy deposit[MeV]: 0.00596928  position[mm]: (6.66872,10.8364,968.005)
  trackID: 61  chamberNb: 3  energy deposit[MeV]: 0.00316015  position[mm]: (6.39086,10.4823,967.797)
  trackID: 61  chamberNb: 3  energy deposit[MeV]: 0.00317359  position[mm]: (6.64904,10.3744,967.999)
  trackID: 61  chamberNb: 3  energy deposit[MeV]: 0.00606944  position[mm]: (6.79945,10.5545,968.124)
  trackID: 61  chamberNb: 3  energy deposit[MeV]: 0.000622513  position[mm]: (6.74663,10.482,968.053)
  trackID: 61  chamberNb: 3  energy deposit[MeV]: 0.00816926  position[mm]: (6.68766,10.4342,968.102)
  trackID: 117  chamberNb: 3  energy deposit[MeV]: 0.00126276  position[mm]: (6.74603,10.4873,968.057)
  trackID: 116  chamberNb: 3  energy deposit[MeV]: 0.00144511  position[mm]: (6.65582,10.3713,967.995)
  trackID: 60  chamberNb: 3  energy deposit[MeV]: 0.00196184  position[mm]: (6.9301,10.0188,853.395)
  trackID: 59  chamberNb: 3  energy deposit[MeV]: 0.00602097  position[mm]: (6.87284,9.9514,841.714)
  trackID: 58  chamberNb: 3  energy deposit[MeV]: 0.00125828  position[mm]: (6.88314,9.92798,822.084)
  trackID: 54  chamberNb: 2  energy deposit[MeV]: 0.00173594  position[mm]: (5.47072,7.80398,176.663)
  trackID: 53  chamberNb: 2  energy deposit[MeV]: 0.00151486  position[mm]: (5.3473,7.64547,119.83)
  trackID: 52  chamberNb: 2  energy deposit[MeV]: 0.00792637  position[mm]: (5.27109,7.73949,112.47)
  trackID: 52  chamberNb: 2  energy deposit[MeV]: 0.00241581  position[mm]: (5.26965,7.74969,112.458)
  trackID: 51  chamberNb: 2  energy deposit[MeV]: 0.00139797  position[mm]: (5.30106,7.56908,89.9952)
  trackID: 50  chamberNb: 2  energy deposit[MeV]: 0.00746534  position[mm]: (5.33395,7.26804,48.0458)
  trackID: 50  chamberNb: 2  energy deposit[MeV]: 0.00637742  position[mm]: (5.28036,7.3007,48.0413)
  trackID: 49  chamberNb: 2  energy deposit[MeV]: 0.00359891  position[mm]: (5.18561,7.42523,46.223)
  trackID: 48  chamberNb: 2  energy deposit[MeV]: 0.000825779  position[mm]: (5.6722,8.31067,27.6745)
  trackID: 48  chamberNb: 2  energy deposit[MeV]: 0.00686589  position[mm]: (5.8435,9.54857,30.037)
  trackID: 48  chamberNb: 2  energy deposit[MeV]: 0.00695678  position[mm]: (3.98075,9.76225,28.7746)
  trackID: 48  chamberNb: 2  energy deposit[MeV]: 0.00532204  position[mm]: (4.83446,8.32288,27.9458)
  trackID: 48  chamberNb: 2  energy deposit[MeV]: 0.0025563  position[mm]: (5.72881,8.55512,27.7115)
  trackID: 48  chamberNb: 2  energy deposit[MeV]: 0.00274232  position[mm]: (5.52048,8.35113,26.9011)
  trackID: 48  chamberNb: 2  energy deposit[MeV]: 0.00700362  position[mm]: (4.74755,8.97964,26.6762)
  trackID: 48  chamberNb: 2  energy deposit[MeV]: 0.00630406  position[mm]: (4.09699,8.87459,27.0122)
  trackID: 48  chamberNb: 2  energy deposit[MeV]: 0.00421913  position[mm]: (3.76595,9.00503,27.3756)
  trackID: 48  chamberNb: 2  energy deposit[MeV]: 0.00369304  position[mm]: (4.02058,9.12439,27.5241)
  trackID: 48  chamberNb: 2  energy deposit[MeV]: 0.00242355  position[mm]: (4.09685,9.1164,27.3705)
  trackID: 48  chamberNb: 2  energy deposit[MeV]: 0.00172029  position[mm]: (4.02133,9.14623,27.3366)
  trackID: 48  chamberNb: 2  energy deposit[MeV]: 0.00634878  position[mm]: (3.96088,9.15503,27.3233)
  trackID: 123  chamberNb: 2  energy deposit[MeV]: 0.00127222  position[mm]: (4.02234,9.14358,27.3302)
  trackID: 122  chamberNb: 2  energy deposit[MeV]: 0.00129988  position[mm]: (4.09402,9.11685,27.3772)
  trackID: 121  chamberNb: 2  energy deposit[MeV]: 0.00330129  position[mm]: (4.00848,9.14427,27.5168)
  trackID: 120  chamberNb: 2  energy deposit[MeV]: 0.00403338  position[mm]: (5.51826,8.33851,26.8718)
  trackID: 119  chamberNb: 2  energy deposit[MeV]: 0.0024646  position[mm]: (5.71332,8.55914,27.7143)
  trackID: 118  chamberNb: 2  energy deposit[MeV]: 0.0015789  position[mm]: (5.68137,8.31074,27.6739)
  trackID: 47  chamberNb: 2  energy deposit[MeV]: 0.00235023  position[mm]: (5.15275,7.35773,16.6814)
  trackID: 43  chamberNb: 1  energy deposit[MeV]: 0.00733759  position[mm]: (3.64581,5.37493,-612.769)
  trackID: 43  chamberNb: 1  energy deposit[MeV]: 0.00383017  position[mm]: (3.6543,5.36202,-612.744)
  trackID: 124  chamberNb: 1  energy deposit[MeV]: 0.00149918  position[mm]: (3.64843,5.36795,-612.773)
  trackID: 42  chamberNb: 1  energy deposit[MeV]: 0.00217192  position[mm]: (3.68565,5.34808,-657.282)
  trackID: 41  chamberNb: 1  energy deposit[MeV]: 0.0069735  position[mm]: (3.75973,5.33885,-662.502)
  trackID: 40  chamberNb: 1  energy deposit[MeV]: 0.00149487  position[mm]: (3.67098,5.31055,-668.806)
  trackID: 39  chamberNb: 1  energy deposit[MeV]: 0.00645083  position[mm]: (3.72161,5.35534,-670.172)
  trackID: 38  chamberNb: 1  energy deposit[MeV]: 0.0018333  position[mm]: (3.61331,5.23991,-697.504)
  trackID: 37  chamberNb: 1  energy deposit[MeV]: 0.00274635  position[mm]: (3.56861,5.18962,-713.967)
  trackID: 36  chamberNb: 1  energy deposit[MeV]: 0.00622047  position[mm]: (3.43232,5.09649,-776.731)
  trackID: 36  chamberNb: 1  energy deposit[MeV]: 0.0030348  position[mm]: (3.45143,5.09809,-776.742)
  trackID: 35  chamberNb: 1  energy deposit[MeV]: 0.00108112  position[mm]: (7.15147,7.7465,-796.689)
  trackID: 35  chamberNb: 1  energy deposit[MeV]: 0.0144061  position[mm]: (3.00523,3.58976,-785.608)
  trackID: 35  chamberNb: 1  energy deposit[MeV]: 0.00977513  position[mm]: (-5.73058,-4.28035,-786.523)
  trackID: 35  chamberNb: 1  energy deposit[MeV]: 0.00702749  position[mm]: (-14.0394,-3.3657,-786.602)
  trackID: 35  chamberNb: 1  energy deposit[MeV]: 0.0106819  position[mm]: (-19.5509,-6.69876,-794.889)
  trackID: 35  chamberNb: 1  energy deposit[MeV]: 0.013346  position[mm]: (-19.3833,-11.5344,-794.693)
  trackID: 35  chamberNb: 1  energy deposit[MeV]: 0.000597173  position[mm]: (-19.452,-12.0573,-794.869)
  trackID: 35  chamberNb: 1  energy deposit[MeV]: 0.0126054  position[mm]: (-16.0546,-15.1258,-794.119)
  trackID: 35  chamberNb: 1  energy deposit[MeV]: 0.000885067  position[mm]: (-15.1377,-15.9184,-794.424)
  trackID: 35  chamberNb: 1  energy deposit[MeV]: 0.0112941  position[mm]: (-16.0387,-16.5092,-798.72)
  trackID: 35  chamberNb: 1  energy deposit[MeV]: 0.00562552  position[mm]: (-15.9213,-16.5432,-799.807)
  trackID: 35  chamberNb: 1  energy deposit[MeV]: 0.0002067  position[mm]: (-15.9816,-16.6531,-800)
  trackID: 130  chamberNb: 1  energy deposit[MeV]: 0.00152949  position[mm]: (-16.0468,-16.5117,-798.722)
  trackID: 129  chamberNb: 1  energy deposit[MeV]: 0.00142812  position[mm]: (-15.1317,-15.9156,-794.42)
  trackID: 128  chamberNb: 1  energy deposit[MeV]: 0.0022484  position[mm]: (-19.4496,-12.064,-794.856)
  trackID: 127  chamberNb: 1  energy deposit[MeV]: 0.00301936  position[mm]: (-14.0369,-3.37345,-786.622)
  trackID: 126  chamberNb: 1  energy deposit[MeV]: 0.00270003  position[mm]: (-5.73295,-4.28944,-786.507)
  trackID: 125  chamberNb: 1  energy deposit[MeV]: 0.0031602  position[mm]: (7.42577,9.77504,-798.102)
  trackID: 125  chamberNb: 1  energy deposit[MeV]: 0.00232306  position[mm]: (6.32571,11.419,-797.652)
  trackID: 125  chamberNb: 1  energy deposit[MeV]: 0.000220483  position[mm]: (5.94884,11.7004,-797.277)
  trackID: 125  chamberNb: 1  energy deposit[MeV]: 0.00585613  position[mm]: (4.37562,12.99,-796.726)
  trackID: 125  chamberNb: 1  energy deposit[MeV]: 0.000721077  position[mm]: (4.29653,14.2013,-796.405)
  trackID: 125  chamberNb: 1  energy deposit[MeV]: 0.00268462  position[mm]: (4.5494,15.8877,-797.676)
  trackID: 125  chamberNb: 1  energy deposit[MeV]: 0.0038225  position[mm]: (3.81413,15.9876,-799.432)
  trackID: 125  chamberNb: 1  energy deposit[MeV]: 0.00408823  position[mm]: (2.84008,14.69,-799.727)
  trackID: 125  chamberNb: 1  energy deposit[MeV]: 0.000740357  position[mm]: (2.57227,14.844,-800)
  trackID: 133  chamberNb: 1  energy deposit[MeV]: 0.00147466  position[mm]: (4.29241,14.2065,-796.4)
  trackID: 132  chamberNb: 1  energy deposit[MeV]: 0.00319645  position[mm]: (5.92722,11.6976,-797.285)
  trackID: 31  chamberNb: 0  energy deposit[MeV]: 0.00145972  position[mm]: (2.20859,3.02846,-1404.33)
  trackID: 30  chamberNb: 0  energy deposit[MeV]: 0.00435554  position[mm]: (1.91554,3.08354,-1416.78)
  trackID: 30  chamberNb: 0  energy deposit[MeV]: 0.00215893  position[mm]: (2.0343,3.17829,-1416.78)
  trackID: 30  chamberNb: 0  energy deposit[MeV]: 0.00562866  position[mm]: (1.97971,3.1414,-1416.72)
  trackID: 30  chamberNb: 0  energy deposit[MeV]: 0.00232688  position[mm]: (1.98427,3.13154,-1416.73)
  trackID: 138  chamberNb: 0  energy deposit[MeV]: 0.00124677  position[mm]: (2.0396,3.17642,-1416.77)
  trackID: 137  chamberNb: 0  energy deposit[MeV]: 0.00122167  position[mm]: (1.91225,3.08799,-1416.79)
  trackID: 29  chamberNb: 0  energy deposit[MeV]: 0.00353385  position[mm]: (2.22782,3.05874,-1421.35)
  trackID: 29  chamberNb: 0  energy deposit[MeV]: 0.00242666  position[mm]: (2.23406,3.05626,-1421.34)
  trackID: 139  chamberNb: 0  energy deposit[MeV]: 0.00140916  position[mm]: (2.21318,3.00936,-1421.38)
  trackID: 28  chamberNb: 0  energy deposit[MeV]: 0.00132989  position[mm]: (2.05155,2.79177,-1485.43)
  trackID: 27  chamberNb: 0  energy deposit[MeV]: 0.00168289  position[mm]: (3.07207,2.69987,-1550.54)
  trackID: 27  chamberNb: 0  energy deposit[MeV]: 0.00822551  position[mm]: (2.68333,1.35873,-1549.72)
  trackID: 27  chamberNb: 0  energy deposit[MeV]: 0.00214867  position[mm]: (3.0192,1.67084,-1550.01)
  trackID: 27  chamberNb: 0  energy deposit[MeV]: 0.00727352  position[mm]: (2.4741,1.27756,-1550.86)
  trackID: 27  chamberNb: 0  energy deposit[MeV]: 0.00629621  position[mm]: (2.12978,1.72578,-1551.26)
  trackID: 27  chamberNb: 0  energy deposit[MeV]: 0.000799586  position[mm]: (2.23193,2.11126,-1551.28)
  trackID: 27  chamberNb: 0  energy deposit[MeV]: 0.00822561  position[mm]: (2.23072,2.13838,-1551.65)
  trackID: 27  chamberNb: 0  energy deposit[MeV]: 0.00458587  position[mm]: (2.29915,2.25563,-1551.74)
  trackID: 27  chamberNb: 0  energy deposit[MeV]: 0.00475391  position[mm]: (2.32138,2.22142,-1551.73)
  trackID: 144  chamberNb: 0  energy deposit[MeV]: 0.00241828  position[mm]: (2.31243,2.26417,-1551.74)
  trackID: 143  chamberNb: 0  energy deposit[MeV]: 0.00219901  position[mm]: (2.24422,2.10504,-1551.28)
  trackID: 142  chamberNb: 0  energy deposit[MeV]: 0.00190528  position[mm]: (2.99102,1.63917,-1550.11)
  trackID: 141  chamberNb: 0  energy deposit[MeV]: 0.00128005  position[mm]: (3.02229,1.67628,-1550.02)
  trackID: 140  chamberNb: 0  energy deposit[MeV]: 0.00138969  position[mm]: (3.07298,2.69552,-1550.55)
  trackID: 26  chamberNb: 0  energy deposit[MeV]: 0.00188181  position[mm]: (1.91073,2.57242,-1553.25)
  trackID: 25  chamberNb: 0  energy deposit[MeV]: 0.0019136  position[mm]: (1.81733,2.44873,-1592.49)
  trackID: 24  chamberNb: 0  energy deposit[MeV]: 0.001321  position[mm]: (1.82196,2.44743,-1595.23)
  trackID: 23  chamberNb: 0  energy deposit[MeV]: 0.0025354  position[mm]: (1.8013,2.41666,-1599.2)
Collection: Event_2
Number of hits: 86
  trackID: 1  chamberNb: 0  energy deposit[MeV]: 0.0164958  position[mm]: (-93.4496,0.351623,-1539.23)
  trackID: 1  chamberNb: 0  energy deposit[MeV]: 0.00065907  position[mm]: (-94.1694,0.358517,-1532.38)
  trackID: 1  chamberNb: 0  energy deposit[MeV]: 0.00458214  position[mm]: (-95.0305,0.364323,-1524.3)
  trackID: 1  chamberNb: 0  energy deposit[MeV]: 3.50339e-05  position[mm]: (-95.0589,0.364582,-1524.03)
  trackID: 1  chamberNb: 0  energy deposit[MeV]: 0.026913  position[mm]: (-102.04,0.440713,-1457.79)
  trackID: 1  chamberNb: 0  energy deposit[MeV]: 0.0203571  position[mm]: (-106.761,0.52023,-1411.14)
  trackID: 1  chamberNb: 0  energy deposit[MeV]: 0.00566054  position[mm]: (-107.914,0.548344,-1400)
  trackID: 1  chamberNb: 1  energy deposit[MeV]: 0.0185864  position[mm]: (-173.515,4.57193,-752.427)
  trackID: 1  chamberNb: 1  energy deposit[MeV]: 0.00377038  position[mm]: (-174.992,4.67693,-738.063)
  trackID: 1  chamberNb: 1  energy deposit[MeV]: 0.032114  position[mm]: (-184.1,5.0993,-648.55)
  trackID: 1  chamberNb: 1  energy deposit[MeV]: 0.0147892  position[mm]: (-186.618,5.25127,-624.864)
  trackID: 1  chamberNb: 1  energy deposit[MeV]: 0.0102403  position[mm]: (-189.278,5.3927,-600)
  trackID: 1  chamberNb: 2  energy deposit[MeV]: 0.044847  position[mm]: (-264.118,10.1649,105.425)
  trackID: 1  chamberNb: 2  energy deposit[MeV]: 0.0127592  position[mm]: (-267.302,10.4024,135.437)
  trackID: 1  chamberNb: 2  energy deposit[MeV]: 0.0246377  position[mm]: (-274.027,10.7607,200)
  trackID: 1  chamberNb: 3  energy deposit[MeV]: 0.0617592  position[mm]: (-352.491,15.9503,938.969)
  trackID: 1  chamberNb: 3  energy deposit[MeV]: 0.00754709  position[mm]: (-354.217,16.1084,955.901)
  trackID: 1  chamberNb: 3  energy deposit[MeV]: 0.0060623  position[mm]: (-356.34,16.2884,976.808)
  trackID: 1  chamberNb: 3  energy deposit[MeV]: 0.00487777  position[mm]: (-358.704,16.4768,1000)
  trackID: 1  chamberNb: 4  energy deposit[MeV]: 0.0202743  position[mm]: (-425.145,21.8469,1649.69)
  trackID: 1  chamberNb: 4  energy deposit[MeV]: 0.00182978  position[mm]: (-425.94,21.9254,1657.66)
  trackID: 1  chamberNb: 4  energy deposit[MeV]: 0.0043064  position[mm]: (-427.419,22.0709,1672.44)
  trackID: 1  chamberNb: 4  energy deposit[MeV]: 0.000632444  position[mm]: (-427.645,22.0893,1674.74)
  trackID: 1  chamberNb: 4  energy deposit[MeV]: 0.00213434  position[mm]: (-428.221,22.1354,1680.59)
  trackID: 1  chamberNb: 4  energy deposit[MeV]: 0.00654683  position[mm]: (-429.976,22.2925,1698.41)
  trackID: 1  chamberNb: 4  energy deposit[MeV]: 0.00764079  position[mm]: (-431.769,22.4499,1716.87)
  trackID: 1  chamberNb: 4  energy deposit[MeV]: 0.0284243  position[mm]: (-439.158,23.0894,1792.14)
  trackID: 1  chamberNb: 4  energy deposit[MeV]: 0.00440301  position[mm]: (-439.518,23.1009,1795.82)
  trackID: 1  chamberNb: 4  energy deposit[MeV]: 0.00131267  position[mm]: (-439.929,23.1137,1800)
  trackID: 63  chamberNb: 4  energy deposit[MeV]: 0.00223341  position[mm]: (-439.521,23.1145,1795.82)
  trackID: 62  chamberNb: 4  energy deposit[MeV]: 0.00741737  position[mm]: (-439.007,22.9161,1792.18)
  trackID: 62  chamberNb: 4  energy deposit[MeV]: 0.00470676  position[mm]: (-438.941,22.9289,1792.14)
  trackID: 62  chamberNb: 4  energy deposit[MeV]: 0.00143439  position[mm]: (-438.946,22.9307,1792.15)
  trackID: 70  chamberNb: 4  energy deposit[MeV]: 0.00129425  position[mm]: (-438.936,22.9332,1792.14)
  trackID: 61  chamberNb: 4  energy deposit[MeV]: 0.00623586  position[mm]: (-431.803,22.3997,1716.87)
  trackID: 60  chamberNb: 4  energy deposit[MeV]: 0.00186505  position[mm]: (-429.982,22.3013,1698.41)
  trackID: 59  chamberNb: 4  energy deposit[MeV]: 0.00129227  position[mm]: (-428.004,22.1002,1680.64)
  trackID: 59  chamberNb: 4  energy deposit[MeV]: 0.00335661  position[mm]: (-427.988,22.2036,1680.51)
  trackID: 59  chamberNb: 4  energy deposit[MeV]: 0.00865968  position[mm]: (-427.952,22.1908,1680.42)
  trackID: 71  chamberNb: 4  energy deposit[MeV]: 0.00193943  position[mm]: (-428.006,22.0914,1680.63)
  trackID: 58  chamberNb: 4  energy deposit[MeV]: 0.00788877  position[mm]: (-427.72,22.0469,1674.74)
  trackID: 57  chamberNb: 4  energy deposit[MeV]: 0.00105563  position[mm]: (-427.249,21.9807,1672.48)
  trackID: 57  chamberNb: 4  energy deposit[MeV]: 0.00264829  position[mm]: (-427.12,22.1012,1672.53)
  trackID: 57  chamberNb: 4  energy deposit[MeV]: 0.0102367  position[mm]: (-427.044,22.1554,1672.62)
  trackID: 73  chamberNb: 4  energy deposit[MeV]: 0.00157651  position[mm]: (-427.126,22.1078,1672.53)
  trackID: 72  chamberNb: 4  energy deposit[MeV]: 0.00134026  position[mm]: (-427.244,21.978,1672.48)
  trackID: 56  chamberNb: 4  energy deposit[MeV]: 0.00257829  position[mm]: (-425.937,21.9426,1657.66)
  trackID: 55  chamberNb: 4  energy deposit[MeV]: 0.000159164  position[mm]: (-425.123,21.8184,1649.7)
  trackID: 55  chamberNb: 4  energy deposit[MeV]: 0.00535305  position[mm]: (-424.959,21.7243,1649.71)
  trackID: 55  chamberNb: 4  energy deposit[MeV]: 0.00630382  position[mm]: (-425.017,21.7164,1649.73)
  trackID: 75  chamberNb: 4  energy deposit[MeV]: 0.00132454  position[mm]: (-424.962,21.7248,1649.7)
  trackID: 74  chamberNb: 4  energy deposit[MeV]: 0.00124464  position[mm]: (-425.124,21.8154,1649.69)
  trackID: 52  chamberNb: 3  energy deposit[MeV]: 0.00558309  position[mm]: (-356.463,16.0021,976.841)
  trackID: 52  chamberNb: 3  energy deposit[MeV]: 0.00805371  position[mm]: (-356.461,16.1685,976.789)
  trackID: 52  chamberNb: 3  energy deposit[MeV]: 0.00430439  position[mm]: (-356.479,16.1983,976.79)
  trackID: 51  chamberNb: 3  energy deposit[MeV]: 0.00216066  position[mm]: (-354.231,16.1076,955.9)
  trackID: 50  chamberNb: 3  energy deposit[MeV]: 0.00235714  position[mm]: (-352.543,15.8795,938.972)
  trackID: 50  chamberNb: 3  energy deposit[MeV]: 0.00355857  position[mm]: (-352.57,15.8785,938.976)
  trackID: 76  chamberNb: 3  energy deposit[MeV]: 0.00214225  position[mm]: (-352.544,15.8916,938.967)
  trackID: 45  chamberNb: 2  energy deposit[MeV]: 0.00216704  position[mm]: (-267.315,10.4054,135.436)
  trackID: 44  chamberNb: 2  energy deposit[MeV]: 0.00602119  position[mm]: (-264.146,10.1141,105.427)
  trackID: 37  chamberNb: 1  energy deposit[MeV]: 0.00309681  position[mm]: (-186.64,5.25143,-624.865)
  trackID: 36  chamberNb: 1  energy deposit[MeV]: 0.00409557  position[mm]: (-184.127,5.11866,-648.551)
  trackID: 35  chamberNb: 1  energy deposit[MeV]: 0.00339796  position[mm]: (-174.973,4.69286,-738.059)
  trackID: 34  chamberNb: 1  energy deposit[MeV]: 0.00399423  position[mm]: (-173.495,4.5473,-752.423)
  trackID: 25  chamberNb: 0  energy deposit[MeV]: 0.00273953  position[mm]: (-106.775,0.532985,-1411.14)
  trackID: 24  chamberNb: 0  energy deposit[MeV]: 0.00477318  position[mm]: (-102.127,2.05925,-1457.39)
  trackID: 24  chamberNb: 0  energy deposit[MeV]: 0.00630178  position[mm]: (-103.766,2.84244,-1457.32)
  trackID: 24  chamberNb: 0  energy deposit[MeV]: 0.00720934  position[mm]: (-104.73,1.71148,-1457.29)
  trackID: 24  chamberNb: 0  energy deposit[MeV]: 0.00980249  position[mm]: (-105.206,2.58238,-1456.73)
  trackID: 24  chamberNb: 0  energy deposit[MeV]: 0.00586452  position[mm]: (-105.161,1.88161,-1456.95)
  trackID: 24  chamberNb: 0  energy deposit[MeV]: 0.00325662  position[mm]: (-105.377,2.34959,-1456.92)
  trackID: 24  chamberNb: 0  energy deposit[MeV]: 0.00562068  position[mm]: (-105.3,2.21785,-1457.23)
  trackID: 24  chamberNb: 0  energy deposit[MeV]: 0.00502063  position[mm]: (-105.348,2.29588,-1457.33)
  trackID: 24  chamberNb: 0  energy deposit[MeV]: 0.00565651  position[mm]: (-105.378,2.32204,-1457.29)
  trackID: 81  chamberNb: 0  energy deposit[MeV]: 0.00287776  position[mm]: (-105.299,2.20201,-1457.24)
  trackID: 80  chamberNb: 0  energy deposit[MeV]: 0.00218897  position[mm]: (-105.382,2.33735,-1456.91)
  trackID: 79  chamberNb: 0  energy deposit[MeV]: 0.00123387  position[mm]: (-102.124,2.06504,-1457.39)
  trackID: 23  chamberNb: 0  energy deposit[MeV]: 0.00197578  position[mm]: (-95.0512,0.33339,-1524.02)
  trackID: 23  chamberNb: 0  energy deposit[MeV]: 0.00207896  position[mm]: (-95.0509,0.32205,-1524.03)
  trackID: 22  chamberNb: 0  energy deposit[MeV]: 0.00398453  position[mm]: (-95.057,0.381232,-1524.3)
  trackID: 21  chamberNb: 0  energy deposit[MeV]: 0.00390423  position[mm]: (-93.7822,0.365489,-1532.28)
  trackID: 21  chamberNb: 0  energy deposit[MeV]: 0.00845487  position[mm]: (-93.6754,0.51586,-1532.5)
  trackID: 21  chamberNb: 0  energy deposit[MeV]: 0.00856512  position[mm]: (-93.6628,0.604642,-1532.46)
  trackID: 82  chamberNb: 0  energy deposit[MeV]: 0.00166669  position[mm]: (-93.7781,0.371866,-1532.27)
  trackID: 20  chamberNb: 0  energy deposit[MeV]: 0.00150588  position[mm]: (-93.4411,0.350548,-1539.22)
Collection: Event_3
Number of hits: 77
  trackID: 1  chamberNb: 0  energy deposit[MeV]: 0.000743763  position[mm]: (-217.766,-107.682,-1598.47)
  trackID: 1  chamberNb: 0  energy deposit[MeV]: 0.00507037  position[mm]: (-221.645,-109.517,-1583.97)
  trackID: 1  chamberNb: 0  energy deposit[MeV]: 0.00813851  position[mm]: (-223.995,-110.616,-1575.23)
  trackID: 1  chamberNb: 0  energy deposit[MeV]: 0.0291997  position[mm]: (-240,-118.175,-1515.56)
  trackID: 1  chamberNb: 1  energy deposit[MeV]: 0.0033589  position[mm]: (-433.224,-209.103,-792.997)
  trackID: 1  chamberNb: 1  energy deposit[MeV]: 0.00230504  position[mm]: (-435.449,-210.133,-784.772)
  trackID: 1  chamberNb: 1  energy deposit[MeV]: 0.00275967  position[mm]: (-438.544,-211.558,-773.313)
  trackID: 1  chamberNb: 1  energy deposit[MeV]: 0.0049711  position[mm]: (-441.395,-212.88,-762.714)
  trackID: 1  chamberNb: 1  energy deposit[MeV]: 0.0283189  position[mm]: (-458.242,-220.756,-700.087)
  trackID: 1  chamberNb: 1  energy deposit[MeV]: 0.0407304  position[mm]: (-480.266,-231.23,-617.911)
  trackID: 1  chamberNb: 1  energy deposit[MeV]: 0.00724958  position[mm]: (-484.97,-233.524,-600)
  trackID: 1  chamberNb: 2  energy deposit[MeV]: 0.00118906  position[mm]: (-644.143,-310.375,5.45958)
  trackID: 1  chamberNb: 2  energy deposit[MeV]: 0.00569002  position[mm]: (-648.422,-312.438,21.9321)
  trackID: 1  chamberNb: 2  energy deposit[MeV]: 0.0284409  position[mm]: (-671.061,-323.64,110.107)
  trackID: 1  chamberNb: 2  energy deposit[MeV]: 0.0377174  position[mm]: (-694.142,-335.322,200)
  trackID: 1  chamberNb: 3  energy deposit[MeV]: 0.0100534  position[mm]: (-852.962,-414.292,820.063)
  trackID: 1  chamberNb: 3  energy deposit[MeV]: 0.00573153  position[mm]: (-857.418,-416.519,837.654)
  trackID: 1  chamberNb: 3  energy deposit[MeV]: 0.00241445  position[mm]: (-859.606,-417.614,846.335)
  trackID: 1  chamberNb: 3  energy deposit[MeV]: 0.000757998  position[mm]: (-860.283,-417.951,849.018)
  trackID: 1  chamberNb: 3  energy deposit[MeV]: 0.00132673  position[mm]: (-860.883,-418.25,851.399)
  trackID: 1  chamberNb: 3  energy deposit[MeV]: 0.0164793  position[mm]: (-871.744,-423.652,894.52)
  trackID: 1  chamberNb: 3  energy deposit[MeV]: 0.0108398  position[mm]: (-882.478,-428.849,936.576)
  trackID: 1  chamberNb: 3  energy deposit[MeV]: 0.00946893  position[mm]: (-889.503,-432.247,964.187)
  trackID: 1  chamberNb: 3  energy deposit[MeV]: 0.00459641  position[mm]: (-893.399,-434.142,979.486)
  trackID: 1  chamberNb: 3  energy deposit[MeV]: 0.00640671  position[mm]: (-898.638,-436.699,1000)
  trackID: 1  chamberNb: 4  energy deposit[MeV]: 0.0181274  position[mm]: (-1064.07,-514.505,1650.1)
  trackID: 1  chamberNb: 4  energy deposit[MeV]: 0.0045734  position[mm]: (-1070.66,-517.608,1675.98)
  trackID: 1  chamberNb: 4  energy deposit[MeV]: 0.00586776  position[mm]: (-1072.92,-518.65,1684.83)
  trackID: 1  chamberNb: 4  energy deposit[MeV]: 0.000552464  position[mm]: (-1073.21,-518.784,1685.97)
  trackID: 1  chamberNb: 4  energy deposit[MeV]: 0.00139945  position[mm]: (-1074.42,-519.342,1690.69)
  trackID: 1  chamberNb: 4  energy deposit[MeV]: 0.0174739  position[mm]: (-1085.1,-524.31,1732.48)
  trackID: 1  chamberNb: 4  energy deposit[MeV]: 0.00494101  position[mm]: (-1087.56,-525.433,1742.1)
  trackID: 1  chamberNb: 4  energy deposit[MeV]: 0.0176686  position[mm]: (-1095.68,-529.165,1773.79)
  trackID: 1  chamberNb: 4  energy deposit[MeV]: 0.00221693  position[mm]: (-1097.85,-530.179,1782.28)
  trackID: 1  chamberNb: 4  energy deposit[MeV]: 0.00699198  position[mm]: (-1102.38,-532.317,1800)
  trackID: 83  chamberNb: 4  energy deposit[MeV]: 0.00172289  position[mm]: (-1097.84,-530.173,1782.28)
  trackID: 82  chamberNb: 4  energy deposit[MeV]: 0.00130785  position[mm]: (-1095.68,-529.159,1773.79)
  trackID: 81  chamberNb: 4  energy deposit[MeV]: 0.00137761  position[mm]: (-1087.56,-525.425,1742.1)
  trackID: 80  chamberNb: 4  energy deposit[MeV]: 0.00339677  position[mm]: (-1085.08,-524.323,1732.49)
  trackID: 79  chamberNb: 4  energy deposit[MeV]: 0.00194406  position[mm]: (-1074.42,-519.333,1690.69)
  trackID: 78  chamberNb: 4  energy deposit[MeV]: 0.00126193  position[mm]: (-1073.21,-518.778,1685.97)
  trackID: 77  chamberNb: 4  energy deposit[MeV]: 0.00261785  position[mm]: (-1072.94,-518.645,1684.83)
  trackID: 76  chamberNb: 4  energy deposit[MeV]: 0.00218789  position[mm]: (-1070.67,-517.596,1675.98)
  trackID: 75  chamberNb: 4  energy deposit[MeV]: 0.00125718  position[mm]: (-1064.06,-514.504,1650.1)
  trackID: 65  chamberNb: 3  energy deposit[MeV]: 0.00227835  position[mm]: (-893.412,-434.136,979.484)
  trackID: 64  chamberNb: 3  energy deposit[MeV]: 0.00723184  position[mm]: (-889.569,-432.211,964.182)
  trackID: 63  chamberNb: 3  energy deposit[MeV]: 0.00350378  position[mm]: (-882.483,-428.824,936.58)
  trackID: 62  chamberNb: 3  energy deposit[MeV]: 0.00559864  position[mm]: (-871.778,-423.69,894.51)
  trackID: 61  chamberNb: 3  energy deposit[MeV]: 0.00188241  position[mm]: (-860.876,-418.258,851.4)
  trackID: 60  chamberNb: 3  energy deposit[MeV]: 0.00140494  position[mm]: (-860.279,-417.945,849.02)
  trackID: 59  chamberNb: 3  energy deposit[MeV]: 0.00159615  position[mm]: (-859.615,-417.616,846.332)
  trackID: 58  chamberNb: 3  energy deposit[MeV]: 0.00618541  position[mm]: (-857.476,-416.53,837.643)
  trackID: 57  chamberNb: 3  energy deposit[MeV]: 0.00122826  position[mm]: (-852.966,-414.297,820.062)
  trackID: 56  chamberNb: 3  energy deposit[MeV]: 0.000635187  position[mm]: (-838.175,-412.895,800.152)
  trackID: 56  chamberNb: 3  energy deposit[MeV]: 0.00170694  position[mm]: (-838.358,-412.651,800.128)
  trackID: 56  chamberNb: 3  energy deposit[MeV]: 0.000174394  position[mm]: (-838.571,-412.537,800.164)
  trackID: 56  chamberNb: 3  energy deposit[MeV]: 0.00270445  position[mm]: (-838.721,-412.513,800.399)
  trackID: 56  chamberNb: 3  energy deposit[MeV]: 0.000785019  position[mm]: (-838.767,-412.545,800.664)
  trackID: 56  chamberNb: 3  energy deposit[MeV]: 0.000565354  position[mm]: (-838.704,-412.901,800.76)
  trackID: 56  chamberNb: 3  energy deposit[MeV]: 0.00148016  position[mm]: (-838.773,-413.195,800.984)
  trackID: 56  chamberNb: 3  energy deposit[MeV]: 0.000842704  position[mm]: (-839.166,-413.299,801.144)
  trackID: 56  chamberNb: 3  energy deposit[MeV]: 0.00481377  position[mm]: (-839.437,-413.093,801.631)
  trackID: 56  chamberNb: 3  energy deposit[MeV]: 0.00827758  position[mm]: (-839.55,-413.042,801.837)
  trackID: 56  chamberNb: 3  energy deposit[MeV]: 0.00685457  position[mm]: (-839.607,-413.012,801.81)
  trackID: 50  chamberNb: 2  energy deposit[MeV]: 0.00408716  position[mm]: (-671.039,-323.664,110.112)
  trackID: 49  chamberNb: 2  energy deposit[MeV]: 0.00329388  position[mm]: (-648.405,-312.423,21.9401)
  trackID: 48  chamberNb: 2  energy deposit[MeV]: 0.00941161  position[mm]: (-644.143,-310.516,5.45756)
  trackID: 48  chamberNb: 2  energy deposit[MeV]: 0.0014371  position[mm]: (-644.138,-310.516,5.45154)
  trackID: 36  chamberNb: 1  energy deposit[MeV]: 0.00556143  position[mm]: (-480.235,-231.192,-617.894)
  trackID: 35  chamberNb: 1  energy deposit[MeV]: 0.00177427  position[mm]: (-458.245,-220.765,-700.088)
  trackID: 34  chamberNb: 1  energy deposit[MeV]: 0.00233214  position[mm]: (-441.387,-212.868,-762.71)
  trackID: 33  chamberNb: 1  energy deposit[MeV]: 0.00150483  position[mm]: (-438.545,-211.55,-773.312)
  trackID: 32  chamberNb: 1  energy deposit[MeV]: 0.00137939  position[mm]: (-435.455,-210.138,-784.774)
  trackID: 31  chamberNb: 1  energy deposit[MeV]: 0.00146788  position[mm]: (-433.228,-209.111,-792.999)
  trackID: 21  chamberNb: 0  energy deposit[MeV]: 0.00169855  position[mm]: (-224.004,-110.611,-1575.23)
  trackID: 20  chamberNb: 0  energy deposit[MeV]: 0.00130581  position[mm]: (-221.65,-109.522,-1583.97)
  trackID: 19  chamberNb: 0  energy deposit[MeV]: 0.00137564  position[mm]: (-217.761,-107.677,-1598.47)
Collection: Event_4
Number of hits: 134
  trackID: 1  chamberNb: 0  energy deposit[MeV]: 0.00324266  position[mm]: (-106.047,167.018,-1590.34)
  trackID: 1  chamberNb: 0  energy deposit[MeV]: 0.000266153  position[mm]: (-106.204,167.271,-1589.09)
  trackID: 1  chamberNb: 0  energy deposit[MeV]: 0.0207785  position[mm]: (-112.677,177.712,-1537.31)
  trackID: 1  chamberNb: 0  energy deposit[MeV]: 0.028826  position[mm]: (-122.047,194.49,-1456.79)
  trackID: 1  chamberNb: 0  energy deposit[MeV]: 0.00167383  position[mm]: (-122.521,195.332,-1452.74)
  trackID: 1  chamberNb: 0  energy deposit[MeV]: 0.0121933  position[mm]: (-126.512,202.412,-1418.64)
  trackID: 1  chamberNb: 0  energy deposit[MeV]: 0.0030036  position[mm]: (-127.079,203.389,-1413.95)
  trackID: 1  chamberNb: 0  energy deposit[MeV]: 0.00601206  position[mm]: (-128.765,206.273,-1400)
  trackID: 1  chamberNb: 1  energy deposit[MeV]: 0.00213978  position[mm]: (-202.997,332.109,-787.418)
  trackID: 1  chamberNb: 1  energy deposit[MeV]: 0.00468302  position[mm]: (-203.744,333.359,-781.324)
  trackID: 1  chamberNb: 1  energy deposit[MeV]: 0.00987944  position[mm]: (-205.354,336.06,-768.183)
  trackID: 1  chamberNb: 1  energy deposit[MeV]: 0.000482983  position[mm]: (-205.518,336.333,-766.851)
  trackID: 1  chamberNb: 1  energy deposit[MeV]: 0.00286236  position[mm]: (-206.445,337.882,-759.295)
  trackID: 1  chamberNb: 1  energy deposit[MeV]: 0.00158262  position[mm]: (-207.607,339.831,-749.743)
  trackID: 1  chamberNb: 1  energy deposit[MeV]: 0.00310147  position[mm]: (-208.701,341.671,-740.745)
  trackID: 1  chamberNb: 1  energy deposit[MeV]: 0.0137821  position[mm]: (-212.828,348.639,-706.781)
  trackID: 1  chamberNb: 1  energy deposit[MeV]: 0.014384  position[mm]: (-217.564,356.806,-666.842)
  trackID: 1  chamberNb: 1  energy deposit[MeV]: 0.00236401  position[mm]: (-218.358,358.218,-659.918)
  trackID: 1  chamberNb: 1  energy deposit[MeV]: 0.00891614  position[mm]: (-220.199,361.537,-643.691)
  trackID: 1  chamberNb: 1  energy deposit[MeV]: 0.00926972  position[mm]: (-222.778,366.283,-620.636)
  trackID: 1  chamberNb: 1  energy deposit[MeV]: 0.00992067  position[mm]: (-225.049,370.522,-600)
  trackID: 1  chamberNb: 2  energy deposit[MeV]: 0.00298518  position[mm]: (-292.994,495.861,10.5049)
  trackID: 1  chamberNb: 2  energy deposit[MeV]: 0.00372078  position[mm]: (-293.814,497.385,18.0047)
  trackID: 1  chamberNb: 2  energy deposit[MeV]: 0.0241299  position[mm]: (-300.873,510.42,82.1926)
  trackID: 1  chamberNb: 2  energy deposit[MeV]: 0.00133621  position[mm]: (-301.374,511.349,86.7512)
  trackID: 1  chamberNb: 2  energy deposit[MeV]: 0.0143734  position[mm]: (-305.466,518.9,123.96)
  trackID: 1  chamberNb: 2  energy deposit[MeV]: 0.00620499  position[mm]: (-307.234,522.179,140.106)
  trackID: 1  chamberNb: 2  energy deposit[MeV]: 0.00791853  position[mm]: (-309.335,526.092,159.471)
  trackID: 1  chamberNb: 2  energy deposit[MeV]: 0.00436314  position[mm]: (-310.474,528.268,170.121)
  trackID: 1  chamberNb: 2  energy deposit[MeV]: 0.000658861  position[mm]: (-311.171,529.626,176.719)
  trackID: 1  chamberNb: 2  energy deposit[MeV]: 0.00298259  position[mm]: (-312.085,531.408,185.39)
  trackID: 1  chamberNb: 2  energy deposit[MeV]: 0.00380143  position[mm]: (-313.407,533.98,197.906)
  trackID: 1  chamberNb: 2  energy deposit[MeV]: 0.00125002  position[mm]: (-313.628,534.409,200)
  trackID: 1  chamberNb: 3  energy deposit[MeV]: 0.00866217  position[mm]: (-379.837,663.034,827.149)
  trackID: 1  chamberNb: 3  energy deposit[MeV]: 0.024808  position[mm]: (-385.508,673.836,879.769)
  trackID: 1  chamberNb: 3  energy deposit[MeV]: 0.00084049  position[mm]: (-385.715,674.229,881.669)
  trackID: 1  chamberNb: 3  energy deposit[MeV]: 0.00153357  position[mm]: (-386.548,675.815,889.327)
  trackID: 1  chamberNb: 3  energy deposit[MeV]: 0.0078203  position[mm]: (-388.832,680.204,910.418)
  trackID: 1  chamberNb: 3  energy deposit[MeV]: 0.00769296  position[mm]: (-390.755,683.925,928.212)
  trackID: 1  chamberNb: 3  energy deposit[MeV]: 0.00439511  position[mm]: (-392.582,687.405,944.945)
  trackID: 1  chamberNb: 3  energy deposit[MeV]: 0.0243326  position[mm]: (-398.69,698.82,1000)
  trackID: 1  chamberNb: 4  energy deposit[MeV]: 0.00339472  position[mm]: (-467.248,824.365,1609.45)
  trackID: 1  chamberNb: 4  energy deposit[MeV]: 0.000735707  position[mm]: (-467.648,825.093,1613.01)
  trackID: 1  chamberNb: 4  energy deposit[MeV]: 0.0286549  position[mm]: (-473.95,836.624,1669.23)
  trackID: 1  chamberNb: 4  energy deposit[MeV]: 0.0322142  position[mm]: (-481.255,850.078,1734.79)
  trackID: 1  chamberNb: 4  energy deposit[MeV]: 0.00630999  position[mm]: (-484.992,856.956,1768.1)
  trackID: 1  chamberNb: 4  energy deposit[MeV]: 0.0099888  position[mm]: (-488.591,863.574,1800)
  trackID: 98  chamberNb: 4  energy deposit[MeV]: 0.00246083  position[mm]: (-485.006,856.963,1768.1)
  trackID: 97  chamberNb: 4  energy deposit[MeV]: 0.00197582  position[mm]: (-481.267,850.079,1734.79)
  trackID: 96  chamberNb: 4  energy deposit[MeV]: 0.00168352  position[mm]: (-473.94,836.622,1669.24)
  trackID: 95  chamberNb: 4  energy deposit[MeV]: 0.00318507  position[mm]: (-467.843,824.944,1613.05)
  trackID: 95  chamberNb: 4  energy deposit[MeV]: 0.00508967  position[mm]: (-467.742,825.049,1613.01)
  trackID: 95  chamberNb: 4  energy deposit[MeV]: 0.00356827  position[mm]: (-467.69,825.079,1613)
  trackID: 95  chamberNb: 4  energy deposit[MeV]: 0.00267098  position[mm]: (-467.69,825.097,1612.99)
  trackID: 111  chamberNb: 4  energy deposit[MeV]: 0.00138213  position[mm]: (-467.848,824.947,1613.04)
  trackID: 94  chamberNb: 4  energy deposit[MeV]: 0.0023736  position[mm]: (-467.258,824.377,1609.44)
  trackID: 86  chamberNb: 3  energy deposit[MeV]: 0.00260875  position[mm]: (-392.597,687.413,944.942)
  trackID: 85  chamberNb: 3  energy deposit[MeV]: 0.00688496  position[mm]: (-390.863,683.907,928.215)
  trackID: 85  chamberNb: 3  energy deposit[MeV]: 0.00231679  position[mm]: (-390.869,683.918,928.209)
  trackID: 84  chamberNb: 3  energy deposit[MeV]: 0.00456475  position[mm]: (-388.819,680.121,910.445)
  trackID: 84  chamberNb: 3  energy deposit[MeV]: 0.00213489  position[mm]: (-388.821,680.128,910.434)
  trackID: 112  chamberNb: 3  energy deposit[MeV]: 0.00131462  position[mm]: (-388.825,680.124,910.448)
  trackID: 83  chamberNb: 3  energy deposit[MeV]: 0.00135969  position[mm]: (-386.556,675.815,889.326)
  trackID: 82  chamberNb: 3  energy deposit[MeV]: 0.00227411  position[mm]: (-385.701,674.226,881.671)
  trackID: 81  chamberNb: 3  energy deposit[MeV]: 0.00056924  position[mm]: (-385.582,673.799,879.778)
  trackID: 81  chamberNb: 3  energy deposit[MeV]: 0.00724108  position[mm]: (-385.631,673.801,879.685)
  trackID: 81  chamberNb: 3  energy deposit[MeV]: 0.00178416  position[mm]: (-385.634,673.81,879.681)
  trackID: 113  chamberNb: 3  energy deposit[MeV]: 0.00123566  position[mm]: (-385.576,673.802,879.775)
  trackID: 80  chamberNb: 3  energy deposit[MeV]: 0.00125626  position[mm]: (-379.838,663.041,827.148)
  trackID: 74  chamberNb: 2  energy deposit[MeV]: 0.00334681  position[mm]: (-313.417,534.002,197.902)
  trackID: 73  chamberNb: 2  energy deposit[MeV]: 0.00639649  position[mm]: (-312.029,531.382,185.406)
  trackID: 72  chamberNb: 2  energy deposit[MeV]: 0.00184894  position[mm]: (-311.182,529.624,176.719)
  trackID: 71  chamberNb: 2  energy deposit[MeV]: 0.00244689  position[mm]: (-310.485,528.258,170.106)
  trackID: 114  chamberNb: 2  energy deposit[MeV]: 0.00156966  position[mm]: (-310.489,528.255,170.124)
  trackID: 70  chamberNb: 2  energy deposit[MeV]: 0.00131552  position[mm]: (-309.328,526.094,159.472)
  trackID: 69  chamberNb: 2  energy deposit[MeV]: 0.0077711  position[mm]: (-307.262,522.102,140.126)
  trackID: 68  chamberNb: 2  energy deposit[MeV]: 0.00472826  position[mm]: (-305.504,518.913,123.956)
  trackID: 67  chamberNb: 2  energy deposit[MeV]: 0.00123723  position[mm]: (-301.414,511.718,86.7708)
  trackID: 67  chamberNb: 2  energy deposit[MeV]: 0.000583969  position[mm]: (-301.71,511.994,86.7251)
  trackID: 67  chamberNb: 2  energy deposit[MeV]: 0.00267391  position[mm]: (-302.212,513.136,86.6061)
  trackID: 67  chamberNb: 2  energy deposit[MeV]: 0.0048445  position[mm]: (-303.305,513.883,87.3353)
  trackID: 67  chamberNb: 2  energy deposit[MeV]: 0.00861857  position[mm]: (-302.922,514.624,87.3891)
  trackID: 67  chamberNb: 2  energy deposit[MeV]: 0.00101606  position[mm]: (-303.375,514.557,87.4809)
  trackID: 67  chamberNb: 2  energy deposit[MeV]: 0.00291404  position[mm]: (-303.403,514.683,87.1151)
  trackID: 67  chamberNb: 2  energy deposit[MeV]: 0.00728031  position[mm]: (-303.591,514.81,87.0671)
  trackID: 67  chamberNb: 2  energy deposit[MeV]: 0.0026892  position[mm]: (-303.586,514.74,87.1015)
  trackID: 67  chamberNb: 2  energy deposit[MeV]: 0.00189511  position[mm]: (-303.562,514.735,87.1031)
  trackID: 67  chamberNb: 2  energy deposit[MeV]: 0.00141012  position[mm]: (-303.566,514.729,87.1051)
  trackID: 121  chamberNb: 2  energy deposit[MeV]: 0.0014778  position[mm]: (-303.586,514.741,87.11)
  trackID: 120  chamberNb: 2  energy deposit[MeV]: 0.00403934  position[mm]: (-303.384,514.706,87.1027)
  trackID: 119  chamberNb: 2  energy deposit[MeV]: 0.00172958  position[mm]: (-303.374,514.548,87.4775)
  trackID: 118  chamberNb: 2  energy deposit[MeV]: 0.00230074  position[mm]: (-303.291,513.868,87.4835)
  trackID: 118  chamberNb: 2  energy deposit[MeV]: 0.00567817  position[mm]: (-303.334,513.837,87.4783)
  trackID: 122  chamberNb: 2  energy deposit[MeV]: 0.00326328  position[mm]: (-303.277,513.849,87.4783)
  trackID: 117  chamberNb: 2  energy deposit[MeV]: 0.00866833  position[mm]: (-302.199,513.216,86.5476)
  trackID: 116  chamberNb: 2  energy deposit[MeV]: 0.00140657  position[mm]: (-301.717,511.991,86.7248)
  trackID: 115  chamberNb: 2  energy deposit[MeV]: 0.00249003  position[mm]: (-301.407,511.728,86.7822)
  trackID: 66  chamberNb: 2  energy deposit[MeV]: 0.00138582  position[mm]: (-300.865,510.42,82.1938)
  trackID: 65  chamberNb: 2  energy deposit[MeV]: 0.00314427  position[mm]: (-293.811,497.363,18.0108)
  trackID: 64  chamberNb: 2  energy deposit[MeV]: 0.00131353  position[mm]: (-292.995,495.868,10.5037)
  trackID: 55  chamberNb: 1  energy deposit[MeV]: 0.00228136  position[mm]: (-222.766,366.291,-620.635)
  trackID: 54  chamberNb: 1  energy deposit[MeV]: 0.00217721  position[mm]: (-220.186,361.534,-643.688)
  trackID: 53  chamberNb: 1  energy deposit[MeV]: 0.00116934  position[mm]: (-218.52,357.931,-659.826)
  trackID: 53  chamberNb: 1  energy deposit[MeV]: 0.00949751  position[mm]: (-218.398,357.695,-659.738)
  trackID: 53  chamberNb: 1  energy deposit[MeV]: 0.00716457  position[mm]: (-218.438,357.751,-659.768)
  trackID: 123  chamberNb: 1  energy deposit[MeV]: 0.00290003  position[mm]: (-218.501,357.938,-659.831)
  trackID: 52  chamberNb: 1  energy deposit[MeV]: 0.00654938  position[mm]: (-217.61,356.636,-666.791)
  trackID: 52  chamberNb: 1  energy deposit[MeV]: 0.00472392  position[mm]: (-217.611,356.66,-666.823)
  trackID: 124  chamberNb: 1  energy deposit[MeV]: 0.00145185  position[mm]: (-217.612,356.63,-666.796)
  trackID: 51  chamberNb: 1  energy deposit[MeV]: 0.0073465  position[mm]: (-212.778,348.584,-706.757)
  trackID: 50  chamberNb: 1  energy deposit[MeV]: 0.00154931  position[mm]: (-208.692,341.671,-740.744)
  trackID: 49  chamberNb: 1  energy deposit[MeV]: 0.00128114  position[mm]: (-207.6,339.833,-749.742)
  trackID: 48  chamberNb: 1  energy deposit[MeV]: 0.00231574  position[mm]: (-206.44,337.896,-759.296)
  trackID: 47  chamberNb: 1  energy deposit[MeV]: 0.00886756  position[mm]: (-205.621,336.329,-766.852)
  trackID: 46  chamberNb: 1  energy deposit[MeV]: 0.00377222  position[mm]: (-205.326,336.068,-768.18)
  trackID: 45  chamberNb: 1  energy deposit[MeV]: 0.00136427  position[mm]: (-203.749,333.365,-781.326)
  trackID: 44  chamberNb: 1  energy deposit[MeV]: 0.00345799  position[mm]: (-203.017,332.125,-787.422)
  trackID: 43  chamberNb: 1  energy deposit[MeV]: 0.000110883  position[mm]: (-201.476,329.51,-799.947)
  trackID: 43  chamberNb: 1  energy deposit[MeV]: 0.00154372  position[mm]: (-201.465,329.492,-799.932)
  trackID: 43  chamberNb: 1  energy deposit[MeV]: 0.0014147  position[mm]: (-201.467,329.487,-799.926)
  trackID: 28  chamberNb: 0  energy deposit[MeV]: 0.00295049  position[mm]: (-127.258,203.524,-1413.97)
  trackID: 28  chamberNb: 0  energy deposit[MeV]: 0.00878983  position[mm]: (-127.365,203.558,-1413.91)
  trackID: 28  chamberNb: 0  energy deposit[MeV]: 0.00153098  position[mm]: (-127.371,203.553,-1413.9)
  trackID: 125  chamberNb: 0  energy deposit[MeV]: 0.00123954  position[mm]: (-127.258,203.518,-1413.97)
  trackID: 27  chamberNb: 0  energy deposit[MeV]: 0.0029812  position[mm]: (-126.449,202.389,-1418.62)
  trackID: 27  chamberNb: 0  energy deposit[MeV]: 0.00217245  position[mm]: (-126.441,202.387,-1418.63)
  trackID: 126  chamberNb: 0  energy deposit[MeV]: 0.00169757  position[mm]: (-126.442,202.386,-1418.62)
  trackID: 26  chamberNb: 0  energy deposit[MeV]: 0.002267  position[mm]: (-122.512,195.343,-1452.74)
  trackID: 25  chamberNb: 0  energy deposit[MeV]: 0.0015403  position[mm]: (-122.05,194.498,-1456.79)
  trackID: 24  chamberNb: 0  energy deposit[MeV]: 0.00181234  position[mm]: (-112.837,177.794,-1537.33)
  trackID: 24  chamberNb: 0  energy deposit[MeV]: 0.010125  position[mm]: (-112.755,177.698,-1537.32)
  trackID: 127  chamberNb: 0  energy deposit[MeV]: 0.00125958  position[mm]: (-112.842,177.79,-1537.33)
  trackID: 23  chamberNb: 0  energy deposit[MeV]: 0.00274144  position[mm]: (-106.189,167.26,-1589.08)
  trackID: 22  chamberNb: 0  energy deposit[MeV]: 0.00745431  position[mm]: (-106.123,166.995,-1590.34)
