
*************************************************************
 Geant4 version Name: global-V09-00-00    (28-August-2007)
                      Copyright : Geant4 Collaboration
                      Reference : NIM A 506 (2003), 250-303
                            WWW : http://cern.ch/geant4
*************************************************************

Visualization Manager instantiating...
Visualization Manager initialising...
Registering graphics systems...

You have successfully registered the following graphics systems.
Current available graphics systems are:
  ASCIITree (ATree)
  DAWNFILE (DAWNFILE)
  G4HepRep (HepRepXML)
  G4HepRepFile (HepRepFile)
  RayTracer (RayTracer)
  VRML1FILE (VRML1FILE)
  VRML2FILE (VRML2FILE)

Registering model factories...

You have successfully registered the following model factories.
Registered model factories:
  generic
  drawByCharge
  drawByParticleID
  drawByOriginVolume
  drawByAttribute

Registered filter factories:
  chargeFilter
  particleFilter
  originVolumeFilter
  attributeFilter

Equal
Equal
Equal
  Surface type   = 1
  Surface finish = 0
  Surface model  = 0

  Surface parameter 
  ----------------- 
1

 AddDiscreteProcess to OpticalPhoton 
/tracking/verbose 1
#
/gun/particle e+
/gun/energy 500 keV
#
/run/beamOn 1

msc:  Model variant of multiple scattering for e-
      Lambda tables from 100 eV  to 100 TeV in 120 bins.
      LateralDisplacementFlag=  1   Skin= 0
      Boundary/stepping algorithm is active with RangeFactor= 0.02  Step limit type 1

eIoni:   tables are built for  e-
      dE/dx and range tables from 100 eV  to 100 TeV in 120 bins.
      Lambda tables from threshold to 100 TeV in 120 bins.
      Delta cross sections and sampling from MollerBhabha model
      Good description from 1 KeV to 100 GeV.
      Step function: finalRange(mm)= 1, dRoverRange= 0.2, integral: 1

eBrem:   tables are built for  e-
      dE/dx and range tables from 100 eV  to 100 TeV in 120 bins.
      Lambda tables from threshold to 100 TeV in 120 bins.
      Total cross sections and sampling from StandBrem model (based on the EEDL data library) 
      Good description from 1 KeV to 100 GeV, log scale extrapolation above 100 GeV. LPM flag 1

eIoni:   tables are built for  e+
      dE/dx and range tables from 100 eV  to 100 TeV in 120 bins.
      Lambda tables from threshold to 100 TeV in 120 bins.
      Delta cross sections and sampling from MollerBhabha model
      Good description from 1 KeV to 100 GeV.
      Step function: finalRange(mm)= 1, dRoverRange= 0.2, integral: 1

eBrem:   tables are built for  e+
      dE/dx and range tables from 100 eV  to 100 TeV in 120 bins.
      Lambda tables from threshold to 100 TeV in 120 bins.
      Total cross sections and sampling from StandBrem model (based on the EEDL data library) 
      Good description from 1 KeV to 100 GeV, log scale extrapolation above 100 GeV. LPM flag 1

annihil:       Sampling according eplus2gg model
      tables are built for  e+
      Lambda tables from 100 eV  to 100 TeV in 120 bins.

msc:  Model variant of multiple scattering for proton
      Lambda tables from 100 eV  to 100 TeV in 120 bins.
      LateralDisplacementFlag=  1   Skin= 0
      Boundary/stepping algorithm is active with RangeFactor= 0.02  Step limit type 1

hIoni:   tables are built for  proton
      dE/dx and range tables from 100 eV  to 100 TeV in 120 bins.
      Lambda tables from threshold to 100 TeV in 120 bins.
      Scaling relation is used from proton dE/dx and range.
      Delta cross sections and sampling from BetheBloch model for scaled energy > 2 MeV
      Parametrisation from Bragg for protons below.
      Step function: finalRange(mm)= 1, dRoverRange= 0.2, integral: 1

hIoni:   tables are built for  anti_proton
      dE/dx and range tables from 100 eV  to 100 TeV in 120 bins.
      Lambda tables from threshold to 100 TeV in 120 bins.
      Scaling relation is used from proton dE/dx and range.
      Delta cross sections and sampling from BetheBloch model for scaled energy > 2 MeV
      Parametrisation from Bragg for protons below.
      Step function: finalRange(mm)= 1, dRoverRange= 0.2, integral: 1

msc:  Model variant of multiple scattering for mu+
      Lambda tables from 100 eV  to 100 TeV in 120 bins.
      LateralDisplacementFlag=  1   Skin= 0
      Boundary/stepping algorithm is active with RangeFactor= 0.02  Step limit type 1

muIoni:   tables are built for  mu+
      dE/dx and range tables from 100 eV  to 100 TeV in 120 bins.
      Lambda tables from threshold to 100 TeV in 120 bins.
      Bether-Bloch model for E > 0.2 MeV, parametrisation of Bragg peak below, 
      radiative corrections for E > 1 GeV
      Step function: finalRange(mm)= 1, dRoverRange= 0.2, integral: 1

muBrems:   tables are built for  mu+
      dE/dx and range tables from 100 eV  to 100 TeV in 120 bins.
      Lambda tables from threshold to 100 TeV in 120 bins.
      Parametrised model 

muPairProd:   tables are built for  mu+
      dE/dx and range tables from 100 eV  to 100 TeV in 120 bins.
      Lambda tables from threshold to 100 TeV in 120 bins.
      Parametrised model 

muIoni:   tables are built for  mu-
      dE/dx and range tables from 100 eV  to 100 TeV in 120 bins.
      Lambda tables from threshold to 100 TeV in 120 bins.
      Bether-Bloch model for E > 0.2 MeV, parametrisation of Bragg peak below, 
      radiative corrections for E > 1 GeV
      Step function: finalRange(mm)= 1, dRoverRange= 0.2, integral: 1

muBrems:   tables are built for  mu-
      dE/dx and range tables from 100 eV  to 100 TeV in 120 bins.
      Lambda tables from threshold to 100 TeV in 120 bins.
      Parametrised model 

muPairProd:   tables are built for  mu-
      dE/dx and range tables from 100 eV  to 100 TeV in 120 bins.
      Lambda tables from threshold to 100 TeV in 120 bins.
      Parametrised model 

hIoni:   tables are built for  pi+
      dE/dx and range tables from 100 eV  to 100 TeV in 120 bins.
      Lambda tables from threshold to 100 TeV in 120 bins.
      Scaling relation is used from proton dE/dx and range.
      Delta cross sections and sampling from BetheBloch model for scaled energy > 0.297504 MeV
      Parametrisation from Bragg for protons below.
      Step function: finalRange(mm)= 1, dRoverRange= 0.2, integral: 1

msc:  Model variant of multiple scattering for pi-
      Lambda tables from 100 eV  to 100 TeV in 120 bins.
      LateralDisplacementFlag=  1   Skin= 0
      Boundary/stepping algorithm is active with RangeFactor= 0.02  Step limit type 1

hIoni:   tables are built for  pi-
      dE/dx and range tables from 100 eV  to 100 TeV in 120 bins.
      Lambda tables from threshold to 100 TeV in 120 bins.
      Scaling relation is used from proton dE/dx and range.
      Delta cross sections and sampling from BetheBloch model for scaled energy > 0.297504 MeV
      Parametrisation from Bragg for protons below.
      Step function: finalRange(mm)= 1, dRoverRange= 0.2, integral: 1
### Run 0 start.

*********************************************************************************************************
* G4Track Information:   Particle = e+,   Track ID = 1,   Parent ID = 0
*********************************************************************************************************

Step#      X         Y         Z        KineE    dEStep   StepLeng  TrakLeng    Volume     Process
    0      0 fm      0 fm      0 fm    500 keV     0 eV      0 fm      0 fm         Tank    initStep

 Exiting from G4Cerenkov::DoIt -- NumberOfSecondaries = 6

 Exiting from G4Scintillation::DoIt -- NumberOfSecondaries = 20
    1    953 um   -647 um   -440 um    167 keV   333 keV  1.49 mm   1.49 mm         Tank       eIoni

*********************************************************************************************************
* G4Track Information:   Particle = opticalphoton,   Track ID = 27,   Parent ID = 1
*********************************************************************************************************

Step#      X         Y         Z        KineE    dEStep   StepLeng  TrakLeng    Volume     Process
    0    823 um   -558 um   -380 um   2.28 eV      0 eV      0 fm      0 fm         Tank    initStep
 Photon at Boundary! 
 Old Momentum Direction: (0.697532,-0.714658,0.0520883)
 Old Polarization:       (0.588187,0.612575,0.528004)
 New Momentum Direction: (0.939452,-0.335422,0.0701537)
 New Polarization:       (-0.332787,-0.844173,0.420269)
 *** FresnelRefraction *** 
    1   4.88 m      -5 m    36.4 cm   2.28 eV      0 eV      7 m       7 m          Tank  Transportation
    2     10 m   -6.83 m    74.6 cm   2.28 eV      0 eV   5.45 m    12.4 m    OutOfWorld  Transportation

*********************************************************************************************************
* G4Track Information:   Particle = opticalphoton,   Track ID = 26,   Parent ID = 1
*********************************************************************************************************

Step#      X         Y         Z        KineE    dEStep   StepLeng  TrakLeng    Volume     Process
    0    439 um   -298 um   -203 um   3.52 eV      0 eV      0 fm      0 fm         Tank    initStep
 Photon at Boundary! 
 Old Momentum Direction: (0.71235308,-0.69839193,0.069295049)
 Old Polarization:       (-0.2513067,-0.34602053,-0.90394399)
 New Momentum Direction: (0.30317312,-0.94827913,0.094089072)
 New Polarization:       (0.37898833,0.029393079,-0.92493453)
 *** FresnelRefraction *** 
    1      5 m    -4.9 m    48.6 cm   3.52 eV      0 eV   7.02 m    7.02 m          Tank  Transportation
    2   6.63 m     -10 m    99.2 cm   3.52 eV      0 eV   5.38 m    12.4 m    OutOfWorld  Transportation

*********************************************************************************************************
* G4Track Information:   Particle = opticalphoton,   Track ID = 25,   Parent ID = 1
*********************************************************************************************************

Step#      X         Y         Z        KineE    dEStep   StepLeng  TrakLeng    Volume     Process
    0    833 um   -565 um   -385 um   4.09 eV      0 eV      0 fm      0 fm         Tank    initStep

** Photon absorbed! **
    1    1.2 m    79.7 cm   1.03 m    4.09 eV      0 eV   1.77 m    1.77 m          Tank  OpAbsorption

*********************************************************************************************************
* G4Track Information:   Particle = opticalphoton,   Track ID = 24,   Parent ID = 1
*********************************************************************************************************

Step#      X         Y         Z        KineE    dEStep   StepLeng  TrakLeng    Volume     Process
    0    639 um   -433 um   -295 um   3.99 eV      0 eV      0 fm      0 fm         Tank    initStep
 Photon at Boundary! 
 Old Momentum Direction: (0.36643756,0.83837074,-0.4035567)
 Old Polarization:       (0.26041278,0.32398155,0.90951698)
 New Momentum Direction: (0.49834331,0.67115274,-0.54882415)
 New Polarization:       (0.31414992,0.45022288,0.83582844)
 *** FresnelRefraction *** 
    1   2.19 m       5 m   -2.41 m    3.99 eV      0 eV   5.96 m    5.96 m          Tank  Transportation
    2    5.9 m      10 m    -6.5 m    3.99 eV      0 eV   7.45 m    13.4 m    OutOfWorld  Transportation

*********************************************************************************************************
* G4Track Information:   Particle = opticalphoton,   Track ID = 23,   Parent ID = 1
*********************************************************************************************************

Step#      X         Y         Z        KineE    dEStep   StepLeng  TrakLeng    Volume     Process
    0    309 um   -210 um   -143 um   4.13 eV      0 eV      0 fm      0 fm         Tank    initStep
 Photon at Boundary! 
 Old Momentum Direction: (-0.94304798,-0.036690037,0.3306272)
 Old Polarization:       (-0.32698837,0.28493664,-0.90104923)
 New Momentum Direction: (-0.89168008,-0.049926352,0.44990443)
 New Polarization:       (-0.44508046,0.27789062,-0.8512815)
 *** FresnelRefraction *** 
    1     -5 m   -19.5 cm   1.75 m    4.13 eV      0 eV    5.3 m     5.3 m          Tank  Transportation
    2    -10 m   -47.5 cm   4.28 m    4.13 eV      0 eV   5.61 m    10.9 m    OutOfWorld  Transportation

*********************************************************************************************************
* G4Track Information:   Particle = opticalphoton,   Track ID = 22,   Parent ID = 1
*********************************************************************************************************

Step#      X         Y         Z        KineE    dEStep   StepLeng  TrakLeng    Volume     Process
    0    206 um   -140 um  -94.9 um   2.48 eV      0 eV      0 fm      0 fm         Tank    initStep
 Photon at Boundary! 
 Old Momentum Direction: (-0.081608771,0.96169841,0.26167953)
 Old Polarization:       (0.21004477,-0.24006296,0.94776103)
 New Momentum Direction: (-0.1101012,0.92910703,0.35304087)
 New Polarization:       (0.70153815,0.32426254,-0.63458492)
 *** FresnelRefraction *** 
    1  -42.4 cm      5 m    1.36 m    2.48 eV      0 eV    5.2 m     5.2 m          Tank  Transportation
    2  -1.02 m      10 m    3.26 m    2.48 eV      0 eV   5.38 m    10.6 m    OutOfWorld  Transportation

*********************************************************************************************************
* G4Track Information:   Particle = opticalphoton,   Track ID = 21,   Parent ID = 1
*********************************************************************************************************

Step#      X         Y         Z        KineE    dEStep   StepLeng  TrakLeng    Volume     Process
    0   62.1 um  -42.1 um  -28.7 um   2.21 eV      0 eV      0 fm      0 fm         Tank    initStep

** Photon absorbed! **
    1   63.7 cm  -4.76 m    4.04 m    2.21 eV      0 eV   6.28 m    6.28 m          Tank  OpAbsorption

*********************************************************************************************************
* G4Track Information:   Particle = opticalphoton,   Track ID = 20,   Parent ID = 1
*********************************************************************************************************

Step#      X         Y         Z        KineE    dEStep   StepLeng  TrakLeng    Volume     Process
    0   47.9 um  -32.5 um  -22.1 um   3.56 eV      0 eV      0 fm      0 fm         Tank    initStep
 Photon at Boundary! 
 Old Momentum Direction: (0.65365913,0.68383553,-0.32418931)
 Old Polarization:       (0.75096475,-0.53305731,0.38974587)
 New Momentum Direction: (0.65365913,-0.68383553,-0.32418931)
 New Polarization:       (0.73294444,0.46535337,0.49622444)
 *** LobeReflection *** 
    1   4.78 m       5 m   -2.37 m    3.56 eV      0 eV   7.31 m    7.31 m          Tank  Transportation
    2   4.78 m       5 m   -2.37 m    3.56 eV      0 eV      0 fm   7.31 m         World  Transportation
 Photon at Boundary! 
 Old Momentum Direction: (0.65365913,-0.68383553,-0.32418931)
 Old Polarization:       (0.73294444,0.46535337,0.49622444)
 New Momentum Direction: (-0.65365913,-0.68383553,-0.32418931)
 New Polarization:       (0.73294444,-0.46535337,-0.49622444)
 *** LobeReflection *** 
    3      5 m    4.77 m   -2.48 m    3.56 eV      0 eV   33.7 cm   7.65 m          Tank  Transportation
    4      5 m    4.77 m   -2.48 m    3.56 eV      0 eV      0 fm   7.65 m         World  Transportation
 Photon at Boundary! 
 Old Momentum Direction: (-0.65365913,-0.68383553,-0.32418931)
 Old Polarization:       (0.73294444,-0.46535337,-0.49622444)
 New Momentum Direction: (-0.65365913,-0.68383553,0.32418931)
 New Polarization:       (-0.73294444,0.46535337,-0.49622444)
 *** SpikeReflection *** 
    5  -8.14 cm  -54.7 cm     -5 m    3.56 eV      0 eV   7.77 m    15.4 m          Tank  Transportation
    6  -8.14 cm  -54.7 cm     -5 m    3.56 eV      0 eV      0 fm   15.4 m         World  Transportation
Scattering Photon!
Old Momentum Direction: (-0.65365913,-0.68383553,0.32418931)
Old Polarization: (-0.73294444,0.46535337,-0.49622444)
New Polarization: (-0.24072596,0.97022624,-0.026684209)
Polarization Change: (-0.24072596,0.97022624,-0.026684209)
New Momentum Direction: (-0.75397732,-0.20424307,-0.62434203)
Momentum Change: (-0.75397732,-0.20424307,-0.62434203)
    7  -90.5 cm  -1.41 m   -4.59 m    3.56 eV      0 eV   1.26 m    16.7 m          Tank  OpRayleigh
 Photon at Boundary! 
 Old Momentum Direction: (-0.75397732,-0.20424307,-0.62434203)
 Old Polarization:       (-0.24072596,0.97022624,-0.026684209)
 New Momentum Direction: (0.75397732,0.20424307,0.62434203)
 New Polarization:       (0.24072596,-0.97022624,0.026684209)
 *** BackScattering *** 
    8   -1.4 m   -1.54 m      -5 m    3.56 eV      0 eV   65.4 cm   17.3 m          Tank  Transportation
    9   -1.4 m   -1.54 m      -5 m    3.56 eV      0 eV      0 fm   17.3 m         World  Transportation

** Photon absorbed! **
   10     75 cm    -96 cm  -3.22 m    3.56 eV      0 eV   2.85 m    20.2 m          Tank  OpAbsorption

*********************************************************************************************************
* G4Track Information:   Particle = opticalphoton,   Track ID = 19,   Parent ID = 1
*********************************************************************************************************

Step#      X         Y         Z        KineE    dEStep   StepLeng  TrakLeng    Volume     Process
    0    347 um   -236 um   -160 um   2.03 eV      0 eV      0 fm      0 fm         Tank    initStep

Warning: G4MaterialPropertyVector::GetProperty
==> attempt to Retrieve Property below range

Warning: G4MaterialPropertyVector::GetProperty
==> attempt to Retrieve Property below range

Warning: G4MaterialPropertyVector::GetProperty
==> attempt to Retrieve Property below range
 Photon at Boundary! 
 Old Momentum Direction: (0.38551975,0.49783113,0.77687752)
 Old Polarization:       (-0.68591025,-0.40854504,0.60217779)
 New Momentum Direction: (0.51794832,0.6688394,0.53327609)
 New Polarization:       (-0.53336694,-0.23487666,0.81262086)
 *** FresnelRefraction *** 
    1   2.48 m     3.2 m       5 m    2.03 eV      0 eV   6.44 m    6.44 m          Tank  Transportation
    2   7.34 m    9.47 m      10 m    2.03 eV      0 eV   9.38 m    15.8 m    OutOfWorld  Transportation

*********************************************************************************************************
* G4Track Information:   Particle = opticalphoton,   Track ID = 18,   Parent ID = 1
*********************************************************************************************************

Step#      X         Y         Z        KineE    dEStep   StepLeng  TrakLeng    Volume     Process
    0    679 um   -460 um   -313 um   3.95 eV      0 eV      0 fm      0 fm         Tank    initStep
 Photon at Boundary! 
 Old Momentum Direction: (-0.021135295,-0.91329033,-0.40676045)
 Old Polarization:       (-0.43102505,0.37542315,-0.82053328)
 New Momentum Direction: (-0.028739619,-0.83261244,-0.5531099)
 New Polarization:       (-0.34281971,-0.51156811,0.78789131)
 *** FresnelRefraction *** 
    1  -11.5 cm     -5 m   -2.23 m    3.95 eV      0 eV   5.47 m    5.47 m          Tank  Transportation
    2  -28.8 cm    -10 m   -5.55 m    3.95 eV      0 eV   6.01 m    11.5 m    OutOfWorld  Transportation

*********************************************************************************************************
* G4Track Information:   Particle = opticalphoton,   Track ID = 17,   Parent ID = 1
*********************************************************************************************************

Step#      X         Y         Z        KineE    dEStep   StepLeng  TrakLeng    Volume     Process
    0    924 um   -627 um   -427 um   3.94 eV      0 eV      0 fm      0 fm         Tank    initStep
 Photon at Boundary! 
 Old Momentum Direction: (-0.11709067,0.46429635,0.87790585)
 Old Polarization:       (-0.55363412,0.7033672,-0.44582938)
 New Momentum Direction: (-0.15921376,0.63132586,0.75899844)
 New Polarization:       (-0.17369825,-0.7747257,0.60797123)
 *** FresnelRefraction *** 
    1  -66.6 cm   2.64 m       5 m    3.94 eV      0 eV    5.7 m     5.7 m          Tank  Transportation
    2  -1.71 m     6.8 m      10 m    3.94 eV      0 eV   6.59 m    12.3 m    OutOfWorld  Transportation

*********************************************************************************************************
* G4Track Information:   Particle = opticalphoton,   Track ID = 16,   Parent ID = 1
*********************************************************************************************************

Step#      X         Y         Z        KineE    dEStep   StepLeng  TrakLeng    Volume     Process
    0    893 um   -605 um   -412 um   2.38 eV      0 eV      0 fm      0 fm         Tank    initStep

** Photon absorbed! **
    1   96.9 cm  -50.9 cm   36.6 cm   2.38 eV      0 eV   1.15 m    1.15 m          Tank  OpAbsorption

*********************************************************************************************************
* G4Track Information:   Particle = opticalphoton,   Track ID = 15,   Parent ID = 1
*********************************************************************************************************

Step#      X         Y         Z        KineE    dEStep   StepLeng  TrakLeng    Volume     Process
    0    948 um   -643 um   -438 um   3.49 eV      0 eV      0 fm      0 fm         Tank    initStep
 Photon at Boundary! 
 Old Momentum Direction: (-0.23149175,-0.9262196,-0.29753792)
 Old Polarization:       (-0.84326315,0.038536334,0.53611772)
 New Momentum Direction: (-0.31426584,-0.85911532,-0.40392803)
 New Polarization:       (-0.73048948,-0.052909214,0.68087131)
 *** FresnelRefraction *** 
    1  -1.25 m      -5 m   -1.61 m    3.49 eV      0 eV    5.4 m     5.4 m          Tank  Transportation
    2  -3.08 m     -10 m   -3.96 m    3.49 eV      0 eV   5.82 m    11.2 m    OutOfWorld  Transportation

*********************************************************************************************************
* G4Track Information:   Particle = opticalphoton,   Track ID = 14,   Parent ID = 1
*********************************************************************************************************

Step#      X         Y         Z        KineE    dEStep   StepLeng  TrakLeng    Volume     Process
    0    670 um   -454 um   -309 um   2.65 eV      0 eV      0 fm      0 fm         Tank    initStep
Scattering Photon!
Old Momentum Direction: (0.40737663,-0.90878951,-0.090254664)
Old Polarization: (0.41770176,0.09752727,0.90333475)
New Polarization: (0.47562036,-0.1581464,0.86531785)
Polarization Change: (0.47562036,-0.1581464,0.86531785)
New Momentum Direction: (0.15703711,-0.95263873,-0.26042042)
Momentum Change: (0.15703711,-0.95263873,-0.26042042)
    1   1.47 m   -3.27 m   -32.5 cm   2.65 eV      0 eV   3.59 m    3.59 m          Tank  OpRayleigh
 Photon at Boundary! 
 Old Momentum Direction: (0.15703711,-0.95263873,-0.26042042)
 Old Polarization:       (0.47562036,-0.1581464,0.86531785)
 New Momentum Direction: (0.21218639,-0.9116797,-0.35187649)
 New Polarization:       (0.48414335,-0.21470904,0.84823655)
 *** FresnelRefraction *** 
    2   1.75 m      -5 m   -79.8 cm   2.65 eV      0 eV   1.82 m    5.41 m          Tank  Transportation
    3   2.91 m     -10 m   -2.73 m    2.65 eV      0 eV   5.48 m    10.9 m    OutOfWorld  Transportation

*********************************************************************************************************
* G4Track Information:   Particle = opticalphoton,   Track ID = 13,   Parent ID = 1
*********************************************************************************************************

Step#      X         Y         Z        KineE    dEStep   StepLeng  TrakLeng    Volume     Process
    0    166 um   -113 um  -76.6 um   3.16 eV      0 eV      0 fm      0 fm         Tank    initStep
 Photon at Boundary! 
 Old Momentum Direction: (-0.72422622,0.47053727,-0.50407445)
 Old Polarization:       (-0.47642973,-0.86991437,-0.12752924)
 New Momentum Direction: (-0.35565187,0.63775636,-0.68321195)
 New Polarization:       (-0.67968028,-0.67824838,-0.27930959)
 *** FresnelRefraction *** 
    1     -5 m    3.25 m   -3.48 m    3.16 eV      0 eV    6.9 m     6.9 m          Tank  Transportation
    2  -8.39 m    9.33 m     -10 m    3.16 eV      0 eV   9.54 m    16.4 m    OutOfWorld  Transportation

*********************************************************************************************************
* G4Track Information:   Particle = opticalphoton,   Track ID = 12,   Parent ID = 1
*********************************************************************************************************

Step#      X         Y         Z        KineE    dEStep   StepLeng  TrakLeng    Volume     Process
    0    138 um  -93.3 um  -63.5 um   2.39 eV      0 eV      0 fm      0 fm         Tank    initStep
 Photon at Boundary! 
 Old Momentum Direction: (0.33137839,-0.69530211,-0.63776433)
 Old Polarization:       (-0.77556347,0.18420114,-0.60379735)
 New Momentum Direction: (0.44671387,-0.24758726,-0.85973674)
 New Polarization:       (-0.8820258,-0.28290179,-0.37682498)
 *** FresnelRefraction *** 
    1   2.38 m      -5 m   -4.59 m    2.39 eV      0 eV   7.19 m    7.19 m          Tank  Transportation
    2    5.2 m   -6.56 m     -10 m    2.39 eV      0 eV    6.3 m    13.5 m    OutOfWorld  Transportation

*********************************************************************************************************
* G4Track Information:   Particle = opticalphoton,   Track ID = 11,   Parent ID = 1
*********************************************************************************************************

Step#      X         Y         Z        KineE    dEStep   StepLeng  TrakLeng    Volume     Process
    0    204 um   -139 um  -94.4 um   3.72 eV      0 eV      0 fm      0 fm         Tank    initStep
 Photon at Boundary! 
 Old Momentum Direction: (0.54242042,-0.39536495,-0.74126017)
 Old Polarization:       (0.0012098935,0.88270671,-0.46992276)
 New Momentum Direction: (0.73705185,-0.5372299,-0.41004708)
 New Polarization:       (0.160025,0.72819984,-0.66642103)
 *** FresnelRefraction *** 
    1   3.66 m   -2.67 m      -5 m    3.72 eV      0 eV   6.75 m    6.75 m          Tank  Transportation
    2     10 m   -7.29 m   -8.53 m    3.72 eV      0 eV    8.6 m    15.3 m    OutOfWorld  Transportation

*********************************************************************************************************
* G4Track Information:   Particle = opticalphoton,   Track ID = 10,   Parent ID = 1
*********************************************************************************************************

Step#      X         Y         Z        KineE    dEStep   StepLeng  TrakLeng    Volume     Process
    0   95.2 um  -64.6 um    -44 um   3.12 eV      0 eV      0 fm      0 fm         Tank    initStep

** Photon absorbed! **
    1   2.64 m    2.03 m    3.58 m    3.12 eV      0 eV   4.89 m    4.89 m          Tank  OpAbsorption

*********************************************************************************************************
* G4Track Information:   Particle = opticalphoton,   Track ID = 9,   Parent ID = 1
*********************************************************************************************************

Step#      X         Y         Z        KineE    dEStep   StepLeng  TrakLeng    Volume     Process
    0   55.7 um  -37.8 um  -25.7 um   2.69 eV      0 eV      0 fm      0 fm         Tank    initStep
 Photon at Boundary! 
 Old Momentum Direction: (-0.81419495,0.27481202,-0.5114342)
 Old Polarization:       (0.58053762,0.39735828,-0.71069155)
 New Momentum Direction: (-0.61979797,0.37145194,-0.69128426)
 New Polarization:       (-0.78469415,-0.28181131,0.55212089)
 *** FresnelRefraction *** 
    1     -5 m    1.69 m   -3.14 m    2.69 eV      0 eV   6.14 m    6.14 m          Tank  Transportation
    2    -10 m    4.68 m   -8.72 m    2.69 eV      0 eV   8.07 m    14.2 m    OutOfWorld  Transportation

*********************************************************************************************************
* G4Track Information:   Particle = opticalphoton,   Track ID = 8,   Parent ID = 1
*********************************************************************************************************

Step#      X         Y         Z        KineE    dEStep   StepLeng  TrakLeng    Volume     Process
    0   84.4 um  -57.2 um  -38.9 um    3.9 eV      0 eV      0 fm      0 fm         Tank    initStep
 Photon at Boundary! 
 Old Momentum Direction: (0.77870173,0.43030047,0.4565798)
 Old Polarization:       (0.6175874,-0.39755793,-0.67862618)
 New Momentum Direction: (0.52190121,0.58503696,0.62076637)
 New Polarization:       (0.84115356,-0.23208025,-0.48846643)
 *** FresnelRefraction *** 
    1      5 m    2.76 m    2.93 m     3.9 eV      0 eV   6.42 m    6.42 m          Tank  Transportation
    2     10 m    8.37 m    8.88 m     3.9 eV      0 eV   9.58 m      16 m    OutOfWorld  Transportation

*********************************************************************************************************
* G4Track Information:   Particle = opticalphoton,   Track ID = 7,   Parent ID = 1
*********************************************************************************************************

Step#      X         Y         Z        KineE    dEStep   StepLeng  TrakLeng    Volume     Process
    0    320 um   -217 um   -148 um   4.08 eV      0 eV      0 fm      0 fm         Tank    initStep
Scattering Photon!
Old Momentum Direction: (0.59255938,-0.62401057,-0.5093959)
Old Polarization: (-0.78632783,-0.31085072,-0.53391046)
New Polarization: (-0.070308274,0.29691129,0.9523132)
Polarization Change: (-0.070308274,0.29691129,0.9523132)
New Momentum Direction: (0.98394191,0.17765302,0.017254903)
Momentum Change: (0.98394191,0.17765302,0.017254903)
    1   63.9 cm  -67.2 cm  -54.9 cm   4.08 eV      0 eV   1.08 m    1.08 m          Tank  OpRayleigh
 Photon at Boundary! 
 Old Momentum Direction: (0.98394191,0.17765302,0.017254903)
 Old Polarization:       (-0.070308274,0.29691129,0.9523132)
 New Momentum Direction: (0.97006916,0.24169145,0.023474763)
 New Polarization:       (0.095827568,-0.46985172,0.8775286)
 *** FresnelRefraction *** 
    2      5 m    11.5 cm  -47.2 cm   4.08 eV      0 eV   4.43 m    5.51 m          Tank  Transportation
    3     10 m    1.36 m   -35.1 cm   4.08 eV      0 eV   5.15 m    10.7 m    OutOfWorld  Transportation

*********************************************************************************************************
* G4Track Information:   Particle = opticalphoton,   Track ID = 6,   Parent ID = 1
*********************************************************************************************************

Step#      X         Y         Z        KineE    dEStep   StepLeng  TrakLeng    Volume     Process
    0    492 um   -334 um   -227 um   3.84 eV      0 eV      0 fm      0 fm         Tank    initStep
Scattering Photon!
Old Momentum Direction: (0.62047397,-0.72082268,-0.30891215)
Old Polarization: (-0.68657069,-0.68965194,0.23021924)
New Polarization: (-0.80228544,-0.22382942,0.55338816)
Polarization Change: (-0.80228544,-0.22382942,0.55338816)
New Momentum Direction: (0.033572293,0.9086547,0.41619651)
Momentum Change: (0.033572293,0.9086547,0.41619651)
    1   2.78 m   -3.23 m   -1.39 m    3.84 eV      0 eV   4.48 m    4.48 m          Tank  OpRayleigh
 Photon at Boundary! 
 Old Momentum Direction: (0.033572293,0.9086547,0.41619651)
 Old Polarization:       (-0.80228544,-0.22382942,0.55338816)
 New Momentum Direction: (0.045635897,0.8233135,0.56574929)
 New Polarization:       (-0.87365426,0.30751621,-0.37704378)
 *** FresnelRefraction *** 
    2   3.09 m       5 m    2.39 m    3.84 eV      0 eV   9.06 m    13.5 m          Tank  Transportation
    3   3.36 m      10 m    5.82 m    3.84 eV      0 eV   6.07 m    19.6 m    OutOfWorld  Transportation

*********************************************************************************************************
* G4Track Information:   Particle = opticalphoton,   Track ID = 5,   Parent ID = 1
*********************************************************************************************************

Step#      X         Y         Z        KineE    dEStep   StepLeng  TrakLeng    Volume     Process
    0    452 um   -307 um   -209 um   3.95 eV      0 eV      0 fm      0 fm         Tank    initStep

** Photon absorbed! **
    1   1.47 m   -1.16 m   -1.31 m    3.95 eV      0 eV   2.28 m    2.28 m          Tank  OpAbsorption

*********************************************************************************************************
* G4Track Information:   Particle = opticalphoton,   Track ID = 4,   Parent ID = 1
*********************************************************************************************************

Step#      X         Y         Z        KineE    dEStep   StepLeng  TrakLeng    Volume     Process
    0    404 um   -274 um   -186 um   3.89 eV      0 eV      0 fm      0 fm         Tank    initStep
 Photon at Boundary! 
 Old Momentum Direction: (0.69282158,-0.69619819,-0.18789981)
 Old Polarization:       (-0.40727743,-0.59281463,0.69476321)
 New Momentum Direction: (0.9419367,-0.21793188,-0.25546221)
 New Polarization:       (-0.050114877,-0.84349542,0.53479339)
 *** FresnelRefraction *** 
    1   4.98 m      -5 m   -1.35 m    3.89 eV      0 eV   7.18 m    7.18 m          Tank  Transportation
    2     10 m   -6.16 m   -2.71 m    3.89 eV      0 eV   5.33 m    12.5 m    OutOfWorld  Transportation

*********************************************************************************************************
* G4Track Information:   Particle = opticalphoton,   Track ID = 3,   Parent ID = 1
*********************************************************************************************************

Step#      X         Y         Z        KineE    dEStep   StepLeng  TrakLeng    Volume     Process
    0   22.6 um  -15.3 um  -10.4 um   3.42 eV      0 eV      0 fm      0 fm         Tank    initStep

** Photon absorbed! **
    1   25.3 cm  -29.5 cm  -14.7 cm   3.42 eV      0 eV   41.5 cm   41.5 cm         Tank  OpAbsorption

*********************************************************************************************************
* G4Track Information:   Particle = opticalphoton,   Track ID = 2,   Parent ID = 1
*********************************************************************************************************

Step#      X         Y         Z        KineE    dEStep   StepLeng  TrakLeng    Volume     Process
    0    753 um   -511 um   -347 um   3.51 eV      0 eV      0 fm      0 fm         Tank    initStep
 Photon at Boundary! 
 Old Momentum Direction: (0.70895673,-0.41450829,-0.57058148)
 Old Polarization:       (-0.34863246,0.49729636,-0.79445059)
 New Momentum Direction: (0.28828759,-0.56279158,-0.7746973)
 New Polarization:       (0.519844,0.77142609,-0.36696595)
 *** FresnelRefraction *** 
    1      5 m   -2.92 m   -4.02 m    3.51 eV      0 eV   7.05 m    7.05 m          Tank  Transportation
    2   7.22 m   -7.26 m     -10 m    3.51 eV      0 eV   7.71 m    14.8 m    OutOfWorld  Transportation

*********************************************************************************************************
* G4Track Information:   Particle = e+,   Track ID = 1,   Parent ID = 0
*********************************************************************************************************

Step#      X         Y         Z        KineE    dEStep   StepLeng  TrakLeng    Volume     Process
    1    953 um   -647 um   -440 um    167 keV     0 eV      0 fm   1.49 mm         Tank    initStep

 Exiting from G4Scintillation::DoIt -- NumberOfSecondaries = 10
    2   1.13 mm   -653 um   -422 um      0 eV    167 keV   322 um   1.81 mm         Tank       eIoni
    3   1.13 mm   -653 um   -422 um      0 eV      0 eV      0 fm   1.81 mm         Tank  Scintillation

*********************************************************************************************************
* G4Track Information:   Particle = gamma,   Track ID = 39,   Parent ID = 1
*********************************************************************************************************

Step#      X         Y         Z        KineE    dEStep   StepLeng  TrakLeng    Volume     Process
    0   1.13 mm   -653 um   -422 um    511 keV     0 eV      0 fm      0 fm         Tank    initStep
    1     -5 m    15.3 cm  -1.77 m     511 keV     0 eV   5.31 m    5.31 m          Tank  Transportation
    2    -10 m    30.6 cm  -3.54 m     511 keV     0 eV   5.31 m    10.6 m    OutOfWorld  Transportation

*********************************************************************************************************
* G4Track Information:   Particle = gamma,   Track ID = 38,   Parent ID = 1
*********************************************************************************************************

Step#      X         Y         Z        KineE    dEStep   StepLeng  TrakLeng    Volume     Process
    0   1.13 mm   -653 um   -422 um    511 keV     0 eV      0 fm      0 fm         Tank    initStep
    1      5 m   -15.4 cm   1.77 m     511 keV     0 eV   5.31 m    5.31 m          Tank  Transportation
    2     10 m   -30.7 cm   3.54 m     511 keV     0 eV   5.31 m    10.6 m    OutOfWorld  Transportation

*********************************************************************************************************
* G4Track Information:   Particle = opticalphoton,   Track ID = 37,   Parent ID = 1
*********************************************************************************************************

Step#      X         Y         Z        KineE    dEStep   StepLeng  TrakLeng    Volume     Process
    0   1.04 mm   -650 um   -431 um   3.47 eV      0 eV      0 fm      0 fm         Tank    initStep
 Photon at Boundary! 
 Old Momentum Direction: (-0.44319096,-0.055564444,-0.89470351)
 Old Polarization:       (-0.85892934,0.31197237,0.40609559)
 New Momentum Direction: (-0.60157044,-0.075421049,-0.79525132)
 New Polarization:       (0.66856266,0.49731666,-0.55290154)
 *** FresnelRefraction *** 
    1  -2.48 m   -31.1 cm     -5 m    3.47 eV      0 eV   5.59 m    5.59 m          Tank  Transportation
    2  -6.26 m   -78.5 cm    -10 m    3.47 eV      0 eV   6.29 m    11.9 m    OutOfWorld  Transportation

*********************************************************************************************************
* G4Track Information:   Particle = opticalphoton,   Track ID = 36,   Parent ID = 1
*********************************************************************************************************

Step#      X         Y         Z        KineE    dEStep   StepLeng  TrakLeng    Volume     Process
    0   1.05 mm   -650 um   -431 um   2.51 eV      0 eV      0 fm      0 fm         Tank    initStep
 Photon at Boundary! 
 Old Momentum Direction: (-0.69803864,-0.21999213,-0.68142903)
 Old Polarization:       (-0.62455803,-0.27841664,0.72966529)
 New Momentum Direction: (-0.2567882,-0.2969238,-0.91972609)
 New Polarization:       (-0.86835536,-0.34689214,0.3544359)
 *** FresnelRefraction *** 
    1     -5 m   -1.58 m   -4.88 m    2.51 eV      0 eV   7.16 m    7.16 m          Tank  Transportation
    2  -6.43 m   -3.23 m     -10 m    2.51 eV      0 eV   5.56 m    12.7 m    OutOfWorld  Transportation

*********************************************************************************************************
* G4Track Information:   Particle = opticalphoton,   Track ID = 35,   Parent ID = 1
*********************************************************************************************************

Step#      X         Y         Z        KineE    dEStep   StepLeng  TrakLeng    Volume     Process
    0   1.03 mm   -650 um   -432 um   4.11 eV      0 eV      0 fm      0 fm         Tank    initStep
 Photon at Boundary! 
 Old Momentum Direction: (0.29780783,-0.51161061,0.80595601)
 Old Polarization:       (-0.91865496,0.075984043,0.38768479)
 New Momentum Direction: (0.40521727,-0.69613164,0.59262104)
 New Polarization:       (-0.84025865,-0.028170864,0.54145342)
 *** FresnelRefraction *** 
    1   1.85 m   -3.17 m       5 m    4.11 eV      0 eV    6.2 m     6.2 m          Tank  Transportation
    2   5.27 m   -9.05 m      10 m    4.11 eV      0 eV   8.44 m    14.6 m    OutOfWorld  Transportation

*********************************************************************************************************
* G4Track Information:   Particle = opticalphoton,   Track ID = 34,   Parent ID = 1
*********************************************************************************************************

Step#      X         Y         Z        KineE    dEStep   StepLeng  TrakLeng    Volume     Process
    0    970 um   -647 um   -438 um   3.32 eV      0 eV      0 fm      0 fm         Tank    initStep
 Photon at Boundary! 
 Old Momentum Direction: (0.76584491,0.18791991,-0.6149534)
 Old Polarization:       (-0.29516345,-0.74690389,-0.59582977)
 New Momentum Direction: (0.48905722,0.25490981,-0.83417266)
 New Polarization:       (0.42172548,-0.90623756,-0.029683242)
 *** FresnelRefraction *** 
    1      5 m    1.23 m   -4.01 m    3.32 eV      0 eV   6.53 m    6.53 m          Tank  Transportation
    2   8.51 m    3.06 m     -10 m    3.32 eV      0 eV   7.18 m    13.7 m    OutOfWorld  Transportation

*********************************************************************************************************
* G4Track Information:   Particle = opticalphoton,   Track ID = 33,   Parent ID = 1
*********************************************************************************************************

Step#      X         Y         Z        KineE    dEStep   StepLeng  TrakLeng    Volume     Process
    0    979 um   -648 um   -437 um    2.8 eV      0 eV      0 fm      0 fm         Tank    initStep
 Photon at Boundary! 
 Old Momentum Direction: (0.52608902,0.44660185,0.72372448)
 Old Polarization:       (0.27373489,-0.89464757,0.35309339)
 New Momentum Direction: (0.71169029,0.60416048,0.35845089)
 New Polarization:       (0.3900051,-0.76420173,0.51370394)
 *** FresnelRefraction *** 
    1   3.64 m    3.09 m       5 m     2.8 eV      0 eV   6.91 m    6.91 m          Tank  Transportation
    2     10 m    8.49 m    8.21 m     2.8 eV      0 eV   8.94 m    15.9 m    OutOfWorld  Transportation

*********************************************************************************************************
* G4Track Information:   Particle = opticalphoton,   Track ID = 32,   Parent ID = 1
*********************************************************************************************************

Step#      X         Y         Z        KineE    dEStep   StepLeng  TrakLeng    Volume     Process
    0    958 um   -647 um   -440 um   3.29 eV      0 eV      0 fm      0 fm         Tank    initStep
 Photon at Boundary! 
 Old Momentum Direction: (0.14627602,0.80012918,0.58171868)
 Old Polarization:       (-0.94511309,0.28671245,-0.1567074)
 New Momentum Direction: (0.1983837,0.58156009,0.78894345)
 New Polarization:       (-0.91254952,0.40330284,-0.067824742)
 *** FresnelRefraction *** 
    1   91.5 cm      5 m    3.64 m    3.29 eV      0 eV   6.25 m    6.25 m          Tank  Transportation
    2   2.52 m    9.69 m      10 m    3.29 eV      0 eV   8.07 m    14.3 m    OutOfWorld  Transportation

*********************************************************************************************************
* G4Track Information:   Particle = opticalphoton,   Track ID = 31,   Parent ID = 1
*********************************************************************************************************

Step#      X         Y         Z        KineE    dEStep   StepLeng  TrakLeng    Volume     Process
    0   1.06 mm   -650 um   -430 um   3.64 eV      0 eV      0 fm      0 fm         Tank    initStep
 Photon at Boundary! 
 Old Momentum Direction: (0.23177681,0.16923924,-0.95793402)
 Old Polarization:       (0.65540522,-0.75485634,0.025217207)
 New Momentum Direction: (0.31486265,0.22990701,-0.92087148)
 New Polarization:       (0.52166037,-0.85245697,-0.034461346)
 *** FresnelRefraction *** 
    1   1.21 m    88.3 cm     -5 m    3.64 eV      0 eV   5.22 m    5.22 m          Tank  Transportation
    2   2.92 m    2.13 m     -10 m    3.64 eV      0 eV   5.43 m    10.6 m    OutOfWorld  Transportation

*********************************************************************************************************
* G4Track Information:   Particle = opticalphoton,   Track ID = 30,   Parent ID = 1
*********************************************************************************************************

Step#      X         Y         Z        KineE    dEStep   StepLeng  TrakLeng    Volume     Process
    0   1.05 mm   -650 um   -431 um   2.64 eV      0 eV      0 fm      0 fm         Tank    initStep
 Photon at Boundary! 
 Old Momentum Direction: (0.38214021,-0.2213758,0.89719653)
 Old Polarization:       (0.29135686,0.95022682,0.11036384)
 New Momentum Direction: (0.51628322,-0.29908555,0.80249578)
 New Polarization:       (0.30859737,0.93905888,0.15144664)
 *** FresnelRefraction *** 
    1   2.13 m   -1.23 m       5 m    2.64 eV      0 eV   5.57 m    5.57 m          Tank  Transportation
    2   5.35 m    -3.1 m      10 m    2.64 eV      0 eV   6.23 m    11.8 m    OutOfWorld  Transportation

*********************************************************************************************************
* G4Track Information:   Particle = opticalphoton,   Track ID = 29,   Parent ID = 1
*********************************************************************************************************

Step#      X         Y         Z        KineE    dEStep   StepLeng  TrakLeng    Volume     Process
    0   1.08 mm   -651 um   -427 um   3.38 eV      0 eV      0 fm      0 fm         Tank    initStep
 Photon at Boundary! 
 Old Momentum Direction: (-0.22622655,-0.2382654,-0.94448459)
 Old Polarization:       (0.37262483,0.87470229,-0.30991392)
 New Momentum Direction: (-0.30696896,-0.32330459,-0.89512245)
 New Polarization:       (0.34281886,0.83983267,-0.4208994)
 *** FresnelRefraction *** 
    1   -1.2 m   -1.26 m      -5 m    3.38 eV      0 eV   5.29 m    5.29 m          Tank  Transportation
    2  -2.91 m   -3.07 m     -10 m    3.38 eV      0 eV   5.59 m    10.9 m    OutOfWorld  Transportation

*********************************************************************************************************
* G4Track Information:   Particle = opticalphoton,   Track ID = 28,   Parent ID = 1
*********************************************************************************************************

Step#      X         Y         Z        KineE    dEStep   StepLeng  TrakLeng    Volume     Process
    0    974 um   -647 um   -438 um   3.89 eV      0 eV      0 fm      0 fm         Tank    initStep
 Photon at Boundary! 
 Old Momentum Direction: (-0.63079823,0.57673951,0.51910031)
 Old Polarization:       (-0.73847858,-0.24084191,-0.62979724)
 New Momentum Direction: (0.63079823,0.57673951,0.51910031)
 New Polarization:       (-0.73847858,0.24084191,0.62979724)
 *** LobeReflection *** 
    1     -5 m    4.57 m    4.11 m    3.89 eV      0 eV   7.93 m    7.93 m          Tank  Transportation
    2     -5 m    4.57 m    4.11 m    3.89 eV      0 eV      0 fm   7.93 m         World  Transportation
 Photon at Boundary! 
 Old Momentum Direction: (0.63079823,0.57673951,0.51910031)
 Old Polarization:       (-0.73847858,0.24084191,0.62979724)
 New Momentum Direction: (-0.63079823,-0.57673951,-0.51910031)
 New Polarization:       (0.73847858,-0.24084191,-0.62979724)
 *** BackScattering *** 
    3  -4.53 m       5 m     4.5 m    3.89 eV      0 eV   74.3 cm   8.67 m          Tank  Transportation
    4  -4.53 m       5 m     4.5 m    3.89 eV      0 eV      0 fm   8.67 m         World  Transportation
 Photon at Boundary! 
 Old Momentum Direction: (-0.63079823,-0.57673951,-0.51910031)
 Old Polarization:       (0.73847858,-0.24084191,-0.62979724)
 New Momentum Direction: (0.63079823,-0.57673951,-0.51910031)
 New Polarization:       (0.73847858,0.24084191,0.62979724)
 *** LobeReflection *** 
    5     -5 m    4.57 m    4.11 m    3.89 eV      0 eV   74.3 cm   9.41 m          Tank  Transportation
    6     -5 m    4.57 m    4.11 m    3.89 eV      0 eV      0 fm   9.41 m         World  Transportation
 Photon at Boundary! 
 Old Momentum Direction: (0.63079823,-0.57673951,-0.51910031)
 Old Polarization:       (0.73847858,0.24084191,0.62979724)
 New Momentum Direction: (-0.63079823,-0.57673951,-0.51910031)
 New Polarization:       (0.73847858,-0.24084191,-0.62979724)
 *** LobeReflection *** 
    7      5 m   -4.57 m   -4.11 m    3.89 eV      0 eV   15.9 m    25.3 m          Tank  Transportation
    8      5 m   -4.57 m   -4.11 m    3.89 eV      0 eV      0 fm   25.3 m         World  Transportation
 Photon at Boundary! 
 Old Momentum Direction: (-0.63079823,-0.57673951,-0.51910031)
 Old Polarization:       (0.73847858,-0.24084191,-0.62979724)
 New Momentum Direction: (-0.63079823,0.57673951,-0.51910031)
 New Polarization:       (-0.73847858,-0.24084191,0.62979724)
 *** LobeReflection *** 
    9   4.53 m      -5 m    -4.5 m    3.89 eV      0 eV   74.3 cm     26 m          Tank  Transportation
   10   4.53 m      -5 m    -4.5 m    3.89 eV      0 eV      0 fm     26 m         World  Transportation
 Photon at Boundary! 
 Old Momentum Direction: (-0.63079823,0.57673951,-0.51910031)
 Old Polarization:       (-0.73847858,-0.24084191,0.62979724)
 New Momentum Direction: (-0.63079823,0.57673951,0.51910031)
 New Polarization:       (0.73847858,0.24084191,0.62979724)
 *** SpikeReflection *** 
   11   3.92 m   -4.44 m      -5 m    3.89 eV      0 eV   96.3 cm     27 m          Tank  Transportation
   12   3.92 m   -4.44 m      -5 m    3.89 eV      0 eV      0 fm     27 m         World  Transportation
 Photon at Boundary! 
 Old Momentum Direction: (-0.63079823,0.57673951,0.51910031)
 Old Polarization:       (0.73847858,0.24084191,0.62979724)
 New Momentum Direction: (0.82561507,0.024834279,-0.56368698)
 New Polarization:       (-0.52745689,-0.3208082,-0.78668375)
 *** LambertianReflection *** 
   13     -5 m    3.71 m    2.34 m    3.89 eV      0 eV   14.1 m    41.1 m          Tank  Transportation
   14     -5 m    3.71 m    2.34 m    3.89 eV      0 eV      0 fm   41.1 m         World  Transportation
Scattering Photon!
Old Momentum Direction: (0.82561507,0.024834279,-0.56368698)
Old Polarization: (-0.52745689,-0.3208082,-0.78668375)
New Polarization: (0.29574857,-0.19448446,-0.93525856)
Polarization Change: (0.29574857,-0.19448446,-0.93525856)
New Momentum Direction: (-0.93580982,-0.25557706,-0.24277634)
Momentum Change: (-0.93580982,-0.25557706,-0.24277634)
   15     -4 m    3.74 m    1.66 m    3.89 eV      0 eV   1.21 m    42.3 m          Tank  OpRayleigh
 Photon at Boundary! 
 Old Momentum Direction: (-0.93580982,-0.25557706,-0.24277634)
 Old Polarization:       (0.29574857,-0.19448446,-0.93525856)
 New Momentum Direction: (-0.87768101,-0.34746741,-0.3300643)
 New Polarization:       (-0.40323888,0.90761074,0.11679529)
 *** FresnelRefraction *** 
   16     -5 m    3.47 m    1.41 m    3.89 eV      0 eV   1.06 m    43.4 m          Tank  Transportation
   17    -10 m    1.49 m   -47.5 cm   3.89 eV      0 eV    5.7 m    49.1 m    OutOfWorld  Transportation
Number of optical photons produces in this event : 36
number of event = 1 User=0.14s Real=0.24s Sys=0.09s
#
/process/inactivate Scintillation
/run/physicsModified
/N06/phys/verbose 0
#
/run/beamOn 1

msc:  Model variant of multiple scattering for e-
      Lambda tables from 100 eV  to 100 TeV in 120 bins.
      LateralDisplacementFlag=  1   Skin= 0
      Boundary/stepping algorithm is active with RangeFactor= 0.02  Step limit type 1

eIoni:   tables are built for  e-
      dE/dx and range tables from 100 eV  to 100 TeV in 120 bins.
      Lambda tables from threshold to 100 TeV in 120 bins.
      Delta cross sections and sampling from MollerBhabha model
      Good description from 1 KeV to 100 GeV.
      Step function: finalRange(mm)= 1, dRoverRange= 0.2, integral: 1

eBrem:   tables are built for  e-
      dE/dx and range tables from 100 eV  to 100 TeV in 120 bins.
      Lambda tables from threshold to 100 TeV in 120 bins.
      Total cross sections and sampling from StandBrem model (based on the EEDL data library) 
      Good description from 1 KeV to 100 GeV, log scale extrapolation above 100 GeV. LPM flag 1

eIoni:   tables are built for  e+
      dE/dx and range tables from 100 eV  to 100 TeV in 120 bins.
      Lambda tables from threshold to 100 TeV in 120 bins.
      Delta cross sections and sampling from MollerBhabha model
      Good description from 1 KeV to 100 GeV.
      Step function: finalRange(mm)= 1, dRoverRange= 0.2, integral: 1

eBrem:   tables are built for  e+
      dE/dx and range tables from 100 eV  to 100 TeV in 120 bins.
      Lambda tables from threshold to 100 TeV in 120 bins.
      Total cross sections and sampling from StandBrem model (based on the EEDL data library) 
      Good description from 1 KeV to 100 GeV, log scale extrapolation above 100 GeV. LPM flag 1

annihil:       Sampling according eplus2gg model
      tables are built for  e+
      Lambda tables from 100 eV  to 100 TeV in 120 bins.

msc:  Model variant of multiple scattering for proton
      Lambda tables from 100 eV  to 100 TeV in 120 bins.
      LateralDisplacementFlag=  1   Skin= 0
      Boundary/stepping algorithm is active with RangeFactor= 0.02  Step limit type 1

hIoni:   tables are built for  proton
      dE/dx and range tables from 100 eV  to 100 TeV in 120 bins.
      Lambda tables from threshold to 100 TeV in 120 bins.
      Scaling relation is used from proton dE/dx and range.
      Delta cross sections and sampling from BetheBloch model for scaled energy > 2 MeV
      Parametrisation from Bragg for protons below.
      Step function: finalRange(mm)= 1, dRoverRange= 0.2, integral: 1

hIoni:   tables are built for  anti_proton
      dE/dx and range tables from 100 eV  to 100 TeV in 120 bins.
      Lambda tables from threshold to 100 TeV in 120 bins.
      Scaling relation is used from proton dE/dx and range.
      Delta cross sections and sampling from BetheBloch model for scaled energy > 2 MeV
      Parametrisation from Bragg for protons below.
      Step function: finalRange(mm)= 1, dRoverRange= 0.2, integral: 1

msc:  Model variant of multiple scattering for mu+
      Lambda tables from 100 eV  to 100 TeV in 120 bins.
      LateralDisplacementFlag=  1   Skin= 0
      Boundary/stepping algorithm is active with RangeFactor= 0.02  Step limit type 1

muIoni:   tables are built for  mu+
      dE/dx and range tables from 100 eV  to 100 TeV in 120 bins.
      Lambda tables from threshold to 100 TeV in 120 bins.
      Bether-Bloch model for E > 0.2 MeV, parametrisation of Bragg peak below, 
      radiative corrections for E > 1 GeV
      Step function: finalRange(mm)= 1, dRoverRange= 0.2, integral: 1

muBrems:   tables are built for  mu+
      dE/dx and range tables from 100 eV  to 100 TeV in 120 bins.
      Lambda tables from threshold to 100 TeV in 120 bins.
      Parametrised model 

muPairProd:   tables are built for  mu+
      dE/dx and range tables from 100 eV  to 100 TeV in 120 bins.
      Lambda tables from threshold to 100 TeV in 120 bins.
      Parametrised model 

muIoni:   tables are built for  mu-
      dE/dx and range tables from 100 eV  to 100 TeV in 120 bins.
      Lambda tables from threshold to 100 TeV in 120 bins.
      Bether-Bloch model for E > 0.2 MeV, parametrisation of Bragg peak below, 
      radiative corrections for E > 1 GeV
      Step function: finalRange(mm)= 1, dRoverRange= 0.2, integral: 1

muBrems:   tables are built for  mu-
      dE/dx and range tables from 100 eV  to 100 TeV in 120 bins.
      Lambda tables from threshold to 100 TeV in 120 bins.
      Parametrised model 

muPairProd:   tables are built for  mu-
      dE/dx and range tables from 100 eV  to 100 TeV in 120 bins.
      Lambda tables from threshold to 100 TeV in 120 bins.
      Parametrised model 

hIoni:   tables are built for  pi+
      dE/dx and range tables from 100 eV  to 100 TeV in 120 bins.
      Lambda tables from threshold to 100 TeV in 120 bins.
      Scaling relation is used from proton dE/dx and range.
      Delta cross sections and sampling from BetheBloch model for scaled energy > 0.29750425 MeV
      Parametrisation from Bragg for protons below.
      Step function: finalRange(mm)= 1, dRoverRange= 0.2, integral: 1

msc:  Model variant of multiple scattering for pi-
      Lambda tables from 100 eV  to 100 TeV in 120 bins.
      LateralDisplacementFlag=  1   Skin= 0
      Boundary/stepping algorithm is active with RangeFactor= 0.02  Step limit type 1

hIoni:   tables are built for  pi-
      dE/dx and range tables from 100 eV  to 100 TeV in 120 bins.
      Lambda tables from threshold to 100 TeV in 120 bins.
      Scaling relation is used from proton dE/dx and range.
      Delta cross sections and sampling from BetheBloch model for scaled energy > 0.29750425 MeV
      Parametrisation from Bragg for protons below.
      Step function: finalRange(mm)= 1, dRoverRange= 0.2, integral: 1
### Run 1 start.

*********************************************************************************************************
* G4Track Information:   Particle = e+,   Track ID = 1,   Parent ID = 0
*********************************************************************************************************

Step#      X         Y         Z        KineE    dEStep   StepLeng  TrakLeng    Volume     Process
    0      0 fm      0 fm      0 fm    500 keV     0 eV      0 fm      0 fm         Tank    initStep
    1    953 um    755 um    205 um    194 keV   306 keV  1.49 mm   1.49 mm         Tank       eIoni

*********************************************************************************************************
* G4Track Information:   Particle = opticalphoton,   Track ID = 17,   Parent ID = 1
*********************************************************************************************************

Step#      X         Y         Z        KineE    dEStep   StepLeng  TrakLeng    Volume     Process
    0    196 um    155 um   42.2 um   3.07 eV      0 eV      0 fm      0 fm         Tank    initStep
    1      5 m     2.9 m     -64 cm   3.07 eV      0 eV   5.81 m    5.81 m          Tank  Transportation
    2     10 m    7.57 m   -1.67 m    3.07 eV      0 eV   6.92 m    12.7 m    OutOfWorld  Transportation

*********************************************************************************************************
* G4Track Information:   Particle = opticalphoton,   Track ID = 16,   Parent ID = 1
*********************************************************************************************************

Step#      X         Y         Z        KineE    dEStep   StepLeng  TrakLeng    Volume     Process
    0    125 um   99.1 um   26.9 um   2.07 eV      0 eV      0 fm      0 fm         Tank    initStep
    1   3.65 m     1.5 m    1.03 m    2.07 eV      0 eV   4.08 m    4.08 m          Tank  OpAbsorption

*********************************************************************************************************
* G4Track Information:   Particle = opticalphoton,   Track ID = 15,   Parent ID = 1
*********************************************************************************************************

Step#      X         Y         Z        KineE    dEStep   StepLeng  TrakLeng    Volume     Process
    0    815 um    645 um    175 um   3.33 eV      0 eV      0 fm      0 fm         Tank    initStep
    1   77.5 cm   1.07 m    1.22 cm   3.33 eV      0 eV   1.32 m    1.32 m          Tank  OpRayleigh
    2   4.04 cm      2 m   -35.1 cm   3.33 eV      0 eV   1.24 m    2.56 m          Tank  Transportation
    3  -26.1 cm   2.16 m     -50 cm   3.33 eV      0 eV   37.4 cm   2.93 m        Bubble  Transportation
    4  -3.89 m    4.14 m      -5 m    3.33 eV      0 eV   6.11 m    9.04 m          Tank  Transportation
    5    -10 m    7.46 m   -8.02 m    3.33 eV      0 eV   7.58 m    16.6 m    OutOfWorld  Transportation

*********************************************************************************************************
* G4Track Information:   Particle = opticalphoton,   Track ID = 14,   Parent ID = 1
*********************************************************************************************************

Step#      X         Y         Z        KineE    dEStep   StepLeng  TrakLeng    Volume     Process
    0    905 um    717 um    195 um   2.84 eV      0 eV      0 fm      0 fm         Tank    initStep
    1      5 m    1.93 m    46.9 cm   2.84 eV      0 eV   5.38 m    5.38 m          Tank  Transportation
    2     10 m    4.74 m    1.15 m    2.84 eV      0 eV   5.77 m    11.2 m    OutOfWorld  Transportation

*********************************************************************************************************
* G4Track Information:   Particle = opticalphoton,   Track ID = 13,   Parent ID = 1
*********************************************************************************************************

Step#      X         Y         Z        KineE    dEStep   StepLeng  TrakLeng    Volume     Process
    0    435 um    345 um   93.6 um   3.84 eV      0 eV      0 fm      0 fm         Tank    initStep
    1      5 m    2.39 m   -36.6 cm   3.84 eV      0 eV   5.55 m    5.55 m          Tank  Transportation
    2     10 m    6.01 m   -92.1 cm   3.84 eV      0 eV    6.2 m    11.8 m    OutOfWorld  Transportation

*********************************************************************************************************
* G4Track Information:   Particle = opticalphoton,   Track ID = 12,   Parent ID = 1
*********************************************************************************************************

Step#      X         Y         Z        KineE    dEStep   StepLeng  TrakLeng    Volume     Process
    0    523 um    414 um    112 um   2.11 eV      0 eV      0 fm      0 fm         Tank    initStep
    1      5 m    4.02 m   -77.9 cm   2.11 eV      0 eV   6.46 m    6.46 m          Tank  Transportation
    2   8.74 m      10 m   -1.94 m    2.11 eV      0 eV   7.14 m    13.6 m    OutOfWorld  Transportation

*********************************************************************************************************
* G4Track Information:   Particle = opticalphoton,   Track ID = 11,   Parent ID = 1
*********************************************************************************************************

Step#      X         Y         Z        KineE    dEStep   StepLeng  TrakLeng    Volume     Process
    0    853 um    676 um    184 um   3.49 eV      0 eV      0 fm      0 fm         Tank    initStep
    1      5 m    3.19 m    3.02 m    3.49 eV      0 eV   6.65 m    6.65 m          Tank  Transportation
    2   9.66 m      10 m    9.47 m    3.49 eV      0 eV   10.5 m    17.1 m    OutOfWorld  Transportation

*********************************************************************************************************
* G4Track Information:   Particle = opticalphoton,   Track ID = 10,   Parent ID = 1
*********************************************************************************************************

Step#      X         Y         Z        KineE    dEStep   StepLeng  TrakLeng    Volume     Process
    0    842 um    667 um    181 um   3.96 eV      0 eV      0 fm      0 fm         Tank    initStep
    1   2.83 m    1.81 m   -47.6 cm   3.96 eV      0 eV   3.39 m    3.39 m          Tank  OpAbsorption

*********************************************************************************************************
* G4Track Information:   Particle = opticalphoton,   Track ID = 9,   Parent ID = 1
*********************************************************************************************************

Step#      X         Y         Z        KineE    dEStep   StepLeng  TrakLeng    Volume     Process
    0    924 um    731 um    199 um   2.66 eV      0 eV      0 fm      0 fm         Tank    initStep
    1   4.71 m       5 m    3.22 m    2.66 eV      0 eV   7.58 m    7.58 m          Tank  Transportation
    2   4.71 m       5 m    3.22 m    2.66 eV      0 eV      0 fm   7.58 m         World  Transportation
    3      5 m    4.69 m    3.42 m    2.66 eV      0 eV   47.5 cm   8.06 m          Tank  Transportation
    4      5 m    4.69 m    3.42 m    2.66 eV      0 eV      0 fm   8.06 m         World  Transportation
    5   2.68 m    2.22 m       5 m    2.66 eV      0 eV   3.73 m    11.8 m          Tank  Transportation
    6   2.68 m    2.22 m       5 m    2.66 eV      0 eV      0 fm   11.8 m         World  Transportation
    7  -4.12 m      -5 m    35.4 cm   2.66 eV      0 eV     11 m    22.7 m          Tank  Transportation
    8  -4.12 m      -5 m    35.4 cm   2.66 eV      0 eV      0 fm   22.7 m         World  Transportation
    9     -5 m   -4.06 m     -25 cm   2.66 eV      0 eV   1.43 m    24.2 m          Tank  Transportation
   10     -5 m   -4.06 m     -25 cm   2.66 eV      0 eV      0 fm   24.2 m         World  Transportation
   11  -3.06 m      -5 m   -2.01 m    2.66 eV      0 eV   2.78 m      27 m          Tank  Transportation
   12  -3.06 m      -5 m   -2.01 m    2.66 eV      0 eV      0 fm     27 m         World  Transportation
   13   23.8 cm   -3.4 m      -5 m    2.66 eV      0 eV   4.73 m    31.7 m          Tank  Transportation
   14   23.8 cm   -3.4 m      -5 m    2.66 eV      0 eV      0 fm   31.7 m         World  Transportation
   15      5 m    -1.1 m   -68.2 cm   2.66 eV      0 eV   6.83 m    38.5 m          Tank  Transportation
   16   8.11 m    4.61 m      10 m    2.66 eV      0 eV   12.5 m      51 m    OutOfWorld  Transportation

*********************************************************************************************************
* G4Track Information:   Particle = opticalphoton,   Track ID = 8,   Parent ID = 1
*********************************************************************************************************

Step#      X         Y         Z        KineE    dEStep   StepLeng  TrakLeng    Volume     Process
    0    135 um    107 um   29.1 um   2.57 eV      0 eV      0 fm      0 fm         Tank    initStep
    1      5 m    3.47 m   -78.8 cm   2.57 eV      0 eV   6.14 m    6.14 m          Tank  Transportation
    2     10 m    9.63 m   -2.18 m    2.57 eV      0 eV   8.05 m    14.2 m    OutOfWorld  Transportation

*********************************************************************************************************
* G4Track Information:   Particle = opticalphoton,   Track ID = 7,   Parent ID = 1
*********************************************************************************************************

Step#      X         Y         Z        KineE    dEStep   StepLeng  TrakLeng    Volume     Process
    0   45.2 um   35.8 um   9.72 um   2.16 eV      0 eV      0 fm      0 fm         Tank    initStep
    1      5 m    3.37 m   -68.2 cm   2.16 eV      0 eV   6.07 m    6.07 m          Tank  Transportation
    2     10 m    9.15 m   -1.85 m    2.16 eV      0 eV   7.73 m    13.8 m    OutOfWorld  Transportation

*********************************************************************************************************
* G4Track Information:   Particle = opticalphoton,   Track ID = 6,   Parent ID = 1
*********************************************************************************************************

Step#      X         Y         Z        KineE    dEStep   StepLeng  TrakLeng    Volume     Process
    0    851 um    674 um    183 um   3.85 eV      0 eV      0 fm      0 fm         Tank    initStep
    1   28.8 cm   34.5 cm   20.3 cm   3.85 eV      0 eV   49.2 cm   49.2 cm         Tank  OpAbsorption

*********************************************************************************************************
* G4Track Information:   Particle = opticalphoton,   Track ID = 5,   Parent ID = 1
*********************************************************************************************************

Step#      X         Y         Z        KineE    dEStep   StepLeng  TrakLeng    Volume     Process
    0    297 um    235 um   63.9 um   2.48 eV      0 eV      0 fm      0 fm         Tank    initStep
    1      5 m    3.31 m   -72.4 cm   2.48 eV      0 eV   6.04 m    6.04 m          Tank  Transportation
    2     10 m    8.97 m   -1.96 m    2.48 eV      0 eV   7.65 m    13.7 m    OutOfWorld  Transportation

*********************************************************************************************************
* G4Track Information:   Particle = opticalphoton,   Track ID = 4,   Parent ID = 1
*********************************************************************************************************

Step#      X         Y         Z        KineE    dEStep   StepLeng  TrakLeng    Volume     Process
    0    490 um    388 um    105 um    2.2 eV      0 eV      0 fm      0 fm         Tank    initStep
    1   1.73 m    2.33 m    11.9 cm    2.2 eV      0 eV    2.9 m     2.9 m          Tank  OpAbsorption

*********************************************************************************************************
* G4Track Information:   Particle = opticalphoton,   Track ID = 3,   Parent ID = 1
*********************************************************************************************************

Step#      X         Y         Z        KineE    dEStep   StepLeng  TrakLeng    Volume     Process
    0    203 um    161 um   43.7 um   3.64 eV      0 eV      0 fm      0 fm         Tank    initStep
    1      5 m    2.48 m   -43.2 cm   3.64 eV      0 eV    5.6 m     5.6 m          Tank  Transportation
    2     10 m    6.29 m    -1.1 m    3.64 eV      0 eV   6.32 m    11.9 m    OutOfWorld  Transportation

*********************************************************************************************************
* G4Track Information:   Particle = opticalphoton,   Track ID = 2,   Parent ID = 1
*********************************************************************************************************

Step#      X         Y         Z        KineE    dEStep   StepLeng  TrakLeng    Volume     Process
    0    260 um    206 um   55.9 um   3.95 eV      0 eV      0 fm      0 fm         Tank    initStep
    1   3.11 m    1.42 m    1.42 m    3.95 eV      0 eV    3.7 m     3.7 m          Tank  OpRayleigh
    2   3.54 m    42.7 cm   75.7 cm   3.95 eV      0 eV   1.26 m    4.96 m          Tank  OpAbsorption

*********************************************************************************************************
* G4Track Information:   Particle = e+,   Track ID = 1,   Parent ID = 0
*********************************************************************************************************

Step#      X         Y         Z        KineE    dEStep   StepLeng  TrakLeng    Volume     Process
    1    953 um    755 um    205 um    194 keV     0 eV      0 fm   1.49 mm         Tank    initStep
    2    772 um    861 um    281 um      0 eV    194 keV   410 um    1.9 mm         Tank       eIoni
    3    772 um    861 um    281 um      0 eV      0 eV      0 fm    1.9 mm         Tank     annihil

*********************************************************************************************************
* G4Track Information:   Particle = gamma,   Track ID = 19,   Parent ID = 1
*********************************************************************************************************

Step#      X         Y         Z        KineE    dEStep   StepLeng  TrakLeng    Volume     Process
    0    772 um    861 um    281 um    511 keV     0 eV      0 fm      0 fm         Tank    initStep
    1  -2.14 m      -5 m    4.95 m     511 keV     0 eV   7.36 m    7.36 m          Tank  Transportation
    2  -4.29 m     -10 m     9.9 m     511 keV     0 eV   7.36 m    14.7 m    OutOfWorld  Transportation

*********************************************************************************************************
* G4Track Information:   Particle = gamma,   Track ID = 18,   Parent ID = 1
*********************************************************************************************************

Step#      X         Y         Z        KineE    dEStep   StepLeng  TrakLeng    Volume     Process
    0    772 um    861 um    281 um    511 keV     0 eV      0 fm      0 fm         Tank    initStep
    1   2.14 m       5 m   -4.95 m     511 keV     0 eV   7.36 m    7.36 m          Tank  Transportation
    2   4.29 m      10 m    -9.9 m     511 keV     0 eV   7.36 m    14.7 m    OutOfWorld  Transportation
Number of optical photons produces in this event : 16
number of event = 1 User=0.05s Real=0.08s Sys=0.03s
Graphics systems deleted.
Visualization Manager deleting...
