Environment variable "G4FORCE_RUN_MANAGER_TYPE" enabled with value == Serial. Forcing G4RunManager type...

        ############################################
        !!! WARNING - FPE detection is activated !!!
        ############################################


          ################################
          !!! G4Backtrace is activated !!!
          ################################


**************************************************************
 Geant4 version Name: geant4-11-03-ref-00    (6-December-2024)
                       Copyright : Geant4 Collaboration
                      References : NIM A 506 (2003), 250-303
                                 : IEEE-TNS 53 (2006), 270-278
                                 : NIM A 835 (2016), 186-225
                             WWW : http://geant4.org/
**************************************************************

Visualization Manager instantiating with verbosity "warnings (3)"...
Visualization Manager initialising...
Registering graphics systems...

You have successfully registered the following graphics systems.
Registered graphics systems are:
  ASCIITree (ATree)
  DAWNFILE (DAWNFILE)
  G4HepRepFile (HepRepFile)
  RayTracer (RayTracer)
  VRML2FILE (VRML2FILE)
  gMocrenFile (gMocrenFile)
  TOOLSSG_OFFSCREEN (TSG_OFFSCREEN, TSG_FILE)
  OpenGLImmediateQt (OGLIQt, OGLI)
  OpenGLStoredQt (OGLSQt, OGL, OGLS)
  OpenGLImmediateXm (OGLIXm, OGLIQt_FALLBACK)
  OpenGLStoredXm (OGLSXm, OGLSQt_FALLBACK)
  OpenGLImmediateX (OGLIX, OGLIQt_FALLBACK, OGLIXm_FALLBACK)
  OpenGLStoredX (OGLSX, OGLSQt_FALLBACK, OGLSXm_FALLBACK)
  RayTracerX (RayTracerX)
  Qt3D (Qt3D)
  TOOLSSG_X11_GLES (TSG_X11_GLES, TSGX11, TSG_XT_GLES_FALLBACK)
  TOOLSSG_X11_ZB (TSG_X11_ZB, TSGX11ZB)
  TOOLSSG_XT_GLES (TSG_XT_GLES, TSGXt, TSG_QT_GLES_FALLBACK)
  TOOLSSG_XT_ZB (TSG_XT_ZB, TSGXtZB)
  TOOLSSG_QT_GLES (TSG_QT_GLES, TSGQt, TSG)
  TOOLSSG_QT_ZB (TSG_QT_ZB, TSGQtZB)
You may choose a graphics system (driver) with a parameter of
the command "/vis/open" or "/vis/sceneHandler/create",
or you may omit the driver parameter and choose at run time:
- by argument in the construction of G4VisExecutive
- by environment variable "G4VIS_DEFAULT_DRIVER"
- by entry in "~/.g4session"
- by build flags.
- Note: This feature is not allowed in batch mode.
For further information see "examples/basic/B1/exampleB1.cc"
and "vis.mac".

Registering model factories...

You have successfully registered the following model factories.
Registered model factories:
  generic
  drawByAttribute
  drawByCharge
  drawByOriginVolume
  drawByParticleID
  drawByEncounteredVolume

Registered models:
  None

Registered filter factories:
  attributeFilter
  chargeFilter
  originVolumeFilter
  particleFilter
  encounteredVolumeFilter

Registered filters:
  None

You have successfully registered the following user vis actions.
Run Duration User Vis Actions: none
End of Event User Vis Actions: none
End of Run User Vis Actions: none

Some /vis commands (optionally) take a string to specify colour.
"/vis/list" to see available colours.
<<< Geant4 Physics List simulation engine: QGSP_BERT

I'm World.
 G4ChordFinder: stepperDriverId: 2
--- G4CoupledTransportation is used 

 hInelastic QGSP_BERT  Thresholds: 
    1) between BERT  and FTF/P over the interval 3 to 6 GeV. 
    2) between FTF/P and QGS/P over the interval 12 to 25 GeV. 
  -- quasiElastic: 1 for QGS  and 0 for FTF
### Adding tracking cuts for neutron  TimeCut(ns)= 10000  KinEnergyCut(MeV)= 0
/mydet/generator PYTHIA
/run/beamOn 1
=======================================================================
======                 Electromagnetic Physics Parameters      ========
=======================================================================
LPM effect enabled                                 1
Enable creation and use of sampling tables         0
Apply cuts on all EM processes                     0
Use combined TransportationWithMsc                 Disabled
Use general process                                1
Enable linear polarisation for gamma               0
Enable photoeffect sampling below K-shell          1
Enable sampling of quantum entanglement            0
X-section factor for integral approach             0.8
Min kinetic energy for tables                      100 eV 
Max kinetic energy for tables                      100 TeV
Number of bins per decade of a table               7
Verbose level                                      1
Verbose level for worker thread                    0
Bremsstrahlung energy threshold above which 
  primary e+- is added to the list of secondary    100 TeV
Bremsstrahlung energy threshold above which primary
  muon/hadron is added to the list of secondary    100 TeV
Positron annihilation at rest model                SimplePositronium
Enable 3 gamma annihilation on fly                 0
Lowest triplet kinetic energy                      1 MeV
Enable sampling of gamma linear polarisation       0
5D gamma conversion model type                     0
5D gamma conversion model on isolated ion          0
Use Ricardo-Gerardo pair production model          0
Livermore data directory                           epics_2017
=======================================================================
======                 Ionisation Parameters                   ========
=======================================================================
Step function for e+-                              (0.2, 1 mm)
Step function for muons/hadrons                    (0.2, 0.1 mm)
Step function for light ions                       (0.2, 0.1 mm)
Step function for general ions                     (0.2, 0.1 mm)
Lowest e+e- kinetic energy                         1 keV
Lowest muon/hadron kinetic energy                  1 keV
Use ICRU90 data                                    0
Fluctuations of dE/dx are enabled                  1
Type of fluctuation model for leptons and hadrons  Urban
Use built-in Birks satuaration                     0
Build CSDA range enabled                           0
Use cut as a final range enabled                   0
Enable angular generator interface                 0
Max kinetic energy for CSDA tables                 1 GeV
Max kinetic energy for NIEL computation            0 eV 
Linear loss limit                                  0.01
Read data from file for e+e- pair production by mu 0
=======================================================================
======                 Multiple Scattering Parameters          ========
=======================================================================
Type of msc step limit algorithm for e+-           1
Type of msc step limit algorithm for muons/hadrons 0
Msc lateral displacement for e+- enabled           1
Msc lateral displacement for muons and hadrons     0
Urban msc model lateral displacement alg96         1
Range factor for msc step limit for e+-            0.04
Range factor for msc step limit for muons/hadrons  0.2
Geometry factor for msc step limitation of e+-     2.5
Safety factor for msc step limit for e+-           0.6
Skin parameter for msc step limitation of e+-      1
Lambda limit for msc step limit for e+-            1 mm
Use Mott correction for e- scattering              0
Factor used for dynamic computation of angular 
  limit between single and multiple scattering     1
Fixed angular limit between single 
  and multiple scattering                          3.1416 rad
Upper energy limit for e+- multiple scattering     100 MeV
Type of electron single scattering model           0
Type of nuclear form-factor                        1
Screening factor                                   1
=======================================================================

phot:  for gamma SubType=12 BuildTable=0
      LambdaPrime table from 200 keV to 100 TeV in 61 bins 
      ===== EM models for the G4Region  DefaultRegionForTheWorld ======
 LivermorePhElectric : Emin=    0 eV  Emax=  100 TeV  SauterGavrila Fluo

compt:  for gamma SubType=13 BuildTable=1
      Lambda table from 100 eV  to 1 MeV, 7 bins/decade, spline: 1
      LambdaPrime table from 1 MeV to 100 TeV in 56 bins 
      ===== EM models for the G4Region  DefaultRegionForTheWorld ======
       Klein-Nishina : Emin=    0 eV  Emax=  100 TeV

conv:  for gamma SubType=14 BuildTable=1
      Lambda table from 1.022 MeV to 100 TeV, 18 bins/decade, spline: 1
      ===== EM models for the G4Region  DefaultRegionForTheWorld ======
     BetheHeitlerLPM : Emin=    0 eV  Emax=  100 TeV  ModifiedTsai

Rayl:  for gamma SubType=11 BuildTable=1
      Lambda table from 100 eV  to 150 keV, 7 bins/decade, spline: 0
      LambdaPrime table from 150 keV to 100 TeV in 62 bins 
      ===== EM models for the G4Region  DefaultRegionForTheWorld ======
   LivermoreRayleigh : Emin=    0 eV  Emax=  100 TeV  CullenGenerator

msc:  for e-  SubType= 10
      ===== EM models for the G4Region  DefaultRegionForTheWorld ======
            UrbanMsc : Emin=    0 eV  Emax=  100 MeV Nbins=42 100 eV  - 100 MeV
          StepLim=UseSafety Rfact=0.04 Gfact=2.5 Sfact=0.6 DispFlag:1 Skin=1 Llim=1 mm
        WentzelVIUni : Emin=  100 MeV Emax=  100 TeV Nbins=42 100 MeV - 100 TeV
          StepLim=UseSafety Rfact=0.04 Gfact=2.5 Sfact=0.6 DispFlag:1 Skin=1 Llim=1 mm

eIoni:  for e-  XStype:3  SubType=2
      dE/dx and range tables from 100 eV  to 100 TeV in 84 bins
      Lambda tables from threshold to 100 TeV, 7 bins/decade, spline: 1
      StepFunction=(0.2, 1 mm), integ: 3, fluct: 1, linLossLim= 0.01
      ===== EM models for the G4Region  DefaultRegionForTheWorld ======
        MollerBhabha : Emin=    0 eV  Emax=  100 TeV

eBrem:  for e-  XStype:4  SubType=3
      dE/dx and range tables from 100 eV  to 100 TeV in 84 bins
      Lambda tables from threshold to 100 TeV, 7 bins/decade, spline: 1
      LPM flag: 1 for E > 1 GeV,  VertexHighEnergyTh(GeV)= 100000
      ===== EM models for the G4Region  DefaultRegionForTheWorld ======
             eBremSB : Emin=    0 eV  Emax=    1 GeV  ModifiedTsai
            eBremLPM : Emin=    1 GeV Emax=  100 TeV  ModifiedTsai

CoulombScat:  for e- XStype:1 SubType=1 BuildTable=1
      Lambda table from 100 MeV to 100 TeV, 7 bins/decade, spline: 0
      ThetaMin(p) < Theta(degree) < 180, pLimit(GeV^1)= 0.139531
      ===== EM models for the G4Region  DefaultRegionForTheWorld ======
  eCoulombScattering : Emin=  100 MeV Emax=  100 TeV

msc:  for e+  SubType= 10
      ===== EM models for the G4Region  DefaultRegionForTheWorld ======
            UrbanMsc : Emin=    0 eV  Emax=  100 MeV Nbins=42 100 eV  - 100 MeV
          StepLim=UseSafety Rfact=0.04 Gfact=2.5 Sfact=0.6 DispFlag:1 Skin=1 Llim=1 mm
        WentzelVIUni : Emin=  100 MeV Emax=  100 TeV Nbins=42 100 MeV - 100 TeV
          StepLim=UseSafety Rfact=0.04 Gfact=2.5 Sfact=0.6 DispFlag:1 Skin=1 Llim=1 mm

eIoni:  for e+  XStype:3  SubType=2
      dE/dx and range tables from 100 eV  to 100 TeV in 84 bins
      Lambda tables from threshold to 100 TeV, 7 bins/decade, spline: 1
      StepFunction=(0.2, 1 mm), integ: 3, fluct: 1, linLossLim= 0.01
      ===== EM models for the G4Region  DefaultRegionForTheWorld ======
        MollerBhabha : Emin=    0 eV  Emax=  100 TeV

eBrem:  for e+  XStype:4  SubType=3
      dE/dx and range tables from 100 eV  to 100 TeV in 84 bins
      Lambda tables from threshold to 100 TeV, 7 bins/decade, spline: 1
      LPM flag: 1 for E > 1 GeV,  VertexHighEnergyTh(GeV)= 100000
      ===== EM models for the G4Region  DefaultRegionForTheWorld ======
             eBremSB : Emin=    0 eV  Emax=    1 GeV  ModifiedTsai
            eBremLPM : Emin=    1 GeV Emax=  100 TeV  ModifiedTsai

annihil:  for e+ XStype:2 SubType=5 AtRestModel:Simple BuildTable=0
      ===== EM models for the G4Region  DefaultRegionForTheWorld ======
            eplus2gg : Emin=    0 eV  Emax=  100 TeV

CoulombScat:  for e+ XStype:1 SubType=1 BuildTable=1
      Lambda table from 100 MeV to 100 TeV, 7 bins/decade, spline: 0
      ThetaMin(p) < Theta(degree) < 180, pLimit(GeV^1)= 0.139531
      ===== EM models for the G4Region  DefaultRegionForTheWorld ======
  eCoulombScattering : Emin=  100 MeV Emax=  100 TeV

msc:  for proton  SubType= 10
      ===== EM models for the G4Region  DefaultRegionForTheWorld ======
        WentzelVIUni : Emin=    0 eV  Emax=  100 TeV Nbins=84 100 eV  - 100 TeV
          StepLim=Minimal Rfact=0.2 Gfact=2.5 Sfact=0.6 DispFlag:0 Skin=1 Llim=1 mm

hIoni:  for proton  XStype:3  SubType=2
      dE/dx and range tables from 100 eV  to 100 TeV in 84 bins
      Lambda tables from threshold to 100 TeV, 7 bins/decade, spline: 1
      StepFunction=(0.2, 0.1 mm), integ: 3, fluct: 1, linLossLim= 0.01
      ===== EM models for the G4Region  DefaultRegionForTheWorld ======
               Bragg : Emin=    0 eV  Emax=    2 MeV
          BetheBloch : Emin=    2 MeV Emax=  100 TeV

hBrems:  for proton  XStype:1  SubType=3
      dE/dx and range tables from 100 eV  to 100 TeV in 84 bins
      Lambda tables from threshold to 100 TeV, 7 bins/decade, spline: 1
      ===== EM models for the G4Region  DefaultRegionForTheWorld ======
               hBrem : Emin=    0 eV  Emax=  100 TeV  ModifiedMephi

hPairProd:  for proton  XStype:1  SubType=4
      dE/dx and range tables from 100 eV  to 100 TeV in 84 bins
      Lambda tables from threshold to 100 TeV, 7 bins/decade, spline: 1
      Sampling table 17x1001 from 7.50618 GeV to 100 TeV 
      ===== EM models for the G4Region  DefaultRegionForTheWorld ======
           hPairProd : Emin=    0 eV  Emax=  100 TeV  ModifiedMephi

CoulombScat:  for proton XStype:1 SubType=1 BuildTable=1
      Lambda table from threshold  to 100 TeV, 7 bins/decade, spline: 0
      ThetaMin(p) < Theta(degree) < 180, pLimit(GeV^1)= 0.139531
      ===== EM models for the G4Region  DefaultRegionForTheWorld ======
  eCoulombScattering : Emin=    0 eV  Emax=  100 TeV

msc:  for GenericIon  SubType= 10
      ===== EM models for the G4Region  DefaultRegionForTheWorld ======
            UrbanMsc : Emin=    0 eV  Emax=  100 TeV
          StepLim=Minimal Rfact=0.2 Gfact=2.5 Sfact=0.6 DispFlag:0 Skin=1 Llim=1 mm

ionIoni:  for GenericIon  XStype:3  SubType=2
      dE/dx and range tables from 100 eV  to 100 TeV in 84 bins
      Lambda tables from threshold to 100 TeV, 7 bins/decade, spline: 1
      StepFunction=(0.2, 0.1 mm), integ: 3, fluct: 1, linLossLim= 0.02
      ===== EM models for the G4Region  DefaultRegionForTheWorld ======
               Bragg : Emin=    0 eV  Emax=    2 MeV
          BetheBloch : Emin=    2 MeV Emax=  100 TeV

msc:  for alpha  SubType= 10
      ===== EM models for the G4Region  DefaultRegionForTheWorld ======
            UrbanMsc : Emin=    0 eV  Emax=  100 TeV
          StepLim=Minimal Rfact=0.2 Gfact=2.5 Sfact=0.6 DispFlag:0 Skin=1 Llim=1 mm

ionIoni:  for alpha  XStype:3  SubType=2
      dE/dx and range tables from 100 eV  to 100 TeV in 84 bins
      Lambda tables from threshold to 100 TeV, 7 bins/decade, spline: 1
      StepFunction=(0.2, 0.1 mm), integ: 3, fluct: 1, linLossLim= 0.02
      ===== EM models for the G4Region  DefaultRegionForTheWorld ======
            BraggIon : Emin=    0 eV  Emax=7.9452 MeV
          BetheBloch : Emin=7.9452 MeV Emax=  100 TeV

msc:  for anti_proton  SubType= 10
      ===== EM models for the G4Region  DefaultRegionForTheWorld ======
        WentzelVIUni : Emin=    0 eV  Emax=  100 TeV Nbins=84 100 eV  - 100 TeV
          StepLim=Minimal Rfact=0.2 Gfact=2.5 Sfact=0.6 DispFlag:0 Skin=1 Llim=1 mm

hIoni:  for anti_proton  XStype:3  SubType=2
      dE/dx and range tables from 100 eV  to 100 TeV in 84 bins
      Lambda tables from threshold to 100 TeV, 7 bins/decade, spline: 1
      StepFunction=(0.2, 0.1 mm), integ: 3, fluct: 1, linLossLim= 0.01
      ===== EM models for the G4Region  DefaultRegionForTheWorld ======
            ICRU73QO : Emin=    0 eV  Emax=    2 MeV
          BetheBloch : Emin=    2 MeV Emax=  100 TeV

hBrems:  for anti_proton  XStype:1  SubType=3
      dE/dx and range tables from 100 eV  to 100 TeV in 84 bins
      Lambda tables from threshold to 100 TeV, 7 bins/decade, spline: 1
      ===== EM models for the G4Region  DefaultRegionForTheWorld ======
               hBrem : Emin=    0 eV  Emax=  100 TeV  ModifiedMephi

hPairProd:  for anti_proton  XStype:1  SubType=4
      dE/dx and range tables from 100 eV  to 100 TeV in 84 bins
      Lambda tables from threshold to 100 TeV, 7 bins/decade, spline: 1
      Sampling table 17x1001 from 7.50618 GeV to 100 TeV 
      ===== EM models for the G4Region  DefaultRegionForTheWorld ======
           hPairProd : Emin=    0 eV  Emax=  100 TeV  ModifiedMephi

CoulombScat:  for anti_proton XStype:1 SubType=1 BuildTable=1
      Lambda table from threshold  to 100 TeV, 7 bins/decade, spline: 0
      ThetaMin(p) < Theta(degree) < 180, pLimit(GeV^1)= 0.139531
      ===== EM models for the G4Region  DefaultRegionForTheWorld ======
  eCoulombScattering : Emin=    0 eV  Emax=  100 TeV

msc:  for kaon+  SubType= 10
      ===== EM models for the G4Region  DefaultRegionForTheWorld ======
        WentzelVIUni : Emin=    0 eV  Emax=  100 TeV Nbins=84 100 eV  - 100 TeV
          StepLim=Minimal Rfact=0.2 Gfact=2.5 Sfact=0.6 DispFlag:0 Skin=1 Llim=1 mm

hIoni:  for kaon+  XStype:3  SubType=2
      dE/dx and range tables from 100 eV  to 100 TeV in 84 bins
      Lambda tables from threshold to 100 TeV, 7 bins/decade, spline: 1
      StepFunction=(0.2, 0.1 mm), integ: 3, fluct: 1, linLossLim= 0.01
      ===== EM models for the G4Region  DefaultRegionForTheWorld ======
               Bragg : Emin=    0 eV  Emax=1.05231 MeV
          BetheBloch : Emin=1.05231 MeV Emax=  100 TeV

hBrems:  for kaon+  XStype:1  SubType=3
      dE/dx and range tables from 100 eV  to 100 TeV in 84 bins
      Lambda tables from threshold to 100 TeV, 7 bins/decade, spline: 1
      ===== EM models for the G4Region  DefaultRegionForTheWorld ======
               hBrem : Emin=    0 eV  Emax=  100 TeV  ModifiedMephi

hPairProd:  for kaon+  XStype:1  SubType=4
      dE/dx and range tables from 100 eV  to 100 TeV in 84 bins
      Lambda tables from threshold to 100 TeV, 7 bins/decade, spline: 1
      Sampling table 18x1001 from 3.94942 GeV to 100 TeV 
      ===== EM models for the G4Region  DefaultRegionForTheWorld ======
           hPairProd : Emin=    0 eV  Emax=  100 TeV  ModifiedMephi

CoulombScat:  for kaon+ XStype:1 SubType=1 BuildTable=1
      Lambda table from threshold  to 100 TeV, 7 bins/decade, spline: 0
      ThetaMin(p) < Theta(degree) < 180, pLimit(GeV^1)= 0.139531
      ===== EM models for the G4Region  DefaultRegionForTheWorld ======
  eCoulombScattering : Emin=    0 eV  Emax=  100 TeV

msc:  for kaon-  SubType= 10
      ===== EM models for the G4Region  DefaultRegionForTheWorld ======
        WentzelVIUni : Emin=    0 eV  Emax=  100 TeV Nbins=84 100 eV  - 100 TeV
          StepLim=Minimal Rfact=0.2 Gfact=2.5 Sfact=0.6 DispFlag:0 Skin=1 Llim=1 mm

hIoni:  for kaon-  XStype:3  SubType=2
      dE/dx and range tables from 100 eV  to 100 TeV in 84 bins
      Lambda tables from threshold to 100 TeV, 7 bins/decade, spline: 1
      StepFunction=(0.2, 0.1 mm), integ: 3, fluct: 1, linLossLim= 0.01
      ===== EM models for the G4Region  DefaultRegionForTheWorld ======
            ICRU73QO : Emin=    0 eV  Emax=1.05231 MeV
          BetheBloch : Emin=1.05231 MeV Emax=  100 TeV

hBrems:  for kaon-  XStype:1  SubType=3
      dE/dx and range tables from 100 eV  to 100 TeV in 84 bins
      Lambda tables from threshold to 100 TeV, 7 bins/decade, spline: 1
      ===== EM models for the G4Region  DefaultRegionForTheWorld ======
               hBrem : Emin=    0 eV  Emax=  100 TeV  ModifiedMephi

hPairProd:  for kaon-  XStype:1  SubType=4
      dE/dx and range tables from 100 eV  to 100 TeV in 84 bins
      Lambda tables from threshold to 100 TeV, 7 bins/decade, spline: 1
      Sampling table 18x1001 from 3.94942 GeV to 100 TeV 
      ===== EM models for the G4Region  DefaultRegionForTheWorld ======
           hPairProd : Emin=    0 eV  Emax=  100 TeV  ModifiedMephi

CoulombScat:  for kaon- XStype:1 SubType=1 BuildTable=1
      Used Lambda table of kaon+
      ThetaMin(p) < Theta(degree) < 180, pLimit(GeV^1)= 0.139531
      ===== EM models for the G4Region  DefaultRegionForTheWorld ======
  eCoulombScattering : Emin=    0 eV  Emax=  100 TeV

msc:  for mu+  SubType= 10
      ===== EM models for the G4Region  DefaultRegionForTheWorld ======
        WentzelVIUni : Emin=    0 eV  Emax=  100 TeV Nbins=84 100 eV  - 100 TeV
          StepLim=Minimal Rfact=0.2 Gfact=2.5 Sfact=0.6 DispFlag:0 Skin=1 Llim=1 mm

muIoni:  for mu+  XStype:3  SubType=2
      dE/dx and range tables from 100 eV  to 100 TeV in 84 bins
      Lambda tables from threshold to 100 TeV, 7 bins/decade, spline: 1
      StepFunction=(0.2, 0.1 mm), integ: 3, fluct: 1, linLossLim= 0.01
      ===== EM models for the G4Region  DefaultRegionForTheWorld ======
               Bragg : Emin=    0 eV  Emax=  200 keV
        MuBetheBloch : Emin=  200 keV Emax=  100 TeV

muBrems:  for mu+  XStype:1  SubType=3
      dE/dx and range tables from 100 eV  to 100 TeV in 84 bins
      Lambda tables from threshold to 100 TeV, 7 bins/decade, spline: 1
      ===== EM models for the G4Region  DefaultRegionForTheWorld ======
              MuBrem : Emin=    0 eV  Emax=  100 TeV  ModifiedMephi

muPairProd:  for mu+  XStype:1  SubType=4
      dE/dx and range tables from 100 eV  to 100 TeV in 84 bins
      Lambda tables from threshold to 100 TeV, 7 bins/decade, spline: 1
      Sampling table 21x1001 from 0.85 GeV to 100 TeV 
      ===== EM models for the G4Region  DefaultRegionForTheWorld ======
          muPairProd : Emin=    0 eV  Emax=  100 TeV  ModifiedMephi

CoulombScat:  for mu+ XStype:1 SubType=1 BuildTable=1
      Lambda table from threshold  to 100 TeV, 7 bins/decade, spline: 0
      ThetaMin(p) < Theta(degree) < 180, pLimit(GeV^1)= 0.139531
      ===== EM models for the G4Region  DefaultRegionForTheWorld ======
  eCoulombScattering : Emin=    0 eV  Emax=  100 TeV

msc:  for mu-  SubType= 10
      ===== EM models for the G4Region  DefaultRegionForTheWorld ======
        WentzelVIUni : Emin=    0 eV  Emax=  100 TeV Nbins=84 100 eV  - 100 TeV
          StepLim=Minimal Rfact=0.2 Gfact=2.5 Sfact=0.6 DispFlag:0 Skin=1 Llim=1 mm

muIoni:  for mu-  XStype:3  SubType=2
      dE/dx and range tables from 100 eV  to 100 TeV in 84 bins
      Lambda tables from threshold to 100 TeV, 7 bins/decade, spline: 1
      StepFunction=(0.2, 0.1 mm), integ: 3, fluct: 1, linLossLim= 0.01
      ===== EM models for the G4Region  DefaultRegionForTheWorld ======
            ICRU73QO : Emin=    0 eV  Emax=  200 keV
        MuBetheBloch : Emin=  200 keV Emax=  100 TeV

muBrems:  for mu-  XStype:1  SubType=3
      dE/dx and range tables from 100 eV  to 100 TeV in 84 bins
      Lambda tables from threshold to 100 TeV, 7 bins/decade, spline: 1
      ===== EM models for the G4Region  DefaultRegionForTheWorld ======
              MuBrem : Emin=    0 eV  Emax=  100 TeV  ModifiedMephi

muPairProd:  for mu-  XStype:1  SubType=4
      dE/dx and range tables from 100 eV  to 100 TeV in 84 bins
      Lambda tables from threshold to 100 TeV, 7 bins/decade, spline: 1
      Sampling table 21x1001 from 0.85 GeV to 100 TeV 
      ===== EM models for the G4Region  DefaultRegionForTheWorld ======
          muPairProd : Emin=    0 eV  Emax=  100 TeV  ModifiedMephi

CoulombScat:  for mu- XStype:1 SubType=1 BuildTable=1
      Used Lambda table of mu+
      ThetaMin(p) < Theta(degree) < 180, pLimit(GeV^1)= 0.139531
      ===== EM models for the G4Region  DefaultRegionForTheWorld ======
  eCoulombScattering : Emin=    0 eV  Emax=  100 TeV

msc:  for pi+  SubType= 10
      ===== EM models for the G4Region  DefaultRegionForTheWorld ======
        WentzelVIUni : Emin=    0 eV  Emax=  100 TeV Nbins=84 100 eV  - 100 TeV
          StepLim=Minimal Rfact=0.2 Gfact=2.5 Sfact=0.6 DispFlag:0 Skin=1 Llim=1 mm

hIoni:  for pi+  XStype:3  SubType=2
      dE/dx and range tables from 100 eV  to 100 TeV in 84 bins
      Lambda tables from threshold to 100 TeV, 7 bins/decade, spline: 1
      StepFunction=(0.2, 0.1 mm), integ: 3, fluct: 1, linLossLim= 0.01
      ===== EM models for the G4Region  DefaultRegionForTheWorld ======
               Bragg : Emin=    0 eV  Emax=297.505 keV
          BetheBloch : Emin=297.505 keV Emax=  100 TeV

hBrems:  for pi+  XStype:1  SubType=3
      dE/dx and range tables from 100 eV  to 100 TeV in 84 bins
      Lambda tables from threshold to 100 TeV, 7 bins/decade, spline: 1
      ===== EM models for the G4Region  DefaultRegionForTheWorld ======
               hBrem : Emin=    0 eV  Emax=  100 TeV  ModifiedMephi

hPairProd:  for pi+  XStype:1  SubType=4
      dE/dx and range tables from 100 eV  to 100 TeV in 84 bins
      Lambda tables from threshold to 100 TeV, 7 bins/decade, spline: 1
      Sampling table 20x1001 from 1.11656 GeV to 100 TeV 
      ===== EM models for the G4Region  DefaultRegionForTheWorld ======
           hPairProd : Emin=    0 eV  Emax=  100 TeV  ModifiedMephi

CoulombScat:  for pi+ XStype:1 SubType=1 BuildTable=1
      Lambda table from threshold  to 100 TeV, 7 bins/decade, spline: 0
      ThetaMin(p) < Theta(degree) < 180, pLimit(GeV^1)= 0.139531
      ===== EM models for the G4Region  DefaultRegionForTheWorld ======
  eCoulombScattering : Emin=    0 eV  Emax=  100 TeV

msc:  for pi-  SubType= 10
      ===== EM models for the G4Region  DefaultRegionForTheWorld ======
        WentzelVIUni : Emin=    0 eV  Emax=  100 TeV Nbins=84 100 eV  - 100 TeV
          StepLim=Minimal Rfact=0.2 Gfact=2.5 Sfact=0.6 DispFlag:0 Skin=1 Llim=1 mm

hIoni:  for pi-  XStype:3  SubType=2
      dE/dx and range tables from 100 eV  to 100 TeV in 84 bins
      Lambda tables from threshold to 100 TeV, 7 bins/decade, spline: 1
      StepFunction=(0.2, 0.1 mm), integ: 3, fluct: 1, linLossLim= 0.01
      ===== EM models for the G4Region  DefaultRegionForTheWorld ======
            ICRU73QO : Emin=    0 eV  Emax=297.505 keV
          BetheBloch : Emin=297.505 keV Emax=  100 TeV

hBrems:  for pi-  XStype:1  SubType=3
      dE/dx and range tables from 100 eV  to 100 TeV in 84 bins
      Lambda tables from threshold to 100 TeV, 7 bins/decade, spline: 1
      ===== EM models for the G4Region  DefaultRegionForTheWorld ======
               hBrem : Emin=    0 eV  Emax=  100 TeV  ModifiedMephi

hPairProd:  for pi-  XStype:1  SubType=4
      dE/dx and range tables from 100 eV  to 100 TeV in 84 bins
      Lambda tables from threshold to 100 TeV, 7 bins/decade, spline: 1
      Sampling table 20x1001 from 1.11656 GeV to 100 TeV 
      ===== EM models for the G4Region  DefaultRegionForTheWorld ======
           hPairProd : Emin=    0 eV  Emax=  100 TeV  ModifiedMephi

CoulombScat:  for pi- XStype:1 SubType=1 BuildTable=1
      Used Lambda table of pi+
      ThetaMin(p) < Theta(degree) < 180, pLimit(GeV^1)= 0.139531
      ===== EM models for the G4Region  DefaultRegionForTheWorld ======
  eCoulombScattering : Emin=    0 eV  Emax=  100 TeV

====================================================================
                  HADRONIC PROCESSES SUMMARY (verbose level 1)
-----------------------------------------------------------------------
                           Hadronic Processes for neutron
  Process: hadElastic
        Model:             hElasticCHIPS: 0 eV  ---> 100 TeV
     Cr_sctns:        G4NeutronElasticXS: 0 eV  ---> 100 TeV
  Process: neutronInelastic
        Model:                      QGSP: 12 GeV ---> 100 TeV
        Model:                      FTFP: 3 GeV ---> 25 GeV
        Model:            BertiniCascade: 0 eV  ---> 6 GeV
     Cr_sctns:      G4NeutronInelasticXS: 0 eV  ---> 100 TeV
  Process: nCapture
        Model:               nRadCapture: 0 eV  ---> 100 TeV
     Cr_sctns:        G4NeutronCaptureXS: 0 eV  ---> 100 TeV
  Process: nKiller
-----------------------------------------------------------------------
                           Hadronic Processes for B-
  Process: hadElastic
        Model:              hElasticLHEP: 0 eV  ---> 100 TeV
     Cr_sctns:            Glauber-Gribov: 0 eV  ---> 100 TeV
  Process: B-Inelastic
        Model:                      QGSP: 12 GeV ---> 100 TeV
        Model:                      FTFP: 0 eV  ---> 25 GeV
     Cr_sctns:            Glauber-Gribov: 0 eV  ---> 100 TeV
-----------------------------------------------------------------------
                           Hadronic Processes for D-
  Process: hadElastic
        Model:              hElasticLHEP: 0 eV  ---> 100 TeV
     Cr_sctns:            Glauber-Gribov: 0 eV  ---> 100 TeV
  Process: D-Inelastic
        Model:                      QGSP: 12 GeV ---> 100 TeV
        Model:                      FTFP: 0 eV  ---> 25 GeV
     Cr_sctns:            Glauber-Gribov: 0 eV  ---> 100 TeV
-----------------------------------------------------------------------
                           Hadronic Processes for GenericIon
  Process: ionInelastic
        Model:  Binary Light Ion Cascade: 0 eV /n ---> 6 GeV/n
        Model:                      FTFP: 3 GeV/n ---> 100 TeV/n
     Cr_sctns:  Glauber-Gribov Nucl-nucl: 0 eV  ---> 25.6 PeV
-----------------------------------------------------------------------
                           Hadronic Processes for He3
  Process: hadElastic
        Model:              hElasticLHEP: 0 eV /n ---> 100 TeV/n
     Cr_sctns:  Glauber-Gribov Nucl-nucl: 0 eV  ---> 25.6 PeV
  Process: He3Inelastic
        Model:  Binary Light Ion Cascade: 0 eV /n ---> 6 GeV/n
        Model:                      FTFP: 3 GeV/n ---> 100 TeV/n
     Cr_sctns:  Glauber-Gribov Nucl-nucl: 0 eV  ---> 25.6 PeV
-----------------------------------------------------------------------
                           Hadronic Processes for alpha
  Process: hadElastic
        Model:              hElasticLHEP: 0 eV /n ---> 100 TeV/n
     Cr_sctns:  Glauber-Gribov Nucl-nucl: 0 eV  ---> 25.6 PeV
  Process: alphaInelastic
        Model:  Binary Light Ion Cascade: 0 eV /n ---> 6 GeV/n
        Model:                      FTFP: 3 GeV/n ---> 100 TeV/n
     Cr_sctns:  Glauber-Gribov Nucl-nucl: 0 eV  ---> 25.6 PeV
-----------------------------------------------------------------------
                           Hadronic Processes for anti_He3
  Process: hadElastic
        Model:              hElasticLHEP: 0 eV /n ---> 100.1 MeV/n
        Model:              AntiAElastic: 100 MeV/n ---> 100 TeV/n
     Cr_sctns:              AntiAGlauber: 0 eV  ---> 25.6 PeV
  Process: anti_He3Inelastic
        Model:                      FTFP: 0 eV /n ---> 100 TeV/n
     Cr_sctns:              AntiAGlauber: 0 eV  ---> 25.6 PeV
  Process: hFritiofCaptureAtRest
-----------------------------------------------------------------------
                           Hadronic Processes for anti_alpha
  Process: hadElastic
        Model:              hElasticLHEP: 0 eV /n ---> 100.1 MeV/n
        Model:              AntiAElastic: 100 MeV/n ---> 100 TeV/n
     Cr_sctns:              AntiAGlauber: 0 eV  ---> 25.6 PeV
  Process: anti_alphaInelastic
        Model:                      FTFP: 0 eV /n ---> 100 TeV/n
     Cr_sctns:              AntiAGlauber: 0 eV  ---> 25.6 PeV
  Process: hFritiofCaptureAtRest
-----------------------------------------------------------------------
                           Hadronic Processes for anti_deuteron
  Process: hadElastic
        Model:              hElasticLHEP: 0 eV /n ---> 100.1 MeV/n
        Model:              AntiAElastic: 100 MeV/n ---> 100 TeV/n
     Cr_sctns:              AntiAGlauber: 0 eV  ---> 25.6 PeV
  Process: anti_deuteronInelastic
        Model:                      FTFP: 0 eV /n ---> 100 TeV/n
     Cr_sctns:              AntiAGlauber: 0 eV  ---> 25.6 PeV
  Process: hFritiofCaptureAtRest
-------------------------------------------------------------------------
                           Hadronic Processes for anti_hypertriton
  Process: hFritiofCaptureAtRest
-----------------------------------------------------------------------
                           Hadronic Processes for anti_lambda
  Process: hadElastic
        Model:              hElasticLHEP: 0 eV  ---> 100 TeV
     Cr_sctns:            Glauber-Gribov: 0 eV  ---> 100 TeV
  Process: anti_lambdaInelastic
        Model:                      QGSP: 12 GeV ---> 100 TeV
        Model:                      FTFP: 0 eV  ---> 25 GeV
     Cr_sctns:            Glauber-Gribov: 0 eV  ---> 100 TeV
  Process: hFritiofCaptureAtRest
-----------------------------------------------------------------------
                           Hadronic Processes for anti_neutron
  Process: hadElastic
        Model:              hElasticLHEP: 0 eV  ---> 100.1 MeV
        Model:              AntiAElastic: 100 MeV ---> 100 TeV
     Cr_sctns:              AntiAGlauber: 0 eV  ---> 25.6 PeV
  Process: anti_neutronInelastic
        Model:                      FTFP: 0 eV  ---> 100 TeV
     Cr_sctns:              AntiAGlauber: 0 eV  ---> 25.6 PeV
  Process: hFritiofCaptureAtRest
-----------------------------------------------------------------------
                           Hadronic Processes for anti_proton
  Process: hadElastic
        Model:              hElasticLHEP: 0 eV  ---> 100.1 MeV
        Model:              AntiAElastic: 100 MeV ---> 100 TeV
     Cr_sctns:              AntiAGlauber: 0 eV  ---> 25.6 PeV
  Process: anti_protonInelastic
        Model:                      FTFP: 0 eV  ---> 100 TeV
     Cr_sctns:              AntiAGlauber: 0 eV  ---> 25.6 PeV
  Process: hFritiofCaptureAtRest
-----------------------------------------------------------------------
                           Hadronic Processes for anti_triton
  Process: hadElastic
        Model:              hElasticLHEP: 0 eV /n ---> 100.1 MeV/n
        Model:              AntiAElastic: 100 MeV/n ---> 100 TeV/n
     Cr_sctns:              AntiAGlauber: 0 eV  ---> 25.6 PeV
  Process: anti_tritonInelastic
        Model:                      FTFP: 0 eV /n ---> 100 TeV/n
     Cr_sctns:              AntiAGlauber: 0 eV  ---> 25.6 PeV
  Process: hFritiofCaptureAtRest
-----------------------------------------------------------------------
                           Hadronic Processes for deuteron
  Process: hadElastic
        Model:              hElasticLHEP: 0 eV /n ---> 100 TeV/n
     Cr_sctns:  Glauber-Gribov Nucl-nucl: 0 eV  ---> 25.6 PeV
  Process: dInelastic
        Model:  Binary Light Ion Cascade: 0 eV /n ---> 6 GeV/n
        Model:                      FTFP: 3 GeV/n ---> 100 TeV/n
     Cr_sctns:  Glauber-Gribov Nucl-nucl: 0 eV  ---> 25.6 PeV
-----------------------------------------------------------------------
                           Hadronic Processes for e+
  Process: positronNuclear
        Model:   G4ElectroVDNuclearModel: 0 eV  ---> 1 PeV
     Cr_sctns:          ElectroNuclearXS: 0 eV  ---> 100 TeV
-----------------------------------------------------------------------
                           Hadronic Processes for e-
  Process: electronNuclear
        Model:   G4ElectroVDNuclearModel: 0 eV  ---> 1 PeV
     Cr_sctns:          ElectroNuclearXS: 0 eV  ---> 100 TeV
-----------------------------------------------------------------------
                           Hadronic Processes for gamma
  Process: photonNuclear
        Model:               GammaNPreco: 0 eV  ---> 200 MeV
        Model:            BertiniCascade: 199 MeV ---> 6 GeV
        Model:           TheoFSGenerator: 3 GeV ---> 100 TeV
     Cr_sctns:            GammaNuclearXS: 0 eV  ---> 100 TeV
-----------------------------------------------------------------------
                           Hadronic Processes for kaon+
  Process: hadElastic
        Model:              hElasticLHEP: 0 eV  ---> 100 TeV
     Cr_sctns:            Glauber-Gribov: 0 eV  ---> 100 TeV
  Process: kaon+Inelastic
        Model:                      QGSP: 12 GeV ---> 100 TeV
        Model:                      FTFP: 3 GeV ---> 25 GeV
        Model:            BertiniCascade: 0 eV  ---> 6 GeV
     Cr_sctns:            Glauber-Gribov: 0 eV  ---> 100 TeV
-----------------------------------------------------------------------
                           Hadronic Processes for kaon-
  Process: hadElastic
        Model:              hElasticLHEP: 0 eV  ---> 100 TeV
     Cr_sctns:            Glauber-Gribov: 0 eV  ---> 100 TeV
  Process: kaon-Inelastic
        Model:                      QGSP: 12 GeV ---> 100 TeV
        Model:                      FTFP: 3 GeV ---> 25 GeV
        Model:            BertiniCascade: 0 eV  ---> 6 GeV
     Cr_sctns:            Glauber-Gribov: 0 eV  ---> 100 TeV
  Process: hBertiniCaptureAtRest
-----------------------------------------------------------------------
                           Hadronic Processes for lambda
  Process: hadElastic
        Model:              hElasticLHEP: 0 eV  ---> 100 TeV
     Cr_sctns:            Glauber-Gribov: 0 eV  ---> 100 TeV
  Process: lambdaInelastic
        Model:                      QGSP: 12 GeV ---> 100 TeV
        Model:                      FTFP: 3 GeV ---> 25 GeV
        Model:            BertiniCascade: 0 eV  ---> 6 GeV
     Cr_sctns:            Glauber-Gribov: 0 eV  ---> 100 TeV
-----------------------------------------------------------------------
                           Hadronic Processes for mu+
  Process: muonNuclear
        Model:      G4MuonVDNuclearModel: 0 eV  ---> 1 PeV
     Cr_sctns:     KokoulinMuonNuclearXS: 0 eV  ---> 100 TeV
-----------------------------------------------------------------------
                           Hadronic Processes for mu-
  Process: muonNuclear
        Model:      G4MuonVDNuclearModel: 0 eV  ---> 1 PeV
     Cr_sctns:     KokoulinMuonNuclearXS: 0 eV  ---> 100 TeV
  Process: muMinusCaptureAtRest
-----------------------------------------------------------------------
                           Hadronic Processes for pi+
  Process: hadElastic
        Model:           hElasticGlauber: 0 eV  ---> 100 TeV
     Cr_sctns:  BarashenkovGlauberGribov: 0 eV  ---> 100 TeV
  Process: pi+Inelastic
        Model:                      QGSP: 12 GeV ---> 100 TeV
        Model:                      FTFP: 3 GeV ---> 25 GeV
        Model:            BertiniCascade: 0 eV  ---> 6 GeV
     Cr_sctns:  BarashenkovGlauberGribov: 0 eV  ---> 100 TeV
-----------------------------------------------------------------------
                           Hadronic Processes for pi-
  Process: hadElastic
        Model:           hElasticGlauber: 0 eV  ---> 100 TeV
     Cr_sctns:  BarashenkovGlauberGribov: 0 eV  ---> 100 TeV
  Process: pi-Inelastic
        Model:                      QGSP: 12 GeV ---> 100 TeV
        Model:                      FTFP: 3 GeV ---> 25 GeV
        Model:            BertiniCascade: 0 eV  ---> 6 GeV
     Cr_sctns:  BarashenkovGlauberGribov: 0 eV  ---> 100 TeV
  Process: hBertiniCaptureAtRest
-----------------------------------------------------------------------
                           Hadronic Processes for proton
  Process: hadElastic
        Model:             hElasticCHIPS: 0 eV  ---> 100 TeV
     Cr_sctns:  BarashenkovGlauberGribov: 0 eV  ---> 100 TeV
  Process: protonInelastic
        Model:                      QGSP: 12 GeV ---> 100 TeV
        Model:                      FTFP: 3 GeV ---> 25 GeV
        Model:            BertiniCascade: 0 eV  ---> 6 GeV
     Cr_sctns:  BarashenkovGlauberGribov: 0 eV  ---> 100 TeV
-----------------------------------------------------------------------
                           Hadronic Processes for sigma-
  Process: hadElastic
        Model:              hElasticLHEP: 0 eV  ---> 100 TeV
     Cr_sctns:            Glauber-Gribov: 0 eV  ---> 100 TeV
  Process: sigma-Inelastic
        Model:                      QGSP: 12 GeV ---> 100 TeV
        Model:                      FTFP: 3 GeV ---> 25 GeV
        Model:            BertiniCascade: 0 eV  ---> 6 GeV
     Cr_sctns:            Glauber-Gribov: 0 eV  ---> 100 TeV
  Process: hBertiniCaptureAtRest
-----------------------------------------------------------------------
                           Hadronic Processes for triton
  Process: hadElastic
        Model:              hElasticLHEP: 0 eV /n ---> 100 TeV/n
     Cr_sctns:  Glauber-Gribov Nucl-nucl: 0 eV  ---> 25.6 PeV
  Process: tInelastic
        Model:  Binary Light Ion Cascade: 0 eV /n ---> 6 GeV/n
        Model:                      FTFP: 3 GeV/n ---> 100 TeV/n
     Cr_sctns:  Glauber-Gribov Nucl-nucl: 0 eV  ---> 25.6 PeV
=======================================================================
======       Geant4 Native Pre-compound Model Parameters       ========
=======================================================================
Type of pre-compound inverse x-section              1
Pre-compound model active                           1
Pre-compound excitation low energy                  100 keV
Pre-compound excitation high energy                 30 MeV
Angular generator for pre-compound model            1
Use NeverGoBack option for pre-compound model       0
Use SoftCutOff option for pre-compound model        0
Use CEM transitions for pre-compound model          1
Use GNASH transitions for pre-compound model        0
Use HETC submodel for pre-compound model            0
=======================================================================
======       Nuclear De-excitation Module Parameters           ========
=======================================================================
Type of de-excitation inverse x-section             3
Type of de-excitation factory                       Evaporation+GEM
Number of de-excitation channels                    68
Min excitation energy                               10 eV 
Min energy per nucleon for multifragmentation       200 GeV
Limit excitation energy for Fermi BreakUp           20 MeV
Level density (1/MeV)                               0.075
Use simple level density model                      1
Use discrete excitation energy of the residual      0
Time limit for long lived isomeres                  1 ns 
Isomer production flag                              1
Internal e- conversion flag                         1
Store e- internal conversion data                   1
Correlated gamma emission flag                      0
Max 2J for sampling of angular correlations         10
=======================================================================
### Run 0 start.

-------- WWWW ------- G4Exception-START -------- WWWW -------
*** G4Exception : part0005
      issued by : G4PrimaryParticle::Set4Momentum
Primary particle PDG=25 deltaMass(MeV)=303782 is larger than the tolerance(MeV)=1
 Specified mass(MeV)=303782 while PDG mass(MEV)=0
 To change the tolerance or the exception severity, use G4PrimaryTransformer::SetKETolerance() method.
*** This is just a warning message. ***
-------- WWWW -------- G4Exception-END --------- WWWW -------


-------- WWWW ------- G4Exception-START -------- WWWW -------
*** G4Exception : part0005
      issued by : G4PrimaryParticle::Set4Momentum
Primary particle PDG=-2 deltaMass(MeV)=5.6 is larger than the tolerance(MeV)=1
 Specified mass(MeV)=5.6 while PDG mass(MEV)=0
 To change the tolerance or the exception severity, use G4PrimaryTransformer::SetKETolerance() method.
*** This is just a warning message. ***
-------- WWWW -------- G4Exception-END --------- WWWW -------


-------- WWWW ------- G4Exception-START -------- WWWW -------
*** G4Exception : part0005
      issued by : G4PrimaryParticle::Set4Momentum
Primary particle PDG=2 deltaMass(MeV)=5.6 is larger than the tolerance(MeV)=1
 Specified mass(MeV)=5.6 while PDG mass(MEV)=0
 To change the tolerance or the exception severity, use G4PrimaryTransformer::SetKETolerance() method.
*** This is just a warning message. ***
-------- WWWW -------- G4Exception-END --------- WWWW -------


-------- WWWW ------- G4Exception-START -------- WWWW -------
*** G4Exception : part0005
      issued by : G4PrimaryParticle::Set4Momentum
Primary particle PDG=2 deltaMass(MeV)=5.6 is larger than the tolerance(MeV)=1
 Specified mass(MeV)=5.6 while PDG mass(MEV)=0
 To change the tolerance or the exception severity, use G4PrimaryTransformer::SetKETolerance() method.
*** This is just a warning message. ***
-------- WWWW -------- G4Exception-END --------- WWWW -------


-------- WWWW ------- G4Exception-START -------- WWWW -------
*** G4Exception : part0005
      issued by : G4PrimaryParticle::Set4Momentum
Primary particle PDG=-3 deltaMass(MeV)=199 is larger than the tolerance(MeV)=1
 Specified mass(MeV)=199 while PDG mass(MEV)=0
 To change the tolerance or the exception severity, use G4PrimaryTransformer::SetKETolerance() method.
*** This is just a warning message. ***
-------- WWWW -------- G4Exception-END --------- WWWW -------


-------- WWWW ------- G4Exception-START -------- WWWW -------
*** G4Exception : part0005
      issued by : G4PrimaryParticle::Set4Momentum
Primary particle PDG=3 deltaMass(MeV)=199 is larger than the tolerance(MeV)=1
 Specified mass(MeV)=199 while PDG mass(MEV)=0
 To change the tolerance or the exception severity, use G4PrimaryTransformer::SetKETolerance() method.
*** This is just a warning message. ***
-------- WWWW -------- G4Exception-END --------- WWWW -------


-------- WWWW ------- G4Exception-START -------- WWWW -------
*** G4Exception : part0005
      issued by : G4PrimaryParticle::Set4Momentum
Primary particle PDG=2101 deltaMass(MeV)=579.333 is larger than the tolerance(MeV)=1
 Specified mass(MeV)=579.333 while PDG mass(MEV)=0
 To change the tolerance or the exception severity, use G4PrimaryTransformer::SetKETolerance() method.
*** This is just a warning message. ***
-------- WWWW -------- G4Exception-END --------- WWWW -------


-------- WWWW ------- G4Exception-START -------- WWWW -------
*** G4Exception : part0005
      issued by : G4PrimaryParticle::Set4Momentum
Primary particle PDG=2103 deltaMass(MeV)=771.333 is larger than the tolerance(MeV)=1
 Specified mass(MeV)=771.333 while PDG mass(MEV)=0
 To change the tolerance or the exception severity, use G4PrimaryTransformer::SetKETolerance() method.
*** This is just a warning message. ***
-------- WWWW -------- G4Exception-END --------- WWWW -------


-------- WWWW ------- G4Exception-START -------- WWWW -------
*** G4Exception : part0005
      issued by : G4PrimaryParticle::Set4Momentum
Primary particle PDG=2 deltaMass(MeV)=5.6 is larger than the tolerance(MeV)=1
 Specified mass(MeV)=5.6 while PDG mass(MEV)=0
 To change the tolerance or the exception severity, use G4PrimaryTransformer::SetKETolerance() method.
*** This is just a warning message. ***
-------- WWWW -------- G4Exception-END --------- WWWW -------


Tracks in tracking region have been processed. -- Stage 0 over.

Source track ID 1345 (gamma,0.95441058495964[GeV]) at (140.7140305822,479.79116456778,-280.93288782609)
Original primary track ID 1 (unknown,305.48142430119[GeV])
Cell[8,9]    0.90606239676809 [GeV]
Cell[8,8]    0.0043338941934471 [GeV]
Cell[8,10]    0.031277261243389 [GeV]
Cell[7,10]    0.00077829158606394 [GeV]
Cell[5,28]    0.0012768657655863 [GeV]
Cell[6,28]    0.0012636840545367 [GeV]
Cell[8,29]    0.00095872511465863 [GeV]
Cell[8,11]    0.003527004095993 [GeV]
Cell[7,9]    0.0020015461206794 [GeV]
Cell[3,31]    0.0024501626489395 [GeV]
###  Total energy deposition in calorimeter by a source track in 10 cells : 0.95392983159138 (GeV)

Source track ID 1346 (gamma,0.26336961207024[GeV]) at (140.73073786187,479.78626431032,-280.92601981886)
Original primary track ID 1 (unknown,305.48142430119[GeV])
Cell[8,9]    0.24908794210845 [GeV]
Cell[8,8]    0.00015148532262272 [GeV]
Cell[8,10]    0.0092425230010579 [GeV]
Cell[8,11]    0.00066301719021323 [GeV]
Cell[7,8]    0.0018890798089698 [GeV]
Cell[6,29]    0.00047215113668272 [GeV]
Cell[7,34]    0.00051099891 [GeV]
Cell[7,29]    0.00081569147637716 [GeV]
###  Total energy deposition in calorimeter by a source track in 8 cells : 0.26283288895437 (GeV)

Source track ID 1347 (gamma,10.055382126962[GeV]) at (140.78037422877,479.77170220013,-280.92625508335)
Original primary track ID 1 (unknown,305.48142430119[GeV])
Cell[8,9]    9.2048816112606 [GeV]
Cell[8,8]    0.038899463812643 [GeV]
Cell[8,10]    0.63958739014489 [GeV]
Cell[7,10]    0.026928299680875 [GeV]
Cell[8,11]    0.014323057074306 [GeV]
Cell[7,9]    0.051865750408637 [GeV]
Cell[7,8]    0.0034414317271127 [GeV]
Cell[6,29]    0.00042268834771474 [GeV]
Cell[9,10]    0.0081101659992337 [GeV]
Cell[9,11]    0.00071787557933846 [GeV]
Cell[9,23]    0.00015566931745566 [GeV]
Cell[9,24]    0.00094429611301168 [GeV]
Cell[9,9]    0.0017404374927076 [GeV]
Cell[8,7]    0.002656600538332 [GeV]
Cell[7,11]    0.0033859828455508 [GeV]
Cell[9,13]    0.0005992303913593 [GeV]
Cell[10,1]    0.0031978272811843 [GeV]
Cell[9,32]    0.00051099891 [GeV]
Cell[10,29]    0.0013541707311478 [GeV]
Cell[7,30]    0.0017802896725687 [GeV]
Cell[9,31]    0.00088424397458691 [GeV]
Cell[8,12]    0.0012047802640185 [GeV]
Cell[1,34]    0.00022849493643124 [GeV]
Cell[5,35]    0.0014013531941266 [GeV]
Cell[0,21]    0.00058603453752482 [GeV]
Cell[4,39]    0.0014235926207566 [GeV]
Cell[6,13]    0.001084173443981 [GeV]
Cell[10,19]    0.00051099891 [GeV]
Cell[5,29]    0.0013170147392974 [GeV]
Cell[6,41]    0.0017842956973213 [GeV]
Cell[10,45]    0.0015803922434946 [GeV]
Cell[8,27]    0.00098216800257715 [GeV]
Cell[10,37]    0.00035599517996246 [GeV]
Cell[7,5]    0.00051582680761748 [GeV]
Cell[8,31]    0.0007267920505811 [GeV]
###  Total energy deposition in calorimeter by a source track in 35 cells : 10.020089393931 (GeV)

Source track ID 1348 (gamma,0.0075741952680779[GeV]) at (140.79337968713,479.7678857909,-280.92860760852)
Original primary track ID 1 (unknown,305.48142430119[GeV])
Cell[8,9]    0.0075741952680779 [GeV]
###  Total energy deposition in calorimeter by a source track in 1 cells : 0.0075741952680779 (GeV)

Source track ID 1273 (e+,62.292386728537[GeV]) at (140.79688908238,479.76685590475,-280.92873426487)
Original primary track ID 1 (unknown,305.48142430119[GeV])
Cell[8,9]    56.970796468778 [GeV]
Cell[8,8]    0.23845452678529 [GeV]
Cell[8,10]    3.942804150183 [GeV]
Cell[7,10]    0.17247282226164 [GeV]
Cell[6,28]    0.0058130044161394 [GeV]
Cell[8,11]    0.10286928591557 [GeV]
Cell[7,9]    0.34396746218575 [GeV]
Cell[7,8]    0.063865538135147 [GeV]
Cell[6,29]    0.0006729380063904 [GeV]
Cell[7,34]    0.003323419298442 [GeV]
Cell[7,29]    0.0012739544850548 [GeV]
Cell[9,10]    0.015896495882386 [GeV]
Cell[9,11]    0.012214349815632 [GeV]
Cell[9,9]    0.020257841575769 [GeV]
Cell[8,7]    0.012723701408845 [GeV]
Cell[7,11]    0.0085311992762382 [GeV]
Cell[7,30]    0.00041931231222647 [GeV]
Cell[8,12]    0.014658839889923 [GeV]
Cell[5,35]    0.00051099891 [GeV]
Cell[4,39]    0.0019734937361762 [GeV]
Cell[6,41]    0.0012457280301851 [GeV]
Cell[8,27]    0.00031879424384302 [GeV]
Cell[8,31]    0.0029594228430801 [GeV]
Cell[6,7]    0.00030664684741137 [GeV]
Cell[10,32]    0.00099978352111392 [GeV]
Cell[7,12]    0.0058207008393961 [GeV]
Cell[7,33]    0.0037283502021764 [GeV]
Cell[10,11]    0.008997033688813 [GeV]
Cell[10,10]    0.0022703106843788 [GeV]
Cell[9,8]    0.011131955648001 [GeV]
Cell[11,35]    0.00092849667407602 [GeV]
Cell[8,13]    0.0029720857352728 [GeV]
Cell[1,40]    0.00078760425558974 [GeV]
Cell[9,21]    0.0010310701185272 [GeV]
Cell[7,28]    0.0016674228782225 [GeV]
Cell[4,26]    0.00098143306366397 [GeV]
Cell[13,32]    0.0021620534072301 [GeV]
Cell[13,31]    0.0013226427583033 [GeV]
Cell[4,38]    0.0018252586098485 [GeV]
Cell[9,41]    0.0059716081590382 [GeV]
Cell[5,20]    0.0032197469110238 [GeV]
Cell[14,15]    0.00010456141595904 [GeV]
Cell[9,12]    0.00061401215831645 [GeV]
Cell[10,46]    0.0023764163619163 [GeV]
Cell[7,42]    0.0012954661334735 [GeV]
Cell[6,9]    0.0053036183907412 [GeV]
Cell[12,37]    0.0012121196847949 [GeV]
Cell[8,20]    0.001624976313904 [GeV]
Cell[9,34]    0.00013978823537673 [GeV]
Cell[9,33]    1.1270749382675e-09 [GeV]
Cell[1,31]    0.0019649733623784 [GeV]
Cell[7,7]    0.0069412996802551 [GeV]
Cell[6,10]    0.0016766176230698 [GeV]
Cell[7,38]    0.00051099891 [GeV]
Cell[10,14]    0.00099829423542953 [GeV]
Cell[10,13]    0.00045557378862538 [GeV]
Cell[8,36]    0.0012988766782427 [GeV]
Cell[10,7]    0.00037683258608219 [GeV]
Cell[10,23]    0.0032994679699734 [GeV]
Cell[4,37]    0.0088034319106847 [GeV]
Cell[6,20]    0.0022070650877595 [GeV]
Cell[6,33]    0.0013185944956402 [GeV]
Cell[9,45]    0.00049715948396263 [GeV]
Cell[8,6]    0.0043563329595915 [GeV]
Cell[4,24]    0.0056128588787142 [GeV]
Cell[3,25]    0.0035964440032542 [GeV]
Cell[5,38]    0.0026420800518348 [GeV]
Cell[1,33]    0.0011619202078768 [GeV]
Cell[11,40]    0.0012550013992698 [GeV]
Cell[8,34]    0.00090317371162841 [GeV]
Cell[8,41]    0.0049409156294177 [GeV]
Cell[10,47]    0.00011703499402243 [GeV]
Cell[7,21]    0.0024283958478768 [GeV]
Cell[6,34]    0.0013373143326653 [GeV]
Cell[7,41]    0.002054219515532 [GeV]
Cell[6,25]    0.00034818739876201 [GeV]
Cell[8,28]    0.0018731221457928 [GeV]
Cell[6,37]    0.0029951421763122 [GeV]
Cell[9,17]    0.00028876433922698 [GeV]
Cell[13,39]    0.00038217209720987 [GeV]
Cell[10,9]    0.0023698978339982 [GeV]
Cell[5,34]    0.00066676065506635 [GeV]
Cell[5,24]    0.00076178985581356 [GeV]
Cell[2,32]    0.0022104345621366 [GeV]
Cell[6,11]    0.0032193085782447 [GeV]
Cell[4,46]    0.00037408292045148 [GeV]
Cell[0,35]    0.00056092078734077 [GeV]
Cell[5,36]    0.0050865930081426 [GeV]
Cell[7,13]    0.0062202350519266 [GeV]
Cell[3,39]    0.0013940638157882 [GeV]
Cell[8,19]    0.0017658570693895 [GeV]
Cell[10,27]    0.00014277598793134 [GeV]
Cell[7,44]    0.0003679308023283 [GeV]
Cell[8,44]    0.00099724722432282 [GeV]
Cell[6,32]    0.0026584871083458 [GeV]
Cell[15,33]    0.00035311785440242 [GeV]
Cell[7,19]    0.0082882483718473 [GeV]
Cell[7,20]    0.0024355443920332 [GeV]
Cell[8,26]    0.0025061884917349 [GeV]
Cell[8,33]    0.001769253294129 [GeV]
Cell[13,14]    0.00083675256208053 [GeV]
Cell[5,31]    0.0016989962742688 [GeV]
Cell[9,22]    0.00021236357403228 [GeV]
Cell[8,22]    0.0016139925490004 [GeV]
Cell[6,43]    0.00052177597481319 [GeV]
Cell[4,32]    0.00051099891 [GeV]
Cell[10,26]    0.0020378610396067 [GeV]
Cell[8,37]    0.0002400682310485 [GeV]
Cell[7,6]    9.4926234570605e-05 [GeV]
Cell[10,30]    0.00063501263757571 [GeV]
Cell[8,5]    0.0029526878319469 [GeV]
Cell[9,7]    0.00051099891 [GeV]
Cell[2,42]    0.001087241501978 [GeV]
Cell[11,45]    0.00051099891 [GeV]
Cell[11,43]    0.0021511685692204 [GeV]
Cell[8,15]    0.00019543220589428 [GeV]
Cell[6,42]    0.00026397582808018 [GeV]
Cell[7,16]    0.0017559484090334 [GeV]
Cell[2,29]    0.00043916331603261 [GeV]
###  Total energy deposition in calorimeter by a source track in 119 cells : 62.135880278834 (GeV)

Source track ID 1228 (mu+,97.449293029711[GeV]) at (421.36620427956,269.16634613382,1659.1152409664)
Original primary track ID 1 (unknown,305.48142430119[GeV])
Cell[18,4]    0.16554727604163 [GeV]
Cell[19,4]    0.17993728938673 [GeV]
###  Total energy deposition in calorimeter by a source track in 2 cells : 0.34548456542835 (GeV)

Source track ID 1229 (mu-,49.167069252106[GeV]) at (-250.0898366816,-432.96082223288,234.2675155125)
Original primary track ID 1 (unknown,305.48142430119[GeV])
Cell[13,32]    0.46608458534417 [GeV]
Cell[13,31]    0.0030009619276057 [GeV]
Cell[11,31]    0.054888171051218 [GeV]
Cell[11,32]    0.34849422746226 [GeV]
Cell[12,32]    0.62039429570004 [GeV]
Cell[14,32]    1.3241417580017 [GeV]
Cell[15,32]    0.64131550635181 [GeV]
Cell[16,32]    0.4545992629832 [GeV]
Cell[16,31]    0.041770710827095 [GeV]
Cell[15,31]    0.19506743804056 [GeV]
Cell[14,31]    0.35724180995933 [GeV]
Cell[12,31]    0.089774504031637 [GeV]
Cell[12,33]    0.0030484986459411 [GeV]
###  Total energy deposition in calorimeter by a source track in 13 cells : 4.5998217303266 (GeV)

Source track ID 1225 (gamma,0.17435926984906[GeV]) at (-435.61887006585,245.43064202041,445.72713648832)
Original primary track ID 41 (unknown,2.6699951779791[GeV])
Cell[12,20]    0.16544656308642 [GeV]
Cell[12,19]    0.0060220789246615 [GeV]
Cell[12,38]    0.0010820998032928 [GeV]
###  Total energy deposition in calorimeter by a source track in 3 cells : 0.17255074181437 (GeV)

Source track ID 920 (pi+,0.27834379482232[GeV]) at (279.93826107854,414.28802780713,23.683970907977)
Original primary track ID 41 (unknown,2.6699951779791[GeV])
Cell[10,7]    0.047194331672805 [GeV]
Cell[10,6]    0.12557774526463 [GeV]
###  Total energy deposition in calorimeter by a source track in 2 cells : 0.17277207693744 (GeV)

Source track ID 1144 (gamma,0.12620965025075[GeV]) at (-487.28249753694,-112.05252158772,703.88980987502)
Original primary track ID 41 (unknown,2.6699951779791[GeV])
Cell[12,32]    0.00024145074981512 [GeV]
Cell[13,25]    0.10366822909646 [GeV]
Cell[13,36]    0.00036347077095526 [GeV]
Cell[14,25]    0.0012257590962928 [GeV]
Cell[14,24]    0.00056890629501143 [GeV]
Cell[14,26]    0.0012266486177617 [GeV]
Cell[14,17]    0.0019244606765317 [GeV]
Cell[14,18]    0.0013393110329392 [GeV]
Cell[18,9]    0.00063822717547069 [GeV]
Cell[13,21]    0.0033398866107062 [GeV]
Cell[15,1]    0.00033674628153599 [GeV]
Cell[14,16]    0.00051538634550784 [GeV]
Cell[14,13]    0.0018495928188948 [GeV]
Cell[17,39]    0.00046379802321266 [GeV]
Cell[14,10]    0.007242129318488 [GeV]
Cell[14,8]    5.0130988110161e-05 [GeV]
Cell[13,33]    0.00049228667893689 [GeV]
###  Total energy deposition in calorimeter by a source track in 17 cells : 0.12548642057663 (GeV)

Source track ID 1145 (gamma,0.088297327870564[GeV]) at (61.272136342656,-496.23152389586,76.525367318022)
Original primary track ID 41 (unknown,2.6699951779791[GeV])
Cell[10,37]    0.011354915420331 [GeV]
Cell[10,36]    0.076606794498507 [GeV]
Cell[10,35]    0.00033561795172619 [GeV]
###  Total energy deposition in calorimeter by a source track in 3 cells : 0.088297327870564 (GeV)

Source track ID 1109 (e-,0.0010842225351361[GeV]) at (-8.3962236162612,-499.92949845852,1404.0269441463)
Original primary track ID 41 (unknown,2.6699951779791[GeV])
Cell[17,35]    7.7253392273223e-05 [GeV]
###  Total energy deposition in calorimeter by a source track in 1 cells : 7.7253392273223e-05 (GeV)

Source track ID 925 (pi+,0.88575899446351[GeV]) at (5.7051924166365,499.96744971997,750.73308485937)
Original primary track ID 41 (unknown,2.6699951779791[GeV])
Cell[8,10]    7.7016758150421e-06 [GeV]
Cell[9,9]    3.371591650648e-06 [GeV]
Cell[10,1]    2.3207394406199e-10 [GeV]
Cell[12,37]    5.7510678743711e-09 [GeV]
Cell[8,36]    8.9699596196169e-05 [GeV]
Cell[10,47]    1.8490968795959e-05 [GeV]
Cell[8,37]    5.6774218502824e-05 [GeV]
Cell[12,38]    1.3177793970272e-06 [GeV]
Cell[13,36]    0.0015031709939274 [GeV]
Cell[15,1]    7.8480556767317e-06 [GeV]
Cell[14,13]    5.2214776826531e-07 [GeV]
Cell[14,10]    0.0013274557797181 [GeV]
Cell[13,33]    0.00097958640676177 [GeV]
Cell[13,11]    0.49672377609476 [GeV]
Cell[13,12]    0.019376581679069 [GeV]
Cell[14,11]    0.11943647540964 [GeV]
Cell[13,13]    0.00069450162692738 [GeV]
Cell[14,12]    0.015262508688481 [GeV]
Cell[13,10]    0.0056922360145382 [GeV]
Cell[12,47]    0.002938784630661 [GeV]
Cell[12,0]    2.0989252927279e-05 [GeV]
Cell[13,46]    1.3329317702073e-06 [GeV]
Cell[12,46]    1.2609680084097e-08 [GeV]
Cell[13,47]    0.000929833349452 [GeV]
Cell[15,2]    0.00218165904179 [GeV]
Cell[15,12]    0.00069961947412639 [GeV]
Cell[15,13]    5.1835560182099e-06 [GeV]
Cell[16,13]    5.8175422054774e-08 [GeV]
Cell[12,13]    2.962895334349e-05 [GeV]
Cell[12,12]    0.0023579493977678 [GeV]
Cell[6,47]    3.763803106267e-07 [GeV]
Cell[4,12]    3.5244105511083e-06 [GeV]
Cell[4,13]    3.3317415558486e-05 [GeV]
Cell[16,46]    7.1213929913938e-08 [GeV]
Cell[13,9]    0.0017834644618432 [GeV]
Cell[13,44]    0.0010054341915766 [GeV]
Cell[13,43]    0.0012036700132646 [GeV]
Cell[13,4]    0.00010176479672191 [GeV]
Cell[14,5]    0.00046542204173636 [GeV]
Cell[14,21]    0.0012097098342557 [GeV]
Cell[14,14]    8.2456836025813e-11 [GeV]
Cell[17,1]    1.8524294195231e-05 [GeV]
Cell[16,42]    0.0018657487529634 [GeV]
Cell[16,41]    1.6900606181025e-07 [GeV]
Cell[17,42]    8.226386989918e-08 [GeV]
Cell[16,43]    9.9727094493574e-10 [GeV]
Cell[15,44]    3.2506957590272e-05 [GeV]
Cell[15,45]    0.00046713906531716 [GeV]
Cell[15,46]    4.5659144234378e-09 [GeV]
Cell[12,39]    0.0062872244202571 [GeV]
Cell[12,40]    0.0025945465372714 [GeV]
Cell[13,34]    0.00048181629506075 [GeV]
Cell[11,39]    8.1939337018412e-05 [GeV]
Cell[11,0]    0.0025610733050481 [GeV]
Cell[10,0]    0.00030678621846482 [GeV]
Cell[11,47]    0.0017866819007949 [GeV]
Cell[15,11]    7.7463896533345e-06 [GeV]
Cell[15,10]    0.00053553854277834 [GeV]
Cell[10,34]    2.1824089344591e-09 [GeV]
Cell[15,17]    2.6459168198812e-05 [GeV]
Cell[15,16]    5.8733114565257e-06 [GeV]
Cell[15,18]    0.00028743484314748 [GeV]
Cell[12,36]    0.0010887135190169 [GeV]
Cell[13,37]    1.2966927897651e-06 [GeV]
Cell[12,35]    2.6725002882131e-06 [GeV]
Cell[9,36]    1.3352930977817e-08 [GeV]
Cell[9,37]    6.8976078182459e-12 [GeV]
Cell[14,29]    3.2625626772642e-08 [GeV]
Cell[13,35]    0.0021286070750264 [GeV]
###  Total energy deposition in calorimeter by a source track in 69 cells : 0.69672246505325 (GeV)

Source track ID 983 (pi-,0.65425525431217[GeV]) at (-90.638398205721,-491.71605706007,1130.6010714912)
Original primary track ID 41 (unknown,2.6699951779791[GeV])
Cell[15,33]    0.0084918585896963 [GeV]
Cell[13,14]    2.0983218784068e-06 [GeV]
Cell[14,32]    2.6648966695575e-09 [GeV]
Cell[15,32]    0.00096374218905805 [GeV]
Cell[16,32]    0.0019867948378834 [GeV]
Cell[16,31]    0.0018171244263226 [GeV]
Cell[15,31]    0.00034620423779813 [GeV]
Cell[14,25]    0.017263960310907 [GeV]
Cell[14,24]    0.0010253275450639 [GeV]
Cell[14,17]    1.4063875976717e-05 [GeV]
Cell[18,9]    0.00022168536453921 [GeV]
Cell[13,21]    0.0032432191030986 [GeV]
Cell[14,16]    2.2887150349561e-05 [GeV]
Cell[14,10]    1.0008512006607e-05 [GeV]
Cell[17,35]    0.0013514277559945 [GeV]
Cell[13,10]    0.00022016603920747 [GeV]
Cell[13,9]    0.0019118638796277 [GeV]
Cell[13,4]    1.413032412529e-06 [GeV]
Cell[15,34]    0.11182600610535 [GeV]
Cell[16,34]    0.098264070162147 [GeV]
Cell[16,35]    0.012342954779777 [GeV]
Cell[15,35]    0.011543550563717 [GeV]
Cell[16,36]    0.013747899230578 [GeV]
Cell[18,18]    4.6018284629099e-06 [GeV]
Cell[18,19]    1.8906604964286e-08 [GeV]
Cell[18,22]    6.2961294897832e-06 [GeV]
Cell[18,21]    0.00035552901907658 [GeV]
Cell[18,20]    2.4055306566879e-06 [GeV]
Cell[19,21]    3.7748700805196e-06 [GeV]
Cell[19,22]    1.0804370562823e-05 [GeV]
Cell[15,36]    1.1998937502312e-05 [GeV]
Cell[15,37]    6.0711861124219e-08 [GeV]
Cell[13,38]    2.5101460050792e-07 [GeV]
Cell[17,15]    1.4276447702855e-05 [GeV]
Cell[17,14]    1.9627454457805e-07 [GeV]
Cell[16,15]    1.0363524779677e-08 [GeV]
Cell[9,47]    0.0032311837297233 [GeV]
Cell[9,0]    0.001573155697183 [GeV]
Cell[10,22]    1.2694314646069e-06 [GeV]
Cell[12,15]    3.8375675212592e-06 [GeV]
Cell[13,15]    9.0513663599268e-07 [GeV]
Cell[16,38]    7.3645506293019e-05 [GeV]
Cell[16,39]    5.8662903029472e-08 [GeV]
Cell[16,33]    0.0092589503114174 [GeV]
Cell[16,23]    1.5976489521563e-08 [GeV]
Cell[15,30]    0.00012570179809961 [GeV]
Cell[16,30]    2.8407971797151e-07 [GeV]
Cell[16,29]    3.2347581234262e-06 [GeV]
Cell[18,2]    0.00073195694514868 [GeV]
Cell[19,20]    1.300941221416e-10 [GeV]
Cell[16,27]    0.00019001464430767 [GeV]
Cell[16,25]    1.8074393738061e-06 [GeV]
Cell[17,25]    0.00060092316051123 [GeV]
Cell[19,26]    0.0052005252398179 [GeV]
Cell[19,25]    0.00058898229101864 [GeV]
Cell[19,27]    1.6592545483604e-05 [GeV]
Cell[18,27]    0.00024577938016955 [GeV]
Cell[18,26]    6.0636396221525e-05 [GeV]
Cell[15,25]    0.0047540068759354 [GeV]
Cell[13,23]    0.0067825858259913 [GeV]
Cell[13,22]    0.012031905070924 [GeV]
Cell[12,22]    0.00073583205534612 [GeV]
Cell[12,23]    2.1066865883768e-08 [GeV]
Cell[14,38]    0.00031172195525846 [GeV]
Cell[14,39]    8.9588646142147e-07 [GeV]
Cell[16,45]    8.543080475647e-06 [GeV]
Cell[19,8]    0.00094037226899002 [GeV]
Cell[17,36]    0.00019802862078291 [GeV]
Cell[16,37]    1.1040297220461e-05 [GeV]
Cell[14,34]    1.0722718550824e-05 [GeV]
Cell[18,44]    0.0012541871287103 [GeV]
Cell[18,45]    1.4592894905945e-05 [GeV]
Cell[17,44]    0.00022901286842909 [GeV]
Cell[17,45]    9.1287754685254e-07 [GeV]
Cell[17,46]    0.0073678853177407 [GeV]
Cell[18,11]    0.00043163729866607 [GeV]
Cell[18,10]    0.0046346428243057 [GeV]
Cell[19,10]    1.74743900061e-09 [GeV]
Cell[17,37]    0.00030757860670474 [GeV]
Cell[19,18]    0.0020735945901695 [GeV]
Cell[19,17]    0.00051099891 [GeV]
###  Total energy deposition in calorimeter by a source track in 81 cells : 0.35154873469809 (GeV)

Source track ID 916 (gamma,0.23818895051853[GeV]) at (-24.111052240173,-499.41831880686,-17.911064377671)
Original primary track ID 43 (unknown,52.984237098069[GeV])
Cell[9,8]    0.0002908698940866 [GeV]
Cell[9,34]    0.00015542029314701 [GeV]
Cell[10,36]    0.00086281567955148 [GeV]
Cell[10,35]    0.0073896165973061 [GeV]
Cell[9,36]    0.0065575362663181 [GeV]
Cell[9,35]    0.22234500451821 [GeV]
Cell[8,35]    1.9923397907217e-05 [GeV]
###  Total energy deposition in calorimeter by a source track in 7 cells : 0.23762118664653 (GeV)

Source track ID 917 (gamma,0.33413532464401[GeV]) at (245.8933673121,435.35784351717,97.500310757389)
Original primary track ID 43 (unknown,52.984237098069[GeV])
Cell[10,10]    0.00021827071858419 [GeV]
Cell[10,7]    0.072377300292396 [GeV]
Cell[10,9]    0.00069843680382088 [GeV]
Cell[13,34]    0.0017672126002125 [GeV]
Cell[10,8]    0.25779163759702 [GeV]
Cell[10,28]    0.0012824666319756 [GeV]
###  Total energy deposition in calorimeter by a source track in 6 cells : 0.33413532464401 (GeV)

Source track ID 777 (pi-,1.7949783735699[GeV]) at (442.19665166868,-233.37120913473,-1862.6073265794)
Original primary track ID 43 (unknown,52.984237098069[GeV])
Cell[10,23]    0.001192383516239 [GeV]
Cell[0,35]    0.0001698364308233 [GeV]
Cell[2,29]    0.0013294001397378 [GeV]
Cell[16,46]    6.9068897315447e-05 [GeV]
Cell[16,45]    0.0015630133800922 [GeV]
Cell[17,45]    1.6404978055334e-05 [GeV]
Cell[0,44]    1.1928561111469 [GeV]
Cell[0,43]    0.19401619985521 [GeV]
Cell[0,42]    0.0081868761785675 [GeV]
Cell[0,40]    2.8881055593956e-05 [GeV]
Cell[0,45]    0.0086968053809265 [GeV]
Cell[1,45]    0.0036084588949846 [GeV]
Cell[1,46]    2.0108586795686e-10 [GeV]
Cell[0,46]    1.3479316089615e-07 [GeV]
Cell[0,6]    1.0007292646833e-05 [GeV]
Cell[0,5]    0.00081030641103007 [GeV]
Cell[0,4]    0.00048441284610828 [GeV]
Cell[0,3]    0.00047741150147431 [GeV]
Cell[2,14]    0.00011984001801466 [GeV]
Cell[2,11]    0.00014495034262291 [GeV]
Cell[2,12]    0.0018676119700151 [GeV]
Cell[2,13]    0.00037297992360254 [GeV]
Cell[0,41]    0.00046420606126798 [GeV]
Cell[6,18]    0.0029129649317116 [GeV]
Cell[1,19]    0.00051099891 [GeV]
###  Total energy deposition in calorimeter by a source track in 25 cells : 1.4199092650572 (GeV)

Source track ID 639 (gamma,0.59980090891317[GeV]) at (255.70125338095,-429.67065180136,-1133.3038212181)
Original primary track ID 43 (unknown,52.984237098069[GeV])
Cell[4,39]    0.070807047481028 [GeV]
Cell[6,7]    0.00045281761119944 [GeV]
Cell[3,39]    0.011879210773709 [GeV]
Cell[4,40]    0.49117545867158 [GeV]
Cell[3,40]    0.023418783563551 [GeV]
Cell[3,16]    0.00012884027671257 [GeV]
Cell[2,20]    0.00013140894501948 [GeV]
Cell[7,45]    0.00016293726245581 [GeV]
Cell[1,15]    0.00089838038814514 [GeV]
Cell[5,15]    0.00051099891 [GeV]
###  Total energy deposition in calorimeter by a source track in 10 cells : 0.5995658838834 (GeV)

Source track ID 640 (gamma,0.053266099197347[GeV]) at (183.99446529674,464.9150855158,-1027.4557077553)
Original primary track ID 43 (unknown,52.984237098069[GeV])
Cell[4,9]    0.032068333494474 [GeV]
Cell[4,8]    0.021197765702873 [GeV]
###  Total energy deposition in calorimeter by a source track in 2 cells : 0.053266099197347 (GeV)

Source track ID 637 (gamma,0.39597382458922[GeV]) at (-372.59430036509,-333.4268845421,-1802.38517576)
Original primary track ID 43 (unknown,52.984237098069[GeV])
Cell[0,29]    0.37055752280205 [GeV]
Cell[1,44]    0.0047555593120449 [GeV]
Cell[0,28]    0.0013754237087295 [GeV]
Cell[2,0]    0.0067738802412101 [GeV]
Cell[1,27]    0.0028512415915417 [GeV]
Cell[1,10]    0.0017365152991928 [GeV]
Cell[3,6]    7.4422049779845e-05 [GeV]
Cell[0,30]    0.00052004968629552 [GeV]
###  Total energy deposition in calorimeter by a source track in 8 cells : 0.38864461469084 (GeV)

Source track ID 638 (gamma,0.02130681471934[GeV]) at (476.4290349493,151.70818915695,-84.417523610294)
Original primary track ID 43 (unknown,52.984237098069[GeV])
Cell[9,2]    0.019240709929628 [GeV]
Cell[9,3]    0.00047750028042706 [GeV]
Cell[9,1]    0.0015886045092852 [GeV]
###  Total energy deposition in calorimeter by a source track in 3 cells : 0.02130681471934 (GeV)

Source track ID 636 (gamma,0.19239638056034[GeV]) at (-414.65188354472,279.39902554021,-1130.207205533)
Original primary track ID 43 (unknown,52.984237098069[GeV])
Cell[4,19]    0.12531784248836 [GeV]
Cell[3,19]    0.042554545711154 [GeV]
Cell[3,18]    0.00012169025660008 [GeV]
Cell[4,18]    0.00021603862157033 [GeV]
Cell[3,20]    0.021207605767239 [GeV]
Cell[4,20]    0.00051099891 [GeV]
Cell[7,46]    0.0014986349357049 [GeV]
###  Total energy deposition in calorimeter by a source track in 7 cells : 0.19142735669063 (GeV)

Source track ID 630 (gamma,0.25162621009879[GeV]) at (499.0263468853,-31.188220762197,957.00755057216)
Original primary track ID 43 (unknown,52.984237098069[GeV])
Cell[15,46]    0.00095033859443292 [GeV]
Cell[14,47]    0.12950863468419 [GeV]
Cell[15,47]    0.11822083127194 [GeV]
Cell[11,20]    0.00051099891 [GeV]
Cell[12,17]    0.00089086902572514 [GeV]
Cell[12,29]    0.00044865664162443 [GeV]
###  Total energy deposition in calorimeter by a source track in 6 cells : 0.25053032912791 (GeV)

Source track ID 566 (gamma,0.23940053141976[GeV]) at (-378.30990930573,-326.92753405165,1067.9855609718)
Original primary track ID 43 (unknown,52.984237098069[GeV])
Cell[14,14]    0.0019150335532374 [GeV]
Cell[15,17]    0.0014132776850207 [GeV]
Cell[15,29]    0.22762127806466 [GeV]
Cell[16,17]    0.0014271826229179 [GeV]
Cell[15,0]    0.0011147753544696 [GeV]
Cell[17,10]    0.00064181168356302 [GeV]
Cell[16,21]    0.0028098030997666 [GeV]
Cell[18,15]    0.00087982006519646 [GeV]
Cell[15,28]    0.00068289992328637 [GeV]
Cell[14,28]    0.00038365045763992 [GeV]
Cell[15,39]    0.00051099891 [GeV]
###  Total energy deposition in calorimeter by a source track in 11 cells : 0.23940053141976 (GeV)

Source track ID 365 (gamma,0.037435287391734[GeV]) at (-472.22013620621,164.34154362603,171.14234788496)
Original primary track ID 43 (unknown,52.984237098069[GeV])
Cell[10,21]    0.030061617822348 [GeV]
Cell[10,12]    0.00051099891 [GeV]
Cell[11,21]    0.006862670659386 [GeV]
###  Total energy deposition in calorimeter by a source track in 3 cells : 0.037435287391734 (GeV)

Source track ID 349 (e-,0.35762333049087[GeV]) at (-473.31908594006,161.14913243597,171.76556980294)
Original primary track ID 43 (unknown,52.984237098069[GeV])
Cell[12,0]    0.0067915785484259 [GeV]
Cell[10,22]    0.0061163822308107 [GeV]
Cell[10,21]    0.2874875962696 [GeV]
Cell[11,21]    0.041628933698249 [GeV]
Cell[10,20]    0.00054679675631421 [GeV]
Cell[11,22]    0.010511071625982 [GeV]
Cell[11,23]    0.0012438502768218 [GeV]
Cell[12,3]    0.00064857620983225 [GeV]
###  Total energy deposition in calorimeter by a source track in 8 cells : 0.35497478561604 (GeV)

Source track ID 355 (gamma,0.00051099891[GeV]) at (35.061577885386,498.76917081571,81.613938736146)
Original primary track ID 43 (unknown,52.984237098069[GeV])
Cell[10,11]    0.00051099891 [GeV]
###  Total energy deposition in calorimeter by a source track in 1 cells : 0.00051099891 (GeV)

Source track ID 356 (gamma,0.00051099891[GeV]) at (-484.71625659225,-122.67905524252,155.08961679652)
Original primary track ID 43 (unknown,52.984237098069[GeV])
Cell[10,25]    0.00051099891 [GeV]
###  Total energy deposition in calorimeter by a source track in 1 cells : 0.00051099891 (GeV)

Source track ID 348 (gamma,0.17556583448629[GeV]) at (-370.26449918043,336.01220312165,-37.728304904185)
Original primary track ID 43 (unknown,52.984237098069[GeV])
Cell[10,19]    0.00099957099969867 [GeV]
Cell[9,17]    0.0019029222160373 [GeV]
Cell[5,36]    0.00044750827895913 [GeV]
Cell[9,18]    0.16876877508361 [GeV]
Cell[9,19]    0.00082488999639315 [GeV]
Cell[6,36]    6.349063104087e-05 [GeV]
Cell[10,18]    0.002558677280556 [GeV]
###  Total energy deposition in calorimeter by a source track in 7 cells : 0.17556583448629 (GeV)

Source track ID 346 (gamma,0.41324573943274[GeV]) at (303.44001238969,-397.39672731534,976.47730315274)
Original primary track ID 43 (unknown,52.984237098069[GeV])
Cell[14,18]    0.0010682720423431 [GeV]
Cell[15,1]    0.00072969550916334 [GeV]
Cell[14,40]    0.23258018914618 [GeV]
Cell[14,41]    0.030954136767879 [GeV]
Cell[15,41]    0.057582331149622 [GeV]
Cell[12,41]    0.0031703600796771 [GeV]
Cell[15,40]    0.086670798001061 [GeV]
Cell[17,5]    0.00036653226201204 [GeV]
###  Total energy deposition in calorimeter by a source track in 8 cells : 0.41312231495794 (GeV)

Source track ID 306 (gamma,0.00048969154015137[GeV]) at (-322.52983188736,382.06610362961,-252.65755529257)
Original primary track ID 43 (unknown,52.984237098069[GeV])
Cell[8,17]    0.00048969154015137 [GeV]
###  Total energy deposition in calorimeter by a source track in 1 cells : 0.00048969154015137 (GeV)

Source track ID 307 (neutron,1.0143763312966[GeV]) at (-451.39383360382,215.04326770315,222.90888235516)
Original primary track ID 43 (unknown,52.984237098069[GeV])
Cell[10,19]    0.00019511790123715 [GeV]
Cell[12,20]    0.0022836425611596 [GeV]
Cell[12,19]    1.7897277051816e-05 [GeV]
Cell[13,46]    0.0021345072424637 [GeV]
Cell[13,47]    1.3111867738189e-05 [GeV]
Cell[13,44]    0.0015926061079538 [GeV]
Cell[16,23]    0.00070169307336188 [GeV]
Cell[14,34]    6.8723215372302e-07 [GeV]
Cell[11,20]    0.0089318496878703 [GeV]
Cell[11,21]    6.6619101682704e-05 [GeV]
Cell[10,18]    0.00014796223766689 [GeV]
Cell[17,5]    1.5975125442537e-05 [GeV]
Cell[11,19]    0.0030847890180963 [GeV]
Cell[11,18]    1.7988513569776e-05 [GeV]
Cell[14,45]    2.5868256198009e-05 [GeV]
Cell[13,45]    3.5831356103699e-07 [GeV]
Cell[18,0]    0.0021457558490092 [GeV]
Cell[19,47]    0.00031323410329641 [GeV]
Cell[19,46]    2.9862439259887e-07 [GeV]
Cell[18,47]    1.1044743296225e-06 [GeV]
Cell[14,20]    1.6688427422196e-07 [GeV]
Cell[13,20]    5.8936604182236e-07 [GeV]
Cell[17,22]    0.00075352947303859 [GeV]
Cell[17,23]    0.00047084638134232 [GeV]
###  Total energy deposition in calorimeter by a source track in 24 cells : 0.022916198672932 (GeV)

Source track ID 310 (neutron,0.94126524453132[GeV]) at (267.3741727632,-422.50568249338,-539.65462769777)
Original primary track ID 43 (unknown,52.984237098069[GeV])
Cell[7,40]    0.00018695479618468 [GeV]
Cell[0,11]    1.0848750796868e-05 [GeV]
Cell[5,26]    0.0012354617449995 [GeV]
###  Total energy deposition in calorimeter by a source track in 3 cells : 0.001433265291981 (GeV)

Source track ID 311 (gamma,7.7809027118866e-05[GeV]) at (-381.55154258892,-323.13839194379,-545.09955519588)
Original primary track ID 43 (unknown,52.984237098069[GeV])
Cell[7,29]    7.7809027118866e-05 [GeV]
###  Total energy deposition in calorimeter by a source track in 1 cells : 7.7809027118866e-05 (GeV)

Source track ID 251 (gamma,0.0056427967396733[GeV]) at (494.13049068219,76.38755250811,1188.4412261799)
Original primary track ID 43 (unknown,52.984237098069[GeV])
Cell[15,1]    0.0051317978296733 [GeV]
Cell[15,0]    0.00051099891 [GeV]
###  Total energy deposition in calorimeter by a source track in 2 cells : 0.0056427967396733 (GeV)

Source track ID 252 (gamma,0.0052219633887345[GeV]) at (-442.96417515312,231.91105952696,-491.2134629091)
Original primary track ID 43 (unknown,52.984237098069[GeV])
Cell[7,20]    0.0052219633887345 [GeV]
###  Total energy deposition in calorimeter by a source track in 1 cells : 0.0052219633887345 (GeV)

Source track ID 253 (gamma,0.0013327477574231[GeV]) at (-308.41678190003,393.54680616469,-407.02105335374)
Original primary track ID 43 (unknown,52.984237098069[GeV])
Cell[7,17]    0.0013327477574231 [GeV]
###  Total energy deposition in calorimeter by a source track in 1 cells : 0.0013327477574231 (GeV)

Source track ID 241 (gamma,0.0043968335052791[GeV]) at (-474.56634209732,157.43820041008,-287.52369011308)
Original primary track ID 43 (unknown,52.984237098069[GeV])
Cell[8,21]    0.0043968335052791 [GeV]
###  Total energy deposition in calorimeter by a source track in 1 cells : 0.0043968335052791 (GeV)

Source track ID 243 (gamma,0.0017508924093049[GeV]) at (-493.63572910471,-79.522116114067,-140.91877154224)
Original primary track ID 43 (unknown,52.984237098069[GeV])
Cell[9,25]    0.0017508924093049 [GeV]
###  Total energy deposition in calorimeter by a source track in 1 cells : 0.0017508924093049 (GeV)

Source track ID 215 (pi+,1.0808886954416[GeV]) at (389.82820998448,-313.10376347194,505.54462039611)
Original primary track ID 43 (unknown,52.984237098069[GeV])
Cell[13,39]    0.0012640581935751 [GeV]
Cell[13,36]    0.00011967057563265 [GeV]
Cell[13,43]    0.0015098215974467 [GeV]
Cell[15,44]    0.0024968770673629 [GeV]
Cell[15,45]    0.0018352339724448 [GeV]
Cell[15,46]    1.4141609601211e-05 [GeV]
Cell[13,37]    0.0054398257582501 [GeV]
Cell[16,45]    2.9042939047486e-07 [GeV]
Cell[14,40]    0.00025545790799106 [GeV]
Cell[14,41]    0.20918179024286 [GeV]
Cell[14,45]    4.359321584343e-05 [GeV]
Cell[12,42]    0.1202598288944 [GeV]
Cell[13,42]    0.24531941176076 [GeV]
Cell[14,42]    0.28517119924509 [GeV]
Cell[14,43]    0.0014613931280749 [GeV]
Cell[15,42]    0.0037219264040142 [GeV]
Cell[13,40]    0.00077667533978865 [GeV]
Cell[15,43]    0.021103217472485 [GeV]
Cell[14,44]    1.1114349263153e-09 [GeV]
Cell[13,41]    0.00033136477088189 [GeV]
###  Total energy deposition in calorimeter by a source track in 20 cells : 0.90030577869733 (GeV)

Source track ID 212 (gamma,0.028595474656773[GeV]) at (328.1859462591,377.21874910722,-300.64113703351)
Original primary track ID 43 (unknown,52.984237098069[GeV])
Cell[8,6]    0.028595474656773 [GeV]
###  Total energy deposition in calorimeter by a source track in 1 cells : 0.028595474656773 (GeV)

Source track ID 213 (gamma,0.46372847760985[GeV]) at (-465.99474696938,181.24264342847,-913.38295933636)
Original primary track ID 43 (unknown,52.984237098069[GeV])
Cell[8,9]    0.00048375595900565 [GeV]
Cell[6,7]    0.00052353277161129 [GeV]
Cell[5,20]    0.034480146900106 [GeV]
Cell[6,9]    0.00058535897126393 [GeV]
Cell[1,33]    6.2497131590404e-05 [GeV]
Cell[4,40]    0.00051099891 [GeV]
Cell[4,20]    0.070127988732346 [GeV]
Cell[5,21]    0.33444499237184 [GeV]
Cell[4,21]    0.0063421533234657 [GeV]
Cell[3,35]    0.00044595892210976 [GeV]
Cell[3,42]    0.00044936667909266 [GeV]
Cell[6,6]    0.0077827655155083 [GeV]
Cell[7,18]    0.0002396913794406 [GeV]
Cell[0,33]    0.0004485017784096 [GeV]
Cell[5,22]    0.00051099891 [GeV]
###  Total energy deposition in calorimeter by a source track in 15 cells : 0.45743870825579 (GeV)

Source track ID 210 (gamma,0.21067608644927[GeV]) at (-247.62061538533,-434.37775131352,-1046.3393876227)
Original primary track ID 43 (unknown,52.984237098069[GeV])
Cell[4,32]    0.18858785313234 [GeV]
Cell[4,31]    0.015042089782224 [GeV]
Cell[2,7]    0.00051099891 [GeV]
Cell[4,33]    0.0040948366301266 [GeV]
Cell[3,0]    0.0015282519868528 [GeV]
Cell[5,23]    0.00051099891 [GeV]
###  Total energy deposition in calorimeter by a source track in 6 cells : 0.21027502935154 (GeV)

Source track ID 208 (gamma,0.06726801612498[GeV]) at (-461.11390251385,-193.32348255824,-562.35052722159)
Original primary track ID 43 (unknown,52.984237098069[GeV])
Cell[7,27]    0.039402472697923 [GeV]
Cell[6,27]    0.027354544517057 [GeV]
Cell[7,26]    0.00051099891 [GeV]
###  Total energy deposition in calorimeter by a source track in 3 cells : 0.06726801612498 (GeV)

Source track ID 209 (gamma,1.2213291054873[GeV]) at (-495.81010252032,64.593670268736,-1525.2871340715)
Original primary track ID 43 (unknown,52.984237098069[GeV])
Cell[6,7]    0.00051099891 [GeV]
Cell[6,37]    0.0021780627641351 [GeV]
Cell[6,43]    0.00096005241123937 [GeV]
Cell[0,44]    0.0010570587986568 [GeV]
Cell[1,15]    0.0011444829195414 [GeV]
Cell[2,23]    0.47680203719028 [GeV]
Cell[2,22]    0.648212343332 [GeV]
Cell[1,29]    0.00066879505639894 [GeV]
Cell[2,38]    0.0020387423014991 [GeV]
Cell[1,39]    0.00051099891 [GeV]
Cell[1,9]    0.00051099891 [GeV]
Cell[1,23]    0.013907035743866 [GeV]
Cell[4,43]    0.00051099891 [GeV]
Cell[0,47]    0.00026801701283283 [GeV]
Cell[1,22]    0.019359560307097 [GeV]
Cell[1,8]    0.00051099891 [GeV]
Cell[6,2]    0.00034149548640277 [GeV]
Cell[3,29]    0.00049532042234265 [GeV]
Cell[1,20]    0.00016247307772369 [GeV]
Cell[2,26]    0.00030171780749041 [GeV]
Cell[1,16]    0.00051099891 [GeV]
Cell[3,9]    0.0021772746427884 [GeV]
Cell[9,43]    0.00030270828916598 [GeV]
Cell[1,38]    0.00036193340074869 [GeV]
Cell[1,21]    0.00091337940554884 [GeV]
Cell[5,46]    0.00065408703986327 [GeV]
Cell[4,2]    0.00073047752963261 [GeV]
Cell[1,24]    0.0015673580271099 [GeV]
Cell[2,30]    0.00051099891 [GeV]
Cell[3,28]    0.00034989383328354 [GeV]
Cell[2,40]    0.0024872073021963 [GeV]
Cell[5,43]    0.00045453979885949 [GeV]
Cell[2,3]    0.00037525024371052 [GeV]
Cell[2,24]    0.0026020284907835 [GeV]
Cell[0,34]    0.00066999201386226 [GeV]
###  Total energy deposition in calorimeter by a source track in 35 cells : 1.1851203170191 (GeV)

Source track ID 93 (proton,1.0787784795135[GeV]) at (346.96497473307,-360.02125813412,-1899.6771592578)
Original primary track ID 43 (unknown,52.984237098069[GeV])
Cell[0,42]    0.083415700118436 [GeV]
Cell[0,41]    0.057090766395112 [GeV]
###  Total energy deposition in calorimeter by a source track in 2 cells : 0.14050646651355 (GeV)

Source track ID 95 (gamma,0.00028999105909401[GeV]) at (433.86188770913,-248.52336387846,-1813.4551067917)
Original primary track ID 43 (unknown,52.984237098069[GeV])
Cell[0,44]    0.00028999105909401 [GeV]
###  Total energy deposition in calorimeter by a source track in 1 cells : 0.00028999105909401 (GeV)

>>> Summary of Event 0

Tracker hits --------------------------------------------------------------
408 hits are stored in RE01TrackerHitsCollection.

Calorimeter hits --------------------------------------------------------------
448 hits are stored in RE01CalorimeterHitsCollection.
     Total energy deposition in calorimeter : 87.684057511035 (GeV)

Trajectories in tracker --------------------------------------------------------------

Primary particles --------------------------------------------------------------

Primary vertex (0,0,0)   at t = 0 [ns]
Graphics systems deleted.
Visualization Manager deleting...
