Environment variable "G4FORCE_RUN_MANAGER_TYPE" enabled with value == Serial. Forcing G4RunManager type...

        ############################################
        !!! WARNING - FPE detection is activated !!!
        ############################################


          ################################
          !!! G4Backtrace is activated !!!
          ################################


**************************************************************
 Geant4 version Name: geant4-11-03-ref-06    (30-June-2025)
                       Copyright : Geant4 Collaboration
                      References : NIM A 506 (2003), 250-303
                                 : IEEE-TNS 53 (2006), 270-278
                                 : NIM A 835 (2016), 186-225
                             WWW : http://geant4.org/
**************************************************************

===== Register constructor ==== G4EmDNAPhysics
===== Register constructor ==== G4EmDNAChemistry_option2
Visualization Manager instantiating with verbosity "warnings (3)"...
Visualization Manager initialising...
Registering graphics systems...

You have successfully registered the following graphics systems.
Registered graphics systems are:
  ASCIITree (ATree)
  DAWNFILE (DAWNFILE)
  G4HepRepFile (HepRepFile)
  RayTracer (RT)
  VRML2FILE (VRML2FILE)
  gMocrenFile (gMocrenFile)
  TOOLSSG_OFFSCREEN (TSG_OFFSCREEN, TSG_FILE)
  OpenGLImmediateQt (OGLIQt, OGLI)
  OpenGLStoredQt (OGLSQt, OGLS)
  OpenGLImmediateXm (OGLIXm, OGLIQt_FALLBACK)
  OpenGLStoredXm (OGLSXm, OGLSQt_FALLBACK)
  OpenGLImmediateX (OGLIX, OGLIQt_FALLBACK, OGLIXm_FALLBACK)
  OpenGLStoredX (OGLSX, OGLSQt_FALLBACK, OGLSXm_FALLBACK)
  RayTracerX (RTX)
  RayTracerQt (RTQt)
  Qt3D (Qt3D)
  TOOLSSG_X11_GLES (TSG_X11_GLES, TSGX11, TSG_XT_GLES_FALLBACK)
  TOOLSSG_X11_ZB (TSG_X11_ZB, TSGX11ZB)
  TOOLSSG_XT_GLES (TSG_XT_GLES, TSGXt, TSG_QT_GLES_FALLBACK)
  TOOLSSG_XT_ZB (TSG_XT_ZB, TSGXtZB)
  TOOLSSG_QT_GLES (TSG_QT_GLES, TSGQt, TSG, OGL)
  TOOLSSG_QT_ZB (TSG_QT_ZB, TSGQtZB)
You may choose a graphics system (driver) with a parameter of
the command "/vis/open" or "/vis/sceneHandler/create",
or you may omit the driver parameter and choose at run time:
- by argument in the construction of G4VisExecutive
- by environment variable "G4VIS_DEFAULT_DRIVER"
- by entry in "~/.g4session"
- by build flags.
- Note: This feature is not allowed in batch mode.
For further information see "examples/basic/B1/exampleB1.cc"
and "vis.mac".

Registering model factories...

You have successfully registered the following model factories.
Registered model factories:
  generic
  drawByAttribute
  drawByCharge
  drawByOriginVolume
  drawByParticleID
  drawByEncounteredVolume

Registered models:
  None

Registered filter factories:
  attributeFilter
  chargeFilter
  originVolumeFilter
  particleFilter
  encounteredVolumeFilter

Registered filters:
  None

You have successfully registered the following user vis actions.
Run Duration User Vis Actions: none
End of Event User Vis Actions: none
End of Run User Vis Actions: none

Some /vis commands (optionally) take a string to specify colour.
"/vis/list" to see available colours.
/run/numberOfThreads 2
*** /run/numberOfThreads command is issued in sequential mode.
Command is ignored.
/run/initialize
userDetector->Construct() start.
logicWorld is registered to the default region.
physicsList->Construct() start.
--- G4CoupledTransportation is used 
physicsList->CheckParticleList() start.
physicsList->setCut() start.
/gun/particle proton
/gun/energy 5 keV
/scheduler/maxNullTimeSteps 50
#/scheduler/verbose 2
#/scheduler/whyDoYouStop
/run/beamOn 2
=======================================================================
======                 Electromagnetic Physics Parameters      ========
=======================================================================
LPM effect enabled                                 1
Enable creation and use of sampling tables         0
Apply cuts on all EM processes                     0
Use combined TransportationWithMsc                 Disabled
Use general process                                0
Enable linear polarisation for gamma               0
Enable photoeffect sampling below K-shell          1
Enable sampling of quantum entanglement            0
X-section factor for integral approach             0.8
Min kinetic energy for tables                      10 eV 
Max kinetic energy for tables                      600 MeV
Number of bins per decade of a table               20
Verbose level                                      1
Verbose level for worker thread                    0
Bremsstrahlung energy threshold above which 
  primary e+- is added to the list of secondary    100 TeV
Bremsstrahlung energy threshold above which primary
  muon/hadron is added to the list of secondary    100 TeV
Positron annihilation at rest model                AllisonPositronium
Enable 3 gamma annihilation on fly                 0
Lowest triplet kinetic energy                      1 MeV
Enable sampling of gamma linear polarisation       0
5D gamma conversion model type                     0
5D gamma conversion model on isolated ion          0
Use RiGe 5D e+e- pair production model by muons    0
Livermore data directory                           epics_2017
=======================================================================
======                 Ionisation Parameters                   ========
=======================================================================
Step function for e+-                              (0.2, 0.01 mm)
Step function for muons/hadrons                    (0.1, 0.05 mm)
Step function for light ions                       (0.1, 0.02 mm)
Step function for general ions                     (0.1, 0.001 mm)
Lowest e+e- kinetic energy                         0 eV 
Lowest muon/hadron kinetic energy                  1 keV
Use ICRU90 data                                    1
Fluctuations of dE/dx are enabled                  1
Type of fluctuation model for leptons and hadrons  Universal
Use built-in Birks satuaration                     0
Build CSDA range enabled                           0
Use cut as a final range enabled                   0
Enable angular generator interface                 1
Max kinetic energy for CSDA tables                 1 GeV
Max kinetic energy for NIEL computation            0 eV 
Linear loss limit                                  0.01
Read data from file for e+e- pair production by mu 0
=======================================================================
======                 Multiple Scattering Parameters          ========
=======================================================================
Type of msc step limit algorithm for e+-           2
Type of msc step limit algorithm for muons/hadrons 0
Msc lateral displacement for e+- enabled           1
Msc lateral displacement for muons and hadrons     0
Urban msc model lateral displacement alg96         1
Range factor for msc step limit for e+-            0.08
Range factor for msc step limit for muons/hadrons  0.2
Geometry factor for msc step limitation of e+-     2.5
Safety factor for msc step limit for e+-           0.6
Skin parameter for msc step limitation of e+-      3
Lambda limit for msc step limit for e+-            1 mm
Use Mott correction for e- scattering              1
Factor used for dynamic computation of angular 
  limit between single and multiple scattering     1
Fixed angular limit between single 
  and multiple scattering                          3.1416 rad
Upper energy limit for e+- multiple scattering     100 MeV
Type of electron single scattering model           0
Type of nuclear form-factor                        1
Screening factor                                   1
=======================================================================
======                 Atomic Deexcitation Parameters          ========
=======================================================================
Fluorescence enabled                               1
Directory in G4LEDATA for fluorescence data files  fluor
Auger electron cascade enabled                     1
PIXE atomic de-excitation enabled                  0
De-excitation module ignores cuts                  1
Type of PIXE cross section for hadrons             Empirical
Type of PIXE cross section for e+-                 Livermore
=======================================================================
======                 DNA Physics Parameters                  ========
=======================================================================
Use fast sampling in DNA models                    0
Use Stationary option in DNA models                0
Use DNA with multiple scattering of e-             0
Use DNA e- solvation model type                    11003
=======================================================================

### ===  Deexcitation model UAtomDeexcitation is activated for 1 region:
          DefaultRegionForTheWorld  1  1  0
### ===  Auger flag: 1
### ===  Ignore cuts flag:   1

phot:  for gamma SubType=12 BuildTable=0
      LambdaPrime table from 200 keV to 600 MeV in 72 bins 
      ===== EM models for the G4Region  DefaultRegionForTheWorld ======
 LivermorePhElectric : Emin=    0 eV  Emax=  600 MeV  SauterGavrila Fluo

compt:  for gamma SubType=13 BuildTable=1
      Lambda table from 10 eV  to 1 MeV, 21 bins/decade, spline: 1
      LambdaPrime table from 1 MeV to 600 MeV in 57 bins 
      ===== EM models for the G4Region  DefaultRegionForTheWorld ======
   LowEPComptonModel : Emin=    0 eV  Emax=   20 MeV Fluo
        KleinNishina : Emin=   20 MeV Emax=  600 MeV Fluo

conv:  for gamma SubType=14 BuildTable=1
      Lambda table from 1.022 MeV to 600 MeV, 28 bins/decade, spline: 1
      ===== EM models for the G4Region  DefaultRegionForTheWorld ======
     BetheHeitlerLPM : Emin=    0 eV  Emax=  600 MeV  ModifiedTsai

Rayl:  for gamma SubType=11 BuildTable=1
      Lambda table from 10 eV  to 150 keV, 21 bins/decade, spline: 0
      LambdaPrime table from 150 keV to 600 MeV in 74 bins 
      ===== EM models for the G4Region  DefaultRegionForTheWorld ======
   LivermoreRayleigh : Emin=    0 eV  Emax=  600 MeV  CullenGenerator

msc:  for e-  SubType= 10
      ===== EM models for the G4Region  DefaultRegionForTheWorld ======
  GoudsmitSaunderson : Emin=    1 MeV Emax=  600 MeV Nbins=60   1 MeV - 600 MeV
          StepLim=SafetyPlus Rfact=0.08 Gfact=2.5 Sfact=0.6 DispFlag:1 Skin=3 Llim=1 mm

eIoni:  for e-  XStype:3  SubType=2
      dE/dx and range tables from 10 eV  to 600 MeV in 160 bins
      Lambda tables from threshold to 600 MeV, 20 bins/decade, spline: 1
      StepFunction=(0.2, 0.01 mm), integ: 3, fluct: 1, linLossLim= 0.01
      ===== EM models for the G4Region  DefaultRegionForTheWorld ======
        MollerBhabha : Emin=    1 MeV Emax=  600 MeV  deltaVI

eBrem:  for e-  XStype:4  SubType=3
      dE/dx and range tables from 10 eV  to 600 MeV in 160 bins
      Lambda tables from threshold to 600 MeV, 20 bins/decade, spline: 1
      LPM flag: 1 for E > 0.6 GeV,  VertexHighEnergyTh(GeV)= 100000
      ===== EM models for the G4Region  DefaultRegionForTheWorld ======
             eBremSB : Emin=    1 MeV Emax=  600 MeV  AngularGen2BS

e-_G4DNAElectronSolvation:  for e- SubType=58 BuildTable=0
      ===== EM models for the G4Region  DefaultRegionForTheWorld ======
DNAOneStepThermalizationModel_Meesungnoen2002 : Emin=    0 eV  Emax=  7.4 eV 
          DummyModel : Emin=  7.4 eV  Emax=  600 MeV
          StepLim=UseSafety Rfact=0.04 Gfact=2.5 Sfact=0.6 DispFlag:1 Skin=1 Llim=1 mm

e-_G4DNAElastic:  for e- SubType=51 BuildTable=0
      ===== EM models for the G4Region  DefaultRegionForTheWorld ======
DNAChampionElasticModel : Emin=    0 eV  Emax=    1 MeV
          DummyModel : Emin=    1 MeV Emax=  600 MeV
          StepLim=UseSafety Rfact=0.04 Gfact=2.5 Sfact=0.6 DispFlag:1 Skin=1 Llim=1 mm

e-_G4DNAExcitation:  for e- SubType=52 BuildTable=0
      ===== EM models for the G4Region  DefaultRegionForTheWorld ======
DNABornExcitationModel : Emin=    0 eV  Emax=    1 MeV
          DummyModel : Emin=    1 MeV Emax=  600 MeV
          StepLim=UseSafety Rfact=0.04 Gfact=2.5 Sfact=0.6 DispFlag:1 Skin=1 Llim=1 mm

e-_G4DNAIonisation:  for e- SubType=53 BuildTable=0
      ===== EM models for the G4Region  DefaultRegionForTheWorld ======
DNABornIonisationModel : Emin=    0 eV  Emax=    1 MeV  deltaBorn Fluo
          DummyModel : Emin=    1 MeV Emax=  600 MeV
          StepLim=UseSafety Rfact=0.04 Gfact=2.5 Sfact=0.6 DispFlag:1 Skin=1 Llim=1 mm

e-_G4DNAVibExcitation:  for e- SubType=54 BuildTable=0
      ===== EM models for the G4Region  DefaultRegionForTheWorld ======
DNASancheExcitationModel : Emin=    0 eV  Emax=  100 eV 
          DummyModel : Emin=  100 eV  Emax=  600 MeV
          StepLim=UseSafety Rfact=0.04 Gfact=2.5 Sfact=0.6 DispFlag:1 Skin=1 Llim=1 mm

e-_G4DNAAttachment:  for e- SubType=55 BuildTable=0
      ===== EM models for the G4Region  DefaultRegionForTheWorld ======
DNAMeltonAttachmentModel : Emin=    0 eV  Emax=   13 eV 
          DummyModel : Emin=   13 eV  Emax=  600 MeV
          StepLim=UseSafety Rfact=0.04 Gfact=2.5 Sfact=0.6 DispFlag:1 Skin=1 Llim=1 mm

msc:  for e+  SubType= 10
      ===== EM models for the G4Region  DefaultRegionForTheWorld ======
  GoudsmitSaunderson : Emin=    0 eV  Emax=  600 MeV Nbins=140 100 eV  - 600 MeV
          StepLim=SafetyPlus Rfact=0.08 Gfact=2.5 Sfact=0.6 DispFlag:1 Skin=3 Llim=1 mm

eIoni:  for e+  XStype:3  SubType=2
      dE/dx and range tables from 10 eV  to 600 MeV in 160 bins
      Lambda tables from threshold to 600 MeV, 20 bins/decade, spline: 1
      StepFunction=(0.2, 0.01 mm), integ: 3, fluct: 1, linLossLim= 0.01
      ===== EM models for the G4Region  DefaultRegionForTheWorld ======
        MollerBhabha : Emin=    0 eV  Emax=  600 MeV  deltaVI

eBrem:  for e+  XStype:4  SubType=3
      dE/dx and range tables from 10 eV  to 600 MeV in 160 bins
      Lambda tables from threshold to 600 MeV, 20 bins/decade, spline: 1
      LPM flag: 1 for E > 0.6 GeV,  VertexHighEnergyTh(GeV)= 100000
      ===== EM models for the G4Region  DefaultRegionForTheWorld ======
             eBremSB : Emin=    0 eV  Emax=  600 MeV  AngularGen2BS

annihil:  for e+ XStype:2 SubType=5 AtRestModel:Allison BuildTable=0
      ===== EM models for the G4Region  DefaultRegionForTheWorld ======
            eplus2gg : Emin=    0 eV  Emax=  600 MeV

msc:  for proton  SubType= 10
      ===== EM models for the G4Region  DefaultRegionForTheWorld ======
            UrbanMsc : Emin=    1 MeV Emax=  600 MeV Nbins=60   1 MeV - 600 MeV
          StepLim=Minimal Rfact=0.2 Gfact=2.5 Sfact=0.6 DispFlag:0 Skin=3 Llim=1 mm

hIoni:  for proton  XStype:3  SubType=2
      dE/dx and range tables from 10 eV  to 600 MeV in 160 bins
      Lambda tables from threshold to 600 MeV, 20 bins/decade, spline: 1
      StepFunction=(0.1, 0.05 mm), integ: 3, fluct: 1, linLossLim= 0.01
      ===== EM models for the G4Region  DefaultRegionForTheWorld ======
          BetheBloch : Emin=  300 MeV Emax=  600 MeV  deltaVI

proton_G4DNAElastic:  for proton SubType=51 BuildTable=0
      ===== EM models for the G4Region  DefaultRegionForTheWorld ======
  DNAIonElasticModel : Emin=    0 eV  Emax=    1 MeV
          DummyModel : Emin=    1 MeV Emax=  600 MeV
          StepLim=UseSafety Rfact=0.04 Gfact=2.5 Sfact=0.6 DispFlag:1 Skin=1 Llim=1 mm

proton_G4DNAExcitation:  for proton SubType=52 BuildTable=0
      ===== EM models for the G4Region  DefaultRegionForTheWorld ======
DNAMillerGreenExcitationModel : Emin=    0 eV  Emax=  500 keV
DNABornExcitationModel : Emin=  500 keV Emax=  100 MeV
DNARPWBAExcitationModel : Emin=  100 MeV Emax=  300 MeV
          DummyModel : Emin=  300 MeV Emax=  600 MeV
          StepLim=UseSafety Rfact=0.04 Gfact=2.5 Sfact=0.6 DispFlag:1 Skin=1 Llim=1 mm

proton_G4DNAIonisation:  for proton SubType=53 BuildTable=0
      ===== EM models for the G4Region  DefaultRegionForTheWorld ======
DNARuddIonisationModel : Emin=    0 eV  Emax=  500 keV  deltaRudd Fluo
DNABornIonisationModel : Emin=  500 keV Emax=  100 MeV  deltaBorn Fluo
DNARPWBAIonisationModel : Emin=  100 MeV Emax=  300 MeV  deltaBorn Fluo
          DummyModel : Emin=  300 MeV Emax=  600 MeV
          StepLim=UseSafety Rfact=0.04 Gfact=2.5 Sfact=0.6 DispFlag:1 Skin=1 Llim=1 mm

proton_G4DNAChargeDecrease:  for proton SubType=56 BuildTable=0
      ===== EM models for the G4Region  DefaultRegionForTheWorld ======
DNADingfelderChargeDecreaseModel : Emin=    0 eV  Emax=  100 MeV
          DummyModel : Emin=  100 MeV Emax=  600 MeV
          StepLim=UseSafety Rfact=0.04 Gfact=2.5 Sfact=0.6 DispFlag:1 Skin=1 Llim=1 mm

msc:  for GenericIon  SubType= 10
      ===== EM models for the G4Region  DefaultRegionForTheWorld ======
            UrbanMsc : Emin=    1 MeV Emax=  600 MeV
          StepLim=Minimal Rfact=0.2 Gfact=2.5 Sfact=0.6 DispFlag:0 Skin=3 Llim=1 mm

ionIoni:  for GenericIon  XStype:3  SubType=2
      dE/dx and range tables from 10 eV  to 600 MeV in 160 bins
      Lambda tables from threshold to 600 MeV, 20 bins/decade, spline: 1
      StepFunction=(0.1, 0.001 mm), integ: 3, fluct: 1, linLossLim= 0.02
      ===== EM models for the G4Region  DefaultRegionForTheWorld ======
          BetheBloch : Emin=  300 MeV Emax=  600 MeV  deltaVI

GenericIon_G4DNAIonisation:  for GenericIon SubType=53 BuildTable=0
      ===== EM models for the G4Region  DefaultRegionForTheWorld ======
DNAIonIonisationModel : Emin=    0 eV  Emax=  300 MeV
          DummyModel : Emin=  300 MeV Emax=  600 MeV
          StepLim=UseSafety Rfact=0.04 Gfact=2.5 Sfact=0.6 DispFlag:1 Skin=1 Llim=1 mm

nuclearStopping:  for GenericIon SubType=8 BuildTable=0
      ===== EM models for the G4Region  DefaultRegionForTheWorld ======
   ICRU49NucStopping : Emin=    0 eV  Emax=    1 MeV

msc:  for alpha  SubType= 10
      ===== EM models for the G4Region  DefaultRegionForTheWorld ======
            UrbanMsc : Emin=    1 MeV Emax=  600 MeV
          StepLim=Minimal Rfact=0.2 Gfact=2.5 Sfact=0.6 DispFlag:0 Skin=3 Llim=1 mm

ionIoni:  for alpha  XStype:3  SubType=2
      dE/dx and range tables from 10 eV  to 600 MeV in 160 bins
      Lambda tables from threshold to 600 MeV, 20 bins/decade, spline: 1
      StepFunction=(0.1, 0.02 mm), integ: 3, fluct: 1, linLossLim= 0.02
      ===== EM models for the G4Region  DefaultRegionForTheWorld ======
          BetheBloch : Emin=  300 MeV Emax=  600 MeV  deltaVI

alpha_G4DNAElastic:  for alpha SubType=51 BuildTable=0
      ===== EM models for the G4Region  DefaultRegionForTheWorld ======
  DNAIonElasticModel : Emin=    0 eV  Emax=    1 MeV
          DummyModel : Emin=    1 MeV Emax=  600 MeV
          StepLim=UseSafety Rfact=0.04 Gfact=2.5 Sfact=0.6 DispFlag:1 Skin=1 Llim=1 mm

alpha_G4DNAExcitation:  for alpha SubType=52 BuildTable=0
      ===== EM models for the G4Region  DefaultRegionForTheWorld ======
DNAMillerGreenExcitationModel : Emin=    0 eV  Emax=  300 MeV
          DummyModel : Emin=  300 MeV Emax=  600 MeV
          StepLim=UseSafety Rfact=0.04 Gfact=2.5 Sfact=0.6 DispFlag:1 Skin=1 Llim=1 mm

alpha_G4DNAIonisation:  for alpha SubType=53 BuildTable=0
      ===== EM models for the G4Region  DefaultRegionForTheWorld ======
DNARuddIonisationModel : Emin=    0 eV  Emax=  300 MeV  deltaRudd Fluo
          DummyModel : Emin=  300 MeV Emax=  600 MeV
          StepLim=UseSafety Rfact=0.04 Gfact=2.5 Sfact=0.6 DispFlag:1 Skin=1 Llim=1 mm

alpha_G4DNAChargeDecrease:  for alpha SubType=56 BuildTable=0
      ===== EM models for the G4Region  DefaultRegionForTheWorld ======
DNADingfelderChargeDecreaseModel : Emin=    0 eV  Emax=  300 MeV
          DummyModel : Emin=  300 MeV Emax=  600 MeV
          StepLim=UseSafety Rfact=0.04 Gfact=2.5 Sfact=0.6 DispFlag:1 Skin=1 Llim=1 mm

msc:  for alpha+  SubType= 10
      ===== EM models for the G4Region  DefaultRegionForTheWorld ======
            UrbanMsc : Emin=    1 MeV Emax=  600 MeV
          StepLim=Minimal Rfact=0.2 Gfact=2.5 Sfact=0.6 DispFlag:0 Skin=3 Llim=1 mm

hIoni:  for alpha+  XStype:3  SubType=2
      dE/dx and range tables from 10 eV  to 600 MeV in 160 bins
      Lambda tables from threshold to 600 MeV, 20 bins/decade, spline: 1
      StepFunction=(0.1, 0.05 mm), integ: 3, fluct: 1, linLossLim= 0.01
      ===== EM models for the G4Region  DefaultRegionForTheWorld ======
          BetheBloch : Emin=  300 MeV Emax=  600 MeV  deltaVI

alpha+_G4DNAElastic:  for alpha+ SubType=51 BuildTable=0
      ===== EM models for the G4Region  DefaultRegionForTheWorld ======
  DNAIonElasticModel : Emin=    0 eV  Emax=    1 MeV
          DummyModel : Emin=    1 MeV Emax=  600 MeV
          StepLim=UseSafety Rfact=0.04 Gfact=2.5 Sfact=0.6 DispFlag:1 Skin=1 Llim=1 mm

alpha+_G4DNAExcitation:  for alpha+ SubType=52 BuildTable=0
      ===== EM models for the G4Region  DefaultRegionForTheWorld ======
DNAMillerGreenExcitationModel : Emin=    0 eV  Emax=  300 MeV
          DummyModel : Emin=  300 MeV Emax=  600 MeV
          StepLim=UseSafety Rfact=0.04 Gfact=2.5 Sfact=0.6 DispFlag:1 Skin=1 Llim=1 mm

alpha+_G4DNAIonisation:  for alpha+ SubType=53 BuildTable=0
      ===== EM models for the G4Region  DefaultRegionForTheWorld ======
DNARuddIonisationModel : Emin=    0 eV  Emax=  300 MeV  deltaRudd Fluo
          DummyModel : Emin=  300 MeV Emax=  600 MeV
          StepLim=UseSafety Rfact=0.04 Gfact=2.5 Sfact=0.6 DispFlag:1 Skin=1 Llim=1 mm

alpha+_G4DNAChargeIncrease:  for alpha+ SubType=57 BuildTable=0
      ===== EM models for the G4Region  DefaultRegionForTheWorld ======
DNADingfelderChargeIncreaseModel : Emin=    0 eV  Emax=  300 MeV
          DummyModel : Emin=  300 MeV Emax=  600 MeV
          StepLim=UseSafety Rfact=0.04 Gfact=2.5 Sfact=0.6 DispFlag:1 Skin=1 Llim=1 mm

alpha+_G4DNAChargeDecrease:  for alpha+ SubType=56 BuildTable=0
      ===== EM models for the G4Region  DefaultRegionForTheWorld ======
DNADingfelderChargeDecreaseModel : Emin=    0 eV  Emax=  300 MeV
          DummyModel : Emin=  300 MeV Emax=  600 MeV
          StepLim=UseSafety Rfact=0.04 Gfact=2.5 Sfact=0.6 DispFlag:1 Skin=1 Llim=1 mm

msc:  for anti_proton  SubType= 10
      ===== EM models for the G4Region  DefaultRegionForTheWorld ======
        WentzelVIUni : Emin=    0 eV  Emax=  600 MeV
          StepLim=Minimal Rfact=0.2 Gfact=2.5 Sfact=0.6 DispFlag:0 Skin=3 Llim=1 mm

hIoni:  for anti_proton  XStype:3  SubType=2
      dE/dx and range tables from 10 eV  to 600 MeV in 160 bins
      Lambda tables from threshold to 600 MeV, 20 bins/decade, spline: 1
      StepFunction=(0.1, 0.05 mm), integ: 3, fluct: 1, linLossLim= 0.01
      ===== EM models for the G4Region  DefaultRegionForTheWorld ======
            ICRU73QO : Emin=    0 eV  Emax=    2 MeV  deltaVI
          BetheBloch : Emin=    2 MeV Emax=  600 MeV  deltaVI

helium_G4DNAElastic:  for helium SubType=51 BuildTable=0
      ===== EM models for the G4Region  DefaultRegionForTheWorld ======
  DNAIonElasticModel : Emin=    0 eV  Emax=    1 MeV
          DummyModel : Emin=    1 MeV Emax=  600 MeV
          StepLim=UseSafety Rfact=0.04 Gfact=2.5 Sfact=0.6 DispFlag:1 Skin=1 Llim=1 mm

helium_G4DNAExcitation:  for helium SubType=52 BuildTable=0
      ===== EM models for the G4Region  DefaultRegionForTheWorld ======
DNAMillerGreenExcitationModel : Emin=    0 eV  Emax=  300 MeV
          DummyModel : Emin=  300 MeV Emax=  600 MeV
          StepLim=UseSafety Rfact=0.04 Gfact=2.5 Sfact=0.6 DispFlag:1 Skin=1 Llim=1 mm

helium_G4DNAIonisation:  for helium SubType=53 BuildTable=0
      ===== EM models for the G4Region  DefaultRegionForTheWorld ======
DNARuddIonisationModel : Emin=    0 eV  Emax=  300 MeV  deltaRudd Fluo
          DummyModel : Emin=  300 MeV Emax=  600 MeV
          StepLim=UseSafety Rfact=0.04 Gfact=2.5 Sfact=0.6 DispFlag:1 Skin=1 Llim=1 mm

helium_G4DNAChargeIncrease:  for helium SubType=57 BuildTable=0
      ===== EM models for the G4Region  DefaultRegionForTheWorld ======
DNADingfelderChargeIncreaseModel : Emin=    0 eV  Emax=  300 MeV
          DummyModel : Emin=  300 MeV Emax=  600 MeV
          StepLim=UseSafety Rfact=0.04 Gfact=2.5 Sfact=0.6 DispFlag:1 Skin=1 Llim=1 mm

hydrogen_G4DNAElastic:  for hydrogen SubType=51 BuildTable=0
      ===== EM models for the G4Region  DefaultRegionForTheWorld ======
  DNAIonElasticModel : Emin=    0 eV  Emax=    1 MeV
          DummyModel : Emin=    1 MeV Emax=  600 MeV
          StepLim=UseSafety Rfact=0.04 Gfact=2.5 Sfact=0.6 DispFlag:1 Skin=1 Llim=1 mm

hydrogen_G4DNAExcitation:  for hydrogen SubType=52 BuildTable=0
      ===== EM models for the G4Region  DefaultRegionForTheWorld ======
DNAMillerGreenExcitationModel : Emin=    0 eV  Emax=  500 keV
          DummyModel : Emin=  500 keV Emax=  600 MeV
          StepLim=UseSafety Rfact=0.04 Gfact=2.5 Sfact=0.6 DispFlag:1 Skin=1 Llim=1 mm

hydrogen_G4DNAIonisation:  for hydrogen SubType=53 BuildTable=0
      ===== EM models for the G4Region  DefaultRegionForTheWorld ======
DNARuddIonisationExtendedModel : Emin=    0 eV  Emax=  300 MeV  deltaRudd Fluo
          DummyModel : Emin=  300 MeV Emax=  600 MeV
          StepLim=UseSafety Rfact=0.04 Gfact=2.5 Sfact=0.6 DispFlag:1 Skin=1 Llim=1 mm

hydrogen_G4DNAChargeIncrease:  for hydrogen SubType=57 BuildTable=0
      ===== EM models for the G4Region  DefaultRegionForTheWorld ======
DNADingfelderChargeIncreaseModel : Emin=    0 eV  Emax=  100 MeV
          DummyModel : Emin=  100 MeV Emax=  600 MeV
          StepLim=UseSafety Rfact=0.04 Gfact=2.5 Sfact=0.6 DispFlag:1 Skin=1 Llim=1 mm

msc:  for kaon+  SubType= 10
      ===== EM models for the G4Region  DefaultRegionForTheWorld ======
        WentzelVIUni : Emin=    0 eV  Emax=  600 MeV
          StepLim=Minimal Rfact=0.2 Gfact=2.5 Sfact=0.6 DispFlag:0 Skin=3 Llim=1 mm

hIoni:  for kaon+  XStype:3  SubType=2
      dE/dx and range tables from 10 eV  to 600 MeV in 160 bins
      Lambda tables from threshold to 600 MeV, 20 bins/decade, spline: 1
      StepFunction=(0.1, 0.05 mm), integ: 3, fluct: 1, linLossLim= 0.01
      ===== EM models for the G4Region  DefaultRegionForTheWorld ======
               Bragg : Emin=    0 eV  Emax=1.05231 MeV  deltaVI
          BetheBloch : Emin=1.05231 MeV Emax=  600 MeV  deltaVI

msc:  for kaon-  SubType= 10
      ===== EM models for the G4Region  DefaultRegionForTheWorld ======
        WentzelVIUni : Emin=    0 eV  Emax=  600 MeV
          StepLim=Minimal Rfact=0.2 Gfact=2.5 Sfact=0.6 DispFlag:0 Skin=3 Llim=1 mm

hIoni:  for kaon-  XStype:3  SubType=2
      dE/dx and range tables from 10 eV  to 600 MeV in 160 bins
      Lambda tables from threshold to 600 MeV, 20 bins/decade, spline: 1
      StepFunction=(0.1, 0.05 mm), integ: 3, fluct: 1, linLossLim= 0.01
      ===== EM models for the G4Region  DefaultRegionForTheWorld ======
            ICRU73QO : Emin=    0 eV  Emax=1.05231 MeV  deltaVI
          BetheBloch : Emin=1.05231 MeV Emax=  600 MeV  deltaVI

msc:  for mu+  SubType= 10
      ===== EM models for the G4Region  DefaultRegionForTheWorld ======
        WentzelVIUni : Emin=    0 eV  Emax=  600 MeV
          StepLim=Minimal Rfact=0.2 Gfact=2.5 Sfact=0.6 DispFlag:0 Skin=3 Llim=1 mm

hIoni:  for mu+  XStype:3  SubType=2
      dE/dx and range tables from 10 eV  to 600 MeV in 160 bins
      Lambda tables from threshold to 600 MeV, 20 bins/decade, spline: 1
      StepFunction=(0.1, 0.05 mm), integ: 3, fluct: 1, linLossLim= 0.01
      ===== EM models for the G4Region  DefaultRegionForTheWorld ======
               Bragg : Emin=    0 eV  Emax=225.219 keV  deltaVI
          BetheBloch : Emin=225.219 keV Emax=  600 MeV  deltaVI

msc:  for mu-  SubType= 10
      ===== EM models for the G4Region  DefaultRegionForTheWorld ======
        WentzelVIUni : Emin=    0 eV  Emax=  600 MeV
          StepLim=Minimal Rfact=0.2 Gfact=2.5 Sfact=0.6 DispFlag:0 Skin=3 Llim=1 mm

hIoni:  for mu-  XStype:3  SubType=2
      dE/dx and range tables from 10 eV  to 600 MeV in 160 bins
      Lambda tables from threshold to 600 MeV, 20 bins/decade, spline: 1
      StepFunction=(0.1, 0.05 mm), integ: 3, fluct: 1, linLossLim= 0.01
      ===== EM models for the G4Region  DefaultRegionForTheWorld ======
            ICRU73QO : Emin=    0 eV  Emax=225.219 keV  deltaVI
          BetheBloch : Emin=225.219 keV Emax=  600 MeV  deltaVI

msc:  for pi+  SubType= 10
      ===== EM models for the G4Region  DefaultRegionForTheWorld ======
        WentzelVIUni : Emin=    0 eV  Emax=  600 MeV
          StepLim=Minimal Rfact=0.2 Gfact=2.5 Sfact=0.6 DispFlag:0 Skin=3 Llim=1 mm

hIoni:  for pi+  XStype:3  SubType=2
      dE/dx and range tables from 10 eV  to 600 MeV in 160 bins
      Lambda tables from threshold to 600 MeV, 20 bins/decade, spline: 1
      StepFunction=(0.1, 0.05 mm), integ: 3, fluct: 1, linLossLim= 0.01
      ===== EM models for the G4Region  DefaultRegionForTheWorld ======
               Bragg : Emin=    0 eV  Emax=297.505 keV  deltaVI
          BetheBloch : Emin=297.505 keV Emax=  600 MeV  deltaVI

msc:  for pi-  SubType= 10
      ===== EM models for the G4Region  DefaultRegionForTheWorld ======
        WentzelVIUni : Emin=    0 eV  Emax=  600 MeV
          StepLim=Minimal Rfact=0.2 Gfact=2.5 Sfact=0.6 DispFlag:0 Skin=3 Llim=1 mm

hIoni:  for pi-  XStype:3  SubType=2
      dE/dx and range tables from 10 eV  to 600 MeV in 160 bins
      Lambda tables from threshold to 600 MeV, 20 bins/decade, spline: 1
      StepFunction=(0.1, 0.05 mm), integ: 3, fluct: 1, linLossLim= 0.01
      ===== EM models for the G4Region  DefaultRegionForTheWorld ======
            ICRU73QO : Emin=    0 eV  Emax=297.505 keV  deltaVI
          BetheBloch : Emin=297.505 keV Emax=  600 MeV  deltaVI

Region <DefaultRegionForTheWorld> --  -- appears in <physWorld> world volume
 This region is in the mass world.
 Root logical volume(s) : logicWorld 
 Pointers : G4VUserRegionInformation[0], G4UserLimits[0], G4FastSimulationManager[0], G4UserSteppingAction[0]
 Materials : G4_WATER 
 Production cuts :   gamma 1 nm      e- 1 nm      e+ 1 nm  proton 1 nm 

Region <DefaultRegionForParallelWorld> --  -- appears in <ChemistryWorld> world volume
 This region is in the parallel world.
 Root logical volume(s) : ChemistryWorld 
 Pointers : G4VUserRegionInformation[0], G4UserLimits[0], G4FastSimulationManager[0], G4UserSteppingAction[0]
 Materials : G4_WATER 
 Production cuts :   gamma 1 nm      e- 1 nm      e+ 1 nm  proton 1 nm 

========= Table of registered couples ============================

Index : 0     used in the geometry : Yes
 Material : G4_WATER
 Range cuts        :  gamma  1 nm     e-  1 nm     e+  1 nm  proton 1 nm 
 Energy thresholds :  gamma  100 eV     e-  100 eV     e+  100 eV  proton 100 meV
 Region(s) which use this couple : 
    DefaultRegionForTheWorld
    DefaultRegionForParallelWorld

==================================================================

Start closing geometry.
--------------------------------------------------------------------------------
G4GeometryManager::ReportVoxelStats -- Voxel Statistics

    Total memory consumed for geometry optimisation:   2913 kByte
    Total CPU time elapsed for geometry optimisation: 3.46 seconds

    Voxelisation: top CPU users:
    Percent   Total CPU    System CPU       Memory  Volume
    -------   ----------   ----------     --------  ----------
      99.13         3.43         0.01         2914k VoxelStraight_logic

    Voxelisation: top memory users:
    Percent     Memory      Heads    Nodes   Pointers    Total CPU    Volume
    -------   --------     ------   ------   --------   ----------    ----------
     100.00       2913k     20884    21735      54614         3.43    VoxelStraight_logic
--------------------------------------------------------------------------------

### Run 0 starts.

----> Histogram file is opened in output.root
Physics stage ends
Number of chemical species involved in reactions = 13
Reaction                                          Reaction Rate [dm3/(mol*s)]   Interaction Range for chosen reaction model [nm]
------------------------------------------------------------------------------------------------------------------------------------
H3O^1 + e_aq^-1 -> H^0                            2.11e+10                      0.200589
------------------------------------------------------------------------------------------------------------------------------------
H3O^1 + OH^-1 -> No product                       1.43e+11                      1.34973
------------------------------------------------------------------------------------------------------------------------------------
H3O^1 + Histone^0 -> Histone^0                    0                             2.4961
------------------------------------------------------------------------------------------------------------------------------------
OH^-1 + Histone^0 -> Histone^0                    0                             2.4958
------------------------------------------------------------------------------------------------------------------------------------
°OH^0 + e_aq^-1 -> OH^-1                         2.95e+10                      0.506256
------------------------------------------------------------------------------------------------------------------------------------
°OH^0 + °OH^0 -> H2O2^0                         4.4e+09                       0.207651
------------------------------------------------------------------------------------------------------------------------------------
°OH^0 + H^0 -> No product                        1.44e+10                      0.194167
------------------------------------------------------------------------------------------------------------------------------------
°OH^0 + Deoxyribose^0 -> Damaged_Deoxyribose^0   1.8e+09                       0.0849481
------------------------------------------------------------------------------------------------------------------------------------
°OH^0 + Adenine^0 -> Damaged_Adenine^0           6.1e+09                       0.28788
------------------------------------------------------------------------------------------------------------------------------------
°OH^0 + Guanine^0 -> Damaged_Guanine^0           9.2e+09                       0.434179
------------------------------------------------------------------------------------------------------------------------------------
°OH^0 + Thymine^0 -> Damaged_Thymine^0           6.4e+09                       0.302038
------------------------------------------------------------------------------------------------------------------------------------
°OH^0 + Cytosine^0 -> Damaged_Cytosine^0         6.1e+09                       0.28788
------------------------------------------------------------------------------------------------------------------------------------
°OH^0 + Histone^0 -> Histone^0                   0                             2.4958
------------------------------------------------------------------------------------------------------------------------------------
e_aq^-1 + e_aq^-1 -> OH^-1 + OH^-1 + H_2^0        5e+09                         0.134838
------------------------------------------------------------------------------------------------------------------------------------
e_aq^-1 + H^0 -> OH^-1 + H_2^0                    2.65e+10                      0.294265
------------------------------------------------------------------------------------------------------------------------------------
e_aq^-1 + H2O2^0 -> OH^-1 + °OH^0                1.41e+10                      0.295745
------------------------------------------------------------------------------------------------------------------------------------
e_aq^-1 + Deoxyribose^0 -> Damaged_Deoxyribose^0  1e+07                         0.000269677
------------------------------------------------------------------------------------------------------------------------------------
e_aq^-1 + Adenine^0 -> Damaged_Adenine^0          9e+09                         0.242709
------------------------------------------------------------------------------------------------------------------------------------
e_aq^-1 + Guanine^0 -> Damaged_Guanine^0          1.4e+10                       0.377547
------------------------------------------------------------------------------------------------------------------------------------
e_aq^-1 + Thymine^0 -> Damaged_Thymine^0          1.8e+10                       0.485418
------------------------------------------------------------------------------------------------------------------------------------
e_aq^-1 + Cytosine^0 -> Damaged_Cytosine^0        1.3e+10                       0.350579
------------------------------------------------------------------------------------------------------------------------------------
e_aq^-1 + Histone^0 -> Histone^0                  0                             2.63
------------------------------------------------------------------------------------------------------------------------------------
H^0 + H^0 -> H_2^0                                1.2e+10                       0.226528
------------------------------------------------------------------------------------------------------------------------------------
H^0 + Deoxyribose^0 -> Damaged_Deoxyribose^0      2.9e+07                       0.000547443
------------------------------------------------------------------------------------------------------------------------------------
H^0 + Adenine^0 -> Damaged_Adenine^0              1e+08                         0.00188774
------------------------------------------------------------------------------------------------------------------------------------
H^0 + Thymine^0 -> Damaged_Thymine^0              5.7e+08                       0.0107601
------------------------------------------------------------------------------------------------------------------------------------
H^0 + Cytosine^0 -> Damaged_Cytosine^0            9.2e+07                       0.00173672
------------------------------------------------------------------------------------------------------------------------------------
H^0 + Histone^0 -> Histone^0                      0                             2.45
------------------------------------------------------------------------------------------------------------------------------------
H_2^0 + Histone^0 -> Histone^0                    0                             2.4958
------------------------------------------------------------------------------------------------------------------------------------
H2O2^0 + Histone^0 -> Histone^0                   0                             2.7
------------------------------------------------------------------------------------------------------------------------------------
DNAMolecularStepByStepModel will be used
*** G4Scheduler starts processing 
At time :       1 ps  Reaction : H^0 (-14708) + °OH^0 (-14694) -> No product
At time :       1 ps  Reaction : °OH^0 (-14707) + °OH^0 (-14647) -> H2O2^0 (-14709)
At time :       1 ps  Reaction : °OH^0 (-14590) + °OH^0 (-14704) -> H2O2^0 (-14710)
At time :       1 ps  Reaction : °OH^0 (-14699) + °OH^0 (-14700) -> H2O2^0 (-14711)
At time :       1 ps  Reaction : °OH^0 (-14696) + H^0 (-14697) -> No product
At time :       1 ps  Reaction : H^0 (-14586) + H^0 (-14695) -> H_2^0 (-14712)
At time :       1 ps  Reaction : °OH^0 (-14692) + H^0 (-14693) -> No product
At time :       1 ps  Reaction : °OH^0 (-14690) + H^0 (-14691) -> No product
At time :       1 ps  Reaction : °OH^0 (-14688) + H^0 (-14689) -> No product
At time :       1 ps  Reaction : °OH^0 (-14686) + H^0 (-14687) -> No product
At time :       1 ps  Reaction : °OH^0 (-14635) + H^0 (-14685) -> No product
At time :       1 ps  Reaction : e_aq^-1 (-57) + °OH^0 (-14684) -> OH^-1 (-14713)
At time :       1 ps  Reaction : Guanine^0 (-7407) + °OH^0 (-14683) -> Damaged_Guanine^0 (-14714)
At time :       1 ps  Reaction : H^0 (-14636) + °OH^0 (-14682) -> No product
At time :       1 ps  Reaction : e_aq^-1 (-14564) + °OH^0 (-14680) -> OH^-1 (-14715)
At time :       1 ps  Reaction : e_aq^-1 (-14567) + °OH^0 (-14679) -> OH^-1 (-14716)
At time :       1 ps  Reaction : °OH^0 (-14676) + H^0 (-14677) -> No product
At time :       1 ps  Reaction : °OH^0 (-14674) + H^0 (-14675) -> No product
At time :       1 ps  Reaction : °OH^0 (-14617) + H^0 (-14673) -> No product
At time :       1 ps  Reaction : H^0 (-14618) + °OH^0 (-14672) -> No product
At time :       1 ps  Reaction : °OH^0 (-14670) + H^0 (-14671) -> No product
At time :       1 ps  Reaction : °OH^0 (-14668) + H^0 (-14669) -> No product
At time :       1 ps  Reaction : °OH^0 (-14568) + °OH^0 (-14667) -> H2O2^0 (-14717)
At time :       1 ps  Reaction : °OH^0 (-14606) + °OH^0 (-14666) -> H2O2^0 (-14718)
At time :       1 ps  Reaction : °OH^0 (-14663) + °OH^0 (-14664) -> H2O2^0 (-14719)
At time :       1 ps  Reaction : °OH^0 (-14660) + H^0 (-14661) -> No product
At time :       1 ps  Reaction : °OH^0 (-14653) + H^0 (-14654) -> No product
At time :       1 ps  Reaction : °OH^0 (-14651) + H^0 (-14652) -> No product
At time :       1 ps  Reaction : °OH^0 (-14649) + H^0 (-14650) -> No product
At time :       1 ps  Reaction : °OH^0 (-14585) + H^0 (-14648) -> No product
At time :       1 ps  Reaction : °OH^0 (-14645) + H^0 (-14646) -> No product
At time :       1 ps  Reaction : °OH^0 (-14639) + H^0 (-14642) -> No product
At time :       1 ps  Reaction : °OH^0 (-14641) + H^0 (-14640) -> No product
At time :       1 ps  Reaction : H^0 (-14638) + °OH^0 (-14637) -> No product
At time :       1 ps  Reaction : H^0 (-14632) + °OH^0 (-14631) -> No product
At time :       1 ps  Reaction : H^0 (-14630) + °OH^0 (-14627) -> No product
At time :       1 ps  Reaction : °OH^0 (-14629) + °OH^0 (-14625) -> H2O2^0 (-14720)
At time :       1 ps  Reaction : H^0 (-14628) + H^0 (-14626) -> H_2^0 (-14721)
At time :       1 ps  Reaction : °OH^0 (-14573) + H^0 (-14624) -> No product
At time :       1 ps  Reaction : H^0 (-14574) + °OH^0 (-14623) -> No product
At time :       1 ps  Reaction : H^0 (-14622) + °OH^0 (-14621) -> No product
At time :       1 ps  Reaction : H^0 (-14620) + °OH^0 (-14619) -> No product
At time :       1 ps  Reaction : H^0 (-14616) + °OH^0 (-14615) -> No product
At time :       1 ps  Reaction : H^0 (-14614) + °OH^0 (-14613) -> No product
At time :       1 ps  Reaction : °OH^0 (-14612) + °OH^0 (-14611) -> H2O2^0 (-14722)
At time :       1 ps  Reaction : H^0 (-14609) + °OH^0 (-14607) -> No product
At time :       1 ps  Reaction : H^0 (-14569) + °OH^0 (-14608) -> No product
At time :       1 ps  Reaction : H^0 (-14604) + °OH^0 (-14601) -> No product
At time :       1 ps  Reaction : °OH^0 (-14603) + H^0 (-14602) -> No product
At time :       1 ps  Reaction : °OH^0 (-14598) + °OH^0 (-14597) -> H2O2^0 (-14723)
At time :       1 ps  Reaction : H^0 (-14595) + °OH^0 (-14594) -> No product
At time :       1 ps  Reaction : °OH^0 (-14588) + °OH^0 (-14589) -> H2O2^0 (-14724)
At time :       1 ps  Reaction : °OH^0 (-14583) + H^0 (-14584) -> No product
At time :       1 ps  Reaction : °OH^0 (-14581) + H^0 (-14582) -> No product
At time :       1 ps  Reaction : °OH^0 (-14579) + °OH^0 (-14580) -> H2O2^0 (-14725)
At time :       1 ps  Reaction : °OH^0 (-14577) + °OH^0 (-14562) -> H2O2^0 (-14726)
At time :       1 ps  Reaction : °OH^0 (-14571) + °OH^0 (-14572) -> H2O2^0 (-14727)
At time :       1 ps  Reaction : e_aq^-1 (-125) + Histone^0 (-8090) -> Histone^0 (-14728)
At time :       1 ps  Reaction : OH^-1 (-14716) + H3O^1 (-14563) -> No product
At time :       1 ps  Reaction : OH^-1 (-14715) + H3O^1 (-14566) -> No product
At time :       1 ps  Reaction : OH^-1 (-14713) + H3O^1 (-14560) -> No product
At time :    1.35 ps  Reaction : H^0 (-14600) + °OH^0 (-14599) -> No product
At time :    1.35 ps  Reaction : °OH^0 (-14655) + H^0 (-14656) -> No product
At time :    4.15 ps  Reaction : °OH^0 (-14658) + °OH^0 (-14659) -> H2O2^0 (-14729)
At time :  22.295 ps  Reaction : e_aq^-1 (-160) + H^0 (-14591) -> OH^-1 (-14730) + H_2^0 (-14731)
At time :  22.295 ps  Reaction : OH^-1 (-14730) + H3O^1 (-14701) -> No product
At time :  41.295 ps  Reaction : °OH^0 (-14634) + Guanine^0 (-7711) -> Damaged_Guanine^0 (-14732)
At time :  61.021 ps  Reaction : e_aq^-1 (-137) + Histone^0 (-7289) -> Histone^0 (-14733)
At time :  121.28 ps  Reaction : H_2^0 (-14587) + Histone^0 (-2483) -> Histone^0 (-14734)
At time :  144.58 ps  Reaction : Deoxyribose^0 (-8274) + °OH^0 (-14565) -> Damaged_Deoxyribose^0 (-14735)
At time :  157.58 ps  Reaction : H3O^1 (-14633) + Histone^0 (-14733) -> Histone^0 (-14736)
At time :  234.79 ps  Reaction : °OH^0 (-14576) + Guanine^0 (-7703) -> Damaged_Guanine^0 (-14737)
At time :  675.78 ps  Reaction : H_2^0 (-14721) + Histone^0 (-14728) -> Histone^0 (-14738)
At time :  947.08 ps  Reaction : H2O2^0 (-14709) + Histone^0 (-14734) -> Histone^0 (-14739)
At time :  1.0147 ns  Reaction : Thymine^0 (-8669) + °OH^0 (-14559) -> Damaged_Thymine^0 (-14740)
At time :  1.1349 ns  Reaction : H2O2^0 (-14725) + Histone^0 (-14736) -> Histone^0 (-14741)
At time :  1.2569 ns  Reaction : H2O2^0 (-14720) + Histone^0 (-14738) -> Histone^0 (-14742)
At time :  1.7904 ns  Reaction : H2O2^0 (-14718) + Histone^0 (-12896) -> Histone^0 (-14743)
At time :  1.9548 ns  Reaction : e_aq^-1 (-143) + Histone^0 (-1682) -> Histone^0 (-14744)
*** G4Scheduler ends at time : 2.5 ns 
___________________________________
Physics stage ends
*** G4Scheduler starts processing 
At time :       1 ps  Reaction : H^0 (-14616) + °OH^0 (-14615) -> No product
At time :       1 ps  Reaction : °OH^0 (-14613) + H^0 (-14614) -> No product
At time :       1 ps  Reaction : e_aq^-1 (-14532) + H^0 (-14610) -> OH^-1 (-14617) + H_2^0 (-14618)
At time :       1 ps  Reaction : °OH^0 (-14609) + °OH^0 (-14530) -> H2O2^0 (-14619)
At time :       1 ps  Reaction : °OH^0 (-14605) + °OH^0 (-14604) -> H2O2^0 (-14620)
At time :       1 ps  Reaction : Histone^0 (-4048) + H^0 (-14602) -> Histone^0 (-14621)
At time :       1 ps  Reaction : °OH^0 (-14599) + H^0 (-14600) -> No product
At time :       1 ps  Reaction : °OH^0 (-14597) + H^0 (-14598) -> No product
At time :       1 ps  Reaction : °OH^0 (-14595) + H^0 (-14596) -> No product
At time :       1 ps  Reaction : H^0 (-14594) + °OH^0 (-14593) -> No product
At time :       1 ps  Reaction : H^0 (-14592) + °OH^0 (-14591) -> No product
At time :       1 ps  Reaction : °OH^0 (-14588) + °OH^0 (-14590) -> H2O2^0 (-14622)
At time :       1 ps  Reaction : H^0 (-14585) + °OH^0 (-14584) -> No product
At time :       1 ps  Reaction : H^0 (-14581) + °OH^0 (-14580) -> No product
At time :       1 ps  Reaction : °OH^0 (-14578) + °OH^0 (-14579) -> H2O2^0 (-14623)
At time :       1 ps  Reaction : H^0 (-14576) + °OH^0 (-14575) -> No product
At time :       1 ps  Reaction : °OH^0 (-14573) + H^0 (-14574) -> No product
At time :       1 ps  Reaction : H^0 (-14572) + °OH^0 (-14571) -> No product
At time :       1 ps  Reaction : °OH^0 (-14567) + H^0 (-14570) -> No product
At time :       1 ps  Reaction : H^0 (-14568) + °OH^0 (-14569) -> No product
At time :       1 ps  Reaction : °OH^0 (-14565) + H^0 (-14566) -> No product
At time :       1 ps  Reaction : °OH^0 (-14561) + H^0 (-14562) -> No product
At time :       1 ps  Reaction : °OH^0 (-14559) + H^0 (-14560) -> No product
At time :       1 ps  Reaction : °OH^0 (-14557) + H^0 (-14558) -> No product
At time :       1 ps  Reaction : Histone^0 (-8854) + H^0 (-14556) -> Histone^0 (-14624)
At time :       1 ps  Reaction : °OH^0 (-14554) + °OH^0 (-14555) -> H2O2^0 (-14625)
At time :       1 ps  Reaction : H^0 (-14551) + °OH^0 (-14550) -> No product
At time :       1 ps  Reaction : H^0 (-14549) + °OH^0 (-14548) -> No product
At time :       1 ps  Reaction : H^0 (-14547) + °OH^0 (-14546) -> No product
At time :       1 ps  Reaction : H^0 (-14545) + °OH^0 (-14544) -> No product
At time :       1 ps  Reaction : H^0 (-14539) + °OH^0 (-14538) -> No product
At time :       1 ps  Reaction : H^0 (-14537) + °OH^0 (-14536) -> No product
At time :       1 ps  Reaction : e_aq^-1 (-14535) + e_aq^-1 (-14529) -> OH^-1 (-14626) + OH^-1 (-14627) + H_2^0 (-14628)
At time :       1 ps  Reaction : °OH^0 (-14527) + °OH^0 (-14533) -> H2O2^0 (-14629)
At time :       1 ps  Reaction : OH^-1 (-14627) + H3O^1 (-14528) -> No product
At time :       1 ps  Reaction : OH^-1 (-14626) + H3O^1 (-14534) -> No product
At time :       1 ps  Reaction : Histone^0 (-14624) + H2O2^0 (-14625) -> Histone^0 (-14630)
At time :       1 ps  Reaction : Histone^0 (-14621) + e_aq^-1 (-110) -> Histone^0 (-14631)
At time :       1 ps  Reaction : OH^-1 (-14617) + H3O^1 (-14531) -> No product
At time :       1 ps  Reaction : Histone^0 (-14631) + °OH^0 (-14563) -> Histone^0 (-14632)
At time :       1 ps  Reaction : Histone^0 (-14630) + e_aq^-1 (-57) -> Histone^0 (-14633)
At time :       1 ps  Reaction : Histone^0 (-14633) + °OH^0 (-14526) -> Histone^0 (-14634)
At time :       1 ps  Reaction : °OH^0 (-14522) + Histone^0 (-14632) -> Histone^0 (-14635)
At time :       1 ps  Reaction : Histone^0 (-14635) + °OH^0 (-14601) -> Histone^0 (-14636)
At time :       1 ps  Reaction : °OH^0 (-14553) + Histone^0 (-14634) -> Histone^0 (-14637)
At time :       1 ps  Reaction : Histone^0 (-14637) + °OH^0 (-14540) -> Histone^0 (-14638)
At time :       1 ps  Reaction : °OH^0 (-14524) + Histone^0 (-14636) -> Histone^0 (-14639)
At time :       1 ps  Reaction : Histone^0 (-14639) + H3O^1 (-14521) -> Histone^0 (-14640)
At time :       1 ps  Reaction : H_2^0 (-14552) + Histone^0 (-14638) -> Histone^0 (-14641)
At time :       1 ps  Reaction : H3O^1 (-14525) + Histone^0 (-14641) -> Histone^0 (-14642)
At time :       1 ps  Reaction : H3O^1 (-14523) + Histone^0 (-14640) -> Histone^0 (-14643)
At time :       1 ps  Reaction : Histone^0 (-14643) + H^0 (-14564) -> Histone^0 (-14644)
At time :       1 ps  Reaction : H^0 (-14541) + Histone^0 (-14642) -> Histone^0 (-14645)
At time :    1.35 ps  Reaction : °OH^0 (-14582) + H^0 (-14583) -> No product
At time :     1.7 ps  Reaction : °OH^0 (-14607) + °OH^0 (-14608) -> H2O2^0 (-14646)
At time :     1.7 ps  Reaction : H^0 (-14543) + °OH^0 (-14542) -> No product
At time :  32.756 ps  Reaction : °OH^0 (-14587) + °OH^0 (-14612) -> H2O2^0 (-14647)
*** G4Scheduler ends at time : 2.5 ns 
___________________________________
 Run terminated.
Run Summary
  Number of events processed : 2
  User=236.850000s Real=237.200449s Sys=0.120000s

----> Histograms are saved
Graphics systems deleted.
Visualization Manager deleting...
G4 kernel has come to Quit state.
Deleting G4Run (id:0) 
UserDetectorConstruction deleted 0x1dab6d0
UserPhysicsList deleted 0x1dac370
UserActionInitialization deleted 0x205f4d0
UserWorkerInitialization deleted 0
UserWorkerThreadInitialization deleted 0
UserRunAction deleted.
UserPrimaryGenerator deleted.
RunManager is deleting RunManagerKernel.
G4SDManager deleted.
EventManager deleted.
Units table cleared.
TransportationManager deleted.
Total navigation history collections cleaned: 29198
G4RNGHelper object is deleted.
================== Deleting memory pools ===================
Pool ID '20G4NavigationLevelRep', size : 27.9 MB
Pool ID '19G4ElectronOccupancy', size : 0.000961 MB
Pool ID '15G4CountedObjectIvE', size : 0.67 MB
Pool ID '24G4ReferenceCountedHandleIvE', size : 0.000961 MB
Pool ID '7G4Event', size : 0.000961 MB
Pool ID '15G4PrimaryVertex', size : 0.000961 MB
Pool ID '17G4PrimaryParticle', size : 0.000961 MB
Pool ID '17G4DynamicParticle', size : 2.34 MB
Pool ID '7G4Track', size : 4.69 MB
Pool ID '18G4TouchableHistory', size : 1.75 MB
Pool ID '10G4Molecule', size : 1.41 MB
Pool ID '8G4KDTree', size : 0.000961 MB
Pool ID '8G4KDNodeI4G4ITE', size : 1 MB
Pool ID '14G4KDTreeResult', size : 0.000961 MB
Pool ID '8G4KDNodeI10G4MoleculeE', size : 0.00192 MB
Number of memory pools allocated: 15 of which, static: 0
Dynamic pools deleted: 15 / Total memory freed: 40 MB
============================================================
G4Allocator objects are deleted.
UImanager deleted.
StateManager deleted.
RunManagerKernel is deleted. Good bye :)
RunManager is deleted.
