LD_LIBRARY_PATH = /usr/local/libexec/jdk/1.1.6/lib:/opt/SUNWspro/lib:/usr/openwin/lib:/usr/dt/lib:/usr/local/lib:/afs/cern.ch/sw/lhcxx/specific/sun/Objectivity/5.1/lib:/afs/cern.ch/sw/lhcxx/specific/@sys/HepODBMS/0.3.0.1/lib

Copying G4EXAMPLE_BOOT into runtime federated database...
Creating new runtime federated database /afs/cern.ch/sw/geant4/stt/dev1/SUN-CC/debug_NONISO/exampleSchema/SUN-CC/PersistentEx01 for FDID 207
Run with active lockserver
Schema import from PersistentEx01 to PersistentEx01

Updating Name Service values...
Now updating System Name Space (catalog) values...
Now updating Database File locations...

Federated Database Installation complete.
OO_FD_BOOT is set to /afs/cern.ch/sw/geant4/stt/dev1/SUN-CC/debug_NONISO/exampleFD/SUN-CC/PersistentEx01

Opening federated database OO_FD_BOOT.
**********************************************
 Geant4 version $Name: geant4-03-00 $
                                (30-Jun-2000)
             Copyright : Geant4 Collaboration
**********************************************
#
#  PersistentEx01.in
#
/db/verbose 2
###/db/run NewRuns
###/db/event NewEvents
###/db/geometry NewGeometry
/run/initialize
  -- Tracker type sensitive detector
PersEx01PhysicsList::SetCuts:CutLength : 1 (mm)

conv:  Total cross sections from a parametrisation. Good description from 1.5 MeV to 100 GeV for all Z. 
        e+e- energies according Bethe-Heitler
        PhysicsTables from 1.022 MeV to 100 GeV in 100 bins. 

compt:  Total cross sections from a parametrisation. Good description from 10 KeV to (100/Z) GeV. 
        Scattered gamma energy according Klein-Nishina.
        PhysicsTables from 10 keV to 100 GeV in 100 bins. 

phot:  Total cross sections from a parametrisation. Good description from 10 KeV to 50 MeV for all Z
        Sandia crossSection below 50 KeV
       PhysicsTables from 50 keV to 50 MeV in 100 bins. 

msc:   Tables of transport mean free paths.
          New model of MSC , computes the lateral 
          displacement of the particle , too.
        PhysicsTables from 100 eV  to 100 TeV in 100 bins. 

eIoni:  delta cross sections from Moller+Bhabha. Good description from 1 KeV to 100 GeV.
        delta ray energy sampled from  differential Xsection.
        PhysicsTables from 1 keV to 100 TeV in 100 bins. 

 eIoni   Minimum Delta cut in range=0.1  mm.

           material       min.delta energy(keV) 

           Aluminium         125.06
                Lead         229.55
                 Air           0.99

eBrem:  Total cross sections from a NEW parametrisation based on the EEDL data library. 
 Good description from 1 KeV to 100 GeV.
        log scale extrapolation above 100 GeV 
        Gamma energy sampled from a parametrised formula.
        PhysicsTables from 1 keV to 100 TeV in 100 bins. 

annihil:  Total cross section from Heilter formula (annihilation into 2 photons).
        gamma energies sampled according Heitler
        PhysicsTables from 10 keV to 10 TeV in 100 bins. 

msc:   Tables of transport mean free paths.
          New model of MSC , computes the lateral 
          displacement of the particle , too.
        PhysicsTables from 100 eV  to 100 TeV in 100 bins. 

 hIoni    Minimum Delta cut in range=0.1  mm.

           material        min.delta energy(keV) 

           Aluminium         125.06
                Lead         229.55
                 Air           0.99

hIoni:    Knock-on electron cross sections . 
         Good description above the mean excitation energy.
         delta ray energy sampled from  differential Xsection.
        PhysicsTables from 1 keV to 100 TeV in 100 bins. 

msc:   Tables of transport mean free paths.
          New model of MSC , computes the lateral 
          displacement of the particle , too.
        PhysicsTables from 100 eV  to 100 TeV in 100 bins. 

MuIoni:  knock-on electron cross sections .
          Good description above the mean excitation energy.
         delta ray energy sampled from  differential Xsection.
      PhysicsTables from 1 keV to 1000 PeV in 150 bins. 

MuBrems:  theoretical cross section 
          Good description up to 1000 PeV.
    PhysicsTables from 1 keV to 1000 PeV in 150 bins. 

MuPairProd:  theoretical cross sections 
          Good description up to 1000 PeV.
    PhysicsTables from 1 keV to 1000 PeV in 150 bins. 
#
# 10 events
#
/run/beamOn 10
Transaction started for /Geometry/GeomContainer/ with non-sustained mode.
 -- Geometry stored in /Geometry/GeomContainer/
Transaction is committed on /Geometry/GeomContainer/
>>> Event 0
Event : 0
mySD/EvenCollection    Number of hits       14
  Edep of the first Hit 33.78
mySD/OddCollection     Number of hits       39
  Edep of the first Hit 30.589
Transaction started for /Events/EventContainer/ with non-sustained mode.
 -- G4PEvent 0 stored in /Events/EventContainer/
Transaction is committed on /Events/EventContainer/
>>> Event 1
Event : 1
mySD/EvenCollection    Number of hits       12
  Edep of the first Hit 17.334
mySD/OddCollection     Number of hits       41
  Edep of the first Hit 3.9675
Transaction started for /Events/EventContainer/ with non-sustained mode.
 -- G4PEvent 1 stored in /Events/EventContainer/
Transaction is committed on /Events/EventContainer/
>>> Event 2
Event : 2
mySD/EvenCollection    Number of hits       11
  Edep of the first Hit 34.294
mySD/OddCollection     Number of hits       42
  Edep of the first Hit 37.385
Transaction started for /Events/EventContainer/ with non-sustained mode.
 -- G4PEvent 2 stored in /Events/EventContainer/
Transaction is committed on /Events/EventContainer/
>>> Event 3
Event : 3
mySD/EvenCollection    Number of hits       11
  Edep of the first Hit 2.3184
mySD/OddCollection     Number of hits       41
  Edep of the first Hit 5.8462
Transaction started for /Events/EventContainer/ with non-sustained mode.
 -- G4PEvent 3 stored in /Events/EventContainer/
Transaction is committed on /Events/EventContainer/
>>> Event 4
Event : 4
mySD/EvenCollection    Number of hits       33
  Edep of the first Hit 5.4403
mySD/OddCollection     Number of hits       18
  Edep of the first Hit 46.378
Transaction started for /Events/EventContainer/ with non-sustained mode.
 -- G4PEvent 4 stored in /Events/EventContainer/
Transaction is committed on /Events/EventContainer/
>>> Event 5
Event : 5
mySD/EvenCollection    Number of hits       8
  Edep of the first Hit 52.566
mySD/OddCollection     Number of hits       51
  Edep of the first Hit 88.941
Transaction started for /Events/EventContainer/ with non-sustained mode.
 -- G4PEvent 5 stored in /Events/EventContainer/
Transaction is committed on /Events/EventContainer/
>>> Event 6
Event : 6
mySD/EvenCollection    Number of hits       7
  Edep of the first Hit 75.661
mySD/OddCollection     Number of hits       42
  Edep of the first Hit 19.696
Transaction started for /Events/EventContainer/ with non-sustained mode.
 -- G4PEvent 6 stored in /Events/EventContainer/
Transaction is committed on /Events/EventContainer/
>>> Event 7
Event : 7
mySD/EvenCollection    Number of hits       9
  Edep of the first Hit 64.235
mySD/OddCollection     Number of hits       42
  Edep of the first Hit 12.01
Transaction started for /Events/EventContainer/ with non-sustained mode.
 -- G4PEvent 7 stored in /Events/EventContainer/
Transaction is committed on /Events/EventContainer/
>>> Event 8
Event : 8
mySD/EvenCollection    Number of hits       10
  Edep of the first Hit 7.8162
mySD/OddCollection     Number of hits       39
  Edep of the first Hit 35.162
Transaction started for /Events/EventContainer/ with non-sustained mode.
 -- G4PEvent 8 stored in /Events/EventContainer/
Transaction is committed on /Events/EventContainer/
>>> Event 9
Event : 9
mySD/EvenCollection    Number of hits       9
  Edep of the first Hit 45.438
mySD/OddCollection     Number of hits       38
  Edep of the first Hit 52.619
Transaction started for /Events/EventContainer/ with non-sustained mode.
 -- G4PEvent 9 stored in /Events/EventContainer/
Transaction is committed on /Events/EventContainer/
Transaction started for /Runs/RunContainer/ with non-sustained mode.
 -- G4PRun 0 stored in /Runs/RunContainer/
Transaction is committed on /Runs/RunContainer/
#
exit
PersistencyManager is deleting.
