
        ############################################
        !!! WARNING - FPE detection is activated !!!
        ############################################

**************************************************************
 Geant4 version Name: geant4-10-06-ref-06    (26-June-2020)
                       Copyright : Geant4 Collaboration
                      References : NIM A 506 (2003), 250-303
                                 : IEEE-TNS 53 (2006), 270-278
                                 : NIM A 835 (2016), 186-225
                             WWW : http://geant4.org/
**************************************************************

Visualization Manager instantiating with verbosity "warnings (3)"...
Visualization Manager initialising...
Registering graphics systems...

You have successfully registered the following graphics systems.
Registered graphics systems are:
  ASCIITree (ATree)
  DAWNFILE (DAWNFILE)
  G4HepRep (HepRepXML)
  G4HepRepFile (HepRepFile)
  RayTracer (RayTracer)
  VRML1FILE (VRML1FILE)
  VRML2FILE (VRML2FILE)
  gMocrenFile (gMocrenFile)
  OpenGLImmediateXm (OGLIXm, OGLI)
  OpenGLStoredXm (OGLSXm, OGL, OGLS)
  OpenGLImmediateX (OGLIX, OGLIXm_FALLBACK)
  OpenGLStoredX (OGLSX, OGLSXm_FALLBACK)
  RayTracerX (RayTracerX)

Registering model factories...

You have successfully registered the following model factories.
Registered model factories:
  generic
  drawByAttribute
  drawByCharge
  drawByOriginVolume
  drawByParticleID
  drawByEncounteredVolume

Registered models:
  None

Registered filter factories:
  attributeFilter
  chargeFilter
  originVolumeFilter
  particleFilter
  encounteredVolumeFilter

Registered filters:
  None

You have successfully registered the following user vis actions.
Run Duration User Vis Actions: none
End of Event User Vis Actions: none
End of Run User Vis Actions: none

Some /vis commands (optionally) take a string to specify colour.
"/vis/list" to see available colours.
G4AdjointPhysicsList::SetCuts:CutLength : 1 mm 
G4AdjointPhysicsList::SetCuts:CutLength : 10 um 
/adjoint/DefineExtSourceOnExtSurfaceOfAVolume Shielding
/adjoint/SetExtSourceEmax 10. MeV
/adjoint/DefineAdjSourceOnExtSurfaceOfAVolume SensitiveVolume
/adjoint/SetAdjSourceEmin 1. keV
/adjoint/SetAdjSourceEmax 10. MeV
/RMC01/analysis/SetExponentialSpectrumForAdjointSim e- 1. cm-2 1. 1e-3 10. MeV
/RMC01/analysis/SetExpectedPrecisionOfResults 1.
/run/verbose 1
/tracking/verbose 0
/adjoint/start_run 100000
****************************************************************
*** Geant4 Reverse/Adjoint Monte Carlo mode		      ***
*** Author:	L.Desorgher				      ***
*** Company:	SpaceIT GmbH, Bern, Switzerland 	      ***
*** Sponsored by: ESA/ESTEC contract contract 21435/08/NL/AT ***
****************************************************************

compt:  for gamma SubType=13 BuildTable=1
      Lambda table from 100 eV  to 1 MeV, 7 bins/decade, spline: 1
      LambdaPrime table from 1 MeV to 100 TeV in 56 bins 
      ===== EM models for the G4Region  DefaultRegionForTheWorld ======
       Klein-Nishina : Emin=    0 eV  Emax=  100 TeV

phot:  for gamma SubType=12 BuildTable=0
      LambdaPrime table from 200 keV to 100 TeV in 61 bins 
      ===== EM models for the G4Region  DefaultRegionForTheWorld ======
       PhotoElectric : Emin=    0 eV  Emax=  100 TeV  SauterGavrila

msc:  for e-  SubType= 10
      RangeFactor= 0.04, stepLimType: 1, latDisp: 1
      ===== EM models for the G4Region  DefaultRegionForTheWorld ======
            UrbanMsc : Emin=    0 eV  Emax=  100 TeV Nbins=84 100 eV  - 100 TeV

eIoni:  for e-  SubType=2
      dE/dx and range tables from 100 eV  to 100 TeV in 84 bins
      Lambda tables from threshold to 100 TeV, 7 bins/decade, spline: 1
      StepFunction=(0.2, 1 mm), integ: 1, fluct: 1, linLossLim= 0.01
      ===== EM models for the G4Region  DefaultRegionForTheWorld ======
        MollerBhabha : Emin=    0 eV  Emax=  100 TeV

eBrem:  for e-  SubType=3
      dE/dx and range tables from 100 eV  to 100 TeV in 84 bins
      Lambda tables from threshold to 100 TeV, 7 bins/decade, spline: 1
      LPM flag: 1 for E > 1 GeV,  VertexHighEnergyTh(GeV)= 100000
      ===== EM models for the G4Region  DefaultRegionForTheWorld ======
             eBremSB : Emin=    0 eV  Emax=    1 GeV  ModifiedTsai
            eBremLPM : Emin=    1 GeV Emax=  100 TeV  ModifiedTsai
========== Computation of cross section matrices for adjoint models ==========
Build adjoint cross section matrices for Inv_eIon_model
Build adjoint cross section matrices for AdjointeBremModel
The model AdjointeBremModel does not use cross section matrices
Build adjoint cross section matrices for AdjointCompton
The model AdjointCompton does not use cross section matrices
Build adjoint cross section matrices for AdjointPEEffect
The model AdjointPEEffect does not use cross section matrices
              All adjoint cross section matrices are computed!
======================================================================

========= Table of registered couples ============================

Index : 0     used in the geometry : Yes
 Material : Vacuum
 Range cuts        :  gamma  10 um     e-  10 um     e+  10 um  proton 10 um 
 Energy thresholds :  gamma  990 eV     e-  990 eV     e+  990 eV  proton 1 keV
 Region(s) which use this couple : 
    DefaultRegionForTheWorld

Index : 1     used in the geometry : Yes
 Material : Aluminum
 Range cuts        :  gamma  10 um     e-  10 um     e+  10 um  proton 10 um 
 Energy thresholds :  gamma  990 eV     e-  34.4583 keV    e+  33.7728 keV proton 1 keV
 Region(s) which use this couple : 
    DefaultRegionForTheWorld

Index : 2     used in the geometry : Yes
 Material : Air
 Range cuts        :  gamma  10 um     e-  10 um     e+  10 um  proton 10 um 
 Energy thresholds :  gamma  990 eV     e-  990 eV     e+  990 eV  proton 1 keV
 Region(s) which use this couple : 
    DefaultRegionForTheWorld

Index : 3     used in the geometry : Yes
 Material : Silicon
 Range cuts        :  gamma  10 um     e-  10 um     e+  10 um  proton 10 um 
 Energy thresholds :  gamma  990 eV     e-  31.7971 keV    e+  31.374 keV proton 1 keV
 Region(s) which use this couple : 
    DefaultRegionForTheWorld

Index : 4     used in the geometry : Yes
 Material : Tantalum
 Range cuts        :  gamma  10 um     e-  10 um     e+  10 um  proton 10 um 
 Energy thresholds :  gamma  6.90532 keV    e-  74.9399 keV    e+  72.9588 keV proton 1 keV
 Region(s) which use this couple : 
    DefaultRegionForTheWorld

==================================================================

G4VisManager: Using G4TrajectoryDrawByCharge as fallback trajectory model.
See commands in /vis/modeling/trajectories/ for other options.
### Run 0 starts.
### Run 0 start.

-------- WWWW ------- G4Exception-START -------- WWWW -------
*** G4Exception : Analysis_W012
      issued by : G4VFileManager::SetHistoDirectoryName()
Cannot set Histo directory name as its value was already used.
*** This is just a warning message. ***
-------- WWWW -------- G4Exception-END --------- WWWW -------


----> Histogram Tree is opened in adjoint_sim.root
nb event 0
nb event 1
nb event 2
nb event 3
nb event 4
Potential wrong adjoint weight!
The results of this event will not be registered!
previous mean edep [MeV] 0.000278266
previous relative error 0.0565247
new rejected mean edep [MeV] 0.000402802
new rejected relative error 1
nb event 5
nb event 6
Potential wrong adjoint weight!
The results of this event will not be registered!
previous mean edep [MeV] 0.000278266
previous relative error 0.0565247
new rejected mean edep [MeV] 0.000185516
new rejected relative error 0.41211
nb event 7
nb event 8
Potential wrong adjoint weight!
The results of this event will not be registered!
previous mean edep [MeV] 0.000278266
previous relative error 0.0565247
new rejected mean edep [MeV] 0.000140249
new rejected relative error 0.495257
nb event 9
nb event 10
Potential wrong adjoint weight!
The results of this event will not be registered!
previous mean edep [MeV] 0.000278266
previous relative error 0.0565247
new rejected mean edep [MeV] 0.00100193
new rejected relative error 0.772248
nb event 11
Potential wrong adjoint weight!
The results of this event will not be registered!
previous mean edep [MeV] 0.000278266
previous relative error 0.0565247
new rejected mean edep [MeV] 9.27554e-05
new rejected relative error 0.580111
nb event 12
Potential wrong adjoint weight!
The results of this event will not be registered!
previous mean edep [MeV] 0.000278266
previous relative error 0.0565247
new rejected mean edep [MeV] 0.000334681
new rejected relative error 0.628093
nb event 13
Potential wrong adjoint weight!
The results of this event will not be registered!
previous mean edep [MeV] 0.000278266
previous relative error 0.0565247
new rejected mean edep [MeV] 0.000118272
new rejected relative error 0.43814
nb event 14
Potential wrong adjoint weight!
The results of this event will not be registered!
previous mean edep [MeV] 0.000278266
previous relative error 0.0565247
new rejected mean edep [MeV] 7.98278e-05
new rejected relative error 0.596899
nb event 15
Potential wrong adjoint weight!
The results of this event will not be registered!
previous mean edep [MeV] 0.000278266
previous relative error 0.0565247
new rejected mean edep [MeV] 6.95666e-05
new rejected relative error 0.614976
nb event 16
Potential wrong adjoint weight!
The results of this event will not be registered!
previous mean edep [MeV] 0.000278266
previous relative error 0.0565247
new rejected mean edep [MeV] 7.40083e-05
new rejected relative error 0.568515
nb event 17
Potential wrong adjoint weight!
The results of this event will not be registered!
previous mean edep [MeV] 0.000278266
previous relative error 0.0565247
new rejected mean edep [MeV] 6.18369e-05
new rejected relative error 0.626166
nb event 18
Potential wrong adjoint weight!
The results of this event will not be registered!
previous mean edep [MeV] 0.000278266
previous relative error 0.0565247
new rejected mean edep [MeV] 0.000910166
new rejected relative error 0.871749
nb event 19
nb event 20
Potential wrong adjoint weight!
The results of this event will not be registered!
previous mean edep [MeV] 0.000278266
previous relative error 0.0565247
new rejected mean edep [MeV] 5.58816e-05
new rejected relative error 0.63175
nb event 21
Potential wrong adjoint weight!
The results of this event will not be registered!
previous mean edep [MeV] 0.000278266
previous relative error 0.0565247
new rejected mean edep [MeV] 5.05939e-05
new rejected relative error 0.642095
nb event 22
Potential wrong adjoint weight!
The results of this event will not be registered!
previous mean edep [MeV] 0.000278266
previous relative error 0.0565247
new rejected mean edep [MeV] 9.97692e-05
new rejected relative error 0.530503
nb event 23
nb event 24
Potential wrong adjoint weight!
The results of this event will not be registered!
previous mean edep [MeV] 0.000278266
previous relative error 0.0565247
new rejected mean edep [MeV] 4.64626e-05
new rejected relative error 0.646551
nb event 25
nb event 26
Potential wrong adjoint weight!
The results of this event will not be registered!
previous mean edep [MeV] 0.000278266
previous relative error 0.0565247
new rejected mean edep [MeV] 0.000128184
new rejected relative error 0.650226
nb event 27
nb event 28
Potential wrong adjoint weight!
The results of this event will not be registered!
previous mean edep [MeV] 0.000278266
previous relative error 0.0565247
new rejected mean edep [MeV] 5.77777e-05
new rejected relative error 0.513908
nb event 29
nb event 30
Potential wrong adjoint weight!
The results of this event will not be registered!
previous mean edep [MeV] 0.000278266
previous relative error 0.0565247
new rejected mean edep [MeV] 8.87616e-05
new rejected relative error 0.599983
nb event 31
Potential wrong adjoint weight!
The results of this event will not be registered!
previous mean edep [MeV] 0.000278266
previous relative error 0.0565247
new rejected mean edep [MeV] 3.47839e-05
new rejected relative error 0.663835
nb event 32
Potential wrong adjoint weight!
The results of this event will not be registered!
previous mean edep [MeV] 0.000278266
previous relative error 0.0565247
new rejected mean edep [MeV] 0.000529755
new rejected relative error 0.901478
nb event 33
Potential wrong adjoint weight!
The results of this event will not be registered!
previous mean edep [MeV] 0.000278266
previous relative error 0.0565247
new rejected mean edep [MeV] 3.27372e-05
new rejected relative error 0.666612
nb event 34
Potential wrong adjoint weight!
The results of this event will not be registered!
previous mean edep [MeV] 0.000278266
previous relative error 0.0565247
new rejected mean edep [MeV] 0.000148363
new rejected relative error 0.757003
nb event 35
nb event 36
Potential wrong adjoint weight!
The results of this event will not be registered!
previous mean edep [MeV] 0.000278266
previous relative error 0.0565247
new rejected mean edep [MeV] 0.000114416
new rejected relative error 0.716767
nb event 37
nb event 38
Potential wrong adjoint weight!
The results of this event will not be registered!
previous mean edep [MeV] 0.000278266
previous relative error 0.0565247
new rejected mean edep [MeV] 0.000103493
new rejected relative error 0.708329
nb event 39
Potential wrong adjoint weight!
The results of this event will not be registered!
previous mean edep [MeV] 0.000278266
previous relative error 0.0565247
new rejected mean edep [MeV] 2.78266e-05
new rejected relative error 0.673198
nb event 40
nb event 41
nb event 42
Potential wrong adjoint weight!
The results of this event will not be registered!
previous mean edep [MeV] 0.000278266
previous relative error 0.0565247
new rejected mean edep [MeV] 2.68812e-05
new rejected relative error 0.664576
nb event 43
Potential wrong adjoint weight!
The results of this event will not be registered!
previous mean edep [MeV] 0.000278266
previous relative error 0.0565247
new rejected mean edep [MeV] 2.52969e-05
new rejected relative error 0.676565
nb event 44
Potential wrong adjoint weight!
The results of this event will not be registered!
previous mean edep [MeV] 0.000278266
previous relative error 0.0565247
new rejected mean edep [MeV] 2.55264e-05
new rejected relative error 0.669938
nb event 45
nb event 46
Potential wrong adjoint weight!
The results of this event will not be registered!
previous mean edep [MeV] 0.000278266
previous relative error 0.0565247
new rejected mean edep [MeV] 2.42122e-05
new rejected relative error 0.677561
nb event 47
Potential wrong adjoint weight!
The results of this event will not be registered!
previous mean edep [MeV] 0.000278266
previous relative error 0.0565247
new rejected mean edep [MeV] 2.31889e-05
new rejected relative error 0.679359
nb event 48
Potential wrong adjoint weight!
The results of this event will not be registered!
previous mean edep [MeV] 0.000278266
previous relative error 0.0565247
new rejected mean edep [MeV] 2.48494e-05
new rejected relative error 0.633238
nb event 49
nb event 50
Potential wrong adjoint weight!
The results of this event will not be registered!
previous mean edep [MeV] 0.000278266
previous relative error 0.0565247
new rejected mean edep [MeV] 8.07516e-05
new rejected relative error 0.723109
nb event 51
nb event 52
nb event 53
nb event 54
Potential wrong adjoint weight!
The results of this event will not be registered!
previous mean edep [MeV] 0.000278266
previous relative error 0.0565247
new rejected mean edep [MeV] 2.0617e-05
new rejected relative error 0.682591
nb event 55
nb event 56
Potential wrong adjoint weight!
The results of this event will not be registered!
previous mean edep [MeV] 0.000278266
previous relative error 0.0565247
new rejected mean edep [MeV] 1.98784e-05
new rejected relative error 0.683644
nb event 57
nb event 58
nb event 59
Potential wrong adjoint weight!
The results of this event will not be registered!
previous mean edep [MeV] 0.000278266
previous relative error 0.0565247
new rejected mean edep [MeV] 1.85511e-05
new rejected relative error 0.685465
nb event 60
nb event 61
nb event 62
Potential wrong adjoint weight!
The results of this event will not be registered!
previous mean edep [MeV] 0.000278266
previous relative error 0.0565247
new rejected mean edep [MeV] 1.79527e-05
new rejected relative error 0.686248
nb event 63
Potential wrong adjoint weight!
The results of this event will not be registered!
previous mean edep [MeV] 0.000278266
previous relative error 0.0565247
new rejected mean edep [MeV] 1.74834e-05
new rejected relative error 0.683156
nb event 64
Potential wrong adjoint weight!
The results of this event will not be registered!
previous mean edep [MeV] 0.000278266
previous relative error 0.0565247
new rejected mean edep [MeV] 1.73952e-05
new rejected relative error 0.686835
nb event 65
Potential wrong adjoint weight!
The results of this event will not be registered!
previous mean edep [MeV] 0.000278266
previous relative error 0.0565247
new rejected mean edep [MeV] 1.68646e-05
new rejected relative error 0.687671
nb event 66
Potential wrong adjoint weight!
The results of this event will not be registered!
previous mean edep [MeV] 0.000278266
previous relative error 0.0565247
new rejected mean edep [MeV] 2.18863e-05
new rejected relative error 0.566672
nb event 67
Potential wrong adjoint weight!
The results of this event will not be registered!
previous mean edep [MeV] 0.000278266
previous relative error 0.0565247
new rejected mean edep [MeV] 1.63686e-05
new rejected relative error 0.688318
nb event 68
Potential wrong adjoint weight!
The results of this event will not be registered!
previous mean edep [MeV] 0.000278266
previous relative error 0.0565247
new rejected mean edep [MeV] 3.04871e-05
new rejected relative error 0.574544
nb event 69
Potential wrong adjoint weight!
The results of this event will not be registered!
previous mean edep [MeV] 0.000278266
previous relative error 0.0565247
new rejected mean edep [MeV] 1.59009e-05
new rejected relative error 0.688929
nb event 70
Potential wrong adjoint weight!
The results of this event will not be registered!
previous mean edep [MeV] 0.000278266
previous relative error 0.0565247
new rejected mean edep [MeV] 1.59402e-05
new rejected relative error 0.687135
nb event 71
nb event 72
Potential wrong adjoint weight!
The results of this event will not be registered!
previous mean edep [MeV] 0.000278266
previous relative error 0.0565247
new rejected mean edep [MeV] 1.5476e-05
new rejected relative error 0.688717
nb event 73
nb event 74
Potential wrong adjoint weight!
The results of this event will not be registered!
previous mean edep [MeV] 0.000278266
previous relative error 0.0565247
new rejected mean edep [MeV] 1.51322e-05
new rejected relative error 0.685698
nb event 75
nb event 76
Potential wrong adjoint weight!
The results of this event will not be registered!
previous mean edep [MeV] 0.000278266
previous relative error 0.0565247
new rejected mean edep [MeV] 4.01439e-05
new rejected relative error 0.666411
nb event 77
nb event 78
nb event 79
nb event 80
nb event 81
nb event 82
nb event 83
nb event 84
nb event 85
nb event 86
nb event 87
nb event 88
nb event 89
nb event 90
nb event 91
nb event 92
nb event 93
nb event 94
nb event 95
nb event 96
nb event 97
nb event 98
nb event 99
nb event 100
nb event 200
nb event 300
nb event 400
nb event 500
nb event 1000
nb event 1500
nb event 2000
nb event 2500
nb event 3000
nb event 3500
nb event 4000
nb event 4500
nb event 5000
nb event 10000
nb event 15000
nb event 20000
nb event 25000
nb event 30000
nb event 35000
nb event 40000
nb event 45000
nb event 50000
nb event 55000
nb event 60000
nb event 65000
nb event 70000
nb event 75000
nb event 80000
nb event 85000
nb event 90000
nb event 95000
nb event 100000
nb event 105000
nb event 110000
nb event 115000
nb event 120000
nb event 125000
nb event 130000
nb event 135000
nb event 140000
nb event 145000
nb event 150000
nb event 155000
nb event 160000
nb event 165000
nb event 170000
nb event 175000
1%  Precision reached!
 Run terminated.
Run Summary
  Run Aborted after 175290 events processed.
  User=554.170000s Real=561.761553s Sys=0.540000s
Results of reverse/adjoint simulation!
normalised edep [MeV] = 0.00166348
error[MeV] = 1.66344e-05

----> Histogram Tree is saved in adjoint_sim.root
Graphics systems deleted.
Visualization Manager deleting...
G4 kernel has come to Quit state.
================== Deleting memory pools ===================
Number of memory pools allocated: 12 of which, static: 1
Dynamic pools deleted: 11 / Total memory freed: 28 MB
============================================================
RunManagerKernel is deleted. Good bye :)
