
*************************************************************
 Geant4 version Name: geant4-09-05-ref-07    (10-August-2012)
                      Copyright : Geant4 Collaboration
                      Reference : NIM A 506 (2003), 250-303
                            WWW : http://cern.ch/geant4
*************************************************************


### ===  Deexcitation model UAtomDeexcitation is activated for regions:
          DefaultRegionForTheWorld
/run/verbose 1
#
/gun/particle ion
/gun/ion 27 60
#
/tracking/verbose 2
/run/beamOn 1

========= Table of registered couples ==============================

Index : 0     used in the geometry : Yes     recalculation needed : No 
 Material : G4_AIR
 Range cuts        :  gamma  1 mm     e-  1 mm     e+  1 mm  proton 1 mm 
 Energy thresholds :  gamma  990 eV     e-  990 eV     e+  990 eV  proton 100 keV
 Region(s) which use this couple : 
    DefaultRegionForTheWorld

====================================================================

Start Run processing.

*********************************************************************************************************
* G4Track Information:   Particle = Co60[0.0],   Track ID = 1,   Parent ID = 0
*********************************************************************************************************

Step#      X         Y         Z        KineE    dEStep   StepLeng  TrakLeng    Volume     Process
    0      0 fm      0 fm      0 fm      0 eV      0 eV      0 fm      0 fm      World   initStep
G4RIsotopeTable::GetMeanLife() : cannot find ion radioactive decay file: /data/cdash/G4/release/slc5-gcc43/data/RadioactiveDecay3.4/z28.a60
G4RIsotopeTable::GetMeanLife() : cannot find ion radioactive decay file: /data/cdash/G4/release/slc5-gcc43/data/RadioactiveDecay3.4/z28.a60
    1      0 fm      0 fm      0 fm      0 eV      0 eV      0 fm      0 fm      World   RadioactiveDecay

    :----- List of secondaries ----------------
    Ni60[2505.7]:  energy = 1.482 eV   time = 9.986 y  
       anti_nu_e:  energy = 188.7 keV  time = 9.986 y  
              e-:  energy = 129.4 keV  time = 9.986 y  
    :------------------------------------------


*********************************************************************************************************
* G4Track Information:   Particle = e-,   Track ID = 4,   Parent ID = 1
*********************************************************************************************************

Step#      X         Y         Z        KineE    dEStep   StepLeng  TrakLeng    Volume     Process
    0      0 fm      0 fm      0 fm    129 keV     0 eV      0 fm      0 fm      World   initStep
    1   -217 nm  -35.7 nm      1 um    129 keV     0 eV   1.02 um   1.02 um      World   OutOfWorld

*********************************************************************************************************
* G4Track Information:   Particle = anti_nu_e,   Track ID = 3,   Parent ID = 1
*********************************************************************************************************

Step#      X         Y         Z        KineE    dEStep   StepLeng  TrakLeng    Volume     Process
    0      0 fm      0 fm      0 fm    189 keV     0 eV      0 fm      0 fm      World   initStep
    1   -171 nm     -1 um   -213 nm    189 keV     0 eV   1.04 um   1.04 um      World   OutOfWorld

*********************************************************************************************************
* G4Track Information:   Particle = Ni60[2505.7],   Track ID = 2,   Parent ID = 1
*********************************************************************************************************

Step#      X         Y         Z        KineE    dEStep   StepLeng  TrakLeng    Volume     Process
    0      0 fm      0 fm      0 fm   1.48 eV      0 eV      0 fm      0 fm      World   initStep
    1    1.4 nm   2.42 nm  -4.18 nm   1.48 eV      0 eV   5.03 nm   5.03 nm      World   RadioactiveDecay

    :----- List of secondaries ----------------
    Ni60[1332.5]:  energy = 1.482 eV   time = 9.986 y  
           gamma:  energy = 1.173 MeV  time = 9.986 y  
    :------------------------------------------


 end of event      0 : Co60[0.0] ---> Ni60[2505.7]
Run terminated.
Run Summary
  Number of events processed : 1
  User=0s Real=0.01s Sys=0s

 ======================== run summary ======================
 The run was 1 Co60[0.0] of 0 eV 
 ===========================================================

 Nb of generated particles: 

      Co60[0.0]:       1  Emean =      0 eV 	( 0 eV  --> 0 eV )
   Ni60[2505.7]:       1  Emean =  1.482 eV 	( 1.482 eV  --> 1.482 eV )
      anti_nu_e:       1  Emean =  188.7 keV	( 188.7 keV --> 188.7 keV)
             e-:       1  Emean =  129.4 keV	( 129.4 keV --> 129.4 keV)

   Ekin Total (Q): mean =  745.7 keV	( 318.2 keV --> 1.173 MeV)

   Momentum balance (excluding gamma desexcitation): mean =  4.434 eV 	( 0.6003 eV  --> 8.269 eV )

   Activity of Co60[0.0] = 3.187e+13 Bq/g   (861.4 Ci/g) 

#
/tracking/verbose 0
/rdecay01/event/printModulo 10000
#
/run/beamOn 100000

========= Table of registered couples ==============================

Index : 0     used in the geometry : Yes     recalculation needed : No 
 Material : G4_AIR
 Range cuts        :  gamma  1 mm     e-  1 mm     e+  1 mm  proton 1 mm 
 Energy thresholds :  gamma  990 eV     e-  990 eV     e+  990 eV  proton 100 keV
 Region(s) which use this couple : 
    DefaultRegionForTheWorld

====================================================================

Start Run processing.

 end of event      0 : Co60[0.0] ---> Ni60[2505.7]
G4RIsotopeTable::GetMeanLife() : cannot find ion radioactive decay file: /data/cdash/G4/release/slc5-gcc43/data/RadioactiveDecay3.4/z28.a60

 end of event  10000 : Co60[0.0] ---> Ni60[2505.7]

 end of event  20000 : Co60[0.0] ---> Ni60[2505.7]
G4RIsotopeTable::GetMeanLife() : cannot find ion radioactive decay file: /data/cdash/G4/release/slc5-gcc43/data/RadioactiveDecay3.4/z28.a60

 end of event  30000 : Co60[0.0] ---> Ni60[2505.7]

 end of event  40000 : Co60[0.0] ---> Ni60[2505.7]

 end of event  50000 : Co60[0.0] ---> Ni60[2505.7]

 end of event  60000 : Co60[0.0] ---> Ni60[2505.7]

 end of event  70000 : Co60[0.0] ---> Ni60[2505.7]

 end of event  80000 : Co60[0.0] ---> Ni60[2505.7]

 end of event  90000 : Co60[0.0] ---> Ni60[2505.7]
Run terminated.
Run Summary
  Number of events processed : 100000
  User=4.08s Real=4.24s Sys=0.01s

 ======================== run summary ======================
 The run was 100000 Co60[0.0] of 0 eV 
 ===========================================================

 Nb of generated particles: 

      Co60[0.0]:  100000  Emean =      0 eV 	( 0 eV  --> 0 eV )
   Ni60[1332.5]:     124  Emean =  17.82 eV 	( 1.131 eV  --> 32.2 eV )
   Ni60[2505.7]:   99876  Emean =  1.482 eV 	( 0.001666 eV  --> 3.76 eV )
      anti_nu_e:  100000  Emean =  223.4 keV	( 3.697 keV --> 1.473 MeV)
             e-:  100000  Emean =  96.23 keV	( 5.539 eV  --> 1.233 MeV)

   Ekin Total (Q): mean =  746.5 keV	( 318.2 keV --> 1.491 MeV)

   Momentum balance (excluding gamma desexcitation): mean =  187.9 eV 	( 1.478e-10 eV  --> 1.604 MeV)

   Activity of Co60[0.0] = 4.177e+13 Bq/g   (1129 Ci/g) 

#
/rdecay01/fullChain true
#
/run/beamOn 100000

========= Table of registered couples ==============================

Index : 0     used in the geometry : Yes     recalculation needed : No 
 Material : G4_AIR
 Range cuts        :  gamma  1 mm     e-  1 mm     e+  1 mm  proton 1 mm 
 Energy thresholds :  gamma  990 eV     e-  990 eV     e+  990 eV  proton 100 keV
 Region(s) which use this couple : 
    DefaultRegionForTheWorld

====================================================================

Start Run processing.

 end of event      0 : Co60[0.0] ---> Ni60[2505.7] ---> Ni60[1332.5] ---> Ni60[0.0]

 end of event  10000 : Co60[0.0] ---> Ni60[2505.7] ---> Ni60[1332.5] ---> Ni60[0.0]

 end of event  20000 : Co60[0.0] ---> Ni60[2505.7] ---> Ni60[1332.5] ---> Ni60[0.0]

 end of event  30000 : Co60[0.0] ---> Ni60[2505.7] ---> Ni60[1332.5] ---> Ni60[0.0]

 end of event  40000 : Co60[0.0] ---> Ni60[2505.7] ---> Ni60[1332.5] ---> Ni60[0.0]

 end of event  50000 : Co60[0.0] ---> Ni60[2505.7] ---> Ni60[1332.5] ---> Ni60[0.0]

 end of event  60000 : Co60[0.0] ---> Ni60[2505.7] ---> Ni60[1332.5] ---> Ni60[0.0]

 end of event  70000 : Co60[0.0] ---> Ni60[2505.7] ---> Ni60[1332.5] ---> Ni60[0.0]

 end of event  80000 : Co60[0.0] ---> Ni60[2505.7] ---> Ni60[1332.5] ---> Ni60[0.0]

 end of event  90000 : Co60[0.0] ---> Ni60[2505.7] ---> Ni60[1332.5] ---> Ni60[0.0]
Run terminated.
Run Summary
  Number of events processed : 100000
  User=6.45s Real=8.31s Sys=0s

 ======================== run summary ======================
 The run was 100000 Co60[0.0] of 0 eV 
 ===========================================================

 Nb of generated particles: 

      Co60[0.0]:  100000  Emean =      0 eV 	( 0 eV  --> 0 eV )
      Ni60[0.0]:  100000  Emean =      0 eV 	( 0 eV  --> 0 eV )
   Ni60[1332.5]:  100000  Emean = 0.02037 eV 	( 0 eV  --> 32.5 eV )
   Ni60[2158.6]:       2  Emean =      0 eV 	( 0 eV  --> 0 eV )
   Ni60[2505.7]:   99882  Emean =   1.48 eV 	( 0.001382 eV  --> 3.768 eV )
      anti_nu_e:  100000  Emean =  223.3 keV	( 3.952 keV --> 1.467 MeV)
             e-:  100028  Emean =  96.55 keV	( 2.969 eV  --> 1.415 MeV)
          gamma:  199856  Emean =  1.253 MeV	( 347.1 keV --> 1.332 MeV)

   Ekin Total (Q): mean =  941.7 keV	( 318.2 keV --> 1.491 MeV)

   Momentum balance (excluding gamma desexcitation): mean =  129.9 keV	( 0 eV  --> 2.006 MeV)

   Total time of life : mean =  7.617 y    half-life =   5.28 y     ( 56.56 min --> 90.15 y  )

   Activity of Co60[0.0] = 4.178e+13 Bq/g   (1129 Ci/g) 

G4 kernel has come to Quit state.
