
        ############################################
        !!! WARNING - FPE detection is activated !!!
        ############################################

<<<<<<< HEAD
*************************************************************
 Geant4 version Name: geant4-10-02-patch-03    (27-January-2017)
                      Copyright : Geant4 Collaboration
                      Reference : NIM A 506 (2003), 250-303
                            WWW : http://cern.ch/geant4
*************************************************************
=======
**************************************************************
 Geant4 version Name: geant4-10-06-ref-00    (6-December-2019)
                       Copyright : Geant4 Collaboration
                      References : NIM A 506 (2003), 250-303
                                 : IEEE-TNS 53 (2006), 270-278
                                 : NIM A 835 (2016), 186-225
                             WWW : http://geant4.org/
**************************************************************
>>>>>>> 5baee230e93612916bcea11ebf822756cfa7282c

PhysicsList::SetCuts:CutLength : 1 um 
Visualization Manager instantiating with verbosity "warnings (3)"...
Visualization Manager initialising...
Registering graphics systems...

You have successfully registered the following graphics systems.
Current available graphics systems are:
ASCIITree (ATree)
DAWNFILE (DAWNFILE)
G4HepRep (HepRepXML)
G4HepRepFile (HepRepFile)
RayTracer (RayTracer)
VRML1FILE (VRML1FILE)
VRML2FILE (VRML2FILE)
gMocrenFile (gMocrenFile)
OpenGLImmediateXm (OGLIXm, OGLI)
OpenGLStoredXm (OGLSXm, OGL, OGLS)
OpenGLImmediateX (OGLIX, OGLIXm_FALLBACK)
OpenGLStoredX (OGLSX, OGLSXm_FALLBACK)
RayTracerX (RayTracerX)

Registering model factories...

You have successfully registered the following model factories.
Registered model factories:
  generic
  drawByCharge
  drawByParticleID
  drawByOriginVolume
  drawByAttribute

Registered filter factories:
  chargeFilter
  particleFilter
  originVolumeFilter
  attributeFilter

You have successfully registered the following user vis actions.
Run Duration User Vis Actions: none
End of Event User Vis Actions: none
End of Run User Vis Actions: none

Some /vis commands (optionally) take a string to specify colour.
Available colours:
  black, blue, brown, cyan, gray, green, grey, magenta, red, white, yellow


msc:  for e-  SubType= 10
      RangeFactor= 0.04, stepLimType: 1, latDisp: 1
      ===== EM models for the G4Region  DefaultRegionForTheWorld ======
<<<<<<< HEAD
            UrbanMsc :  Emin=        0 eV    Emax=       10 TeV  Table with 77 bins Emin=    100 eV    Emax=     10 TeV
      ===== EM models for the G4Region  Target ======
            UrbanMsc :  Emin=        1 MeV   Emax=       10 TeV  Table with 49 bins Emin=      1 MeV   Emax=     10 TeV

eIoni:   for  e-    SubType= 2
      dE/dx and range tables from 100 eV  to 10 TeV in 77 bins
      Lambda tables from threshold to 10 TeV, 7 bins per decade, spline: 1
      finalRange(mm)= 1, dRoverRange= 0.2, integral: 1, fluct: 1, linLossLimit= 0.01
      ===== EM models for the G4Region  DefaultRegionForTheWorld ======
        MollerBhabha :  Emin=        0 eV    Emax=       10 TeV
      ===== EM models for the G4Region  Target ======
        MollerBhabha :  Emin=        1 MeV   Emax=       10 TeV

e-_G4DNAElastic:   for  e-    SubType= 51  BuildTable= 0
 Total cross sections computed from DummyModel model
      ===== EM models for the G4Region  DefaultRegionForTheWorld ======
          DummyModel :  Emin=        0 eV    Emax=       10 TeV
=======
            UrbanMsc : Emin=    0 eV  Emax=  100 TeV Nbins=84 100 eV  - 100 TeV
      ===== EM models for the G4Region  Target ======
            UrbanMsc : Emin=    1 MeV Emax=  100 TeV Nbins=56   1 MeV - 100 TeV

eIoni:  for e-  SubType=2
      dE/dx and range tables from 100 eV  to 100 TeV in 84 bins
      Lambda tables from threshold to 100 TeV, 7 bins/decade, spline: 1
      StepFunction=(0.2, 1 mm), integ: 1, fluct: 1, linLossLim= 0.01
      ===== EM models for the G4Region  DefaultRegionForTheWorld ======
        MollerBhabha : Emin=    0 eV  Emax=  100 TeV
      ===== EM models for the G4Region  Target ======
        MollerBhabha : Emin=    1 MeV Emax=  100 TeV

e-_G4DNAElastic:  for e- SubType=51 BuildTable=0
      ===== EM models for the G4Region  DefaultRegionForTheWorld ======
          DummyModel : Emin=    0 eV  Emax=  100 TeV
>>>>>>> 5baee230e93612916bcea11ebf822756cfa7282c
      ===== EM models for the G4Region  Target ======
DNAChampionElasticModel : Emin=    0 eV  Emax=    1 MeV

<<<<<<< HEAD
e-_G4DNAExcitation:   for  e-    SubType= 52  BuildTable= 0
 Total cross sections computed from DummyModel
      ===== EM models for the G4Region  DefaultRegionForTheWorld ======
          DummyModel :  Emin=        0 eV    Emax=       10 TeV
=======
e-_G4DNAExcitation:  for e- SubType=52 BuildTable=0
      ===== EM models for the G4Region  DefaultRegionForTheWorld ======
          DummyModel : Emin=    0 eV  Emax=  100 TeV
>>>>>>> 5baee230e93612916bcea11ebf822756cfa7282c
      ===== EM models for the G4Region  Target ======
DNABornExcitationModel : Emin=    0 eV  Emax=    1 MeV

<<<<<<< HEAD
e-_G4DNAIonisation:   for  e-    SubType= 53  BuildTable= 0
 Total cross sections computed from DummyModel
      ===== EM models for the G4Region  DefaultRegionForTheWorld ======
          DummyModel :  Emin=        0 eV    Emax=       10 TeV
=======
e-_G4DNAIonisation:  for e- SubType=53 BuildTable=0
      ===== EM models for the G4Region  DefaultRegionForTheWorld ======
          DummyModel : Emin=    0 eV  Emax=  100 TeV
>>>>>>> 5baee230e93612916bcea11ebf822756cfa7282c
      ===== EM models for the G4Region  Target ======
DNABornIonisationModel : Emin=    0 eV  Emax=    1 MeV  deltaBorn

<<<<<<< HEAD
e-_G4DNAAttachment:   for  e-    SubType= 55  BuildTable= 0
 Total cross sections computed from DummyModel
      ===== EM models for the G4Region  DefaultRegionForTheWorld ======
          DummyModel :  Emin=        0 eV    Emax=       10 TeV
=======
e-_G4DNAAttachment:  for e- SubType=55 BuildTable=0
      ===== EM models for the G4Region  DefaultRegionForTheWorld ======
          DummyModel : Emin=    0 eV  Emax=  100 TeV
>>>>>>> 5baee230e93612916bcea11ebf822756cfa7282c
      ===== EM models for the G4Region  Target ======
DNAMeltonAttachmentModel : Emin=    0 eV  Emax=   13 eV 

<<<<<<< HEAD
e-_G4DNAVibExcitation:   for  e-    SubType= 54  BuildTable= 0
 Total cross sections computed from DummyModel
      ===== EM models for the G4Region  DefaultRegionForTheWorld ======
          DummyModel :  Emin=        0 eV    Emax=       10 TeV
=======
e-_G4DNAVibExcitation:  for e- SubType=54 BuildTable=0
      ===== EM models for the G4Region  DefaultRegionForTheWorld ======
          DummyModel : Emin=    0 eV  Emax=  100 TeV
>>>>>>> 5baee230e93612916bcea11ebf822756cfa7282c
      ===== EM models for the G4Region  Target ======
DNASancheExcitationModel : Emin=    0 eV  Emax=  100 eV 

msc:  for proton  SubType= 10
      RangeFactor= 0.2, stepLimType: 0, latDisp: 0
      ===== EM models for the G4Region  DefaultRegionForTheWorld ======
<<<<<<< HEAD
            UrbanMsc :  Emin=        0 eV    Emax=       10 TeV  Table with 77 bins Emin=    100 eV    Emax=     10 TeV

hIoni:   for  proton    SubType= 2
      dE/dx and range tables from 100 eV  to 10 TeV in 77 bins
      Lambda tables from threshold to 10 TeV, 7 bins per decade, spline: 1
      finalRange(mm)= 0.1, dRoverRange= 0.2, integral: 1, fluct: 1, linLossLimit= 0.01
      ===== EM models for the G4Region  DefaultRegionForTheWorld ======
         BraggIonGas :  Emin=        0 eV    Emax=        2 MeV
    BetheBlochGasIon :  Emin=        2 MeV   Emax=       10 TeV
      ===== EM models for the G4Region  Target ======
         BraggIonGas :  Emin=      9.9 MeV   Emax=        2 MeV
    BetheBlochGasIon :  Emin=      9.9 MeV   Emax=       10 TeV

proton_G4DNAExcitation:   for  proton    SubType= 52  BuildTable= 0
 Total cross sections computed from DummyModel and DummyModel models
      ===== EM models for the G4Region  DefaultRegionForTheWorld ======
          DummyModel :  Emin=        0 eV    Emax=       10 TeV
=======
        WentzelVIUni : Emin=    0 eV  Emax=  100 TeV Nbins=84 100 eV  - 100 TeV
      ===== EM models for the G4Region  Target ======
        WentzelVIUni : Emin=    1 MeV Emax=  100 TeV Nbins=56   1 MeV - 100 TeV

CoulombScat:  for proton, integral:1  SubType=1 BuildTable=1
      Lambda table from threshold  to 100 TeV, 7 bins/decade, spline: 1
      ThetaMin(p) < Theta(degree) < 180 pLimit(GeV^1)= 0.139531
      ===== EM models for the G4Region  DefaultRegionForTheWorld ======
  eCoulombScattering : Emin=    0 eV  Emax=  100 TeV
      ===== EM models for the G4Region  Target ======
  eCoulombScattering : Emin=    1 MeV Emax=  100 TeV

hIoni:  for proton  SubType=2
      dE/dx and range tables from 100 eV  to 100 TeV in 84 bins
      Lambda tables from threshold to 100 TeV, 7 bins/decade, spline: 1
      StepFunction=(0.2, 0.1 mm), integ: 1, fluct: 1, linLossLim= 0.01
      ===== EM models for the G4Region  DefaultRegionForTheWorld ======
               Bragg : Emin=    0 eV  Emax=    2 MeV
          BetheBloch : Emin=    2 MeV Emax=  100 TeV
      ===== EM models for the G4Region  Target ======
          BetheBloch : Emin=  9.9 MeV Emax=  100 TeV

proton_G4DNAExcitation:  for proton SubType=52 BuildTable=0
      ===== EM models for the G4Region  DefaultRegionForTheWorld ======
          DummyModel : Emin=    0 eV  Emax=  100 TeV
>>>>>>> 5baee230e93612916bcea11ebf822756cfa7282c
      ===== EM models for the G4Region  Target ======
DNAMillerGreenExcitationModel : Emin=    0 eV  Emax=  500 keV
DNABornExcitationModel : Emin=  500 keV Emax=   10 MeV

<<<<<<< HEAD
proton_G4DNAIonisation:   for  proton    SubType= 53  BuildTable= 0
 Total cross sections computed from DummyModel and DummyModel models
      ===== EM models for the G4Region  DefaultRegionForTheWorld ======
          DummyModel :  Emin=        0 eV    Emax=       10 TeV
=======
proton_G4DNAIonisation:  for proton SubType=53 BuildTable=0
      ===== EM models for the G4Region  DefaultRegionForTheWorld ======
          DummyModel : Emin=    0 eV  Emax=  100 TeV
>>>>>>> 5baee230e93612916bcea11ebf822756cfa7282c
      ===== EM models for the G4Region  Target ======
DNARuddIonisationModel : Emin=    0 eV  Emax=  500 keV  deltaRudd
DNABornIonisationModel : Emin=  500 keV Emax=   10 MeV  deltaBorn

<<<<<<< HEAD
proton_G4DNAChargeDecrease:   for  proton    SubType= 56  BuildTable= 0
 Total cross sections computed from DNADingfelderChargeDecreaseModel model
      ===== EM models for the G4Region  DefaultRegionForTheWorld ======
DNADingfelderChargeDecreaseModel :  Emin=        0 eV    Emax=      100 MeV
=======
proton_G4DNAElastic:  for proton SubType=51 BuildTable=0
      ===== EM models for the G4Region  DefaultRegionForTheWorld ======
          DummyModel : Emin=    0 eV  Emax=  100 TeV
      ===== EM models for the G4Region  Target ======
  DNAIonElasticModel : Emin=    0 eV  Emax=    1 MeV

proton_G4DNAChargeDecrease:  for proton SubType=56 BuildTable=0
      ===== EM models for the G4Region  DefaultRegionForTheWorld ======
          DummyModel : Emin=    0 eV  Emax=  100 TeV
      ===== EM models for the G4Region  Target ======
DNADingfelderChargeDecreaseModel : Emin=    0 eV  Emax=   10 MeV
>>>>>>> 5baee230e93612916bcea11ebf822756cfa7282c

msc:  for GenericIon  SubType= 10
      RangeFactor= 0.2, stepLimType: 0, latDisp: 0
      ===== EM models for the G4Region  DefaultRegionForTheWorld ======
<<<<<<< HEAD
            UrbanMsc :  Emin=        0 eV    Emax=       10 TeV

ionIoni:   for  GenericIon    SubType= 2
      dE/dx and range tables from 100 eV  to 10 TeV in 77 bins
      Lambda tables from threshold to 10 TeV, 7 bins per decade, spline: 1
      finalRange(mm)= 0.01, dRoverRange= 0.1, integral: 1, fluct: 1, linLossLimit= 0.02
      Stopping Power data for 17 ion/material pairs 
      ===== EM models for the G4Region  DefaultRegionForTheWorld ======
         BraggIonGas :  Emin=        0 eV    Emax=        2 MeV
    BetheBlochGasIon :  Emin=        2 MeV   Emax=       10 TeV
=======
            UrbanMsc : Emin=    0 eV  Emax=  100 TeV

ionIoni:  for GenericIon  SubType=2
      dE/dx and range tables from 100 eV  to 100 TeV in 84 bins
      Lambda tables from threshold to 100 TeV, 7 bins/decade, spline: 1
      StepFunction=(0.2, 0.1 mm), integ: 1, fluct: 1, linLossLim= 0.02
      Stopping Power data for 17 ion/material pairs
      ===== EM models for the G4Region  DefaultRegionForTheWorld ======
            BraggIon : Emin=    0 eV  Emax=    2 MeV
          BetheBloch : Emin=    2 MeV Emax=  100 TeV
>>>>>>> 5baee230e93612916bcea11ebf822756cfa7282c

msc:  for alpha  SubType= 10
      RangeFactor= 0.2, stepLimType: 0, latDisp: 0
      ===== EM models for the G4Region  DefaultRegionForTheWorld ======
<<<<<<< HEAD
            UrbanMsc :  Emin=        0 eV    Emax=       10 TeV  Table with 77 bins Emin=    100 eV    Emax=     10 TeV

ionIoni:   for  alpha    SubType= 2
      dE/dx and range tables from 100 eV  to 10 TeV in 77 bins
      Lambda tables from threshold to 10 TeV, 7 bins per decade, spline: 1
      finalRange(mm)= 0.01, dRoverRange= 0.1, integral: 1, fluct: 1, linLossLimit= 0.02
      ===== EM models for the G4Region  DefaultRegionForTheWorld ======
         BraggIonGas :  Emin=        0 eV    Emax=   7.9452 MeV
    BetheBlochGasIon :  Emin=   7.9452 MeV   Emax=       10 TeV
      ===== EM models for the G4Region  Target ======
         BraggIonGas :  Emin=      9.9 MeV   Emax=        2 MeV
    BetheBlochGasIon :  Emin=      9.9 MeV   Emax=       10 TeV

alpha_G4DNAExcitation:   for  alpha    SubType= 52  BuildTable= 0
 Total cross sections computed from DummyModel
      ===== EM models for the G4Region  DefaultRegionForTheWorld ======
          DummyModel :  Emin=        0 eV    Emax=       10 TeV
=======
            UrbanMsc : Emin=    0 eV  Emax=  100 TeV Nbins=84 100 eV  - 100 TeV
      ===== EM models for the G4Region  Target ======
            UrbanMsc : Emin=    1 MeV Emax=  100 TeV Nbins=56   1 MeV - 100 TeV

ionIoni:  for alpha  SubType=2
      dE/dx and range tables from 100 eV  to 100 TeV in 84 bins
      Lambda tables from threshold to 100 TeV, 7 bins/decade, spline: 1
      StepFunction=(0.2, 0.1 mm), integ: 1, fluct: 1, linLossLim= 0.02
      ===== EM models for the G4Region  DefaultRegionForTheWorld ======
            BraggIon : Emin=    0 eV  Emax=7.9452 MeV
          BetheBloch : Emin=7.9452 MeV Emax=  100 TeV
      ===== EM models for the G4Region  Target ======
          BetheBloch : Emin=  9.9 MeV Emax=  100 TeV

alpha_G4DNAExcitation:  for alpha SubType=52 BuildTable=0
      ===== EM models for the G4Region  DefaultRegionForTheWorld ======
          DummyModel : Emin=    0 eV  Emax=  100 TeV
>>>>>>> 5baee230e93612916bcea11ebf822756cfa7282c
      ===== EM models for the G4Region  Target ======
DNAMillerGreenExcitationModel : Emin=    0 eV  Emax=   10 MeV

<<<<<<< HEAD
alpha_G4DNAIonisation:   for  alpha    SubType= 53  BuildTable= 0
 Total cross sections computed from DummyModel
      ===== EM models for the G4Region  DefaultRegionForTheWorld ======
          DummyModel :  Emin=        0 eV    Emax=       10 TeV
=======
alpha_G4DNAIonisation:  for alpha SubType=53 BuildTable=0
      ===== EM models for the G4Region  DefaultRegionForTheWorld ======
          DummyModel : Emin=    0 eV  Emax=  100 TeV
>>>>>>> 5baee230e93612916bcea11ebf822756cfa7282c
      ===== EM models for the G4Region  Target ======
DNARuddIonisationModel : Emin=    0 eV  Emax=   10 MeV  deltaRudd

<<<<<<< HEAD
alpha_G4DNAChargeDecrease:   for  alpha    SubType= 56  BuildTable= 0
 Total cross sections computed from DNADingfelderChargeDecreaseModel model
      ===== EM models for the G4Region  DefaultRegionForTheWorld ======
DNADingfelderChargeDecreaseModel :  Emin=        0 eV    Emax=      400 MeV
=======
alpha_G4DNAElastic:  for alpha SubType=51 BuildTable=0
      ===== EM models for the G4Region  DefaultRegionForTheWorld ======
          DummyModel : Emin=    0 eV  Emax=  100 TeV
      ===== EM models for the G4Region  Target ======
  DNAIonElasticModel : Emin=    0 eV  Emax=    1 MeV

alpha_G4DNAChargeDecrease:  for alpha SubType=56 BuildTable=0
      ===== EM models for the G4Region  DefaultRegionForTheWorld ======
          DummyModel : Emin=    0 eV  Emax=  100 TeV
      ===== EM models for the G4Region  Target ======
DNADingfelderChargeDecreaseModel : Emin=    0 eV  Emax=   10 MeV

msc:  for alpha+  SubType= 10
      RangeFactor= 0.2, stepLimType: 0, latDisp: 0
      ===== EM models for the G4Region  DefaultRegionForTheWorld ======
            UrbanMsc : Emin=    0 eV  Emax=  100 TeV Nbins=84 100 eV  - 100 TeV
      ===== EM models for the G4Region  Target ======
            UrbanMsc : Emin=    1 MeV Emax=  100 TeV Nbins=56   1 MeV - 100 TeV

alpha+_G4DNAExcitation:  for alpha+ SubType=52 BuildTable=0
      ===== EM models for the G4Region  DefaultRegionForTheWorld ======
          DummyModel : Emin=    0 eV  Emax=  100 TeV
      ===== EM models for the G4Region  Target ======
DNAMillerGreenExcitationModel : Emin=    0 eV  Emax=   10 MeV

alpha+_G4DNAIonisation:  for alpha+ SubType=53 BuildTable=0
      ===== EM models for the G4Region  DefaultRegionForTheWorld ======
          DummyModel : Emin=    0 eV  Emax=  100 TeV
      ===== EM models for the G4Region  Target ======
DNARuddIonisationModel : Emin=    0 eV  Emax=   10 MeV  deltaRudd

alpha+_G4DNAElastic:  for alpha+ SubType=51 BuildTable=0
      ===== EM models for the G4Region  DefaultRegionForTheWorld ======
          DummyModel : Emin=    0 eV  Emax=  100 TeV
      ===== EM models for the G4Region  Target ======
  DNAIonElasticModel : Emin=    0 eV  Emax=    1 MeV

alpha+_G4DNAChargeDecrease:  for alpha+ SubType=56 BuildTable=0
      ===== EM models for the G4Region  DefaultRegionForTheWorld ======
          DummyModel : Emin=    0 eV  Emax=  100 TeV
      ===== EM models for the G4Region  Target ======
DNADingfelderChargeDecreaseModel : Emin=    0 eV  Emax=   10 MeV

alpha+_G4DNAChargeIncrease:  for alpha+ SubType=57 BuildTable=0
      ===== EM models for the G4Region  DefaultRegionForTheWorld ======
          DummyModel : Emin=    0 eV  Emax=  100 TeV
      ===== EM models for the G4Region  Target ======
DNADingfelderChargeIncreaseModel : Emin=    0 eV  Emax=   10 MeV

helium_G4DNAExcitation:  for helium SubType=52 BuildTable=0
      ===== EM models for the G4Region  DefaultRegionForTheWorld ======
          DummyModel : Emin=    0 eV  Emax=  100 TeV
      ===== EM models for the G4Region  Target ======
DNAMillerGreenExcitationModel : Emin=    0 eV  Emax=   10 MeV

helium_G4DNAIonisation:  for helium SubType=53 BuildTable=0
      ===== EM models for the G4Region  DefaultRegionForTheWorld ======
          DummyModel : Emin=    0 eV  Emax=  100 TeV
      ===== EM models for the G4Region  Target ======
DNARuddIonisationModel : Emin=    0 eV  Emax=   10 MeV  deltaRudd

helium_G4DNAElastic:  for helium SubType=51 BuildTable=0
      ===== EM models for the G4Region  DefaultRegionForTheWorld ======
          DummyModel : Emin=    0 eV  Emax=  100 TeV
      ===== EM models for the G4Region  Target ======
  DNAIonElasticModel : Emin=    0 eV  Emax=    1 MeV

helium_G4DNAChargeIncrease:  for helium SubType=57 BuildTable=0
      ===== EM models for the G4Region  DefaultRegionForTheWorld ======
          DummyModel : Emin=    0 eV  Emax=  100 TeV
      ===== EM models for the G4Region  Target ======
DNADingfelderChargeIncreaseModel : Emin=    0 eV  Emax=   10 MeV

hydrogen_G4DNAExcitation:  for hydrogen SubType=52 BuildTable=0
      ===== EM models for the G4Region  DefaultRegionForTheWorld ======
          DummyModel : Emin=    0 eV  Emax=  100 TeV
      ===== EM models for the G4Region  Target ======
DNAMillerGreenExcitationModel : Emin=    0 eV  Emax=  500 keV

hydrogen_G4DNAIonisation:  for hydrogen SubType=53 BuildTable=0
      ===== EM models for the G4Region  DefaultRegionForTheWorld ======
          DummyModel : Emin=    0 eV  Emax=  100 TeV
      ===== EM models for the G4Region  Target ======
DNARuddIonisationModel : Emin=    0 eV  Emax=   10 MeV  deltaRudd

hydrogen_G4DNAElastic:  for hydrogen SubType=51 BuildTable=0
      ===== EM models for the G4Region  DefaultRegionForTheWorld ======
          DummyModel : Emin=    0 eV  Emax=  100 TeV
      ===== EM models for the G4Region  Target ======
  DNAIonElasticModel : Emin=    0 eV  Emax=    1 MeV

hydrogen_G4DNAChargeIncrease:  for hydrogen SubType=57 BuildTable=0
      ===== EM models for the G4Region  DefaultRegionForTheWorld ======
          DummyModel : Emin=    0 eV  Emax=  100 TeV
      ===== EM models for the G4Region  Target ======
DNADingfelderChargeIncreaseModel : Emin=    0 eV  Emax=   10 MeV
>>>>>>> 5baee230e93612916bcea11ebf822756cfa7282c

Region <DefaultRegionForTheWorld> --  -- appears in <World> world volume
 This region is in the mass world.
 Root logical volume(s) : World 
 Pointers : G4VUserRegionInformation[0], G4UserLimits[0], G4FastSimulationManager[0], G4UserSteppingAction[0]
 Materials : G4_WATER 
 Production cuts :   gamma 1 um      e- 1 um      e+ 1 um  proton 1 um 

Region <DefaultRegionForParallelWorld> --  -- is not associated to any world.
 Root logical volume(s) : 
 Pointers : G4VUserRegionInformation[0], G4UserLimits[0], G4FastSimulationManager[0], G4UserSteppingAction[0]
 Materials : 
 Production cuts :   gamma 1 um      e- 1 um      e+ 1 um  proton 1 um 

Region <Target> --  -- appears in <World> world volume
 This region is in the mass world.
 Root logical volume(s) : Target 
 Pointers : G4VUserRegionInformation[0], G4UserLimits[0], G4FastSimulationManager[0], G4UserSteppingAction[0]
 Materials : G4_WATER 
 Production cuts :   gamma 1 nm      e- 1 nm      e+ 1 nm  proton 1 nm 

========= Table of registered couples ==============================

Index : 0     used in the geometry : Yes
 Material : G4_WATER
 Range cuts        :  gamma  1 um     e-  1 um     e+  1 um  proton 1 um 
 Energy thresholds :  gamma  990 eV     e-  990 eV     e+  990 eV  proton 100 eV 
 Region(s) which use this couple : 
    DefaultRegionForTheWorld

Index : 1     used in the geometry : Yes
 Material : G4_WATER
 Range cuts        :  gamma  1 nm     e-  1 nm     e+  1 nm  proton 1 nm 
 Energy thresholds :  gamma  990 eV     e-  990 eV     e+  990 eV  proton 0.1 eV 
 Region(s) which use this couple : 
    Target

====================================================================

Start closing geometry.
G4GeometryManager::ReportVoxelStats -- Voxel Statistics

    Total memory consumed for geometry optimisation:   0 kByte
    Total CPU time elapsed for geometry optimisation: 0 seconds
G4VisManager: Using G4TrajectoryDrawByCharge as fallback trajectory model.
See commands in /vis/modeling/trajectories/ for other options.
### Run 0 starts.
 Run terminated.
Run Summary
  Number of events processed : 2
<<<<<<< HEAD
  User=42.24s Real=42.39s Sys=0.03s
Number and type of particles created outside region "Target" :
N e- : 4918
_______________________
Number and type of particles created in region "Target" :
N e- : 45467
=======
  User=28.620000s Real=28.865649s Sys=0.010000s
Number and type of particles created outside region "Target" :
N e- : 728
_______________________
Number and type of particles created in region "Target" :
N e- : 46477
>>>>>>> 5baee230e93612916bcea11ebf822756cfa7282c
Graphics systems deleted.
Visualization Manager deleting...
G4 kernel has come to Quit state.
UserDetectorConstruction deleted.
UserPhysicsList deleted.
UserActionInitialization deleted.
UserRunAction deleted.
UserPrimaryGenerator deleted.
RunManager is deleting RunManagerKernel.
EventManager deleted.
Units table cleared.
Total navigation history collections cleaned: 8
================== Deleting memory pools ===================
Pool ID '20G4NavigationLevelRep', size : 0.00961 MB
Pool ID '24G4ReferenceCountedHandleIvE', size : 0.000961 MB
Pool ID '7G4Event', size : 0.000961 MB
Pool ID '15G4PrimaryVertex', size : 0.000961 MB
Pool ID '17G4PrimaryParticle', size : 0.000961 MB
<<<<<<< HEAD
Pool ID '17G4DynamicParticle', size : 1.08 MB
Pool ID '7G4Track', size : 2.16 MB
=======
Pool ID '17G4DynamicParticle', size : 1.07 MB
Pool ID '7G4Track', size : 2.14 MB
>>>>>>> 5baee230e93612916bcea11ebf822756cfa7282c
Pool ID '18G4TouchableHistory', size : 0.000961 MB
Pool ID '15G4CountedObjectIvE', size : 0.000961 MB
Number of memory pools allocated: 9 of which, static: 0
Dynamic pools deleted: 9 / Total memory freed: 3.2 MB
============================================================
G4Allocator objects are deleted.
UImanager deleted.
StateManager deleted.
RunManagerKernel is deleted. Good bye :)
