
        ############################################
        !!! WARNING - FPE detection is activated !!!
        ############################################

*************************************************************
 Geant4 version Name: geant4-10-00-beta-01    (28-June-2013)
                      Copyright : Geant4 Collaboration
                      Reference : NIM A 506 (2003), 250-303
                            WWW : http://cern.ch/geant4
*************************************************************


***** Table : Nb of materials = 4 *****

 Material:     Lead    density: 10.976 g/cm3   RadL:   5.803 mm   Nucl.Int.Length:  18.869 cm 
                       Imean: 823.000 eV 

   --->  Element: Lead ( )   Z = 82.0   N = 207.2   A = 207.20 g/mole
         --->  Isotope:   204   Z = 82   N = 204   A = 203.97 g/mole   abundance:   1.40 %
         --->  Isotope:   206   Z = 82   N = 206   A = 205.97 g/mole   abundance:  24.10 %
         --->  Isotope:   207   Z = 82   N = 207   A = 206.98 g/mole   abundance:  22.10 %
         --->  Isotope:   208   Z = 82   N = 208   A = 207.98 g/mole   abundance:  52.40 %
          ElmMassFraction: 100.00 %  ElmAbundance 100.00 % 


 Material: Scintillator    density:  1.032 g/cm3   RadL:  42.438 cm   Nucl.Int.Length:  70.639 cm 
                       Imean:  65.944 eV 

   --->  Element: Carbon (C)   Z =  6.0   N =  12.0   A =  12.01 g/mole
         --->  Isotope:   C12   Z =  6   N =  12   A =  12.00 g/mole   abundance:  98.93 %
         --->  Isotope:   C13   Z =  6   N =  13   A =  13.00 g/mole   abundance:   1.07 %
          ElmMassFraction:  92.24 %  ElmAbundance  50.00 % 

   --->  Element: Hydrogen (H)   Z =  1.0   N =   1.0   A =   1.01 g/mole
         --->  Isotope:    H1   Z =  1   N =   1   A =   1.01 g/mole   abundance:  99.99 %
         --->  Isotope:    H2   Z =  1   N =   2   A =   2.01 g/mole   abundance:   0.01 %
          ElmMassFraction:   7.76 %  ElmAbundance  50.00 % 


 Material:      Air    density:  1.290 mg/cm3  RadL: 285.161 m    Nucl.Int.Length: 662.680 m  
                       Imean:  85.703 eV   temperature: 273.15 K  pressure:   1.00 atm

   --->  Element: Nitrogen (N)   Z =  7.0   N =  14.0   A =  14.01 g/mole
         --->  Isotope:   N14   Z =  7   N =  14   A =  14.00 g/mole   abundance:  99.63 %
         --->  Isotope:   N15   Z =  7   N =  15   A =  15.00 g/mole   abundance:   0.37 %
          ElmMassFraction:  70.00 %  ElmAbundance  72.71 % 

   --->  Element: Oxygen (O)   Z =  8.0   N =  16.0   A =  16.00 g/mole
         --->  Isotope:   O16   Z =  8   N =  16   A =  15.99 g/mole   abundance:  99.76 %
         --->  Isotope:   O17   Z =  8   N =  17   A =  17.00 g/mole   abundance:   0.04 %
         --->  Isotope:   O18   Z =  8   N =  18   A =  18.00 g/mole   abundance:   0.20 %
          ElmMassFraction:  30.00 %  ElmAbundance  27.29 % 


 Material: Galactic    density:  0.000 kg/m3   RadL: 204322111.300 pc   Nucl.Int.Length: 113728944.973 pc 
                       Imean:  19.200 eV   temperature:   2.73 K  pressure:   0.00 atm

   --->  Element: Galactic ( )   Z =  1.0   N =   1.0   A =   1.01 g/mole
         --->  Isotope:     1   Z =  1   N =   1   A =   1.01 g/mole   abundance:  99.99 %
         --->  Isotope:     2   Z =  1   N =   2   A =   2.01 g/mole   abundance:   0.01 %
          ElmMassFraction: 100.00 %  ElmAbundance 100.00 % 



/run/verbose 2
#
/ams/phys/addPhysics emstandard_local
/ams/phys/setCuts 1 km
#
/run/initialize
userDetector->Construct() start.

-------------------------------------------------------------
 ---> The calorimeter is 9 Modules
 ---> A Module is 10 Layers + 1 milled Layer
 ---> A Layer is 1.73 mm  thickness of Lead
 ---> A Layer includes 490 fibers of Scintillator
      ---> diameter : 1.13 mm 
      ---> length   : 66.285 cm 
      ---> distance : 1.35 mm 
 ---> The milled Layer is 1 mm  thickness of Lead

 ---> Module thickness 1.83 cm 

 ---> Total calor thickness 16.47 cm 
      Tranverse size        66.285 cm 
-------------------------------------------------------------

world is registered to the default region.
physicsList->Construct() start.
physicsList->CheckParticleList() start.
physicsList->setCut() start.
PhysicsList::SetCuts:CutLength : 1 mm 
#
/ams/gun/setDefault
/gun/particle mu+
/gun/energy 1 GeV
/ams/gun/beam 1 cm
#
/ams/event/printModulo 1000
#
/run/beamOn 10000

Region <DefaultRegionForTheWorld> --  -- appears in <world> world volume
 This region is in the mass world.
 Root logical volume(s) : world 
 Pointers : G4VUserRegionInformation[0], G4UserLimits[0], G4FastSimulationManager[0], G4UserSteppingAction[0]
 Materials : Galactic Lead Scintillator 
 Production cuts :   gamma 1 km      e- 1 km      e+ 1 km  proton 1 mm 

Region <DefaultRegionForParallelWorld> --  -- is not associated to any world.
 Root logical volume(s) : 
 Pointers : G4VUserRegionInformation[0], G4UserLimits[0], G4FastSimulationManager[0], G4UserSteppingAction[0]
 Materials : 
 Production cuts :   gamma 1 km      e- 1 km      e+ 1 km  proton 1 mm 

========= Table of registered couples ==============================

Index : 0     used in the geometry : Yes
 Material : Galactic
 Range cuts        :  gamma  1 km     e-  1 km     e+  1 km  proton 1 mm 
 Energy thresholds :  gamma  990 eV     e-  990 eV     e+  990 eV  proton 100 keV
 Region(s) which use this couple : 
    DefaultRegionForTheWorld

Index : 1     used in the geometry : Yes
 Material : Lead
 Range cuts        :  gamma  1 km     e-  1 km     e+  1 km  proton 1 mm 
 Energy thresholds :  gamma  10 GeV    e-  10 GeV    e+  10 GeV proton 100 keV
 Region(s) which use this couple : 
    DefaultRegionForTheWorld

Index : 2     used in the geometry : Yes
 Material : Scintillator
 Range cuts        :  gamma  1 km     e-  1 km     e+  1 km  proton 1 mm 
 Energy thresholds :  gamma  10 GeV    e-  10 GeV    e+  10 GeV proton 100 keV
 Region(s) which use this couple : 
    DefaultRegionForTheWorld

====================================================================

Start closing geometry.
G4GeometryManager::ReportVoxelStats -- Voxel Statistics

    Total memory consumed for geometry optimisation:   32 kByte
    Total CPU time elapsed for geometry optimisation: 0 seconds

    Voxelisation: top CPU users:
    Percent   Total CPU    System CPU       Memory  Volume
    -------   ----------   ----------     --------  ----------
       0.00         0.00         0.00           31k layer
       0.00         0.00         0.00            1k module
       0.00         0.00         0.00            1k calorimeter

    Voxelisation: top memory users:
    Percent     Memory      Heads    Nodes   Pointers    Total CPU    Volume
    -------   --------     ------   ------   --------   ----------    ----------
      94.74         30k         1      490        980         0.00    layer
       3.16          1k         1       17         20         0.00    module
       2.10          0k         1       10         18         0.00    calorimeter
### Run 0 start.

--------- Ranecu engine status ---------
 Initial seed (index) = 0
 Current couple of seeds = 9876, 54321
----------------------------------------
Start Run processing.

---> Begin Of Event: 0

---> Begin Of Event: 1000

---> Begin Of Event: 2000

---> Begin Of Event: 3000

---> Begin Of Event: 4000

---> Begin Of Event: 5000

---> Begin Of Event: 6000

---> Begin Of Event: 7000

---> Begin Of Event: 8000

---> Begin Of Event: 9000
Run terminated.
Run Summary
  Number of events processed : 10000
  User=16.92s Real=54.51s Sys=0.59s

-------------------------------------------------------------
 ---> The calorimeter is 9 Modules
 ---> A Module is 10 Layers + 1 milled Layer
 ---> A Layer is 1.73 mm  thickness of Lead
 ---> A Layer includes 490 fibers of Scintillator
      ---> diameter : 1.13 mm 
      ---> length   : 66.285 cm 
      ---> distance : 1.35 mm 
 ---> The milled Layer is 1 mm  thickness of Lead

 ---> Module thickness 1.83 cm 

 ---> Total calor thickness 16.47 cm 
      Tranverse size        66.285 cm 
-------------------------------------------------------------

 The run was 10000 mu+ of 1 GeV through the calorimeter
------------------------------------------------------------

             visible Energy          (rms/mean)        total Energy           (rms/mean)

   layer 0:  796.5 keV +- 1.359 MeV  (1.7e+02 %)     9.3076 MeV +- 6.047 MeV  ( 65 %)
   layer 1: 769.85 keV +- 1.271 MeV  (1.7e+02 %)     8.0683 MeV +- 5.242 MeV  ( 65 %)
   layer 2: 812.94 keV +-  2.07 MeV  (2.5e+02 %)     8.5547 MeV +- 5.795 MeV  ( 68 %)
   layer 3: 786.75 keV +- 1.614 MeV  (2.1e+02 %)     8.1796 MeV +- 5.737 MeV  ( 70 %)
   layer 4: 792.29 keV +- 1.412 MeV  (1.8e+02 %)     8.4821 MeV +- 5.101 MeV  ( 60 %)
   layer 5: 802.51 keV +- 1.681 MeV  (2.1e+02 %)     8.1047 MeV +- 4.919 MeV  ( 61 %)
   layer 6:  813.1 keV +- 2.024 MeV  (2.5e+02 %)     8.4973 MeV +- 5.296 MeV  ( 62 %)
   layer 7: 789.44 keV +- 1.885 MeV  (2.4e+02 %)     8.1277 MeV +- 5.196 MeV  ( 64 %)
   layer 8: 776.68 keV +-   1.3 MeV  (1.7e+02 %)     8.4406 MeV +- 4.967 MeV  ( 59 %)
   layer 9: 808.06 keV +- 1.904 MeV  (2.4e+02 %)     8.1933 MeV +- 5.288 MeV  ( 65 %)
   layer 10: 776.57 keV +- 1.302 MeV  (1.7e+02 %)     8.4128 MeV +- 4.932 MeV  ( 59 %)
   layer 11: 797.84 keV +- 1.671 MeV  (2.1e+02 %)     8.0796 MeV +-  4.97 MeV  ( 62 %)
   layer 12: 793.86 keV +- 1.507 MeV  (1.9e+02 %)     8.3751 MeV +- 4.645 MeV  ( 55 %)
   layer 13: 804.61 keV +- 1.786 MeV  (2.2e+02 %)     8.0888 MeV +- 4.917 MeV  ( 61 %)
   layer 14:  789.5 keV +- 1.396 MeV  (1.8e+02 %)     7.5504 MeV +- 4.728 MeV  ( 63 %)
   layer 15: 809.32 keV +-  1.76 MeV  (2.2e+02 %)     9.0375 MeV +-  5.28 MeV  ( 58 %)
   layer 16: 795.94 keV +- 1.616 MeV  (2e+02 %)     8.4019 MeV +- 4.725 MeV  ( 56 %)
   layer 17: 761.44 keV +- 1.347 MeV  (1.8e+02 %)     7.3537 MeV +- 4.503 MeV  ( 61 %)

   total calor : 14.277 MeV +- 6.928 MeV  ( 49 %)     149.26 MeV +-  21.2 MeV  ( 14 %)
------------------------------------------------------------

   Leakage : 850.74 MeV +-  21.2 MeV
   Eleak/Ebeam =85.1 %  ( forward =85.1 %   backward =   0 %   lateral =   0 %)

--------- Ranecu engine status ---------
 Initial seed (index) = 0
 Current couple of seeds = 1294609797, 321680237
----------------------------------------
G4 kernel has come to Quit state.
UserDetectorConstruction deleted.
UserPhysicsList deleted.
UserRunAction deleted.
UserPrimaryGenerator deleted.
RunManager is deleting RunManagerKernel.
EventManager deleted.
Units table cleared.
================== Deleting memory pools ===================
Number of memory pools allocated: 10 of which, static: 0
Dynamic pools deleted: 10 / Total memory freed: 0.14 Mb
============================================================
G4Allocator objects are deleted.
UImanager deleted.
StateManager deleted.
RunManagerKernel is deleted.
