
        ############################################
        !!! WARNING - FPE detection is activated !!!
        ############################################

**************************************************************
 Geant4 version Name: geant4-10-06-patch-01    (14-February-2020)
                       Copyright : Geant4 Collaboration
                      References : NIM A 506 (2003), 250-303
                                 : IEEE-TNS 53 (2006), 270-278
                                 : NIM A 835 (2016), 186-225
                             WWW : http://geant4.org/
**************************************************************

/run/verbose 1
#
/run/initialize
#
/run/printProgress 10000
/run/beamOn 100000

========= Table of registered couples ==============================

Index : 0     used in the geometry : Yes
 Material : G4_AIR
 Range cuts        :  gamma  1 mm     e-  1 mm     e+  1 mm  proton 1 mm 
 Energy thresholds :  gamma  -1 MeV    e-  -1 MeV    e+  -1 MeV proton -1 MeV
 Region(s) which use this couple : 
    DefaultRegionForTheWorld

====================================================================

### Run 0 starts.
--> Event 0 starts.
--> Event 10000 starts.
--> Event 20000 starts.
--> Event 30000 starts.
--> Event 40000 starts.
--> Event 50000 starts.
--> Event 60000 starts.
--> Event 70000 starts.
--> Event 80000 starts.
--> Event 90000 starts.
 Run terminated.
Run Summary
  Number of events processed : 100000
  User=0.400000s Real=0.406575s Sys=0.010000s
G4 kernel has come to Quit state.
================== Deleting memory pools ===================
Number of memory pools allocated: 9 of which, static: 0
Dynamic pools deleted: 9 / Total memory freed: 0.013 MB
============================================================
RunManagerKernel is deleted. Good bye :)
