ExE01PhysicsList::setCuts:CutLength : 1 (mm)
TYPE       : Histo1D
TITLE      : HepJamesRandom1
BIN NUMBER : 100
BIN WIDTH  : 0.01

                           0.00e+00                        3.88e+00 Y
X POSITION   BIN       VALUE|--------------------------------------------------->
 0.000e+00   0     6.000e-02|
 1.000e-02   1     4.000e-02|
 2.000e-02   2     1.800e-01|XX
 3.000e-02   3     9.000e-02|X
 4.000e-02   4     1.500e-01|X
 5.000e-02   5     2.600e-01|XXX
 6.000e-02   6     2.500e-01|XXX
 7.000e-02   7     3.600e-01|XXXX
 8.000e-02   8     3.000e-01|XXX
 9.000e-02   9     4.900e-01|XXXXXX
 1.000e-01   10    6.000e-01|XXXXXXX
 1.100e-01   11    5.600e-01|XXXXXXX
 1.200e-01   12    6.400e-01|XXXXXXXX
 1.300e-01   13    1.110e+00|XXXXXXXXXXXXXX
 1.400e-01   14    1.140e+00|XXXXXXXXXXXXXX
 1.500e-01   15    1.500e+00|XXXXXXXXXXXXXXXXXXX
 1.600e-01   16    1.520e+00|XXXXXXXXXXXXXXXXXXX
 1.700e-01   17    1.750e+00|XXXXXXXXXXXXXXXXXXXXXXX
 1.800e-01   18    1.700e+00|XXXXXXXXXXXXXXXXXXXXXX
 1.900e-01   19    1.860e+00|XXXXXXXXXXXXXXXXXXXXXXXX
 2.000e-01   20    2.360e+00|XXXXXXXXXXXXXXXXXXXXXXXXXXXXXXX
 2.100e-01   21    2.530e+00|XXXXXXXXXXXXXXXXXXXXXXXXXXXXXXXXX
 2.200e-01   22    2.580e+00|XXXXXXXXXXXXXXXXXXXXXXXXXXXXXXXXX
 2.300e-01   23    2.670e+00|XXXXXXXXXXXXXXXXXXXXXXXXXXXXXXXXXXX
 2.400e-01   24    2.900e+00|XXXXXXXXXXXXXXXXXXXXXXXXXXXXXXXXXXXXXX
 2.500e-01   25    3.100e+00|XXXXXXXXXXXXXXXXXXXXXXXXXXXXXXXXXXXXXXXX
 2.600e-01   26    3.250e+00|XXXXXXXXXXXXXXXXXXXXXXXXXXXXXXXXXXXXXXXXXX
 2.700e-01   27    3.230e+00|XXXXXXXXXXXXXXXXXXXXXXXXXXXXXXXXXXXXXXXXXX
 2.800e-01   28    3.530e+00|XXXXXXXXXXXXXXXXXXXXXXXXXXXXXXXXXXXXXXXXXXXXXX
 2.900e-01   29    3.540e+00|XXXXXXXXXXXXXXXXXXXXXXXXXXXXXXXXXXXXXXXXXXXXXX
 3.000e-01   30    3.470e+00|XXXXXXXXXXXXXXXXXXXXXXXXXXXXXXXXXXXXXXXXXXXXX
 3.100e-01   31    3.880e+00|XXXXXXXXXXXXXXXXXXXXXXXXXXXXXXXXXXXXXXXXXXXXXXXXXXX
 3.200e-01   32    3.340e+00|XXXXXXXXXXXXXXXXXXXXXXXXXXXXXXXXXXXXXXXXXXX
 3.300e-01   33    3.430e+00|XXXXXXXXXXXXXXXXXXXXXXXXXXXXXXXXXXXXXXXXXXXXX
 3.400e-01   34    3.070e+00|XXXXXXXXXXXXXXXXXXXXXXXXXXXXXXXXXXXXXXXX
 3.500e-01   35    3.490e+00|XXXXXXXXXXXXXXXXXXXXXXXXXXXXXXXXXXXXXXXXXXXXX
 3.600e-01   36    2.950e+00|XXXXXXXXXXXXXXXXXXXXXXXXXXXXXXXXXXXXXX
 3.700e-01   37    2.560e+00|XXXXXXXXXXXXXXXXXXXXXXXXXXXXXXXXX
 3.800e-01   38    2.740e+00|XXXXXXXXXXXXXXXXXXXXXXXXXXXXXXXXXXXX
 3.900e-01   39    2.250e+00|XXXXXXXXXXXXXXXXXXXXXXXXXXXXX
 4.000e-01   40    2.110e+00|XXXXXXXXXXXXXXXXXXXXXXXXXXX
 4.100e-01   41    1.900e+00|XXXXXXXXXXXXXXXXXXXXXXXX
 4.200e-01   42    1.740e+00|XXXXXXXXXXXXXXXXXXXXXX
 4.300e-01   43    1.420e+00|XXXXXXXXXXXXXXXXXX
 4.400e-01   44    1.160e+00|XXXXXXXXXXXXXXX
 4.500e-01   45    1.040e+00|XXXXXXXXXXXXX
 4.600e-01   46    9.200e-01|XXXXXXXXXXXX
 4.700e-01   47    7.900e-01|XXXXXXXXXX
 4.800e-01   48    7.500e-01|XXXXXXXXX
 4.900e-01   49    6.200e-01|XXXXXXXX
 5.000e-01   50    5.400e-01|XXXXXXX
 5.100e-01   51    3.800e-01|XXXX
 5.200e-01   52    2.900e-01|XXX
 5.300e-01   53    2.000e-01|XX
 5.400e-01   54    2.000e-01|XX
 5.500e-01   55    1.200e-01|X
 5.600e-01   56    6.000e-02|
 5.700e-01   57    5.000e-02|
 5.800e-01   58    4.000e-02|
 5.900e-01   59    8.000e-02|X
 6.000e-01   60    2.000e-02|
 6.100e-01   61    0.000e+00|
 6.200e-01   62    1.000e-02|
 6.300e-01   63    1.000e-02|
 6.400e-01   64    0.000e+00|
 6.500e-01   65    0.000e+00|
 6.600e-01   66    0.000e+00|
 6.700e-01   67    0.000e+00|
 6.800e-01   68    0.000e+00|
 6.900e-01   69    0.000e+00|
 7.000e-01   70    0.000e+00|
 7.100e-01   71    0.000e+00|
 7.200e-01   72    0.000e+00|
 7.300e-01   73    0.000e+00|
 7.400e-01   74    0.000e+00|
 7.500e-01   75    0.000e+00|
 7.600e-01   76    0.000e+00|
 7.700e-01   77    0.000e+00|
 7.800e-01   78    0.000e+00|
 7.900e-01   79    0.000e+00|
 8.000e-01   80    0.000e+00|
 8.100e-01   81    0.000e+00|
 8.200e-01   82    0.000e+00|
 8.300e-01   83    0.000e+00|
 8.400e-01   84    0.000e+00|
 8.500e-01   85    0.000e+00|
 8.600e-01   86    0.000e+00|
 8.700e-01   87    0.000e+00|
 8.800e-01   88    0.000e+00|
 8.900e-01   89    0.000e+00|
 9.000e-01   90    0.000e+00|
 9.100e-01   91    0.000e+00|
 9.200e-01   92    0.000e+00|
 9.300e-01   93    0.000e+00|
 9.400e-01   94    0.000e+00|
 9.500e-01   95    0.000e+00|
 9.600e-01   96    0.000e+00|
 9.700e-01   97    0.000e+00|
 9.800e-01   98    0.000e+00|
 9.900e-01   99    0.000e+00|
                         X |
                           V
 ENTRIES  :       9000 TOTAL C. :  8.988e+01 NEQUIVAL :  8.988e+03
 MEAN F.T.:  3.003e-01 MEAN B.C.:  3.003e-01 UNDERFLOW:  1.200e-01
 RMS F.T. :  1.003e-01 RMS B.C. :  1.003e-01 OVERFLOW :  0.000e+00
TYPE     : Histo2D
TITLE    : HepJamesVsDRand48
X:  BINS :    40  WIDTH  : 2.500e-02  MIN    : 0.000e+00  MAX    : 1.000e+00
Y:  BINS :    40  WIDTH  : 2.500e-02  MIN    : 0.000e+00  MAX    : 1.000e+00


         0         1         2         3           
         0123456789012345678901234567890123456789  
        ******************************************
       *                                          *
   0  *  ........................................  *
   1  *  ........................................  *
   2  *  ........................................  *
   3  *  ........................................  *
   4  *  ........................................  *
   5  *  ........................................  *
   6  *  ........................................  *
   7  *  ........................................  *
   8  *  ........................................  *
   9  *  ........................................  *
  10  *  ........................................  *
  11  *  ........................................  *
  12  *  ........................................  *
  13  *  ........................................  *
  14  *  ........................................  *
  15  *  ........................................  *
  16  *  ........................................  *
  17  *  ........................................  *
  18  *  ............++..........................  *
  19  *  ..........++++.++.......................  *
  20  *  .......+22++22++++......................  *
  21  *  ...++.2+2+233323+2......................  *
  22  *  .....+224334444222..+...................  *
  23  *  ..+.+223447786642322....................  *
  24  *  .....+3466997984633.....................  *
  25  *  ..++22457A9ACAA85332+...................  *
  26  *  ..+++45779DBFA778523+...................  *
  27  *  ....+37688DCBCA96422+...................  *
  28  *  ...+2467AAADE9DA6443++..................  *
  29  *  ...+2454999ACB985332+...................  *
  30  *  ...++2445AAB9B9863+2+...................  *
  31  *  ...++2245568878553+++...................  *
  32  *  .....2235556765332+2....................  *
  33  *  .....++23345343422+.....................  *
  34  *  .....++.+23322232++.....................  *
  35  *  .......+.2+2+2+++.......................  *
  36  *  .........++++.+..+......................  *
  37  *  ...........++++.........................  *
  38  *  ........................................  *
  39  *  ........................................  *
       *                                          *
        ******************************************

ENTRIES  :       9000   Z MIN    :          0
TOTAL C. :       89.8   Z STEP   :      0.068
NEQUIVAL :   8.98e+03   Z SCALE  : .+23456789ABCDE

             0 |       0.05 |          0
    -----------|------------|-----------
          0.12 |       89.7 |          0
    -----------|------------|-----------
             0 |          0 |          0
