
*************************************************************
 Geant4 version Name: geant4-08-03-cand-00    (5-May-2007)
                      Copyright : Geant4 Collaboration
                      Reference : NIM A 506 (2003), 250-303
                            WWW : http://cern.ch/geant4
*************************************************************

Visualization Manager instantiating...
Visualization Manager initialising...
Registering graphics systems...

You have successfully registered the following graphics systems.
Current available graphics systems are:
  ASCIITree (ATree)
  DAWNFILE (DAWNFILE)
  GAGTree (GAGTree)
  G4HepRep (HepRepXML)
  G4HepRepFile (HepRepFile)
  RayTracer (RayTracer)
  VRML1FILE (VRML1FILE)
  VRML2FILE (VRML2FILE)

Registering model factories...

You have successfully registered the following model factories.
Registered model factories:
  generic
  drawByCharge
  drawByParticleID
  drawByOriginVolume
  drawByAttribute

Registered filter factories:
  chargeFilter
  particleFilter
  originVolumeFilter
  attributeFilter



***** Table : Nb of materials = 16 *****

 Material:   Vacuum     density:  0.000 mg/cm3  temperature: 273.15 K  pressure:   1.00 atm  RadLength: 204727576.737 pc 
   --->  Element: Vacuum ( )   Z =  1.0   N =   1.0   A =   1.01 g/mole  ElmMassFraction: 100.00 %  ElmAbundance 100.00 %

 Material:      H2O     density:  1.000 g/cm3   temperature: 273.15 K  pressure:   1.00 atm  RadLength:  36.092 cm 
   --->  Element: Hydrogen (H)   Z =  1.0   N =   1.0   A =   1.01 g/mole  ElmMassFraction:  11.21 %  ElmAbundance  66.67 %
   --->  Element: Oxygen (O)   Z =  8.0   N =  16.0   A =  16.00 g/mole  ElmMassFraction:  88.79 %  ElmAbundance  33.33 %

 Material:      Air     density:  1.290 mg/cm3  temperature: 293.16 K  pressure:   1.00 atm  RadLength: 285.161 m  
   --->  Element: Nitrogen (N)   Z =  7.0   N =  14.0   A =  14.01 g/mole  ElmMassFraction:  70.00 %  ElmAbundance  72.71 %
   --->  Element: Oxygen (O)   Z =  8.0   N =  16.0   A =  16.00 g/mole  ElmMassFraction:  30.00 %  ElmAbundance  27.29 %

 Material:    LPAir     density:  0.000 mg/cm3  temperature: 293.16 K  pressure:   1.00 atm  RadLength: 56273252.573 km 
   --->  Element: Nitrogen (N)   Z =  7.0   N =  14.0   A =  14.01 g/mole  ElmMassFraction:  71.50 %  ElmAbundance  75.57 %
   --->  Element: Oxygen (O)   Z =  8.0   N =  16.0   A =  16.00 g/mole  ElmMassFraction:  25.00 %  ElmAbundance  23.14 %
   --->  Element: Argon (Ar)   Z = 18.0   N =  39.9   A =  39.95 g/mole  ElmMassFraction:   3.50 %  ElmAbundance   1.30 %

 Material:       Pl     density: 21.400 g/cm3   temperature: 273.15 K  pressure:   1.00 atm  RadLength:   3.058 mm 
   --->  Element: Pl ( )   Z = 78.0   N = 195.1   A = 195.09 g/mole  ElmMassFraction: 100.00 %  ElmAbundance 100.00 %

 Material:   Butane     density:  0.026 mg/cm3  temperature: 293.16 K  pressure:   0.01 atm  RadLength:  17.729 km 
   --->  Element: Carbon (C)   Z =  6.0   N =  12.0   A =  12.01 g/mole  ElmMassFraction:  82.63 %  ElmAbundance  28.57 %
   --->  Element: Hydrogen (H)   Z =  1.0   N =   1.0   A =   1.01 g/mole  ElmMassFraction:  17.37 %  ElmAbundance  71.43 %

 Material: Polyprop     density: 900.000 mg/cm3  temperature: 273.15 K  pressure:   1.00 atm  RadLength:  49.764 cm 
   --->  Element: Carbon (C)   Z =  6.0   N =  12.0   A =  12.01 g/mole  ElmMassFraction:  85.60 %  ElmAbundance  33.33 %
   --->  Element: Hydrogen (H)   Z =  1.0   N =   1.0   A =   1.01 g/mole  ElmMassFraction:  14.40 %  ElmAbundance  66.67 %

 Material:    Si3N4     density:  3.440 g/cm3   temperature: 273.15 K  pressure:   1.00 atm  RadLength:   7.644 cm 
   --->  Element: Silicon (Si)   Z = 14.0   N =  28.1   A =  28.09 g/mole  ElmMassFraction:  60.06 %  ElmAbundance  42.86 %
   --->  Element: Nitrogen (N)   Z =  7.0   N =  14.0   A =  14.01 g/mole  ElmMassFraction:  39.94 %  ElmAbundance  57.14 %

 Material:     SiO2     density:  2.500 g/cm3   temperature: 273.15 K  pressure:   1.00 atm  RadLength:  10.819 cm 
   --->  Element: Silicon (Si)   Z = 14.0   N =  28.1   A =  28.09 g/mole  ElmMassFraction:  46.74 %  ElmAbundance  33.33 %
   --->  Element: Oxygen (O)   Z =  8.0   N =  16.0   A =  16.00 g/mole  ElmMassFraction:  53.26 %  ElmAbundance  66.67 %

 Material:   Laiton     density:  8.500 g/cm3   temperature: 273.15 K  pressure:   1.00 atm  RadLength:   1.487 cm 
   --->  Element: Cuivre (Cu)   Z = 29.0   N =  63.5   A =  63.55 g/mole  ElmMassFraction:  49.28 %  ElmAbundance  50.00 %
   --->  Element: Zinc (Zn)   Z = 30.0   N =  65.4   A =  65.41 g/mole  ElmMassFraction:  50.72 %  ElmAbundance  50.00 %

 Material: Cytoplasm1     density:  1.000 g/cm3   temperature: 273.15 K  pressure:   1.00 atm  RadLength:  48.413 cm 
   --->  Element: Hydrogen (H)   Z =  1.0   N =   1.0   A =   1.01 g/mole  ElmMassFraction:  59.60 %  ElmAbundance  95.53 %
   --->  Element: Oxygen (O)   Z =  8.0   N =  16.0   A =  16.00 g/mole  ElmMassFraction:  24.24 %  ElmAbundance   2.45 %
   --->  Element: Carbon (C)   Z =  6.0   N =  12.0   A =  12.01 g/mole  ElmMassFraction:  11.11 %  ElmAbundance   1.50 %
   --->  Element: Nitrogen (N)   Z =  7.0   N =  14.0   A =  14.01 g/mole  ElmMassFraction:   4.04 %  ElmAbundance   0.47 %
   --->  Element: Phosphorus (P)   Z = 15.0   N =  31.0   A =  30.97 g/mole  ElmMassFraction:   1.01 %  ElmAbundance   0.05 %

 Material: Cytoplasm2     density: 10.000 g/cm3   temperature: 273.15 K  pressure:   1.00 atm  RadLength:   3.619 cm 
   --->  Element: Hydrogen (H)   Z =  1.0   N =   1.0   A =   1.01 g/mole  ElmMassFraction:  10.64 %  ElmAbundance  64.80 %
   --->  Element: Oxygen (O)   Z =  8.0   N =  16.0   A =  16.00 g/mole  ElmMassFraction:  74.50 %  ElmAbundance  28.64 %
   --->  Element: Carbon (C)   Z =  6.0   N =  12.0   A =  12.01 g/mole  ElmMassFraction:   9.04 %  ElmAbundance   4.63 %
   --->  Element: Nitrogen (N)   Z =  7.0   N =  14.0   A =  14.01 g/mole  ElmMassFraction:   3.21 %  ElmAbundance   1.41 %
   --->  Element: Phosphorus (P)   Z = 15.0   N =  31.0   A =  30.97 g/mole  ElmMassFraction:   2.61 %  ElmAbundance   0.52 %

 Material: Cytoplasm3     density:  1.000 g/cm3   temperature: 273.15 K  pressure:   1.00 atm  RadLength:  48.413 cm 
   --->  Element: Hydrogen (H)   Z =  1.0   N =   1.0   A =   1.01 g/mole  ElmMassFraction:  59.60 %  ElmAbundance  95.53 %
   --->  Element: Oxygen (O)   Z =  8.0   N =  16.0   A =  16.00 g/mole  ElmMassFraction:  24.24 %  ElmAbundance   2.45 %
   --->  Element: Carbon (C)   Z =  6.0   N =  12.0   A =  12.01 g/mole  ElmMassFraction:  11.11 %  ElmAbundance   1.50 %
   --->  Element: Nitrogen (N)   Z =  7.0   N =  14.0   A =  14.01 g/mole  ElmMassFraction:   4.04 %  ElmAbundance   0.47 %
   --->  Element: Phosphorus (P)   Z = 15.0   N =  31.0   A =  30.97 g/mole  ElmMassFraction:   1.01 %  ElmAbundance   0.05 %

 Material: Nucleus1     density:  1.000 g/cm3   temperature: 273.15 K  pressure:   1.00 atm  RadLength:  36.185 cm 
   --->  Element: Hydrogen (H)   Z =  1.0   N =   1.0   A =   1.01 g/mole  ElmMassFraction:  10.64 %  ElmAbundance  64.80 %
   --->  Element: Oxygen (O)   Z =  8.0   N =  16.0   A =  16.00 g/mole  ElmMassFraction:  74.50 %  ElmAbundance  28.64 %
   --->  Element: Carbon (C)   Z =  6.0   N =  12.0   A =  12.01 g/mole  ElmMassFraction:   9.04 %  ElmAbundance   4.63 %
   --->  Element: Nitrogen (N)   Z =  7.0   N =  14.0   A =  14.01 g/mole  ElmMassFraction:   3.21 %  ElmAbundance   1.41 %
   --->  Element: Phosphorus (P)   Z = 15.0   N =  31.0   A =  30.97 g/mole  ElmMassFraction:   2.61 %  ElmAbundance   0.52 %

 Material: Nucleus2     density:  1.100 g/cm3   temperature: 273.15 K  pressure:   1.00 atm  RadLength:  32.896 cm 
   --->  Element: Hydrogen (H)   Z =  1.0   N =   1.0   A =   1.01 g/mole  ElmMassFraction:  10.64 %  ElmAbundance  64.80 %
   --->  Element: Oxygen (O)   Z =  8.0   N =  16.0   A =  16.00 g/mole  ElmMassFraction:  74.50 %  ElmAbundance  28.64 %
   --->  Element: Carbon (C)   Z =  6.0   N =  12.0   A =  12.01 g/mole  ElmMassFraction:   9.04 %  ElmAbundance   4.63 %
   --->  Element: Nitrogen (N)   Z =  7.0   N =  14.0   A =  14.01 g/mole  ElmMassFraction:   3.21 %  ElmAbundance   1.41 %
   --->  Element: Phosphorus (P)   Z = 15.0   N =  31.0   A =  30.97 g/mole  ElmMassFraction:   2.61 %  ElmAbundance   0.52 %

 Material: Nucleus3     density:  1.000 g/cm3   temperature: 273.15 K  pressure:   1.00 atm  RadLength:  36.185 cm 
   --->  Element: Hydrogen (H)   Z =  1.0   N =   1.0   A =   1.01 g/mole  ElmMassFraction:  10.64 %  ElmAbundance  64.80 %
   --->  Element: Oxygen (O)   Z =  8.0   N =  16.0   A =  16.00 g/mole  ElmMassFraction:  74.50 %  ElmAbundance  28.64 %
   --->  Element: Carbon (C)   Z =  6.0   N =  12.0   A =  12.01 g/mole  ElmMassFraction:   9.04 %  ElmAbundance   4.63 %
   --->  Element: Nitrogen (N)   Z =  7.0   N =  14.0   A =  14.01 g/mole  ElmMassFraction:   3.21 %  ElmAbundance   1.41 %
   --->  Element: Phosphorus (P)   Z = 15.0   N =  31.0   A =  30.97 g/mole  ElmMassFraction:   2.61 %  ElmAbundance   0.52 %


 ==========> The phantom contains 53480 voxels 

Thank you for using G4BinaryCascade. 
MicrobeamPhysicsList::SetCuts:CutLength : 10 nm 

msc:  Model variant of multiple scattering for e-
      Lambda tables from 100 eV  to 100 TeV in 120 bins.
      LateralDisplacementFlag=  1   Skin= 0
      Boundary/stepping algorithm is active with facrange= 0.02  Step limitation 1
G4AugerData for Element no. 6 are loaded
G4AugerData for Element no. 7 are loaded
G4AugerData for Element no. 8 are loaded
G4AugerData for Element no. 14 are loaded
G4AugerData for Element no. 15 are loaded
G4AugerData for Element no. 18 are loaded
G4AugerData for Element no. 29 are loaded
G4AugerData for Element no. 30 are loaded
G4AugerData for Element no. 78 are loaded
AugerTransitionTable complete

IONI:  Total cross sections from EEDL database.
      Gamma energy sampled from a parametrised formula.
      Implementation of the continuous dE/dx part.
      At present it can be used for electrons in the energy range [250eV,100GeV].
      The process must work with G4LowEnergyBremsstrahlung.

LowEnBrem:  Total cross sections from EEDL database.
      Gamma energy sampled from a parameterised formula.
      Implementation of the continuous dE/dx part.
      At present it can be used for electrons in the energy range [250eV,100GeV].
      The process must work with G4LowEnergyIonisation.

eIoni:   tables are built for  e+
      dE/dx and range tables from 100 eV  to 100 TeV in 120 bins.
      Lambda tables from threshold to 100 TeV in 120 bins.
      Delta cross sections and sampling from MollerBhabha model
      Good description from 1 KeV to 100 GeV.
      Step function: finalRange(mm)= 1, dRoverRange= 0.2, integral: 1

eBrem:   tables are built for  e+
      dE/dx and range tables from 100 eV  to 100 TeV in 120 bins.
      Lambda tables from threshold to 100 TeV in 120 bins.
      Total cross sections and sampling from StandBrem model (based on the EEDL data library) 
      Good description from 1 KeV to 100 GeV, log scale extrapolation above 100 GeV.

annihil:       Sampling according eplus2gg model
      tables are built for  e+
      Lambda tables from 100 eV  to 100 TeV in 120 bins.

msc:  Model variant of multiple scattering for proton
      Lambda tables from 100 eV  to 100 TeV in 120 bins.
      LateralDisplacementFlag=  1   Skin= 0
      Boundary/stepping algorithm is active with facrange= 0.2  Step limitation 0

hLowEIoni:    Knock-on electron cross sections . 
        Good description above the mean excitation energy.
        Delta ray energy sampled from  differential Xsection.
        PhysicsTables from 10 eV  to 0.1 TeV  in 360 bins.
        Electronic stopping power model is  ICRU_R49He
        from 1 keV  to 2.5 MeV .

        Parametrisation model for antiprotons is  ICRU_R49p
        from 25 keV  to 2 MeV .
        Parametrization of the Barkas effect is switched on.
        Nuclear stopping power model is ICRU_R49

msc:  Model variant of multiple scattering for GenericIon
      LateralDisplacementFlag=  0   Skin= 0
      Boundary/stepping algorithm is active with facrange= 0.2  Step limitation 0

hLowEIoni:    Knock-on electron cross sections . 
        Good description above the mean excitation energy.
        Delta ray energy sampled from  differential Xsection.
        PhysicsTables from 10 eV  to 0.1 TeV  in 360 bins.
        Electronic stopping power model is  ICRU_R49p
        from 1 keV  to 2 MeV .

        Parametrisation model for antiprotons is  ICRU_R49He
        from 25 keV  to 2 MeV .
        Parametrization of the Barkas effect is switched on.
        Nuclear stopping power model is ICRU_R49

msc:  Model variant of multiple scattering for pi-
      Lambda tables from 100 eV  to 100 TeV in 120 bins.
      LateralDisplacementFlag=  1   Skin= 0
      Boundary/stepping algorithm is active with facrange= 0.2  Step limitation 0

========= Table of registered couples ==============================

Index : 0     used in the geometry : Yes     recalculation needed : No 
 Material : Vacuum
 Range cuts        :  gamma 10 nm     e- 10 nm     e+ 10 nm 
 Energy thresholds :  gamma 990 eV     e- 990 eV     e+ 990 eV 
 Region(s) which use this couple : 
    DefaultRegionForTheWorld

Index : 1     used in the geometry : Yes     recalculation needed : No 
 Material : Pl
 Range cuts        :  gamma 10 nm     e- 10 nm     e+ 10 nm 
 Energy thresholds :  gamma 990 eV     e- 990 eV     e+ 990 eV 
 Region(s) which use this couple : 
    DefaultRegionForTheWorld

Index : 2     used in the geometry : Yes     recalculation needed : No 
 Material : Butane
 Range cuts        :  gamma 10 nm     e- 10 nm     e+ 10 nm 
 Energy thresholds :  gamma 990 eV     e- 990 eV     e+ 990 eV 
 Region(s) which use this couple : 
    DefaultRegionForTheWorld

Index : 3     used in the geometry : Yes     recalculation needed : No 
 Material : Laiton
 Range cuts        :  gamma 10 nm     e- 10 nm     e+ 10 nm 
 Energy thresholds :  gamma 990 eV     e- 990 eV     e+ 990 eV 
 Region(s) which use this couple : 
    DefaultRegionForTheWorld

Index : 4     used in the geometry : Yes     recalculation needed : No 
 Material : Si3N4
 Range cuts        :  gamma 10 nm     e- 10 nm     e+ 10 nm 
 Energy thresholds :  gamma 990 eV     e- 990 eV     e+ 990 eV 
 Region(s) which use this couple : 
    DefaultRegionForTheWorld

Index : 5     used in the geometry : Yes     recalculation needed : No 
 Material : Air
 Range cuts        :  gamma 10 nm     e- 10 nm     e+ 10 nm 
 Energy thresholds :  gamma 990 eV     e- 990 eV     e+ 990 eV 
 Region(s) which use this couple : 
    DefaultRegionForTheWorld

Index : 6     used in the geometry : Yes     recalculation needed : No 
 Material : Polyprop
 Range cuts        :  gamma 10 nm     e- 10 nm     e+ 10 nm 
 Energy thresholds :  gamma 990 eV     e- 990 eV     e+ 990 eV 
 Region(s) which use this couple : 
    DefaultRegionForTheWorld

Index : 7     used in the geometry : Yes     recalculation needed : No 
 Material : H2O
 Range cuts        :  gamma 10 nm     e- 10 nm     e+ 10 nm 
 Energy thresholds :  gamma 990 eV     e- 990 eV     e+ 990 eV 
 Region(s) which use this couple : 
    DefaultRegionForTheWorld

Index : 8     used in the geometry : Yes     recalculation needed : No 
 Material : Cytoplasm1
 Range cuts        :  gamma 10 nm     e- 10 nm     e+ 10 nm 
 Energy thresholds :  gamma 990 eV     e- 990 eV     e+ 990 eV 
 Region(s) which use this couple : 
    DefaultRegionForTheWorld

Index : 9     used in the geometry : Yes     recalculation needed : No 
 Material : Nucleus1
 Range cuts        :  gamma 10 nm     e- 10 nm     e+ 10 nm 
 Energy thresholds :  gamma 990 eV     e- 990 eV     e+ 990 eV 
 Region(s) which use this couple : 
    DefaultRegionForTheWorld

Index : 10     used in the geometry : Yes     recalculation needed : No 
 Material : Nucleus2
 Range cuts        :  gamma 10 nm     e- 10 nm     e+ 10 nm 
 Energy thresholds :  gamma 990 eV     e- 990 eV     e+ 990 eV 
 Region(s) which use this couple : 
    DefaultRegionForTheWorld

Index : 11     used in the geometry : Yes     recalculation needed : No 
 Material : Cytoplasm2
 Range cuts        :  gamma 10 nm     e- 10 nm     e+ 10 nm 
 Energy thresholds :  gamma 990 eV     e- 990 eV     e+ 990 eV 
 Region(s) which use this couple : 
    DefaultRegionForTheWorld

Index : 12     used in the geometry : Yes     recalculation needed : No 
 Material : SiO2
 Range cuts        :  gamma 10 nm     e- 10 nm     e+ 10 nm 
 Energy thresholds :  gamma 990 eV     e- 990 eV     e+ 990 eV 
 Region(s) which use this couple : 
    DefaultRegionForTheWorld

====================================================================

-> Event # 1 generated 
   ===> The incident alpha particle has reached the targeted cell :
   -----> total absorbed dose within Nucleus   is (Gy) = 0.38476
   -----> total absorbed dose within Cytoplasm is (Gy) = 0.0474129

-> Event # 2 generated 
   ===> The incident alpha particle has reached the targeted cell :
   -----> total absorbed dose within Nucleus   is (Gy) = 0.326371
   -----> total absorbed dose within Cytoplasm is (Gy) = 0.0235737

-> Event # 3 generated 
   ===> Sorry, the incident alpha particle has missed the targeted cell !

-> Event # 4 generated 
   ===> Sorry, the incident alpha particle has missed the targeted cell !

-> Event # 5 generated 
   ===> The incident alpha particle has reached the targeted cell :
   -----> total absorbed dose within Nucleus   is (Gy) = 0.327327
   -----> total absorbed dose within Cytoplasm is (Gy) = 0.00630958

-> Event # 6 generated 
   ===> Sorry, the incident alpha particle has missed the targeted cell !

-> Event # 7 generated 
   ===> Sorry, the incident alpha particle has missed the targeted cell !

-> Event # 8 generated 
   ===> Sorry, the incident alpha particle has missed the targeted cell !

-> Event # 9 generated 
   ===> Sorry, the incident alpha particle has missed the targeted cell !

-> Event # 10 generated 
   ===> The incident alpha particle has reached the targeted cell :
   -----> total absorbed dose within Nucleus   is (Gy) = 0.383181
   -----> total absorbed dose within Cytoplasm is (Gy) = 0.0430387

ERROR: G4VisCommandsViewerUpdate::SetNewValue: no current viewer.
-> Total number of particles detected by the gas detector : 4

Graphics systems deleted.
Visualization Manager deleting...
