
*************************************************************
 Geant4 version Name: geant4-08-01-patch-01    (27-July-2006)
                      Copyright : Geant4 Collaboration
                      Reference : NIM A 506 (2003), 250-303
                            WWW : http://cern.ch/geant4
*************************************************************

You are using the RE02PhysicsList
This PhysicsList originally comes from 
example/extended/analysis/A01, and is modified 
in Hadron Physics in order to involve Binary Cascade
at low energy region and inelastic process for generic ions. 
Full set of particles (barions bosons and mesons) will be created and
Standard EM Physics and Low & High Energy parameterized models will be applied.
RE02PhysicsList is optimized for robustness
and not for any particular usage.
For the hadronic physics, educated guesses of physics list are prepared for various use cases.
When you will start REAL calculations for your own interest,
please consider the usage of hadronic_lists instead of RE02PhysicsLists.
More information can also be found from the Geant4 HyperNews.
http://geant4-hn.slac.stanford.edu:5090/Geant4-HyperNews/index

Visualization Manager instantiating...
Visualization Manager initialising...
Registering graphics systems...

You have successfully registered the following graphics systems.
Current available graphics systems are:
  ASCIITree (ATree)
  DAWNFILE (DAWNFILE)
  GAGTree (GAGTree)
  G4HepRep (HepRepXML)
  G4HepRepFile (HepRepFile)
  RayTracer (RayTracer)
  VRML1FILE (VRML1FILE)
  VRML2FILE (VRML2FILE)
  FukuiRenderer (DAWN)
  OpenGLImmediateX (OGLIX)
  OpenGLStoredX (OGLSX)
  RayTracerX (RayTracerX)
  VRML1 (VRML1)
  VRML2 (VRML2)

Registering model factories...

You have successfully registered the following model factories.
Registered model factories:
  generic
  drawByCharge
  drawByParticleID
  drawByOriginVolume

Registered models: 
  None

Registered filter factories:
  chargeFilter
  particleFilter
  originVolumeFilter

Registered filters:
  None


The materials defined are : 


***** Table : Nb of materials = 3 *****

 Material:   G4_AIR     density:  1.205 mg/cm3  temperature: 273.15 K  pressure:   1.00 atm  RadLength: 303.921 m  
   --->  Element: C (C)   Z =  6.0   N =  12.0   A =  12.01 g/mole
   --->  Isotope:     C   Z =  6   N =  12   A =  12.00 g/mole   abundance:  98.93 %
   --->  Isotope:     C   Z =  6   N =  13   A =  13.00 g/mole   abundance:   1.07 %  ElmMassFraction:   0.01 %  ElmAbundance   0.02 %
   --->  Element: N (N)   Z =  7.0   N =  14.0   A =  14.01 g/mole
   --->  Isotope:     N   Z =  7   N =  14   A =  14.00 g/mole   abundance:  99.63 %
   --->  Isotope:     N   Z =  7   N =  15   A =  15.00 g/mole   abundance:   0.37 %  ElmMassFraction:  75.53 %  ElmAbundance  78.44 %
   --->  Element: O (O)   Z =  8.0   N =  16.0   A =  16.00 g/mole
   --->  Isotope:     O   Z =  8   N =  16   A =  15.99 g/mole   abundance:  99.76 %
   --->  Isotope:     O   Z =  8   N =  17   A =  17.00 g/mole   abundance:   0.04 %
   --->  Isotope:     O   Z =  8   N =  18   A =  18.00 g/mole   abundance:   0.20 %  ElmMassFraction:  23.18 %  ElmAbundance  21.07 %
   --->  Element: Ar (Ar)   Z = 18.0   N =  40.0   A =  39.95 g/mole
   --->  Isotope:    Ar   Z = 18   N =  36   A =  35.97 g/mole   abundance:   0.34 %
   --->  Isotope:    Ar   Z = 18   N =  38   A =  37.96 g/mole   abundance:   0.06 %
   --->  Isotope:    Ar   Z = 18   N =  40   A =  39.96 g/mole   abundance:  99.60 %  ElmMassFraction:   1.28 %  ElmAbundance   0.47 %

 Material: G4_WATER H_2O   density:  1.000 g/cm3   temperature: 273.15 K  pressure:   1.00 atm  RadLength:  36.083 cm 
   --->  Element: H (H)   Z =  1.0   N =   1.0   A =   1.01 g/mole
   --->  Isotope:     H   Z =  1   N =   1   A =   1.01 g/mole   abundance:  99.99 %
   --->  Isotope:     H   Z =  1   N =   2   A =   2.01 g/mole   abundance:   0.01 %  ElmMassFraction:  11.19 %  ElmAbundance  66.67 %
   --->  Element: O (O)   Z =  8.0   N =  16.0   A =  16.00 g/mole
   --->  Isotope:     O   Z =  8   N =  16   A =  15.99 g/mole   abundance:  99.76 %
   --->  Isotope:     O   Z =  8   N =  17   A =  17.00 g/mole   abundance:   0.04 %
   --->  Isotope:     O   Z =  8   N =  18   A =  18.00 g/mole   abundance:   0.20 %  ElmMassFraction:  88.81 %  ElmAbundance  33.33 %

 Material:    G4_Pb     density: 11.350 g/cm3   temperature: 273.15 K  pressure:   1.00 atm  RadLength:   5.613 mm 
   --->  Element: Pb (Pb)   Z = 82.0   N = 207.2   A = 207.22 g/mole
   --->  Isotope:    Pb   Z = 82   N = 204   A = 203.97 g/mole   abundance:   1.40 %
   --->  Isotope:    Pb   Z = 82   N = 206   A = 205.97 g/mole   abundance:  24.10 %
   --->  Isotope:    Pb   Z = 82   N = 207   A = 206.98 g/mole   abundance:  22.10 %
   --->  Isotope:    Pb   Z = 82   N = 208   A = 207.98 g/mole   abundance:  52.40 %  ElmMassFraction: 100.00 %  ElmAbundance 100.00 %


<-- RE02DetectorConstruction::Construct-------
  Water Phantom Size (200,200,400)
  Segmentation  (100,100,200)
  Lead plate at even copy # (0-False,1-True): 1
<---------------------------------------------
----G4SDParticleFileter particle list------
gamma
-------------------------------------------
 G4SDKineticEnergyFilter:: gammaE filter LowE  1 keV HighE 10 keV
----G4SDParticleFileter particle list------
gamma
-------------------------------------------
 G4SDKineticEnergyFilter:: gammaE filter LowE  10 keV HighE 100 keV
----G4SDParticleFileter particle list------
gamma
-------------------------------------------
 G4SDKineticEnergyFilter:: gammaE filter LowE  100 keV HighE 1 MeV
----G4SDParticleFileter particle list------
gamma
-------------------------------------------
 G4SDKineticEnergyFilter:: gammaE filter LowE  1 MeV HighE 10 MeV
Thank you for using G4BinaryCascade. 
Thank you for using G4BinaryCascade. 
Thank you for using G4BinaryCascade. 
/run/verbose 2
#/event/verbose 0
#/tracking/verbose 1
# 
# 
#/vis/scene/create
#
# Create a scene handler for a specific graphics system
# (Edit the next line(s) to choose another graphic system)
#/vis/open OGLIX
#/vis/open DAWNFILE
#/vis/open VRML2FILE
#
# viewer settings
#/vis/viewer/set/viewpointThetaPhi 90 180 deg
#/vis/viewer/zoom 1.4
#
# Store trajectory
#/tracking/storeTrajectory 1
#/vis/scene/add/trajectories
#/vis/scene/endOfEventAction accumulate
#
#
#  Beam Parameters
#  for electron
#   UIcommands from G4ParticleGun.
# 
/gun/particle gamma
#
# Kinetic Energy.
#/gun/energy 35. keV
/gun/energy  60. keV
#/gun/energy  356. keV
#
/gun/position  0 0 -100. cm
/gun/direction 0 0 1
#  
/run/beamOn 10000

conv:  Total cross sections has a good parametrisation from 1.5 MeV to 100 GeV for all Z;
      sampling secondary e+e- according to the Bethe-Heitler model
      tables are built for  gamma
      Lambda tables from 1.022 MeV to 100 GeV in 100 bins.

compt:  Total cross sections has a good parametrisation from 10 KeV to (100/Z) GeV
      Sampling according Klein-Nishina model
      tables are built for  gamma
      Lambda tables from 100 eV  to 100 GeV in 90 bins.

phot:  Total cross sections from Sandia parametrisation. 

msc:  Model variant of multiple scattering for e-
      Lambda tables from 100 eV  to 100 TeV in 120 bins.
      Boundary/stepping algorithm is active with facrange= 0.02  Step limitation 1

eIoni:   tables are built for  e-
      dE/dx and range tables from 100 eV  to 100 TeV in 120 bins.
      Lambda tables from threshold to 100 TeV in 120 bins.
      Delta cross sections from Moller+Bhabha, good description from 1 KeV to 100 GeV.
      Step function: finalRange(mm)= 1, dRoverRange= 0.2, integral: 1

eBrem:   tables are built for  e-
      dE/dx and range tables from 100 eV  to 100 TeV in 120 bins.
      Lambda tables from threshold to 100 TeV in 120 bins.
      Total cross sections from a parametrisation based on the EEDL data library. 
      Good description from 1 KeV to 100 GeV, log scale extrapolation above 100 GeV.

eIoni:   tables are built for  e+
      dE/dx and range tables from 100 eV  to 100 TeV in 120 bins.
      Lambda tables from threshold to 100 TeV in 120 bins.
      Delta cross sections from Moller+Bhabha, good description from 1 KeV to 100 GeV.
      Step function: finalRange(mm)= 1, dRoverRange= 0.2, integral: 1

eBrem:   tables are built for  e+
      dE/dx and range tables from 100 eV  to 100 TeV in 120 bins.
      Lambda tables from threshold to 100 TeV in 120 bins.
      Total cross sections from a parametrisation based on the EEDL data library. 
      Good description from 1 KeV to 100 GeV, log scale extrapolation above 100 GeV.

annihil:       Heilter model of formula of annihilation into 2 photons
      tables are built for  e+
      Lambda tables from 100 eV  to 100 TeV in 120 bins.

hIoni:   tables are built for  proton
      dE/dx and range tables from 100 eV  to 100 TeV in 120 bins.
      Lambda tables from threshold to 100 TeV in 120 bins.
      Scaling relation is used to proton dE/dx and range
      Bether-Bloch model for Escaled > 2 MeV, ICRU49 parametrisation for protons below.
      Step function: finalRange(mm)= 1, dRoverRange= 0.2, integral: 1

msc:  Model variant of multiple scattering for proton
      Lambda tables from 100 eV  to 100 TeV in 120 bins.
      Boundary/stepping algorithm is active with facrange= 0.02  Step limitation 1

ionIoni:   tables are built for  GenericIon
      dE/dx and range tables from 100 eV  to 100 TeV in 120 bins.
      Lambda tables from threshold to 100 TeV in 120 bins.
      Scaling relation is used to proton dE/dx and range
      Bether-Bloch model for Escaled > 2 MeV, ICRU49 parametrisation for alpha particles below.
      Stopping Power data for 8 ion/material pairs are used.
      Step function: finalRange(mm)= 0.1, dRoverRange= 0.1, integral: 1

msc:  Model variant of multiple scattering for GenericIon
      Boundary/stepping algorithm is active with facrange= 0.02  Step limitation 1

hIoni:   tables are built for  anti_proton
      dE/dx and range tables from 100 eV  to 100 TeV in 120 bins.
      Lambda tables from threshold to 100 TeV in 120 bins.
      Scaling relation is used to proton dE/dx and range
      Bether-Bloch model for Escaled > 2 MeV, ICRU49 parametrisation for protons below.
      Step function: finalRange(mm)= 1, dRoverRange= 0.2, integral: 1

muIoni:   tables are built for  mu+
      dE/dx and range tables from 100 eV  to 100 TeV in 120 bins.
      Lambda tables from threshold to 100 TeV in 120 bins.
      Bether-Bloch model for E > 0.2 MeV, parametrisation of Bragg peak below, 
      radiative corrections for E > 1 GeV
      Step function: finalRange(mm)= 1, dRoverRange= 0.2, integral: 1

msc:  Model variant of multiple scattering for mu+
      Lambda tables from 100 eV  to 100 TeV in 120 bins.
      Boundary/stepping algorithm is active with facrange= 0.02  Step limitation 1

muBrems:   tables are built for  mu+
      dE/dx and range tables from 100 eV  to 100 TeV in 120 bins.
      Lambda tables from threshold to 100 TeV in 120 bins.
      Parametrised model 

muPairProd:   tables are built for  mu+
      dE/dx and range tables from 100 eV  to 100 TeV in 120 bins.
      Lambda tables from threshold to 100 TeV in 120 bins.
      Parametrised model 

muIoni:   tables are built for  mu-
      dE/dx and range tables from 100 eV  to 100 TeV in 120 bins.
      Lambda tables from threshold to 100 TeV in 120 bins.
      Bether-Bloch model for E > 0.2 MeV, parametrisation of Bragg peak below, 
      radiative corrections for E > 1 GeV
      Step function: finalRange(mm)= 1, dRoverRange= 0.2, integral: 1

muBrems:   tables are built for  mu-
      dE/dx and range tables from 100 eV  to 100 TeV in 120 bins.
      Lambda tables from threshold to 100 TeV in 120 bins.
      Parametrised model 

muPairProd:   tables are built for  mu-
      dE/dx and range tables from 100 eV  to 100 TeV in 120 bins.
      Lambda tables from threshold to 100 TeV in 120 bins.
      Parametrised model 

hIoni:   tables are built for  pi+
      dE/dx and range tables from 100 eV  to 100 TeV in 120 bins.
      Lambda tables from threshold to 100 TeV in 120 bins.
      Scaling relation is used to proton dE/dx and range
      Bether-Bloch model for Escaled > 0.297504 MeV, ICRU49 parametrisation for protons below.
      Step function: finalRange(mm)= 1, dRoverRange= 0.2, integral: 1

hIoni:   tables are built for  pi-
      dE/dx and range tables from 100 eV  to 100 TeV in 120 bins.
      Lambda tables from threshold to 100 TeV in 120 bins.
      Scaling relation is used to proton dE/dx and range
      Bether-Bloch model for Escaled > 0.297504 MeV, ICRU49 parametrisation for protons below.
      Step function: finalRange(mm)= 1, dRoverRange= 0.2, integral: 1

msc:  Model variant of multiple scattering for pi-
      Lambda tables from 100 eV  to 100 TeV in 120 bins.
      Boundary/stepping algorithm is active with facrange= 0.02  Step limitation 1

Region <DefaultRegionForTheWorld> -- appears in <World> world volume
 Materials : G4_AIR G4_WATER G4_Pb 
 Production cuts :  gamma 1 mm     e- 1 mm     e+ 1 mm 

========= Table of registered couples ==============================

Index : 0     used in the geometry : Yes     recalculation needed : No 
 Material : G4_AIR
 Range cuts        :  gamma 1 mm     e- 1 mm     e+ 1 mm 
 Energy thresholds :  gamma 990 eV     e- 990 eV     e+ 990 eV 
 Region(s) which use this couple : 
    DefaultRegionForTheWorld

Index : 1     used in the geometry : Yes     recalculation needed : No 
 Material : G4_WATER
 Range cuts        :  gamma 1 mm     e- 1 mm     e+ 1 mm 
 Energy thresholds :  gamma 2.90186 keV    e- 347.138 keV    e+ 338.695 keV
 Region(s) which use this couple : 
    DefaultRegionForTheWorld

Index : 2     used in the geometry : Yes     recalculation needed : No 
 Material : G4_Pb
 Range cuts        :  gamma 1 mm     e- 1 mm     e+ 1 mm 
 Energy thresholds :  gamma 100.511 keV    e- 1.37814 MeV    e+ 1.28002 MeV
 Region(s) which use this couple : 
    DefaultRegionForTheWorld

====================================================================

Start closing geometry.
G4GeometryManager::ReportVoxelStats -- Voxel Statistics

    Total memory consumed for geometry optimisation:   13 kByte
    Total CPU time elapsed for geometry optimisation: 0 seconds

    Voxelisation: top CPU users:
    Percent   Total CPU    System CPU       Memory  Volume
    -------   ----------   ----------     --------  ----------
       0.00         0.00         0.00            3k Phantom
       0.00         0.00         0.00            3k RepY
       0.00         0.00         0.00            7k RepX

    Voxelisation: top memory users:
    Percent     Memory      Heads    Nodes   Pointers    Total CPU    Volume
    -------   --------     ------   ------   --------   ----------    ----------
      52.81          7k         1      201        400         0.00    RepX
      23.59          3k         1      100        100         0.00    Phantom
      23.59          3k         1      100        100         0.00    RepY
++ PhantomSD/totalEDep id 0
++ PhantomSD/protonEDep id 1
++ PhantomSD/protonNStep id 2
++ PhantomSD/chargedPassCellFlux id 3
++ PhantomSD/chargedCellFlux id 4
++ PhantomSD/chargedSurfFlux id 5
++ PhantomSD/gammaSurfCurr000 id 6
++ PhantomSD/gammaSurfCurr001 id 7
++ PhantomSD/gammaSurfCurr002 id 8
++ PhantomSD/gammaSurfCurr003 id 9
### Run 0 start.
Start Run processing.
>>> Event 0
>>> Event 1
>>> Event 2
>>> Event 3
>>> Event 4
>>> Event 5
>>> Event 6
>>> Event 7
>>> Event 8
>>> Event 9
>>> Event 10
>>> Event 11
>>> Event 12
>>> Event 13
>>> Event 14
>>> Event 15
>>> Event 16
>>> Event 17
>>> Event 18
>>> Event 19
>>> Event 20
>>> Event 21
>>> Event 22
>>> Event 23
>>> Event 24
>>> Event 25
>>> Event 26
>>> Event 27
>>> Event 28
>>> Event 29
>>> Event 30
>>> Event 31
>>> Event 32
>>> Event 33
>>> Event 34
>>> Event 35
>>> Event 36
>>> Event 37
>>> Event 38
>>> Event 39
>>> Event 40
>>> Event 41
>>> Event 42
>>> Event 43
>>> Event 44
>>> Event 45
>>> Event 46
>>> Event 47
>>> Event 48
>>> Event 49
>>> Event 50
>>> Event 51
>>> Event 52
>>> Event 53
>>> Event 54
>>> Event 55
>>> Event 56
>>> Event 57
>>> Event 58
>>> Event 59
>>> Event 60
>>> Event 61
>>> Event 62
>>> Event 63
>>> Event 64
>>> Event 65
>>> Event 66
>>> Event 67
>>> Event 68
>>> Event 69
>>> Event 70
>>> Event 71
>>> Event 72
>>> Event 73
>>> Event 74
>>> Event 75
>>> Event 76
>>> Event 77
>>> Event 78
>>> Event 79
>>> Event 80
>>> Event 81
>>> Event 82
>>> Event 83
>>> Event 84
>>> Event 85
>>> Event 86
>>> Event 87
>>> Event 88
>>> Event 89
>>> Event 90
>>> Event 91
>>> Event 92
>>> Event 93
>>> Event 94
>>> Event 95
>>> Event 96
>>> Event 97
>>> Event 98
>>> Event 99
>>> Event 100
>>> Event 200
>>> Event 300
>>> Event 400
>>> Event 500
>>> Event 600
>>> Event 700
>>> Event 800
>>> Event 900
>>> Event 1000
>>> Event 1100
>>> Event 1200
>>> Event 1300
>>> Event 1400
>>> Event 1500
>>> Event 1600
>>> Event 1700
>>> Event 1800
>>> Event 1900
>>> Event 2000
>>> Event 2100
>>> Event 2200
>>> Event 2300
>>> Event 2400
>>> Event 2500
>>> Event 2600
>>> Event 2700
>>> Event 2800
>>> Event 2900
>>> Event 3000
>>> Event 3100
>>> Event 3200
>>> Event 3300
>>> Event 3400
>>> Event 3500
>>> Event 3600
>>> Event 3700
>>> Event 3800
>>> Event 3900
>>> Event 4000
>>> Event 4100
>>> Event 4200
>>> Event 4300
>>> Event 4400
>>> Event 4500
>>> Event 4600
>>> Event 4700
>>> Event 4800
>>> Event 4900
>>> Event 5000
>>> Event 5100
>>> Event 5200
>>> Event 5300
>>> Event 5400
>>> Event 5500
>>> Event 5600
>>> Event 5700
>>> Event 5800
>>> Event 5900
>>> Event 6000
>>> Event 6100
>>> Event 6200
>>> Event 6300
>>> Event 6400
>>> Event 6500
>>> Event 6600
>>> Event 6700
>>> Event 6800
>>> Event 6900
>>> Event 7000
>>> Event 7100
>>> Event 7200
>>> Event 7300
>>> Event 7400
>>> Event 7500
>>> Event 7600
>>> Event 7700
>>> Event 7800
>>> Event 7900
>>> Event 8000
>>> Event 8100
>>> Event 8200
>>> Event 8300
>>> Event 8400
>>> Event 8500
>>> Event 8600
>>> Event 8700
>>> Event 8800
>>> Event 8900
>>> Event 9000
>>> Event 9100
>>> Event 9200
>>> Event 9300
>>> Event 9400
>>> Event 9500
>>> Event 9600
>>> Event 9700
>>> Event 9800
>>> Event 9900
Run terminated.
Run Summary
  Number of events processed : 10000
  User=5.9s Real=6.01s Sys=0.01s
=============================================================
 Number of event processed : 10000
=============================================================
#Z Cell#       totalEDep      protonEDep protonNStep  chargedPassCellFlux     chargedCellFlux     chargedSurfFlux    gammaSurfCurr000    gammaSurfCurr001    gammaSurfCurr002    gammaSurfCurr003
     0     250.38009 keV           0 eV            0               0 /cm2      2.4024218 /cm2              0 /cm2              0 /cm2          10275 /cm2              0 /cm2              0 /cm2
     1     23.475973 MeV           0 eV            0               0 /cm2      36.010425 /cm2              0 /cm2              0 /cm2           9850 /cm2              0 /cm2              0 /cm2
     2             0 eV            0 eV            0               0 /cm2              0 /cm2              0 /cm2              0 /cm2              0 /cm2              0 /cm2              0 /cm2
     3             0 eV            0 eV            0               0 /cm2              0 /cm2              0 /cm2              0 /cm2              0 /cm2              0 /cm2              0 /cm2
     4             0 eV            0 eV            0               0 /cm2              0 /cm2              0 /cm2              0 /cm2              0 /cm2              0 /cm2              0 /cm2
     5             0 eV            0 eV            0               0 /cm2              0 /cm2              0 /cm2              0 /cm2              0 /cm2              0 /cm2              0 /cm2
     6             0 eV            0 eV            0               0 /cm2              0 /cm2              0 /cm2              0 /cm2              0 /cm2              0 /cm2              0 /cm2
     7             0 eV            0 eV            0               0 /cm2              0 /cm2              0 /cm2              0 /cm2              0 /cm2              0 /cm2              0 /cm2
     8             0 eV            0 eV            0               0 /cm2              0 /cm2              0 /cm2              0 /cm2              0 /cm2              0 /cm2              0 /cm2
     9             0 eV            0 eV            0               0 /cm2              0 /cm2              0 /cm2              0 /cm2              0 /cm2              0 /cm2              0 /cm2
    10             0 eV            0 eV            0               0 /cm2              0 /cm2              0 /cm2              0 /cm2              0 /cm2              0 /cm2              0 /cm2
    11             0 eV            0 eV            0               0 /cm2              0 /cm2              0 /cm2              0 /cm2              0 /cm2              0 /cm2              0 /cm2
    12             0 eV            0 eV            0               0 /cm2              0 /cm2              0 /cm2              0 /cm2              0 /cm2              0 /cm2              0 /cm2
    13             0 eV            0 eV            0               0 /cm2              0 /cm2              0 /cm2              0 /cm2              0 /cm2              0 /cm2              0 /cm2
    14             0 eV            0 eV            0               0 /cm2              0 /cm2              0 /cm2              0 /cm2              0 /cm2              0 /cm2              0 /cm2
    15             0 eV            0 eV            0               0 /cm2              0 /cm2              0 /cm2              0 /cm2              0 /cm2              0 /cm2              0 /cm2
    16             0 eV            0 eV            0               0 /cm2              0 /cm2              0 /cm2              0 /cm2              0 /cm2              0 /cm2              0 /cm2
    17             0 eV            0 eV            0               0 /cm2              0 /cm2              0 /cm2              0 /cm2              0 /cm2              0 /cm2              0 /cm2
    18             0 eV            0 eV            0               0 /cm2              0 /cm2              0 /cm2              0 /cm2              0 /cm2              0 /cm2              0 /cm2
    19             0 eV            0 eV            0               0 /cm2              0 /cm2              0 /cm2              0 /cm2              0 /cm2              0 /cm2              0 /cm2
    20             0 eV            0 eV            0               0 /cm2              0 /cm2              0 /cm2              0 /cm2              0 /cm2              0 /cm2              0 /cm2
    21             0 eV            0 eV            0               0 /cm2              0 /cm2              0 /cm2              0 /cm2              0 /cm2              0 /cm2              0 /cm2
    22             0 eV            0 eV            0               0 /cm2              0 /cm2              0 /cm2              0 /cm2              0 /cm2              0 /cm2              0 /cm2
    23             0 eV            0 eV            0               0 /cm2              0 /cm2              0 /cm2              0 /cm2              0 /cm2              0 /cm2              0 /cm2
    24             0 eV            0 eV            0               0 /cm2              0 /cm2              0 /cm2              0 /cm2              0 /cm2              0 /cm2              0 /cm2
    25             0 eV            0 eV            0               0 /cm2              0 /cm2              0 /cm2              0 /cm2              0 /cm2              0 /cm2              0 /cm2
    26             0 eV            0 eV            0               0 /cm2              0 /cm2              0 /cm2              0 /cm2              0 /cm2              0 /cm2              0 /cm2
    27             0 eV            0 eV            0               0 /cm2              0 /cm2              0 /cm2              0 /cm2              0 /cm2              0 /cm2              0 /cm2
    28             0 eV            0 eV            0               0 /cm2              0 /cm2              0 /cm2              0 /cm2              0 /cm2              0 /cm2              0 /cm2
    29             0 eV            0 eV            0               0 /cm2              0 /cm2              0 /cm2              0 /cm2              0 /cm2              0 /cm2              0 /cm2
    30             0 eV            0 eV            0               0 /cm2              0 /cm2              0 /cm2              0 /cm2              0 /cm2              0 /cm2              0 /cm2
    31             0 eV            0 eV            0               0 /cm2              0 /cm2              0 /cm2              0 /cm2              0 /cm2              0 /cm2              0 /cm2
    32             0 eV            0 eV            0               0 /cm2              0 /cm2              0 /cm2              0 /cm2              0 /cm2              0 /cm2              0 /cm2
    33             0 eV            0 eV            0               0 /cm2              0 /cm2              0 /cm2              0 /cm2              0 /cm2              0 /cm2              0 /cm2
    34             0 eV            0 eV            0               0 /cm2              0 /cm2              0 /cm2              0 /cm2              0 /cm2              0 /cm2              0 /cm2
    35             0 eV            0 eV            0               0 /cm2              0 /cm2              0 /cm2              0 /cm2              0 /cm2              0 /cm2              0 /cm2
    36             0 eV            0 eV            0               0 /cm2              0 /cm2              0 /cm2              0 /cm2              0 /cm2              0 /cm2              0 /cm2
    37             0 eV            0 eV            0               0 /cm2              0 /cm2              0 /cm2              0 /cm2              0 /cm2              0 /cm2              0 /cm2
    38             0 eV            0 eV            0               0 /cm2              0 /cm2              0 /cm2              0 /cm2              0 /cm2              0 /cm2              0 /cm2
    39             0 eV            0 eV            0               0 /cm2              0 /cm2              0 /cm2              0 /cm2              0 /cm2              0 /cm2              0 /cm2
    40             0 eV            0 eV            0               0 /cm2              0 /cm2              0 /cm2              0 /cm2              0 /cm2              0 /cm2              0 /cm2
    41             0 eV            0 eV            0               0 /cm2              0 /cm2              0 /cm2              0 /cm2              0 /cm2              0 /cm2              0 /cm2
    42             0 eV            0 eV            0               0 /cm2              0 /cm2              0 /cm2              0 /cm2              0 /cm2              0 /cm2              0 /cm2
    43             0 eV            0 eV            0               0 /cm2              0 /cm2              0 /cm2              0 /cm2              0 /cm2              0 /cm2              0 /cm2
    44             0 eV            0 eV            0               0 /cm2              0 /cm2              0 /cm2              0 /cm2              0 /cm2              0 /cm2              0 /cm2
    45             0 eV            0 eV            0               0 /cm2              0 /cm2              0 /cm2              0 /cm2              0 /cm2              0 /cm2              0 /cm2
    46             0 eV            0 eV            0               0 /cm2              0 /cm2              0 /cm2              0 /cm2              0 /cm2              0 /cm2              0 /cm2
    47             0 eV            0 eV            0               0 /cm2              0 /cm2              0 /cm2              0 /cm2              0 /cm2              0 /cm2              0 /cm2
    48             0 eV            0 eV            0               0 /cm2              0 /cm2              0 /cm2              0 /cm2              0 /cm2              0 /cm2              0 /cm2
    49             0 eV            0 eV            0               0 /cm2              0 /cm2              0 /cm2              0 /cm2              0 /cm2              0 /cm2              0 /cm2
    50             0 eV            0 eV            0               0 /cm2              0 /cm2              0 /cm2              0 /cm2              0 /cm2              0 /cm2              0 /cm2
    51             0 eV            0 eV            0               0 /cm2              0 /cm2              0 /cm2              0 /cm2              0 /cm2              0 /cm2              0 /cm2
    52             0 eV            0 eV            0               0 /cm2              0 /cm2              0 /cm2              0 /cm2              0 /cm2              0 /cm2              0 /cm2
    53             0 eV            0 eV            0               0 /cm2              0 /cm2              0 /cm2              0 /cm2              0 /cm2              0 /cm2              0 /cm2
    54             0 eV            0 eV            0               0 /cm2              0 /cm2              0 /cm2              0 /cm2              0 /cm2              0 /cm2              0 /cm2
    55             0 eV            0 eV            0               0 /cm2              0 /cm2              0 /cm2              0 /cm2              0 /cm2              0 /cm2              0 /cm2
    56             0 eV            0 eV            0               0 /cm2              0 /cm2              0 /cm2              0 /cm2              0 /cm2              0 /cm2              0 /cm2
    57             0 eV            0 eV            0               0 /cm2              0 /cm2              0 /cm2              0 /cm2              0 /cm2              0 /cm2              0 /cm2
    58             0 eV            0 eV            0               0 /cm2              0 /cm2              0 /cm2              0 /cm2              0 /cm2              0 /cm2              0 /cm2
    59             0 eV            0 eV            0               0 /cm2              0 /cm2              0 /cm2              0 /cm2              0 /cm2              0 /cm2              0 /cm2
    60             0 eV            0 eV            0               0 /cm2              0 /cm2              0 /cm2              0 /cm2              0 /cm2              0 /cm2              0 /cm2
    61             0 eV            0 eV            0               0 /cm2              0 /cm2              0 /cm2              0 /cm2              0 /cm2              0 /cm2              0 /cm2
    62             0 eV            0 eV            0               0 /cm2              0 /cm2              0 /cm2              0 /cm2              0 /cm2              0 /cm2              0 /cm2
    63             0 eV            0 eV            0               0 /cm2              0 /cm2              0 /cm2              0 /cm2              0 /cm2              0 /cm2              0 /cm2
    64             0 eV            0 eV            0               0 /cm2              0 /cm2              0 /cm2              0 /cm2              0 /cm2              0 /cm2              0 /cm2
    65             0 eV            0 eV            0               0 /cm2              0 /cm2              0 /cm2              0 /cm2              0 /cm2              0 /cm2              0 /cm2
    66             0 eV            0 eV            0               0 /cm2              0 /cm2              0 /cm2              0 /cm2              0 /cm2              0 /cm2              0 /cm2
    67             0 eV            0 eV            0               0 /cm2              0 /cm2              0 /cm2              0 /cm2              0 /cm2              0 /cm2              0 /cm2
    68             0 eV            0 eV            0               0 /cm2              0 /cm2              0 /cm2              0 /cm2              0 /cm2              0 /cm2              0 /cm2
    69             0 eV            0 eV            0               0 /cm2              0 /cm2              0 /cm2              0 /cm2              0 /cm2              0 /cm2              0 /cm2
    70             0 eV            0 eV            0               0 /cm2              0 /cm2              0 /cm2              0 /cm2              0 /cm2              0 /cm2              0 /cm2
    71             0 eV            0 eV            0               0 /cm2              0 /cm2              0 /cm2              0 /cm2              0 /cm2              0 /cm2              0 /cm2
    72             0 eV            0 eV            0               0 /cm2              0 /cm2              0 /cm2              0 /cm2              0 /cm2              0 /cm2              0 /cm2
    73             0 eV            0 eV            0               0 /cm2              0 /cm2              0 /cm2              0 /cm2              0 /cm2              0 /cm2              0 /cm2
    74             0 eV            0 eV            0               0 /cm2              0 /cm2              0 /cm2              0 /cm2              0 /cm2              0 /cm2              0 /cm2
    75             0 eV            0 eV            0               0 /cm2              0 /cm2              0 /cm2              0 /cm2              0 /cm2              0 /cm2              0 /cm2
    76             0 eV            0 eV            0               0 /cm2              0 /cm2              0 /cm2              0 /cm2              0 /cm2              0 /cm2              0 /cm2
    77             0 eV            0 eV            0               0 /cm2              0 /cm2              0 /cm2              0 /cm2              0 /cm2              0 /cm2              0 /cm2
    78             0 eV            0 eV            0               0 /cm2              0 /cm2              0 /cm2              0 /cm2              0 /cm2              0 /cm2              0 /cm2
    79             0 eV            0 eV            0               0 /cm2              0 /cm2              0 /cm2              0 /cm2              0 /cm2              0 /cm2              0 /cm2
    80             0 eV            0 eV            0               0 /cm2              0 /cm2              0 /cm2              0 /cm2              0 /cm2              0 /cm2              0 /cm2
    81             0 eV            0 eV            0               0 /cm2              0 /cm2              0 /cm2              0 /cm2              0 /cm2              0 /cm2              0 /cm2
    82             0 eV            0 eV            0               0 /cm2              0 /cm2              0 /cm2              0 /cm2              0 /cm2              0 /cm2              0 /cm2
    83             0 eV            0 eV            0               0 /cm2              0 /cm2              0 /cm2              0 /cm2              0 /cm2              0 /cm2              0 /cm2
    84             0 eV            0 eV            0               0 /cm2              0 /cm2              0 /cm2              0 /cm2              0 /cm2              0 /cm2              0 /cm2
    85             0 eV            0 eV            0               0 /cm2              0 /cm2              0 /cm2              0 /cm2              0 /cm2              0 /cm2              0 /cm2
    86             0 eV            0 eV            0               0 /cm2              0 /cm2              0 /cm2              0 /cm2              0 /cm2              0 /cm2              0 /cm2
    87             0 eV            0 eV            0               0 /cm2              0 /cm2              0 /cm2              0 /cm2              0 /cm2              0 /cm2              0 /cm2
    88             0 eV            0 eV            0               0 /cm2              0 /cm2              0 /cm2              0 /cm2              0 /cm2              0 /cm2              0 /cm2
    89             0 eV            0 eV            0               0 /cm2              0 /cm2              0 /cm2              0 /cm2              0 /cm2              0 /cm2              0 /cm2
    90             0 eV            0 eV            0               0 /cm2              0 /cm2              0 /cm2              0 /cm2              0 /cm2              0 /cm2              0 /cm2
    91             0 eV            0 eV            0               0 /cm2              0 /cm2              0 /cm2              0 /cm2              0 /cm2              0 /cm2              0 /cm2
    92             0 eV            0 eV            0               0 /cm2              0 /cm2              0 /cm2              0 /cm2              0 /cm2              0 /cm2              0 /cm2
    93             0 eV            0 eV            0               0 /cm2              0 /cm2              0 /cm2              0 /cm2              0 /cm2              0 /cm2              0 /cm2
    94             0 eV            0 eV            0               0 /cm2              0 /cm2              0 /cm2              0 /cm2              0 /cm2              0 /cm2              0 /cm2
    95             0 eV            0 eV            0               0 /cm2              0 /cm2              0 /cm2              0 /cm2              0 /cm2              0 /cm2              0 /cm2
    96             0 eV            0 eV            0               0 /cm2              0 /cm2              0 /cm2              0 /cm2              0 /cm2              0 /cm2              0 /cm2
    97             0 eV            0 eV            0               0 /cm2              0 /cm2              0 /cm2              0 /cm2              0 /cm2              0 /cm2              0 /cm2
    98             0 eV            0 eV            0               0 /cm2              0 /cm2              0 /cm2              0 /cm2              0 /cm2              0 /cm2              0 /cm2
    99             0 eV            0 eV            0               0 /cm2              0 /cm2              0 /cm2              0 /cm2              0 /cm2              0 /cm2              0 /cm2
   100             0 eV            0 eV            0               0 /cm2              0 /cm2              0 /cm2              0 /cm2              0 /cm2              0 /cm2              0 /cm2
   101             0 eV            0 eV            0               0 /cm2              0 /cm2              0 /cm2              0 /cm2              0 /cm2              0 /cm2              0 /cm2
   102             0 eV            0 eV            0               0 /cm2              0 /cm2              0 /cm2              0 /cm2              0 /cm2              0 /cm2              0 /cm2
   103             0 eV            0 eV            0               0 /cm2              0 /cm2              0 /cm2              0 /cm2              0 /cm2              0 /cm2              0 /cm2
   104             0 eV            0 eV            0               0 /cm2              0 /cm2              0 /cm2              0 /cm2              0 /cm2              0 /cm2              0 /cm2
   105             0 eV            0 eV            0               0 /cm2              0 /cm2              0 /cm2              0 /cm2              0 /cm2              0 /cm2              0 /cm2
   106             0 eV            0 eV            0               0 /cm2              0 /cm2              0 /cm2              0 /cm2              0 /cm2              0 /cm2              0 /cm2
   107             0 eV            0 eV            0               0 /cm2              0 /cm2              0 /cm2              0 /cm2              0 /cm2              0 /cm2              0 /cm2
   108             0 eV            0 eV            0               0 /cm2              0 /cm2              0 /cm2              0 /cm2              0 /cm2              0 /cm2              0 /cm2
   109             0 eV            0 eV            0               0 /cm2              0 /cm2              0 /cm2              0 /cm2              0 /cm2              0 /cm2              0 /cm2
   110             0 eV            0 eV            0               0 /cm2              0 /cm2              0 /cm2              0 /cm2              0 /cm2              0 /cm2              0 /cm2
   111             0 eV            0 eV            0               0 /cm2              0 /cm2              0 /cm2              0 /cm2              0 /cm2              0 /cm2              0 /cm2
   112             0 eV            0 eV            0               0 /cm2              0 /cm2              0 /cm2              0 /cm2              0 /cm2              0 /cm2              0 /cm2
   113             0 eV            0 eV            0               0 /cm2              0 /cm2              0 /cm2              0 /cm2              0 /cm2              0 /cm2              0 /cm2
   114             0 eV            0 eV            0               0 /cm2              0 /cm2              0 /cm2              0 /cm2              0 /cm2              0 /cm2              0 /cm2
   115             0 eV            0 eV            0               0 /cm2              0 /cm2              0 /cm2              0 /cm2              0 /cm2              0 /cm2              0 /cm2
   116             0 eV            0 eV            0               0 /cm2              0 /cm2              0 /cm2              0 /cm2              0 /cm2              0 /cm2              0 /cm2
   117             0 eV            0 eV            0               0 /cm2              0 /cm2              0 /cm2              0 /cm2              0 /cm2              0 /cm2              0 /cm2
   118             0 eV            0 eV            0               0 /cm2              0 /cm2              0 /cm2              0 /cm2              0 /cm2              0 /cm2              0 /cm2
   119             0 eV            0 eV            0               0 /cm2              0 /cm2              0 /cm2              0 /cm2              0 /cm2              0 /cm2              0 /cm2
   120             0 eV            0 eV            0               0 /cm2              0 /cm2              0 /cm2              0 /cm2              0 /cm2              0 /cm2              0 /cm2
   121             0 eV            0 eV            0               0 /cm2              0 /cm2              0 /cm2              0 /cm2              0 /cm2              0 /cm2              0 /cm2
   122             0 eV            0 eV            0               0 /cm2              0 /cm2              0 /cm2              0 /cm2              0 /cm2              0 /cm2              0 /cm2
   123             0 eV            0 eV            0               0 /cm2              0 /cm2              0 /cm2              0 /cm2              0 /cm2              0 /cm2              0 /cm2
   124             0 eV            0 eV            0               0 /cm2              0 /cm2              0 /cm2              0 /cm2              0 /cm2              0 /cm2              0 /cm2
   125             0 eV            0 eV            0               0 /cm2              0 /cm2              0 /cm2              0 /cm2              0 /cm2              0 /cm2              0 /cm2
   126             0 eV            0 eV            0               0 /cm2              0 /cm2              0 /cm2              0 /cm2              0 /cm2              0 /cm2              0 /cm2
   127             0 eV            0 eV            0               0 /cm2              0 /cm2              0 /cm2              0 /cm2              0 /cm2              0 /cm2              0 /cm2
   128             0 eV            0 eV            0               0 /cm2              0 /cm2              0 /cm2              0 /cm2              0 /cm2              0 /cm2              0 /cm2
   129             0 eV            0 eV            0               0 /cm2              0 /cm2              0 /cm2              0 /cm2              0 /cm2              0 /cm2              0 /cm2
   130             0 eV            0 eV            0               0 /cm2              0 /cm2              0 /cm2              0 /cm2              0 /cm2              0 /cm2              0 /cm2
   131             0 eV            0 eV            0               0 /cm2              0 /cm2              0 /cm2              0 /cm2              0 /cm2              0 /cm2              0 /cm2
   132             0 eV            0 eV            0               0 /cm2              0 /cm2              0 /cm2              0 /cm2              0 /cm2              0 /cm2              0 /cm2
   133             0 eV            0 eV            0               0 /cm2              0 /cm2              0 /cm2              0 /cm2              0 /cm2              0 /cm2              0 /cm2
   134             0 eV            0 eV            0               0 /cm2              0 /cm2              0 /cm2              0 /cm2              0 /cm2              0 /cm2              0 /cm2
   135             0 eV            0 eV            0               0 /cm2              0 /cm2              0 /cm2              0 /cm2              0 /cm2              0 /cm2              0 /cm2
   136             0 eV            0 eV            0               0 /cm2              0 /cm2              0 /cm2              0 /cm2              0 /cm2              0 /cm2              0 /cm2
   137             0 eV            0 eV            0               0 /cm2              0 /cm2              0 /cm2              0 /cm2              0 /cm2              0 /cm2              0 /cm2
   138             0 eV            0 eV            0               0 /cm2              0 /cm2              0 /cm2              0 /cm2              0 /cm2              0 /cm2              0 /cm2
   139             0 eV            0 eV            0               0 /cm2              0 /cm2              0 /cm2              0 /cm2              0 /cm2              0 /cm2              0 /cm2
   140             0 eV            0 eV            0               0 /cm2              0 /cm2              0 /cm2              0 /cm2              0 /cm2              0 /cm2              0 /cm2
   141             0 eV            0 eV            0               0 /cm2              0 /cm2              0 /cm2              0 /cm2              0 /cm2              0 /cm2              0 /cm2
   142             0 eV            0 eV            0               0 /cm2              0 /cm2              0 /cm2              0 /cm2              0 /cm2              0 /cm2              0 /cm2
   143             0 eV            0 eV            0               0 /cm2              0 /cm2              0 /cm2              0 /cm2              0 /cm2              0 /cm2              0 /cm2
   144             0 eV            0 eV            0               0 /cm2              0 /cm2              0 /cm2              0 /cm2              0 /cm2              0 /cm2              0 /cm2
   145             0 eV            0 eV            0               0 /cm2              0 /cm2              0 /cm2              0 /cm2              0 /cm2              0 /cm2              0 /cm2
   146             0 eV            0 eV            0               0 /cm2              0 /cm2              0 /cm2              0 /cm2              0 /cm2              0 /cm2              0 /cm2
   147             0 eV            0 eV            0               0 /cm2              0 /cm2              0 /cm2              0 /cm2              0 /cm2              0 /cm2              0 /cm2
   148             0 eV            0 eV            0               0 /cm2              0 /cm2              0 /cm2              0 /cm2              0 /cm2              0 /cm2              0 /cm2
   149             0 eV            0 eV            0               0 /cm2              0 /cm2              0 /cm2              0 /cm2              0 /cm2              0 /cm2              0 /cm2
   150             0 eV            0 eV            0               0 /cm2              0 /cm2              0 /cm2              0 /cm2              0 /cm2              0 /cm2              0 /cm2
   151             0 eV            0 eV            0               0 /cm2              0 /cm2              0 /cm2              0 /cm2              0 /cm2              0 /cm2              0 /cm2
   152             0 eV            0 eV            0               0 /cm2              0 /cm2              0 /cm2              0 /cm2              0 /cm2              0 /cm2              0 /cm2
   153             0 eV            0 eV            0               0 /cm2              0 /cm2              0 /cm2              0 /cm2              0 /cm2              0 /cm2              0 /cm2
   154             0 eV            0 eV            0               0 /cm2              0 /cm2              0 /cm2              0 /cm2              0 /cm2              0 /cm2              0 /cm2
   155             0 eV            0 eV            0               0 /cm2              0 /cm2              0 /cm2              0 /cm2              0 /cm2              0 /cm2              0 /cm2
   156             0 eV            0 eV            0               0 /cm2              0 /cm2              0 /cm2              0 /cm2              0 /cm2              0 /cm2              0 /cm2
   157             0 eV            0 eV            0               0 /cm2              0 /cm2              0 /cm2              0 /cm2              0 /cm2              0 /cm2              0 /cm2
   158             0 eV            0 eV            0               0 /cm2              0 /cm2              0 /cm2              0 /cm2              0 /cm2              0 /cm2              0 /cm2
   159             0 eV            0 eV            0               0 /cm2              0 /cm2              0 /cm2              0 /cm2              0 /cm2              0 /cm2              0 /cm2
   160             0 eV            0 eV            0               0 /cm2              0 /cm2              0 /cm2              0 /cm2              0 /cm2              0 /cm2              0 /cm2
   161             0 eV            0 eV            0               0 /cm2              0 /cm2              0 /cm2              0 /cm2              0 /cm2              0 /cm2              0 /cm2
   162             0 eV            0 eV            0               0 /cm2              0 /cm2              0 /cm2              0 /cm2              0 /cm2              0 /cm2              0 /cm2
   163             0 eV            0 eV            0               0 /cm2              0 /cm2              0 /cm2              0 /cm2              0 /cm2              0 /cm2              0 /cm2
   164             0 eV            0 eV            0               0 /cm2              0 /cm2              0 /cm2              0 /cm2              0 /cm2              0 /cm2              0 /cm2
   165             0 eV            0 eV            0               0 /cm2              0 /cm2              0 /cm2              0 /cm2              0 /cm2              0 /cm2              0 /cm2
   166             0 eV            0 eV            0               0 /cm2              0 /cm2              0 /cm2              0 /cm2              0 /cm2              0 /cm2              0 /cm2
   167             0 eV            0 eV            0               0 /cm2              0 /cm2              0 /cm2              0 /cm2              0 /cm2              0 /cm2              0 /cm2
   168             0 eV            0 eV            0               0 /cm2              0 /cm2              0 /cm2              0 /cm2              0 /cm2              0 /cm2              0 /cm2
   169             0 eV            0 eV            0               0 /cm2              0 /cm2              0 /cm2              0 /cm2              0 /cm2              0 /cm2              0 /cm2
   170             0 eV            0 eV            0               0 /cm2              0 /cm2              0 /cm2              0 /cm2              0 /cm2              0 /cm2              0 /cm2
   171             0 eV            0 eV            0               0 /cm2              0 /cm2              0 /cm2              0 /cm2              0 /cm2              0 /cm2              0 /cm2
   172             0 eV            0 eV            0               0 /cm2              0 /cm2              0 /cm2              0 /cm2              0 /cm2              0 /cm2              0 /cm2
   173             0 eV            0 eV            0               0 /cm2              0 /cm2              0 /cm2              0 /cm2              0 /cm2              0 /cm2              0 /cm2
   174             0 eV            0 eV            0               0 /cm2              0 /cm2              0 /cm2              0 /cm2              0 /cm2              0 /cm2              0 /cm2
   175             0 eV            0 eV            0               0 /cm2              0 /cm2              0 /cm2              0 /cm2              0 /cm2              0 /cm2              0 /cm2
   176             0 eV            0 eV            0               0 /cm2              0 /cm2              0 /cm2              0 /cm2              0 /cm2              0 /cm2              0 /cm2
   177             0 eV            0 eV            0               0 /cm2              0 /cm2              0 /cm2              0 /cm2              0 /cm2              0 /cm2              0 /cm2
   178             0 eV            0 eV            0               0 /cm2              0 /cm2              0 /cm2              0 /cm2              0 /cm2              0 /cm2              0 /cm2
   179             0 eV            0 eV            0               0 /cm2              0 /cm2              0 /cm2              0 /cm2              0 /cm2              0 /cm2              0 /cm2
   180             0 eV            0 eV            0               0 /cm2              0 /cm2              0 /cm2              0 /cm2              0 /cm2              0 /cm2              0 /cm2
   181             0 eV            0 eV            0               0 /cm2              0 /cm2              0 /cm2              0 /cm2              0 /cm2              0 /cm2              0 /cm2
   182             0 eV            0 eV            0               0 /cm2              0 /cm2              0 /cm2              0 /cm2              0 /cm2              0 /cm2              0 /cm2
   183             0 eV            0 eV            0               0 /cm2              0 /cm2              0 /cm2              0 /cm2              0 /cm2              0 /cm2              0 /cm2
   184             0 eV            0 eV            0               0 /cm2              0 /cm2              0 /cm2              0 /cm2              0 /cm2              0 /cm2              0 /cm2
   185             0 eV            0 eV            0               0 /cm2              0 /cm2              0 /cm2              0 /cm2              0 /cm2              0 /cm2              0 /cm2
   186             0 eV            0 eV            0               0 /cm2              0 /cm2              0 /cm2              0 /cm2              0 /cm2              0 /cm2              0 /cm2
   187             0 eV            0 eV            0               0 /cm2              0 /cm2              0 /cm2              0 /cm2              0 /cm2              0 /cm2              0 /cm2
   188             0 eV            0 eV            0               0 /cm2              0 /cm2              0 /cm2              0 /cm2              0 /cm2              0 /cm2              0 /cm2
   189             0 eV            0 eV            0               0 /cm2              0 /cm2              0 /cm2              0 /cm2              0 /cm2              0 /cm2              0 /cm2
   190             0 eV            0 eV            0               0 /cm2              0 /cm2              0 /cm2              0 /cm2              0 /cm2              0 /cm2              0 /cm2
   191             0 eV            0 eV            0               0 /cm2              0 /cm2              0 /cm2              0 /cm2              0 /cm2              0 /cm2              0 /cm2
   192             0 eV            0 eV            0               0 /cm2              0 /cm2              0 /cm2              0 /cm2              0 /cm2              0 /cm2              0 /cm2
   193             0 eV            0 eV            0               0 /cm2              0 /cm2              0 /cm2              0 /cm2              0 /cm2              0 /cm2              0 /cm2
   194             0 eV            0 eV            0               0 /cm2              0 /cm2              0 /cm2              0 /cm2              0 /cm2              0 /cm2              0 /cm2
   195             0 eV            0 eV            0               0 /cm2              0 /cm2              0 /cm2              0 /cm2              0 /cm2              0 /cm2              0 /cm2
   196             0 eV            0 eV            0               0 /cm2              0 /cm2              0 /cm2              0 /cm2              0 /cm2              0 /cm2              0 /cm2
   197             0 eV            0 eV            0               0 /cm2              0 /cm2              0 /cm2              0 /cm2              0 /cm2              0 /cm2              0 /cm2
   198             0 eV            0 eV            0               0 /cm2              0 /cm2              0 /cm2              0 /cm2              0 /cm2              0 /cm2              0 /cm2
   199             0 eV            0 eV            0               0 /cm2              0 /cm2              0 /cm2              0 /cm2              0 /cm2              0 /cm2              0 /cm2
=============================================
#
Graphics systems deleted.
Visualization Manager deleting...
UserDetectorConstruction deleted.
UserPhysicsList deleted.
UserRunAction deleted.
UserPrimaryGenerator deleted.
G4 kernel has come to Quit state.
G4SDManager deleted.
EventManager deleted.
UImanager deleted.
StateManager deleted.
RunManagerKernel is deleted.
RunManager is deleting.
