
        ############################################
        !!! WARNING - FPE detection is activated !!!
        ############################################

*************************************************************
 Geant4 version Name: geant4-09-05-ref-00    (2-December-2011)
                      Copyright : Geant4 Collaboration
                      Reference : NIM A 506 (2003), 250-303
                            WWW : http://cern.ch/geant4
*************************************************************

You are using the RE02PhysicsList
This PhysicsList originally comes from 
example/extended/analysis/A01, and is modified 
in Hadron Physics in order to involve Binary Cascade
at low energy region and inelastic process for generic ions. 
Full set of particles (barions bosons and mesons) will be created and
Standard EM Physics and Low & High Energy parameterized models will be applied.
RE02PhysicsList is optimized for robustness
and not for any particular usage.
For the hadronic physics, educated guesses of physics list are prepared for various use cases.
When you will start REAL calculations for your own interest,
please consider the usage of hadronic_lists instead of RE02PhysicsLists.
More information can also be found from the Geant4 HyperNews.
http://geant4-hn.slac.stanford.edu:5090/Geant4-HyperNews/index

Visualization Manager instantiating with verbosity "warnings (3)"...
Visualization Manager initialising...
Registering graphics systems...

You have successfully registered the following graphics systems.
Current available graphics systems are:
  ASCIITree (ATree)
  DAWNFILE (DAWNFILE)
  G4HepRep (HepRepXML)
  G4HepRepFile (HepRepFile)
  RayTracer (RayTracer)
  VRML1FILE (VRML1FILE)
  VRML2FILE (VRML2FILE)
  gMocrenFile (gMocrenFile)
  OpenGLStoredX (OGL)
  OpenGLImmediateX (OGLI)
  OpenGLStoredX (OGLS)
  OpenGLImmediateX (OGLIX)
  OpenGLStoredX (OGLSX)

Registering model factories...

You have successfully registered the following model factories.
Registered model factories:
  generic
  drawByCharge
  drawByParticleID
  drawByOriginVolume
  drawByAttribute

Registered filter factories:
  chargeFilter
  particleFilter
  originVolumeFilter
  attributeFilter

Some /vis commands (optionally) take a string to specify colour.
Available colours:
  black, blue, cyan, gray, green, grey, magenta, red, white, yellow


The materials defined are : 


***** Table : Nb of materials = 3 *****

 Material:   G4_AIR    density:  1.205 mg/cm3  RadL: 303.921 m    Nucl.Int.Length: 710.261 m    Imean:  85.700 eV   temperature: 273.15 K  pressure:   1.00 atm
   --->  Element: C (C)   Z =  6.0   N =  12.0   A =  12.01 g/mole
   --->  Isotope:   C12   Z =  6   N =  12   A =  12.00 g/mole   abundance:  98.93 %
   --->  Isotope:   C13   Z =  6   N =  13   A =  13.00 g/mole   abundance:   1.07 %  ElmMassFraction:   0.01 %  ElmAbundance   0.02 %
   --->  Element: N (N)   Z =  7.0   N =  14.0   A =  14.01 g/mole
   --->  Isotope:   N14   Z =  7   N =  14   A =  14.00 g/mole   abundance:  99.63 %
   --->  Isotope:   N15   Z =  7   N =  15   A =  15.00 g/mole   abundance:   0.37 %  ElmMassFraction:  75.53 %  ElmAbundance  78.44 %
   --->  Element: O (O)   Z =  8.0   N =  16.0   A =  16.00 g/mole
   --->  Isotope:   O16   Z =  8   N =  16   A =  15.99 g/mole   abundance:  99.76 %
   --->  Isotope:   O17   Z =  8   N =  17   A =  17.00 g/mole   abundance:   0.04 %
   --->  Isotope:   O18   Z =  8   N =  18   A =  18.00 g/mole   abundance:   0.20 %  ElmMassFraction:  23.18 %  ElmAbundance  21.07 %
   --->  Element: Ar (Ar)   Z = 18.0   N =  40.0   A =  39.95 g/mole
   --->  Isotope:  Ar36   Z = 18   N =  36   A =  35.97 g/mole   abundance:   0.34 %
   --->  Isotope:  Ar38   Z = 18   N =  38   A =  37.96 g/mole   abundance:   0.06 %
   --->  Isotope:  Ar40   Z = 18   N =  40   A =  39.96 g/mole   abundance:  99.60 %  ElmMassFraction:   1.28 %  ElmAbundance   0.47 %

 Material: G4_WATER H_2O   density:  1.000 g/cm3   RadL:  36.083 cm   Nucl.Int.Length:  75.517 cm   Imean:  78.000 eV 
   --->  Element: H (H)   Z =  1.0   N =   1.0   A =   1.01 g/mole
   --->  Isotope:    H1   Z =  1   N =   1   A =   1.01 g/mole   abundance:  99.99 %
   --->  Isotope:    H2   Z =  1   N =   2   A =   2.01 g/mole   abundance:   0.01 %  ElmMassFraction:  11.19 %  ElmAbundance  66.67 %
   --->  Element: O (O)   Z =  8.0   N =  16.0   A =  16.00 g/mole
   --->  Isotope:   O16   Z =  8   N =  16   A =  15.99 g/mole   abundance:  99.76 %
   --->  Isotope:   O17   Z =  8   N =  17   A =  17.00 g/mole   abundance:   0.04 %
   --->  Isotope:   O18   Z =  8   N =  18   A =  18.00 g/mole   abundance:   0.20 %  ElmMassFraction:  88.81 %  ElmAbundance  33.33 %

 Material:    G4_Pb    density: 11.350 g/cm3   RadL:   5.613 mm   Nucl.Int.Length:  18.261 cm   Imean: 823.000 eV 
   --->  Element: Pb (Pb)   Z = 82.0   N = 207.2   A = 207.22 g/mole
   --->  Isotope: Pb204   Z = 82   N = 204   A = 203.97 g/mole   abundance:   1.40 %
   --->  Isotope: Pb206   Z = 82   N = 206   A = 205.97 g/mole   abundance:  24.10 %
   --->  Isotope: Pb207   Z = 82   N = 207   A = 206.98 g/mole   abundance:  22.10 %
   --->  Isotope: Pb208   Z = 82   N = 208   A = 207.98 g/mole   abundance:  52.40 %  ElmMassFraction: 100.00 %  ElmAbundance 100.00 %


<-- RE02DetectorConstruction::Construct-------
  Water Phantom Size (200,200,400)
  Segmentation  (100,100,200)
  Lead plate at even copy # (0-False,1-True): 1
<---------------------------------------------
----G4SDParticleFileter particle list------
gamma
-------------------------------------------
 G4SDKineticEnergyFilter:: gammaE filter LowE  1 keV HighE 10 keV
----G4SDParticleFileter particle list------
gamma
-------------------------------------------
 G4SDKineticEnergyFilter:: gammaE filter LowE  10 keV HighE 100 keV
----G4SDParticleFileter particle list------
gamma
-------------------------------------------
 G4SDKineticEnergyFilter:: gammaE filter LowE  100 keV HighE 1 MeV
----G4SDParticleFileter particle list------
gamma
-------------------------------------------
 G4SDKineticEnergyFilter:: gammaE filter LowE  1 MeV HighE 10 MeV
/run/verbose 2
#/event/verbose 0
#/tracking/verbose 1
#
#
#/vis/scene/create
#
# Create a scene handler for a specific graphics system
# (Edit the next line(s) to choose another graphic system)
#/vis/open OGL
#/vis/open DAWNFILE
#/vis/open VRML2FILE
#
# viewer settings
#/vis/viewer/set/viewpointThetaPhi 90 180 deg
#/vis/viewer/zoom 1.4
#
# Store trajectory
#/tracking/storeTrajectory 1
#/vis/scene/add/trajectories
#/vis/scene/endOfEventAction accumulate
#
#
#  Beam Parameters
#  for electron
#   UIcommands from G4ParticleGun.
#
/gun/particle gamma
#
# Kinetic Energy.
#/gun/energy 35. keV
/gun/energy 60. keV
#/gun/energy  356. keV
#
/gun/position 0 0 -100. cm
/gun/direction 0 0 1
#
/run/beamOn 10000

conv:   for  gamma    SubType= 14
      Lambda tables from 1.022 MeV to 10 TeV in 77 bins, spline: 1
      ===== EM models for the G4Region  DefaultRegionForTheWorld ======
        BetheHeitler :  Emin=        0 eV    Emax=       10 TeV

compt:   for  gamma    SubType= 13
      Lambda tables from 100 eV  to 10 TeV in 77 bins, spline: 1
      ===== EM models for the G4Region  DefaultRegionForTheWorld ======
       Klein-Nishina :  Emin=        0 eV    Emax=       10 TeV

phot:   for  gamma    SubType= 12
      ===== EM models for the G4Region  DefaultRegionForTheWorld ======
       PhotoElectric :  Emin=        0 eV    Emax=       10 TeV

msc:   for e-    SubType= 10
      Lambda tables from 100 eV  to 10 TeV in 77 bins, spline: 1
      RangeFactor= 0.04, stepLimitType: 1, latDisplacement: 1
      ===== EM models for the G4Region  DefaultRegionForTheWorld ======
          UrbanMsc95 :  Emin=        0 eV    Emax=       10 TeV

eIoni:   for  e-    SubType= 2
      dE/dx and range tables from 100 eV  to 10 TeV in 77 bins
      Lambda tables from threshold to 10 TeV in 77 bins, spline: 1
      finalRange(mm)= 1, dRoverRange= 0.2, integral: 1, fluct: 1, linLossLimit= 0.01
      ===== EM models for the G4Region  DefaultRegionForTheWorld ======
        MollerBhabha :  Emin=        0 eV    Emax=       10 TeV

eBrem:   for  e-    SubType= 3
      dE/dx and range tables from 100 eV  to 10 TeV in 77 bins
      Lambda tables from threshold to 10 TeV in 77 bins, spline: 1
      LPM flag: 1 for E > 1 GeV
      ===== EM models for the G4Region  DefaultRegionForTheWorld ======
             eBremSB :  Emin=        0 eV    Emax=        1 GeV   AngularGenUrban
            eBremLPM :  Emin=        1 GeV   Emax=       10 TeV   AngularGenUrban

eIoni:   for  e+    SubType= 2
      dE/dx and range tables from 100 eV  to 10 TeV in 77 bins
      Lambda tables from threshold to 10 TeV in 77 bins, spline: 1
      finalRange(mm)= 1, dRoverRange= 0.2, integral: 1, fluct: 1, linLossLimit= 0.01
      ===== EM models for the G4Region  DefaultRegionForTheWorld ======
        MollerBhabha :  Emin=        0 eV    Emax=       10 TeV

eBrem:   for  e+    SubType= 3
      dE/dx and range tables from 100 eV  to 10 TeV in 77 bins
      Lambda tables from threshold to 10 TeV in 77 bins, spline: 1
      LPM flag: 1 for E > 1 GeV
      ===== EM models for the G4Region  DefaultRegionForTheWorld ======
             eBremSB :  Emin=        0 eV    Emax=        1 GeV   AngularGenUrban
            eBremLPM :  Emin=        1 GeV   Emax=       10 TeV   AngularGenUrban

annihil:   for  e+    SubType= 5
      ===== EM models for the G4Region  DefaultRegionForTheWorld ======
            eplus2gg :  Emin=        0 eV    Emax=       10 TeV

hIoni:   for  proton    SubType= 2
      dE/dx and range tables from 100 eV  to 10 TeV in 77 bins
      Lambda tables from threshold to 10 TeV in 77 bins, spline: 1
      finalRange(mm)= 0.1, dRoverRange= 0.2, integral: 1, fluct: 1, linLossLimit= 0.01
      ===== EM models for the G4Region  DefaultRegionForTheWorld ======
               Bragg :  Emin=        0 eV    Emax=        2 MeV
          BetheBloch :  Emin=        2 MeV   Emax=       10 TeV

msc:   for proton    SubType= 10
      Lambda tables from 100 eV  to 10 TeV in 77 bins, spline: 1
      RangeFactor= 0.2, stepLimitType: 0, latDisplacement: 1
      ===== EM models for the G4Region  DefaultRegionForTheWorld ======
          UrbanMsc90 :  Emin=        0 eV    Emax=       10 TeV

ionIoni:   for  GenericIon    SubType= 2
      dE/dx and range tables from 100 eV  to 10 TeV in 77 bins
      Lambda tables from threshold to 10 TeV in 77 bins, spline: 1
      finalRange(mm)= 0.01, dRoverRange= 0.1, integral: 1, fluct: 1, linLossLimit= 0.02
      Stopping Power data for 17 ion/material pairs 
      ===== EM models for the G4Region  DefaultRegionForTheWorld ======
            BraggIon :  Emin=        0 eV    Emax=        2 MeV
          BetheBloch :  Emin=        2 MeV   Emax=       10 TeV

msc:   for GenericIon    SubType= 10
      RangeFactor= 0.2, stepLimitType: 0, latDisplacement: 0
      ===== EM models for the G4Region  DefaultRegionForTheWorld ======
          UrbanMsc90 :  Emin=        0 eV    Emax=       10 TeV

hIoni:   for  anti_proton    SubType= 2
      dE/dx and range tables from 100 eV  to 10 TeV in 77 bins
      Lambda tables from threshold to 10 TeV in 77 bins, spline: 1
      finalRange(mm)= 0.1, dRoverRange= 0.2, integral: 1, fluct: 1, linLossLimit= 0.01
      ===== EM models for the G4Region  DefaultRegionForTheWorld ======
            ICRU73QO :  Emin=        0 eV    Emax=        2 MeV
          BetheBloch :  Emin=        2 MeV   Emax=       10 TeV

hIoni:   for  kaon+    SubType= 2
      dE/dx and range tables from 100 eV  to 10 TeV in 77 bins
      Lambda tables from threshold to 10 TeV in 77 bins, spline: 1
      finalRange(mm)= 0.1, dRoverRange= 0.2, integral: 1, fluct: 1, linLossLimit= 0.01
      ===== EM models for the G4Region  DefaultRegionForTheWorld ======
               Bragg :  Emin=        0 eV    Emax=  1.05231 MeV
          BetheBloch :  Emin=  1.05231 MeV   Emax=       10 TeV

msc:   for kaon+    SubType= 10
      Lambda tables from 100 eV  to 10 TeV in 77 bins, spline: 1
      RangeFactor= 0.2, stepLimitType: 0, latDisplacement: 1
      ===== EM models for the G4Region  DefaultRegionForTheWorld ======
          UrbanMsc90 :  Emin=        0 eV    Emax=       10 TeV

hIoni:   for  kaon-    SubType= 2
      dE/dx and range tables from 100 eV  to 10 TeV in 77 bins
      Lambda tables from threshold to 10 TeV in 77 bins, spline: 1
      finalRange(mm)= 0.1, dRoverRange= 0.2, integral: 1, fluct: 1, linLossLimit= 0.01
      ===== EM models for the G4Region  DefaultRegionForTheWorld ======
            ICRU73QO :  Emin=        0 eV    Emax=  1.05231 MeV
          BetheBloch :  Emin=  1.05231 MeV   Emax=       10 TeV

muIoni:   for  mu+    SubType= 2
      dE/dx and range tables from 100 eV  to 10 TeV in 77 bins
      Lambda tables from threshold to 10 TeV in 77 bins, spline: 1
      finalRange(mm)= 1, dRoverRange= 0.2, integral: 1, fluct: 1, linLossLimit= 0.01
      ===== EM models for the G4Region  DefaultRegionForTheWorld ======
               Bragg :  Emin=        0 eV    Emax=      200 keV
          BetheBloch :  Emin=      200 keV   Emax=        1 GeV
        MuBetheBloch :  Emin=        1 GeV   Emax=       10 TeV

muMsc:   for mu+    SubType= 10
      Lambda tables from 100 eV  to 10 TeV in 77 bins, spline: 1
      RangeFactor= 0.2, step limit type: 0, lateralDisplacement: 1, polarAngleLimit(deg)= 0
      ===== EM models for the G4Region  DefaultRegionForTheWorld ======
          UrbanMsc90 :  Emin=        0 eV    Emax=       10 TeV

muBrems:   for  mu+    SubType= 3
      dE/dx and range tables from 100 eV  to 10 TeV in 77 bins
      Lambda tables from threshold to 10 TeV in 77 bins, spline: 1
      ===== EM models for the G4Region  DefaultRegionForTheWorld ======
              MuBrem :  Emin=        0 eV    Emax=       10 TeV

muPairProd:   for  mu+    SubType= 4
      dE/dx and range tables from 100 eV  to 10 TeV in 77 bins
      Lambda tables from threshold to 10 TeV in 77 bins, spline: 1
      ===== EM models for the G4Region  DefaultRegionForTheWorld ======
          muPairProd :  Emin=        0 eV    Emax=       10 TeV

muIoni:   for  mu-    SubType= 2
      dE/dx and range tables from 100 eV  to 10 TeV in 77 bins
      Lambda tables from threshold to 10 TeV in 77 bins, spline: 1
      finalRange(mm)= 1, dRoverRange= 0.2, integral: 1, fluct: 1, linLossLimit= 0.01
      ===== EM models for the G4Region  DefaultRegionForTheWorld ======
            ICRU73QO :  Emin=        0 eV    Emax=      200 keV
          BetheBloch :  Emin=      200 keV   Emax=        1 GeV
        MuBetheBloch :  Emin=        1 GeV   Emax=       10 TeV

muBrems:   for  mu-    SubType= 3
      dE/dx and range tables from 100 eV  to 10 TeV in 77 bins
      Lambda tables from threshold to 10 TeV in 77 bins, spline: 1
      ===== EM models for the G4Region  DefaultRegionForTheWorld ======
              MuBrem :  Emin=        0 eV    Emax=       10 TeV

muPairProd:   for  mu-    SubType= 4
      dE/dx and range tables from 100 eV  to 10 TeV in 77 bins
      Lambda tables from threshold to 10 TeV in 77 bins, spline: 1
      ===== EM models for the G4Region  DefaultRegionForTheWorld ======
          muPairProd :  Emin=        0 eV    Emax=       10 TeV

hIoni:   for  pi+    SubType= 2
      dE/dx and range tables from 100 eV  to 10 TeV in 77 bins
      Lambda tables from threshold to 10 TeV in 77 bins, spline: 1
      finalRange(mm)= 0.1, dRoverRange= 0.2, integral: 1, fluct: 1, linLossLimit= 0.01
      ===== EM models for the G4Region  DefaultRegionForTheWorld ======
               Bragg :  Emin=        0 eV    Emax=  297.505 keV
          BetheBloch :  Emin=  297.505 keV   Emax=       10 TeV

hIoni:   for  pi-    SubType= 2
      dE/dx and range tables from 100 eV  to 10 TeV in 77 bins
      Lambda tables from threshold to 10 TeV in 77 bins, spline: 1
      finalRange(mm)= 0.1, dRoverRange= 0.2, integral: 1, fluct: 1, linLossLimit= 0.01
      ===== EM models for the G4Region  DefaultRegionForTheWorld ======
            ICRU73QO :  Emin=        0 eV    Emax=  297.505 keV
          BetheBloch :  Emin=  297.505 keV   Emax=       10 TeV

msc:   for pi-    SubType= 10
      Lambda tables from 100 eV  to 10 TeV in 77 bins, spline: 1
      RangeFactor= 0.2, stepLimitType: 0, latDisplacement: 1
      ===== EM models for the G4Region  DefaultRegionForTheWorld ======
          UrbanMsc90 :  Emin=        0 eV    Emax=       10 TeV
============================================================================================
             HADRONIC PROCESSES SUMMARY (verbose level 1)

                                  Hadronic Processes for <GenericIon>
                                  -----------------------------------
        IonInelastic  Models:               Binary Cascade: Emin(GeV)=    0  Emax(GeV)= 25

        IonInelastic  Crs sctns:                  IonsShen: Emin(GeV)=    0  Emax(GeV)= 100000
                                                  Tripathi: Emin(GeV)=    0  Emax(GeV)= 100000
                                          GheishaInelastic: Emin(GeV)=    0  Emax(GeV)= 100000


                                  Hadronic Processes for <anti_neutron>
                                  -----------------------------------
       HadronElastic  Models:                   G4LElastic: Emin(GeV)=    0  Emax(GeV)= 1.79769e+305

       HadronElastic  Crs sctns:            GheishaElastic: Emin(GeV)=    0  Emax(GeV)= 100000

AntiNeutronInelastic  Models:     G4LEAntiNeutronInelastic: Emin(GeV)=    0  Emax(GeV)= 25
                                  G4HEAntiNeutronInelastic: Emin(GeV)=   20  Emax(GeV)= 10000

AntiNeutronInelastic  Crs sctns:          GheishaInelastic: Emin(GeV)=    0  Emax(GeV)= 100000

          AntiNeutronAnnihilationAtRest

                                  Hadronic Processes for <anti_proton>
                                  -----------------------------------
       HadronElastic  Models:                   G4LElastic: Emin(GeV)=    0  Emax(GeV)= 1.79769e+305

       HadronElastic  Crs sctns:            GheishaElastic: Emin(GeV)=    0  Emax(GeV)= 100000

 AntiProtonInelastic  Models:      G4LEAntiProtonInelastic: Emin(GeV)=    0  Emax(GeV)= 25
                                   G4HEAntiProtonInelastic: Emin(GeV)=   20  Emax(GeV)= 10000

 AntiProtonInelastic  Crs sctns:          GheishaInelastic: Emin(GeV)=    0  Emax(GeV)= 100000

          AntiProtonAnnihilationAtRest

                                  Hadronic Processes for <kaon+>
                                  -----------------------------------
       HadronElastic  Models:                   G4LElastic: Emin(GeV)=    0  Emax(GeV)= 1.79769e+305

       HadronElastic  Crs sctns:            GheishaElastic: Emin(GeV)=    0  Emax(GeV)= 100000

   KaonPlusInelastic  Models:        G4LEKaonPlusInelastic: Emin(GeV)=    0  Emax(GeV)= 25
                                     G4HEKaonPlusInelastic: Emin(GeV)=   20  Emax(GeV)= 10000

   KaonPlusInelastic  Crs sctns:          GheishaInelastic: Emin(GeV)=    0  Emax(GeV)= 100000


                                  Hadronic Processes for <kaon->
                                  -----------------------------------
       HadronElastic  Models:                   G4LElastic: Emin(GeV)=    0  Emax(GeV)= 1.79769e+305

       HadronElastic  Crs sctns:            GheishaElastic: Emin(GeV)=    0  Emax(GeV)= 100000

  KaonMinusInelastic  Models:       G4LEKaonMinusInelastic: Emin(GeV)=    0  Emax(GeV)= 25
                                    G4HEKaonMinusInelastic: Emin(GeV)=   20  Emax(GeV)= 10000

  KaonMinusInelastic  Crs sctns:          GheishaInelastic: Emin(GeV)=    0  Emax(GeV)= 100000


                                  Hadronic Processes for <lambda>
                                  -----------------------------------
       HadronElastic  Models:                   G4LElastic: Emin(GeV)=    0  Emax(GeV)= 1.79769e+305

       HadronElastic  Crs sctns:            GheishaElastic: Emin(GeV)=    0  Emax(GeV)= 100000

     LambdaInelastic  Models:          G4LELambdaInelastic: Emin(GeV)=    0  Emax(GeV)= 25
                                       G4HELambdaInelastic: Emin(GeV)=   20  Emax(GeV)= 10000

     LambdaInelastic  Crs sctns:          GheishaInelastic: Emin(GeV)=    0  Emax(GeV)= 100000


                                  Hadronic Processes for <neutron>
                                  -----------------------------------
       HadronElastic  Models:                   G4LElastic: Emin(GeV)=    0  Emax(GeV)= 1.79769e+305

       HadronElastic  Crs sctns:            GheishaElastic: Emin(GeV)=    0  Emax(GeV)= 100000

    NeutronInelastic  Models:               Binary Cascade: Emin(GeV)=    0  Emax(GeV)= 6
                                      G4LENeutronInelastic: Emin(GeV)=    4  Emax(GeV)= 55
                                      G4HENeutronInelastic: Emin(GeV)=   45  Emax(GeV)= 10000

    NeutronInelastic  Crs sctns:          GheishaInelastic: Emin(GeV)=    0  Emax(GeV)= 100000

            nFission  Models:                   G4LFission: Emin(GeV)=    0  Emax(GeV)= 1.79769e+305

            nFission  Crs sctns:          GheishaFissionXS: Emin(GeV)=    0  Emax(GeV)= 100000

            nCapture  Models:                   G4LCapture: Emin(GeV)=    0  Emax(GeV)= 1.79769e+305

            nCapture  Crs sctns:          GheishaCaptureXS: Emin(GeV)=    0  Emax(GeV)= 100000


                                  Hadronic Processes for <pi+>
                                  -----------------------------------
       HadronElastic  Models:                   G4LElastic: Emin(GeV)=    0  Emax(GeV)= 1.79769e+305

       HadronElastic  Crs sctns:            GheishaElastic: Emin(GeV)=    0  Emax(GeV)= 100000

   PionPlusInelastic  Models:        G4LEPionPlusInelastic: Emin(GeV)=    0  Emax(GeV)= 55
                                     G4HEPionPlusInelastic: Emin(GeV)=   45  Emax(GeV)= 10000

   PionPlusInelastic  Crs sctns:          GheishaInelastic: Emin(GeV)=    0  Emax(GeV)= 100000


                                  Hadronic Processes for <pi->
                                  -----------------------------------
       HadronElastic  Models:                   G4LElastic: Emin(GeV)=    0  Emax(GeV)= 1.79769e+305

       HadronElastic  Crs sctns:            GheishaElastic: Emin(GeV)=    0  Emax(GeV)= 100000

  PionMinusInelastic  Models:       G4LEPionMinusInelastic: Emin(GeV)=    0  Emax(GeV)= 55
                                    G4HEPionMinusInelastic: Emin(GeV)=   45  Emax(GeV)= 10000

  PionMinusInelastic  Crs sctns:          GheishaInelastic: Emin(GeV)=    0  Emax(GeV)= 100000


                                  Hadronic Processes for <proton>
                                  -----------------------------------
       HadronElastic  Models:                   G4LElastic: Emin(GeV)=    0  Emax(GeV)= 1.79769e+305

       HadronElastic  Crs sctns:            GheishaElastic: Emin(GeV)=    0  Emax(GeV)= 100000

     ProtonInelastic  Models:               Binary Cascade: Emin(GeV)=    0  Emax(GeV)= 6
                                       G4LEProtonInelastic: Emin(GeV)=    4  Emax(GeV)= 55
                                       G4HEProtonInelastic: Emin(GeV)=   45  Emax(GeV)= 10000

     ProtonInelastic  Crs sctns:          GheishaInelastic: Emin(GeV)=    0  Emax(GeV)= 100000

============================================================================================

Region <DefaultRegionForTheWorld> --  -- appears in <World> world volume
 This region is in the mass world.
 Root logical volume(s) : World 
 Pointers : G4VUserRegionInformation[0], G4UserLimits[0], G4FastSimulationManager[0], G4UserSteppingAction[0]
 Materials : G4_AIR G4_WATER G4_Pb 
 Production cuts :   gamma 1 mm      e- 1 mm      e+ 1 mm  proton 1 mm 

Region <DefaultRegionForParallelWorld> --  -- is not associated to any world.
 Root logical volume(s) : 
 Pointers : G4VUserRegionInformation[0], G4UserLimits[0], G4FastSimulationManager[0], G4UserSteppingAction[0]
 Materials : 
 Production cuts :   gamma 1 mm      e- 1 mm      e+ 1 mm  proton 1 mm 

========= Table of registered couples ==============================

Index : 0     used in the geometry : Yes     recalculation needed : No 
 Material : G4_AIR
 Range cuts        :  gamma  1 mm     e-  1 mm     e+  1 mm  proton 1 mm 
 Energy thresholds :  gamma  990 eV     e-  990 eV     e+  990 eV  proton 100 keV
 Region(s) which use this couple : 
    DefaultRegionForTheWorld

Index : 1     used in the geometry : Yes     recalculation needed : No 
 Material : G4_WATER
 Range cuts        :  gamma  1 mm     e-  1 mm     e+  1 mm  proton 1 mm 
 Energy thresholds :  gamma  2.94056 keV    e-  351.877 keV    e+  342.545 keV proton 100 keV
 Region(s) which use this couple : 
    DefaultRegionForTheWorld

Index : 2     used in the geometry : Yes     recalculation needed : No 
 Material : G4_Pb
 Range cuts        :  gamma  1 mm     e-  1 mm     e+  1 mm  proton 1 mm 
 Energy thresholds :  gamma  101.843 keV    e-  1.36749 MeV    e+  1.27862 MeV proton 100 keV
 Region(s) which use this couple : 
    DefaultRegionForTheWorld

====================================================================

Start closing geometry.
G4GeometryManager::ReportVoxelStats -- Voxel Statistics

    Total memory consumed for geometry optimisation:   23 kByte
    Total CPU time elapsed for geometry optimisation: 0 seconds

    Voxelisation: top CPU users:
    Percent   Total CPU    System CPU       Memory  Volume
    -------   ----------   ----------     --------  ----------
       0.00         0.00         0.00            6k Phantom
       0.00         0.00         0.00            6k RepY
       0.00         0.00         0.00           13k RepX

    Voxelisation: top memory users:
    Percent     Memory      Heads    Nodes   Pointers    Total CPU    Volume
    -------   --------     ------   ------   --------   ----------    ----------
      53.25         12k         1      201        400         0.00    RepX
      23.38          5k         1      100        100         0.00    Phantom
      23.38          5k         1      100        100         0.00    RepY
++ PhantomSD/totalEDep id 0
++ PhantomSD/protonEDep id 1
++ PhantomSD/protonNStep id 2
++ PhantomSD/chargedPassCellFlux id 3
++ PhantomSD/chargedCellFlux id 4
++ PhantomSD/chargedSurfFlux id 5
++ PhantomSD/gammaSurfCurr000 id 6
++ PhantomSD/gammaSurfCurr001 id 7
++ PhantomSD/gammaSurfCurr002 id 8
++ PhantomSD/gammaSurfCurr003 id 9
### Run 0 start.
Start Run processing.
>>> Event 0
>>> Event 1
>>> Event 2
>>> Event 3
>>> Event 4
>>> Event 5
>>> Event 6
>>> Event 7
>>> Event 8
>>> Event 9
>>> Event 10
>>> Event 11
>>> Event 12
>>> Event 13
>>> Event 14
>>> Event 15
>>> Event 16
>>> Event 17
>>> Event 18
>>> Event 19
>>> Event 20
>>> Event 21
>>> Event 22
>>> Event 23
>>> Event 24
>>> Event 25
>>> Event 26
>>> Event 27
>>> Event 28
>>> Event 29
>>> Event 30
>>> Event 31
>>> Event 32
>>> Event 33
>>> Event 34
>>> Event 35
>>> Event 36
>>> Event 37
>>> Event 38
>>> Event 39
>>> Event 40
>>> Event 41
>>> Event 42
>>> Event 43
>>> Event 44
>>> Event 45
>>> Event 46
>>> Event 47
>>> Event 48
>>> Event 49
>>> Event 50
>>> Event 51
>>> Event 52
>>> Event 53
>>> Event 54
>>> Event 55
>>> Event 56
>>> Event 57
>>> Event 58
>>> Event 59
>>> Event 60
>>> Event 61
>>> Event 62
>>> Event 63
>>> Event 64
>>> Event 65
>>> Event 66
>>> Event 67
>>> Event 68
>>> Event 69
>>> Event 70
>>> Event 71
>>> Event 72
>>> Event 73
>>> Event 74
>>> Event 75
>>> Event 76
>>> Event 77
>>> Event 78
>>> Event 79
>>> Event 80
>>> Event 81
>>> Event 82
>>> Event 83
>>> Event 84
>>> Event 85
>>> Event 86
>>> Event 87
>>> Event 88
>>> Event 89
>>> Event 90
>>> Event 91
>>> Event 92
>>> Event 93
>>> Event 94
>>> Event 95
>>> Event 96
>>> Event 97
>>> Event 98
>>> Event 99
>>> Event 100
>>> Event 200
>>> Event 300
>>> Event 400
>>> Event 500
>>> Event 600
>>> Event 700
>>> Event 800
>>> Event 900
>>> Event 1000
>>> Event 1100
>>> Event 1200
>>> Event 1300
>>> Event 1400
>>> Event 1500
>>> Event 1600
>>> Event 1700
>>> Event 1800
>>> Event 1900
>>> Event 2000
>>> Event 2100
>>> Event 2200
>>> Event 2300
>>> Event 2400
>>> Event 2500
>>> Event 2600
>>> Event 2700
>>> Event 2800
>>> Event 2900
>>> Event 3000
>>> Event 3100
>>> Event 3200
>>> Event 3300
>>> Event 3400
>>> Event 3500
>>> Event 3600
>>> Event 3700
>>> Event 3800
>>> Event 3900
>>> Event 4000
>>> Event 4100
>>> Event 4200
>>> Event 4300
>>> Event 4400
>>> Event 4500
>>> Event 4600
>>> Event 4700
>>> Event 4800
>>> Event 4900
>>> Event 5000
>>> Event 5100
>>> Event 5200
>>> Event 5300
>>> Event 5400
>>> Event 5500
>>> Event 5600
>>> Event 5700
>>> Event 5800
>>> Event 5900
>>> Event 6000
>>> Event 6100
>>> Event 6200
>>> Event 6300
>>> Event 6400
>>> Event 6500
>>> Event 6600
>>> Event 6700
>>> Event 6800
>>> Event 6900
>>> Event 7000
>>> Event 7100
>>> Event 7200
>>> Event 7300
>>> Event 7400
>>> Event 7500
>>> Event 7600
>>> Event 7700
>>> Event 7800
>>> Event 7900
>>> Event 8000
>>> Event 8100
>>> Event 8200
>>> Event 8300
>>> Event 8400
>>> Event 8500
>>> Event 8600
>>> Event 8700
>>> Event 8800
>>> Event 8900
>>> Event 9000
>>> Event 9100
>>> Event 9200
>>> Event 9300
>>> Event 9400
>>> Event 9500
>>> Event 9600
>>> Event 9700
>>> Event 9800
>>> Event 9900
Run terminated.
Run Summary
  Number of events processed : 10000
  User=0.3s Real=0.3s Sys=0s
=============================================================
 Number of event processed : 10000
=============================================================
#Z Cell#       totalEDep      protonEDep protonNStep  chargedPassCellFlux     chargedCellFlux     chargedSurfFlux    gammaSurfCurr000    gammaSurfCurr001    gammaSurfCurr002    gammaSurfCurr003
     0             0 eV            0 eV            0               0 /cm2              0 /cm2              0 /cm2              0 /cm2              0 /cm2              0 /cm2              0 /cm2
     1             0 eV            0 eV            0               0 /cm2              0 /cm2              0 /cm2              0 /cm2              0 /cm2              0 /cm2              0 /cm2
     2             0 eV            0 eV            0               0 /cm2              0 /cm2              0 /cm2              0 /cm2              0 /cm2              0 /cm2              0 /cm2
     3             0 eV            0 eV            0               0 /cm2              0 /cm2              0 /cm2              0 /cm2              0 /cm2              0 /cm2              0 /cm2
     4             0 eV            0 eV            0               0 /cm2              0 /cm2              0 /cm2              0 /cm2              0 /cm2              0 /cm2              0 /cm2
     5             0 eV            0 eV            0               0 /cm2              0 /cm2              0 /cm2              0 /cm2              0 /cm2              0 /cm2              0 /cm2
     6             0 eV            0 eV            0               0 /cm2              0 /cm2              0 /cm2              0 /cm2              0 /cm2              0 /cm2              0 /cm2
     7             0 eV            0 eV            0               0 /cm2              0 /cm2              0 /cm2              0 /cm2              0 /cm2              0 /cm2              0 /cm2
     8             0 eV            0 eV            0               0 /cm2              0 /cm2              0 /cm2              0 /cm2              0 /cm2              0 /cm2              0 /cm2
     9             0 eV            0 eV            0               0 /cm2              0 /cm2              0 /cm2              0 /cm2              0 /cm2              0 /cm2              0 /cm2
    10             0 eV            0 eV            0               0 /cm2              0 /cm2              0 /cm2              0 /cm2              0 /cm2              0 /cm2              0 /cm2
    11             0 eV            0 eV            0               0 /cm2              0 /cm2              0 /cm2              0 /cm2              0 /cm2              0 /cm2              0 /cm2
    12             0 eV            0 eV            0               0 /cm2              0 /cm2              0 /cm2              0 /cm2              0 /cm2              0 /cm2              0 /cm2
    13             0 eV            0 eV            0               0 /cm2              0 /cm2              0 /cm2              0 /cm2              0 /cm2              0 /cm2              0 /cm2
    14             0 eV            0 eV            0               0 /cm2              0 /cm2              0 /cm2              0 /cm2              0 /cm2              0 /cm2              0 /cm2
    15             0 eV            0 eV            0               0 /cm2              0 /cm2              0 /cm2              0 /cm2              0 /cm2              0 /cm2              0 /cm2
    16             0 eV            0 eV            0               0 /cm2              0 /cm2              0 /cm2              0 /cm2              0 /cm2              0 /cm2              0 /cm2
    17             0 eV            0 eV            0               0 /cm2              0 /cm2              0 /cm2              0 /cm2              0 /cm2              0 /cm2              0 /cm2
    18             0 eV            0 eV            0               0 /cm2              0 /cm2              0 /cm2              0 /cm2              0 /cm2              0 /cm2              0 /cm2
    19             0 eV            0 eV            0               0 /cm2              0 /cm2              0 /cm2              0 /cm2              0 /cm2              0 /cm2              0 /cm2
    20             0 eV            0 eV            0               0 /cm2              0 /cm2              0 /cm2              0 /cm2              0 /cm2              0 /cm2              0 /cm2
    21             0 eV            0 eV            0               0 /cm2              0 /cm2              0 /cm2              0 /cm2              0 /cm2              0 /cm2              0 /cm2
    22             0 eV            0 eV            0               0 /cm2              0 /cm2              0 /cm2              0 /cm2              0 /cm2              0 /cm2              0 /cm2
    23             0 eV            0 eV            0               0 /cm2              0 /cm2              0 /cm2              0 /cm2              0 /cm2              0 /cm2              0 /cm2
    24             0 eV            0 eV            0               0 /cm2              0 /cm2              0 /cm2              0 /cm2              0 /cm2              0 /cm2              0 /cm2
    25             0 eV            0 eV            0               0 /cm2              0 /cm2              0 /cm2              0 /cm2              0 /cm2              0 /cm2              0 /cm2
    26             0 eV            0 eV            0               0 /cm2              0 /cm2              0 /cm2              0 /cm2              0 /cm2              0 /cm2              0 /cm2
    27             0 eV            0 eV            0               0 /cm2              0 /cm2              0 /cm2              0 /cm2              0 /cm2              0 /cm2              0 /cm2
    28             0 eV            0 eV            0               0 /cm2              0 /cm2              0 /cm2              0 /cm2              0 /cm2              0 /cm2              0 /cm2
    29             0 eV            0 eV            0               0 /cm2              0 /cm2              0 /cm2              0 /cm2              0 /cm2              0 /cm2              0 /cm2
    30             0 eV            0 eV            0               0 /cm2              0 /cm2              0 /cm2              0 /cm2              0 /cm2              0 /cm2              0 /cm2
    31             0 eV            0 eV            0               0 /cm2              0 /cm2              0 /cm2              0 /cm2              0 /cm2              0 /cm2              0 /cm2
    32             0 eV            0 eV            0               0 /cm2              0 /cm2              0 /cm2              0 /cm2              0 /cm2              0 /cm2              0 /cm2
    33             0 eV            0 eV            0               0 /cm2              0 /cm2              0 /cm2              0 /cm2              0 /cm2              0 /cm2              0 /cm2
    34             0 eV            0 eV            0               0 /cm2              0 /cm2              0 /cm2              0 /cm2              0 /cm2              0 /cm2              0 /cm2
    35             0 eV            0 eV            0               0 /cm2              0 /cm2              0 /cm2              0 /cm2              0 /cm2              0 /cm2              0 /cm2
    36             0 eV            0 eV            0               0 /cm2              0 /cm2              0 /cm2              0 /cm2              0 /cm2              0 /cm2              0 /cm2
    37             0 eV            0 eV            0               0 /cm2              0 /cm2              0 /cm2              0 /cm2              0 /cm2              0 /cm2              0 /cm2
    38             0 eV            0 eV            0               0 /cm2              0 /cm2              0 /cm2              0 /cm2              0 /cm2              0 /cm2              0 /cm2
    39             0 eV            0 eV            0               0 /cm2              0 /cm2              0 /cm2              0 /cm2              0 /cm2              0 /cm2              0 /cm2
    40             0 eV            0 eV            0               0 /cm2              0 /cm2              0 /cm2              0 /cm2              0 /cm2              0 /cm2              0 /cm2
    41             0 eV            0 eV            0               0 /cm2              0 /cm2              0 /cm2              0 /cm2              0 /cm2              0 /cm2              0 /cm2
    42             0 eV            0 eV            0               0 /cm2              0 /cm2              0 /cm2              0 /cm2              0 /cm2              0 /cm2              0 /cm2
    43             0 eV            0 eV            0               0 /cm2              0 /cm2              0 /cm2              0 /cm2              0 /cm2              0 /cm2              0 /cm2
    44             0 eV            0 eV            0               0 /cm2              0 /cm2              0 /cm2              0 /cm2              0 /cm2              0 /cm2              0 /cm2
    45             0 eV            0 eV            0               0 /cm2              0 /cm2              0 /cm2              0 /cm2              0 /cm2              0 /cm2              0 /cm2
    46             0 eV            0 eV            0               0 /cm2              0 /cm2              0 /cm2              0 /cm2              0 /cm2              0 /cm2              0 /cm2
    47             0 eV            0 eV            0               0 /cm2              0 /cm2              0 /cm2              0 /cm2              0 /cm2              0 /cm2              0 /cm2
    48             0 eV            0 eV            0               0 /cm2              0 /cm2              0 /cm2              0 /cm2              0 /cm2              0 /cm2              0 /cm2
    49             0 eV            0 eV            0               0 /cm2              0 /cm2              0 /cm2              0 /cm2              0 /cm2              0 /cm2              0 /cm2
    50             0 eV            0 eV            0               0 /cm2              0 /cm2              0 /cm2              0 /cm2              0 /cm2              0 /cm2              0 /cm2
    51             0 eV            0 eV            0               0 /cm2              0 /cm2              0 /cm2              0 /cm2              0 /cm2              0 /cm2              0 /cm2
    52             0 eV            0 eV            0               0 /cm2              0 /cm2              0 /cm2              0 /cm2              0 /cm2              0 /cm2              0 /cm2
    53             0 eV            0 eV            0               0 /cm2              0 /cm2              0 /cm2              0 /cm2              0 /cm2              0 /cm2              0 /cm2
    54             0 eV            0 eV            0               0 /cm2              0 /cm2              0 /cm2              0 /cm2              0 /cm2              0 /cm2              0 /cm2
    55             0 eV            0 eV            0               0 /cm2              0 /cm2              0 /cm2              0 /cm2              0 /cm2              0 /cm2              0 /cm2
    56             0 eV            0 eV            0               0 /cm2              0 /cm2              0 /cm2              0 /cm2              0 /cm2              0 /cm2              0 /cm2
    57             0 eV            0 eV            0               0 /cm2              0 /cm2              0 /cm2              0 /cm2              0 /cm2              0 /cm2              0 /cm2
    58             0 eV            0 eV            0               0 /cm2              0 /cm2              0 /cm2              0 /cm2              0 /cm2              0 /cm2              0 /cm2
    59             0 eV            0 eV            0               0 /cm2              0 /cm2              0 /cm2              0 /cm2              0 /cm2              0 /cm2              0 /cm2
    60             0 eV            0 eV            0               0 /cm2              0 /cm2              0 /cm2              0 /cm2              0 /cm2              0 /cm2              0 /cm2
    61             0 eV            0 eV            0               0 /cm2              0 /cm2              0 /cm2              0 /cm2              0 /cm2              0 /cm2              0 /cm2
    62             0 eV            0 eV            0               0 /cm2              0 /cm2              0 /cm2              0 /cm2              0 /cm2              0 /cm2              0 /cm2
    63             0 eV            0 eV            0               0 /cm2              0 /cm2              0 /cm2              0 /cm2              0 /cm2              0 /cm2              0 /cm2
    64             0 eV            0 eV            0               0 /cm2              0 /cm2              0 /cm2              0 /cm2              0 /cm2              0 /cm2              0 /cm2
    65             0 eV            0 eV            0               0 /cm2              0 /cm2              0 /cm2              0 /cm2              0 /cm2              0 /cm2              0 /cm2
    66             0 eV            0 eV            0               0 /cm2              0 /cm2              0 /cm2              0 /cm2              0 /cm2              0 /cm2              0 /cm2
    67             0 eV            0 eV            0               0 /cm2              0 /cm2              0 /cm2              0 /cm2              0 /cm2              0 /cm2              0 /cm2
    68             0 eV            0 eV            0               0 /cm2              0 /cm2              0 /cm2              0 /cm2              0 /cm2              0 /cm2              0 /cm2
    69             0 eV            0 eV            0               0 /cm2              0 /cm2              0 /cm2              0 /cm2              0 /cm2              0 /cm2              0 /cm2
    70             0 eV            0 eV            0               0 /cm2              0 /cm2              0 /cm2              0 /cm2              0 /cm2              0 /cm2              0 /cm2
    71             0 eV            0 eV            0               0 /cm2              0 /cm2              0 /cm2              0 /cm2              0 /cm2              0 /cm2              0 /cm2
    72             0 eV            0 eV            0               0 /cm2              0 /cm2              0 /cm2              0 /cm2              0 /cm2              0 /cm2              0 /cm2
    73             0 eV            0 eV            0               0 /cm2              0 /cm2              0 /cm2              0 /cm2              0 /cm2              0 /cm2              0 /cm2
    74             0 eV            0 eV            0               0 /cm2              0 /cm2              0 /cm2              0 /cm2              0 /cm2              0 /cm2              0 /cm2
    75             0 eV            0 eV            0               0 /cm2              0 /cm2              0 /cm2              0 /cm2              0 /cm2              0 /cm2              0 /cm2
    76             0 eV            0 eV            0               0 /cm2              0 /cm2              0 /cm2              0 /cm2              0 /cm2              0 /cm2              0 /cm2
    77             0 eV            0 eV            0               0 /cm2              0 /cm2              0 /cm2              0 /cm2              0 /cm2              0 /cm2              0 /cm2
    78             0 eV            0 eV            0               0 /cm2              0 /cm2              0 /cm2              0 /cm2              0 /cm2              0 /cm2              0 /cm2
    79             0 eV            0 eV            0               0 /cm2              0 /cm2              0 /cm2              0 /cm2              0 /cm2              0 /cm2              0 /cm2
    80             0 eV            0 eV            0               0 /cm2              0 /cm2              0 /cm2              0 /cm2              0 /cm2              0 /cm2              0 /cm2
    81             0 eV            0 eV            0               0 /cm2              0 /cm2              0 /cm2              0 /cm2              0 /cm2              0 /cm2              0 /cm2
    82             0 eV            0 eV            0               0 /cm2              0 /cm2              0 /cm2              0 /cm2              0 /cm2              0 /cm2              0 /cm2
    83             0 eV            0 eV            0               0 /cm2              0 /cm2              0 /cm2              0 /cm2              0 /cm2              0 /cm2              0 /cm2
    84             0 eV            0 eV            0               0 /cm2              0 /cm2              0 /cm2              0 /cm2              0 /cm2              0 /cm2              0 /cm2
    85             0 eV            0 eV            0               0 /cm2              0 /cm2              0 /cm2              0 /cm2              0 /cm2              0 /cm2              0 /cm2
    86             0 eV            0 eV            0               0 /cm2              0 /cm2              0 /cm2              0 /cm2              0 /cm2              0 /cm2              0 /cm2
    87             0 eV            0 eV            0               0 /cm2              0 /cm2              0 /cm2              0 /cm2              0 /cm2              0 /cm2              0 /cm2
    88             0 eV            0 eV            0               0 /cm2              0 /cm2              0 /cm2              0 /cm2              0 /cm2              0 /cm2              0 /cm2
    89             0 eV            0 eV            0               0 /cm2              0 /cm2              0 /cm2              0 /cm2              0 /cm2              0 /cm2              0 /cm2
    90             0 eV            0 eV            0               0 /cm2              0 /cm2              0 /cm2              0 /cm2              0 /cm2              0 /cm2              0 /cm2
    91             0 eV            0 eV            0               0 /cm2              0 /cm2              0 /cm2              0 /cm2              0 /cm2              0 /cm2              0 /cm2
    92             0 eV            0 eV            0               0 /cm2              0 /cm2              0 /cm2              0 /cm2              0 /cm2              0 /cm2              0 /cm2
    93             0 eV            0 eV            0               0 /cm2              0 /cm2              0 /cm2              0 /cm2              0 /cm2              0 /cm2              0 /cm2
    94             0 eV            0 eV            0               0 /cm2              0 /cm2              0 /cm2              0 /cm2              0 /cm2              0 /cm2              0 /cm2
    95             0 eV            0 eV            0               0 /cm2              0 /cm2              0 /cm2              0 /cm2              0 /cm2              0 /cm2              0 /cm2
    96             0 eV            0 eV            0               0 /cm2              0 /cm2              0 /cm2              0 /cm2              0 /cm2              0 /cm2              0 /cm2
    97             0 eV            0 eV            0               0 /cm2              0 /cm2              0 /cm2              0 /cm2              0 /cm2              0 /cm2              0 /cm2
    98             0 eV            0 eV            0               0 /cm2              0 /cm2              0 /cm2              0 /cm2              0 /cm2              0 /cm2              0 /cm2
    99             0 eV            0 eV            0               0 /cm2              0 /cm2              0 /cm2              0 /cm2              0 /cm2              0 /cm2              0 /cm2
   100             0 eV            0 eV            0               0 /cm2              0 /cm2              0 /cm2              0 /cm2              0 /cm2              0 /cm2              0 /cm2
   101             0 eV            0 eV            0               0 /cm2              0 /cm2              0 /cm2              0 /cm2              0 /cm2              0 /cm2              0 /cm2
   102             0 eV            0 eV            0               0 /cm2              0 /cm2              0 /cm2              0 /cm2              0 /cm2              0 /cm2              0 /cm2
   103             0 eV            0 eV            0               0 /cm2              0 /cm2              0 /cm2              0 /cm2              0 /cm2              0 /cm2              0 /cm2
   104             0 eV            0 eV            0               0 /cm2              0 /cm2              0 /cm2              0 /cm2              0 /cm2              0 /cm2              0 /cm2
   105             0 eV            0 eV            0               0 /cm2              0 /cm2              0 /cm2              0 /cm2              0 /cm2              0 /cm2              0 /cm2
   106             0 eV            0 eV            0               0 /cm2              0 /cm2              0 /cm2              0 /cm2              0 /cm2              0 /cm2              0 /cm2
   107             0 eV            0 eV            0               0 /cm2              0 /cm2              0 /cm2              0 /cm2              0 /cm2              0 /cm2              0 /cm2
   108             0 eV            0 eV            0               0 /cm2              0 /cm2              0 /cm2              0 /cm2              0 /cm2              0 /cm2              0 /cm2
   109             0 eV            0 eV            0               0 /cm2              0 /cm2              0 /cm2              0 /cm2              0 /cm2              0 /cm2              0 /cm2
   110             0 eV            0 eV            0               0 /cm2              0 /cm2              0 /cm2              0 /cm2              0 /cm2              0 /cm2              0 /cm2
   111             0 eV            0 eV            0               0 /cm2              0 /cm2              0 /cm2              0 /cm2              0 /cm2              0 /cm2              0 /cm2
   112             0 eV            0 eV            0               0 /cm2              0 /cm2              0 /cm2              0 /cm2              0 /cm2              0 /cm2              0 /cm2
   113             0 eV            0 eV            0               0 /cm2              0 /cm2              0 /cm2              0 /cm2              0 /cm2              0 /cm2              0 /cm2
   114             0 eV            0 eV            0               0 /cm2              0 /cm2              0 /cm2              0 /cm2              0 /cm2              0 /cm2              0 /cm2
   115             0 eV            0 eV            0               0 /cm2              0 /cm2              0 /cm2              0 /cm2              0 /cm2              0 /cm2              0 /cm2
   116             0 eV            0 eV            0               0 /cm2              0 /cm2              0 /cm2              0 /cm2              0 /cm2              0 /cm2              0 /cm2
   117             0 eV            0 eV            0               0 /cm2              0 /cm2              0 /cm2              0 /cm2              0 /cm2              0 /cm2              0 /cm2
   118             0 eV            0 eV            0               0 /cm2              0 /cm2              0 /cm2              0 /cm2              0 /cm2              0 /cm2              0 /cm2
   119             0 eV            0 eV            0               0 /cm2              0 /cm2              0 /cm2              0 /cm2              0 /cm2              0 /cm2              0 /cm2
   120             0 eV            0 eV            0               0 /cm2              0 /cm2              0 /cm2              0 /cm2              0 /cm2              0 /cm2              0 /cm2
   121             0 eV            0 eV            0               0 /cm2              0 /cm2              0 /cm2              0 /cm2              0 /cm2              0 /cm2              0 /cm2
   122             0 eV            0 eV            0               0 /cm2              0 /cm2              0 /cm2              0 /cm2              0 /cm2              0 /cm2              0 /cm2
   123             0 eV            0 eV            0               0 /cm2              0 /cm2              0 /cm2              0 /cm2              0 /cm2              0 /cm2              0 /cm2
   124             0 eV            0 eV            0               0 /cm2              0 /cm2              0 /cm2              0 /cm2              0 /cm2              0 /cm2              0 /cm2
   125             0 eV            0 eV            0               0 /cm2              0 /cm2              0 /cm2              0 /cm2              0 /cm2              0 /cm2              0 /cm2
   126             0 eV            0 eV            0               0 /cm2              0 /cm2              0 /cm2              0 /cm2              0 /cm2              0 /cm2              0 /cm2
   127             0 eV            0 eV            0               0 /cm2              0 /cm2              0 /cm2              0 /cm2              0 /cm2              0 /cm2              0 /cm2
   128             0 eV            0 eV            0               0 /cm2              0 /cm2              0 /cm2              0 /cm2              0 /cm2              0 /cm2              0 /cm2
   129             0 eV            0 eV            0               0 /cm2              0 /cm2              0 /cm2              0 /cm2              0 /cm2              0 /cm2              0 /cm2
   130             0 eV            0 eV            0               0 /cm2              0 /cm2              0 /cm2              0 /cm2              0 /cm2              0 /cm2              0 /cm2
   131             0 eV            0 eV            0               0 /cm2              0 /cm2              0 /cm2              0 /cm2              0 /cm2              0 /cm2              0 /cm2
   132             0 eV            0 eV            0               0 /cm2              0 /cm2              0 /cm2              0 /cm2              0 /cm2              0 /cm2              0 /cm2
   133             0 eV            0 eV            0               0 /cm2              0 /cm2              0 /cm2              0 /cm2              0 /cm2              0 /cm2              0 /cm2
   134             0 eV            0 eV            0               0 /cm2              0 /cm2              0 /cm2              0 /cm2              0 /cm2              0 /cm2              0 /cm2
   135             0 eV            0 eV            0               0 /cm2              0 /cm2              0 /cm2              0 /cm2              0 /cm2              0 /cm2              0 /cm2
   136             0 eV            0 eV            0               0 /cm2              0 /cm2              0 /cm2              0 /cm2              0 /cm2              0 /cm2              0 /cm2
   137             0 eV            0 eV            0               0 /cm2              0 /cm2              0 /cm2              0 /cm2              0 /cm2              0 /cm2              0 /cm2
   138             0 eV            0 eV            0               0 /cm2              0 /cm2              0 /cm2              0 /cm2              0 /cm2              0 /cm2              0 /cm2
   139             0 eV            0 eV            0               0 /cm2              0 /cm2              0 /cm2              0 /cm2              0 /cm2              0 /cm2              0 /cm2
   140             0 eV            0 eV            0               0 /cm2              0 /cm2              0 /cm2              0 /cm2              0 /cm2              0 /cm2              0 /cm2
   141             0 eV            0 eV            0               0 /cm2              0 /cm2              0 /cm2              0 /cm2              0 /cm2              0 /cm2              0 /cm2
   142             0 eV            0 eV            0               0 /cm2              0 /cm2              0 /cm2              0 /cm2              0 /cm2              0 /cm2              0 /cm2
   143             0 eV            0 eV            0               0 /cm2              0 /cm2              0 /cm2              0 /cm2              0 /cm2              0 /cm2              0 /cm2
   144             0 eV            0 eV            0               0 /cm2              0 /cm2              0 /cm2              0 /cm2              0 /cm2              0 /cm2              0 /cm2
   145             0 eV            0 eV            0               0 /cm2              0 /cm2              0 /cm2              0 /cm2              0 /cm2              0 /cm2              0 /cm2
   146             0 eV            0 eV            0               0 /cm2              0 /cm2              0 /cm2              0 /cm2              0 /cm2              0 /cm2              0 /cm2
   147             0 eV            0 eV            0               0 /cm2              0 /cm2              0 /cm2              0 /cm2              0 /cm2              0 /cm2              0 /cm2
   148             0 eV            0 eV            0               0 /cm2              0 /cm2              0 /cm2              0 /cm2              0 /cm2              0 /cm2              0 /cm2
   149             0 eV            0 eV            0               0 /cm2              0 /cm2              0 /cm2              0 /cm2              0 /cm2              0 /cm2              0 /cm2
   150             0 eV            0 eV            0               0 /cm2              0 /cm2              0 /cm2              0 /cm2              0 /cm2              0 /cm2              0 /cm2
   151             0 eV            0 eV            0               0 /cm2              0 /cm2              0 /cm2              0 /cm2              0 /cm2              0 /cm2              0 /cm2
   152             0 eV            0 eV            0               0 /cm2              0 /cm2              0 /cm2              0 /cm2              0 /cm2              0 /cm2              0 /cm2
   153             0 eV            0 eV            0               0 /cm2              0 /cm2              0 /cm2              0 /cm2              0 /cm2              0 /cm2              0 /cm2
   154             0 eV            0 eV            0               0 /cm2              0 /cm2              0 /cm2              0 /cm2              0 /cm2              0 /cm2              0 /cm2
   155             0 eV            0 eV            0               0 /cm2              0 /cm2              0 /cm2              0 /cm2              0 /cm2              0 /cm2              0 /cm2
   156             0 eV            0 eV            0               0 /cm2              0 /cm2              0 /cm2              0 /cm2              0 /cm2              0 /cm2              0 /cm2
   157             0 eV            0 eV            0               0 /cm2              0 /cm2              0 /cm2              0 /cm2              0 /cm2              0 /cm2              0 /cm2
   158             0 eV            0 eV            0               0 /cm2              0 /cm2              0 /cm2              0 /cm2              0 /cm2              0 /cm2              0 /cm2
   159             0 eV            0 eV            0               0 /cm2              0 /cm2              0 /cm2              0 /cm2              0 /cm2              0 /cm2              0 /cm2
   160             0 eV            0 eV            0               0 /cm2              0 /cm2              0 /cm2              0 /cm2              0 /cm2              0 /cm2              0 /cm2
   161             0 eV            0 eV            0               0 /cm2              0 /cm2              0 /cm2              0 /cm2              0 /cm2              0 /cm2              0 /cm2
   162             0 eV            0 eV            0               0 /cm2              0 /cm2              0 /cm2              0 /cm2              0 /cm2              0 /cm2              0 /cm2
   163             0 eV            0 eV            0               0 /cm2              0 /cm2              0 /cm2              0 /cm2              0 /cm2              0 /cm2              0 /cm2
   164             0 eV            0 eV            0               0 /cm2              0 /cm2              0 /cm2              0 /cm2              0 /cm2              0 /cm2              0 /cm2
   165             0 eV            0 eV            0               0 /cm2              0 /cm2              0 /cm2              0 /cm2              0 /cm2              0 /cm2              0 /cm2
   166             0 eV            0 eV            0               0 /cm2              0 /cm2              0 /cm2              0 /cm2              0 /cm2              0 /cm2              0 /cm2
   167             0 eV            0 eV            0               0 /cm2              0 /cm2              0 /cm2              0 /cm2              0 /cm2              0 /cm2              0 /cm2
   168             0 eV            0 eV            0               0 /cm2              0 /cm2              0 /cm2              0 /cm2              0 /cm2              0 /cm2              0 /cm2
   169             0 eV            0 eV            0               0 /cm2              0 /cm2              0 /cm2              0 /cm2              0 /cm2              0 /cm2              0 /cm2
   170             0 eV            0 eV            0               0 /cm2              0 /cm2              0 /cm2              0 /cm2              0 /cm2              0 /cm2              0 /cm2
   171             0 eV            0 eV            0               0 /cm2              0 /cm2              0 /cm2              0 /cm2              0 /cm2              0 /cm2              0 /cm2
   172             0 eV            0 eV            0               0 /cm2              0 /cm2              0 /cm2              0 /cm2              0 /cm2              0 /cm2              0 /cm2
   173             0 eV            0 eV            0               0 /cm2              0 /cm2              0 /cm2              0 /cm2              0 /cm2              0 /cm2              0 /cm2
   174             0 eV            0 eV            0               0 /cm2              0 /cm2              0 /cm2              0 /cm2              0 /cm2              0 /cm2              0 /cm2
   175             0 eV            0 eV            0               0 /cm2              0 /cm2              0 /cm2              0 /cm2              0 /cm2              0 /cm2              0 /cm2
   176             0 eV            0 eV            0               0 /cm2              0 /cm2              0 /cm2              0 /cm2              0 /cm2              0 /cm2              0 /cm2
   177             0 eV            0 eV            0               0 /cm2              0 /cm2              0 /cm2              0 /cm2              0 /cm2              0 /cm2              0 /cm2
   178             0 eV            0 eV            0               0 /cm2              0 /cm2              0 /cm2              0 /cm2              0 /cm2              0 /cm2              0 /cm2
   179             0 eV            0 eV            0               0 /cm2              0 /cm2              0 /cm2              0 /cm2              0 /cm2              0 /cm2              0 /cm2
   180             0 eV            0 eV            0               0 /cm2              0 /cm2              0 /cm2              0 /cm2              0 /cm2              0 /cm2              0 /cm2
   181             0 eV            0 eV            0               0 /cm2              0 /cm2              0 /cm2              0 /cm2              0 /cm2              0 /cm2              0 /cm2
   182             0 eV            0 eV            0               0 /cm2              0 /cm2              0 /cm2              0 /cm2              0 /cm2              0 /cm2              0 /cm2
   183             0 eV            0 eV            0               0 /cm2              0 /cm2              0 /cm2              0 /cm2              0 /cm2              0 /cm2              0 /cm2
   184             0 eV            0 eV            0               0 /cm2              0 /cm2              0 /cm2              0 /cm2              0 /cm2              0 /cm2              0 /cm2
   185             0 eV            0 eV            0               0 /cm2              0 /cm2              0 /cm2              0 /cm2              0 /cm2              0 /cm2              0 /cm2
   186             0 eV            0 eV            0               0 /cm2              0 /cm2              0 /cm2              0 /cm2              0 /cm2              0 /cm2              0 /cm2
   187             0 eV            0 eV            0               0 /cm2              0 /cm2              0 /cm2              0 /cm2              0 /cm2              0 /cm2              0 /cm2
   188             0 eV            0 eV            0               0 /cm2              0 /cm2              0 /cm2              0 /cm2              0 /cm2              0 /cm2              0 /cm2
   189             0 eV            0 eV            0               0 /cm2              0 /cm2              0 /cm2              0 /cm2              0 /cm2              0 /cm2              0 /cm2
   190             0 eV            0 eV            0               0 /cm2              0 /cm2              0 /cm2              0 /cm2              0 /cm2              0 /cm2              0 /cm2
   191             0 eV            0 eV            0               0 /cm2              0 /cm2              0 /cm2              0 /cm2              0 /cm2              0 /cm2              0 /cm2
   192             0 eV            0 eV            0               0 /cm2              0 /cm2              0 /cm2              0 /cm2              0 /cm2              0 /cm2              0 /cm2
   193             0 eV            0 eV            0               0 /cm2              0 /cm2              0 /cm2              0 /cm2              0 /cm2              0 /cm2              0 /cm2
   194             0 eV            0 eV            0               0 /cm2              0 /cm2              0 /cm2              0 /cm2              0 /cm2              0 /cm2              0 /cm2
   195             0 eV            0 eV            0               0 /cm2              0 /cm2              0 /cm2              0 /cm2              0 /cm2              0 /cm2              0 /cm2
   196             0 eV            0 eV            0               0 /cm2              0 /cm2              0 /cm2              0 /cm2              0 /cm2              0 /cm2              0 /cm2
   197             0 eV            0 eV            0               0 /cm2              0 /cm2              0 /cm2              0 /cm2              0 /cm2              0 /cm2              0 /cm2
   198             0 eV            0 eV            0               0 /cm2              0 /cm2              0 /cm2              0 /cm2              0 /cm2              0 /cm2              0 /cm2
   199             0 eV            0 eV            0               0 /cm2              0 /cm2              0 /cm2              0 /cm2              0 /cm2              0 /cm2              0 /cm2
=============================================
#
Graphics systems deleted.
Visualization Manager deleting...
UserDetectorConstruction deleted.
UserPhysicsList deleted.
UserRunAction deleted.
UserPrimaryGenerator deleted.
G4 kernel has come to Quit state.
G4SDManager deleted.
EventManager deleted.
UImanager deleted.
Units table cleared.
StateManager deleted.
RunManagerKernel is deleted.
RunManager is deleting.

