Evt     Eprim   Etot    LXe     LXeTime PMT     PMTTime Seed1           Seed2           First   Flags
#       MeV     MeV     hits    ns      hits    ns                                      hit

3     	0.0600	0.0600	66	0x1.4f6fc8c708fa8p-15	54	0x1.382377b3d35bep+5	1	31429000	gamma	gamma electron 
5     	0x1.eb851eb851eb9p-5	0x1.b116228134481p-6	24	0x1.30809e8074632p-15	22	0x1.384d91212ec7ap+5	1	31429000	gamma	gamma electron 
9     	0x1.eb851eb851eb9p-5	0x1.ef1a6a0e91932p-6	20	0x1.d734ca6f87d53p-14	28	0x1.d339b12d58062p+5	1	31429000	gamma	gamma electron 
14    	0x1.eb851eb851eb9p-5	0x1.eb851eb851eb6p-5	59	0x1.6f517820463f2p-18	52	0x1.c93301b20aeb2p+5	1	31429000	gamma	gamma electron 
22    	0x1.eb851eb851eb9p-5	0x1.eb851eb851eb9p-5	53	0x1.2b1cb06e9aef7p-10	57	0x1.7e73e500da077p+5	1	31429000	gamma	gamma electron 
28    	0x1.eb851eb851eb9p-5	0x1.ef1a6a0e91935p-6	27	0x1.b6dd046de66ebp-17	20	0x1.975e0d6280108p+5	1	31429000	gamma	gamma electron 
30    	0x1.eb851eb851eb9p-5	0x1.eb851eb851eb7p-5	63	0x1.e223592ae219fp-18	47	0x1.541dc3e1ca937p+5	1	31429000	gamma	gamma electron 
35    	0x1.eb851eb851eb9p-5	0x1.430bee4acbd65p-5	44	0x1.31b96ae605e99p-17	22	0x1.a23997fb7ecf1p+5	1	31429000	gamma	gamma electron 
37    	0x1.eb851eb851eb9p-5	0x1.04e09015551aap-7	10	0x1.7a415f64c52cap-10	142	0x1.2c7defa5f2f7ep+5	1	31429000	gamma	gamma electron 
38    	0x1.eb851eb851eb9p-5	0x1.eb851eb851eb7p-5	63	0x1.9f5f2b8c1b6a5p-10	63	0x1.7830090ea0548p+5	1	31429000	gamma	gamma electron 
39    	0x1.eb851eb851eb9p-5	0x1.26c7554ecd418p-6	24	0x1.933d729fd3a4bp-16	19	0x1.6d9d1421c31c7p+5	1	31429000	gamma	gamma electron 
40    	0x1.eb851eb851eb9p-5	0x1.eb851eb851eb6p-5	51	0x1.6f6c333c49d82p-18	59	0x1.5c624f30c7ddbp+5	1	31429000	gamma	gamma electron 
41    	0x1.eb851eb851eb9p-5	0x1.76213bad5f9a4p-6	32	0x1.358ac3e8d8199p-13	22	0x1.f1c48b11c1639p+5	1	31429000	gamma	gamma electron 
45    	0x1.eb851eb851eb9p-5	0x1.eb851eb851eb8p-5	49	0x1.6136c8fd827bcp-17	49	0x1.faa52ae8f918p+4	1	31429000	gamma	gamma electron 
46    	0x1.eb851eb851eb9p-5	0x1.eb851eb851eb6p-5	57	0x1.0d11644ae2262p-17	52	0x1.7aa68cc12d7ddp+5	1	31429000	gamma	gamma electron 
56    	0x1.eb851eb851eb9p-5	0x1.70043d2e74e38p-5	47	0x1.391aa76ba8dc8p-12	46	0x1.4c8a877fc026p+5	1	31429000	gamma	gamma electron 
59    	0x1.eb851eb851eb9p-5	0x1.eb851eb851eb8p-5	60	0x1.c30e4fcba7009p-18	53	0x1.65ab6929030d3p+5	1	31429000	gamma	gamma electron 
62    	0x1.eb851eb851eb9p-5	0x1.ef1a6a0e91937p-6	13	0x1.a740ab8df6be4p-17	30	0x1.4f2328c2245cbp+5	1	31429000	gamma	gamma electron 
63    	0x1.eb851eb851eb9p-5	0x1.eb851eb851eb9p-5	45	0x1.c14139b72af5dp-18	71	0x1.7a205e28924c8p+5	1	31429000	gamma	gamma electron 
64    	0x1.eb851eb851eb9p-5	0x1.f47f2ddd88dd1p-6	33	0x1.ef90443cc0945p-17	25	0x1.6b4013dcf7776p+5	1	31429000	gamma	gamma electron 
66    	0x1.eb851eb851eb9p-5	0x1.eb851eb851ebap-5	43	0x1.b1167ff3043afp-18	90	0x1.71b051cff45b3p+5	1	31429000	gamma	gamma electron 
68    	0x1.eb851eb851eb9p-5	0x1.eb851eb851eb7p-5	45	0x1.6ddd34bacdbaep-10	176	0x1.5ade2df69199ep+5	1	31429000	gamma	gamma electron 
69    	0x1.eb851eb851eb9p-5	0x1.eb851eb851eb5p-5	58	0x1.1d9ef2d3effafp-17	54	0x1.2649fb40614c9p+5	1	31429000	gamma	gamma electron 
72    	0x1.eb851eb851eb9p-5	0x1.eb851eb851eb5p-5	64	0x1.7660d4400a31ep-17	60	0x1.a1d13355242ebp+5	1	31429000	gamma	gamma electron 
74    	0x1.eb851eb851eb9p-5	0x1.eb851eb851eb9p-5	65	0x1.9f6a202ac3fc3p-17	54	0x1.9477f1a640e2dp+5	1	31429000	gamma	gamma electron 
79    	0x1.eb851eb851eb9p-5	0x1.eb851eb851eb6p-5	39	0x1.281a42ec441b1p-17	50	0x1.4f0e5f2347414p+5	1	31429000	gamma	gamma electron 
84    	0x1.eb851eb851eb9p-5	0x1.eb851eb851eb8p-5	54	0x1.f209c584dedf7p-18	78	0x1.752f4e13563c2p+5	1	31429000	gamma	gamma electron 
85    	0x1.eb851eb851eb9p-5	0x1.24da1e8343199p-6	17	0x1.f6384b9a04819p-18	18	0x1.6b953f0c3b735p+5	1	31429000	gamma	gamma electron 
87    	0x1.eb851eb851eb9p-5	0x1.ef1a6a0e91937p-6	32	0x1.10dd271fa9092p-17	37	0x1.a4bb7e56e2ee8p+5	1	31429000	gamma	gamma electron 
91    	0x1.eb851eb851eb9p-5	0x1.eb851eb851eb7p-5	57	0x1.6b5c95595d762p-8	137	0x1.339ad044e7941p+5	1	31429000	gamma	gamma electron 
92    	0x1.eb851eb851eb9p-5	0x1.eb851eb851eb5p-5	54	0x1.308afc89610e2p-15	61	0x1.a8727e6d3c881p+5	1	31429000	gamma	gamma electron 
93    	0x1.eb851eb851eb9p-5	0x1.eb851eb851eb7p-5	58	0x1.206eee994eb57p-17	65	0x1.84c5d2fadd756p+5	1	31429000	gamma	gamma electron 
100   	0x1.eb851eb851eb9p-5	0x1.ef1a6a0e91934p-6	30	0x1.8d4fa61b3286cp-18	36	0x1.b73c177ae80f8p+5	1	31429000	gamma	gamma electron 
103   	0x1.eb851eb851eb9p-5	0x1.eb851eb851ebap-5	67	0x1.d83ff976b24a8p-17	45	0x1.c35800017baefp+5	1	31429000	gamma	gamma electron 
104   	0x1.eb851eb851eb9p-5	0x1.eb851eb851ebbp-5	55	0x1.8753d7ebcdc13p-18	58	0x1.7778b1446794ep+5	1	31429000	gamma	gamma electron 
105   	0x1.eb851eb851eb9p-5	0x1.f47f2ddd88dcdp-6	26	0x1.64f5b44c30d31p-16	25	0x1.50cc052da9fecp+5	1	31429000	gamma	gamma electron 
110   	0x1.eb851eb851eb9p-5	0x1.eb851eb851eb6p-5	52	0x1.d6a1d9fec718bp-17	72	0x1.4a36d392169aep+5	1	31429000	gamma	gamma electron 
113   	0x1.eb851eb851eb9p-5	0x1.eb851eb851ebcp-5	58	0x1.e6113cd4beeaep-18	61	0x1.393175f57858ap+5	1	31429000	gamma	gamma electron 
114   	0x1.eb851eb851eb9p-5	0x1.eb851eb851ebap-5	56	0x1.759f621d78334p-18	66	0x1.7b1c32ff81344p+5	1	31429000	gamma	gamma electron 
117   	0x1.eb851eb851eb9p-5	0x1.eb851eb851eb8p-5	80	0x1.bf9a08ccf920bp-16	62	0x1.73545cf42d859p+5	1	31429000	gamma	gamma electron 
118   	0x1.eb851eb851eb9p-5	0x1.eb851eb851eb9p-5	62	0x1.4777c0df7d3ddp-17	64	0x1.5e8a32bf79afbp+5	1	31429000	gamma	gamma electron 
119   	0x1.eb851eb851eb9p-5	0x1.eb851eb851ebcp-5	62	0x1.3f590b0859761p-17	67	0x1.caa1fa2774bbep+5	1	31429000	gamma	gamma electron 
120   	0x1.eb851eb851eb9p-5	0x1.ef1a6a0e91933p-6	29	0x1.bc3feb4380406p-16	27	0x1.15de3354d6aabp+6	1	31429000	gamma	gamma electron 
121   	0x1.eb851eb851eb9p-5	0x1.eb851eb851ebap-5	57	0x1.74efb85768fa9p-18	43	0x1.52e6850a723ccp+5	1	31429000	gamma	gamma electron 
127   	0x1.eb851eb851eb9p-5	0x1.eb851eb851eb8p-5	61	0x1.7280ad275d63bp-18	55	0x1.6a45bb2a846eep+5	1	31429000	gamma	gamma electron 
130   	0x1.eb851eb851eb9p-5	0x1.f47f2ddd88dccp-6	20	0x1.7bdc76d62ef39p-18	23	0x1.0a9ffb9d151ap+6	1	31429000	gamma	gamma electron 
131   	0x1.eb851eb851eb9p-5	0x1.96973d49aa813p-7	12	0x1.2249f87f71516p-13	13	0x1.3a7cf6743ade9p+5	1	31429000	gamma	gamma electron 
137   	0x1.eb851eb851eb9p-5	0x1.b11622813448p-6	30	0x1.c3eb0e1b14e7p-18	19	0x1.4e97266dcb701p+5	1	31429000	gamma	gamma electron 
140   	0x1.eb851eb851eb9p-5	0x1.eb851eb851eb7p-5	64	0x1.b048d751382f6p-17	66	0x1.3c99fdee57062p+5	1	31429000	gamma	gamma electron 
141   	0x1.eb851eb851eb9p-5	0x1.eb851eb851eb7p-5	53	0x1.6b7c0f64d1071p-18	72	0x1.59a50809c704fp+5	1	31429000	gamma	gamma electron 
142   	0x1.eb851eb851eb9p-5	0x1.eb851eb851eb8p-5	60	0x1.600173cac3494p-16	67	0x1.45278d2bdf3f4p+5	1	31429000	gamma	gamma electron 
143   	0x1.eb851eb851eb9p-5	0x1.eb851eb851eb5p-5	58	0x1.29254a9d03d43p-10	66	0x1.4a98939231021p+5	1	31429000	gamma	gamma electron 
145   	0x1.eb851eb851eb9p-5	0x1.eb851eb851ebap-5	49	0x1.993207a605485p-18	44	0x1.bc2f7468d4ca9p+5	1	31429000	gamma	gamma electron 
146   	0x1.eb851eb851eb9p-5	0x1.ef1a6a0e91932p-6	33	0x1.4784d715fe81fp-16	29	0x1.f77fbe9e87fe5p+5	1	31429000	gamma	gamma electron 
147   	0x1.eb851eb851eb9p-5	0x1.eb851eb851eb7p-5	70	0x1.3633c6e26c8b5p-17	68	0x1.93cf93ccec301p+5	1	31429000	gamma	gamma electron 
149   	0x1.eb851eb851eb9p-5	0x1.eb851eb851eb7p-5	55	0x1.aebe8055d04bfp-18	51	0x1.5a5476f7847f8p+5	1	31429000	gamma	gamma electron 
150   	0x1.eb851eb851eb9p-5	0x1.ef1a6a0e91936p-6	24	0x1.28a12e30040e2p-9	78	0x1.8f4b1d91f76a4p+5	1	31429000	gamma	gamma electron 
155   	0x1.eb851eb851eb9p-5	0x1.eb851eb851eb5p-5	84	0x1.e8077ffd97e72p-17	38	0x1.762a58fe68d64p+5	1	31429000	gamma	gamma electron 
157   	0x1.eb851eb851eb9p-5	0x1.eb851eb851ebap-5	73	0x1.6b8da19688ab6p-16	53	0x1.c81bbb68a7d5ap+5	1	31429000	gamma	gamma electron 
158   	0x1.eb851eb851eb9p-5	0x1.eb851eb851eb7p-5	49	0x1.21cfc7ab99e41p-17	74	0x1.5742994fefe32p+5	1	31429000	gamma	gamma electron 
160   	0x1.eb851eb851eb9p-5	0x1.ef1a6a0e91933p-6	20	0x1.d0e4d7140240ep-16	20	0x1.8f20d20efe804p+5	1	31429000	gamma	gamma electron 
163   	0x1.eb851eb851eb9p-5	0x1.eb851eb851eb8p-5	70	0x1.176a9c2dfdc12p-17	51	0x1.6dcd493eab83fp+5	1	31429000	gamma	gamma electron 
165   	0x1.eb851eb851eb9p-5	0x1.eb851eb851eb6p-5	55	0x1.78332bd35a5eep-17	74	0x1.3090b0f05f5d2p+5	1	31429000	gamma	gamma electron 
166   	0x1.eb851eb851eb9p-5	0x1.eb851eb851eb8p-5	60	0x1.216878f586455p-8	67	0x1.8a2bc08bbb5bcp+5	1	31429000	gamma	gamma electron 
167   	0x1.eb851eb851eb9p-5	0x1.f47f2ddd88dcep-6	32	0x1.1ac7258623df8p-14	17	0x1.cb454c1b37fd9p+5	1	31429000	gamma	gamma electron 
168   	0x1.eb851eb851eb9p-5	0x1.ef1a6a0e91932p-6	36	0x1.2f15518948302p-16	23	0x1.6ccdc9086fc3dp+5	1	31429000	gamma	gamma electron 
172   	0x1.eb851eb851eb9p-5	0x1.eb851eb851ebap-5	53	0x1.3babc728b0914p-17	54	0x1.544fb1ab5edb1p+5	1	31429000	gamma	gamma electron 
173   	0x1.eb851eb851eb9p-5	0x1.eb851eb851eb9p-5	69	0x1.81b0c4b44d976p-18	72	0x1.3acf5c6abfa2bp+5	1	31429000	gamma	gamma electron 
177   	0x1.eb851eb851eb9p-5	0x1.d697c750f7292p-7	41	0x1.1956578dc32e8p-14	14	0x1.caf862e5affc7p+5	1	31429000	e-	electron 
178   	0x1.eb851eb851eb9p-5	0x1.eb851eb851ebbp-5	62	0x1.10de584dd8643p-17	54	0x1.a430f7c5194ccp+5	1	31429000	gamma	gamma electron 
180   	0x1.eb851eb851eb9p-5	0x1.f47f2ddd88dcep-6	30	0x1.2559a354f302bp-16	30	0x1.4a469bf8698d9p+5	1	31429000	gamma	gamma electron 
185   	0x1.eb851eb851eb9p-5	0x1.eb851eb851eb8p-5	87	0x1.a8a706469a48ap-13	55	0x1.8da62f68d69b4p+5	1	31429000	gamma	gamma electron 
187   	0x1.eb851eb851eb9p-5	0x1.eb851eb851eb8p-5	55	0x1.14db8cd3fb143p-16	52	0x1.605e0cfa094fbp+5	1	31429000	gamma	gamma electron 
188   	0x1.eb851eb851eb9p-5	0x1.eb851eb851eb6p-5	55	0x1.989fe1a69d8c7p-17	60	0x1.5772a35607f4p+5	1	31429000	gamma	gamma electron 
190   	0x1.eb851eb851eb9p-5	0x1.47a8a09d99d97p-5	47	0x1.11e993153eec5p-17	29	0x1.4986f34272f7p+5	1	31429000	gamma	gamma electron 
191   	0x1.eb851eb851eb9p-5	0x1.eb851eb851eb7p-5	44	0x1.e9fb73c5e604bp-18	44	0x1.28ed143d46f81p+5	1	31429000	gamma	gamma electron 
193   	0x1.eb851eb851eb9p-5	0x1.eb851eb851ebap-5	63	0x1.269b10df8aca8p-10	83	0x1.5615e62c6766cp+5	1	31429000	gamma	gamma electron 
194   	0x1.eb851eb851eb9p-5	0x1.eb851eb851eb7p-5	46	0x1.6bdc492d20224p-17	57	0x1.290743872c0efp+5	1	31429000	gamma	gamma electron 
200   	0x1.eb851eb851eb9p-5	0x1.b8928324e30e7p-7	16	0x1.6212fd8ceaa26p-13	14	0x1.6152cdaca65ap+5	1	31429000	gamma	gamma electron 
201   	0x1.eb851eb851eb9p-5	0x1.eb851eb851eb8p-5	62	0x1.6378b69c1d103p-15	45	0x1.929c268da9c49p+5	1	31429000	gamma	gamma electron 
202   	0x1.eb851eb851eb9p-5	0x1.eb851eb851ebbp-5	53	0x1.767460188e5c5p-17	48	0x1.38cd40c90c595p+5	1	31429000	gamma	gamma electron 
207   	0x1.eb851eb851eb9p-5	0x1.eb851eb851eb8p-5	57	0x1.dde25219d77d2p-16	76	0x1.66fdd651e833cp+5	1	31429000	gamma	gamma electron 
209   	0x1.eb851eb851eb9p-5	0x1.eb851eb851ebbp-5	61	0x1.782f71f3e159cp-18	59	0x1.6a07f828b43a3p+5	1	31429000	gamma	gamma electron 
213   	0x1.eb851eb851eb9p-5	0x1.ef1a6a0e91936p-6	24	0x1.9a55c18d54596p-18	32	0x1.87a23be0f001dp+5	1	31429000	gamma	gamma electron 
215   	0x1.eb851eb851eb9p-5	0x1.eb851eb851eb9p-5	64	0x1.a3cfccc372cadp-18	40	0x1.7e919578e5672p+5	1	31429000	gamma	gamma electron 
219   	0x1.eb851eb851eb9p-5	0x1.eb851eb851eb5p-5	71	0x1.73034606425f8p-9	59	0x1.75ed7b2bec846p+5	1	31429000	gamma	gamma electron 
221   	0x1.eb851eb851eb9p-5	0x1.e39143d559ac8p-5	86	0x1.f1585774f741cp-17	60	0x1.522c5f7f87ca1p+5	1	31429000	gamma	gamma electron 
223   	0x1.eb851eb851eb9p-5	0x1.eb851eb851eb7p-5	49	0x1.c47e65f9bd311p-18	55	0x1.70223357d5a47p+5	1	31429000	gamma	gamma electron 
227   	0x1.eb851eb851eb9p-5	0x1.eb851eb851eb8p-5	51	0x1.c8ff156f56d58p-18	51	0x1.4c9095739cc29p+5	1	31429000	gamma	gamma electron 
228   	0x1.eb851eb851eb9p-5	0x1.eb851eb851eb4p-5	66	0x1.752e8e7e2dcdep-18	45	0x1.56973c79428b2p+5	1	31429000	gamma	gamma electron 
229   	0x1.eb851eb851eb9p-5	0x1.eb851eb851eb8p-5	62	0x1.86c514c701da5p-18	42	0x1.6d3b63fa4a2b3p+5	1	31429000	gamma	gamma electron 
231   	0x1.eb851eb851eb9p-5	0x1.ef1a6a0e91934p-6	20	0x1.580e46916bcdep-18	14	0x1.a11eccc9f8eabp+5	1	31429000	gamma	gamma electron 
232   	0x1.eb851eb851eb9p-5	0x1.eb851eb851eb5p-5	53	0x1.85040d518d217p-16	73	0x1.7c96c3effa70dp+5	1	31429000	gamma	gamma electron 
234   	0x1.eb851eb851eb9p-5	0x1.3fb5576541a33p-5	35	0x1.e2c7d7fb22da1p-17	27	0x1.1ec6ccd84b101p+5	1	31429000	gamma	gamma electron 
238   	0x1.eb851eb851eb9p-5	0x1.eb851eb851eb6p-5	59	0x1.74412cfa225ecp-18	78	0x1.55b1a21274ef4p+5	1	31429000	gamma	gamma electron 
239   	0x1.eb851eb851eb9p-5	0x1.ef1a6a0e91934p-6	24	0x1.34ac09d70f518p-17	35	0x1.6b8a80ae08897p+5	1	31429000	gamma	gamma electron 
240   	0x1.eb851eb851eb9p-5	0x1.eb851eb851ebcp-5	68	0x1.fec438aa91075p-16	71	0x1.5679d024f86b5p+5	1	31429000	gamma	gamma electron 
243   	0x1.eb851eb851eb9p-5	0x1.eb851eb851eb7p-5	44	0x1.a7ab5b18e7df5p-16	56	0x1.8c17c15298183p+5	1	31429000	gamma	gamma electron 
244   	0x1.eb851eb851eb9p-5	0x1.eb851eb851eb9p-5	57	0x1.74ff6dda25a38p-10	80	0x1.4a64e9e95526cp+5	1	31429000	gamma	gamma electron 
246   	0x1.eb851eb851eb9p-5	0x1.eb851eb851eb8p-5	63	0x1.65990f9e6f56fp-16	61	0x1.9c481c715d49cp+5	1	31429000	gamma	gamma electron 
248   	0x1.eb851eb851eb9p-5	0x1.b9f89da59fc2p-10	2	0x1.7a9334c03d7ep-18	4	0x1.0e34749060aecp+5	1	31429000	gamma	gamma electron 
253   	0x1.eb851eb851eb9p-5	0x1.eb851eb851eb8p-5	54	0x1.9db1cd7ab5dc4p-15	53	0x1.b6a1ba424168cp+5	1	31429000	gamma	gamma electron 
255   	0x1.eb851eb851eb9p-5	0x1.be85e22cb0623p-7	7	0x1.489eb481779acp-14	13	0x1.21333e76f1004p+6	1	31429000	gamma	gamma electron 
257   	0x1.eb851eb851eb9p-5	0x1.eb851eb851eb8p-5	50	0x1.cf9782139b664p-18	58	0x1.5414071cfe461p+5	1	31429000	gamma	gamma electron 
258   	0x1.eb851eb851eb9p-5	0x1.ef1a6a0e91934p-6	28	0x1.c1ae4469bd3f6p-18	32	0x1.7b91c1dbf56bcp+5	1	31429000	gamma	gamma electron 
263   	0x1.eb851eb851eb9p-5	0x1.eb851eb851eb6p-5	55	0x1.a58d64e798224p-10	144	0x1.846a416238439p+5	1	31429000	gamma	gamma electron 
265   	0x1.eb851eb851eb9p-5	0x1.eb851eb851eb9p-5	47	0x1.685b3d65949f2p-18	65	0x1.7e41f87292123p+5	1	31429000	gamma	gamma electron 
268   	0x1.eb851eb851eb9p-5	0x1.eb851eb851eb4p-5	53	0x1.61abd632b7617p-18	66	0x1.7813381c8bc69p+5	1	31429000	gamma	gamma electron 
271   	0x1.eb851eb851eb9p-5	0x1.ef1a6a0e91931p-6	37	0x1.ebc382d655d2dp-18	28	0x1.65fc61d4bd337p+5	1	31429000	gamma	gamma electron 
272   	0x1.eb851eb851eb9p-5	0x1.b00e5024db81fp-6	23	0x1.4d643df5a0e95p-17	23	0x1.25cbc8833a6d2p+5	1	31429000	gamma	gamma electron 
273   	0x1.eb851eb851eb9p-5	0x1.ef1a6a0e91934p-6	36	0x1.7bd3ea0b4f8bap-18	25	0x1.09b9b9ae24915p+6	1	31429000	gamma	gamma electron 
275   	0x1.eb851eb851eb9p-5	0x1.f47f2ddd88dcep-6	25	0x1.218d9a7c16f58p-16	36	0x1.5e9b3b4c99c0bp+5	1	31429000	gamma	gamma electron 
280   	0x1.eb851eb851eb9p-5	0x1.eb851eb851ebbp-5	66	0x1.0519bd975719dp-9	56	0x1.8cbe03aa9adb7p+5	1	31429000	gamma	gamma electron 
284   	0x1.eb851eb851eb9p-5	0x1.eb851eb851eb8p-5	52	0x1.a918976875865p-18	79	0x1.2ba1aa3725a33p+5	1	31429000	gamma	gamma electron 
287   	0x1.eb851eb851eb9p-5	0x1.eb851eb851eb9p-5	84	0x1.70e9873f629aap-14	47	0x1.7d646e3538837p+5	1	31429000	gamma	gamma electron 
291   	0x1.eb851eb851eb9p-5	0x1.eb851eb851eb7p-5	64	0x1.98d552a0e3c64p-18	71	0x1.73b42532b5389p+5	1	31429000	gamma	gamma electron 
292   	0x1.eb851eb851eb9p-5	0x1.eb851eb851eb8p-5	70	0x1.2867340876f87p-16	63	0x1.6cc4b9f894884p+5	1	31429000	gamma	gamma electron 
294   	0x1.eb851eb851eb9p-5	0x1.f47f2ddd88dcdp-6	30	0x1.12de1a8c37dc1p-14	28	0x1.b68ff52e6a5d7p+5	1	31429000	gamma	gamma electron 
307   	0x1.eb851eb851eb9p-5	0x1.9707ebddbd542p-6	51	0x1.0eeb3dcf787ap-17	29	0x1.83d5b70711a29p+5	1	31429000	gamma	gamma electron 
310   	0x1.eb851eb851eb9p-5	0x1.ef1a6a0e91935p-6	32	0x1.763b5a4aacd72p-13	25	0x1.4154c7358f11dp+5	1	31429000	gamma	gamma electron 
313   	0x1.eb851eb851eb9p-5	0x1.b00e5024db81bp-6	24	0x1.d05392d74796fp-18	29	0x1.552e60a19edbp+5	1	31429000	gamma	gamma electron 
317   	0x1.eb851eb851eb9p-5	0x1.1b8fa87f0faa9p-6	22	0x1.fd6c52134351bp-18	18	0x1.50df9784baf94p+5	1	31429000	gamma	gamma electron 
319   	0x1.eb851eb851eb9p-5	0x1.ef1a6a0e91931p-6	29	0x1.5765f78b1eff3p-18	29	0x1.54c54808ac68cp+5	1	31429000	gamma	gamma electron 
320   	0x1.eb851eb851eb9p-5	0x1.eb851eb851eb9p-5	49	0x1.9cd33c385e69ap-18	60	0x1.6da50d94dec22p+5	1	31429000	gamma	gamma electron 
327   	0x1.eb851eb851eb9p-5	0x1.eb851eb851eb8p-5	53	0x1.9f598dc173b05p-18	62	0x1.53ba4375ca1b5p+5	1	31429000	gamma	gamma electron 
329   	0x1.eb851eb851eb9p-5	0x1.eb851eb851ebbp-5	42	0x1.ea525280765cdp-18	49	0x1.659e5164de99bp+5	1	31429000	gamma	gamma electron 
333   	0x1.eb851eb851eb9p-5	0x1.eb851eb851eb7p-5	61	0x1.1870c876992f6p-17	46	0x1.0c43c0c92aa47p+5	1	31429000	gamma	gamma electron 
338   	0x1.eb851eb851eb9p-5	0x1.ef1a6a0e91936p-6	38	0x1.3a1c804acb768p-17	30	0x1.fa8ccad97f842p+4	1	31429000	gamma	gamma electron 
349   	0x1.eb851eb851eb9p-5	0x1.eb851eb851eb6p-5	62	0x1.0006189fae3fep-16	41	0x1.abb66e5e59f59p+5	1	31429000	gamma	gamma electron 
351   	0x1.eb851eb851eb9p-5	0x1.eb851eb851eb6p-5	55	0x1.c2159a37aa34dp-18	50	0x1.91414e165eb3cp+5	1	31429000	gamma	gamma electron 
353   	0x1.eb851eb851eb9p-5	0x1.eb851eb851eb7p-5	55	0x1.6c171c5233edp-18	58	0x1.5a930e729b1a6p+5	1	31429000	gamma	gamma electron 
356   	0x1.eb851eb851eb9p-5	0x1.eb851eb851eb8p-5	55	0x1.76115c21c6432p-18	66	0x1.9da15545c9aaap+5	1	31429000	gamma	gamma electron 
357   	0x1.eb851eb851eb9p-5	0x1.eb851eb851eb8p-5	54	0x1.5855749eb73d8p-18	98	0x1.2c327a46dbdebp+5	1	31429000	gamma	gamma electron 
359   	0x1.eb851eb851eb9p-5	0x1.b00e5024db81cp-6	24	0x1.0adb23dcaa55cp-15	19	0x1.231b6ba63f437p+5	1	31429000	gamma	gamma electron 
362   	0x1.eb851eb851eb9p-5	0x1.eb851eb851eb7p-5	83	0x1.f058762d6bee5p-18	56	0x1.ebb73a91d37fp+5	1	31429000	gamma	gamma electron 
364   	0x1.eb851eb851eb9p-5	0x1.eb851eb851eb4p-5	57	0x1.3b9f0f9505781p-17	43	0x1.3a57116809b63p+5	1	31429000	gamma	gamma electron 
365   	0x1.eb851eb851eb9p-5	0x1.ef1a6a0e91934p-6	26	0x1.f10b6513bbc86p-18	31	0x1.5c32c1f5276b7p+5	1	31429000	gamma	gamma electron 
366   	0x1.eb851eb851eb9p-5	0x1.f47f2ddd88dccp-6	34	0x1.ae97682422f11p-18	22	0x1.63c2c9a50ca4fp+5	1	31429000	gamma	gamma electron 
371   	0x1.eb851eb851eb9p-5	0x1.ef1a6a0e9192fp-6	42	0x1.cd92313283cd4p-18	29	0x1.91bfac8fdb464p+5	1	31429000	gamma	gamma electron 
372   	0x1.eb851eb851eb9p-5	0x1.eb851eb851ebap-5	74	0x1.29127e2ffe247p-17	63	0x1.255df3ec36da5p+5	1	31429000	gamma	gamma electron 
373   	0x1.eb851eb851eb9p-5	0x1.eb851eb851eb7p-5	63	0x1.83506b0bfdb8cp-18	49	0x1.b02ff0f43f029p+5	1	31429000	gamma	gamma electron 
374   	0x1.eb851eb851eb9p-5	0x1.ef1a6a0e91936p-6	37	0x1.6dc8e9d628685p-18	37	0x1.8bfe5a75361b4p+5	1	31429000	gamma	gamma electron 
375   	0x1.eb851eb851eb9p-5	0x1.eb851eb851eb9p-5	51	0x1.a82230858bf1ap-18	77	0x1.61be32723fcbfp+5	1	31429000	gamma	gamma electron 
377   	0x1.eb851eb851eb9p-5	0x1.eb851eb851eb8p-5	61	0x1.3d4a908077133p-16	77	0x1.c9f271b733e8cp+5	1	31429000	gamma	gamma electron 
378   	0x1.eb851eb851eb9p-5	0x1.b00e5024db81cp-6	21	0x1.cd36f102db6cp-18	20	0x1.4493b4f5512a7p+5	1	31429000	gamma	gamma electron 
380   	0x1.eb851eb851eb9p-5	0x1.eb851eb851eb9p-5	73	0x1.94ef1334469dep-18	63	0x1.5609bf2103698p+5	1	31429000	gamma	gamma electron 
384   	0x1.eb851eb851eb9p-5	0x1.eb851eb851eb7p-5	51	0x1.a97fd9a8d72e5p-18	53	0x1.6c1d3225445fdp+5	1	31429000	gamma	gamma electron 
385   	0x1.eb851eb851eb9p-5	0x1.eb851eb851eb9p-5	48	0x1.93111bd03dab6p-17	57	0x1.450b239063797p+5	1	31429000	gamma	gamma electron 
388   	0x1.eb851eb851eb9p-5	0x1.ae2659db83a0cp-6	42	0x1.9fefa0904d6cap-13	28	0x1.8015dde373a22p+5	1	31429000	gamma	gamma electron 
392   	0x1.eb851eb851eb9p-5	0x1.eb851eb851eb6p-5	61	0x1.a1abbfd094b64p-18	61	0x1.8b44361b6b924p+5	1	31429000	gamma	gamma electron 
394   	0x1.eb851eb851eb9p-5	0x1.eb851eb851ebap-5	62	0x1.839f9b08b415ep-18	55	0x1.15779f8c4460bp+5	1	31429000	gamma	gamma electron 
396   	0x1.eb851eb851eb9p-5	0x1.ef1a6a0e91933p-6	27	0x1.61c521f9d042ap-18	33	0x1.79a3be99b9ff8p+5	1	31429000	gamma	gamma electron 
400   	0x1.eb851eb851eb9p-5	0x1.eb851eb851eb9p-5	53	0x1.48e6915a52754p-15	57	0x1.4b4bd8c589716p+5	1	31429000	gamma	gamma electron 
402   	0x1.eb851eb851eb9p-5	0x1.ef1a6a0e91932p-6	42	0x1.7f69610ca5a44p-18	32	0x1.86ad9a7352f36p+5	1	31429000	gamma	gamma electron 
404   	0x1.eb851eb851eb9p-5	0x1.ef1a6a0e91934p-6	32	0x1.71796634a47b6p-18	31	0x1.2a04e25a274f8p+5	1	31429000	gamma	gamma electron 
405   	0x1.eb851eb851eb9p-5	0x1.eb851eb851ebap-5	72	0x1.42331287056c2p-15	57	0x1.b3ade5c19dc5ep+5	1	31429000	gamma	gamma electron 
406   	0x1.eb851eb851eb9p-5	0x1.eb851eb851eb8p-5	49	0x1.64aabdbf87292p-8	128	0x1.7cdbda2a8381bp+5	1	31429000	gamma	gamma electron 
409   	0x1.eb851eb851eb9p-5	0x1.eb851eb851eb6p-5	61	0x1.08524fd5f9c29p-17	60	0x1.8504a7567f51ap+5	1	31429000	gamma	gamma electron 
412   	0x1.eb851eb851eb9p-5	0x1.eb851eb851eb9p-5	47	0x1.154a38889327p-15	60	0x1.1e045fc23565p+5	1	31429000	gamma	gamma electron 
418   	0x1.eb851eb851eb9p-5	0x1.49e994d9b203bp-7	6	0x1.50da9395840a1p-17	11	0x1.9e566495e6309p+5	1	31429000	gamma	gamma electron 
422   	0x1.eb851eb851eb9p-5	0x1.eb851eb851eb7p-5	52	0x1.054676fa67792p-17	56	0x1.86e9e8acbc08p+5	1	31429000	gamma	gamma electron 
424   	0x1.eb851eb851eb9p-5	0x1.eb851eb851eb8p-5	44	0x1.80ab617337ef5p-18	63	0x1.b16d2d5d67187p+5	1	31429000	gamma	gamma electron 
425   	0x1.eb851eb851eb9p-5	0x1.eb851eb851ebap-5	58	0x1.51479ff824b78p-18	49	0x1.6684166b53bccp+5	1	31429000	gamma	gamma electron 
432   	0x1.eb851eb851eb9p-5	0x1.eb851eb851eb5p-5	55	0x1.62dd808d02136p-18	77	0x1.96b640ba8ae18p+5	1	31429000	gamma	gamma electron 
433   	0x1.eb851eb851eb9p-5	0x1.f47f2ddd88dccp-6	39	0x1.06c9204575dc8p-13	32	0x1.755267de5d98p+5	1	31429000	gamma	gamma electron 
440   	0x1.eb851eb851eb9p-5	0x1.29c4221f492f8p-6	37	0x1.1e569fd5d8cp-16	20	0x1.02b408d7e22fdp+5	1	31429000	e-	electron 
441   	0x1.eb851eb851eb9p-5	0x1.ef1a6a0e91934p-6	31	0x1.25777401382cap-14	31	0x1.beede7b805126p+5	1	31429000	gamma	gamma electron 
442   	0x1.eb851eb851eb9p-5	0x1.eb851eb851ebap-5	54	0x1.21b134521ee31p-17	63	0x1.2994b015cc1c1p+5	1	31429000	gamma	gamma electron 
444   	0x1.eb851eb851eb9p-5	0x1.eb851eb851eb4p-5	64	0x1.836538e5c6367p-18	59	0x1.a58a6d0fd4003p+5	1	31429000	gamma	gamma electron 
445   	0x1.eb851eb851eb9p-5	0x1.ef1a6a0e91932p-6	34	0x1.a9b47caf272d9p-16	23	0x1.01b0c3eaddcdap+5	1	31429000	gamma	gamma electron 
447   	0x1.eb851eb851eb9p-5	0x1.ef1a6a0e91935p-6	22	0x1.b69521f1c013ep-17	22	0x1.786f51a292f98p+4	1	31429000	gamma	gamma electron 
449   	0x1.eb851eb851eb9p-5	0x1.96ca31e652f23p-6	30	0x1.ef7edb909a706p-14	27	0x1.8801607431534p+5	1	31429000	e-	electron 
452   	0x1.eb851eb851eb9p-5	0x1.eb851eb851eb8p-5	51	0x1.0779abea8e974p-17	42	0x1.3ea766218417ap+5	1	31429000	gamma	gamma electron 
456   	0x1.eb851eb851eb9p-5	0x1.eb851eb851eb7p-5	49	0x1.2576e9b035ae4p-17	50	0x1.7b13c18537238p+5	1	31429000	gamma	gamma electron 
460   	0x1.eb851eb851eb9p-5	0x1.eb851eb851eb9p-5	45	0x1.db4846c52041dp-15	66	0x1.9308ad87c02c4p+5	1	31429000	gamma	gamma electron 
469   	0x1.eb851eb851eb9p-5	0x1.672ead9274e21p-5	42	0x1.6ef6b2a826084p-16	29	0x1.2d3d6b4007feep+5	1	31429000	gamma	gamma electron 
470   	0x1.eb851eb851eb9p-5	0x1.eb851eb851eb9p-5	46	0x1.41d333a1f5f4bp-13	52	0x1.56056a3d54a96p+5	1	31429000	gamma	gamma electron 
472   	0x1.eb851eb851eb9p-5	0x1.eb851eb851eb8p-5	38	0x1.a2357886fc044p-18	63	0x1.8b945a2b7fb83p+5	1	31429000	gamma	gamma electron 
473   	0x1.eb851eb851eb9p-5	0x1.686437b7fd31ep-5	53	0x1.19589a4a1fce5p-15	47	0x1.a47cc240f5463p+5	1	31429000	gamma	gamma electron 
476   	0x1.eb851eb851eb9p-5	0x1.eb851eb851eb8p-5	69	0x1.5971e6f9698f4p-17	51	0x1.8380da7333a62p+5	1	31429000	gamma	gamma electron 
482   	0x1.eb851eb851eb9p-5	0x1.a34ca0c282c72p-6	26	0x1.d391d49bfb584p-17	29	0x1.b7e3d60a39748p+5	1	31429000	gamma	gamma electron 
485   	0x1.eb851eb851eb9p-5	0x1.b00e5024db81cp-6	19	0x1.3918e57e6f272p-16	29	0x1.5c3e79cef605bp+5	1	31429000	gamma	gamma electron 
490   	0x1.eb851eb851eb9p-5	0x1.ef1a6a0e91935p-6	28	0x1.608eab89740b3p-18	33	0x1.3ef251723dd77p+5	1	31429000	gamma	gamma electron 
491   	0x1.eb851eb851eb9p-5	0x1.eb851eb851eb8p-5	54	0x1.16218a7b7ad1ap-17	45	0x1.62467e7ceea48p+5	1	31429000	gamma	gamma electron 
493   	0x1.eb851eb851eb9p-5	0x1.eb851eb851eb9p-5	56	0x1.a05607b4bb2e9p-16	56	0x1.51ae3457ec80dp+5	1	31429000	gamma	gamma electron 
495   	0x1.eb851eb851eb9p-5	0x1.ef1a6a0e91932p-6	28	0x1.8a57dcba14c26p-18	24	0x1.6f8466c7fafdcp+5	1	31429000	gamma	gamma electron 
499   	0x1.eb851eb851eb9p-5	0x1.ef1a6a0e91934p-6	24	0x1.47c9b651a3fcp-10	33	0x1.d7cd062d1a1fbp+5	1	31429000	gamma	gamma electron 
500   	0x1.eb851eb851eb9p-5	0x1.50aea3ecd9b2ap-5	42	0x1.09e38b7681b16p-9	114	0x1.63e16b6b2cb3dp+5	1	31429000	gamma	gamma electron 
508   	0x1.eb851eb851eb9p-5	0x1.a34ca0c282c6fp-6	18	0x1.293c2bae957b9p-16	23	0x1.a8fc4c3fc5c14p+5	1	31429000	gamma	gamma electron 
510   	0x1.eb851eb851eb9p-5	0x1.eb851eb851eb9p-5	50	0x1.4ff914b42058bp-18	45	0x1.a075174753f41p+5	1	31429000	gamma	gamma electron 
512   	0x1.eb851eb851eb9p-5	0x1.d199d47307844p-6	43	0x1.f032962bc5c7ap-13	25	0x1.4fc95811ad83dp+5	1	31429000	e-	electron 
513   	0x1.eb851eb851eb9p-5	0x1.eb851eb851eb9p-5	44	0x1.6d417ce63bb68p-18	61	0x1.62e043276f2dep+5	1	31429000	gamma	gamma electron 
516   	0x1.eb851eb851eb9p-5	0x1.eb851eb851ebbp-5	53	0x1.eec5b4164f673p-18	49	0x1.a5ef31b8a264cp+5	1	31429000	gamma	gamma electron 
520   	0x1.eb851eb851eb9p-5	0x1.eb851eb851eb8p-5	44	0x1.5aa6afed97465p-18	55	0x1.533214f4e13cp+5	1	31429000	gamma	gamma electron 
525   	0x1.eb851eb851eb9p-5	0x1.ef1a6a0e91934p-6	27	0x1.e6aefb3ddc456p-18	20	0x1.b3853c678ead1p+4	1	31429000	gamma	gamma electron 
527   	0x1.eb851eb851eb9p-5	0x1.eb851eb851ebdp-5	53	0x1.9b55da8cbe5a3p-15	58	0x1.670a95e22a60ap+5	1	31429000	gamma	gamma electron 
528   	0x1.eb851eb851eb9p-5	0x1.eb851eb851eb6p-5	58	0x1.b4f75f73232b1p-17	54	0x1.c6a57f020b0a6p+5	1	31429000	gamma	gamma electron 
531   	0x1.eb851eb851eb9p-5	0x1.eb851eb851eb9p-5	83	0x1.bab8dd326464dp-14	50	0x1.5f524c95c2612p+5	1	31429000	gamma	gamma electron 
534   	0x1.eb851eb851eb9p-5	0x1.eb851eb851ebap-5	42	0x1.5ef0727404c9dp-10	106	0x1.57d8706c490a6p+5	1	31429000	gamma	gamma electron 
535   	0x1.eb851eb851eb9p-5	0x1.eb851eb851eb6p-5	52	0x1.5f8d95fc154c2p-18	58	0x1.a28ef20371015p+5	1	31429000	gamma	gamma electron 
536   	0x1.eb851eb851eb9p-5	0x1.ef1a6a0e91933p-6	25	0x1.f4731ad2ed3afp-17	25	0x1.612f38bd88c88p+5	1	31429000	gamma	gamma electron 
537   	0x1.eb851eb851eb9p-5	0x1.eb851eb851eb9p-5	52	0x1.6f25345ec78f6p-18	66	0x1.57eb7e3aa72cep+5	1	31429000	gamma	gamma electron 
543   	0x1.eb851eb851eb9p-5	0x1.eb851eb851eb8p-5	51	0x1.d38cf5868837p-10	156	0x1.6d061229d1cafp+5	1	31429000	gamma	gamma electron 
546   	0x1.eb851eb851eb9p-5	0x1.eb851eb851eb7p-5	66	0x1.b4296520b03cp-18	53	0x1.88d24be2b223cp+5	1	31429000	gamma	gamma electron 
547   	0x1.eb851eb851eb9p-5	0x1.eb851eb851eb7p-5	51	0x1.a05fc9b221b94p-18	80	0x1.5b00698d3949dp+5	1	31429000	gamma	gamma electron 
548   	0x1.eb851eb851eb9p-5	0x1.eb851eb851eb9p-5	39	0x1.7b3cb982c33bbp-17	52	0x1.881b4df8307f4p+5	1	31429000	gamma	gamma electron 
549   	0x1.eb851eb851eb9p-5	0x1.eb851eb851eb9p-5	35	0x1.53c6e6e7bda62p-17	65	0x1.006cf00723c7ap+5	1	31429000	gamma	gamma electron 
564   	0x1.eb851eb851eb9p-5	0x1.eb851eb851eb9p-5	61	0x1.71786315c2605p-17	43	0x1.512f402a5f6d4p+5	1	31429000	gamma	gamma electron 
569   	0x1.eb851eb851eb9p-5	0x1.b00e5024db81cp-6	16	0x1.21f75efcf4705p-17	25	0x1.d4f96b552dc75p+5	1	31429000	gamma	gamma electron 
574   	0x1.eb851eb851eb9p-5	0x1.eb851eb851ebbp-5	56	0x1.5f6e9eee3b002p-18	72	0x1.5f65ddb528aeap+5	1	31429000	gamma	gamma electron 
576   	0x1.eb851eb851eb9p-5	0x1.eb851eb851ebbp-5	46	0x1.91eac9ff5cddbp-10	144	0x1.82172c0b3f161p+5	1	31429000	gamma	gamma electron 
577   	0x1.eb851eb851eb9p-5	0x1.eb851eb851ebap-5	38	0x1.6c277e1d8b51ap-9	141	0x1.79f1e26d49f51p+5	1	31429000	gamma	gamma electron 
579   	0x1.eb851eb851eb9p-5	0x1.eb851eb851eb3p-5	64	0x1.611c3cb896cfcp-18	52	0x1.ab7d5f8269c83p+5	1	31429000	gamma	gamma electron 
580   	0x1.eb851eb851eb9p-5	0x1.eb851eb851eb9p-5	61	0x1.8b4d0fbaa812dp-18	57	0x1.ce2fd9754d23ep+5	1	31429000	gamma	gamma electron 
590   	0x1.eb851eb851eb9p-5	0x1.eb851eb851eb7p-5	47	0x1.b2eb48434e897p-18	64	0x1.62d9cb191512bp+5	1	31429000	gamma	gamma electron 
591   	0x1.eb851eb851eb9p-5	0x1.be85e22cb0625p-7	16	0x1.93c41e7f53d7cp-16	14	0x1.5d45add0305ecp+5	1	31429000	gamma	gamma electron 
593   	0x1.eb851eb851eb9p-5	0x1.ef1a6a0e91932p-6	21	0x1.cfcf97d17ac2p-18	30	0x1.6d2cda9aa4c39p+5	1	31429000	gamma	gamma electron 
594   	0x1.eb851eb851eb9p-5	0x1.eb851eb851eb8p-5	58	0x1.676c6c6be8f16p-18	51	0x1.8650e053f7b3cp+5	1	31429000	gamma	gamma electron 
595   	0x1.eb851eb851eb9p-5	0x1.eb851eb851ebap-5	55	0x1.aafaf594b5bfep-17	72	0x1.64d85373d959ep+5	1	31429000	gamma	gamma electron 
602   	0x1.eb851eb851eb9p-5	0x1.ef1a6a0e91933p-6	44	0x1.056b9e4d46b29p-15	32	0x1.4d447539e5cd7p+5	1	31429000	gamma	gamma electron 
605   	0x1.eb851eb851eb9p-5	0x1.eb851eb851eb6p-5	52	0x1.591e5e71bf3c2p-18	66	0x1.72bebf5ae194bp+5	1	31429000	gamma	gamma electron 
614   	0x1.eb851eb851eb9p-5	0x1.eb851eb851eb5p-5	60	0x1.e8de54142221cp-18	67	0x1.89beb37d6a15fp+5	1	31429000	gamma	gamma electron 
615   	0x1.eb851eb851eb9p-5	0x1.eb851eb851ebcp-5	62	0x1.d5366f13599ep-16	59	0x1.5e814cd6fd8d6p+5	1	31429000	gamma	gamma electron 
624   	0x1.eb851eb851eb9p-5	0x1.eb851eb851eb6p-5	60	0x1.82ed763459dddp-18	47	0x1.44a9f7bb4e4ffp+5	1	31429000	gamma	gamma electron 
625   	0x1.eb851eb851eb9p-5	0x1.ef1a6a0e9193p-6	26	0x1.9b5d01d7744bdp-18	23	0x1.87f063ad3540dp+5	1	31429000	gamma	gamma electron 
630   	0x1.eb851eb851eb9p-5	0x1.ef1a6a0e91935p-6	27	0x1.a00e1a0e988aap-18	27	0x1.787ad33ead2c3p+5	1	31429000	gamma	gamma electron 
632   	0x1.eb851eb851eb9p-5	0x1.f47f2ddd88dcap-6	33	0x1.30de8bc4d8fa5p-17	26	0x1.509f2a11f9c1bp+5	1	31429000	gamma	gamma electron 
633   	0x1.eb851eb851eb9p-5	0x1.ef1a6a0e91932p-6	34	0x1.967429f3c315dp-16	27	0x1.f1a9744585352p+5	1	31429000	gamma	gamma electron 
634   	0x1.eb851eb851eb9p-5	0x1.eb851eb851eb7p-5	53	0x1.03cd11f1325cfp-17	52	0x1.75061570b13eap+5	1	31429000	gamma	gamma electron 
636   	0x1.eb851eb851eb9p-5	0x1.eb851eb851eb8p-5	60	0x1.19d4031f6618ap-16	57	0x1.ba2fbcd0a2815p+5	1	31429000	gamma	gamma electron 
644   	0x1.eb851eb851eb9p-5	0x1.eb851eb851eb9p-5	52	0x1.09e3c02fbcb1ap-9	69	0x1.ca907d13c1484p+5	1	31429000	gamma	gamma electron 
647   	0x1.eb851eb851eb9p-5	0x1.eb851eb851eb5p-5	74	0x1.12fcbfd7edb4p-9	61	0x1.6120539d9757ap+5	1	31429000	gamma	gamma electron 
651   	0x1.eb851eb851eb9p-5	0x1.eb851eb851eb7p-5	69	0x1.6abf2ffb36267p-18	59	0x1.14d366f1bf4d5p+5	1	31429000	gamma	gamma electron 
652   	0x1.eb851eb851eb9p-5	0x1.ef1a6a0e91934p-6	27	0x1.85f2dd3bafbe5p-18	26	0x1.00c67aa486dep+5	1	31429000	gamma	gamma electron 
661   	0x1.eb851eb851eb9p-5	0x1.ef1a6a0e91934p-6	27	0x1.381367c880524p-17	33	0x1.68f21f65b4cb5p+5	1	31429000	gamma	gamma electron 
662   	0x1.eb851eb851eb9p-5	0x1.eb851eb851eb8p-5	60	0x1.1dec7fe361cd5p-17	50	0x1.c4c23fe4b1d1ep+5	1	31429000	gamma	gamma electron 
663   	0x1.eb851eb851eb9p-5	0x1.eb851eb851eb5p-5	56	0x1.1b74f88069091p-16	62	0x1.52ba3e7b116bdp+5	1	31429000	gamma	gamma electron 
670   	0x1.eb851eb851eb9p-5	0x1.eb851eb851eb8p-5	45	0x1.5888f11932c42p-18	62	0x1.5f7c966426b8dp+5	1	31429000	gamma	gamma electron 
675   	0x1.eb851eb851eb9p-5	0x1.7300e3e2b079dp-7	24	0x1.30d251922abdep-15	10	0x1.4e95b4657a928p+5	1	31429000	e-	electron 
681   	0x1.eb851eb851eb9p-5	0x1.3a140aa35f17dp-5	48	0x1.769b34c52a55ap-14	42	0x1.90ba914276c3ap+5	1	31429000	gamma	gamma electron 
684   	0x1.eb851eb851eb9p-5	0x1.b8928324e30e3p-7	19	0x1.3f20ce11e71bfp-12	10	0x1.64a6ecd9bfdd1p+5	1	31429000	gamma	gamma electron 
688   	0x1.eb851eb851eb9p-5	0x1.eb851eb851ebbp-5	76	0x1.9e7d2e252aa5dp-18	50	0x1.7657bc05eefabp+5	1	31429000	gamma	gamma electron 
689   	0x1.eb851eb851eb9p-5	0x1.8acf8a81225b6p-6	55	0x1.43deda741e591p-17	22	0x1.2df562e88b70fp+5	1	31429000	gamma	gamma electron 
693   	0x1.eb851eb851eb9p-5	0x1.f47f2ddd88dcap-6	36	0x1.10fd55a0f2bbfp-16	21	0x1.53169f93d2323p+5	1	31429000	gamma	gamma electron 
696   	0x1.eb851eb851eb9p-5	0x1.eb851eb851eb5p-5	67	0x1.88cd3e63ec9a6p-17	53	0x1.19757ef64aff2p+5	1	31429000	gamma	gamma electron 
701   	0x1.eb851eb851eb9p-5	0x1.eb851eb851eb7p-5	54	0x1.7f789179dfb42p-10	154	0x1.840117b88aa42p+5	1	31429000	gamma	gamma electron 
705   	0x1.eb851eb851eb9p-5	0x1.eb851eb851eb6p-5	71	0x1.f58d295ac9454p-10	162	0x1.6351c4f157011p+5	1	31429000	gamma	gamma electron 
707   	0x1.eb851eb851eb9p-5	0x1.f47f2ddd88dc9p-6	25	0x1.bc0a20b7c59d4p-18	30	0x1.1a31eea76ba9fp+6	1	31429000	gamma	gamma electron 
709   	0x1.eb851eb851eb9p-5	0x1.ef1a6a0e91934p-6	33	0x1.32911b038c77fp-16	24	0x1.927a0ddd3b387p+5	1	31429000	gamma	gamma electron 
711   	0x1.eb851eb851eb9p-5	0x1.eb851eb851eb9p-5	61	0x1.978923413b978p-18	59	0x1.7f5422c6441d3p+5	1	31429000	gamma	gamma electron 
714   	0x1.eb851eb851eb9p-5	0x1.eb851eb851ebap-5	49	0x1.887baf8a4f914p-18	65	0x1.65cbe95c53dc9p+5	1	31429000	gamma	gamma electron 
716   	0x1.eb851eb851eb9p-5	0x1.07484ee2b3ae6p-5	41	0x1.8e38e6b561828p-17	32	0x1.d3850200b5666p+5	1	31429000	gamma	gamma electron 
717   	0x1.eb851eb851eb9p-5	0x1.ef1a6a0e91931p-6	44	0x1.49aecad4eceaap-17	26	0x1.8092c88c55641p+5	1	31429000	gamma	gamma electron 
721   	0x1.eb851eb851eb9p-5	0x1.ef1a6a0e91937p-6	22	0x1.85d03197dc11fp-17	31	0x1.985cbcaade145p+5	1	31429000	gamma	gamma electron 
725   	0x1.eb851eb851eb9p-5	0x1.eb851eb851eb8p-5	65	0x1.b1c6945e8d18p-18	53	0x1.72f1131829a19p+5	1	31429000	gamma	gamma electron 
727   	0x1.eb851eb851eb9p-5	0x1.eb851eb851eb6p-5	55	0x1.6bc24301e4b54p-10	84	0x1.5bd845e33be64p+5	1	31429000	gamma	gamma electron 
729   	0x1.eb851eb851eb9p-5	0x1.f47f2ddd88dcfp-6	28	0x1.4e6f52bc63392p-16	24	0x1.474933afc03a8p+5	1	31429000	gamma	gamma electron 
733   	0x1.eb851eb851eb9p-5	0x1.eb851eb851ebdp-5	75	0x1.f04fdd4e1bd5ap-18	58	0x1.1751ee4b33b93p+5	1	31429000	gamma	gamma electron 
737   	0x1.eb851eb851eb9p-5	0x1.eb851eb851ebap-5	70	0x1.aa5cdd1323dbap-17	49	0x1.3e19a95b76987p+5	1	31429000	gamma	gamma electron 
742   	0x1.eb851eb851eb9p-5	0x1.eb851eb851ebcp-5	72	0x1.5689f74ab3808p-18	55	0x1.b8419cf58511cp+5	1	31429000	gamma	gamma electron 
743   	0x1.eb851eb851eb9p-5	0x1.eb851eb851eb9p-5	49	0x1.156d5f7e37afbp-9	87	0x1.a48d39bdfaecdp+5	1	31429000	gamma	gamma electron 
744   	0x1.eb851eb851eb9p-5	0x1.f47f2ddd88dcdp-6	26	0x1.69a0e049c8ad3p-17	32	0x1.2064391c8f683p+5	1	31429000	gamma	gamma electron 
749   	0x1.eb851eb851eb9p-5	0x1.ef1a6a0e91934p-6	32	0x1.731054925e3eap-17	32	0x1.37fb37eed17adp+5	1	31429000	gamma	gamma electron 
751   	0x1.eb851eb851eb9p-5	0x1.33e67d739fee3p-6	37	0x1.99477c63a5b65p-11	18	0x1.6f4622557285ep+5	1	31429000	gamma	gamma electron 
753   	0x1.eb851eb851eb9p-5	0x1.eb851eb851eb3p-5	70	0x1.95239af567d58p-16	56	0x1.77df45d88cfbep+5	1	31429000	gamma	gamma electron 
755   	0x1.eb851eb851eb9p-5	0x1.eb851eb851ebap-5	61	0x1.9ba440efc4b48p-18	64	0x1.7d0e7790b64dep+5	1	31429000	gamma	gamma electron 
756   	0x1.eb851eb851eb9p-5	0x1.76deef0e4034ap-5	45	0x1.ba2c7360b90ecp-18	44	0x1.5a1a6a74763d7p+5	1	31429000	gamma	gamma electron 
758   	0x1.eb851eb851eb9p-5	0x1.eb851eb851ebep-5	65	0x1.68afd6b38a9a9p-10	72	0x1.3430cd0046c3dp+5	1	31429000	gamma	gamma electron 
759   	0x1.eb851eb851eb9p-5	0x1.eb851eb851eb8p-5	48	0x1.7c76c397c9788p-17	54	0x1.4679888c7b01p+5	1	31429000	gamma	gamma electron 
760   	0x1.eb851eb851eb9p-5	0x1.f47f2ddd88dcap-6	29	0x1.9dd9e15212551p-10	80	0x1.6ef35e0f5462fp+5	1	31429000	gamma	gamma electron 
762   	0x1.eb851eb851eb9p-5	0x1.eb851eb851eb5p-5	67	0x1.67fafcf79506ap-18	48	0x1.1eb169f29ad3dp+5	1	31429000	gamma	gamma electron 
764   	0x1.eb851eb851eb9p-5	0x1.eb851eb851eb6p-5	60	0x1.ff2b130d13e34p-18	58	0x1.6e7cd6551991ap+5	1	31429000	gamma	gamma electron 
765   	0x1.eb851eb851eb9p-5	0x1.eb851eb851eb3p-5	66	0x1.0ed2c4ee2933cp-17	48	0x1.33db64887f3d1p+5	1	31429000	gamma	gamma electron 
767   	0x1.eb851eb851eb9p-5	0x1.be85e22cb0623p-7	16	0x1.576307331d9b9p-12	10	0x1.aaa68af20ba0ep+5	1	31429000	gamma	gamma electron 
768   	0x1.eb851eb851eb9p-5	0x1.eb851eb851eb9p-5	53	0x1.57033f179327p-15	58	0x1.cabdb8605fa61p+5	1	31429000	gamma	gamma electron 
771   	0x1.eb851eb851eb9p-5	0x1.eb851eb851eb9p-5	52	0x1.7c205f0d3c295p-18	63	0x1.379a52ecf1783p+5	1	31429000	gamma	gamma electron 
772   	0x1.eb851eb851eb9p-5	0x1.ef1a6a0e91933p-6	32	0x1.d67e393aa0332p-13	20	0x1.19e105fb856a8p+5	1	31429000	gamma	gamma electron 
773   	0x1.eb851eb851eb9p-5	0x1.eb851eb851ebap-5	52	0x1.848b22e21a9f9p-18	73	0x1.6cd5d510d5b91p+5	1	31429000	gamma	gamma electron 
774   	0x1.eb851eb851eb9p-5	0x1.eb851eb851ebbp-5	65	0x1.6a31260bb6ap-17	59	0x1.a58a084c7f3edp+5	1	31429000	gamma	gamma electron 
776   	0x1.eb851eb851eb9p-5	0x1.eb851eb851eb9p-5	47	0x1.aeeb1416ee71cp-18	72	0x1.5055fd83cf3b6p+5	1	31429000	gamma	gamma electron 
777   	0x1.eb851eb851eb9p-5	0x1.eb851eb851ebbp-5	64	0x1.2b6b2eab33555p-17	46	0x1.a8511a812a6dfp+4	1	31429000	gamma	gamma electron 
780   	0x1.eb851eb851eb9p-5	0x1.a113e15e5449p-6	22	0x1.6d10456674124p-18	26	0x1.aed4e549e5208p+5	1	31429000	gamma	gamma electron 
781   	0x1.eb851eb851eb9p-5	0x1.f47f2ddd88dd1p-6	29	0x1.93c2323d091c9p-15	31	0x1.cbc7fffae232fp+5	1	31429000	gamma	gamma electron 
791   	0x1.eb851eb851eb9p-5	0x1.baaeb29a46e9fp-5	50	0x1.06de761948a63p-13	43	0x1.c48224cb68f9p+5	1	31429000	e-	electron 
794   	0x1.eb851eb851eb9p-5	0x1.eb851eb851ebap-5	57	0x1.7d8f13fa149b4p-18	75	0x1.9db1145fc864cp+5	1	31429000	gamma	gamma electron 
798   	0x1.eb851eb851eb9p-5	0x1.ef1a6a0e91937p-6	39	0x1.5ba725b9f5768p-15	23	0x1.9cc4109cbeae6p+5	1	31429000	gamma	gamma electron 
803   	0x1.eb851eb851eb9p-5	0x1.9600b0a947ddbp-5	61	0x1.adadc443e3ef7p-17	43	0x1.5071d2e2a550bp+5	1	31429000	gamma	gamma electron 
804   	0x1.eb851eb851eb9p-5	0x1.eb851eb851eb9p-5	54	0x1.51e1d2e9183bfp-18	72	0x1.af142060a0c37p+5	1	31429000	gamma	gamma electron 
806   	0x1.eb851eb851eb9p-5	0x1.ef1a6a0e91935p-6	17	0x1.52d95d019a0c8p-18	34	0x1.547fb2e728dc3p+5	1	31429000	gamma	gamma electron 
810   	0x1.eb851eb851eb9p-5	0x1.ef1a6a0e91932p-6	31	0x1.0879ef5a4256ap-15	30	0x1.548be209f218cp+5	1	31429000	gamma	gamma electron 
813   	0x1.eb851eb851eb9p-5	0x1.ef1a6a0e91935p-6	37	0x1.cce023e99618p-18	22	0x1.327f50ef70b1dp+5	1	31429000	gamma	gamma electron 
818   	0x1.eb851eb851eb9p-5	0x1.ef1a6a0e91937p-6	25	0x1.5e1bb5d6fc63p-18	22	0x1.4d0f9c2dbd123p+5	1	31429000	gamma	gamma electron 
820   	0x1.eb851eb851eb9p-5	0x1.b00e5024db818p-6	20	0x1.b661ebe12e0f8p-18	24	0x1.27170508c7165p+5	1	31429000	gamma	gamma electron 
824   	0x1.eb851eb851eb9p-5	0x1.eb851eb851ebcp-5	63	0x1.7af36cf581a86p-10	64	0x1.5da18ab0268edp+5	1	31429000	gamma	gamma electron 
826   	0x1.eb851eb851eb9p-5	0x1.eb851eb851ebcp-5	58	0x1.a1a0ef570edebp-18	53	0x1.499eda8cd213fp+5	1	31429000	gamma	gamma electron 
834   	0x1.eb851eb851eb9p-5	0x1.b00e5024db81bp-6	27	0x1.06665ec7fcddbp-17	23	0x1.6ae39f17faf13p+5	1	31429000	gamma	gamma electron 
836   	0x1.eb851eb851eb9p-5	0x1.eb851eb851ebcp-5	54	0x1.054414b4e85ccp-16	58	0x1.cafc2d53cfffp+5	1	31429000	gamma	gamma electron 
838   	0x1.eb851eb851eb9p-5	0x1.ef1a6a0e91932p-6	35	0x1.d92b3068f2d69p-18	23	0x1.abca2be727b6ap+5	1	31429000	gamma	gamma electron 
845   	0x1.eb851eb851eb9p-5	0x1.eb851eb851eb9p-5	53	0x1.675af76b87e3p-16	66	0x1.9acefd9cc24cep+5	1	31429000	gamma	gamma electron 
846   	0x1.eb851eb851eb9p-5	0x1.ef1a6a0e91934p-6	32	0x1.f7d669faf48d9p-18	25	0x1.b7ee3cd38c2e1p+5	1	31429000	gamma	gamma electron 
851   	0x1.eb851eb851eb9p-5	0x1.bda7037fb7192p-5	51	0x1.6ae547da56c1ap-11	46	0x1.752cc92234d24p+5	1	31429000	gamma	gamma electron 
852   	0x1.eb851eb851eb9p-5	0x1.0d774c67b79f3p-6	22	0x1.d7b6d103e7ee8p-15	19	0x1.3da00ce9efcedp+5	1	31429000	gamma	gamma electron 
853   	0x1.eb851eb851eb9p-5	0x1.2977ab57002b6p-5	46	0x1.b84a138108c62p-17	32	0x1.d1cebc4f0aa42p+5	1	31429000	e-	electron 
854   	0x1.eb851eb851eb9p-5	0x1.4c08ed0e8bb43p-6	20	0x1.fa5c378759eb3p-17	22	0x1.890e4af578032p+5	1	31429000	gamma	gamma electron 
858   	0x1.eb851eb851eb9p-5	0x1.eb851eb851eb7p-5	68	0x1.91322eddce0a2p-17	56	0x1.340e57a5e3972p+5	1	31429000	gamma	gamma electron 
864   	0x1.eb851eb851eb9p-5	0x1.eb851eb851eb8p-5	70	0x1.021d9ba96e22fp-9	182	0x1.6851af4d80f67p+5	1	31429000	gamma	gamma electron 
865   	0x1.eb851eb851eb9p-5	0x1.eb851eb851ebap-5	47	0x1.a931899a5f2e3p-17	49	0x1.6204ed8eeda52p+5	1	31429000	gamma	gamma electron 
869   	0x1.eb851eb851eb9p-5	0x1.ef1a6a0e91933p-6	39	0x1.1df5df3de8079p-14	23	0x1.fab1cd918532p+4	1	31429000	gamma	gamma electron 
873   	0x1.eb851eb851eb9p-5	0x1.eb851eb851ebap-5	54	0x1.d02f33e38f543p-17	43	0x1.3364ca2ee2a92p+5	1	31429000	gamma	gamma electron 
875   	0x1.eb851eb851eb9p-5	0x1.b00e5024db81dp-6	21	0x1.74132d0445e14p-16	37	0x1.ab170f515516ep+5	1	31429000	gamma	gamma electron 
876   	0x1.eb851eb851eb9p-5	0x1.ef1a6a0e91934p-6	33	0x1.c22b39593daa4p-14	29	0x1.8500ed7481809p+5	1	31429000	gamma	gamma electron 
877   	0x1.eb851eb851eb9p-5	0x1.eb851eb851eb7p-5	63	0x1.82620e546e0a3p-18	55	0x1.1f4a6c11c907p+5	1	31429000	gamma	gamma electron 
880   	0x1.eb851eb851eb9p-5	0x1.eb851eb851ebcp-5	49	0x1.60320483cc692p-18	65	0x1.385ec4dece9a2p+5	1	31429000	gamma	gamma electron 
882   	0x1.eb851eb851eb9p-5	0x1.f47f2ddd88dccp-6	38	0x1.b2230dffed7efp-14	35	0x1.8340ce2bbef22p+5	1	31429000	gamma	gamma electron 
884   	0x1.eb851eb851eb9p-5	0x1.eb851eb851eb8p-5	58	0x1.c8c3ad17cc7e4p-9	108	0x1.75d748b209748p+5	1	31429000	gamma	gamma electron 
888   	0x1.eb851eb851eb9p-5	0x1.b00e5024db819p-6	29	0x1.2ae8db33828fap-16	22	0x1.3b678e88506c8p+5	1	31429000	gamma	gamma electron 
889   	0x1.eb851eb851eb9p-5	0x1.eb851eb851ebap-5	65	0x1.3d842643e1fa5p-17	73	0x1.7190a6867237fp+5	1	31429000	gamma	gamma electron 
892   	0x1.eb851eb851eb9p-5	0x1.ef1a6a0e91936p-6	38	0x1.584c4c5b7661dp-17	30	0x1.a9070ff771bacp+5	1	31429000	gamma	gamma electron 
894   	0x1.eb851eb851eb9p-5	0x1.f47f2ddd88dccp-6	46	0x1.762024beb9a53p-18	25	0x1.9dff5ddad5908p+5	1	31429000	gamma	gamma electron 
896   	0x1.eb851eb851eb9p-5	0x1.eb851eb851eb8p-5	71	0x1.7021babbf695bp-10	150	0x1.789cfa393bd57p+5	1	31429000	gamma	gamma electron 
900   	0x1.eb851eb851eb9p-5	0x1.eb851eb851eb8p-5	57	0x1.4eb0ee06e8f92p-10	65	0x1.513318ef0a557p+5	1	31429000	gamma	gamma electron 
901   	0x1.eb851eb851eb9p-5	0x1.eb851eb851eb9p-5	69	0x1.84c1de9c6d41ap-16	40	0x1.6bae3ce186d88p+5	1	31429000	gamma	gamma electron 
905   	0x1.eb851eb851eb9p-5	0x1.4c08ed0e8bb4p-6	20	0x1.05e02c7e2917ep-14	13	0x1.d8696d73462aap+4	1	31429000	gamma	gamma electron 
906   	0x1.eb851eb851eb9p-5	0x1.ef1a6a0e91937p-6	29	0x1.053e9a448ee22p-16	27	0x1.849a5ac20e505p+5	1	31429000	gamma	gamma electron 
914   	0x1.eb851eb851eb9p-5	0x1.eb851eb851eb4p-5	54	0x1.6e4c5cb9063b3p-18	52	0x1.adb736ab8e6b1p+5	1	31429000	gamma	gamma electron 
916   	0x1.eb851eb851eb9p-5	0x1.b116228134481p-6	24	0x1.3d1b109a65ad8p-16	23	0x1.ceba7fc48a801p+4	1	31429000	gamma	gamma electron 
924   	0x1.eb851eb851eb9p-5	0x1.eb851eb851eb8p-5	63	0x1.c342157c09c3fp-18	54	0x1.b3acf9443a438p+5	1	31429000	gamma	gamma electron 
925   	0x1.eb851eb851eb9p-5	0x1.eb851eb851ebbp-5	49	0x1.889492c49bbe9p-10	66	0x1.7276e8a813c9ep+5	1	31429000	gamma	gamma electron 
936   	0x1.eb851eb851eb9p-5	0x1.eb851eb851eb4p-5	65	0x1.5528b9f679c9ep-18	64	0x1.35bf18780e202p+5	1	31429000	gamma	gamma electron 
939   	0x1.eb851eb851eb9p-5	0x1.b00e5024db81ap-6	31	0x1.e2d9cfe72c0ecp-18	34	0x1.b3b1bfca2a1c8p+5	1	31429000	gamma	gamma electron 
940   	0x1.eb851eb851eb9p-5	0x1.f47f2ddd88dc9p-6	22	0x1.f7a59da339d71p-18	32	0x1.b6e4fc662956dp+5	1	31429000	gamma	gamma electron 
943   	0x1.eb851eb851eb9p-5	0x1.eb851eb851ebbp-5	53	0x1.50e0aceec9001p-16	38	0x1.a47565c68602bp+5	1	31429000	gamma	gamma electron 
945   	0x1.eb851eb851eb9p-5	0x1.eb851eb851eb9p-5	73	0x1.0860d33fb8b64p-9	61	0x1.681fb06e822cdp+5	1	31429000	gamma	gamma electron 
947   	0x1.eb851eb851eb9p-5	0x1.595ae3212765cp-5	55	0x1.fe1a8b6156926p-14	53	0x1.43d31e8d617c4p+5	1	31429000	gamma	gamma electron 
948   	0x1.eb851eb851eb9p-5	0x1.eb851eb851ebap-5	56	0x1.2fd9ebc147137p-17	59	0x1.74490a084198ap+5	1	31429000	gamma	gamma electron 
951   	0x1.eb851eb851eb9p-5	0x1.ef1a6a0e91936p-6	40	0x1.96c09e2b6cd47p-15	28	0x1.3939893e1b2dep+5	1	31429000	gamma	gamma electron 
956   	0x1.eb851eb851eb9p-5	0x1.ef1a6a0e91934p-6	28	0x1.70369d5267893p-14	22	0x1.57478fb3b4986p+5	1	31429000	gamma	gamma electron 
960   	0x1.eb851eb851eb9p-5	0x1.ef1a6a0e91937p-6	25	0x1.b8fd790925441p-16	19	0x1.2a568e538d959p+5	1	31429000	gamma	gamma electron 
964   	0x1.eb851eb851eb9p-5	0x1.eb851eb851eb9p-5	65	0x1.08ee424ff51a8p-16	52	0x1.5ffc36802d3f9p+5	1	31429000	gamma	gamma electron 
971   	0x1.eb851eb851eb9p-5	0x1.eb851eb851ebap-5	54	0x1.2276defb17185p-9	136	0x1.53f3e2ecc6a9bp+5	1	31429000	gamma	gamma electron 
975   	0x1.eb851eb851eb9p-5	0x1.ef1a6a0e91936p-6	28	0x1.1a0073a623a0ap-14	29	0x1.049260e548495p+5	1	31429000	gamma	gamma electron 
977   	0x1.eb851eb851eb9p-5	0x1.ef1a6a0e91932p-6	28	0x1.911facac923ap-17	26	0x1.5fe7f14078cddp+5	1	31429000	gamma	gamma electron 
978   	0x1.eb851eb851eb9p-5	0x1.ef1a6a0e91934p-6	40	0x1.1d83682805207p-14	27	0x1.66e991048f482p+5	1	31429000	gamma	gamma electron 
987   	0x1.eb851eb851eb9p-5	0x1.eb851eb851eb8p-5	55	0x1.d55369d54e66ep-18	70	0x1.454f5d55a194p+5	1	31429000	gamma	gamma electron 
988   	0x1.eb851eb851eb9p-5	0x1.eb851eb851eb7p-5	57	0x1.6d42b3c3dea26p-9	55	0x1.564cd822422b2p+5	1	31429000	gamma	gamma electron 
989   	0x1.eb851eb851eb9p-5	0x1.ef1a6a0e91935p-6	35	0x1.7b840858fcfe6p-18	34	0x1.6bf3ca6711d0ap+5	1	31429000	gamma	gamma electron 
990   	0x1.eb851eb851eb9p-5	0x1.eb851eb851eb8p-5	67	0x1.5416b07a4e43fp-18	79	0x1.93a107e036677p+5	1	31429000	gamma	gamma electron 
997   	0x1.eb851eb851eb9p-5	0x1.eb851eb851eb8p-5	58	0x1.95b95290f917bp-18	55	0x1.6bb87716aac0fp+5	1	31429000	gamma	gamma electron 
998   	0x1.eb851eb851eb9p-5	0x1.ef1a6a0e91937p-6	31	0x1.4d3443cade923p-17	23	0x1.84b8ff357913p+5	1	31429000	gamma	gamma electron 
