Hit#    X, mm   Y, mm   Z, mm
Hit#    X, mm   Y, mm   Z, mm
Hit#    X, mm   Y, mm   Z, mm
Hit#    X, mm   Y, mm   Z, mm
Hit#    X, mm   Y, mm   Z, mm
0     	3.386	17.079	-330.736
1	11.121	-3.258	-328.984
2	-8.297	-8.354	-329.028
3	2.082	3.556	-327.802
4	0.893	-12.367	-329.182
5	4.168	-8.218	-328.483
6	-2.030	1.942	-327.712
7	-4.353	-5.396	-328.112
8	-2.071	-14.320	-329.755
9	14.175	3.054	-329.764
10	4.761	-5.339	-328.144
11	-13.066	-10.697	-330.546
12	-7.056	0.812	-328.136
13	17.586	-11.203	-332.149
14	0.262	-14.228	-329.684
15	-7.419	-15.202	-330.557
16	2.835	-3.358	-327.825
17	-1.856	9.073	-328.491
18	-13.357	9.034	-330.282
19	0.825	-9.346	-328.514
20	12.011	17.625	-332.369
21	-22.031	-4.777	-332.956
22	-18.191	-11.037	-332.345
23	-20.093	5.171	-332.102
24	-4.502	13.735	-329.750
25	4.452	14.826	-330.069
26	10.292	-3.927	-328.852
27	11.579	-8.414	-329.708
28	-3.092	-19.170	-331.524
29	12.402	8.522	-329.932
30	12.546	-3.407	-329.339
31	-3.604	19.444	-331.675
32	-17.462	-6.081	-331.148
33	13.464	-9.301	-330.364
34	13.885	6.869	-330.073
35	-9.597	-0.762	-328.561
36	-18.412	-6.020	-331.505
37	10.112	-16.971	-331.666
38	-3.360	-12.857	-329.417
39	8.867	0.645	-328.424
40	-11.048	14.579	-331.070
41	-8.297	8.848	-329.115
42	-17.109	8.279	-331.355
43	-4.550	-3.401	-327.954
44	4.703	-19.677	-331.872
45	-18.878	-1.004	-331.313
46	-7.273	6.967	-328.650
47	-1.652	8.650	-328.409
48	-2.445	14.375	-329.789
49	-17.188	5.992	-331.035
50	3.113	-19.638	-331.721
51	15.273	13.059	-331.813
52	4.523	-13.848	-329.785
53	-1.071	-3.969	-327.801
54	-0.060	-12.884	-329.308
55	8.770	0.181	-328.403
56	-5.914	4.560	-328.190
57	8.027	8.357	-328.984
58	0.504	13.757	-329.550
59	4.847	-20.282	-332.150
60	-13.707	7.826	-330.169
61	7.116	19.253	-332.003
62	-8.504	-1.685	-328.385
63	7.502	-11.059	-329.437
64	10.467	15.796	-331.331
65	-21.225	3.130	-332.428
66	0.469	1.719	-327.665
67	14.727	-15.717	-332.468
68	-13.667	9.514	-330.464
69	-0.336	-3.655	-327.767
70	-1.756	-3.912	-327.816
71	-11.724	-1.067	-329.028
72	-2.226	1.589	-327.708
73	-5.152	-12.357	-329.444
74	-4.443	-17.064	-330.819
75	13.237	0.561	-329.406
76	-3.541	-12.941	-329.452
77	0.629	-10.459	-328.735
78	-17.828	1.305	-330.910
79	-3.040	7.059	-328.223
80	19.967	-0.632	-331.762
81	6.311	-17.281	-331.111
82	-8.122	-0.798	-328.299
83	-3.542	-7.183	-328.274
84	-0.380	-9.109	-328.465
85	-5.544	-11.279	-329.226
86	17.332	-2.444	-330.770
87	-9.264	17.945	-331.856
88	14.699	10.132	-330.901
89	13.087	-10.114	-330.425
90	7.402	-9.764	-329.145
91	10.154	14.825	-330.945
92	-3.775	-18.368	-331.251
93	0.280	-22.807	-333.090
Hit#    X, mm   Y, mm   Z, mm
Hit#    X, mm   Y, mm   Z, mm
Hit#    X, mm   Y, mm   Z, mm
Hit#    X, mm   Y, mm   Z, mm
Hit#    X, mm   Y, mm   Z, mm
0     	11.036	1.055	-328.868
1	12.311	-0.410	-329.162
2	15.486	-7.577	-330.674
3	1.433	4.871	-327.890
4	-5.802	7.172	-328.485
5	-1.814	-12.723	-329.299
6	14.989	14.247	-332.071
7	-7.580	-7.351	-328.752
8	-0.572	-12.036	-329.095
9	12.401	12.272	-330.749
10	19.985	-4.522	-331.987
11	3.088	15.104	-330.049
12	18.704	-1.634	-331.261
13	-18.522	4.287	-331.357
14	12.832	6.822	-329.774
15	21.421	-0.453	-332.414
16	-16.247	6.726	-330.800
17	9.789	8.109	-329.263
18	-5.456	8.706	-328.692
19	-3.637	-13.841	-329.708
20	11.353	-5.751	-329.266
21	-16.771	7.891	-331.165
22	19.003	11.953	-332.909
23	22.110	-5.627	-333.093
24	7.678	12.762	-329.884
25	-2.194	4.818	-327.912
26	-7.662	-9.650	-329.163
27	9.986	-10.433	-329.747
28	13.701	15.311	-332.012
29	-11.235	-6.298	-329.307
30	6.359	9.265	-328.902
31	-9.312	-7.793	-329.118
32	-19.162	1.240	-331.435
33	20.290	3.170	-332.007
34	12.076	15.276	-331.547
35	-2.803	-6.973	-328.197
36	-17.603	-6.248	-331.223
37	2.726	1.545	-327.731
38	-7.677	-4.792	-328.452
39	-5.818	-12.685	-329.604
40	-1.052	-15.341	-330.036
41	-0.078	-4.765	-327.859
42	-2.949	5.260	-327.995
43	-0.550	9.706	-328.580
44	16.907	1.134	-330.567
Hit#    X, mm   Y, mm   Z, mm
Hit#    X, mm   Y, mm   Z, mm
0     	-1.180	11.555	-328.990
1	-21.479	5.329	-332.752
2	-4.493	10.447	-328.933
3	-20.011	8.904	-332.641
4	-4.498	-10.243	-328.891
5	-1.985	-8.360	-328.371
6	1.150	-3.413	-327.762
7	-21.651	3.380	-332.646
8	12.998	1.212	-329.353
9	18.085	-8.902	-331.840
10	-8.643	17.883	-331.712
11	15.891	3.922	-330.365
12	4.907	-19.167	-331.679
13	15.315	15.153	-332.470
14	-14.686	-0.695	-329.825
15	-9.081	-9.061	-329.293
16	-2.242	-2.547	-327.748
17	-5.389	-5.922	-328.273
18	-6.036	1.227	-328.011
19	2.904	20.061	-331.889
20	-17.164	8.498	-331.414
21	12.150	11.968	-330.607
22	-3.517	11.272	-329.036
23	-2.239	14.239	-329.738
24	-2.215	5.932	-328.033
25	20.847	-5.542	-332.483
26	-18.149	-4.507	-331.231
27	0.165	3.120	-327.730
28	1.339	-7.223	-328.172
29	-3.895	-17.378	-330.885
30	-14.440	-9.844	-330.760
31	-11.581	-0.138	-328.982
32	-8.547	-3.169	-328.464
33	-11.857	-12.093	-330.564
34	-17.209	2.135	-330.710
35	-11.600	-3.617	-329.120
36	-4.710	4.788	-328.083
37	5.859	-2.940	-328.061
38	-2.381	-3.695	-327.825
39	-7.270	-10.600	-329.300
40	15.452	-13.024	-331.862
41	12.033	-3.946	-329.250
42	-2.313	13.654	-329.573
43	4.044	13.807	-329.730
44	-0.606	13.465	-329.469
45	-18.844	-2.247	-331.343
46	5.193	-1.194	-327.916
47	-0.441	3.181	-327.736
48	1.471	0.809	-327.661
49	-9.991	13.452	-330.500
50	11.884	-0.404	-329.056
51	-19.963	4.847	-332.010
52	-2.507	17.888	-330.981
53	-13.970	-6.892	-330.101
54	11.569	7.691	-329.586
55	-1.021	8.134	-328.304
56	6.048	2.307	-328.051
57	-21.524	2.057	-332.507
58	-3.935	-2.266	-327.838
59	0.138	6.848	-328.101
60	11.570	-7.601	-329.572
61	15.126	0.296	-329.958
62	14.470	6.415	-330.183
63	5.011	5.576	-328.194
64	-1.758	-9.482	-328.565
65	8.181	-3.466	-328.423
66	8.152	8.911	-329.102
67	1.421	-1.034	-327.664
Hit#    X, mm   Y, mm   Z, mm
Hit#    X, mm   Y, mm   Z, mm
Hit#    X, mm   Y, mm   Z, mm
0     	8.917	-20.455	-332.842
1	5.838	-7.176	-328.490
2	18.722	-8.063	-331.940
3	-1.298	-9.311	-328.518
4	11.501	-3.311	-329.075
5	-3.708	-9.932	-328.761
6	-20.536	-9.344	-332.965
7	1.134	-0.750	-327.652
8	10.938	-7.353	-329.387
9	-0.635	3.013	-327.727
10	4.557	-1.106	-327.852
11	20.396	-8.999	-332.832
12	9.051	4.784	-328.684
13	17.348	-4.306	-330.909
14	14.765	-11.447	-331.224
15	6.645	-1.003	-328.083
16	-0.671	16.464	-330.403
17	-9.285	19.289	-332.406
18	11.144	13.450	-330.757
19	3.938	-1.443	-327.808
20	13.547	1.942	-329.527
21	-2.404	-14.656	-329.871
22	-1.857	14.629	-329.839
23	7.053	7.231	-328.656
24	9.470	3.169	-328.632
25	0.746	-13.529	-329.489
26	1.114	5.194	-327.914
27	-15.972	-7.043	-330.753
28	17.856	11.490	-332.325
29	-21.303	0.038	-332.357
30	14.408	2.973	-329.828
31	-6.079	-17.735	-331.250
32	5.337	6.668	-328.362
33	-2.231	-0.135	-327.683
34	15.017	12.764	-331.646
35	-1.607	-21.857	-332.648
36	-3.097	-5.280	-328.006
37	13.684	5.795	-329.874
38	15.925	-3.163	-330.320
39	-6.869	8.447	-328.823
40	12.791	-10.114	-330.344
41	18.924	-5.303	-331.623
42	12.539	2.014	-329.260
43	14.392	-2.922	-329.820
44	12.792	-3.701	-329.425
45	-10.636	16.916	-331.764
46	2.638	-11.499	-329.034
47	15.357	-9.067	-330.894
48	-7.376	-15.294	-330.580
49	8.015	18.954	-332.026
50	-7.540	-20.466	-332.597
51	5.280	13.618	-329.796
52	8.653	-14.964	-330.690
53	14.444	3.873	-329.903
54	20.733	6.420	-332.546
55	-12.684	-0.617	-329.259
56	8.254	-7.962	-328.956
57	5.092	-0.697	-327.896
58	4.790	-11.008	-329.084
59	-3.312	-10.105	-328.768
60	0.965	-18.005	-330.969
61	-4.706	-5.128	-328.116
62	-1.695	-5.069	-327.918
63	16.307	-5.880	-330.708
64	-11.967	11.582	-330.465
65	6.087	-8.694	-328.763
Hit#    X, mm   Y, mm   Z, mm
Hit#    X, mm   Y, mm   Z, mm
0     	3.982	0.025	-327.791
1	1.489	-12.254	-329.168
2	-12.334	6.584	-329.611
3	10.995	-17.414	-332.033
4	15.668	-3.556	-330.263
5	12.577	3.719	-329.370
6	2.779	-10.379	-328.792
7	-3.847	3.156	-327.880
8	15.772	14.208	-332.322
9	-16.719	-9.290	-331.404
10	-0.376	10.521	-328.745
11	11.707	10.052	-330.053
12	-5.106	-0.151	-327.893
13	-3.958	-2.368	-327.845
14	-16.364	2.140	-330.412
15	9.481	4.170	-328.709
16	8.975	5.987	-328.802
17	16.115	-7.212	-330.827
18	8.394	0.386	-328.339
19	-13.719	10.709	-330.734
20	14.536	-8.604	-330.548
21	4.375	12.975	-329.529
22	-6.142	6.186	-328.393
23	6.628	3.808	-328.216
24	-14.160	12.520	-331.312
25	13.330	10.872	-330.660
26	-17.688	6.617	-331.305
27	18.675	5.559	-331.552
28	2.491	19.512	-331.630
29	-3.815	0.762	-327.784
30	-3.242	4.346	-327.926
31	7.273	-14.287	-330.251
32	8.304	5.350	-328.611
33	-5.564	-16.794	-330.840
Hit#    X, mm   Y, mm   Z, mm
Hit#    X, mm   Y, mm   Z, mm
Hit#    X, mm   Y, mm   Z, mm
Hit#    X, mm   Y, mm   Z, mm
Hit#    X, mm   Y, mm   Z, mm
Hit#    X, mm   Y, mm   Z, mm
Hit#    X, mm   Y, mm   Z, mm
0     	7.249	19.208	-332.004
1	-4.489	7.268	-328.363
2	-7.219	6.091	-328.526
3	9.998	-6.038	-329.005
4	7.268	12.041	-329.635
5	-12.828	11.659	-330.708
6	-0.200	14.884	-329.882
7	-0.137	8.692	-328.389
8	-4.276	16.900	-330.744
9	-0.727	5.062	-327.893
10	9.052	-17.329	-331.580
11	13.902	15.109	-332.005
12	-16.059	5.901	-330.626
13	22.498	2.906	-333.027
14	3.820	-5.867	-328.122
15	-4.426	-11.144	-329.081
16	12.136	10.666	-330.293
17	-10.142	9.403	-329.568
18	2.444	-14.578	-329.850
19	12.015	2.788	-329.166
20	8.293	6.135	-328.700
21	13.126	18.521	-333.035
22	10.112	4.672	-328.880
23	6.252	-10.602	-329.159
24	-7.856	11.556	-329.609
25	14.473	4.646	-329.980
26	-5.916	-3.392	-328.097
27	-3.581	22.268	-332.961
28	6.486	-7.712	-328.651
29	4.580	-1.634	-327.868
30	13.654	5.638	-329.847
31	4.306	-2.948	-327.904
32	-20.198	0.669	-331.863
33	-13.352	-14.383	-331.611
34	7.678	-16.426	-331.008
35	-6.248	-13.623	-329.913
36	-4.573	6.074	-328.210
37	19.109	12.081	-332.988
38	-4.071	0.975	-327.807
39	-1.568	7.442	-328.210
40	-2.082	12.337	-329.211
41	5.649	19.715	-331.994
Hit#    X, mm   Y, mm   Z, mm
Hit#    X, mm   Y, mm   Z, mm
0     	-16.401	-2.957	-330.468
1	3.504	2.843	-327.836
2	-9.517	-12.552	-330.158
3	0.476	3.210	-327.738
4	16.791	-9.377	-331.447
5	14.505	8.125	-330.455
6	2.491	-16.363	-330.429
7	6.180	4.611	-328.227
8	-20.370	-6.140	-332.344
9	-7.970	-6.434	-328.685
10	-12.639	-2.725	-329.320
11	14.162	16.758	-332.660
12	10.416	1.196	-328.736
13	-6.481	-18.043	-331.422
14	-13.197	14.688	-331.662
15	9.055	-10.015	-329.475
16	-21.976	-4.136	-332.866
17	0.673	9.872	-328.614
18	-7.168	1.911	-328.182
19	-9.180	-4.546	-328.685
20	0.458	-9.947	-328.627
21	-2.389	-1.679	-327.718
22	-10.941	6.038	-329.207
23	20.962	6.127	-332.611
24	-3.028	-6.825	-328.189
25	-0.185	11.391	-328.938
26	-5.162	-14.089	-329.919
27	-15.138	3.291	-330.073
28	4.340	2.820	-327.900
29	8.859	-17.166	-331.482
30	4.375	-1.896	-327.859
31	-2.809	-7.856	-328.329
32	2.201	18.650	-331.263
33	-4.613	-14.131	-329.875
34	-16.339	-2.448	-330.418
35	-20.887	-8.960	-333.049
36	-10.671	-11.628	-330.168
37	-6.509	12.200	-329.567
38	-19.240	3.612	-331.590
39	-5.412	-7.102	-328.431
40	-6.609	20.781	-332.595
41	0.225	18.566	-331.178
42	8.545	16.895	-331.325
43	-14.484	5.491	-330.073
44	-1.225	21.219	-332.334
45	-10.581	-5.839	-329.104
46	-3.869	9.393	-328.668
47	11.452	-19.196	-332.861
48	-9.915	14.589	-330.821
49	18.483	4.440	-331.355
50	18.345	-9.076	-331.976
51	13.663	17.438	-332.763
52	-4.439	7.251	-328.356
53	-17.356	1.474	-330.739
54	-0.722	18.262	-331.064
55	19.258	8.736	-332.284
56	-18.991	2.626	-331.422
57	-8.646	9.092	-329.220
58	-2.343	21.111	-332.328
59	-13.812	1.238	-329.579
60	-21.145	6.119	-332.695
61	-13.314	-9.491	-330.359
62	5.771	-19.837	-332.062
63	-9.110	-19.357	-332.399
64	-3.688	-22.137	-332.906
65	-21.366	-0.451	-332.389
66	-8.169	13.746	-330.237
67	1.541	18.301	-331.099
68	-0.382	16.267	-330.332
69	19.542	7.961	-332.263
70	-9.800	-13.576	-330.496
71	-3.506	10.966	-328.966
72	-3.068	9.088	-328.554
73	-11.081	1.760	-328.898
74	1.960	9.453	-328.567
75	-8.123	10.367	-329.384
76	-8.964	12.779	-330.111
77	13.591	10.359	-330.619
78	-3.427	5.597	-328.062
79	-1.084	16.061	-330.273
80	-7.952	-5.423	-328.561
81	13.842	12.742	-331.277
82	-2.160	-5.848	-328.020
83	-9.625	5.957	-328.921
84	6.114	10.826	-329.191
85	6.389	13.494	-329.896
86	-10.036	-14.728	-330.890
87	-3.788	6.708	-328.226
88	20.871	4.994	-332.430
89	-15.467	16.851	-333.123
90	-16.316	6.354	-330.773
91	-5.190	12.844	-329.574
92	-17.546	6.584	-331.247
93	14.913	1.016	-329.901
94	-2.180	22.384	-332.930
Hit#    X, mm   Y, mm   Z, mm
0     	-9.872	-10.101	-329.653
1	4.529	-5.782	-328.171
2	-18.053	-13.456	-332.942
3	-6.695	-13.603	-329.968
4	-3.546	-11.715	-329.142
5	-2.071	7.092	-328.178
6	-13.189	-0.118	-329.390
7	20.029	-9.617	-332.795
8	-8.853	4.849	-328.654
9	8.181	6.010	-328.666
10	-3.470	1.141	-327.766
11	7.136	14.354	-330.250
12	7.618	-17.550	-331.406
13	7.397	-8.415	-328.894
14	-0.376	13.517	-329.481
15	-8.240	-17.038	-331.322
16	-2.130	-17.271	-330.733
17	-11.665	-13.752	-330.970
18	-6.886	17.391	-331.233
19	13.463	13.109	-331.267
20	-9.430	1.764	-328.555
21	11.306	7.686	-329.523
22	1.918	3.953	-327.825
23	9.691	18.063	-331.990
24	-7.109	10.232	-329.198
25	13.266	0.304	-329.412
26	11.267	-11.197	-330.202
27	-5.404	-19.610	-331.920
28	-11.234	-7.130	-329.421
29	2.294	10.746	-328.846
30	4.265	21.324	-332.566
31	-5.377	-5.129	-328.184
32	-12.611	14.711	-331.507
33	-8.524	8.776	-329.141
34	6.631	19.193	-331.905
35	-0.658	-7.692	-328.228
36	21.878	6.353	-333.076
37	14.223	-10.707	-330.882
38	-12.156	-9.969	-330.148
39	21.898	-0.925	-332.648
40	-18.418	-4.873	-331.373
41	4.472	-22.334	-333.074
42	-2.665	-2.835	-327.784
43	3.488	19.197	-331.563
44	0.201	-11.368	-328.933
45	12.279	6.317	-329.562
46	-9.454	9.916	-329.531
47	-6.695	-5.318	-328.364
48	11.375	-7.248	-329.472
49	15.479	16.216	-332.893
50	1.254	4.084	-327.815
51	-10.336	20.319	-333.084
52	-0.786	15.732	-330.158
53	-8.452	16.592	-331.199
54	0.040	8.459	-328.348
55	-18.112	-5.275	-331.297
56	-5.339	-6.815	-328.382
57	13.394	0.191	-329.446
58	1.981	-6.916	-328.149
59	3.786	22.073	-332.882
60	1.302	-9.463	-328.547
61	4.306	8.839	-328.602
62	-6.170	-12.638	-329.635
63	3.940	-3.328	-327.898
64	-13.902	0.983	-329.598
65	-5.817	1.113	-327.983
66	6.219	-12.323	-329.560
67	11.073	-16.543	-331.731
68	-8.714	4.356	-328.584
69	-4.162	6.216	-328.192
70	6.798	-7.414	-328.647
71	8.539	18.607	-331.979
72	2.148	5.606	-327.992
73	-21.286	2.625	-332.424
74	6.603	7.829	-328.685
75	-0.650	1.643	-327.664
76	7.666	16.870	-331.163
77	15.003	-6.262	-330.327
78	-16.850	-5.055	-330.803
79	3.121	11.949	-329.170
80	3.878	9.133	-328.620
81	10.436	13.296	-330.552
82	-3.078	-3.225	-327.831
83	8.353	7.675	-328.926
84	3.632	-1.174	-327.778
85	-2.054	15.127	-330.001
86	5.847	11.710	-329.362
87	-0.241	-7.720	-328.229
88	8.727	10.720	-329.566
89	2.112	4.162	-327.850
90	-12.206	-2.261	-329.186
91	-0.124	13.972	-329.609
92	-5.699	9.454	-328.857
93	6.179	12.778	-329.673
94	1.567	0.286	-327.658
95	-4.416	4.102	-327.995
96	2.096	-1.966	-327.715
97	13.884	4.111	-329.758
98	-0.686	-1.440	-327.659
99	-14.366	17.142	-332.868
Hit#    X, mm   Y, mm   Z, mm
Hit#    X, mm   Y, mm   Z, mm
Hit#    X, mm   Y, mm   Z, mm
Hit#    X, mm   Y, mm   Z, mm
Hit#    X, mm   Y, mm   Z, mm
0     	1.099	-6.696	-328.092
1	3.454	21.529	-332.594
2	2.223	4.708	-327.903
3	0.423	-9.772	-328.592
4	11.504	12.696	-330.635
5	3.684	0.929	-327.777
6	-4.145	8.922	-328.603
7	-3.124	3.100	-327.826
8	6.288	-1.495	-328.049
9	-22.429	-3.612	-333.044
10	1.299	-1.235	-327.665
11	1.171	16.943	-330.581
12	9.468	10.906	-329.747
13	-11.768	19.293	-332.984
14	-10.410	12.864	-330.428
15	1.582	9.965	-328.654
16	-5.005	-13.438	-329.716
17	-0.018	4.616	-327.845
18	-9.943	-15.962	-331.273
19	-0.327	7.275	-328.162
20	-19.649	-1.354	-331.641
21	-8.172	16.224	-331.021
22	10.718	2.305	-328.840
23	-6.860	11.047	-329.340
24	-20.088	7.139	-332.364
25	21.638	-1.374	-332.535
26	-2.767	0.546	-327.712
27	20.574	-0.765	-332.030
28	12.209	-4.894	-329.380
29	-8.773	13.325	-330.225
30	5.128	16.059	-330.536
31	-15.049	6.317	-330.349
32	14.641	9.435	-330.739
33	0.030	12.989	-329.336
34	-9.937	2.375	-328.680
35	5.911	-5.363	-328.269
36	-0.890	1.836	-327.675
37	-0.998	-12.089	-329.115
38	3.936	-8.266	-328.472
39	0.722	-17.043	-330.608
40	-8.787	-11.721	-329.809
41	-6.553	7.242	-328.589
42	5.357	16.584	-330.742
43	4.285	-2.311	-327.869
44	-10.840	-2.514	-328.877
45	-16.108	12.365	-331.905
46	15.740	-2.576	-330.223
47	-6.190	8.432	-328.731
48	12.318	5.290	-329.449
49	19.879	-2.721	-331.799
50	-5.802	14.404	-330.085
51	-8.576	9.476	-329.281
52	8.051	-6.168	-328.664
53	11.350	-6.881	-329.412
54	-11.544	-11.277	-330.287
55	-5.610	-5.476	-328.247
56	-7.133	11.412	-329.463
57	12.367	4.906	-329.421
58	-0.851	2.561	-327.706
59	12.374	3.615	-329.310
60	-5.904	-15.617	-330.479
61	15.166	16.136	-332.759
62	14.524	3.354	-329.888
63	-9.770	-13.541	-330.480
64	-3.874	-17.586	-330.960
65	5.972	17.604	-331.187
66	16.000	-9.541	-331.202
67	-14.109	-15.224	-332.106
68	-5.250	-7.420	-328.460
69	-2.435	-0.470	-327.694
70	1.917	-11.792	-329.070
71	-6.473	-19.114	-331.850
72	-3.083	8.828	-328.508
73	2.226	14.160	-329.715
74	15.467	-4.510	-330.278
75	-1.842	7.572	-328.239
76	-0.439	3.779	-327.777
77	8.222	-14.676	-330.524
78	6.522	-3.801	-328.202
79	10.642	-6.751	-329.235
80	-12.998	2.117	-329.384
81	2.880	-10.213	-328.763
82	1.615	-8.187	-328.329
83	2.065	-1.496	-327.698
84	13.579	-4.869	-329.742
85	2.199	10.343	-328.755
86	-15.296	2.253	-330.063
87	20.539	1.112	-332.022
88	-4.659	16.199	-330.536
89	-0.893	-17.368	-330.729
90	-19.282	-4.774	-331.713
91	-6.732	5.668	-328.408
92	-5.011	12.276	-329.409
93	9.481	6.653	-328.982
94	-18.590	-0.811	-331.194
Hit#    X, mm   Y, mm   Z, mm
Hit#    X, mm   Y, mm   Z, mm
0     	-14.307	-7.252	-330.254
1	-1.671	18.370	-331.130
2	-15.687	-4.259	-330.327
3	-9.906	-5.002	-328.870
4	3.375	-18.605	-331.315
5	-0.105	-3.500	-327.755
6	14.764	-10.967	-331.109
7	0.193	4.245	-327.813
8	-12.380	10.186	-330.251
9	4.355	-13.137	-329.571
10	-7.747	7.225	-328.759
11	1.435	-19.559	-331.605
12	-6.811	7.007	-328.590
13	-2.512	10.042	-328.708
14	-18.869	9.227	-332.219
15	-16.303	-10.779	-331.577
16	8.729	3.603	-328.526
17	20.973	-5.477	-332.533
18	-11.682	-15.298	-331.454
19	0.393	-7.828	-328.246
20	5.427	-0.965	-327.936
21	-16.536	-2.399	-330.484
22	6.801	-10.654	-329.244
23	-10.880	-5.565	-329.137
24	-13.025	15.420	-331.852
25	-6.756	0.271	-328.089
26	-5.328	0.293	-327.917
Hit#    X, mm   Y, mm   Z, mm
Hit#    X, mm   Y, mm   Z, mm
Hit#    X, mm   Y, mm   Z, mm
0     	4.168	-3.639	-327.938
1	-8.124	9.464	-329.201
2	5.074	16.620	-330.724
3	7.495	10.786	-329.375
4	-19.491	11.216	-332.928
5	8.759	8.873	-329.200
6	10.157	3.238	-328.774
7	-5.546	-5.023	-328.192
8	-19.841	10.248	-332.851
9	11.178	7.206	-329.420
10	-16.513	13.204	-332.282
11	-2.885	0.548	-327.719
12	5.608	7.921	-328.577
13	-19.201	-4.148	-331.619
14	-0.737	-19.798	-331.690
15	7.103	-12.978	-329.854
16	-11.819	6.343	-329.451
17	-2.367	2.680	-327.760
18	12.889	6.449	-329.738
19	-11.908	-10.569	-330.214
20	-3.521	10.580	-328.882
21	-19.189	-1.872	-331.467
22	16.931	6.955	-331.075
23	-8.948	-11.600	-329.810
24	-8.612	2.158	-328.422
25	-13.088	18.363	-332.959
26	14.452	-13.873	-331.786
27	9.496	-8.183	-329.217
28	14.655	0.610	-329.815
29	-6.040	0.472	-327.999
30	-2.426	7.216	-328.212
31	14.169	-4.342	-329.861
32	16.552	7.527	-331.028
33	-13.890	-17.490	-332.852
34	8.084	-19.873	-332.428
35	-0.129	4.329	-327.820
36	-1.755	-5.299	-327.943
37	-16.753	7.151	-331.040
38	-11.757	17.092	-332.101
39	-0.643	-12.721	-329.269
40	-6.525	12.727	-329.705
41	-16.940	-10.473	-331.735
42	5.633	6.558	-328.380
43	7.534	2.794	-328.278
44	-9.678	17.317	-331.702
45	6.347	7.276	-328.567
46	-20.550	0.978	-332.024
47	-13.761	-0.744	-329.554
48	-13.457	-10.201	-330.546
49	-4.150	0.783	-327.811
50	4.232	-8.547	-328.544
51	-0.669	14.643	-329.812
52	-17.255	8.974	-331.537
53	3.811	-3.767	-327.919
54	4.424	-11.277	-329.111
55	8.157	7.438	-328.857
56	-14.602	-2.278	-329.849
57	-4.980	9.002	-328.694
58	-7.009	1.270	-328.139
59	-13.415	1.629	-329.479
60	-4.828	-21.918	-332.907
61	4.276	11.514	-329.153
62	-11.475	-3.644	-329.092
63	-20.012	-8.595	-332.582
64	6.244	14.760	-330.249
65	-8.936	-1.049	-328.443
66	-4.203	-4.415	-328.003
67	17.399	-8.079	-331.427
68	-9.835	-16.266	-331.355
69	-1.813	-19.007	-331.390
70	16.100	5.040	-330.541
71	-3.581	-13.513	-329.611
72	1.866	14.518	-329.806
73	-13.299	1.551	-329.444
74	3.854	5.058	-328.036
75	-2.607	19.363	-331.574
76	-0.177	2.149	-327.679
77	4.866	12.217	-329.379
78	-19.346	-12.017	-333.072
79	10.326	12.369	-330.278
80	-3.813	1.118	-327.790
Hit#    X, mm   Y, mm   Z, mm
Hit#    X, mm   Y, mm   Z, mm
Hit#    X, mm   Y, mm   Z, mm
0     	-2.562	-19.438	-331.603
1	11.845	-2.803	-329.125
2	-21.194	-4.443	-332.523
3	20.950	3.352	-332.317
4	-12.774	-8.395	-330.007
5	11.700	11.823	-330.457
6	-0.079	7.522	-328.198
7	-5.712	11.179	-329.222
8	4.665	15.837	-330.414
9	-5.690	8.471	-328.677
10	4.320	8.742	-328.586
11	1.321	8.150	-328.314
12	-6.740	4.871	-328.324
13	-21.570	3.166	-332.592
14	-5.230	0.170	-327.906
15	-4.988	10.836	-329.065
16	-8.837	2.956	-328.502
17	-7.559	-3.981	-328.363
18	19.827	-3.382	-331.820
19	-11.031	-9.839	-329.850
20	-9.598	7.598	-329.142
21	1.301	20.546	-332.030
22	-11.830	18.011	-332.472
23	7.508	-17.300	-331.295
24	16.379	-6.131	-330.765
25	-10.116	4.912	-328.904
26	4.643	-10.115	-328.878
27	5.213	-0.065	-327.904
28	-12.960	0.484	-329.330
29	4.645	-0.252	-327.848
30	7.045	13.861	-330.092
31	-1.381	-11.644	-329.016
32	-4.272	7.823	-328.428
33	0.620	-3.578	-327.764
34	-11.814	-19.128	-332.925
35	-9.907	-3.722	-328.757
36	1.912	6.045	-328.034
37	-20.616	7.715	-332.694
38	11.995	-11.566	-330.468
39	-3.895	-16.780	-330.669
40	9.659	12.436	-330.156
41	-21.268	-3.464	-332.472
42	11.740	8.196	-329.710
43	9.831	-11.114	-329.867
44	-14.694	-8.142	-330.515
45	-6.040	20.572	-332.421
46	-1.617	-15.484	-330.098
47	-12.937	-4.328	-329.515
48	-20.682	7.888	-332.754
49	-0.743	-9.033	-328.455
50	3.593	13.228	-329.533
51	-7.186	4.532	-328.355
52	5.066	-10.024	-328.901
53	10.776	-18.523	-332.416
54	-6.659	5.132	-328.339
55	-15.541	-16.071	-332.863
56	7.365	3.376	-328.289
57	-5.946	-6.839	-328.455
58	-3.113	10.462	-328.830
59	-13.314	-8.119	-330.107
60	3.418	2.372	-327.805
61	12.867	5.768	-329.646
62	-13.196	3.203	-329.497
63	-10.411	-8.172	-329.402
64	-7.572	-1.673	-328.233
65	22.379	-2.752	-332.958
66	-12.177	-6.420	-329.550
67	-9.473	8.829	-329.325
68	7.969	17.000	-331.261
Hit#    X, mm   Y, mm   Z, mm
Hit#    X, mm   Y, mm   Z, mm
Hit#    X, mm   Y, mm   Z, mm
0     	-2.744	-10.579	-328.833
1	12.518	-18.401	-332.813
2	3.673	-13.646	-329.655
3	-19.677	2.743	-331.714
4	-3.188	-5.698	-328.058
5	-0.304	-7.741	-328.232
6	6.560	13.044	-329.795
7	-8.041	-5.188	-328.550
8	14.247	-2.038	-329.732
9	5.617	-12.024	-329.412
10	2.665	19.581	-331.669
11	-12.856	-10.139	-330.367
12	2.377	-1.737	-327.719
13	-20.292	-2.220	-331.952
14	1.197	4.893	-327.886
15	15.034	-3.504	-330.056
16	-6.364	-16.200	-330.734
17	12.405	-12.050	-330.693
18	-14.153	17.382	-332.892
19	-2.029	-1.563	-327.698
20	5.028	-10.016	-328.895
21	-19.252	-5.427	-331.772
22	3.013	-7.060	-328.221
23	-15.140	-0.673	-329.966
24	-9.392	-5.154	-328.785
25	0.141	1.656	-327.661
26	-0.550	-5.922	-327.985
27	-6.979	-21.635	-333.052
28	14.814	-8.508	-330.617
29	-3.185	-11.114	-328.977
30	-7.954	-2.226	-328.315
31	3.560	-8.423	-328.470
32	-8.023	-7.440	-328.835
33	14.149	-3.061	-329.757
34	4.349	3.283	-327.929
35	-11.448	18.392	-332.527
36	-20.616	-5.576	-332.382
37	16.152	-13.853	-332.346
38	18.325	4.487	-331.297
39	4.525	-10.728	-328.997
40	-0.183	13.987	-329.614
41	7.295	-14.964	-330.462
42	11.851	-12.378	-330.636
43	-6.912	15.080	-330.441
44	3.427	4.055	-327.914
45	6.967	-14.288	-330.206
46	7.460	3.378	-328.303
47	16.713	-8.281	-331.212
48	1.866	-4.855	-327.902
49	-13.426	-8.825	-330.263
50	-17.117	-14.189	-332.802
51	-7.535	-20.831	-332.762
52	1.746	-18.678	-331.255
53	16.066	-2.835	-330.347
54	9.679	8.632	-329.330
55	0.011	-1.176	-327.647
56	-0.094	-3.569	-327.760
57	14.757	12.077	-331.380
58	-7.878	4.580	-328.464
59	11.797	-2.410	-329.093
60	16.420	3.130	-330.486
61	-11.406	7.796	-329.564
62	-8.926	16.050	-331.099
63	1.606	16.498	-330.437
64	-2.264	13.199	-329.445
65	11.935	-1.503	-329.090
66	-21.815	5.341	-332.914
67	7.836	1.901	-328.283
68	19.783	-9.680	-332.700
69	-6.798	-3.271	-328.201
70	14.101	0.862	-329.654
71	-15.310	-10.440	-331.163
72	-5.795	9.968	-328.970
73	13.088	7.585	-329.957
74	-3.570	8.506	-328.485
75	5.899	-11.757	-329.380
76	-6.015	-0.698	-327.998
77	-20.318	1.745	-331.943
78	-0.669	-6.342	-328.038
79	3.758	-19.931	-331.895
80	7.318	-15.869	-330.760
81	17.095	-11.289	-331.985
82	-14.397	-5.763	-330.078
83	-11.829	-3.132	-329.141
84	-5.066	-18.933	-331.600
85	1.054	-18.643	-331.220
86	-4.333	11.925	-329.256
87	-13.810	-8.808	-330.369
Hit#    X, mm   Y, mm   Z, mm
0     	-13.597	8.808	-330.308
1	5.718	-5.412	-328.252
2	-3.025	6.712	-328.174
3	-6.540	15.058	-330.382
4	8.321	5.052	-328.582
5	6.073	0.224	-328.001
6	7.985	-9.234	-329.134
7	5.842	15.652	-330.483
8	-1.595	-12.482	-329.229
9	-6.615	-9.689	-329.018
10	-11.394	-19.122	-332.815
11	20.436	1.794	-331.997
12	-6.027	-8.592	-328.738
13	-1.364	13.069	-329.376
14	15.653	0.912	-330.134
15	-17.750	-8.440	-331.624
16	10.100	8.893	-329.463
17	-17.918	9.647	-331.924
18	-6.896	-12.784	-329.772
19	-5.474	-15.462	-330.377
20	12.961	13.770	-331.315
21	-9.789	-3.292	-328.703
22	-1.695	9.502	-328.566
23	-7.896	-17.140	-331.300
24	-19.126	-3.823	-331.560
25	12.808	9.394	-330.202
26	-0.156	-5.870	-327.977
27	-11.392	-18.229	-332.447
28	6.759	6.242	-328.480
29	-11.851	-1.581	-329.072
30	-6.778	2.376	-328.148
31	-5.905	-16.944	-330.936
32	3.642	4.335	-327.952
33	4.045	-1.058	-327.807
34	1.005	-9.735	-328.593
35	0.282	16.294	-330.341
36	-1.833	14.579	-329.823
37	1.042	-11.796	-329.044
38	-10.249	-2.252	-328.738
39	17.030	3.256	-330.709
40	19.797	-4.835	-331.937
41	9.590	-5.777	-328.892
42	-12.207	-7.300	-329.682
43	-1.078	8.897	-328.436
44	-3.207	18.043	-331.083
45	-3.663	19.512	-331.708
46	-3.689	-1.546	-327.792
47	6.969	6.606	-328.556
48	7.365	6.867	-328.649
49	-4.596	2.933	-327.929
50	-7.899	5.963	-328.615
51	-4.876	7.538	-328.439
52	6.440	-1.284	-328.063
53	9.952	-18.322	-332.149
54	2.895	19.100	-331.483
55	4.333	12.109	-329.302
56	4.831	-11.773	-329.266
57	13.966	12.116	-331.147
58	4.754	1.715	-327.887
59	6.789	8.765	-328.868
60	-8.513	-3.495	-328.481
61	0.183	17.347	-330.713
62	8.619	-9.326	-329.259
63	22.171	-2.102	-332.821
64	-8.073	4.876	-328.524
65	6.326	-2.314	-328.085
66	-0.682	1.920	-327.675
67	-8.373	-1.094	-328.346
68	-6.658	4.197	-328.252
69	13.747	13.369	-331.424
70	10.980	8.084	-329.513
71	-5.691	-2.774	-328.033
72	2.037	2.573	-327.740
73	-5.246	-10.273	-328.971
74	-0.766	-1.231	-327.654
75	-14.316	-2.569	-329.778
76	0.323	18.292	-331.071
77	4.866	-11.700	-329.252
78	-6.820	1.132	-328.110
79	0.554	-19.305	-331.480
80	9.449	-12.435	-330.114
81	-3.344	-1.234	-327.760
82	-21.762	-4.216	-332.770
83	-5.992	8.963	-328.800
84	11.270	-8.359	-329.626
85	-8.099	3.329	-328.400
86	-7.002	-11.149	-329.383
87	10.828	8.808	-329.605
88	-8.501	-2.636	-328.425
89	6.675	11.176	-329.343
90	-11.462	14.102	-331.024
91	-0.837	0.380	-327.642
92	-17.047	7.431	-331.190
93	13.944	-4.483	-329.809
94	13.549	17.535	-332.766
95	11.129	1.705	-328.907
96	12.095	-8.076	-329.777
Hit#    X, mm   Y, mm   Z, mm
Hit#    X, mm   Y, mm   Z, mm
0     	14.026	-17.319	-332.828
1	14.420	11.636	-331.163
2	-12.016	-11.380	-330.428
3	4.441	-13.030	-329.550
4	-5.805	-1.931	-328.006
5	-9.306	-16.585	-331.359
6	8.744	-19.635	-332.446
7	8.545	14.024	-330.384
8	13.753	-1.945	-329.585
9	17.329	5.623	-331.041
10	0.012	18.559	-331.175
11	11.386	-8.764	-329.725
12	-3.280	21.137	-332.397
13	11.895	-2.954	-329.146
14	9.988	-12.358	-330.203
15	11.841	-10.133	-330.103
16	-3.008	3.052	-327.816
17	6.044	-7.850	-328.617
18	-5.874	-10.212	-329.029
19	-0.232	6.667	-328.077
20	-15.279	5.543	-330.326
21	11.638	-9.111	-329.849
22	-11.208	2.599	-328.964
23	1.029	-12.836	-329.306
24	5.812	19.873	-332.083
25	-9.870	-14.768	-330.867
26	16.055	11.758	-331.728
27	17.500	-12.089	-332.341
28	-12.156	2.095	-329.166
29	-5.128	8.757	-328.666
30	-0.454	12.505	-329.211
31	2.384	-13.879	-329.641
Hit#    X, mm   Y, mm   Z, mm
0     	-5.966	-1.110	-328.000
1	21.915	-1.645	-332.677
2	3.023	-14.641	-329.901
3	-18.756	8.315	-331.998
4	18.049	-7.965	-331.655
5	-0.086	-1.833	-327.667
6	7.822	-1.685	-328.272
7	0.814	-3.868	-327.789
8	3.633	-22.167	-332.916
9	-2.362	4.658	-327.905
10	-4.940	12.954	-329.578
11	-0.607	7.935	-328.266
12	14.428	-3.347	-329.859
13	10.046	-4.221	-328.825
14	-5.288	-1.809	-327.944
15	12.874	-7.079	-329.822
16	11.146	-6.521	-329.316
17	4.723	8.689	-328.613
18	7.175	3.832	-328.294
19	0.759	9.833	-328.608
20	-3.484	-11.963	-329.198
21	-13.116	-9.572	-330.321
22	19.714	-6.655	-332.129
23	13.642	0.891	-329.523
24	14.596	4.094	-329.967
25	-1.824	-1.877	-327.701
26	-10.614	11.271	-330.070
27	11.829	12.639	-330.700
28	-1.617	9.139	-328.495
29	-0.530	0.799	-327.642
30	-1.118	-14.831	-329.878
31	-8.912	1.636	-328.454
32	2.468	1.800	-327.726
33	18.449	-5.259	-331.427
34	-7.430	-14.715	-330.405
35	-7.770	1.392	-328.255
36	8.175	0.864	-328.308
37	-16.905	-7.777	-331.194
38	-5.228	-3.666	-328.039
39	-7.456	-15.007	-330.500
40	-1.531	10.535	-328.770
41	12.488	-6.199	-329.600
42	-16.183	7.583	-330.908
43	-5.129	-3.819	-328.041
44	13.206	1.861	-329.430
45	4.165	-3.806	-327.950
46	1.400	13.026	-329.366
47	2.648	15.362	-330.105
48	-13.763	17.354	-332.761
49	0.627	5.015	-327.887
50	-9.953	5.092	-328.889
51	16.190	2.604	-330.376
52	-3.579	20.397	-332.084
53	-7.003	16.703	-331.000
54	5.244	21.772	-332.882
55	9.370	0.146	-328.512
56	3.406	7.105	-328.253
57	-15.682	15.314	-332.649
58	4.762	15.741	-330.392
59	-13.058	10.411	-330.481
60	20.278	-3.353	-332.015
61	6.570	7.376	-328.611
62	5.136	12.722	-329.537
63	-3.964	-0.344	-327.791
64	-0.757	-13.584	-329.504
65	-6.866	0.949	-328.112
66	-18.635	4.687	-331.440
67	-6.136	10.969	-329.226
68	0.286	7.055	-328.130
69	2.940	-9.340	-328.594
70	5.602	5.269	-328.224
71	12.450	2.960	-329.285
72	-6.676	-4.964	-328.325
73	2.705	4.212	-327.882
74	7.883	-5.806	-328.593
75	-11.234	7.230	-329.436
76	16.082	2.686	-330.344
77	-19.380	10.754	-332.768
78	-9.308	5.705	-328.830
79	3.635	-14.717	-329.967
80	-2.768	6.549	-328.137
81	6.395	-7.465	-328.601
82	6.588	5.708	-328.393
83	7.492	-13.422	-330.035
84	13.496	9.353	-330.383
85	-8.229	18.844	-332.019
86	-19.437	-0.793	-331.539
87	-4.928	-12.578	-329.478
88	-19.931	-0.576	-331.745
89	-2.001	8.676	-328.426
90	2.417	18.121	-331.066
91	16.246	11.092	-331.631
92	-6.037	14.016	-329.999
Hit#    X, mm   Y, mm   Z, mm
Hit#    X, mm   Y, mm   Z, mm
Hit#    X, mm   Y, mm   Z, mm
Hit#    X, mm   Y, mm   Z, mm
Hit#    X, mm   Y, mm   Z, mm
Hit#    X, mm   Y, mm   Z, mm
Hit#    X, mm   Y, mm   Z, mm
Hit#    X, mm   Y, mm   Z, mm
0     	1.161	15.384	-330.053
1	-12.265	3.145	-329.250
2	12.637	-10.388	-330.362
3	-6.764	-12.569	-329.697
4	-1.211	-18.440	-331.143
5	5.789	4.343	-328.156
6	-6.331	-2.370	-328.089
7	-3.461	4.478	-327.952
8	-0.408	-9.002	-328.445
9	4.298	-2.414	-327.875
10	-6.818	10.058	-329.120
11	4.267	-3.157	-327.914
12	-2.425	-11.351	-328.988
13	6.406	-1.306	-328.059
14	10.278	-11.108	-329.959
15	11.978	15.268	-331.519
16	-0.990	-0.998	-327.653
17	-4.063	1.833	-327.831
18	3.492	3.376	-327.868
19	-6.151	6.611	-328.449
20	9.341	4.228	-328.687
21	-19.679	-8.834	-332.483
22	-9.093	6.744	-328.921
23	-15.567	-5.620	-330.428
24	-0.912	-2.753	-327.717
25	-12.092	-13.277	-330.941
26	-2.500	-3.941	-327.850
27	0.123	-9.507	-328.538
28	-0.777	17.375	-330.729
29	-4.477	-0.879	-327.840
30	1.423	0.668	-327.658
31	-4.426	-3.790	-327.971
32	0.469	4.794	-327.864
33	-15.765	-7.078	-330.689
34	18.000	-11.166	-332.300
35	11.652	-3.430	-329.119
36	18.860	6.874	-331.804
37	4.557	-11.008	-329.062
38	16.896	11.788	-332.037
39	-13.295	-16.149	-332.179
40	-7.124	-12.985	-329.859
41	-0.147	2.894	-327.717
42	-12.161	-11.898	-330.592
43	-6.174	-10.075	-329.038
44	-17.832	13.903	-332.990
45	-7.320	-14.650	-330.368
46	-2.940	-12.182	-329.216
47	12.794	12.563	-330.931
48	-1.724	9.278	-328.525
49	-5.509	-5.416	-328.229
50	-0.166	-3.404	-327.749
51	3.524	-4.874	-327.994
52	13.158	-6.978	-329.884
53	3.422	-11.694	-329.128
54	-6.829	-6.779	-328.560
55	-15.436	4.628	-330.279
56	-12.762	2.306	-329.330
57	1.003	6.339	-328.044
58	7.960	0.245	-328.266
59	4.457	-16.059	-330.469
60	-13.537	17.606	-332.790
61	12.381	-2.699	-329.252
62	-5.043	-8.479	-328.608
63	12.705	12.305	-330.839
64	9.576	-16.350	-331.331
65	-13.136	-16.204	-332.153
66	9.817	17.998	-331.991
67	-6.504	-7.117	-328.564
68	-10.309	8.399	-329.419
69	11.238	10.902	-330.127
70	-9.581	-6.745	-329.014
71	-3.555	13.141	-329.507
72	-1.327	-5.290	-327.929
73	14.954	5.821	-330.256
74	-14.189	-8.066	-330.349
75	-10.997	14.943	-331.172
76	6.558	-9.510	-328.975
77	-3.191	-12.348	-329.274
78	12.664	0.687	-329.255
79	-14.648	-5.773	-330.156
80	-0.967	10.024	-328.650
81	13.087	-3.981	-329.525
82	16.729	2.518	-330.557
83	-9.013	12.573	-330.066
84	-8.046	-14.997	-330.594
85	-13.567	-14.368	-331.669
86	13.282	-5.130	-329.686
87	-3.020	12.581	-329.322
88	4.249	0.416	-327.814
89	6.645	-0.970	-328.083
90	-8.894	9.122	-329.270
91	-20.349	-1.422	-331.946
92	1.475	-11.782	-329.052
93	-11.977	-3.826	-329.227
94	-4.660	8.816	-328.630
95	-5.966	15.720	-330.521
96	4.114	21.314	-332.548
97	-9.325	-13.901	-330.494
98	-6.537	-9.840	-329.037
99	9.867	-20.303	-332.971
100	-2.368	3.454	-327.808
101	18.595	7.399	-331.777
102	-10.306	-12.537	-330.318
103	-16.113	-4.402	-330.482
104	16.389	3.115	-330.474
105	-3.763	-14.762	-329.991
106	-3.813	-14.394	-329.883
107	-16.686	12.215	-332.071
108	-0.171	19.090	-331.389
109	-1.134	-11.049	-328.872
110	-16.118	-7.369	-330.852
111	-9.342	15.932	-331.139
112	-6.362	8.659	-328.792
113	-9.662	-7.116	-329.083
114	-11.751	-10.760	-330.218
115	-1.272	-12.276	-329.168
116	3.052	-7.402	-328.273
117	-4.245	11.634	-329.179
118	-20.839	6.652	-332.628
119	1.159	-9.555	-328.561
Hit#    X, mm   Y, mm   Z, mm
0     	4.728	-8.309	-328.548
1	-8.656	-12.039	-329.864
2	9.997	13.292	-330.457
3	19.488	9.499	-332.535
4	3.451	17.416	-330.864
5	-4.476	-4.588	-328.043
6	-9.577	-3.349	-328.665
7	-19.223	-5.624	-331.784
8	12.225	-4.116	-329.312
9	15.248	-13.798	-332.019
10	-6.253	1.676	-328.051
11	13.707	-7.941	-330.187
12	5.758	21.918	-333.004
13	22.385	-4.695	-333.122
14	-6.046	-1.102	-328.009
15	11.863	3.054	-329.145
16	0.351	-14.990	-329.915
17	12.061	-14.432	-331.274
18	0.484	5.973	-327.991
19	7.310	10.136	-329.207
20	-1.751	-4.679	-327.882
21	-14.598	14.694	-332.086
22	0.337	-11.984	-329.080
23	-17.130	8.486	-331.400
24	-10.171	-14.536	-330.859
25	1.691	-8.066	-328.312
26	11.235	15.477	-331.403
27	7.523	-1.096	-328.210
28	18.157	4.947	-331.278
29	2.270	14.699	-329.878
30	6.047	-12.839	-329.673
31	-8.403	15.316	-330.758
32	1.171	-3.484	-327.768
33	0.080	2.099	-327.677
34	1.950	-3.651	-327.804
35	4.515	-4.917	-328.077
36	-8.866	7.550	-328.997
37	-20.563	-2.283	-332.075
38	-0.889	-4.528	-327.845
39	11.835	-18.951	-332.856
40	1.117	-12.173	-329.138
41	-10.269	-7.548	-329.271
42	10.687	-19.581	-332.839
43	-17.393	-11.545	-332.160
44	10.312	-8.226	-329.390
45	-11.496	-15.564	-331.496
46	-1.656	-5.437	-327.955
47	4.209	-7.912	-328.437
48	-3.738	5.713	-328.098
49	4.709	-6.822	-328.320
50	5.780	-9.329	-328.843
51	-16.289	-8.118	-331.034
52	9.393	-7.521	-329.091
53	8.543	1.509	-328.386
54	-0.853	-4.725	-327.863
55	7.689	-1.817	-328.256
56	-6.504	9.513	-328.968
57	-6.423	9.231	-328.904
58	9.194	2.951	-328.567
59	-13.632	3.832	-329.663
60	10.299	16.512	-331.542
61	-22.093	-4.258	-332.934
62	0.376	7.191	-328.150
63	-17.771	8.102	-331.571
64	-0.850	-13.698	-329.538
65	-9.765	1.974	-328.628
66	-10.406	6.276	-329.120
67	9.222	-1.953	-328.523
68	16.553	-4.000	-330.598
69	-17.205	1.502	-330.685
70	-4.915	2.953	-327.961
71	1.180	-6.440	-328.060
72	-3.262	17.279	-330.800
73	1.202	22.627	-333.014
74	5.689	20.770	-332.466
75	16.272	3.221	-330.441
76	-0.323	1.302	-327.651
77	11.338	1.718	-328.955
78	-7.617	-1.421	-328.232
79	-2.753	-16.236	-330.400
80	0.257	-20.156	-331.840
81	-9.880	1.751	-328.642
82	-11.167	-14.504	-331.075
83	2.999	3.040	-327.815
84	-4.681	-8.960	-328.657
85	5.594	-19.001	-331.689
86	18.950	11.602	-332.796
87	-8.583	-16.295	-331.119
88	14.437	-13.230	-331.593
89	-11.026	-12.182	-330.387
90	-8.052	5.608	-328.598
91	-15.443	5.772	-330.406
92	-0.594	-5.974	-327.992
93	-12.762	2.472	-329.339
94	-3.101	-0.034	-327.729
95	11.774	6.679	-329.485
96	-2.290	-12.283	-329.207
97	-2.808	-22.398	-332.971
98	-6.747	1.822	-328.120
99	15.231	-13.620	-331.961
100	-6.298	-15.176	-330.387
101	-9.558	-5.565	-328.862
102	-14.055	13.274	-331.488
103	-6.386	-4.729	-328.264
104	-8.272	17.584	-331.530
105	10.652	-11.106	-330.040
106	2.520	1.281	-327.713
107	12.823	-14.859	-331.612
108	11.915	4.557	-329.274
109	12.367	6.088	-329.555
110	4.429	8.778	-328.602
111	-7.304	9.870	-329.152
112	-0.099	8.071	-328.284
113	-12.591	0.719	-329.237
114	1.859	0.489	-327.670
115	-1.844	12.661	-329.284
116	9.936	-10.171	-329.681
117	2.740	-0.140	-327.708
118	0.516	14.424	-329.744
119	3.581	0.667	-327.765
120	-15.138	-8.100	-330.648
121	-1.426	14.658	-329.833
122	-2.616	-6.594	-328.135
123	-16.823	7.623	-331.139
124	-19.165	-6.431	-331.865
125	-6.740	3.161	-328.186
126	-6.762	-15.619	-330.594
127	4.525	-6.657	-328.280
128	-13.148	0.397	-329.380
129	-13.951	-9.205	-330.485
130	-14.694	3.044	-329.919
131	-8.678	7.763	-328.997
132	4.474	-1.980	-327.871
133	1.557	-5.014	-327.908
134	16.419	7.898	-331.042
135	-0.452	-0.883	-327.643
136	-6.606	12.253	-329.594
137	-0.595	8.649	-328.385
138	-19.975	-2.263	-331.816
139	-7.218	20.877	-332.732
140	0.629	-12.489	-329.209
141	8.827	-2.942	-328.500
142	5.503	-8.184	-328.608
143	-1.979	-14.392	-329.772
144	-6.073	9.342	-328.880
145	0.279	-7.015	-328.125
146	-12.269	-0.358	-329.151
147	3.586	1.315	-327.778
148	-8.643	-3.721	-328.520
149	-8.244	-18.577	-331.913
150	-16.569	-3.421	-330.558
151	12.584	-8.804	-330.030
152	5.010	-6.981	-328.371
153	9.580	17.479	-331.742
154	5.214	-6.027	-328.267
155	-12.153	-13.289	-330.960
156	-6.737	-3.737	-328.226
157	-1.652	-2.287	-327.712
158	13.590	0.662	-329.505
159	-9.568	5.528	-328.859
160	9.648	-0.167	-328.566
161	-14.854	-4.601	-330.092
162	9.293	-8.131	-329.169
163	19.770	3.293	-331.790
164	-10.549	9.981	-329.771
165	-4.543	-11.353	-329.139
166	-17.321	-14.667	-333.033
167	1.460	5.256	-327.929
Hit#    X, mm   Y, mm   Z, mm
0     	15.540	15.581	-332.691
1	-20.095	-6.997	-332.345
2	0.309	-14.163	-329.665
3	-20.996	-6.871	-332.733
4	-3.110	2.564	-327.795
5	-5.079	-12.269	-329.414
6	-3.198	-0.663	-327.739
7	-4.029	-11.297	-329.081
8	-10.133	7.133	-329.180
9	-11.542	0.434	-328.975
10	-7.127	1.775	-328.171
11	7.504	5.655	-328.517
12	-9.935	4.713	-328.848
13	0.198	18.508	-331.155
14	8.980	11.984	-329.910
15	-10.737	-19.512	-332.821
16	1.168	-0.955	-327.656
17	13.795	-11.014	-330.826
18	3.016	-16.513	-330.511
19	4.511	17.351	-330.930
20	19.942	0.506	-331.749
21	-8.976	-18.963	-332.208
22	13.832	1.376	-329.588
23	-11.458	-6.150	-329.340
24	6.476	-9.079	-328.883
25	-0.267	-13.250	-329.407
26	2.286	-15.849	-330.245
27	-7.822	11.106	-329.499
28	-19.104	7.863	-332.062
29	-7.104	1.894	-328.172
30	2.894	-21.972	-332.767
31	3.315	-2.277	-327.794
32	13.749	-0.017	-329.545
33	-20.507	9.121	-332.906
Hit#    X, mm   Y, mm   Z, mm
Hit#    X, mm   Y, mm   Z, mm
Hit#    X, mm   Y, mm   Z, mm
Hit#    X, mm   Y, mm   Z, mm
Hit#    X, mm   Y, mm   Z, mm
Hit#    X, mm   Y, mm   Z, mm
Hit#    X, mm   Y, mm   Z, mm
Hit#    X, mm   Y, mm   Z, mm
0     	-12.419	-7.519	-329.769
1	15.780	-6.987	-330.680
2	10.719	0.537	-328.789
3	-10.100	14.462	-330.821
4	7.870	17.711	-331.508
5	11.223	-4.146	-329.074
6	-17.417	13.636	-332.747
7	4.850	2.657	-327.938
8	6.361	2.371	-328.093
9	-3.679	18.677	-331.367
10	14.796	15.504	-332.417
11	-8.122	-1.490	-328.314
12	-13.071	1.125	-329.371
13	-21.142	0.803	-332.289
14	-11.437	-3.905	-329.104
15	12.864	12.347	-330.893
16	-5.749	-12.675	-329.593
17	5.739	-10.822	-329.144
18	-4.124	14.854	-330.049
19	-16.227	8.472	-331.075
20	3.731	2.583	-327.838
21	-1.298	1.105	-327.662
22	5.255	1.079	-327.920
23	3.788	12.505	-329.356
24	7.035	14.766	-330.361
25	2.539	-9.090	-328.525
26	10.975	2.628	-328.913
27	2.164	-8.117	-328.338
28	4.073	-11.487	-329.129
29	6.863	-11.647	-329.480
30	-9.944	10.440	-329.740
31	-16.576	11.427	-331.829
32	-13.670	5.063	-329.787
Hit#    X, mm   Y, mm   Z, mm
0     	-3.888	-5.071	-328.040
1	11.390	-13.217	-330.750
2	-10.498	18.790	-332.460
3	13.184	-9.435	-330.312
4	17.893	12.355	-332.565
5	-2.871	11.373	-329.017
6	11.240	4.627	-329.121
7	-0.003	14.473	-329.756
8	-3.817	13.039	-329.499
9	-3.204	3.511	-327.858
10	-2.946	7.102	-328.223
11	-1.596	-18.810	-331.302
12	-10.390	-10.315	-329.807
13	0.972	1.436	-327.663
14	2.493	-5.295	-327.974
15	19.542	6.030	-331.969
16	13.087	-5.771	-329.705
17	8.859	-2.331	-328.473
18	6.654	-7.262	-328.605
19	-1.783	13.174	-329.418
20	2.351	18.948	-331.390
21	-5.297	5.540	-328.220
22	9.035	9.557	-329.380
23	11.399	-11.825	-330.385
24	18.395	9.767	-332.138
25	12.793	-1.004	-329.294
26	-1.986	-5.236	-327.945
27	1.622	-8.165	-328.326
28	-2.631	-21.050	-332.315
29	12.728	1.605	-329.293
30	15.072	-15.123	-332.379
31	9.838	-9.717	-329.567
32	-3.754	5.400	-328.064
33	6.393	-0.622	-328.044
34	-2.402	-0.645	-327.695
35	0.720	-13.135	-329.380
36	-10.378	10.293	-329.799
37	-6.846	-16.967	-331.072
38	0.713	-3.476	-327.758
39	-2.441	3.360	-327.805
40	2.140	6.409	-328.088
41	1.368	10.400	-328.737
42	-3.038	5.902	-328.072
43	3.778	-4.718	-327.997
44	1.579	8.985	-328.466
45	16.223	3.014	-330.411
46	-8.581	-4.379	-328.563
47	16.047	6.304	-330.674
48	-13.308	-14.413	-331.608
49	-13.898	6.246	-329.992
50	-1.174	-20.365	-331.946
51	-13.174	-5.382	-329.684
52	-20.065	0.890	-331.808
53	7.850	19.156	-332.081
54	-3.199	3.706	-327.872
55	-1.335	-4.943	-327.894
56	-7.591	7.409	-328.762
57	-19.211	-0.834	-331.446
58	-0.228	7.099	-328.136
59	4.014	-1.675	-327.821
60	-2.128	17.135	-330.683
61	-9.170	11.348	-329.791
62	8.257	-11.239	-329.601
63	3.990	-13.665	-329.686
64	-7.615	-6.413	-328.626
65	3.895	3.098	-327.880
66	-8.837	6.435	-328.823
67	-2.635	-14.434	-329.816
68	6.788	7.249	-328.622
69	-6.526	4.492	-328.260
70	-5.583	-20.380	-332.277
71	-2.654	-4.159	-327.875
72	-2.424	-3.696	-327.828
73	22.432	3.244	-333.017
74	6.217	-18.014	-331.375
75	3.956	13.868	-329.741
76	-14.821	4.336	-330.057
77	-12.618	10.299	-330.338
78	-5.511	-18.509	-331.480
79	-9.273	3.816	-328.641
80	-5.814	-1.295	-327.987
81	-1.663	-22.426	-332.928
82	6.226	8.953	-328.827
83	9.750	-15.720	-331.151
Hit#    X, mm   Y, mm   Z, mm
Hit#    X, mm   Y, mm   Z, mm
Hit#    X, mm   Y, mm   Z, mm
0     	6.997	-6.958	-328.609
1	6.746	-7.063	-328.589
2	12.618	11.960	-330.727
3	9.747	-7.362	-329.136
4	-16.800	-12.825	-332.279
5	18.240	-6.952	-331.567
6	19.627	-5.172	-331.901
7	0.368	17.567	-330.795
8	6.402	-19.747	-332.107
9	-0.872	-5.409	-327.932
10	-10.157	-1.259	-328.683
11	6.643	8.764	-328.848
12	-1.746	8.397	-328.368
13	-14.219	6.469	-330.115
14	-4.230	15.467	-330.252
15	-15.828	5.954	-330.555
16	-12.454	11.250	-330.510
17	7.333	18.928	-331.902
18	-11.635	7.663	-329.597
19	3.516	-4.979	-328.003
20	5.745	-8.878	-328.755
21	16.600	-9.675	-331.439
22	16.822	5.586	-330.853
23	1.782	-6.956	-328.147
24	-13.911	10.867	-330.826
25	-7.371	-3.519	-328.300
26	-14.011	-5.314	-329.912
27	1.955	-16.320	-330.389
28	-5.358	14.484	-330.058
29	-14.144	5.843	-330.013
30	0.269	1.765	-327.665
31	18.288	0.826	-331.075
32	11.860	-4.385	-329.245
33	6.996	2.741	-328.197
34	-0.916	-7.090	-328.143
35	2.881	-2.121	-327.760
36	2.655	-0.660	-327.708
37	19.572	2.532	-331.658
38	5.901	-9.174	-328.828
39	7.093	7.922	-328.768
40	-2.090	2.589	-327.743
41	-1.825	-6.565	-328.096
42	7.302	5.555	-328.475
43	9.732	-6.688	-329.036
44	-8.197	-11.384	-329.625
45	16.049	-2.954	-330.348
46	-16.963	-6.550	-331.028
47	13.265	-16.086	-332.148
48	9.314	8.667	-329.266
49	11.182	0.348	-328.891
50	-11.969	16.400	-331.904
51	0.937	-3.761	-327.783
52	18.828	-12.158	-332.891
53	5.833	1.184	-327.986
54	-8.018	-6.921	-328.759
55	5.803	0.120	-327.969
56	3.027	-19.951	-331.850
57	-15.155	-10.561	-331.140
58	4.175	-18.203	-331.221
59	20.309	8.133	-332.629
60	6.180	7.155	-328.528
61	-3.013	13.148	-329.472
62	-12.315	16.674	-332.094
63	16.639	-13.260	-332.344
64	6.255	-16.712	-330.898
65	-4.689	-6.565	-328.283
66	7.776	8.193	-328.916
67	9.338	13.447	-330.366
68	17.742	3.725	-331.007
69	0.491	-12.307	-329.162
70	-5.874	10.520	-329.095
71	-14.333	-9.768	-330.712
72	-9.428	-5.161	-328.793
73	-1.624	-12.339	-329.194
74	14.898	-4.254	-330.074
75	-3.786	-7.332	-328.313
76	-1.150	16.823	-330.538
77	-12.520	-6.786	-329.687
78	-7.364	-9.941	-329.175
79	13.036	5.567	-329.668
80	0.320	1.087	-327.646
81	-1.987	9.062	-328.495
82	-4.405	-4.222	-328.004
83	2.536	-10.598	-328.825
84	-5.694	6.682	-328.404
85	-18.489	-0.879	-331.155
86	2.913	-7.153	-328.229
87	14.084	13.151	-331.462
88	-5.393	4.366	-328.113
89	1.236	-13.757	-329.563
90	3.406	-17.097	-330.744
91	-12.134	8.122	-329.795
92	-3.864	-9.491	-328.686
93	0.569	14.417	-329.743
94	4.682	-3.776	-327.994
95	12.958	16.824	-332.325
96	9.740	-0.031	-328.583
97	17.117	-2.558	-330.698
98	-17.378	-4.864	-330.975
99	-12.239	4.084	-329.313
100	-8.222	-2.684	-328.381
101	0.534	8.984	-328.443
102	15.863	8.011	-330.870
103	10.153	13.377	-330.513
104	-21.440	3.265	-332.538
105	-11.484	19.779	-333.121
106	-11.735	3.985	-329.181
107	-13.866	-3.304	-329.691
108	8.983	-4.644	-328.658
109	8.768	20.032	-332.624
Hit#    X, mm   Y, mm   Z, mm
Hit#    X, mm   Y, mm   Z, mm
Hit#    X, mm   Y, mm   Z, mm
0     	-0.729	19.176	-331.429
1	-4.910	-14.389	-329.981
2	-1.391	-15.879	-330.220
3	-2.107	14.895	-329.931
4	-2.636	5.615	-328.016
5	4.922	11.218	-329.145
6	-11.199	-3.485	-329.017
7	11.934	18.759	-332.802
8	2.770	-6.812	-328.173
9	-1.507	15.352	-330.052
10	-10.952	-11.407	-330.178
11	18.041	-6.856	-331.475
12	-4.753	-15.238	-330.228
13	9.224	15.873	-331.096
14	6.773	-10.854	-329.284
15	-12.729	3.991	-329.431
16	-11.030	6.217	-329.250
17	14.217	-2.444	-329.742
18	10.384	1.455	-328.736
19	16.662	-9.526	-331.431
20	3.840	14.989	-330.067
21	12.282	-9.149	-330.017
22	-5.794	-5.069	-328.225
23	1.758	12.626	-329.272
24	-8.740	13.305	-330.214
25	-12.960	5.931	-329.691
26	20.039	10.125	-332.910
27	-12.263	6.756	-329.617
28	-9.654	-8.203	-329.251
29	15.666	-10.833	-331.371
30	16.210	11.574	-331.736
31	-18.949	3.411	-331.456
32	-13.275	1.940	-329.452
33	-4.619	21.636	-332.748
34	-4.322	8.664	-328.572
35	-5.515	-7.308	-328.472
36	-4.214	3.004	-327.900
37	10.367	-1.788	-328.744
38	-4.062	16.758	-330.675
39	0.332	-22.779	-333.076
40	-4.093	-1.534	-327.823
41	12.863	-3.238	-329.410
42	2.749	-8.922	-328.506
43	13.296	-1.185	-329.433
44	-10.182	13.530	-330.563
45	-17.849	8.604	-331.692
Hit#    X, mm   Y, mm   Z, mm
Hit#    X, mm   Y, mm   Z, mm
Hit#    X, mm   Y, mm   Z, mm
Hit#    X, mm   Y, mm   Z, mm
Hit#    X, mm   Y, mm   Z, mm
Hit#    X, mm   Y, mm   Z, mm
Hit#    X, mm   Y, mm   Z, mm
Hit#    X, mm   Y, mm   Z, mm
0     	2.621	18.444	-331.203
1	6.625	12.122	-329.564
2	-16.871	-9.266	-331.454
3	-10.137	-1.613	-328.690
4	-6.620	9.947	-329.070
5	2.219	-7.243	-328.206
6	12.099	-2.784	-329.186
7	-14.890	-8.053	-330.561
8	-11.100	9.858	-329.869
9	7.199	-13.985	-330.151
10	6.447	-2.671	-328.119
11	-2.885	-13.493	-329.559
12	-15.266	-3.038	-330.097
13	4.340	-15.789	-330.367
14	10.746	-9.107	-329.642
15	-8.392	4.823	-328.572
16	2.354	-13.766	-329.607
17	0.636	8.478	-328.356
18	2.872	-10.561	-328.836
19	8.848	9.834	-329.400
20	-1.625	10.800	-328.831
21	4.855	3.362	-327.980
22	5.574	-14.365	-330.046
23	-10.561	1.798	-328.785
24	-10.858	-8.182	-329.502
25	9.119	7.354	-329.014
26	-0.830	-9.600	-328.563
27	17.131	0.624	-330.638
28	12.581	-5.434	-329.532
29	-12.180	0.959	-329.137
30	16.473	15.472	-332.984
31	-17.295	3.852	-330.851
32	15.976	8.298	-330.958
33	1.642	5.183	-327.927
34	9.417	-1.822	-328.554
35	2.551	-6.751	-328.153
36	-5.597	-8.985	-328.758
37	-6.991	-7.941	-328.756
38	-4.596	-18.936	-331.552
39	-12.197	-16.136	-331.870
40	1.308	1.700	-327.679
41	15.060	-0.505	-329.939
42	-2.461	-3.796	-327.837
43	8.140	-13.492	-330.160
44	13.922	-15.780	-332.237
45	-8.877	3.043	-328.515
46	19.773	-4.857	-331.929
47	-6.396	16.273	-330.763
48	8.683	18.107	-331.807
49	2.019	16.790	-330.555
50	-0.597	22.278	-332.828
51	-14.043	-13.424	-331.528
52	2.527	-3.341	-327.808
53	4.361	-0.210	-327.823
54	8.914	17.616	-331.661
55	7.910	-1.825	-328.291
56	17.023	-1.963	-330.636
57	-2.479	-17.358	-330.782
58	8.281	5.707	-328.647
59	13.738	-12.312	-331.131
60	-12.033	10.209	-330.168
61	-16.527	5.731	-330.766
62	-3.677	13.382	-329.582
63	-5.567	1.703	-327.971
64	-16.010	8.459	-330.999
65	6.727	6.981	-328.575
66	-7.890	-17.438	-331.409
67	-6.530	-1.134	-328.071
68	-17.217	10.109	-331.757
69	-12.289	-3.347	-329.269
70	11.639	-4.359	-329.190
71	11.017	2.428	-328.912
72	4.946	-2.405	-327.934
73	-0.982	1.146	-327.656
74	-2.873	13.702	-329.617
75	2.901	-18.060	-331.070
76	-4.389	15.176	-330.173
77	4.951	2.610	-327.945
78	3.172	-2.652	-327.803
79	21.118	0.495	-332.274
80	-7.904	-18.088	-331.660
81	-11.540	-12.945	-330.711
82	-17.285	-5.883	-331.057
83	-3.666	-3.447	-327.885
84	3.198	-8.866	-328.522
85	3.617	-3.965	-327.920
86	0.043	5.213	-327.904
87	-16.797	4.132	-330.695
88	-8.804	9.299	-329.287
89	-4.628	12.102	-329.327
Hit#    X, mm   Y, mm   Z, mm
Hit#    X, mm   Y, mm   Z, mm
Hit#    X, mm   Y, mm   Z, mm
0     	3.460	2.402	-327.810
1	12.150	-10.717	-330.308
2	-6.416	-6.579	-328.478
3	6.068	-8.352	-328.702
4	-1.310	-2.758	-327.726
5	-16.206	11.315	-331.671
6	1.008	-10.419	-328.732
7	-1.208	12.758	-329.290
8	10.038	-11.653	-330.037
9	1.207	9.213	-328.497
10	-8.085	-14.224	-330.363
11	-1.560	-2.059	-327.700
12	-1.803	11.871	-329.085
13	0.934	-20.322	-331.922
14	-0.091	-7.676	-328.221
15	-5.647	6.526	-328.378
16	-6.557	-5.845	-328.405
17	-11.311	0.849	-328.926
18	-11.181	-4.650	-329.110
19	-5.120	6.128	-328.270
20	11.342	-6.879	-329.410
21	-16.050	1.868	-330.294
22	-5.115	17.467	-331.034
23	0.785	-12.876	-329.312
24	-2.902	19.321	-331.575
25	-5.048	-15.236	-330.257
26	3.643	-11.398	-329.074
27	-18.606	10.046	-332.283
28	16.425	-4.545	-330.602
29	5.861	-7.883	-328.600
30	10.209	15.828	-331.285
31	-19.714	-8.324	-332.402
32	1.429	1.586	-327.679
33	14.425	2.456	-329.804
34	-14.764	-14.465	-332.067
35	-7.232	-19.232	-332.012
36	2.825	-8.764	-328.482
37	-1.390	-13.093	-329.384
38	2.757	-0.936	-327.717
39	11.439	-8.069	-329.616
40	-4.607	-8.036	-328.492
41	-7.388	5.801	-328.516
42	1.228	-5.958	-328.002
43	-10.047	-10.034	-329.675
44	-0.885	-11.978	-329.085
45	-10.102	2.633	-328.726
46	5.314	-9.454	-328.814
47	17.841	1.155	-330.911
48	4.829	-4.694	-328.085
49	-1.160	-17.809	-330.899
50	2.412	2.456	-327.751
51	-17.889	4.294	-331.111
52	4.819	14.566	-330.025
53	1.626	-9.886	-328.639
54	8.193	0.883	-328.312
55	10.975	12.672	-330.503
56	-18.479	2.440	-331.207
57	13.813	-15.350	-332.058
58	-11.123	2.835	-328.958
59	3.950	-14.761	-330.006
60	-0.644	-12.644	-329.249
61	-16.186	2.921	-330.392
62	0.381	-12.554	-329.223
63	-14.780	-8.023	-330.522
64	8.598	2.515	-328.436
65	13.917	2.956	-329.683
66	4.874	-16.796	-330.765
67	-2.861	-13.631	-329.596
68	16.322	9.876	-331.384
69	10.008	2.891	-328.722
70	-2.091	19.206	-331.483
71	-4.860	2.207	-327.917
72	-8.044	-12.553	-329.889
73	0.132	-18.201	-331.035
74	17.404	-9.748	-331.749
75	17.428	13.085	-332.589
76	10.203	16.221	-331.418
77	-8.092	-2.690	-328.360
78	-8.627	10.754	-329.556
79	-18.104	-3.886	-331.158
80	8.968	-10.708	-329.607
81	0.632	-7.895	-328.260
Hit#    X, mm   Y, mm   Z, mm
Hit#    X, mm   Y, mm   Z, mm
0     	16.532	-0.168	-330.422
1	18.311	-1.164	-331.092
2	1.817	-0.384	-327.668
3	6.705	-4.356	-328.272
4	12.293	-15.349	-331.628
5	-5.609	20.947	-332.537
6	-6.243	-11.740	-329.419
7	5.802	-9.803	-328.937
8	15.102	2.323	-330.005
9	-4.412	18.383	-331.313
10	-6.237	-9.378	-328.908
11	-18.212	6.175	-331.446
12	-12.394	10.340	-330.288
13	8.777	-12.919	-330.114
14	-11.132	-5.488	-329.185
15	-13.201	-2.215	-329.443
16	2.619	-8.859	-328.487
17	18.933	12.750	-333.099
18	8.623	14.971	-330.687
19	-16.791	-14.486	-332.774
20	7.178	2.460	-328.208
21	7.566	0.286	-328.205
22	-1.099	1.856	-327.679
23	-10.595	1.401	-328.779
24	11.808	1.653	-329.064
25	11.132	2.137	-328.925
26	1.205	1.638	-327.674
27	10.171	11.788	-330.098
28	8.301	12.037	-329.801
29	-0.275	-7.368	-328.175
30	5.045	18.789	-331.539
31	15.621	-8.408	-330.859
32	-20.787	-2.867	-332.209
33	-17.761	9.450	-331.823
34	4.318	-14.970	-330.102
35	-4.190	-13.082	-329.542
36	8.877	1.727	-328.451
37	-4.281	18.953	-331.529
38	-7.902	-2.198	-328.305
39	-4.765	-6.898	-328.335
Hit#    X, mm   Y, mm   Z, mm
Hit#    X, mm   Y, mm   Z, mm
0     	15.021	-3.009	-330.018
1	3.068	-20.990	-332.315
2	3.616	-18.365	-331.238
3	-11.870	-5.016	-329.309
4	10.899	0.379	-328.827
5	8.443	-3.457	-328.466
6	1.334	1.676	-327.679
7	2.143	7.302	-328.211
8	8.730	-4.781	-328.626
9	15.867	-13.734	-332.210
10	-3.482	-12.925	-329.443
11	-0.910	-10.568	-328.762
12	-4.143	10.522	-328.918
13	13.067	10.061	-330.408
14	0.438	7.074	-328.134
15	4.296	-18.830	-331.481
16	14.739	-15.117	-332.269
17	-2.899	-9.882	-328.697
18	6.219	1.363	-328.037
19	12.577	-3.579	-329.359
20	-6.823	-2.665	-328.169
21	21.120	-6.367	-332.717
22	3.484	-8.126	-328.415
23	-20.635	5.964	-332.440
24	-1.032	1.310	-327.661
25	-4.464	-13.836	-329.776
26	9.274	-0.983	-328.504
27	3.834	6.591	-328.213
28	19.224	-0.858	-331.452
29	-15.139	-6.322	-330.378
30	9.435	1.234	-328.540
31	1.777	7.143	-328.174
32	-13.699	0.377	-329.532
33	-4.116	7.139	-328.312
34	8.608	-2.475	-328.436
35	4.409	7.862	-328.446
36	14.138	-3.900	-329.814
37	-2.004	-21.671	-332.574
38	21.131	-5.123	-332.565
39	22.032	-1.666	-332.734
40	15.073	-2.025	-329.983
41	0.473	-7.229	-328.157
42	5.092	13.307	-329.689
43	4.815	-15.549	-330.334
44	-5.515	0.881	-327.944
45	8.038	-4.829	-328.513
46	2.410	-6.676	-328.136
47	-2.764	14.433	-329.823
48	-4.286	4.447	-328.013
49	12.847	5.051	-329.560
50	7.657	-10.389	-329.314
51	-20.092	3.219	-331.923
52	0.861	-18.711	-331.243
53	6.069	-6.224	-328.389
54	3.350	-3.067	-327.838
55	-3.683	-1.477	-327.790
56	15.046	10.904	-331.184
57	6.139	15.393	-330.436
58	12.061	5.901	-329.455
59	-3.516	6.326	-328.156
60	-18.062	6.445	-331.424
61	13.510	3.616	-329.613
62	2.518	2.928	-327.782
63	-13.714	15.547	-332.094
64	21.228	5.246	-332.624
65	-1.902	21.319	-332.404
66	10.446	-5.140	-328.996
67	7.828	12.941	-329.956
68	3.476	4.034	-327.915
69	9.940	-1.597	-328.649
70	11.073	-16.084	-331.570
71	13.601	-8.268	-330.213
Hit#    X, mm   Y, mm   Z, mm
Hit#    X, mm   Y, mm   Z, mm
Hit#    X, mm   Y, mm   Z, mm
Hit#    X, mm   Y, mm   Z, mm
Hit#    X, mm   Y, mm   Z, mm
Hit#    X, mm   Y, mm   Z, mm
Hit#    X, mm   Y, mm   Z, mm
0     	-11.033	1.775	-328.888
1	22.433	3.946	-333.074
2	-10.961	-12.255	-330.391
3	-11.416	-4.600	-329.159
4	17.993	-6.592	-331.418
5	-10.413	3.519	-328.846
6	3.161	8.007	-328.374
7	-12.470	6.867	-329.686
8	6.032	-6.881	-328.471
9	-14.504	-5.292	-330.056
10	9.204	-8.303	-329.181
11	-7.363	6.221	-328.564
12	19.332	-1.223	-331.505
13	-11.035	-0.741	-328.862
14	-12.864	15.520	-331.840
15	2.201	11.862	-329.099
16	-7.987	7.151	-328.787
17	3.955	-20.559	-332.187
18	5.219	-5.200	-328.175
19	9.378	-4.635	-328.731
20	1.902	-11.066	-328.900
21	1.434	-12.010	-329.106
22	-3.661	-6.024	-328.129
23	-9.561	-8.962	-329.367
24	8.066	3.860	-328.433
25	-5.639	12.140	-329.444
26	13.084	12.524	-331.000
27	15.352	6.760	-330.507
28	-10.620	-7.461	-329.333
29	20.789	-0.889	-332.129
30	7.610	9.429	-329.111
31	3.050	-14.788	-329.948
32	14.932	-4.224	-330.082
33	1.127	-11.285	-328.926
34	10.962	-10.886	-330.060
35	-1.884	-18.368	-331.137
36	1.722	-10.403	-328.749
37	4.330	-4.222	-327.998
38	3.704	7.578	-328.344
39	-10.395	-5.492	-329.024
40	8.926	10.810	-329.622
41	5.867	-8.602	-328.721
42	-7.486	-4.714	-328.416
43	-3.130	20.091	-331.917
44	13.467	-5.685	-329.800
45	14.464	-1.335	-329.772
46	-16.030	2.341	-330.308
47	4.338	13.490	-329.667
48	1.493	-2.210	-327.704
49	8.957	-1.641	-328.463
50	-0.985	-10.849	-328.825
Hit#    X, mm   Y, mm   Z, mm
0     	20.904	-0.372	-332.174
1	3.598	-16.214	-330.449
2	6.894	-17.449	-331.255
3	-9.773	5.269	-328.872
4	-4.590	-16.827	-330.747
5	6.479	11.868	-329.481
6	15.758	2.244	-330.213
7	-11.815	-0.888	-329.046
8	5.242	11.588	-329.265
9	12.987	12.350	-330.927
10	3.606	-10.401	-328.850
11	-17.994	-7.153	-331.501
12	12.841	-6.674	-329.756
13	16.738	12.722	-332.228
14	8.296	-0.294	-328.322
15	-6.164	6.735	-328.467
16	-3.079	13.450	-329.559
17	13.348	-8.760	-330.229
18	-8.074	-19.020	-332.064
19	6.380	2.896	-328.123
20	3.128	-19.154	-331.520
21	-7.113	4.884	-328.377
22	-14.130	1.202	-329.669
23	0.045	15.155	-329.966
24	7.176	18.192	-331.582
25	0.891	14.931	-329.904
26	-2.834	8.538	-328.443
27	13.740	-13.084	-331.341
28	19.132	8.497	-332.187
29	6.810	11.400	-329.414
30	0.227	-15.259	-329.999
31	-20.482	8.656	-332.804
32	-12.746	-4.427	-329.473
33	-2.417	17.795	-330.941
34	3.247	13.952	-329.712
35	20.971	7.825	-332.877
36	-0.263	3.896	-327.785
37	-20.635	0.300	-332.052
38	-17.149	2.056	-330.685
39	10.059	-7.256	-329.183
40	5.738	-1.984	-328.000
41	-1.012	1.460	-327.665
42	6.735	3.523	-328.210
43	11.937	9.337	-329.966
44	3.137	-10.459	-328.830
45	-8.559	-7.762	-328.976
46	-10.013	-6.331	-329.045
47	-6.352	0.588	-328.039
48	6.388	-0.720	-328.045
49	8.482	4.580	-328.564
50	-1.497	0.938	-327.664
51	-8.039	6.549	-328.711
52	7.300	-19.979	-332.342
53	-4.649	-5.614	-328.163
54	15.202	13.177	-331.823
55	-4.344	13.053	-329.547
56	-11.552	-8.970	-329.802
57	3.446	18.301	-331.200
58	16.317	6.872	-330.846
59	-21.869	6.623	-333.111
60	2.685	-8.252	-328.386
61	11.362	2.365	-328.988
62	11.540	-3.871	-329.125
63	17.569	13.313	-332.709
64	-8.065	-10.212	-329.342
65	-0.012	15.019	-329.923
66	9.006	20.248	-332.767
67	-13.993	8.683	-330.400
68	-2.552	3.560	-327.824
69	6.786	-9.644	-329.032
70	9.201	2.105	-328.525
71	-0.969	-2.575	-327.708
72	-2.047	-1.959	-327.713
73	-2.349	2.839	-327.768
74	9.311	-2.286	-328.554
75	20.174	6.292	-332.278
76	-21.672	-5.075	-332.815
77	0.194	-7.507	-328.196
78	1.178	11.237	-328.916
79	3.196	-19.512	-331.673
80	-13.048	1.397	-329.372
81	15.539	11.584	-331.509
82	-1.418	5.358	-327.939
83	-3.980	19.841	-331.874
84	0.819	10.052	-328.653
85	-6.920	2.513	-328.174
86	-13.983	-7.673	-330.224
87	12.167	-15.963	-331.802
88	-12.378	0.551	-329.180
89	-19.446	1.872	-331.574
90	-6.810	-10.938	-329.308
91	-13.757	-17.251	-332.720
92	16.431	2.915	-330.476
93	-4.029	11.227	-329.065
94	3.647	-19.707	-331.789
95	15.971	10.614	-331.424
96	16.540	-12.748	-332.163
97	-6.137	-7.604	-328.590
98	10.848	0.299	-328.816
Hit#    X, mm   Y, mm   Z, mm
Hit#    X, mm   Y, mm   Z, mm
Hit#    X, mm   Y, mm   Z, mm
0     	-1.566	13.904	-329.614
1	6.882	14.358	-330.214
2	16.775	6.420	-330.942
3	7.033	-1.356	-328.145
4	3.679	-13.383	-329.582
5	0.662	-20.517	-332.003
6	16.161	16.047	-333.072
7	-4.105	-3.434	-327.918
8	3.672	-6.211	-328.153
9	-11.906	-5.574	-329.378
10	1.364	0.049	-327.652
11	-7.273	-9.441	-329.063
12	-10.956	-2.330	-328.894
13	3.268	-3.499	-327.861
14	0.063	-11.419	-328.944
15	-14.823	-4.652	-330.088
16	-6.325	1.928	-328.069
17	8.131	16.004	-330.938
18	-3.604	-19.346	-331.634
19	9.113	-8.131	-329.136
20	-11.131	16.162	-331.611
21	17.628	5.270	-331.111
22	-3.416	9.329	-328.622
23	-1.290	6.316	-328.047
24	-5.443	-16.219	-330.626
25	18.027	3.925	-331.132
26	1.415	-8.504	-328.376
27	0.460	6.795	-328.096
28	1.556	10.042	-328.668
29	-5.543	-17.425	-331.067
30	-8.854	2.067	-328.460
31	13.140	2.136	-329.423
32	-11.165	8.630	-329.649
33	2.593	18.826	-331.354
34	-11.383	-6.459	-329.362
35	-11.728	-0.543	-329.020
36	-15.077	16.604	-332.899
37	15.283	-2.520	-330.073
38	-4.008	-3.329	-327.903
39	1.253	8.460	-328.364
40	7.429	-8.074	-328.842
41	6.389	-7.546	-328.613
42	5.792	-1.348	-327.985
43	-7.270	-11.134	-329.419
44	12.857	7.643	-329.904
45	0.761	11.762	-329.031
46	-0.015	-3.131	-327.731
47	-10.889	9.630	-329.775
48	12.690	-5.207	-329.536
49	10.863	-17.688	-332.106
50	-5.825	0.140	-327.971
51	1.285	-21.267	-332.358
52	-7.564	-9.571	-329.132
53	-14.654	-9.561	-330.768
54	5.994	-11.243	-329.270
55	4.966	1.617	-327.905
56	-14.778	-3.336	-329.964
57	21.234	-0.845	-332.333
58	3.251	-17.560	-330.903
59	-1.801	4.228	-327.843
60	-6.108	9.584	-328.931
61	3.241	4.125	-327.907
62	9.359	-16.361	-331.291
63	-12.305	-8.849	-329.966
64	-18.159	2.545	-331.087
65	-11.237	-0.507	-328.905
66	1.562	-15.705	-330.168
67	12.230	1.743	-329.171
68	16.057	-16.236	-333.103
69	9.352	-15.792	-331.094
70	-7.290	5.390	-328.455
71	-3.402	8.423	-328.459
72	8.836	-11.189	-329.692
73	14.581	16.164	-332.577
74	-7.732	8.993	-329.049
75	6.918	-20.337	-332.440
76	-4.151	-3.057	-327.898
77	-3.465	4.555	-327.959
78	-7.069	-13.388	-329.961
79	-2.220	8.963	-328.486
80	0.475	-3.071	-327.729
81	13.271	8.013	-330.077
82	1.890	18.103	-331.035
83	1.485	22.065	-332.744
84	-1.488	6.063	-328.021
85	-4.940	-5.931	-328.228
86	-5.356	2.389	-327.976
87	-18.062	0.707	-330.986
88	-6.476	-3.097	-328.147
89	-5.252	-13.603	-329.789
90	-6.457	7.871	-328.672
91	-1.674	-1.289	-327.678
92	2.830	-14.510	-329.850
Hit#    X, mm   Y, mm   Z, mm
Hit#    X, mm   Y, mm   Z, mm
0     	-11.144	4.505	-329.088
1	-1.559	-5.883	-328.002
2	6.922	15.807	-330.679
3	9.018	9.419	-329.349
4	-0.538	1.471	-327.658
5	0.113	-11.619	-328.991
6	-3.639	-3.028	-327.856
7	-4.366	-0.053	-327.823
8	4.249	15.030	-330.114
9	1.143	-1.029	-327.657
10	-12.478	-8.188	-329.894
11	-2.432	-19.967	-331.821
12	-8.768	3.774	-328.546
13	-3.994	-14.877	-330.045
14	15.280	-14.658	-332.297
15	-2.256	-5.544	-327.990
16	-12.068	-8.961	-329.927
17	-4.848	-11.829	-329.282
18	7.273	-10.764	-329.336
19	-9.902	2.821	-328.696
20	-2.595	-12.661	-329.319
21	15.313	13.957	-332.078
22	-2.264	-12.391	-329.233
23	-16.828	-3.812	-330.679
24	-21.034	4.822	-332.487
25	21.718	-6.632	-333.039
26	-9.820	-17.585	-331.833
27	-5.884	-6.052	-328.345
28	6.522	18.929	-331.780
29	16.550	8.015	-331.108
30	-4.919	4.029	-328.036
31	-19.624	-3.024	-331.710
32	-6.134	-6.914	-328.488
33	-5.416	1.278	-327.941
34	11.984	-8.014	-329.739
35	10.572	11.318	-330.072
36	-12.630	-3.657	-329.379
37	20.414	2.387	-332.015
38	-15.577	9.290	-331.010
39	6.244	3.367	-328.135
40	7.757	13.956	-330.229
41	-2.898	-6.288	-328.111
42	5.632	15.826	-330.515
43	-19.376	-2.553	-331.577
44	-2.439	3.174	-327.792
45	-4.656	3.519	-327.972
46	-2.473	2.043	-327.735
47	2.560	-7.789	-328.305
48	18.062	5.926	-331.356
49	6.382	6.845	-328.510
50	-14.274	5.651	-330.028
51	-6.763	18.713	-331.727
52	10.170	-6.228	-329.064
53	3.081	7.458	-328.284
54	-6.414	8.251	-328.729
55	16.216	5.498	-330.631
56	9.006	-14.641	-330.655
57	11.376	2.669	-329.007
58	-1.303	-8.861	-328.436
59	-15.015	-9.047	-330.780
60	-13.956	-15.017	-331.991
61	12.539	10.143	-330.283
62	0.266	8.881	-328.423
63	11.038	-1.024	-328.867
64	13.527	-13.089	-331.280
65	-2.409	-0.937	-327.700
66	-7.257	11.843	-329.585
67	-7.803	9.617	-329.179
68	7.824	6.703	-328.698
69	3.075	3.064	-327.821
70	14.111	-5.440	-329.956
71	-4.026	-5.013	-328.045
72	-3.574	14.719	-329.963
73	10.360	15.384	-331.170
74	4.669	12.125	-329.337
75	9.314	10.171	-329.557
76	-9.628	-5.519	-328.870
77	-4.189	-12.996	-329.518
78	6.492	-2.286	-328.105
79	-12.822	13.576	-331.220
80	3.364	1.528	-327.769
81	0.878	12.381	-329.186
82	1.323	9.259	-328.509
83	-3.495	11.194	-329.017
84	17.787	10.100	-331.971
85	-5.133	21.297	-332.643
86	13.063	-13.058	-331.140
87	2.428	14.189	-329.733
88	0.316	-8.156	-328.299
89	0.612	13.460	-329.468
90	-7.523	14.553	-330.370
91	-2.911	10.196	-328.761
92	-4.710	-3.195	-327.956
93	-2.077	0.455	-327.678
94	3.925	20.818	-332.302
95	-1.440	16.162	-330.317
96	18.972	-0.875	-331.349
97	9.375	8.711	-329.285
98	-7.458	14.132	-330.233
99	-1.730	19.662	-331.659
100	-8.091	-3.941	-328.443
101	-7.813	5.788	-328.580
102	-11.866	-6.280	-329.454
103	-1.348	6.455	-328.067
104	-4.658	6.260	-328.241
105	-0.634	13.048	-329.356
106	15.983	-3.089	-330.335
107	6.729	-11.648	-329.462
108	16.825	-3.962	-330.690
109	3.543	-16.547	-330.559
110	3.703	-20.306	-332.054
111	-7.856	-1.876	-328.285
112	-2.316	13.271	-329.467
113	-0.155	-8.383	-328.336
114	12.578	9.765	-330.215
115	6.924	-3.974	-328.270
116	-11.350	1.813	-328.961
117	-0.051	-8.382	-328.335
118	2.363	-1.607	-327.714
119	7.343	15.614	-330.679
120	-5.609	5.491	-328.248
