
        ############################################
        !!! WARNING - FPE detection is activated !!!
        ############################################

**************************************************************
 Geant4 version Name: geant4-10-06-ref-06    (26-June-2020)
                       Copyright : Geant4 Collaboration
                      References : NIM A 506 (2003), 250-303
                                 : IEEE-TNS 53 (2006), 270-278
                                 : NIM A 835 (2016), 186-225
                             WWW : http://geant4.org/
**************************************************************

<<< Reference Physics List QBBC 
Checking overlaps for volume Envelope (G4Box) ... OK! 
Checking overlaps for volume Shape1 (G4Cons) ... OK! 
Checking overlaps for volume Shape2 (G4Trd) ... OK! 
### Adding tracking cuts for neutron  TimeCut(ns)= 10000  KinEnergyCut(MeV)= 0
Visualization Manager instantiating with verbosity "warnings (3)"...
Visualization Manager initialising...
Registering graphics systems...

You have successfully registered the following graphics systems.
Registered graphics systems are:
  ASCIITree (ATree)
  DAWNFILE (DAWNFILE)
  G4HepRep (HepRepXML)
  G4HepRepFile (HepRepFile)
  RayTracer (RayTracer)
  VRML1FILE (VRML1FILE)
  VRML2FILE (VRML2FILE)
  gMocrenFile (gMocrenFile)
  OpenGLImmediateXm (OGLIXm, OGLI)
  OpenGLStoredXm (OGLSXm, OGL, OGLS)
  OpenGLImmediateX (OGLIX, OGLIXm_FALLBACK)
  OpenGLStoredX (OGLSX, OGLSXm_FALLBACK)
  RayTracerX (RayTracerX)

Registering model factories...

You have successfully registered the following model factories.
Registered model factories:
  generic
  drawByAttribute
  drawByCharge
  drawByOriginVolume
  drawByParticleID
  drawByEncounteredVolume

Registered models:
  None

Registered filter factories:
  attributeFilter
  chargeFilter
  originVolumeFilter
  particleFilter
  encounteredVolumeFilter

Registered filters:
  None

You have successfully registered the following user vis actions.
Run Duration User Vis Actions: none
End of Event User Vis Actions: none
End of Run User Vis Actions: none

Some /vis commands (optionally) take a string to specify colour.
"/vis/list" to see available colours.

phot:  for gamma SubType=12 BuildTable=0
      LambdaPrime table from 200 keV to 100 TeV in 61 bins 
      ===== EM models for the G4Region  DefaultRegionForTheWorld ======
 LivermorePhElectric : Emin=    0 eV  Emax=  100 TeV  SauterGavrila Fluo

compt:  for gamma SubType=13 BuildTable=1
      Lambda table from 100 eV  to 1 MeV, 7 bins/decade, spline: 1
      LambdaPrime table from 1 MeV to 100 TeV in 56 bins 
      ===== EM models for the G4Region  DefaultRegionForTheWorld ======
       Klein-Nishina : Emin=    0 eV  Emax=  100 TeV

conv:  for gamma SubType=14 BuildTable=1
      Lambda table from 1.022 MeV to 100 TeV, 18 bins/decade, spline: 1
      ===== EM models for the G4Region  DefaultRegionForTheWorld ======
     BetheHeitlerLPM : Emin=    0 eV  Emax=  100 TeV  ModifiedTsai

Rayl:  for gamma SubType=11 BuildTable=1
      Lambda table from 100 eV  to 100 keV, 7 bins/decade, spline: 0
      LambdaPrime table from 100 keV to 100 TeV in 63 bins 
      ===== EM models for the G4Region  DefaultRegionForTheWorld ======
   LivermoreRayleigh : Emin=    0 eV  Emax=  100 TeV  CullenGenerator

msc:  for e-  SubType= 10
      RangeFactor= 0.04, stepLimType: 1, latDisp: 1
      ===== EM models for the G4Region  DefaultRegionForTheWorld ======
            UrbanMsc : Emin=    0 eV  Emax=  100 MeV Nbins=42 100 eV  - 100 MeV
        WentzelVIUni : Emin=  100 MeV Emax=  100 TeV Nbins=42 100 MeV - 100 TeV

eIoni:  for e-  SubType=2
      dE/dx and range tables from 100 eV  to 100 TeV in 84 bins
      Lambda tables from threshold to 100 TeV, 7 bins/decade, spline: 1
      StepFunction=(0.2, 1 mm), integ: 1, fluct: 1, linLossLim= 0.01
      ===== EM models for the G4Region  DefaultRegionForTheWorld ======
        MollerBhabha : Emin=    0 eV  Emax=  100 TeV

eBrem:  for e-  SubType=3
      dE/dx and range tables from 100 eV  to 100 TeV in 84 bins
      Lambda tables from threshold to 100 TeV, 7 bins/decade, spline: 1
      LPM flag: 1 for E > 1 GeV,  VertexHighEnergyTh(GeV)= 100000
      ===== EM models for the G4Region  DefaultRegionForTheWorld ======
             eBremSB : Emin=    0 eV  Emax=    1 GeV  ModifiedTsai
            eBremLPM : Emin=    1 GeV Emax=  100 TeV  ModifiedTsai

CoulombScat:  for e-, integral:1  SubType=1 BuildTable=1
      Lambda table from 100 MeV to 100 TeV, 7 bins/decade, spline: 1
      ThetaMin(p) < Theta(degree) < 180 pLimit(GeV^1)= 0.139531
      ===== EM models for the G4Region  DefaultRegionForTheWorld ======
  eCoulombScattering : Emin=  100 MeV Emax=  100 TeV

msc:  for e+  SubType= 10
      RangeFactor= 0.04, stepLimType: 1, latDisp: 1
      ===== EM models for the G4Region  DefaultRegionForTheWorld ======
            UrbanMsc : Emin=    0 eV  Emax=  100 MeV Nbins=42 100 eV  - 100 MeV
        WentzelVIUni : Emin=  100 MeV Emax=  100 TeV Nbins=42 100 MeV - 100 TeV

eIoni:  for e+  SubType=2
      dE/dx and range tables from 100 eV  to 100 TeV in 84 bins
      Lambda tables from threshold to 100 TeV, 7 bins/decade, spline: 1
      StepFunction=(0.2, 1 mm), integ: 1, fluct: 1, linLossLim= 0.01
      ===== EM models for the G4Region  DefaultRegionForTheWorld ======
        MollerBhabha : Emin=    0 eV  Emax=  100 TeV

eBrem:  for e+  SubType=3
      dE/dx and range tables from 100 eV  to 100 TeV in 84 bins
      Lambda tables from threshold to 100 TeV, 7 bins/decade, spline: 1
      LPM flag: 1 for E > 1 GeV,  VertexHighEnergyTh(GeV)= 100000
      ===== EM models for the G4Region  DefaultRegionForTheWorld ======
             eBremSB : Emin=    0 eV  Emax=    1 GeV  ModifiedTsai
            eBremLPM : Emin=    1 GeV Emax=  100 TeV  ModifiedTsai

annihil:  for e+, integral:1  SubType=5 BuildTable=0
      ===== EM models for the G4Region  DefaultRegionForTheWorld ======
            eplus2gg : Emin=    0 eV  Emax=  100 TeV

CoulombScat:  for e+, integral:1  SubType=1 BuildTable=1
      Lambda table from 100 MeV to 100 TeV, 7 bins/decade, spline: 1
      ThetaMin(p) < Theta(degree) < 180 pLimit(GeV^1)= 0.139531
      ===== EM models for the G4Region  DefaultRegionForTheWorld ======
  eCoulombScattering : Emin=  100 MeV Emax=  100 TeV

msc:  for proton  SubType= 10
      RangeFactor= 0.2, stepLimType: 0, latDisp: 0
      ===== EM models for the G4Region  DefaultRegionForTheWorld ======
        WentzelVIUni : Emin=    0 eV  Emax=  100 TeV Nbins=84 100 eV  - 100 TeV

hIoni:  for proton  SubType=2
      dE/dx and range tables from 100 eV  to 100 TeV in 84 bins
      Lambda tables from threshold to 100 TeV, 7 bins/decade, spline: 1
      StepFunction=(0.2, 0.1 mm), integ: 1, fluct: 1, linLossLim= 0.01
      ===== EM models for the G4Region  DefaultRegionForTheWorld ======
               Bragg : Emin=    0 eV  Emax=    2 MeV
          BetheBloch : Emin=    2 MeV Emax=  100 TeV

hBrems:  for proton  SubType=3
      dE/dx and range tables from 100 eV  to 100 TeV in 84 bins
      Lambda tables from threshold to 100 TeV, 7 bins/decade, spline: 1
      ===== EM models for the G4Region  DefaultRegionForTheWorld ======
               hBrem : Emin=    0 eV  Emax=  100 TeV

hPairProd:  for proton  SubType=4
      dE/dx and range tables from 100 eV  to 100 TeV in 84 bins
      Lambda tables from threshold to 100 TeV, 7 bins/decade, spline: 1
      Sampling table 17x1001 from 7.50618 GeV to 100 TeV 
      ===== EM models for the G4Region  DefaultRegionForTheWorld ======
           hPairProd : Emin=    0 eV  Emax=  100 TeV

CoulombScat:  for proton, integral:1  SubType=1 BuildTable=1
      Lambda table from threshold  to 100 TeV, 7 bins/decade, spline: 1
      ThetaMin(p) < Theta(degree) < 180 pLimit(GeV^1)= 0.139531
      ===== EM models for the G4Region  DefaultRegionForTheWorld ======
  eCoulombScattering : Emin=    0 eV  Emax=  100 TeV

msc:  for GenericIon  SubType= 10
      RangeFactor= 0.2, stepLimType: 0, latDisp: 0
      ===== EM models for the G4Region  DefaultRegionForTheWorld ======
            UrbanMsc : Emin=    0 eV  Emax=  100 TeV

ionIoni:  for GenericIon  SubType=2
      dE/dx and range tables from 100 eV  to 100 TeV in 84 bins
      Lambda tables from threshold to 100 TeV, 7 bins/decade, spline: 1
      StepFunction=(0.2, 0.1 mm), integ: 1, fluct: 1, linLossLim= 0.02
      Stopping Power data for 17 ion/material pairs
      ===== EM models for the G4Region  DefaultRegionForTheWorld ======
            BraggIon : Emin=    0 eV  Emax=    2 MeV
          BetheBloch : Emin=    2 MeV Emax=  100 TeV

msc:  for alpha  SubType= 10
      RangeFactor= 0.2, stepLimType: 0, latDisp: 0
      ===== EM models for the G4Region  DefaultRegionForTheWorld ======
            UrbanMsc : Emin=    0 eV  Emax=  100 TeV Nbins=84 100 eV  - 100 TeV

ionIoni:  for alpha  SubType=2
      dE/dx and range tables from 100 eV  to 100 TeV in 84 bins
      Lambda tables from threshold to 100 TeV, 7 bins/decade, spline: 1
      StepFunction=(0.2, 0.1 mm), integ: 1, fluct: 1, linLossLim= 0.02
      ===== EM models for the G4Region  DefaultRegionForTheWorld ======
            BraggIon : Emin=    0 eV  Emax=7.9452 MeV
          BetheBloch : Emin=7.9452 MeV Emax=  100 TeV

msc:  for anti_proton  SubType= 10
      RangeFactor= 0.2, stepLimType: 0, latDisp: 0
      ===== EM models for the G4Region  DefaultRegionForTheWorld ======
        WentzelVIUni : Emin=    0 eV  Emax=  100 TeV Nbins=84 100 eV  - 100 TeV

hIoni:  for anti_proton  SubType=2
      dE/dx and range tables from 100 eV  to 100 TeV in 84 bins
      Lambda tables from threshold to 100 TeV, 7 bins/decade, spline: 1
      StepFunction=(0.2, 0.1 mm), integ: 1, fluct: 1, linLossLim= 0.01
      ===== EM models for the G4Region  DefaultRegionForTheWorld ======
            ICRU73QO : Emin=    0 eV  Emax=    2 MeV
          BetheBloch : Emin=    2 MeV Emax=  100 TeV

hBrems:  for anti_proton  SubType=3
      dE/dx and range tables from 100 eV  to 100 TeV in 84 bins
      Lambda tables from threshold to 100 TeV, 7 bins/decade, spline: 1
      ===== EM models for the G4Region  DefaultRegionForTheWorld ======
               hBrem : Emin=    0 eV  Emax=  100 TeV

hPairProd:  for anti_proton  SubType=4
      dE/dx and range tables from 100 eV  to 100 TeV in 84 bins
      Lambda tables from threshold to 100 TeV, 7 bins/decade, spline: 1
      Sampling table 17x1001 from 7.50618 GeV to 100 TeV 
      ===== EM models for the G4Region  DefaultRegionForTheWorld ======
           hPairProd : Emin=    0 eV  Emax=  100 TeV

CoulombScat:  for anti_proton, integral:1  SubType=1 BuildTable=1
      Lambda table from threshold  to 100 TeV, 7 bins/decade, spline: 1
      ThetaMin(p) < Theta(degree) < 180 pLimit(GeV^1)= 0.139531
      ===== EM models for the G4Region  DefaultRegionForTheWorld ======
  eCoulombScattering : Emin=    0 eV  Emax=  100 TeV

msc:  for kaon+  SubType= 10
      RangeFactor= 0.2, stepLimType: 0, latDisp: 0
      ===== EM models for the G4Region  DefaultRegionForTheWorld ======
        WentzelVIUni : Emin=    0 eV  Emax=  100 TeV Nbins=84 100 eV  - 100 TeV

hIoni:  for kaon+  SubType=2
      dE/dx and range tables from 100 eV  to 100 TeV in 84 bins
      Lambda tables from threshold to 100 TeV, 7 bins/decade, spline: 1
      StepFunction=(0.2, 0.1 mm), integ: 1, fluct: 1, linLossLim= 0.01
      ===== EM models for the G4Region  DefaultRegionForTheWorld ======
               Bragg : Emin=    0 eV  Emax=1.05231 MeV
          BetheBloch : Emin=1.05231 MeV Emax=  100 TeV

hBrems:  for kaon+  SubType=3
      dE/dx and range tables from 100 eV  to 100 TeV in 84 bins
      Lambda tables from threshold to 100 TeV, 7 bins/decade, spline: 1
      ===== EM models for the G4Region  DefaultRegionForTheWorld ======
               hBrem : Emin=    0 eV  Emax=  100 TeV

hPairProd:  for kaon+  SubType=4
      dE/dx and range tables from 100 eV  to 100 TeV in 84 bins
      Lambda tables from threshold to 100 TeV, 7 bins/decade, spline: 1
      Sampling table 18x1001 from 3.94942 GeV to 100 TeV 
      ===== EM models for the G4Region  DefaultRegionForTheWorld ======
           hPairProd : Emin=    0 eV  Emax=  100 TeV

CoulombScat:  for kaon+, integral:1  SubType=1 BuildTable=1
      Lambda table from threshold  to 100 TeV, 7 bins/decade, spline: 1
      ThetaMin(p) < Theta(degree) < 180 pLimit(GeV^1)= 0.139531
      ===== EM models for the G4Region  DefaultRegionForTheWorld ======
  eCoulombScattering : Emin=    0 eV  Emax=  100 TeV

msc:  for kaon-  SubType= 10
      RangeFactor= 0.2, stepLimType: 0, latDisp: 0
      ===== EM models for the G4Region  DefaultRegionForTheWorld ======
        WentzelVIUni : Emin=    0 eV  Emax=  100 TeV Nbins=84 100 eV  - 100 TeV

hIoni:  for kaon-  SubType=2
      dE/dx and range tables from 100 eV  to 100 TeV in 84 bins
      Lambda tables from threshold to 100 TeV, 7 bins/decade, spline: 1
      StepFunction=(0.2, 0.1 mm), integ: 1, fluct: 1, linLossLim= 0.01
      ===== EM models for the G4Region  DefaultRegionForTheWorld ======
            ICRU73QO : Emin=    0 eV  Emax=1.05231 MeV
          BetheBloch : Emin=1.05231 MeV Emax=  100 TeV

hBrems:  for kaon-  SubType=3
      dE/dx and range tables from 100 eV  to 100 TeV in 84 bins
      Lambda tables from threshold to 100 TeV, 7 bins/decade, spline: 1
      ===== EM models for the G4Region  DefaultRegionForTheWorld ======
               hBrem : Emin=    0 eV  Emax=  100 TeV

hPairProd:  for kaon-  SubType=4
      dE/dx and range tables from 100 eV  to 100 TeV in 84 bins
      Lambda tables from threshold to 100 TeV, 7 bins/decade, spline: 1
      Sampling table 18x1001 from 3.94942 GeV to 100 TeV 
      ===== EM models for the G4Region  DefaultRegionForTheWorld ======
           hPairProd : Emin=    0 eV  Emax=  100 TeV

CoulombScat:  for kaon-, integral:1  SubType=1 BuildTable=1
      Used Lambda table of kaon+
      ThetaMin(p) < Theta(degree) < 180 pLimit(GeV^1)= 0.139531
      ===== EM models for the G4Region  DefaultRegionForTheWorld ======
  eCoulombScattering : Emin=    0 eV  Emax=  100 TeV

msc:  for mu+  SubType= 10
      RangeFactor= 0.2, stepLimType: 0, latDisp: 0, polarAngLim(deg)= 180
      ===== EM models for the G4Region  DefaultRegionForTheWorld ======
        WentzelVIUni : Emin=    0 eV  Emax=  100 TeV Nbins=84 100 eV  - 100 TeV

muIoni:  for mu+  SubType=2
      dE/dx and range tables from 100 eV  to 100 TeV in 84 bins
      Lambda tables from threshold to 100 TeV, 7 bins/decade, spline: 1
      StepFunction=(0.2, 0.1 mm), integ: 1, fluct: 1, linLossLim= 0.01
      ===== EM models for the G4Region  DefaultRegionForTheWorld ======
               Bragg : Emin=    0 eV  Emax=  200 keV
          BetheBloch : Emin=  200 keV Emax=    1 GeV
        MuBetheBloch : Emin=    1 GeV Emax=  100 TeV

muBrems:  for mu+  SubType=3
      dE/dx and range tables from 100 eV  to 100 TeV in 84 bins
      Lambda tables from threshold to 100 TeV, 7 bins/decade, spline: 1
      ===== EM models for the G4Region  DefaultRegionForTheWorld ======
              MuBrem : Emin=    0 eV  Emax=  100 TeV

muPairProd:  for mu+  SubType=4
      dE/dx and range tables from 100 eV  to 100 TeV in 84 bins
      Lambda tables from threshold to 100 TeV, 7 bins/decade, spline: 1
      Sampling table 21x1001 from 1 GeV to 100 TeV 
      ===== EM models for the G4Region  DefaultRegionForTheWorld ======
          muPairProd : Emin=    0 eV  Emax=  100 TeV

CoulombScat:  for mu+, integral:1  SubType=1 BuildTable=1
      Lambda table from threshold  to 100 TeV, 7 bins/decade, spline: 1
      ThetaMin(p) < Theta(degree) < 180 pLimit(GeV^1)= 0.139531
      ===== EM models for the G4Region  DefaultRegionForTheWorld ======
  eCoulombScattering : Emin=    0 eV  Emax=  100 TeV

msc:  for mu-  SubType= 10
      RangeFactor= 0.2, stepLimType: 0, latDisp: 0, polarAngLim(deg)= 180
      ===== EM models for the G4Region  DefaultRegionForTheWorld ======
        WentzelVIUni : Emin=    0 eV  Emax=  100 TeV Nbins=84 100 eV  - 100 TeV

muIoni:  for mu-  SubType=2
      dE/dx and range tables from 100 eV  to 100 TeV in 84 bins
      Lambda tables from threshold to 100 TeV, 7 bins/decade, spline: 1
      StepFunction=(0.2, 0.1 mm), integ: 1, fluct: 1, linLossLim= 0.01
      ===== EM models for the G4Region  DefaultRegionForTheWorld ======
            ICRU73QO : Emin=    0 eV  Emax=  200 keV
          BetheBloch : Emin=  200 keV Emax=    1 GeV
        MuBetheBloch : Emin=    1 GeV Emax=  100 TeV

muBrems:  for mu-  SubType=3
      dE/dx and range tables from 100 eV  to 100 TeV in 84 bins
      Lambda tables from threshold to 100 TeV, 7 bins/decade, spline: 1
      ===== EM models for the G4Region  DefaultRegionForTheWorld ======
              MuBrem : Emin=    0 eV  Emax=  100 TeV

muPairProd:  for mu-  SubType=4
      dE/dx and range tables from 100 eV  to 100 TeV in 84 bins
      Lambda tables from threshold to 100 TeV, 7 bins/decade, spline: 1
      Sampling table 21x1001 from 1 GeV to 100 TeV 
      ===== EM models for the G4Region  DefaultRegionForTheWorld ======
          muPairProd : Emin=    0 eV  Emax=  100 TeV

CoulombScat:  for mu-, integral:1  SubType=1 BuildTable=1
      Used Lambda table of mu+
      ThetaMin(p) < Theta(degree) < 180 pLimit(GeV^1)= 0.139531
      ===== EM models for the G4Region  DefaultRegionForTheWorld ======
  eCoulombScattering : Emin=    0 eV  Emax=  100 TeV

msc:  for pi+  SubType= 10
      RangeFactor= 0.2, stepLimType: 0, latDisp: 0
      ===== EM models for the G4Region  DefaultRegionForTheWorld ======
        WentzelVIUni : Emin=    0 eV  Emax=  100 TeV Nbins=84 100 eV  - 100 TeV

hIoni:  for pi+  SubType=2
      dE/dx and range tables from 100 eV  to 100 TeV in 84 bins
      Lambda tables from threshold to 100 TeV, 7 bins/decade, spline: 1
      StepFunction=(0.2, 0.1 mm), integ: 1, fluct: 1, linLossLim= 0.01
      ===== EM models for the G4Region  DefaultRegionForTheWorld ======
               Bragg : Emin=    0 eV  Emax=297.505 keV
          BetheBloch : Emin=297.505 keV Emax=  100 TeV

hBrems:  for pi+  SubType=3
      dE/dx and range tables from 100 eV  to 100 TeV in 84 bins
      Lambda tables from threshold to 100 TeV, 7 bins/decade, spline: 1
      ===== EM models for the G4Region  DefaultRegionForTheWorld ======
               hBrem : Emin=    0 eV  Emax=  100 TeV

hPairProd:  for pi+  SubType=4
      dE/dx and range tables from 100 eV  to 100 TeV in 84 bins
      Lambda tables from threshold to 100 TeV, 7 bins/decade, spline: 1
      Sampling table 20x1001 from 1.11656 GeV to 100 TeV 
      ===== EM models for the G4Region  DefaultRegionForTheWorld ======
           hPairProd : Emin=    0 eV  Emax=  100 TeV

CoulombScat:  for pi+, integral:1  SubType=1 BuildTable=1
      Lambda table from threshold  to 100 TeV, 7 bins/decade, spline: 1
      ThetaMin(p) < Theta(degree) < 180 pLimit(GeV^1)= 0.139531
      ===== EM models for the G4Region  DefaultRegionForTheWorld ======
  eCoulombScattering : Emin=    0 eV  Emax=  100 TeV

msc:  for pi-  SubType= 10
      RangeFactor= 0.2, stepLimType: 0, latDisp: 0
      ===== EM models for the G4Region  DefaultRegionForTheWorld ======
        WentzelVIUni : Emin=    0 eV  Emax=  100 TeV Nbins=84 100 eV  - 100 TeV

hIoni:  for pi-  SubType=2
      dE/dx and range tables from 100 eV  to 100 TeV in 84 bins
      Lambda tables from threshold to 100 TeV, 7 bins/decade, spline: 1
      StepFunction=(0.2, 0.1 mm), integ: 1, fluct: 1, linLossLim= 0.01
      ===== EM models for the G4Region  DefaultRegionForTheWorld ======
            ICRU73QO : Emin=    0 eV  Emax=297.505 keV
          BetheBloch : Emin=297.505 keV Emax=  100 TeV

hBrems:  for pi-  SubType=3
      dE/dx and range tables from 100 eV  to 100 TeV in 84 bins
      Lambda tables from threshold to 100 TeV, 7 bins/decade, spline: 1
      ===== EM models for the G4Region  DefaultRegionForTheWorld ======
               hBrem : Emin=    0 eV  Emax=  100 TeV

hPairProd:  for pi-  SubType=4
      dE/dx and range tables from 100 eV  to 100 TeV in 84 bins
      Lambda tables from threshold to 100 TeV, 7 bins/decade, spline: 1
      Sampling table 20x1001 from 1.11656 GeV to 100 TeV 
      ===== EM models for the G4Region  DefaultRegionForTheWorld ======
           hPairProd : Emin=    0 eV  Emax=  100 TeV

CoulombScat:  for pi-, integral:1  SubType=1 BuildTable=1
      Used Lambda table of pi+
      ThetaMin(p) < Theta(degree) < 180 pLimit(GeV^1)= 0.139531
      ===== EM models for the G4Region  DefaultRegionForTheWorld ======
  eCoulombScattering : Emin=    0 eV  Emax=  100 TeV

====================================================================
                  HADRONIC PROCESSES SUMMARY (verbose level 1)

---------------------------------------------------
                           Hadronic Processes for neutron

  Process: hadElastic
        Model:             hElasticCHIPS: 0 eV  ---> 100 TeV
     Cr_sctns:        G4NeutronElasticXS: 0 eV  ---> 100 TeV

  Process: neutronInelastic
        Model:                      FTFP: 3 GeV ---> 100 TeV
        Model:            BertiniCascade: 1 GeV ---> 6 GeV
        Model:            Binary Cascade: 0 eV  ---> 1.5 GeV
     Cr_sctns:      G4NeutronInelasticXS: 0 eV  ---> 100 TeV

  Process: nCapture
        Model:               nRadCapture: 0 eV  ---> 100 TeV
     Cr_sctns:        G4NeutronCaptureXS: 0 eV  ---> 100 TeV

  Process: nKiller

---------------------------------------------------
                           Hadronic Processes for GenericIon

  Process: ionInelastic
        Model:  Binary Light Ion Cascade: 0 eV /n ---> 6 GeV/n
        Model:                      FTFP: 3 GeV/n ---> 100 TeV/n
     Cr_sctns:  Glauber-Gribov Nucl-nucl: 0 eV  ---> 100 TeV

  Process: ionElastic
        Model:          NNDiffuseElastic: 0 eV /n ---> 100 TeV/n
     Cr_sctns:  Glauber-Gribov Nucl-nucl: 0 eV  ---> 100 TeV

---------------------------------------------------
                           Hadronic Processes for He3

  Process: hadElastic
        Model:              hElasticLHEP: 0 eV /n ---> 100 TeV/n
     Cr_sctns:  Glauber-Gribov Nucl-nucl: 0 eV  ---> 25.6 PeV

  Process: He3Inelastic
        Model:  Binary Light Ion Cascade: 0 eV /n ---> 6 GeV/n
        Model:                      FTFP: 3 GeV/n ---> 100 TeV/n
     Cr_sctns:     G4ParticleInelasticXS: 0 eV  ---> 100 TeV

---------------------------------------------------
                           Hadronic Processes for alpha

  Process: hadElastic
        Model:              hElasticLHEP: 0 eV /n ---> 100 TeV/n
     Cr_sctns:  Glauber-Gribov Nucl-nucl: 0 eV  ---> 25.6 PeV

  Process: alphaInelastic
        Model:  Binary Light Ion Cascade: 0 eV /n ---> 6 GeV/n
        Model:                      FTFP: 3 GeV/n ---> 100 TeV/n
     Cr_sctns:     G4ParticleInelasticXS: 0 eV  ---> 100 TeV

---------------------------------------------------
                           Hadronic Processes for anti_He3

  Process: hadElastic
        Model:              hElasticLHEP: 0 eV /n ---> 100.1 MeV/n
        Model:              AntiAElastic: 100 MeV/n ---> 100 TeV/n
     Cr_sctns:              AntiAGlauber: 0 eV  ---> 25.6 PeV

  Process: anti_He3Inelastic
        Model:                      FTFP: 0 eV /n ---> 100 TeV/n
     Cr_sctns:              AntiAGlauber: 0 eV  ---> 25.6 PeV

  Process: hFritiofCaptureAtRest

---------------------------------------------------
                           Hadronic Processes for anti_alpha

  Process: hadElastic
        Model:              hElasticLHEP: 0 eV /n ---> 100.1 MeV/n
        Model:              AntiAElastic: 100 MeV/n ---> 100 TeV/n
     Cr_sctns:              AntiAGlauber: 0 eV  ---> 25.6 PeV

  Process: anti_alphaInelastic
        Model:                      FTFP: 0 eV /n ---> 100 TeV/n
     Cr_sctns:              AntiAGlauber: 0 eV  ---> 25.6 PeV

  Process: hFritiofCaptureAtRest

---------------------------------------------------
                           Hadronic Processes for anti_deuteron

  Process: hadElastic
        Model:              hElasticLHEP: 0 eV /n ---> 100.1 MeV/n
        Model:              AntiAElastic: 100 MeV/n ---> 100 TeV/n
     Cr_sctns:              AntiAGlauber: 0 eV  ---> 25.6 PeV

  Process: anti_deuteronInelastic
        Model:                      FTFP: 0 eV /n ---> 100 TeV/n
     Cr_sctns:              AntiAGlauber: 0 eV  ---> 25.6 PeV

  Process: hFritiofCaptureAtRest

---------------------------------------------------
                           Hadronic Processes for anti_neutron

  Process: hadElastic
        Model:              hElasticLHEP: 0 eV  ---> 100.1 MeV
        Model:              AntiAElastic: 100 MeV ---> 100 TeV
     Cr_sctns:              AntiAGlauber: 0 eV  ---> 25.6 PeV

  Process: anti_neutronInelastic
        Model:                      FTFP: 0 eV  ---> 100 TeV
     Cr_sctns:              AntiAGlauber: 0 eV  ---> 25.6 PeV

  Process: hFritiofCaptureAtRest

---------------------------------------------------
                           Hadronic Processes for anti_proton

  Process: hadElastic
        Model:              hElasticLHEP: 0 eV  ---> 100.1 MeV
        Model:              AntiAElastic: 100 MeV ---> 100 TeV
     Cr_sctns:              AntiAGlauber: 0 eV  ---> 25.6 PeV

  Process: anti_protonInelastic
        Model:                      FTFP: 0 eV  ---> 100 TeV
     Cr_sctns:              AntiAGlauber: 0 eV  ---> 25.6 PeV

  Process: hFritiofCaptureAtRest

---------------------------------------------------
                           Hadronic Processes for anti_triton

  Process: hadElastic
        Model:              hElasticLHEP: 0 eV /n ---> 100.1 MeV/n
        Model:              AntiAElastic: 100 MeV/n ---> 100 TeV/n
     Cr_sctns:              AntiAGlauber: 0 eV  ---> 25.6 PeV

  Process: anti_tritonInelastic
        Model:                      FTFP: 0 eV /n ---> 100 TeV/n
     Cr_sctns:              AntiAGlauber: 0 eV  ---> 25.6 PeV

  Process: hFritiofCaptureAtRest

---------------------------------------------------
                           Hadronic Processes for deuteron

  Process: hadElastic
        Model:              hElasticLHEP: 0 eV /n ---> 100 TeV/n
     Cr_sctns:  Glauber-Gribov Nucl-nucl: 0 eV  ---> 25.6 PeV

  Process: dInelastic
        Model:  Binary Light Ion Cascade: 0 eV /n ---> 6 GeV/n
        Model:                      FTFP: 3 GeV/n ---> 100 TeV/n
     Cr_sctns:     G4ParticleInelasticXS: 0 eV  ---> 100 TeV

---------------------------------------------------
                           Hadronic Processes for e+

  Process: electronNuclear
        Model:   G4ElectroVDNuclearModel: 0 eV  ---> 1 PeV
     Cr_sctns:          ElectroNuclearXS: 0 eV  ---> 100 TeV

---------------------------------------------------
                           Hadronic Processes for e-

  Process: electronNuclear
        Model:   G4ElectroVDNuclearModel: 0 eV  ---> 1 PeV
     Cr_sctns:          ElectroNuclearXS: 0 eV  ---> 100 TeV

---------------------------------------------------
                           Hadronic Processes for gamma

  Process: photonNuclear
        Model:               GammaNPreco: 0 eV  ---> 200 MeV
        Model:            BertiniCascade: 199 MeV ---> 6 GeV
        Model:           TheoFSGenerator: 3 GeV ---> 100 TeV
     Cr_sctns:            PhotoNuclearXS: 0 eV  ---> 100 TeV

---------------------------------------------------
                           Hadronic Processes for kaon+

  Process: hadElastic
        Model:              hElasticLHEP: 0 eV  ---> 100 TeV
     Cr_sctns:            Glauber-Gribov: 0 eV  ---> 100 TeV

  Process: kaon+Inelastic
        Model:                      FTFP: 3 GeV ---> 100 TeV
        Model:            BertiniCascade: 0 eV  ---> 6 GeV
     Cr_sctns:            Glauber-Gribov: 0 eV  ---> 100 TeV

---------------------------------------------------
                           Hadronic Processes for kaon-

  Process: hadElastic
        Model:              hElasticLHEP: 0 eV  ---> 100 TeV
     Cr_sctns:            Glauber-Gribov: 0 eV  ---> 100 TeV

  Process: kaon-Inelastic
        Model:                      FTFP: 3 GeV ---> 100 TeV
        Model:            BertiniCascade: 0 eV  ---> 6 GeV
     Cr_sctns:            Glauber-Gribov: 0 eV  ---> 100 TeV

  Process: hBertiniCaptureAtRest

---------------------------------------------------
                           Hadronic Processes for lambda

  Process: hadElastic
        Model:              hElasticLHEP: 0 eV  ---> 100 TeV
     Cr_sctns:            Glauber-Gribov: 0 eV  ---> 100 TeV

  Process: lambdaInelastic
        Model:                      FTFP: 3 GeV ---> 100 TeV
        Model:            BertiniCascade: 0 eV  ---> 6 GeV
     Cr_sctns:            Glauber-Gribov: 0 eV  ---> 100 TeV

---------------------------------------------------
                           Hadronic Processes for mu+

  Process: muonNuclear
        Model:      G4MuonVDNuclearModel: 0 eV  ---> 1 PeV
     Cr_sctns:     KokoulinMuonNuclearXS: 0 eV  ---> 100 TeV

---------------------------------------------------
                           Hadronic Processes for mu-

  Process: muonNuclear
        Model:      G4MuonVDNuclearModel: 0 eV  ---> 1 PeV
     Cr_sctns:     KokoulinMuonNuclearXS: 0 eV  ---> 100 TeV

  Process: muMinusCaptureAtRest

---------------------------------------------------
                           Hadronic Processes for pi+

  Process: hadElastic
        Model:           hElasticGlauber: 0 eV  ---> 100 TeV
     Cr_sctns:  BarashenkovGlauberGribov: 0 eV  ---> 100 TeV

  Process: pi+Inelastic
        Model:                      FTFP: 3 GeV ---> 100 TeV
        Model:            BertiniCascade: 0 eV  ---> 6 GeV
     Cr_sctns:  BarashenkovGlauberGribov: 0 eV  ---> 100 TeV

---------------------------------------------------
                           Hadronic Processes for pi-

  Process: hadElastic
        Model:           hElasticGlauber: 0 eV  ---> 100 TeV
     Cr_sctns:  BarashenkovGlauberGribov: 0 eV  ---> 100 TeV

  Process: pi-Inelastic
        Model:                      FTFP: 3 GeV ---> 100 TeV
        Model:            BertiniCascade: 0 eV  ---> 6 GeV
     Cr_sctns:  BarashenkovGlauberGribov: 0 eV  ---> 100 TeV

  Process: hBertiniCaptureAtRest

---------------------------------------------------
                           Hadronic Processes for proton

  Process: hadElastic
        Model:             hElasticCHIPS: 0 eV  ---> 100 TeV
     Cr_sctns:  BarashenkovGlauberGribov: 0 eV  ---> 100 TeV

  Process: protonInelastic
        Model:                      FTFP: 3 GeV ---> 100 TeV
        Model:            BertiniCascade: 1 GeV ---> 6 GeV
        Model:            Binary Cascade: 0 eV  ---> 1.5 GeV
     Cr_sctns:     G4ParticleInelasticXS: 0 eV  ---> 100 TeV

---------------------------------------------------
                           Hadronic Processes for sigma-

  Process: hadElastic
        Model:              hElasticLHEP: 0 eV  ---> 100 TeV
     Cr_sctns:            Glauber-Gribov: 0 eV  ---> 100 TeV

  Process: sigma-Inelastic
        Model:                      FTFP: 3 GeV ---> 100 TeV
        Model:            BertiniCascade: 0 eV  ---> 6 GeV
     Cr_sctns:            Glauber-Gribov: 0 eV  ---> 100 TeV

  Process: hBertiniCaptureAtRest

---------------------------------------------------
                           Hadronic Processes for triton

  Process: hadElastic
        Model:              hElasticLHEP: 0 eV /n ---> 100 TeV/n
     Cr_sctns:  Glauber-Gribov Nucl-nucl: 0 eV  ---> 25.6 PeV

  Process: tInelastic
        Model:  Binary Light Ion Cascade: 0 eV /n ---> 6 GeV/n
        Model:                      FTFP: 3 GeV/n ---> 100 TeV/n
     Cr_sctns:     G4ParticleInelasticXS: 0 eV  ---> 100 TeV

================================================================
=======================================================================
======       Pre-compound/De-excitation Physics Parameters     ========
=======================================================================
Type of pre-compound inverse x-section              3
Pre-compound model active                           1
Pre-compound excitation low energy (MeV)            0.1
Pre-compound excitation high energy (MeV)           30
Type of de-excitation inverse x-section             3
Type of de-excitation factory                       Evaporation+GEM
Number of de-excitation channels                    68
Min excitation energy (keV)                         0.01
Min energy per nucleon for multifragmentation (MeV) 2e+05
Limit excitation energy for Fermi BreakUp (MeV)     20
Level density (1/MeV)                               0.075
Use simple level density model                      1
Use discrete excitation energy of the residual      0
Time limit for long lived isomeres (ns)             1000
Isomer production flag                              1
Internal e- conversion flag                         1
Store e- internal conversion data                   0
Electron internal conversion ID                     2
Correlated gamma emission flag                      0
Max 2J for sampling of angular correlations         10
Upload data before 1st event for                Z < 9
=======================================================================
G4VisManager: Using G4TrajectoryDrawByCharge as fallback trajectory model.
See commands in /vis/modeling/trajectories/ for other options.
### Run 0 start.

---> Begin of event: 0

---> Begin of event: 100

---> Begin of event: 200

---> Begin of event: 300

---> Begin of event: 400

---> Begin of event: 500

---> Begin of event: 600

---> Begin of event: 700

---> Begin of event: 800

---> Begin of event: 900

G4ConvergenceTester Output Result of DOSE_TALLY
       EFFICIENCY =         0.183
             MEAN =   4.51187e-14
              VAR =   1.62192e-26
               SD =   1.27355e-13
                R =     0.0892602
            SHIFT =   1.81003e-13
              VOV =    0.00872467
              FOM =       2091.86
THE LARGEST SCORE =   5.45677e-13 and it happened at 548th event
    Affected Mean =   4.56188e-14 and its ratio to original is 1.01108
     Affected VAR =   1.64533e-26 and its ratio to original is 1.01443
       Affected R =     0.0888721 and its ratio to original is 0.995652
   Affected SHIFT =   1.81308e-13 and its ratio to original is 1.00168
     Affected FOM =       2091.86 and its ratio to original is 1
MEAN distribution is  RANDOM
r follows 1/std::sqrt(N)
r is monotonically decrease 
r is less than 0.1. r = 0.0892602
VOV follows 1/std::sqrt(N)
VOV is monotonically decrease 
FOM distribution is not RANDOM
Number of non zero history too small to calculate SLOPE
This result passes 6 / 8 Convergence Test.


G4ConvergenceTester Output History of DOSE_TALLY
i/16 till_ith      mean          var           sd            r          vov          fom        shift            e        r2eff        r2int
   1    62  5.69479e-14  1.89462e-26  1.37645e-13     0.304518     0.104968      179.731  1.64797e-13     0.222222    0.0555556    0.0357037
   2   124  5.87962e-14  2.02755e-26  1.42392e-13     0.216612    0.0459599       355.21  1.63432e-13        0.208    0.0304615    0.0160837
   3   187  5.18731e-14  1.88947e-26  1.37458e-13     0.193263    0.0386885      446.223  1.78758e-13     0.191489    0.0224586    0.0146933
   4   249  5.71229e-14  2.08688e-26   1.4446e-13     0.159944    0.0261199      651.494  1.77164e-13          0.2        0.016   0.00947988
   5   312  5.35407e-14   1.9449e-26   1.3946e-13     0.147229    0.0229338      768.887  1.79066e-13     0.191693    0.0134718   0.00813531
   6   374  4.95449e-14  1.82308e-26  1.35022e-13     0.140731    0.0209222      841.533  1.82063e-13     0.186667     0.011619   0.00813325
   7   437  5.17856e-14  1.87494e-26  1.36929e-13     0.126342    0.0167059      1044.13   1.7796e-13     0.194064    0.0094816   0.00644426
   8   499   4.9677e-14  1.79468e-26  1.33966e-13     0.120602    0.0153676      1145.89  1.78511e-13        0.188    0.0086383   0.00587739
   9   562   4.7757e-14  1.72812e-26  1.31458e-13      0.11601    0.0143126      1238.39  1.79434e-13     0.182948   0.00793254    0.0055019
  10   624  4.90168e-14   1.7609e-26  1.32699e-13     0.108288    0.0126029       1421.3  1.78721e-13       0.1888   0.00687458   0.00483305
  11   687  5.01267e-14  1.80129e-26  1.34212e-13     0.102077     0.011144      1599.53  1.78415e-13     0.196221   0.00595392   0.00445067
  12   749  4.87848e-14  1.73539e-26  1.31734e-13    0.0986014    0.0105946      1714.28  1.78062e-13        0.196   0.00546939   0.00423989
  13   812  4.77853e-14  1.71614e-26  1.31002e-13    0.0961473    0.0099899      1802.91  1.79434e-13     0.190652    0.0052216   0.00401134
  14   874  4.71515e-14  1.69692e-26  1.30266e-13    0.0933968   0.00944027      1910.66  1.80087e-13     0.189714   0.00488124   0.00383176
  15   937  4.55234e-14  1.63593e-26  1.27903e-13    0.0917373   0.00920023      1980.42  1.80741e-13     0.184435   0.00471425   0.00369252
  16   999  4.51187e-14  1.62192e-26  1.27355e-13    0.0892602   0.00872467      2091.86  1.81003e-13        0.183   0.00446448   0.00349494

--------------------End of Global Run-----------------------
 The run consists of 1000 gamma of 6 MeV
 Dose in scoring volume : 45.1187 picoGy  +- 4.02529 picoGy 
------------------------------------------------------------

### Run 1 start.

---> Begin of event: 0

---> Begin of event: 100

---> Begin of event: 200

---> Begin of event: 300

---> Begin of event: 400

---> Begin of event: 500

---> Begin of event: 600

---> Begin of event: 700

---> Begin of event: 800

---> Begin of event: 900

G4ConvergenceTester Output Result of DOSE_TALLY
       EFFICIENCY =         0.635
             MEAN =   5.14496e-12
              VAR =   2.13357e-23
               SD =   4.61906e-12
                R =     0.0283904
            SHIFT =  -9.70653e-14
              VOV =   0.000164761
              FOM =       1159.51
THE LARGEST SCORE =   1.07769e-11 and it happened at 790th event
    Affected Mean =   5.15058e-12 and its ratio to original is 1.00109
     Affected VAR =    2.1346e-23 and its ratio to original is 1.00049
       Affected R =     0.0283521 and its ratio to original is 0.998651
   Affected SHIFT =  -1.01172e-13 and its ratio to original is 1.04231
     Affected FOM =       1159.51 and its ratio to original is 1
MEAN distribution is not RANDOM
r follows 1/std::sqrt(N)
r is monotonically decrease 
r is less than 0.1. r = 0.0283904
VOV follows 1/std::sqrt(N)
VOV is monotonically decrease 
FOM distribution is not RANDOM
SLOPE is not large enough
This result passes 5 / 8 Convergence Test.


G4ConvergenceTester Output History of DOSE_TALLY
i/16 till_ith      mean          var           sd            r          vov          fom        shift            e        r2eff        r2int
   1    62  4.06696e-12  2.08244e-23  4.56337e-12     0.141366   0.00497919      46.7654  8.68644e-13      0.52381      0.01443   0.00523719
   2   124  4.69201e-12  2.16925e-23  4.65752e-12    0.0887853   0.00126154      118.559  3.17884e-13        0.584   0.00569863   0.00212114
   3   187  4.90719e-12  2.13484e-23  4.62043e-12    0.0686706  0.000848507      198.187  1.32292e-13      0.62766   0.00315543   0.00153514
   4   249  4.93084e-12   2.1369e-23  4.62266e-12    0.0592927  0.000645691      265.836  1.00732e-13        0.628   0.00236943   0.00113214
   5   312  5.11497e-12  2.14231e-23  4.62851e-12    0.0511477  0.000515882      357.243 -6.28894e-14     0.642173   0.00178024  0.000827492
   6   374  5.08663e-12  2.13819e-23  4.62406e-12    0.0469437   0.00043953      424.094 -2.73376e-14         0.64       0.0015  0.000697834
   7   437  5.10279e-12  2.15696e-23   4.6443e-12    0.0434886  0.000350757      494.157 -4.99938e-14     0.639269   0.00128832   0.00059862
   8   499  5.11133e-12  2.16605e-23  4.65409e-12    0.0407207  0.000299299      563.618 -6.94908e-14         0.63    0.0011746  0.000480258
   9   562   5.0492e-12  2.14282e-23  4.62906e-12    0.0386381  0.000282423      626.015 -1.62212e-14     0.628774   0.00104866  0.000441592
  10   624  5.11934e-12  2.14353e-23  4.62983e-12    0.0361752  0.000258651      714.158 -7.84205e-14        0.632  0.000931646  0.000374905
  11   687  5.16249e-12  2.13357e-23  4.61906e-12    0.0341115   0.00024384      803.184 -1.18682e-13     0.638081  0.000824416  0.000337485
  12   749  5.19529e-12  2.13729e-23  4.62309e-12    0.0324931  0.000221215      885.183 -1.48593e-13     0.641333  0.000745669  0.000308728
  13   812  5.18032e-12  2.12478e-23  4.60954e-12    0.0312073  0.000208488      959.633 -1.30774e-13     0.643296  0.000682034  0.000290661
  14   874  5.14851e-12   2.1225e-23  4.60706e-12    0.0302509   0.00019327      1021.27 -1.00706e-13         0.64  0.000642857  0.000271213
  15   937  5.14102e-12  2.12664e-23  4.61155e-12    0.0292884  0.000177807      1089.49 -9.28526e-14     0.637527  0.000606143  0.000250754
  16   999  5.14496e-12  2.13357e-23  4.61906e-12    0.0283904  0.000164761      1159.51 -9.70653e-14        0.635  0.000574803  0.000230406

--------------------End of Global Run-----------------------
 The run consists of 1000 proton of 210 MeV
 Dose in scoring volume : 5.14496 nanoGy  +- 145.994 picoGy 
------------------------------------------------------------

Graphics systems deleted.
Visualization Manager deleting...
