**********************************************
 Geant4 version $Name: not supported by cvs2svn $
                                  (07-Dec-99)
             Copyright : Geant4 Collaboration
**********************************************
Start Run processing.
=====================================
  G4EventManager::ProcessOneEvent()  
=====================================
1 primaries are passed from G4EventTransformer.
!!!!!!! Now start processing an event !!!!!!!
### pop requested out of 1 stacked tracks.

*********************************************************************************************************
* G4Track Information:   Particle = geantino,   Track ID = 1,   Parent ID = 0
*********************************************************************************************************

Step#    X(mm)    Y(mm)    Z(mm) KinE(MeV)  dE(MeV) StepLeng TrackLeng  NextVolume ProcName
    0   -2e+03        0        0     1e+03        0        0         0     expHall initStep
    1 -1.6e+03        0        0     1e+03        0      400       400     tracker Transportation
    2     -400        0        0     1e+03        0  1.2e+03   1.6e+03     expHall Transportation
    3        0        0        0     1e+03        0      400     2e+03   caloBlock Transportation
    4       90        0        0     1e+03        0       90  2.09e+03   caloLayer Transportation
    5      110        0        0     1e+03        0       20  2.11e+03   caloBlock Transportation
    6      190        0        0     1e+03        0       80  2.19e+03   caloLayer Transportation
    7      210        0        0     1e+03        0       20  2.21e+03   caloBlock Transportation
    8      290        0        0     1e+03        0       80  2.29e+03   caloLayer Transportation
    9      310        0        0     1e+03        0       20  2.31e+03   caloBlock Transportation
   10      390        0        0     1e+03        0       80  2.39e+03   caloLayer Transportation
   11      410        0        0     1e+03        0       20  2.41e+03   caloBlock Transportation
   12      490        0        0     1e+03        0       80  2.49e+03   caloLayer Transportation
   13      510        0        0     1e+03        0       20  2.51e+03   caloBlock Transportation
   14      590        0        0     1e+03        0       80  2.59e+03   caloLayer Transportation
   15      610        0        0     1e+03        0       20  2.61e+03   caloBlock Transportation
   16      690        0        0     1e+03        0       80  2.69e+03   caloLayer Transportation
   17      710        0        0     1e+03        0       20  2.71e+03   caloBlock Transportation
   18      790        0        0     1e+03        0       80  2.79e+03   caloLayer Transportation
   19      810        0        0     1e+03        0       20  2.81e+03   caloBlock Transportation
   20      890        0        0     1e+03        0       80  2.89e+03   caloLayer Transportation
   21      910        0        0     1e+03        0       20  2.91e+03   caloBlock Transportation
   22      990        0        0     1e+03        0       80  2.99e+03   caloLayer Transportation
   23 1.01e+03        0        0     1e+03        0       20  3.01e+03   caloBlock Transportation
   24 1.09e+03        0        0     1e+03        0       80  3.09e+03   caloLayer Transportation
   25 1.11e+03        0        0     1e+03        0       20  3.11e+03   caloBlock Transportation
   26 1.19e+03        0        0     1e+03        0       80  3.19e+03   caloLayer Transportation
   27 1.21e+03        0        0     1e+03        0       20  3.21e+03   caloBlock Transportation
   28 1.29e+03        0        0     1e+03        0       80  3.29e+03   caloLayer Transportation
   29 1.31e+03        0        0     1e+03        0       20  3.31e+03   caloBlock Transportation
   30 1.39e+03        0        0     1e+03        0       80  3.39e+03   caloLayer Transportation
   31 1.41e+03        0        0     1e+03        0       20  3.41e+03   caloBlock Transportation
   32 1.49e+03        0        0     1e+03        0       80  3.49e+03   caloLayer Transportation
   33 1.51e+03        0        0     1e+03        0       20  3.51e+03   caloBlock Transportation
   34 1.59e+03        0        0     1e+03        0       80  3.59e+03   caloLayer Transportation
   35 1.61e+03        0        0     1e+03        0       20  3.61e+03   caloBlock Transportation
   36 1.69e+03        0        0     1e+03        0       80  3.69e+03   caloLayer Transportation
   37 1.71e+03        0        0     1e+03        0       20  3.71e+03   caloBlock Transportation
   38 1.79e+03        0        0     1e+03        0       80  3.79e+03   caloLayer Transportation
   39 1.81e+03        0        0     1e+03        0       20  3.81e+03   caloBlock Transportation
   40 1.89e+03        0        0     1e+03        0       80  3.89e+03   caloLayer Transportation
   41 1.91e+03        0        0     1e+03        0       20  3.91e+03   caloBlock Transportation
   42    2e+03        0        0     1e+03        0       90     4e+03     expHall Transportation
   43    3e+03        0        0     1e+03        0    1e+03     5e+03  OutOfWorld Transportation
Track (trackID 1, parentID 0) is processed with stopping code 2
### pop requested out of 0 stacked tracks.
### 0 waiting tracks are re-classified to
     0 urgent tracks and 0 waiting tracks.
NULL returned from G4StackManager.
Terminate current event processing.
=====================================
  G4EventManager::ProcessOneEvent()  
=====================================
1 primaries are passed from G4EventTransformer.
!!!!!!! Now start processing an event !!!!!!!
### pop requested out of 1 stacked tracks.

*********************************************************************************************************
* G4Track Information:   Particle = geantino,   Track ID = 1,   Parent ID = 0
*********************************************************************************************************

Step#    X(mm)    Y(mm)    Z(mm) KinE(MeV)  dE(MeV) StepLeng TrackLeng  NextVolume ProcName
    0   -2e+03        0        0     1e+03        0        0         0     expHall initStep
    1 -1.6e+03     40.1        0     1e+03        0      403       403     tracker Transportation
    2     -421      158        0     1e+03        0 1.18e+03  1.59e+03     expHall Transportation
    3        0      200        0     1e+03        0      423  2.01e+03   caloBlock Transportation
    4       90      209        0     1e+03        0     90.4   2.1e+03   caloLayer Transportation
    5      110      211        0     1e+03        0     20.1  2.12e+03   caloBlock Transportation
    6      190      219        0     1e+03        0     80.4   2.2e+03   caloLayer Transportation
    7      210      221        0     1e+03        0     20.1  2.22e+03   caloBlock Transportation
    8      290      229        0     1e+03        0     80.4   2.3e+03   caloLayer Transportation
    9      310      231        0     1e+03        0     20.1  2.32e+03   caloBlock Transportation
   10      390      239        0     1e+03        0     80.4   2.4e+03   caloLayer Transportation
   11      410      241        0     1e+03        0     20.1  2.42e+03   caloBlock Transportation
   12      490      249        0     1e+03        0     80.4   2.5e+03   caloLayer Transportation
   13      510      251        0     1e+03        0     20.1  2.52e+03   caloBlock Transportation
   14      590      259        0     1e+03        0     80.4   2.6e+03   caloLayer Transportation
   15      610      261        0     1e+03        0     20.1  2.62e+03   caloBlock Transportation
   16      690      269        0     1e+03        0     80.4   2.7e+03   caloLayer Transportation
   17      710      271        0     1e+03        0     20.1  2.72e+03   caloBlock Transportation
   18      790      279        0     1e+03        0     80.4   2.8e+03   caloLayer Transportation
   19      810      281        0     1e+03        0     20.1  2.82e+03   caloBlock Transportation
   20      890      289        0     1e+03        0     80.4   2.9e+03   caloLayer Transportation
   21      910      291        0     1e+03        0     20.1  2.92e+03   caloBlock Transportation
   22      990      299        0     1e+03        0     80.4     3e+03   caloLayer Transportation
   23 1.01e+03      301        0     1e+03        0     20.1  3.03e+03   caloBlock Transportation
   24 1.09e+03      309        0     1e+03        0     80.4  3.11e+03   caloLayer Transportation
   25 1.11e+03      311        0     1e+03        0     20.1  3.13e+03   caloBlock Transportation
   26 1.19e+03      319        0     1e+03        0     80.4  3.21e+03   caloLayer Transportation
   27 1.21e+03      321        0     1e+03        0     20.1  3.23e+03   caloBlock Transportation
   28 1.29e+03      329        0     1e+03        0     80.4  3.31e+03   caloLayer Transportation
   29 1.31e+03      331        0     1e+03        0     20.1  3.33e+03   caloBlock Transportation
   30 1.39e+03      339        0     1e+03        0     80.4  3.41e+03   caloLayer Transportation
   31 1.41e+03      341        0     1e+03        0     20.1  3.43e+03   caloBlock Transportation
   32 1.49e+03      349        0     1e+03        0     80.4  3.51e+03   caloLayer Transportation
   33 1.51e+03      351        0     1e+03        0     20.1  3.53e+03   caloBlock Transportation
   34 1.59e+03      359        0     1e+03        0     80.4  3.61e+03   caloLayer Transportation
   35 1.61e+03      361        0     1e+03        0     20.1  3.63e+03   caloBlock Transportation
   36 1.69e+03      369        0     1e+03        0     80.4  3.71e+03   caloLayer Transportation
   37 1.71e+03      371        0     1e+03        0     20.1  3.73e+03   caloBlock Transportation
   38 1.79e+03      379        0     1e+03        0     80.4  3.81e+03   caloLayer Transportation
   39 1.81e+03      381        0     1e+03        0     20.1  3.83e+03   caloBlock Transportation
   40 1.89e+03      389        0     1e+03        0     80.4  3.91e+03   caloLayer Transportation
   41 1.91e+03      391        0     1e+03        0     20.1  3.93e+03   caloBlock Transportation
   42    2e+03      400        0     1e+03        0     90.4  4.02e+03     expHall Transportation
   43    3e+03      500        0     1e+03        0    1e+03  5.02e+03  OutOfWorld Transportation
Track (trackID 1, parentID 0) is processed with stopping code 2
### pop requested out of 0 stacked tracks.
### 0 waiting tracks are re-classified to
     0 urgent tracks and 0 waiting tracks.
NULL returned from G4StackManager.
Terminate current event processing.
=====================================
  G4EventManager::ProcessOneEvent()  
=====================================
1 primaries are passed from G4EventTransformer.
!!!!!!! Now start processing an event !!!!!!!
### pop requested out of 1 stacked tracks.

*********************************************************************************************************
* G4Track Information:   Particle = geantino,   Track ID = 1,   Parent ID = 0
*********************************************************************************************************

Step#    X(mm)    Y(mm)    Z(mm) KinE(MeV)  dE(MeV) StepLeng TrackLeng  NextVolume ProcName
    0   -2e+03        0        0     1e+03        0        0         0     expHall initStep
    1 -1.6e+03        0       40     1e+03        0      402       402     tracker Transportation
    2     -400        0      160     1e+03        0 1.21e+03  1.61e+03     expHall Transportation
    3        0        0      200     1e+03        0      402  2.01e+03   caloBlock Transportation
    4       90        0      209     1e+03        0     90.4   2.1e+03   caloLayer Transportation
    5      110        0      211     1e+03        0     20.1  2.12e+03   caloBlock Transportation
    6      190        0      219     1e+03        0     80.4   2.2e+03   caloLayer Transportation
    7      210        0      221     1e+03        0     20.1  2.22e+03   caloBlock Transportation
    8      290        0      229     1e+03        0     80.4   2.3e+03   caloLayer Transportation
    9      310        0      231     1e+03        0     20.1  2.32e+03   caloBlock Transportation
   10      390        0      239     1e+03        0     80.4   2.4e+03   caloLayer Transportation
   11      410        0      241     1e+03        0     20.1  2.42e+03   caloBlock Transportation
   12      490        0      249     1e+03        0     80.4   2.5e+03   caloLayer Transportation
   13      510        0      251     1e+03        0     20.1  2.52e+03   caloBlock Transportation
   14      590        0      259     1e+03        0     80.4   2.6e+03   caloLayer Transportation
   15      610        0      261     1e+03        0     20.1  2.62e+03   caloBlock Transportation
   16      690        0      269     1e+03        0     80.4   2.7e+03   caloLayer Transportation
   17      710        0      271     1e+03        0     20.1  2.72e+03   caloBlock Transportation
   18      790        0      279     1e+03        0     80.4   2.8e+03   caloLayer Transportation
   19      810        0      281     1e+03        0     20.1  2.82e+03   caloBlock Transportation
   20      890        0      289     1e+03        0     80.4   2.9e+03   caloLayer Transportation
   21      910        0      291     1e+03        0     20.1  2.92e+03   caloBlock Transportation
   22      990        0      299     1e+03        0     80.4     3e+03   caloLayer Transportation
   23 1.01e+03        0      301     1e+03        0     20.1  3.03e+03   caloBlock Transportation
   24 1.09e+03        0      309     1e+03        0     80.4  3.11e+03   caloLayer Transportation
   25 1.11e+03        0      311     1e+03        0     20.1  3.13e+03   caloBlock Transportation
   26 1.19e+03        0      319     1e+03        0     80.4  3.21e+03   caloLayer Transportation
   27 1.21e+03        0      321     1e+03        0     20.1  3.23e+03   caloBlock Transportation
   28 1.29e+03        0      329     1e+03        0     80.4  3.31e+03   caloLayer Transportation
   29 1.31e+03        0      331     1e+03        0     20.1  3.33e+03   caloBlock Transportation
   30 1.39e+03        0      339     1e+03        0     80.4  3.41e+03   caloLayer Transportation
   31 1.41e+03        0      341     1e+03        0     20.1  3.43e+03   caloBlock Transportation
   32 1.49e+03        0      349     1e+03        0     80.4  3.51e+03   caloLayer Transportation
   33 1.51e+03        0      351     1e+03        0     20.1  3.53e+03   caloBlock Transportation
   34 1.59e+03        0      359     1e+03        0     80.4  3.61e+03   caloLayer Transportation
   35 1.61e+03        0      361     1e+03        0     20.1  3.63e+03   caloBlock Transportation
   36 1.69e+03        0      369     1e+03        0     80.4  3.71e+03   caloLayer Transportation
   37 1.71e+03        0      371     1e+03        0     20.1  3.73e+03   caloBlock Transportation
   38 1.79e+03        0      379     1e+03        0     80.4  3.81e+03   caloLayer Transportation
   39 1.81e+03        0      381     1e+03        0     20.1  3.83e+03   caloBlock Transportation
   40 1.89e+03        0      389     1e+03        0     80.4  3.91e+03   caloLayer Transportation
   41 1.91e+03        0      391     1e+03        0     20.1  3.93e+03   caloBlock Transportation
   42    2e+03        0      400     1e+03        0     90.4  4.02e+03     expHall Transportation
   43    3e+03        0      500     1e+03        0    1e+03  5.02e+03  OutOfWorld Transportation
Track (trackID 1, parentID 0) is processed with stopping code 2
### pop requested out of 0 stacked tracks.
### 0 waiting tracks are re-classified to
     0 urgent tracks and 0 waiting tracks.
NULL returned from G4StackManager.
Terminate current event processing.
Run terminated.
Run Summary
  Number of events processed : 3
  User=0.09s Real=0.35s Sys=0.02s
G4 kernel has come to Quit state.
