
        ############################################
        !!! WARNING - FPE detection is activated !!!
        ############################################
+++ G4StackManager uses G4SmartTrackStack. +++

*************************************************************
 Geant4 version Name: geant4-09-05-ref-10    (2-November-2012)
                      Copyright : Geant4 Collaboration
                      Reference : NIM A 506 (2003), 250-303
                            WWW : http://cern.ch/geant4
*************************************************************


***** Table : Nb of materials = 14 *****

 Material: Aluminium    density:  2.700 g/cm3   RadL:   8.893 cm      Nucl.Int.Length:  38.860 cm      Imean: 166.000 eV 
   --->  Element: Aluminium ( )   Z = 13.0   N =  27.0   A =  26.98 g/mole
         --->  Isotope:    27   Z = 13   N =  27   A =  26.98 g/mole   abundance: 100.00 %
          ElmMassFraction: 100.00 %  ElmAbundance 100.00 % 


 Material: liquidArgon    density:  1.390 g/cm3   RadL:  14.065 cm      Nucl.Int.Length:  86.006 cm      Imean: 188.000 eV 
   --->  Element: liquidArgon ( )   Z = 18.0   N =  40.0   A =  39.95 g/mole
         --->  Isotope:    36   Z = 18   N =  36   A =  35.97 g/mole   abundance:   0.34 %
         --->  Isotope:    38   Z = 18   N =  38   A =  37.96 g/mole   abundance:   0.06 %
         --->  Isotope:    40   Z = 18   N =  40   A =  39.96 g/mole   abundance:  99.60 %
          ElmMassFraction: 100.00 %  ElmAbundance 100.00 % 


 Material:     Lead    density: 11.350 g/cm3   RadL:   5.612 mm      Nucl.Int.Length:  18.258 cm      Imean: 823.000 eV 
   --->  Element: Lead ( )   Z = 82.0   N = 207.2   A = 207.19 g/mole
         --->  Isotope:   204   Z = 82   N = 204   A = 203.97 g/mole   abundance:   1.40 %
         --->  Isotope:   206   Z = 82   N = 206   A = 205.97 g/mole   abundance:  24.10 %
         --->  Isotope:   207   Z = 82   N = 207   A = 206.98 g/mole   abundance:  22.10 %
         --->  Isotope:   208   Z = 82   N = 208   A = 207.98 g/mole   abundance:  52.40 %
          ElmMassFraction: 100.00 %  ElmAbundance 100.00 % 


 Material:    Water    density:  1.000 g/cm3   RadL:  36.092 cm      Nucl.Int.Length:  75.537 cm      Imean:  75.000 eV 
   --->  Element: Hydrogen (H)   Z =  1.0   N =   1.0   A =   1.01 g/mole
         --->  Isotope:    H1   Z =  1   N =   1   A =   1.01 g/mole   abundance:  99.99 %
         --->  Isotope:    H2   Z =  1   N =   2   A =   2.01 g/mole   abundance:   0.01 %
          ElmMassFraction:  11.21 %  ElmAbundance  66.67 % 

   --->  Element: Oxygen (O)   Z =  8.0   N =  16.0   A =  16.00 g/mole
         --->  Isotope:   O16   Z =  8   N =  16   A =  15.99 g/mole   abundance:  99.76 %
         --->  Isotope:   O17   Z =  8   N =  17   A =  17.00 g/mole   abundance:   0.04 %
         --->  Isotope:   O18   Z =  8   N =  18   A =  18.00 g/mole   abundance:   0.20 %
          ElmMassFraction:  88.79 %  ElmAbundance  33.33 % 


 Material: Scintillator    density:  1.032 g/cm3   RadL:  42.549 cm      Nucl.Int.Length:  70.109 cm      Imean:  64.684 eV 
   --->  Element: Carbon (C)   Z =  6.0   N =  12.0   A =  12.01 g/mole
         --->  Isotope:   C12   Z =  6   N =  12   A =  12.00 g/mole   abundance:  98.93 %
         --->  Isotope:   C13   Z =  6   N =  13   A =  13.00 g/mole   abundance:   1.07 %
          ElmMassFraction:  91.45 %  ElmAbundance  47.37 % 

   --->  Element: Hydrogen (H)   Z =  1.0   N =   1.0   A =   1.01 g/mole
         --->  Isotope:    H1   Z =  1   N =   1   A =   1.01 g/mole   abundance:  99.99 %
         --->  Isotope:    H2   Z =  1   N =   2   A =   2.01 g/mole   abundance:   0.01 %
          ElmMassFraction:   8.55 %  ElmAbundance  52.63 % 


 Material:    Mylar    density:  1.397 g/cm3   RadL:  28.599 cm      Nucl.Int.Length:  56.108 cm      Imean:  75.967 eV 
   --->  Element: Carbon (C)   Z =  6.0   N =  12.0   A =  12.01 g/mole
         --->  Isotope:   C12   Z =  6   N =  12   A =  12.00 g/mole   abundance:  98.93 %
         --->  Isotope:   C13   Z =  6   N =  13   A =  13.00 g/mole   abundance:   1.07 %
          ElmMassFraction:  62.49 %  ElmAbundance  45.45 % 

   --->  Element: Hydrogen (H)   Z =  1.0   N =   1.0   A =   1.01 g/mole
         --->  Isotope:    H1   Z =  1   N =   1   A =   1.01 g/mole   abundance:  99.99 %
         --->  Isotope:    H2   Z =  1   N =   2   A =   2.01 g/mole   abundance:   0.01 %
          ElmMassFraction:   4.20 %  ElmAbundance  36.36 % 

   --->  Element: Oxygen (O)   Z =  8.0   N =  16.0   A =  16.00 g/mole
         --->  Isotope:   O16   Z =  8   N =  16   A =  15.99 g/mole   abundance:  99.76 %
         --->  Isotope:   O17   Z =  8   N =  17   A =  17.00 g/mole   abundance:   0.04 %
         --->  Isotope:   O18   Z =  8   N =  18   A =  18.00 g/mole   abundance:   0.20 %
          ElmMassFraction:  33.30 %  ElmAbundance  18.18 % 


 Material:   quartz    density:  2.200 g/cm3   RadL:  12.295 cm      Nucl.Int.Length:  43.612 cm      Imean: 125.663 eV 
   --->  Element: Silicon (Si)   Z = 14.0   N =  28.1   A =  28.09 g/mole
         --->  Isotope:  Si28   Z = 14   N =  28   A =  27.98 g/mole   abundance:  92.23 %
         --->  Isotope:  Si29   Z = 14   N =  29   A =  28.98 g/mole   abundance:   4.68 %
         --->  Isotope:  Si30   Z = 14   N =  30   A =  29.97 g/mole   abundance:   3.09 %
          ElmMassFraction:  46.75 %  ElmAbundance  33.33 % 

   --->  Element: Oxygen (O)   Z =  8.0   N =  16.0   A =  16.00 g/mole
         --->  Isotope:   O16   Z =  8   N =  16   A =  15.99 g/mole   abundance:  99.76 %
         --->  Isotope:   O17   Z =  8   N =  17   A =  17.00 g/mole   abundance:   0.04 %
         --->  Isotope:   O18   Z =  8   N =  18   A =  18.00 g/mole   abundance:   0.20 %
          ElmMassFraction:  53.25 %  ElmAbundance  66.67 % 


 Material:      Air    density:  1.290 mg/cm3  RadL: 285.161 m       Nucl.Int.Length: 662.904 m       Imean:  85.703 eV   temperature: 273.15 K  pressure:   1.00 atm
   --->  Element: Nitrogen (N)   Z =  7.0   N =  14.0   A =  14.01 g/mole
         --->  Isotope:   N14   Z =  7   N =  14   A =  14.00 g/mole   abundance:  99.63 %
         --->  Isotope:   N15   Z =  7   N =  15   A =  15.00 g/mole   abundance:   0.37 %
          ElmMassFraction:  70.00 %  ElmAbundance  72.71 % 

   --->  Element: Oxygen (O)   Z =  8.0   N =  16.0   A =  16.00 g/mole
         --->  Isotope:   O16   Z =  8   N =  16   A =  15.99 g/mole   abundance:  99.76 %
         --->  Isotope:   O17   Z =  8   N =  17   A =  17.00 g/mole   abundance:   0.04 %
         --->  Isotope:   O18   Z =  8   N =  18   A =  18.00 g/mole   abundance:   0.20 %
          ElmMassFraction:  30.00 %  ElmAbundance  27.29 % 


 Material:  Aerogel    density: 200.000 mg/cm3  RadL:   1.493 m       Nucl.Int.Length:   4.356 m       Imean:  98.882 eV 
   --->  Element: Silicon (Si)   Z = 14.0   N =  28.1   A =  28.09 g/mole
         --->  Isotope:  Si28   Z = 14   N =  28   A =  27.98 g/mole   abundance:  92.23 %
         --->  Isotope:  Si29   Z = 14   N =  29   A =  28.98 g/mole   abundance:   4.68 %
         --->  Isotope:  Si30   Z = 14   N =  30   A =  29.97 g/mole   abundance:   3.09 %
          ElmMassFraction:  29.22 %  ElmAbundance  11.12 % 

   --->  Element: Oxygen (O)   Z =  8.0   N =  16.0   A =  16.00 g/mole
         --->  Isotope:   O16   Z =  8   N =  16   A =  15.99 g/mole   abundance:  99.76 %
         --->  Isotope:   O17   Z =  8   N =  17   A =  17.00 g/mole   abundance:   0.04 %
         --->  Isotope:   O18   Z =  8   N =  18   A =  18.00 g/mole   abundance:   0.20 %
          ElmMassFraction:  66.49 %  ElmAbundance  44.42 % 

   --->  Element: Hydrogen (H)   Z =  1.0   N =   1.0   A =   1.01 g/mole
         --->  Isotope:    H1   Z =  1   N =   1   A =   1.01 g/mole   abundance:  99.99 %
         --->  Isotope:    H2   Z =  1   N =   2   A =   2.01 g/mole   abundance:   0.01 %
          ElmMassFraction:   4.19 %  ElmAbundance  44.37 % 

   --->  Element: Carbon (C)   Z =  6.0   N =  12.0   A =  12.01 g/mole
         --->  Isotope:   C12   Z =  6   N =  12   A =  12.00 g/mole   abundance:  98.93 %
         --->  Isotope:   C13   Z =  6   N =  13   A =  13.00 g/mole   abundance:   1.07 %
          ElmMassFraction:   0.10 %  ElmAbundance   0.09 % 


 Material: CarbonicGas    density:  1.842 mg/cm3  RadL: 196.501 m       Nucl.Int.Length: 466.112 m       Imean:  90.958 eV   temperature: 325.00 K  pressure:  50.00 atm
   --->  Element: Carbon (C)   Z =  6.0   N =  12.0   A =  12.01 g/mole
         --->  Isotope:   C12   Z =  6   N =  12   A =  12.00 g/mole   abundance:  98.93 %
         --->  Isotope:   C13   Z =  6   N =  13   A =  13.00 g/mole   abundance:   1.07 %
          ElmMassFraction:  27.29 %  ElmAbundance  33.33 % 

   --->  Element: Oxygen (O)   Z =  8.0   N =  16.0   A =  16.00 g/mole
         --->  Isotope:   O16   Z =  8   N =  16   A =  15.99 g/mole   abundance:  99.76 %
         --->  Isotope:   O17   Z =  8   N =  17   A =  17.00 g/mole   abundance:   0.04 %
         --->  Isotope:   O18   Z =  8   N =  18   A =  18.00 g/mole   abundance:   0.20 %
          ElmMassFraction:  72.71 %  ElmAbundance  66.67 % 


 Material: WaterSteam    density:  0.300 kg/m3   RadL:   1.203 km      Nucl.Int.Length:   2.518 km      Imean:  68.998 eV   temperature: 500.00 K  pressure:   2.00 atm
   --->  Element: Hydrogen (H)   Z =  1.0   N =   1.0   A =   1.01 g/mole
         --->  Isotope:    H1   Z =  1   N =   1   A =   1.01 g/mole   abundance:  99.99 %
         --->  Isotope:    H2   Z =  1   N =   2   A =   2.01 g/mole   abundance:   0.01 %
          ElmMassFraction:  11.21 %  ElmAbundance  66.67 % 

   --->  Element: Oxygen (O)   Z =  8.0   N =  16.0   A =  16.00 g/mole
         --->  Isotope:   O16   Z =  8   N =  16   A =  15.99 g/mole   abundance:  99.76 %
         --->  Isotope:   O17   Z =  8   N =  17   A =  17.00 g/mole   abundance:   0.04 %
         --->  Isotope:   O18   Z =  8   N =  18   A =  18.00 g/mole   abundance:   0.20 %
          ElmMassFraction:  88.79 %  ElmAbundance  33.33 % 


 Material: Galactic    density:  0.000 kg/m3   RadL: 204727512.315 parsec  Nucl.Int.Length: 114561548.020 parsec  Imean:  19.200 eV   temperature:   2.73 K  pressure:   0.00 atm
   --->  Element: Galactic ( )   Z =  1.0   N =   1.0   A =   1.01 g/mole
         --->  Isotope:     1   Z =  1   N =   1   A =   1.01 g/mole   abundance:  99.99 %
         --->  Isotope:     2   Z =  1   N =   2   A =   2.01 g/mole   abundance:   0.01 %
          ElmMassFraction: 100.00 %  ElmAbundance 100.00 % 


 Material:     Beam    density:  0.010 kg/m3   RadL:  36.786 km      Nucl.Int.Length:  85.515 km      Imean:  85.703 eV   temperature: 273.15 K  pressure:   0.02 atm
   --->  Element: Nitrogen (N)   Z =  7.0   N =  14.0   A =  14.01 g/mole
         --->  Isotope:   N14   Z =  7   N =  14   A =  14.00 g/mole   abundance:  99.63 %
         --->  Isotope:   N15   Z =  7   N =  15   A =  15.00 g/mole   abundance:   0.37 %
          ElmMassFraction:  70.00 %  ElmAbundance  72.71 % 

   --->  Element: Oxygen (O)   Z =  8.0   N =  16.0   A =  16.00 g/mole
         --->  Isotope:   O16   Z =  8   N =  16   A =  15.99 g/mole   abundance:  99.76 %
         --->  Isotope:   O17   Z =  8   N =  17   A =  17.00 g/mole   abundance:   0.04 %
         --->  Isotope:   O18   Z =  8   N =  18   A =  18.00 g/mole   abundance:   0.20 %
          ElmMassFraction:  30.00 %  ElmAbundance  27.29 % 


 Material: G4_SODIUM_IODIDE    density:  3.667 g/cm3   RadL:   2.588 cm      Nucl.Int.Length:  42.894 cm      Imean: 452.000 eV 
   --->  Element: Na (Na)   Z = 11.0   N =  23.0   A =  22.99 g/mole
         --->  Isotope:  Na23   Z = 11   N =  23   A =  22.99 g/mole   abundance: 100.00 %
          ElmMassFraction:  15.34 %  ElmAbundance  50.00 % 

   --->  Element: I (I)   Z = 53.0   N = 127.0   A = 126.90 g/mole
         --->  Isotope:  I127   Z = 53   N = 127   A = 126.90 g/mole   abundance: 100.00 %
          ElmMassFraction:  84.66 %  ElmAbundance  50.00 % 




------------------------------------------------------------
---> The calorimeter is 10 layers of: [ 10mm of Lead + 5mm of liquidArgon ] 
------------------------------------------------------------
PhysicsList::SetCuts:CutLength : 1 mm    
Visualization Manager instantiating with verbosity "warnings (3)"...
Visualization Manager initialising...
Registering graphics systems...

You have successfully registered the following graphics systems.
Current available graphics systems are:
  ASCIITree (ATree)
  DAWNFILE (DAWNFILE)
  G4HepRep (HepRepXML)
  G4HepRepFile (HepRepFile)
  OpenGLImmediateQt (OGLI, OGLIQt)
  OpenGLImmediateX (OGLIX)
  OpenGLImmediateXm (OGLIXm, OGLI_FALLBACK, OGLIQt_FALLBACK)
  OpenGLStoredQt (OGL, OGLS, OGLSQt)
  OpenGLStoredX (OGLSX)
  OpenGLStoredXm (OGLSXm, OGL_FALLBACK, OGLS_FALLBACK, OGLSQt_FALLBACK)
  RayTracer (RayTracer)
  RayTracerX (RayTracerX)
  VRML1FILE (VRML1FILE)
  VRML2FILE (VRML2FILE)
  gMocrenFile (gMocrenFile)

Registering model factories...

You have successfully registered the following model factories.
Registered model factories:
  generic
  drawByCharge
  drawByParticleID
  drawByOriginVolume
  drawByAttribute

Registered filter factories:
  chargeFilter
  particleFilter
  originVolumeFilter
  attributeFilter

You have successfully registered the following user vis actions.
Run Duration User Vis Actions: none
End of Event User Vis Actions: none
End of Run User Vis Actions: none

Some /vis commands (optionally) take a string to specify colour.
Available colours:
  black, blue, brown, cyan, gray, green, grey, magenta, red, white, yellow

/run/verbose 2
# e+ 300MeV
#/gun/particle e+
#/gun/energy 300 MeV
#/run/beamOn 1
#
# list the existing physics processes
/process/list
     Transportation,                msc,              hIoni,            ionIoni
              eIoni,              eBrem,            annihil,               phot
              compt,               conv,              muMsc,             muIoni
            muBrems,         muPairProd,             hBrems,          hPairProd
              Decay
#
# switch off MultipleScattering
#/process/inactivate msc
#/run/beamOn 1
#
# switch on MultipleScattering
#/process/activate msc
#
# change detector parameter
/N03/det/setAbsMat Aluminium
/N03/det/setGapMat Aerogel
/N03/det/setAbsThick 2. cm
/N03/det/setGapThick 5. cm
/N03/det/setNbOfLayers 30
/N03/det/setSizeYZ 1.5 m
/N03/det/update

------------------------------------------------------------
---> The calorimeter is 30 layers of: [ 20mm of Aluminium + 50mm of Aerogel ] 
------------------------------------------------------------
Obsolete world logical volume is removed from the default region.
World is registered to the default region.
#
/gun/particle gamma
/gun/energy 500 MeV
/N03/event/printModulo 1024
#/run/beamOn 1024
/run/beamOn 4096

phot:   for  gamma    SubType= 12
      LambdaPrime table from 200 keV to 10 TeV in 54 bins 
      ===== EM models for the G4Region  DefaultRegionForTheWorld ======
       PhotoElectric :  Emin=        0 eV    Emax=       10 TeV   AngularGenSauterGavrila

compt:   for  gamma    SubType= 13
      Lambda table from 100 eV  to 1 MeV in 28 bins, spline: 1
      LambdaPrime table from 1 MeV to 10 TeV in 49 bins 
      ===== EM models for the G4Region  DefaultRegionForTheWorld ======
       Klein-Nishina :  Emin=        0 eV    Emax=       10 TeV

conv:   for  gamma    SubType= 14
      Lambda table from 1.022 MeV to 10 TeV in 49 bins, spline: 1
      ===== EM models for the G4Region  DefaultRegionForTheWorld ======
        BetheHeitler :  Emin=        0 eV    Emax=       80 GeV
     BetheHeitlerLPM :  Emin=       80 GeV   Emax=       10 TeV

msc:   for e-    SubType= 10
      RangeFactor= 0.04, stepLimitType: 1, latDisplacement: 1
      ===== EM models for the G4Region  DefaultRegionForTheWorld ======
          UrbanMsc95 :  Emin=        0 eV    Emax=       10 TeV  Table with 77 bins Emin=    100 eV    Emax=     10 TeV

eIoni:   for  e-    SubType= 2
      dE/dx and range tables from 100 eV  to 10 TeV in 77 bins
      Lambda tables from threshold to 10 TeV in 77 bins, spline: 1
      finalRange(mm)= 1, dRoverRange= 0.2, integral: 1, fluct: 1, linLossLimit= 0.01
      ===== EM models for the G4Region  DefaultRegionForTheWorld ======
        MollerBhabha :  Emin=        0 eV    Emax=       10 TeV

eBrem:   for  e-    SubType= 3
      dE/dx and range tables from 100 eV  to 10 TeV in 77 bins
      Lambda tables from threshold to 10 TeV in 77 bins, spline: 1
      LPM flag: 1 for E > 1 GeV
      ===== EM models for the G4Region  DefaultRegionForTheWorld ======
             eBremSB :  Emin=        0 eV    Emax=        1 GeV   DipBustGen
            eBremLPM :  Emin=        1 GeV   Emax=       10 TeV   DipBustGen

msc:   for e+    SubType= 10
      RangeFactor= 0.04, stepLimitType: 1, latDisplacement: 1
      ===== EM models for the G4Region  DefaultRegionForTheWorld ======
          UrbanMsc95 :  Emin=        0 eV    Emax=       10 TeV  Table with 77 bins Emin=    100 eV    Emax=     10 TeV

eIoni:   for  e+    SubType= 2
      dE/dx and range tables from 100 eV  to 10 TeV in 77 bins
      Lambda tables from threshold to 10 TeV in 77 bins, spline: 1
      finalRange(mm)= 1, dRoverRange= 0.2, integral: 1, fluct: 1, linLossLimit= 0.01
      ===== EM models for the G4Region  DefaultRegionForTheWorld ======
        MollerBhabha :  Emin=        0 eV    Emax=       10 TeV

eBrem:   for  e+    SubType= 3
      dE/dx and range tables from 100 eV  to 10 TeV in 77 bins
      Lambda tables from threshold to 10 TeV in 77 bins, spline: 1
      LPM flag: 1 for E > 1 GeV
      ===== EM models for the G4Region  DefaultRegionForTheWorld ======
             eBremSB :  Emin=        0 eV    Emax=        1 GeV   DipBustGen
            eBremLPM :  Emin=        1 GeV   Emax=       10 TeV   DipBustGen

annihil:   for  e+    SubType= 5
      ===== EM models for the G4Region  DefaultRegionForTheWorld ======
            eplus2gg :  Emin=        0 eV    Emax=       10 TeV

msc:   for proton    SubType= 10
      RangeFactor= 0.2, stepLimitType: 0, latDisplacement: 1
      ===== EM models for the G4Region  DefaultRegionForTheWorld ======
          UrbanMsc95 :  Emin=        0 eV    Emax=       10 TeV  Table with 77 bins Emin=    100 eV    Emax=     10 TeV

hIoni:   for  proton    SubType= 2
      dE/dx and range tables from 100 eV  to 10 TeV in 77 bins
      Lambda tables from threshold to 10 TeV in 77 bins, spline: 1
      finalRange(mm)= 0.1, dRoverRange= 0.2, integral: 1, fluct: 1, linLossLimit= 0.01
      ===== EM models for the G4Region  DefaultRegionForTheWorld ======
               Bragg :  Emin=        0 eV    Emax=        2 MeV
          BetheBloch :  Emin=        2 MeV   Emax=       10 TeV

hBrems:   for  proton    SubType= 3
      dE/dx and range tables from 100 eV  to 10 TeV in 77 bins
      Lambda tables from threshold to 10 TeV in 77 bins, spline: 1
      ===== EM models for the G4Region  DefaultRegionForTheWorld ======
               hBrem :  Emin=        0 eV    Emax=       10 TeV

hPairProd:   for  proton    SubType= 4
      dE/dx and range tables from 100 eV  to 10 TeV in 77 bins
      Lambda tables from threshold to 10 TeV in 77 bins, spline: 1
      ===== EM models for the G4Region  DefaultRegionForTheWorld ======
           hPairProd :  Emin=        0 eV    Emax=       10 TeV

msc:   for GenericIon    SubType= 10
      RangeFactor= 0.2, stepLimitType: 0, latDisplacement: 0
      ===== EM models for the G4Region  DefaultRegionForTheWorld ======
          UrbanMsc95 :  Emin=        0 eV    Emax=       10 TeV  Table with 77 bins Emin=    100 eV    Emax=     10 TeV

ionIoni:   for  GenericIon    SubType= 2
      dE/dx and range tables from 100 eV  to 10 TeV in 77 bins
      Lambda tables from threshold to 10 TeV in 77 bins, spline: 1
      finalRange(mm)= 0.01, dRoverRange= 0.1, integral: 1, fluct: 1, linLossLimit= 0.02
      Stopping Power data for 17 ion/material pairs 
      ===== EM models for the G4Region  DefaultRegionForTheWorld ======
            BraggIon :  Emin=        0 eV    Emax=        2 MeV
          BetheBloch :  Emin=        2 MeV   Emax=       10 TeV

msc:   for alpha    SubType= 10
      RangeFactor= 0.2, stepLimitType: 0, latDisplacement: 1
      ===== EM models for the G4Region  DefaultRegionForTheWorld ======
          UrbanMsc95 :  Emin=        0 eV    Emax=       10 TeV  Table with 77 bins Emin=    100 eV    Emax=     10 TeV

ionIoni:   for  alpha    SubType= 2
      dE/dx and range tables from 100 eV  to 10 TeV in 77 bins
      Lambda tables from threshold to 10 TeV in 77 bins, spline: 1
      finalRange(mm)= 0.01, dRoverRange= 0.1, integral: 1, fluct: 1, linLossLimit= 0.02
      ===== EM models for the G4Region  DefaultRegionForTheWorld ======
            BraggIon :  Emin=        0 eV    Emax=   7.9452 MeV
          BetheBloch :  Emin=   7.9452 MeV   Emax=       10 TeV

msc:   for anti_proton    SubType= 10
      RangeFactor= 0.2, stepLimitType: 0, latDisplacement: 1
      ===== EM models for the G4Region  DefaultRegionForTheWorld ======
          UrbanMsc95 :  Emin=        0 eV    Emax=       10 TeV  Table with 77 bins Emin=    100 eV    Emax=     10 TeV

hIoni:   for  anti_proton    SubType= 2
      dE/dx and range tables from 100 eV  to 10 TeV in 77 bins
      Lambda tables from threshold to 10 TeV in 77 bins, spline: 1
      finalRange(mm)= 0.1, dRoverRange= 0.2, integral: 1, fluct: 1, linLossLimit= 0.01
      ===== EM models for the G4Region  DefaultRegionForTheWorld ======
            ICRU73QO :  Emin=        0 eV    Emax=        2 MeV
          BetheBloch :  Emin=        2 MeV   Emax=       10 TeV

msc:   for kaon+    SubType= 10
      RangeFactor= 0.2, stepLimitType: 0, latDisplacement: 1
      ===== EM models for the G4Region  DefaultRegionForTheWorld ======
          UrbanMsc95 :  Emin=        0 eV    Emax=       10 TeV  Table with 77 bins Emin=    100 eV    Emax=     10 TeV

hIoni:   for  kaon+    SubType= 2
      dE/dx and range tables from 100 eV  to 10 TeV in 77 bins
      Lambda tables from threshold to 10 TeV in 77 bins, spline: 1
      finalRange(mm)= 0.1, dRoverRange= 0.2, integral: 1, fluct: 1, linLossLimit= 0.01
      ===== EM models for the G4Region  DefaultRegionForTheWorld ======
               Bragg :  Emin=        0 eV    Emax=  1.05231 MeV
          BetheBloch :  Emin=  1.05231 MeV   Emax=       10 TeV

msc:   for kaon-    SubType= 10
      RangeFactor= 0.2, stepLimitType: 0, latDisplacement: 1
      ===== EM models for the G4Region  DefaultRegionForTheWorld ======
          UrbanMsc95 :  Emin=        0 eV    Emax=       10 TeV  Table with 77 bins Emin=    100 eV    Emax=     10 TeV

hIoni:   for  kaon-    SubType= 2
      dE/dx and range tables from 100 eV  to 10 TeV in 77 bins
      Lambda tables from threshold to 10 TeV in 77 bins, spline: 1
      finalRange(mm)= 0.1, dRoverRange= 0.2, integral: 1, fluct: 1, linLossLimit= 0.01
      ===== EM models for the G4Region  DefaultRegionForTheWorld ======
            ICRU73QO :  Emin=        0 eV    Emax=  1.05231 MeV
          BetheBloch :  Emin=  1.05231 MeV   Emax=       10 TeV

muMsc:   for mu+    SubType= 10
      RangeFactor= 0.2, step limit type: 0, lateralDisplacement: 1, polarAngleLimit(deg)= 0
      ===== EM models for the G4Region  DefaultRegionForTheWorld ======
          UrbanMsc95 :  Emin=        0 eV    Emax=       10 TeV  Table with 77 bins Emin=    100 eV    Emax=     10 TeV

muIoni:   for  mu+    SubType= 2
      dE/dx and range tables from 100 eV  to 10 TeV in 77 bins
      Lambda tables from threshold to 10 TeV in 77 bins, spline: 1
      finalRange(mm)= 1, dRoverRange= 0.2, integral: 1, fluct: 1, linLossLimit= 0.01
      ===== EM models for the G4Region  DefaultRegionForTheWorld ======
               Bragg :  Emin=        0 eV    Emax=      200 keV
          BetheBloch :  Emin=      200 keV   Emax=        1 GeV
        MuBetheBloch :  Emin=        1 GeV   Emax=       10 TeV

muBrems:   for  mu+    SubType= 3
      dE/dx and range tables from 100 eV  to 10 TeV in 77 bins
      Lambda tables from threshold to 10 TeV in 77 bins, spline: 1
      ===== EM models for the G4Region  DefaultRegionForTheWorld ======
              MuBrem :  Emin=        0 eV    Emax=       10 TeV

muPairProd:   for  mu+    SubType= 4
      dE/dx and range tables from 100 eV  to 10 TeV in 77 bins
      Lambda tables from threshold to 10 TeV in 77 bins, spline: 1
      ===== EM models for the G4Region  DefaultRegionForTheWorld ======
          muPairProd :  Emin=        0 eV    Emax=       10 TeV

muMsc:   for mu-    SubType= 10
      RangeFactor= 0.2, step limit type: 0, lateralDisplacement: 1, polarAngleLimit(deg)= 0
      ===== EM models for the G4Region  DefaultRegionForTheWorld ======
          UrbanMsc95 :  Emin=        0 eV    Emax=       10 TeV  Table with 77 bins Emin=    100 eV    Emax=     10 TeV

muIoni:   for  mu-    SubType= 2
      dE/dx and range tables from 100 eV  to 10 TeV in 77 bins
      Lambda tables from threshold to 10 TeV in 77 bins, spline: 1
      finalRange(mm)= 1, dRoverRange= 0.2, integral: 1, fluct: 1, linLossLimit= 0.01
      ===== EM models for the G4Region  DefaultRegionForTheWorld ======
            ICRU73QO :  Emin=        0 eV    Emax=      200 keV
          BetheBloch :  Emin=      200 keV   Emax=        1 GeV
        MuBetheBloch :  Emin=        1 GeV   Emax=       10 TeV

muBrems:   for  mu-    SubType= 3
      dE/dx and range tables from 100 eV  to 10 TeV in 77 bins
      Lambda tables from threshold to 10 TeV in 77 bins, spline: 1
      ===== EM models for the G4Region  DefaultRegionForTheWorld ======
              MuBrem :  Emin=        0 eV    Emax=       10 TeV

muPairProd:   for  mu-    SubType= 4
      dE/dx and range tables from 100 eV  to 10 TeV in 77 bins
      Lambda tables from threshold to 10 TeV in 77 bins, spline: 1
      ===== EM models for the G4Region  DefaultRegionForTheWorld ======
          muPairProd :  Emin=        0 eV    Emax=       10 TeV

msc:   for pi+    SubType= 10
      RangeFactor= 0.2, stepLimitType: 0, latDisplacement: 1
      ===== EM models for the G4Region  DefaultRegionForTheWorld ======
          UrbanMsc95 :  Emin=        0 eV    Emax=       10 TeV  Table with 77 bins Emin=    100 eV    Emax=     10 TeV

hIoni:   for  pi+    SubType= 2
      dE/dx and range tables from 100 eV  to 10 TeV in 77 bins
      Lambda tables from threshold to 10 TeV in 77 bins, spline: 1
      finalRange(mm)= 0.1, dRoverRange= 0.2, integral: 1, fluct: 1, linLossLimit= 0.01
      ===== EM models for the G4Region  DefaultRegionForTheWorld ======
               Bragg :  Emin=        0 eV    Emax=  297.505 keV
          BetheBloch :  Emin=  297.505 keV   Emax=       10 TeV

hBrems:   for  pi+    SubType= 3
      dE/dx and range tables from 100 eV  to 10 TeV in 77 bins
      Lambda tables from threshold to 10 TeV in 77 bins, spline: 1
      ===== EM models for the G4Region  DefaultRegionForTheWorld ======
               hBrem :  Emin=        0 eV    Emax=       10 TeV

hPairProd:   for  pi+    SubType= 4
      dE/dx and range tables from 100 eV  to 10 TeV in 77 bins
      Lambda tables from threshold to 10 TeV in 77 bins, spline: 1
      ===== EM models for the G4Region  DefaultRegionForTheWorld ======
           hPairProd :  Emin=        0 eV    Emax=       10 TeV

msc:   for pi-    SubType= 10
      RangeFactor= 0.2, stepLimitType: 0, latDisplacement: 1
      ===== EM models for the G4Region  DefaultRegionForTheWorld ======
          UrbanMsc95 :  Emin=        0 eV    Emax=       10 TeV  Table with 77 bins Emin=    100 eV    Emax=     10 TeV

hIoni:   for  pi-    SubType= 2
      dE/dx and range tables from 100 eV  to 10 TeV in 77 bins
      Lambda tables from threshold to 10 TeV in 77 bins, spline: 1
      finalRange(mm)= 0.1, dRoverRange= 0.2, integral: 1, fluct: 1, linLossLimit= 0.01
      ===== EM models for the G4Region  DefaultRegionForTheWorld ======
            ICRU73QO :  Emin=        0 eV    Emax=  297.505 keV
          BetheBloch :  Emin=  297.505 keV   Emax=       10 TeV

hBrems:   for  pi-    SubType= 3
      dE/dx and range tables from 100 eV  to 10 TeV in 77 bins
      Lambda tables from threshold to 10 TeV in 77 bins, spline: 1
      ===== EM models for the G4Region  DefaultRegionForTheWorld ======
               hBrem :  Emin=        0 eV    Emax=       10 TeV

hPairProd:   for  pi-    SubType= 4
      dE/dx and range tables from 100 eV  to 10 TeV in 77 bins
      Lambda tables from threshold to 10 TeV in 77 bins, spline: 1
      ===== EM models for the G4Region  DefaultRegionForTheWorld ======
           hPairProd :  Emin=        0 eV    Emax=       10 TeV

Region <DefaultRegionForTheWorld> --  -- appears in <World> world volume
 This region is in the mass world.
 Root logical volume(s) : World 
 Pointers : G4VUserRegionInformation[0], G4UserLimits[0], G4FastSimulationManager[0], G4UserSteppingAction[0]
 Materials : Galactic Aluminium Aerogel 
 Production cuts :   gamma 1 mm         e- 1 mm         e+ 1 mm     proton 1 mm    

Region <DefaultRegionForParallelWorld> --  -- is not associated to any world.
 Root logical volume(s) : 
 Pointers : G4VUserRegionInformation[0], G4UserLimits[0], G4FastSimulationManager[0], G4UserSteppingAction[0]
 Materials : 
 Production cuts :   gamma 1 mm         e- 1 mm         e+ 1 mm     proton 1 mm    

========= Table of registered couples ==============================

Index : 0     used in the geometry : Yes     recalculation needed : No 
 Material : Galactic
 Range cuts        :  gamma  1 mm        e-  1 mm        e+  1 mm     proton 1 mm    
 Energy thresholds :  gamma  990 eV     e-  990 eV     e+  990 eV  proton 100 keV
 Region(s) which use this couple : 
    DefaultRegionForTheWorld

Index : 1     used in the geometry : Yes     recalculation needed : No 
 Material : Aluminium
 Range cuts        :  gamma  1 mm        e-  1 mm        e+  1 mm     proton 1 mm    
 Energy thresholds :  gamma  6.90363 keV    e-  598.345 keV    e+  570.85 keV proton 100 keV
 Region(s) which use this couple : 
    DefaultRegionForTheWorld

Index : 2     used in the geometry : Yes     recalculation needed : No 
 Material : Aerogel
 Range cuts        :  gamma  1 mm        e-  1 mm        e+  1 mm     proton 1 mm    
 Energy thresholds :  gamma  1.71771 keV    e-  119.266 keV    e+  116.885 keV proton 100 keV
 Region(s) which use this couple : 
    DefaultRegionForTheWorld

====================================================================

Start closing geometry.
G4GeometryManager::ReportVoxelStats -- Voxel Statistics

    Total memory consumed for geometry optimisation:   1 kByte
    Total CPU time elapsed for geometry optimisation: 0 seconds

    Voxelisation: top CPU users:
    Percent   Total CPU    System CPU       Memory  Volume
    -------   ----------   ----------     --------  ----------
       0.00         0.00         0.00            2k Calorimeter
       0.00         0.00         0.00            0k Layer

    Voxelisation: top memory users:
    Percent     Memory      Heads    Nodes   Pointers    Total CPU    Volume
    -------   --------     ------   ------   --------   ----------    ----------
      87.60          1k         1       30         30         0.00    Calorimeter
      12.40          0k         1        3          4         0.00    Layer
### Run 0 start.
Start Run processing.

---> Begin of event: 0

--------- Ranecu engine status ---------
 Initial seed (index) = 0
 Current couple of seeds = 9876, 54321
----------------------------------------
---> End of event: 0
   Absorber: total energy: 374.976 MeV       total track length: 84.8532 cm    
        Gap: total energy: 66.8813 MeV       total track length: 1.89038 m     

---> Begin of event: 1024

--------- Ranecu engine status ---------
 Initial seed (index) = 0
 Current couple of seeds = 537584854, 1344327982
----------------------------------------
---> End of event: 1024
   Absorber: total energy: 414.158 MeV       total track length: 97.1688 cm    
        Gap: total energy: 80.0216 MeV       total track length: 2.22719 m     

---> Begin of event: 2048

--------- Ranecu engine status ---------
 Initial seed (index) = 0
 Current couple of seeds = 1998082631, 1770512648
----------------------------------------
---> End of event: 2048
   Absorber: total energy: 405.392 MeV       total track length:   94.73 cm    
        Gap: total energy: 79.0509 MeV       total track length: 2.20743 m     

---> Begin of event: 3072

--------- Ranecu engine status ---------
 Initial seed (index) = 0
 Current couple of seeds = 1562597833, 29258152
----------------------------------------
---> End of event: 3072
   Absorber: total energy: 393.168 MeV       total track length: 92.3564 cm    
        Gap: total energy: 95.1955 MeV       total track length: 2.62714 m     
Run terminated.
Run Summary
  Number of events processed : 4096
  User=41.37s Real=41.68s Sys=0.03s

--------------------End of Run------------------------------

 mean Energy in Absorber : 369.579 MeV +- 60.0538 MeV
 mean Energy in Gap      : 79.4696 MeV +- 14.2623 MeV

 mean trackLength in Absorber : 87.3032 cm     +- 14.0859 cm    
 mean trackLength in Gap      : 2.19619 m      +- 39.5028 cm    
------------------------------------------------------------

EFFICIENCY = 0.994873
MEAN = 369.579
VAR = 3607.34
SD = 60.0611
R = 0.00253925
SHIFT = -91.1291
VOV = 0.0034081
FOM = 3746.18
THE LARGEST SCORE = 434.516 and it happend at 2615th event
Affected Mean = 369.595 and its ratio to orignal is 1.00004
Affected VAR = 3607.49 and its ratio to orignal is 1.00004
Affected R = 0.00253889 and its ratio to orignal is 0.999856
Affected SHIFT = -91.1177 and its ratio to orignal is 0.999874
Affected FOM = 3744.37 and its ratio to orignal is 0.999517
MEAN distribution is  RANDOM
r follows 1/std::sqrt(N)
r is monotonically decrease 
r is less than 0.1. r = 0.00253925
VOV follows 1/std::sqrt(N)
VOV is monotonically decrease 
FOM distribution is RANDOM
SLOPE is large enough
This result passes 8 / 8 Convergence Test.

i/16 till_ith  mean  var  sd  r  vov  fom  shift  e  r2eff  r2int
1 255 374.647 3241.79 56.9368 0.00949841 0.075984 4279.55 -102.51 0.992188 3.07579e-05 5.91095e-05 
2 511 370.523 3397.49 58.288 0.0069523 0.0292342 4025.13 -90.9424 0.994141 1.15115e-05 3.67286e-05 
3 767 369.772 3657.42 60.4766 0.00590165 0.0169201 3714.27 -89.3837 0.994792 6.81719e-06 2.79669e-05 
4 1023 370.164 3807.95 61.7086 0.00520956 0.0138281 3563.5 -96.4093 0.993164 6.72167e-06 2.03913e-05 
5 1279 370.732 3671.54 60.5932 0.00456835 0.0111186 3702.95 -94.1003 0.99375 4.91352e-06 1.594e-05 
6 1535 370.406 3608.73 60.0727 0.00413813 0.00912663 3757.87 -91.9108 0.994141 3.83718e-06 1.32758e-05 
7 1791 369.552 3664.96 60.5389 0.00386981 0.00746853 3685.21 -90.695 0.994978 2.81678e-06 1.21503e-05 
8 2047 370.119 3550.71 59.5878 0.00355755 0.00669545 3806.02 -90.1049 0.995117 2.39588e-06 1.02541e-05 
9 2303 370.074 3530.37 59.4169 0.00334487 0.00599422 3824.56 -89.8258 0.995226 2.08212e-06 9.10121e-06 
10 2559 369.406 3706.75 60.8831 0.00325741 0.00552614 3634.56 -93.7174 0.99375 2.45676e-06 8.14982e-06 
11 2815 369.078 3759.13 61.3117 0.00313046 0.00500711 3584.22 -94.4514 0.993963 2.15682e-06 7.63951e-06 
12 3071 369.039 3748.65 61.2262 0.00299333 0.00460002 3595.58 -94.1989 0.994141 1.91859e-06 7.03852e-06 
13 3327 369.233 3728.38 61.0605 0.00286661 0.0042465 3618.57 -93.8662 0.994291 1.72534e-06 6.48964e-06 
14 3583 369.297 3629.25 60.2433 0.00272489 0.00391763 3717.36 -91.6572 0.994699 1.48705e-06 5.93588e-06 
15 3839 369.352 3634.99 60.2909 0.00263418 0.00366766 3713.35 -91.8139 0.994531 1.43198e-06 5.50511e-06 
16 4095 369.579 3607.34 60.0611 0.00253925 0.0034081 3747.08 -91.1291 0.994873 1.25815e-06 5.18808e-06 
EFFICIENCY = 0.995117
MEAN = 79.4696
VAR = 203.464
SD = 14.2641
R = 0.00280454
SHIFT = -13.926
VOV = 0.00222586
FOM = 3070.97
THE LARGEST SCORE = 116.674 and it happend at 2206th event
Affected Mean = 79.4787 and its ratio to orignal is 1.00011
Affected VAR = 203.752 and its ratio to orignal is 1.00142
Affected R = 0.00280587 and its ratio to orignal is 1.00047
Affected SHIFT = -13.8857 and its ratio to orignal is 0.997105
Affected FOM = 3070.23 and its ratio to orignal is 0.999759
MEAN distribution is  RANDOM
r follows 1/std::sqrt(N)
r is monotonically decrease 
r is less than 0.1. r = 0.00280454
VOV follows 1/std::sqrt(N)
VOV is monotonically decrease 
FOM distribution is not RANDOM
SLOPE is large enough
This result passes 7 / 8 Convergence Test.

i/16 till_ith  mean  var  sd  r  vov  fom  shift  e  r2eff  r2int
1 255 80.2771 194.29 13.9388 0.0108521 0.0456097 3278.48 -15.5492 0.992188 3.07579e-05 8.65503e-05 
2 511 79.7246 196.362 14.0129 0.00776786 0.0187517 3224.29 -13.6735 0.994141 1.15115e-05 4.87103e-05 
3 767 79.5284 206.663 14.3758 0.00652271 0.011056 3040.64 -13.19 0.994792 6.81719e-06 3.56731e-05 
4 1023 79.4709 213.752 14.6203 0.00574906 0.0090841 2926.08 -14.7365 0.993164 6.72167e-06 2.62977e-05 
5 1279 79.5487 207.442 14.4028 0.0050607 0.00733394 3017.48 -14.6576 0.994531 4.29595e-06 2.12947e-05 
6 1535 79.3971 201.878 14.2084 0.00456609 0.00603122 3086.46 -14.1511 0.994792 3.4086e-06 1.7427e-05 
7 1791 79.4414 208.619 14.4437 0.00429498 0.00467927 2991.71 -13.1712 0.995536 2.5024e-06 1.59342e-05 
8 2047 79.6767 203.88 14.2787 0.00395997 0.00418983 3071.78 -13.1989 0.995605 2.15524e-06 1.35184e-05 
9 2303 79.6772 202.231 14.2208 0.00371834 0.00377063 3094.88 -13.1836 0.99566 1.89201e-06 1.1928e-05 
10 2559 79.5841 210.683 14.5149 0.0036047 0.00357288 2967.97 -14.2329 0.994141 2.30231e-06 1.06865e-05 
11 2815 79.4706 212.325 14.5714 0.00345524 0.0032877 2942.1 -14.5642 0.994318 2.02922e-06 9.90521e-06 
12 3071 79.4503 211.263 14.5349 0.0033007 0.0030143 2957.11 -14.4773 0.994466 1.81141e-06 9.07963e-06 
13 3327 79.4783 209.754 14.4829 0.00315874 0.0028025 2980.19 -14.5005 0.994591 1.63403e-06 8.34063e-06 
14 3583 79.5317 205.705 14.3424 0.0030123 0.00256194 3041.83 -14.044 0.994978 1.40839e-06 7.66304e-06 
15 3839 79.4774 205.206 14.325 0.00290861 0.00240505 3045.69 -14.1202 0.994792 1.36344e-06 7.09437e-06 
16 4095 79.4696 203.464 14.2641 0.00280454 0.00222586 3071.71 -13.926 0.995117 1.19794e-06 6.6656e-06 
EFFICIENCY = 0.994873
MEAN = 873.032
VAR = 19846.1
SD = 140.876
R = 0.00252132
SHIFT = -214.989
VOV = 0.00346176
FOM = 3799.66
THE LARGEST SCORE = 1022.84 and it happend at 3790th event
Affected Mean = 873.069 and its ratio to orignal is 1.00004
Affected VAR = 19846.8 and its ratio to orignal is 1.00003
Affected R = 0.00252094 and its ratio to orignal is 0.999852
Affected SHIFT = -214.964 and its ratio to orignal is 0.999883
Affected FOM = 3798.74 and its ratio to orignal is 0.999759
MEAN distribution is  RANDOM
r follows 1/std::sqrt(N)
r is monotonically decrease 
r is less than 0.1. r = 0.00252132
VOV follows 1/std::sqrt(N)
VOV is monotonically decrease 
FOM distribution is RANDOM
SLOPE is large enough
This result passes 8 / 8 Convergence Test.

i/16 till_ith  mean  var  sd  r  vov  fom  shift  e  r2eff  r2int
1 255 885.176 17978.7 134.084 0.00946736 0.0758953 4307.67 -239.454 0.992188 3.07579e-05 5.8523e-05 
2 511 875.899 18667 136.627 0.00689363 0.0296469 4093.93 -213.368 0.994141 1.15115e-05 3.59178e-05 
3 767 873.943 20106.4 141.797 0.00585468 0.0171369 3774.11 -209.771 0.994792 6.81719e-06 2.74154e-05 
4 1023 874.689 20896.5 144.556 0.00516455 0.0140813 3625.88 -227.032 0.993164 6.72167e-06 1.99249e-05 
5 1279 875.773 20172.7 142.031 0.004533 0.0113099 3760.92 -221.742 0.99375 4.91352e-06 1.56185e-05 
6 1535 874.999 19837.2 140.845 0.00410712 0.00929663 3814.82 -216.878 0.994141 3.83718e-06 1.30203e-05 
7 1791 873.037 20128.9 141.876 0.00383892 0.00759669 3744.76 -213.782 0.994978 2.81678e-06 1.19123e-05 
8 2047 874.452 19514.1 139.693 0.00352999 0.00680406 3865.68 -212.379 0.995117 2.39588e-06 1.00588e-05 
9 2303 874.159 19405.6 139.304 0.00331995 0.00608986 3882.2 -211.763 0.995226 2.08212e-06 8.93518e-06 
10 2559 872.585 20393.1 142.804 0.00323455 0.00561746 3686.13 -221.182 0.99375 2.45676e-06 8.00146e-06 
11 2815 871.761 20676.9 143.795 0.00310834 0.00509146 3635.42 -222.962 0.993963 2.15682e-06 7.50155e-06 
12 3071 871.633 20628.8 143.627 0.00297298 0.00467078 3644.97 -222.222 0.994141 1.91859e-06 6.91715e-06 
13 3327 872.168 20514.3 143.228 0.00284667 0.00431462 3669.43 -221.506 0.994291 1.72534e-06 6.37575e-06 
14 3583 872.315 19961.6 141.286 0.00270546 0.00398233 3770.95 -216.289 0.994699 1.48705e-06 5.83039e-06 
15 3839 872.485 20011.3 141.461 0.00261646 0.0037241 3763.8 -216.652 0.994531 1.43198e-06 5.41212e-06 
16 4095 873.032 19846.1 140.876 0.00252132 0.00346176 3800.58 -214.989 0.994873 1.25815e-06 5.09734e-06 
EFFICIENCY = 0.995117
MEAN = 2196.19
VAR = 156085
SD = 395.076
R = 0.00281081
SHIFT = -375.068
VOV = 0.00218726
FOM = 3057.29
THE LARGEST SCORE = 3243.2 and it happend at 1735th event
Affected Mean = 2196.44 and its ratio to orignal is 1.00012
Affected VAR = 156314 and its ratio to orignal is 1.00147
Affected R = 0.0028122 and its ratio to orignal is 1.0005
Affected SHIFT = -373.913 and its ratio to orignal is 0.996921
Affected FOM = 3056.55 and its ratio to orignal is 0.999759
MEAN distribution is  RANDOM
r follows 1/std::sqrt(N)
r is monotonically decrease 
r is less than 0.1. r = 0.00281081
VOV follows 1/std::sqrt(N)
VOV is monotonically decrease 
FOM distribution is not RANDOM
SLOPE is large enough
This result passes 7 / 8 Convergence Test.

i/16 till_ith  mean  var  sd  r  vov  fom  shift  e  r2eff  r2int
1 255 2220.4 151414 389.12 0.010953 0.0437675 3218.36 -414.01 0.992188 3.07579e-05 8.87415e-05 
2 511 2204.36 151693 389.478 0.00780845 0.0181366 3190.85 -361.332 0.994141 1.15115e-05 4.93413e-05 
3 767 2196.76 158473 398.087 0.00653903 0.0107457 3025.47 -347.953 0.994792 6.81719e-06 3.58861e-05 
4 1023 2195.04 163878 404.818 0.00576324 0.00886872 2911.7 -392.726 0.993164 6.72167e-06 2.64608e-05 
5 1279 2197.27 159432 399.29 0.00507924 0.00714041 2995.49 -391.442 0.994531 4.29595e-06 2.14826e-05 
6 1535 2192.8 155149 393.889 0.00458332 0.00587155 3063.29 -377.358 0.994792 3.4086e-06 1.75846e-05 
7 1791 2193.96 160111 400.139 0.00430837 0.00456819 2973.14 -351.433 0.995536 2.5024e-06 1.60493e-05 
8 2047 2200.67 156564 395.681 0.00397307 0.00409062 3051.55 -352.847 0.995605 2.15524e-06 1.36223e-05 
9 2303 2200.57 155176 393.924 0.00372937 0.00368728 3076.59 -352.9 0.99566 1.89201e-06 1.20102e-05 
10 2559 2198.26 161683 402.098 0.0036152 0.00349902 2950.74 -382.432 0.994141 2.30231e-06 1.07623e-05 
11 2815 2195.35 162969 403.694 0.00346523 0.00322088 2925.16 -391.803 0.994318 2.02922e-06 9.97431e-06 
12 3071 2194.83 162176 402.711 0.00331042 0.00295355 2939.77 -389.419 0.994466 1.81141e-06 9.14387e-06 
13 3327 2195.85 161080 401.347 0.0031683 0.00274802 2962.24 -390.445 0.994591 1.63403e-06 8.40107e-06 
14 3583 2197.54 157912 397.381 0.00302055 0.00251448 3025.25 -378.103 0.994978 1.40839e-06 7.71276e-06 
15 3839 2196.13 157471 396.826 0.00291592 0.00236256 3030.44 -380.298 0.994792 1.36344e-06 7.13694e-06 
16 4095 2196.19 156085 395.076 0.00281081 0.00218726 3058.03 -375.068 0.995117 1.19794e-06 6.70078e-06 
#/run/beamOn 16384
#/run/beamOn 65536
Graphics systems deleted.
Visualization Manager deleting...
G4 kernel has come to Quit state.
UserDetectorConstruction deleted.
UserPhysicsList deleted.
UserRunAction deleted.
UserPrimaryGenerator deleted.
EventManager deleted.
UImanager deleted.
Units table cleared.
StateManager deleted.
RunManagerKernel is deleted.
RunManager is deleted.
