Environment variable "G4FORCE_RUN_MANAGER_TYPE" enabled with value == Serial. Forcing G4RunManager type...

        ############################################
        !!! WARNING - FPE detection is activated !!!
        ############################################


          ################################
          !!! G4Backtrace is activated !!!
          ################################


**************************************************************
 Geant4 version Name: geant4-11-03-ref-00    (6-December-2024)
                       Copyright : Geant4 Collaboration
                      References : NIM A 506 (2003), 250-303
                                 : IEEE-TNS 53 (2006), 270-278
                                 : NIM A 835 (2016), 186-225
                             WWW : http://geant4.org/
**************************************************************

<<< Geant4 Physics List simulation engine: FTFP_BERT

      ********************************************************* 
      ********** processes are wrapped for biasing ************ 
      ********************************************************* 
Parallel World `parallelWorldForSlices' constructed.
--- G4CoupledTransportation is used 

 hInelastic FTFP_BERT : threshold between BERT and FTFP is over the interval 
 for pions :   3 to 6 GeV
 for kaons :   3 to 6 GeV
 for proton :  3 to 6 GeV
 for neutron : 3 to 6 GeV

### Adding tracking cuts for neutron  TimeCut(ns)= 10000  KinEnergyCut(MeV)= 0

-------- WWWW ------- G4Exception-START -------- WWWW -------
*** G4Exception : BIAS.GEN.28
      issued by : G4BiasingHelper::AddBiasingProcessLimiter()
Trying to re-add a G4ParallelGeometriesLimiterProcess process 
to the process manager for 'neutron (PDG : 2112 ) while one is already present.
Call ignored.

*** This is just a warning message. ***
-------- WWWW -------- G4Exception-END --------- WWWW -------

           neutron : biasWrapper(0) 
Visualization Manager instantiating with verbosity "warnings (3)"...
Visualization Manager initialising...
Registering graphics systems...

You have successfully registered the following graphics systems.
Registered graphics systems are:
  ASCIITree (ATree)
  DAWNFILE (DAWNFILE)
  G4HepRepFile (HepRepFile)
  RayTracer (RayTracer)
  VRML2FILE (VRML2FILE)
  gMocrenFile (gMocrenFile)
  TOOLSSG_OFFSCREEN (TSG_OFFSCREEN, TSG_FILE)
  OpenGLImmediateQt (OGLIQt, OGLI)
  OpenGLStoredQt (OGLSQt, OGL, OGLS)
  OpenGLImmediateXm (OGLIXm, OGLIQt_FALLBACK)
  OpenGLStoredXm (OGLSXm, OGLSQt_FALLBACK)
  OpenGLImmediateX (OGLIX, OGLIQt_FALLBACK, OGLIXm_FALLBACK)
  OpenGLStoredX (OGLSX, OGLSQt_FALLBACK, OGLSXm_FALLBACK)
  RayTracerX (RayTracerX)
  Qt3D (Qt3D)
  TOOLSSG_X11_GLES (TSG_X11_GLES, TSGX11, TSG_XT_GLES_FALLBACK)
  TOOLSSG_X11_ZB (TSG_X11_ZB, TSGX11ZB)
  TOOLSSG_XT_GLES (TSG_XT_GLES, TSGXt, TSG_QT_GLES_FALLBACK)
  TOOLSSG_XT_ZB (TSG_XT_ZB, TSGXtZB)
  TOOLSSG_QT_GLES (TSG_QT_GLES, TSGQt, TSG)
  TOOLSSG_QT_ZB (TSG_QT_ZB, TSGQtZB)
You may choose a graphics system (driver) with a parameter of
the command "/vis/open" or "/vis/sceneHandler/create",
or you may omit the driver parameter and choose at run time:
- by argument in the construction of G4VisExecutive
- by environment variable "G4VIS_DEFAULT_DRIVER"
- by entry in "~/.g4session"
- by build flags.
- Note: This feature is not allowed in batch mode.
For further information see "examples/basic/B1/exampleB1.cc"
and "vis.mac".

Registering model factories...

You have successfully registered the following model factories.
Registered model factories:
  generic
  drawByAttribute
  drawByCharge
  drawByOriginVolume
  drawByParticleID
  drawByEncounteredVolume

Registered models:
  None

Registered filter factories:
  attributeFilter
  chargeFilter
  originVolumeFilter
  particleFilter
  encounteredVolumeFilter

Registered filters:
  None

You have successfully registered the following user vis actions.
Run Duration User Vis Actions: none
End of Event User Vis Actions: none
End of Run User Vis Actions: none

Some /vis commands (optionally) take a string to specify colour.
"/vis/list" to see available colours.
=======================================================================
======                 Electromagnetic Physics Parameters      ========
=======================================================================
LPM effect enabled                                 1
Enable creation and use of sampling tables         0
Apply cuts on all EM processes                     0
Use combined TransportationWithMsc                 Disabled
Use general process                                1
Enable linear polarisation for gamma               0
Enable photoeffect sampling below K-shell          1
Enable sampling of quantum entanglement            0
X-section factor for integral approach             0.8
Min kinetic energy for tables                      100 eV 
Max kinetic energy for tables                      100 TeV
Number of bins per decade of a table               7
Verbose level                                      1
Verbose level for worker thread                    0
Bremsstrahlung energy threshold above which 
  primary e+- is added to the list of secondary    100 TeV
Bremsstrahlung energy threshold above which primary
  muon/hadron is added to the list of secondary    100 TeV
Positron annihilation at rest model                SimplePositronium
Enable 3 gamma annihilation on fly                 0
Lowest triplet kinetic energy                      1 MeV
Enable sampling of gamma linear polarisation       0
5D gamma conversion model type                     0
5D gamma conversion model on isolated ion          0
Use Ricardo-Gerardo pair production model          0
Livermore data directory                           epics_2017
=======================================================================
======                 Ionisation Parameters                   ========
=======================================================================
Step function for e+-                              (0.2, 1 mm)
Step function for muons/hadrons                    (0.2, 0.1 mm)
Step function for light ions                       (0.2, 0.1 mm)
Step function for general ions                     (0.2, 0.1 mm)
Lowest e+e- kinetic energy                         1 keV
Lowest muon/hadron kinetic energy                  1 keV
Use ICRU90 data                                    0
Fluctuations of dE/dx are enabled                  1
Type of fluctuation model for leptons and hadrons  Urban
Use built-in Birks satuaration                     0
Build CSDA range enabled                           0
Use cut as a final range enabled                   0
Enable angular generator interface                 0
Max kinetic energy for CSDA tables                 1 GeV
Max kinetic energy for NIEL computation            0 eV 
Linear loss limit                                  0.01
Read data from file for e+e- pair production by mu 0
=======================================================================
======                 Multiple Scattering Parameters          ========
=======================================================================
Type of msc step limit algorithm for e+-           1
Type of msc step limit algorithm for muons/hadrons 0
Msc lateral displacement for e+- enabled           1
Msc lateral displacement for muons and hadrons     0
Urban msc model lateral displacement alg96         1
Range factor for msc step limit for e+-            0.04
Range factor for msc step limit for muons/hadrons  0.2
Geometry factor for msc step limitation of e+-     2.5
Safety factor for msc step limit for e+-           0.6
Skin parameter for msc step limitation of e+-      1
Lambda limit for msc step limit for e+-            1 mm
Use Mott correction for e- scattering              0
Factor used for dynamic computation of angular 
  limit between single and multiple scattering     1
Fixed angular limit between single 
  and multiple scattering                          3.1416 rad
Upper energy limit for e+- multiple scattering     100 MeV
Type of electron single scattering model           0
Type of nuclear form-factor                        1
Screening factor                                   1
=======================================================================

phot:  for gamma SubType=12 BuildTable=0
      LambdaPrime table from 200 keV to 100 TeV in 61 bins 
      ===== EM models for the G4Region  DefaultRegionForTheWorld ======
 LivermorePhElectric : Emin=    0 eV  Emax=  100 TeV  SauterGavrila Fluo

compt:  for gamma SubType=13 BuildTable=1
      Lambda table from 100 eV  to 1 MeV, 7 bins/decade, spline: 1
      LambdaPrime table from 1 MeV to 100 TeV in 56 bins 
      ===== EM models for the G4Region  DefaultRegionForTheWorld ======
       Klein-Nishina : Emin=    0 eV  Emax=  100 TeV

conv:  for gamma SubType=14 BuildTable=1
      Lambda table from 1.022 MeV to 100 TeV, 18 bins/decade, spline: 1
      ===== EM models for the G4Region  DefaultRegionForTheWorld ======
     BetheHeitlerLPM : Emin=    0 eV  Emax=  100 TeV  ModifiedTsai

Rayl:  for gamma SubType=11 BuildTable=1
      Lambda table from 100 eV  to 150 keV, 7 bins/decade, spline: 0
      LambdaPrime table from 150 keV to 100 TeV in 62 bins 
      ===== EM models for the G4Region  DefaultRegionForTheWorld ======
   LivermoreRayleigh : Emin=    0 eV  Emax=  100 TeV  CullenGenerator

msc:  for e-  SubType= 10
      ===== EM models for the G4Region  DefaultRegionForTheWorld ======
            UrbanMsc : Emin=    0 eV  Emax=  100 MeV Nbins=42 100 eV  - 100 MeV
          StepLim=UseSafety Rfact=0.04 Gfact=2.5 Sfact=0.6 DispFlag:1 Skin=1 Llim=1 mm
        WentzelVIUni : Emin=  100 MeV Emax=  100 TeV Nbins=42 100 MeV - 100 TeV
          StepLim=UseSafety Rfact=0.04 Gfact=2.5 Sfact=0.6 DispFlag:1 Skin=1 Llim=1 mm

eIoni:  for e-  XStype:3  SubType=2
      dE/dx and range tables from 100 eV  to 100 TeV in 84 bins
      Lambda tables from threshold to 100 TeV, 7 bins/decade, spline: 1
      StepFunction=(0.2, 1 mm), integ: 3, fluct: 1, linLossLim= 0.01
      ===== EM models for the G4Region  DefaultRegionForTheWorld ======
        MollerBhabha : Emin=    0 eV  Emax=  100 TeV

eBrem:  for e-  XStype:4  SubType=3
      dE/dx and range tables from 100 eV  to 100 TeV in 84 bins
      Lambda tables from threshold to 100 TeV, 7 bins/decade, spline: 1
      LPM flag: 1 for E > 1 GeV,  VertexHighEnergyTh(GeV)= 100000
      ===== EM models for the G4Region  DefaultRegionForTheWorld ======
             eBremSB : Emin=    0 eV  Emax=    1 GeV  ModifiedTsai
            eBremLPM : Emin=    1 GeV Emax=  100 TeV  ModifiedTsai

CoulombScat:  for e- XStype:1 SubType=1 BuildTable=1
      Lambda table from 100 MeV to 100 TeV, 7 bins/decade, spline: 0
      ThetaMin(p) < Theta(degree) < 180, pLimit(GeV^1)= 0.139531
      ===== EM models for the G4Region  DefaultRegionForTheWorld ======
  eCoulombScattering : Emin=  100 MeV Emax=  100 TeV

msc:  for e+  SubType= 10
      ===== EM models for the G4Region  DefaultRegionForTheWorld ======
            UrbanMsc : Emin=    0 eV  Emax=  100 MeV Nbins=42 100 eV  - 100 MeV
          StepLim=UseSafety Rfact=0.04 Gfact=2.5 Sfact=0.6 DispFlag:1 Skin=1 Llim=1 mm
        WentzelVIUni : Emin=  100 MeV Emax=  100 TeV Nbins=42 100 MeV - 100 TeV
          StepLim=UseSafety Rfact=0.04 Gfact=2.5 Sfact=0.6 DispFlag:1 Skin=1 Llim=1 mm

eIoni:  for e+  XStype:3  SubType=2
      dE/dx and range tables from 100 eV  to 100 TeV in 84 bins
      Lambda tables from threshold to 100 TeV, 7 bins/decade, spline: 1
      StepFunction=(0.2, 1 mm), integ: 3, fluct: 1, linLossLim= 0.01
      ===== EM models for the G4Region  DefaultRegionForTheWorld ======
        MollerBhabha : Emin=    0 eV  Emax=  100 TeV

eBrem:  for e+  XStype:4  SubType=3
      dE/dx and range tables from 100 eV  to 100 TeV in 84 bins
      Lambda tables from threshold to 100 TeV, 7 bins/decade, spline: 1
      LPM flag: 1 for E > 1 GeV,  VertexHighEnergyTh(GeV)= 100000
      ===== EM models for the G4Region  DefaultRegionForTheWorld ======
             eBremSB : Emin=    0 eV  Emax=    1 GeV  ModifiedTsai
            eBremLPM : Emin=    1 GeV Emax=  100 TeV  ModifiedTsai

annihil:  for e+ XStype:2 SubType=5 AtRestModel:Simple BuildTable=0
      ===== EM models for the G4Region  DefaultRegionForTheWorld ======
            eplus2gg : Emin=    0 eV  Emax=  100 TeV

CoulombScat:  for e+ XStype:1 SubType=1 BuildTable=1
      Lambda table from 100 MeV to 100 TeV, 7 bins/decade, spline: 0
      ThetaMin(p) < Theta(degree) < 180, pLimit(GeV^1)= 0.139531
      ===== EM models for the G4Region  DefaultRegionForTheWorld ======
  eCoulombScattering : Emin=  100 MeV Emax=  100 TeV

msc:  for proton  SubType= 10
      ===== EM models for the G4Region  DefaultRegionForTheWorld ======
        WentzelVIUni : Emin=    0 eV  Emax=  100 TeV Nbins=84 100 eV  - 100 TeV
          StepLim=Minimal Rfact=0.2 Gfact=2.5 Sfact=0.6 DispFlag:0 Skin=1 Llim=1 mm

hIoni:  for proton  XStype:3  SubType=2
      dE/dx and range tables from 100 eV  to 100 TeV in 84 bins
      Lambda tables from threshold to 100 TeV, 7 bins/decade, spline: 1
      StepFunction=(0.2, 0.1 mm), integ: 3, fluct: 1, linLossLim= 0.01
      ===== EM models for the G4Region  DefaultRegionForTheWorld ======
               Bragg : Emin=    0 eV  Emax=    2 MeV
          BetheBloch : Emin=    2 MeV Emax=  100 TeV

hBrems:  for proton  XStype:1  SubType=3
      dE/dx and range tables from 100 eV  to 100 TeV in 84 bins
      Lambda tables from threshold to 100 TeV, 7 bins/decade, spline: 1
      ===== EM models for the G4Region  DefaultRegionForTheWorld ======
               hBrem : Emin=    0 eV  Emax=  100 TeV  ModifiedMephi

hPairProd:  for proton  XStype:1  SubType=4
      dE/dx and range tables from 100 eV  to 100 TeV in 84 bins
      Lambda tables from threshold to 100 TeV, 7 bins/decade, spline: 1
      Sampling table 17x1001 from 7.50618 GeV to 100 TeV 
      ===== EM models for the G4Region  DefaultRegionForTheWorld ======
           hPairProd : Emin=    0 eV  Emax=  100 TeV  ModifiedMephi

CoulombScat:  for proton XStype:1 SubType=1 BuildTable=1
      Lambda table from threshold  to 100 TeV, 7 bins/decade, spline: 0
      ThetaMin(p) < Theta(degree) < 180, pLimit(GeV^1)= 0.139531
      ===== EM models for the G4Region  DefaultRegionForTheWorld ======
  eCoulombScattering : Emin=    0 eV  Emax=  100 TeV

msc:  for GenericIon  SubType= 10
      ===== EM models for the G4Region  DefaultRegionForTheWorld ======
            UrbanMsc : Emin=    0 eV  Emax=  100 TeV
          StepLim=Minimal Rfact=0.2 Gfact=2.5 Sfact=0.6 DispFlag:0 Skin=1 Llim=1 mm

ionIoni:  for GenericIon  XStype:3  SubType=2
      dE/dx and range tables from 100 eV  to 100 TeV in 84 bins
      Lambda tables from threshold to 100 TeV, 7 bins/decade, spline: 1
      StepFunction=(0.2, 0.1 mm), integ: 3, fluct: 1, linLossLim= 0.02
      ===== EM models for the G4Region  DefaultRegionForTheWorld ======
               Bragg : Emin=    0 eV  Emax=    2 MeV
          BetheBloch : Emin=    2 MeV Emax=  100 TeV

msc:  for alpha  SubType= 10
      ===== EM models for the G4Region  DefaultRegionForTheWorld ======
            UrbanMsc : Emin=    0 eV  Emax=  100 TeV
          StepLim=Minimal Rfact=0.2 Gfact=2.5 Sfact=0.6 DispFlag:0 Skin=1 Llim=1 mm

ionIoni:  for alpha  XStype:3  SubType=2
      dE/dx and range tables from 100 eV  to 100 TeV in 84 bins
      Lambda tables from threshold to 100 TeV, 7 bins/decade, spline: 1
      StepFunction=(0.2, 0.1 mm), integ: 3, fluct: 1, linLossLim= 0.02
      ===== EM models for the G4Region  DefaultRegionForTheWorld ======
            BraggIon : Emin=    0 eV  Emax=7.9452 MeV
          BetheBloch : Emin=7.9452 MeV Emax=  100 TeV

msc:  for anti_proton  SubType= 10
      ===== EM models for the G4Region  DefaultRegionForTheWorld ======
        WentzelVIUni : Emin=    0 eV  Emax=  100 TeV Nbins=84 100 eV  - 100 TeV
          StepLim=Minimal Rfact=0.2 Gfact=2.5 Sfact=0.6 DispFlag:0 Skin=1 Llim=1 mm

hIoni:  for anti_proton  XStype:3  SubType=2
      dE/dx and range tables from 100 eV  to 100 TeV in 84 bins
      Lambda tables from threshold to 100 TeV, 7 bins/decade, spline: 1
      StepFunction=(0.2, 0.1 mm), integ: 3, fluct: 1, linLossLim= 0.01
      ===== EM models for the G4Region  DefaultRegionForTheWorld ======
            ICRU73QO : Emin=    0 eV  Emax=    2 MeV
          BetheBloch : Emin=    2 MeV Emax=  100 TeV

hBrems:  for anti_proton  XStype:1  SubType=3
      dE/dx and range tables from 100 eV  to 100 TeV in 84 bins
      Lambda tables from threshold to 100 TeV, 7 bins/decade, spline: 1
      ===== EM models for the G4Region  DefaultRegionForTheWorld ======
               hBrem : Emin=    0 eV  Emax=  100 TeV  ModifiedMephi

hPairProd:  for anti_proton  XStype:1  SubType=4
      dE/dx and range tables from 100 eV  to 100 TeV in 84 bins
      Lambda tables from threshold to 100 TeV, 7 bins/decade, spline: 1
      Sampling table 17x1001 from 7.50618 GeV to 100 TeV 
      ===== EM models for the G4Region  DefaultRegionForTheWorld ======
           hPairProd : Emin=    0 eV  Emax=  100 TeV  ModifiedMephi

CoulombScat:  for anti_proton XStype:1 SubType=1 BuildTable=1
      Lambda table from threshold  to 100 TeV, 7 bins/decade, spline: 0
      ThetaMin(p) < Theta(degree) < 180, pLimit(GeV^1)= 0.139531
      ===== EM models for the G4Region  DefaultRegionForTheWorld ======
  eCoulombScattering : Emin=    0 eV  Emax=  100 TeV

msc:  for kaon+  SubType= 10
      ===== EM models for the G4Region  DefaultRegionForTheWorld ======
        WentzelVIUni : Emin=    0 eV  Emax=  100 TeV Nbins=84 100 eV  - 100 TeV
          StepLim=Minimal Rfact=0.2 Gfact=2.5 Sfact=0.6 DispFlag:0 Skin=1 Llim=1 mm

hIoni:  for kaon+  XStype:3  SubType=2
      dE/dx and range tables from 100 eV  to 100 TeV in 84 bins
      Lambda tables from threshold to 100 TeV, 7 bins/decade, spline: 1
      StepFunction=(0.2, 0.1 mm), integ: 3, fluct: 1, linLossLim= 0.01
      ===== EM models for the G4Region  DefaultRegionForTheWorld ======
               Bragg : Emin=    0 eV  Emax=1.05231 MeV
          BetheBloch : Emin=1.05231 MeV Emax=  100 TeV

hBrems:  for kaon+  XStype:1  SubType=3
      dE/dx and range tables from 100 eV  to 100 TeV in 84 bins
      Lambda tables from threshold to 100 TeV, 7 bins/decade, spline: 1
      ===== EM models for the G4Region  DefaultRegionForTheWorld ======
               hBrem : Emin=    0 eV  Emax=  100 TeV  ModifiedMephi

hPairProd:  for kaon+  XStype:1  SubType=4
      dE/dx and range tables from 100 eV  to 100 TeV in 84 bins
      Lambda tables from threshold to 100 TeV, 7 bins/decade, spline: 1
      Sampling table 18x1001 from 3.94942 GeV to 100 TeV 
      ===== EM models for the G4Region  DefaultRegionForTheWorld ======
           hPairProd : Emin=    0 eV  Emax=  100 TeV  ModifiedMephi

CoulombScat:  for kaon+ XStype:1 SubType=1 BuildTable=1
      Lambda table from threshold  to 100 TeV, 7 bins/decade, spline: 0
      ThetaMin(p) < Theta(degree) < 180, pLimit(GeV^1)= 0.139531
      ===== EM models for the G4Region  DefaultRegionForTheWorld ======
  eCoulombScattering : Emin=    0 eV  Emax=  100 TeV

msc:  for kaon-  SubType= 10
      ===== EM models for the G4Region  DefaultRegionForTheWorld ======
        WentzelVIUni : Emin=    0 eV  Emax=  100 TeV Nbins=84 100 eV  - 100 TeV
          StepLim=Minimal Rfact=0.2 Gfact=2.5 Sfact=0.6 DispFlag:0 Skin=1 Llim=1 mm

hIoni:  for kaon-  XStype:3  SubType=2
      dE/dx and range tables from 100 eV  to 100 TeV in 84 bins
      Lambda tables from threshold to 100 TeV, 7 bins/decade, spline: 1
      StepFunction=(0.2, 0.1 mm), integ: 3, fluct: 1, linLossLim= 0.01
      ===== EM models for the G4Region  DefaultRegionForTheWorld ======
            ICRU73QO : Emin=    0 eV  Emax=1.05231 MeV
          BetheBloch : Emin=1.05231 MeV Emax=  100 TeV

hBrems:  for kaon-  XStype:1  SubType=3
      dE/dx and range tables from 100 eV  to 100 TeV in 84 bins
      Lambda tables from threshold to 100 TeV, 7 bins/decade, spline: 1
      ===== EM models for the G4Region  DefaultRegionForTheWorld ======
               hBrem : Emin=    0 eV  Emax=  100 TeV  ModifiedMephi

hPairProd:  for kaon-  XStype:1  SubType=4
      dE/dx and range tables from 100 eV  to 100 TeV in 84 bins
      Lambda tables from threshold to 100 TeV, 7 bins/decade, spline: 1
      Sampling table 18x1001 from 3.94942 GeV to 100 TeV 
      ===== EM models for the G4Region  DefaultRegionForTheWorld ======
           hPairProd : Emin=    0 eV  Emax=  100 TeV  ModifiedMephi

CoulombScat:  for kaon- XStype:1 SubType=1 BuildTable=1
      Used Lambda table of kaon+
      ThetaMin(p) < Theta(degree) < 180, pLimit(GeV^1)= 0.139531
      ===== EM models for the G4Region  DefaultRegionForTheWorld ======
  eCoulombScattering : Emin=    0 eV  Emax=  100 TeV

msc:  for mu+  SubType= 10
      ===== EM models for the G4Region  DefaultRegionForTheWorld ======
        WentzelVIUni : Emin=    0 eV  Emax=  100 TeV Nbins=84 100 eV  - 100 TeV
          StepLim=Minimal Rfact=0.2 Gfact=2.5 Sfact=0.6 DispFlag:0 Skin=1 Llim=1 mm

muIoni:  for mu+  XStype:3  SubType=2
      dE/dx and range tables from 100 eV  to 100 TeV in 84 bins
      Lambda tables from threshold to 100 TeV, 7 bins/decade, spline: 1
      StepFunction=(0.2, 0.1 mm), integ: 3, fluct: 1, linLossLim= 0.01
      ===== EM models for the G4Region  DefaultRegionForTheWorld ======
               Bragg : Emin=    0 eV  Emax=  200 keV
        MuBetheBloch : Emin=  200 keV Emax=  100 TeV

muBrems:  for mu+  XStype:1  SubType=3
      dE/dx and range tables from 100 eV  to 100 TeV in 84 bins
      Lambda tables from threshold to 100 TeV, 7 bins/decade, spline: 1
      ===== EM models for the G4Region  DefaultRegionForTheWorld ======
              MuBrem : Emin=    0 eV  Emax=  100 TeV  ModifiedMephi

muPairProd:  for mu+  XStype:1  SubType=4
      dE/dx and range tables from 100 eV  to 100 TeV in 84 bins
      Lambda tables from threshold to 100 TeV, 7 bins/decade, spline: 1
      Sampling table 21x1001 from 0.85 GeV to 100 TeV 
      ===== EM models for the G4Region  DefaultRegionForTheWorld ======
          muPairProd : Emin=    0 eV  Emax=  100 TeV  ModifiedMephi

CoulombScat:  for mu+ XStype:1 SubType=1 BuildTable=1
      Lambda table from threshold  to 100 TeV, 7 bins/decade, spline: 0
      ThetaMin(p) < Theta(degree) < 180, pLimit(GeV^1)= 0.139531
      ===== EM models for the G4Region  DefaultRegionForTheWorld ======
  eCoulombScattering : Emin=    0 eV  Emax=  100 TeV

msc:  for mu-  SubType= 10
      ===== EM models for the G4Region  DefaultRegionForTheWorld ======
        WentzelVIUni : Emin=    0 eV  Emax=  100 TeV Nbins=84 100 eV  - 100 TeV
          StepLim=Minimal Rfact=0.2 Gfact=2.5 Sfact=0.6 DispFlag:0 Skin=1 Llim=1 mm

muIoni:  for mu-  XStype:3  SubType=2
      dE/dx and range tables from 100 eV  to 100 TeV in 84 bins
      Lambda tables from threshold to 100 TeV, 7 bins/decade, spline: 1
      StepFunction=(0.2, 0.1 mm), integ: 3, fluct: 1, linLossLim= 0.01
      ===== EM models for the G4Region  DefaultRegionForTheWorld ======
            ICRU73QO : Emin=    0 eV  Emax=  200 keV
        MuBetheBloch : Emin=  200 keV Emax=  100 TeV

muBrems:  for mu-  XStype:1  SubType=3
      dE/dx and range tables from 100 eV  to 100 TeV in 84 bins
      Lambda tables from threshold to 100 TeV, 7 bins/decade, spline: 1
      ===== EM models for the G4Region  DefaultRegionForTheWorld ======
              MuBrem : Emin=    0 eV  Emax=  100 TeV  ModifiedMephi

muPairProd:  for mu-  XStype:1  SubType=4
      dE/dx and range tables from 100 eV  to 100 TeV in 84 bins
      Lambda tables from threshold to 100 TeV, 7 bins/decade, spline: 1
      Sampling table 21x1001 from 0.85 GeV to 100 TeV 
      ===== EM models for the G4Region  DefaultRegionForTheWorld ======
          muPairProd : Emin=    0 eV  Emax=  100 TeV  ModifiedMephi

CoulombScat:  for mu- XStype:1 SubType=1 BuildTable=1
      Used Lambda table of mu+
      ThetaMin(p) < Theta(degree) < 180, pLimit(GeV^1)= 0.139531
      ===== EM models for the G4Region  DefaultRegionForTheWorld ======
  eCoulombScattering : Emin=    0 eV  Emax=  100 TeV

msc:  for pi+  SubType= 10
      ===== EM models for the G4Region  DefaultRegionForTheWorld ======
        WentzelVIUni : Emin=    0 eV  Emax=  100 TeV Nbins=84 100 eV  - 100 TeV
          StepLim=Minimal Rfact=0.2 Gfact=2.5 Sfact=0.6 DispFlag:0 Skin=1 Llim=1 mm

hIoni:  for pi+  XStype:3  SubType=2
      dE/dx and range tables from 100 eV  to 100 TeV in 84 bins
      Lambda tables from threshold to 100 TeV, 7 bins/decade, spline: 1
      StepFunction=(0.2, 0.1 mm), integ: 3, fluct: 1, linLossLim= 0.01
      ===== EM models for the G4Region  DefaultRegionForTheWorld ======
               Bragg : Emin=    0 eV  Emax=297.505 keV
          BetheBloch : Emin=297.505 keV Emax=  100 TeV

hBrems:  for pi+  XStype:1  SubType=3
      dE/dx and range tables from 100 eV  to 100 TeV in 84 bins
      Lambda tables from threshold to 100 TeV, 7 bins/decade, spline: 1
      ===== EM models for the G4Region  DefaultRegionForTheWorld ======
               hBrem : Emin=    0 eV  Emax=  100 TeV  ModifiedMephi

hPairProd:  for pi+  XStype:1  SubType=4
      dE/dx and range tables from 100 eV  to 100 TeV in 84 bins
      Lambda tables from threshold to 100 TeV, 7 bins/decade, spline: 1
      Sampling table 20x1001 from 1.11656 GeV to 100 TeV 
      ===== EM models for the G4Region  DefaultRegionForTheWorld ======
           hPairProd : Emin=    0 eV  Emax=  100 TeV  ModifiedMephi

CoulombScat:  for pi+ XStype:1 SubType=1 BuildTable=1
      Lambda table from threshold  to 100 TeV, 7 bins/decade, spline: 0
      ThetaMin(p) < Theta(degree) < 180, pLimit(GeV^1)= 0.139531
      ===== EM models for the G4Region  DefaultRegionForTheWorld ======
  eCoulombScattering : Emin=    0 eV  Emax=  100 TeV

msc:  for pi-  SubType= 10
      ===== EM models for the G4Region  DefaultRegionForTheWorld ======
        WentzelVIUni : Emin=    0 eV  Emax=  100 TeV Nbins=84 100 eV  - 100 TeV
          StepLim=Minimal Rfact=0.2 Gfact=2.5 Sfact=0.6 DispFlag:0 Skin=1 Llim=1 mm

hIoni:  for pi-  XStype:3  SubType=2
      dE/dx and range tables from 100 eV  to 100 TeV in 84 bins
      Lambda tables from threshold to 100 TeV, 7 bins/decade, spline: 1
      StepFunction=(0.2, 0.1 mm), integ: 3, fluct: 1, linLossLim= 0.01
      ===== EM models for the G4Region  DefaultRegionForTheWorld ======
            ICRU73QO : Emin=    0 eV  Emax=297.505 keV
          BetheBloch : Emin=297.505 keV Emax=  100 TeV

hBrems:  for pi-  XStype:1  SubType=3
      dE/dx and range tables from 100 eV  to 100 TeV in 84 bins
      Lambda tables from threshold to 100 TeV, 7 bins/decade, spline: 1
      ===== EM models for the G4Region  DefaultRegionForTheWorld ======
               hBrem : Emin=    0 eV  Emax=  100 TeV  ModifiedMephi

hPairProd:  for pi-  XStype:1  SubType=4
      dE/dx and range tables from 100 eV  to 100 TeV in 84 bins
      Lambda tables from threshold to 100 TeV, 7 bins/decade, spline: 1
      Sampling table 20x1001 from 1.11656 GeV to 100 TeV 
      ===== EM models for the G4Region  DefaultRegionForTheWorld ======
           hPairProd : Emin=    0 eV  Emax=  100 TeV  ModifiedMephi

CoulombScat:  for pi- XStype:1 SubType=1 BuildTable=1
      Used Lambda table of pi+
      ThetaMin(p) < Theta(degree) < 180, pLimit(GeV^1)= 0.139531
      ===== EM models for the G4Region  DefaultRegionForTheWorld ======
  eCoulombScattering : Emin=    0 eV  Emax=  100 TeV

====================================================================
                  HADRONIC PROCESSES SUMMARY (verbose level 1)
-----------------------------------------------------------------------
                           Hadronic Processes for neutron
  Process: hadElastic
        Model:             hElasticCHIPS: 0 eV  ---> 100 TeV
     Cr_sctns:        G4NeutronElasticXS: 0 eV  ---> 100 TeV
  Process: neutronInelastic
        Model:                      FTFP: 3 GeV ---> 100 TeV
        Model:            BertiniCascade: 0 eV  ---> 6 GeV
     Cr_sctns:      G4NeutronInelasticXS: 0 eV  ---> 100 TeV
  Process: nCapture
        Model:               nRadCapture: 0 eV  ---> 100 TeV
     Cr_sctns:        G4NeutronCaptureXS: 0 eV  ---> 100 TeV
  Process: nKiller
-----------------------------------------------------------------------
                           Hadronic Processes for B-
  Process: hadElastic
        Model:              hElasticLHEP: 0 eV  ---> 100 TeV
     Cr_sctns:            Glauber-Gribov: 0 eV  ---> 100 TeV
  Process: B-Inelastic
        Model:                      FTFP: 0 eV  ---> 100 TeV
     Cr_sctns:            Glauber-Gribov: 0 eV  ---> 100 TeV
-----------------------------------------------------------------------
                           Hadronic Processes for D-
  Process: hadElastic
        Model:              hElasticLHEP: 0 eV  ---> 100 TeV
     Cr_sctns:            Glauber-Gribov: 0 eV  ---> 100 TeV
  Process: D-Inelastic
        Model:                      FTFP: 0 eV  ---> 100 TeV
     Cr_sctns:            Glauber-Gribov: 0 eV  ---> 100 TeV
-----------------------------------------------------------------------
                           Hadronic Processes for GenericIon
  Process: ionInelastic
        Model:  Binary Light Ion Cascade: 0 eV /n ---> 6 GeV/n
        Model:                      FTFP: 3 GeV/n ---> 100 TeV/n
     Cr_sctns:  Glauber-Gribov Nucl-nucl: 0 eV  ---> 25.6 PeV
-----------------------------------------------------------------------
                           Hadronic Processes for He3
  Process: hadElastic
        Model:              hElasticLHEP: 0 eV /n ---> 100 TeV/n
     Cr_sctns:  Glauber-Gribov Nucl-nucl: 0 eV  ---> 25.6 PeV
  Process: He3Inelastic
        Model:  Binary Light Ion Cascade: 0 eV /n ---> 6 GeV/n
        Model:                      FTFP: 3 GeV/n ---> 100 TeV/n
     Cr_sctns:  Glauber-Gribov Nucl-nucl: 0 eV  ---> 25.6 PeV
-----------------------------------------------------------------------
                           Hadronic Processes for alpha
  Process: hadElastic
        Model:              hElasticLHEP: 0 eV /n ---> 100 TeV/n
     Cr_sctns:  Glauber-Gribov Nucl-nucl: 0 eV  ---> 25.6 PeV
  Process: alphaInelastic
        Model:  Binary Light Ion Cascade: 0 eV /n ---> 6 GeV/n
        Model:                      FTFP: 3 GeV/n ---> 100 TeV/n
     Cr_sctns:  Glauber-Gribov Nucl-nucl: 0 eV  ---> 25.6 PeV
-----------------------------------------------------------------------
                           Hadronic Processes for anti_He3
  Process: hadElastic
        Model:              hElasticLHEP: 0 eV /n ---> 100.1 MeV/n
        Model:              AntiAElastic: 100 MeV/n ---> 100 TeV/n
     Cr_sctns:              AntiAGlauber: 0 eV  ---> 25.6 PeV
  Process: anti_He3Inelastic
        Model:                      FTFP: 0 eV /n ---> 100 TeV/n
     Cr_sctns:              AntiAGlauber: 0 eV  ---> 25.6 PeV
  Process: hFritiofCaptureAtRest
-----------------------------------------------------------------------
                           Hadronic Processes for anti_alpha
  Process: hadElastic
        Model:              hElasticLHEP: 0 eV /n ---> 100.1 MeV/n
        Model:              AntiAElastic: 100 MeV/n ---> 100 TeV/n
     Cr_sctns:              AntiAGlauber: 0 eV  ---> 25.6 PeV
  Process: anti_alphaInelastic
        Model:                      FTFP: 0 eV /n ---> 100 TeV/n
     Cr_sctns:              AntiAGlauber: 0 eV  ---> 25.6 PeV
  Process: hFritiofCaptureAtRest
-----------------------------------------------------------------------
                           Hadronic Processes for anti_deuteron
  Process: hadElastic
        Model:              hElasticLHEP: 0 eV /n ---> 100.1 MeV/n
        Model:              AntiAElastic: 100 MeV/n ---> 100 TeV/n
     Cr_sctns:              AntiAGlauber: 0 eV  ---> 25.6 PeV
  Process: anti_deuteronInelastic
        Model:                      FTFP: 0 eV /n ---> 100 TeV/n
     Cr_sctns:              AntiAGlauber: 0 eV  ---> 25.6 PeV
  Process: hFritiofCaptureAtRest
-------------------------------------------------------------------------
                           Hadronic Processes for anti_hypertriton
  Process: hFritiofCaptureAtRest
-----------------------------------------------------------------------
                           Hadronic Processes for anti_lambda
  Process: hadElastic
        Model:              hElasticLHEP: 0 eV  ---> 100 TeV
     Cr_sctns:            Glauber-Gribov: 0 eV  ---> 100 TeV
  Process: anti_lambdaInelastic
        Model:                      FTFP: 0 eV  ---> 100 TeV
     Cr_sctns:            Glauber-Gribov: 0 eV  ---> 100 TeV
  Process: hFritiofCaptureAtRest
-----------------------------------------------------------------------
                           Hadronic Processes for anti_neutron
  Process: hadElastic
        Model:              hElasticLHEP: 0 eV  ---> 100.1 MeV
        Model:              AntiAElastic: 100 MeV ---> 100 TeV
     Cr_sctns:              AntiAGlauber: 0 eV  ---> 25.6 PeV
  Process: anti_neutronInelastic
        Model:                      FTFP: 0 eV  ---> 100 TeV
     Cr_sctns:              AntiAGlauber: 0 eV  ---> 25.6 PeV
  Process: hFritiofCaptureAtRest
-----------------------------------------------------------------------
                           Hadronic Processes for anti_proton
  Process: hadElastic
        Model:              hElasticLHEP: 0 eV  ---> 100.1 MeV
        Model:              AntiAElastic: 100 MeV ---> 100 TeV
     Cr_sctns:              AntiAGlauber: 0 eV  ---> 25.6 PeV
  Process: anti_protonInelastic
        Model:                      FTFP: 0 eV  ---> 100 TeV
     Cr_sctns:              AntiAGlauber: 0 eV  ---> 25.6 PeV
  Process: hFritiofCaptureAtRest
-----------------------------------------------------------------------
                           Hadronic Processes for anti_triton
  Process: hadElastic
        Model:              hElasticLHEP: 0 eV /n ---> 100.1 MeV/n
        Model:              AntiAElastic: 100 MeV/n ---> 100 TeV/n
     Cr_sctns:              AntiAGlauber: 0 eV  ---> 25.6 PeV
  Process: anti_tritonInelastic
        Model:                      FTFP: 0 eV /n ---> 100 TeV/n
     Cr_sctns:              AntiAGlauber: 0 eV  ---> 25.6 PeV
  Process: hFritiofCaptureAtRest
-----------------------------------------------------------------------
                           Hadronic Processes for deuteron
  Process: hadElastic
        Model:              hElasticLHEP: 0 eV /n ---> 100 TeV/n
     Cr_sctns:  Glauber-Gribov Nucl-nucl: 0 eV  ---> 25.6 PeV
  Process: dInelastic
        Model:  Binary Light Ion Cascade: 0 eV /n ---> 6 GeV/n
        Model:                      FTFP: 3 GeV/n ---> 100 TeV/n
     Cr_sctns:  Glauber-Gribov Nucl-nucl: 0 eV  ---> 25.6 PeV
-----------------------------------------------------------------------
                           Hadronic Processes for e+
  Process: positronNuclear
        Model:   G4ElectroVDNuclearModel: 0 eV  ---> 1 PeV
     Cr_sctns:          ElectroNuclearXS: 0 eV  ---> 100 TeV
-----------------------------------------------------------------------
                           Hadronic Processes for e-
  Process: electronNuclear
        Model:   G4ElectroVDNuclearModel: 0 eV  ---> 1 PeV
     Cr_sctns:          ElectroNuclearXS: 0 eV  ---> 100 TeV
-----------------------------------------------------------------------
                           Hadronic Processes for gamma
  Process: photonNuclear
        Model:               GammaNPreco: 0 eV  ---> 200 MeV
        Model:            BertiniCascade: 199 MeV ---> 6 GeV
        Model:           TheoFSGenerator: 3 GeV ---> 100 TeV
     Cr_sctns:            GammaNuclearXS: 0 eV  ---> 100 TeV
-----------------------------------------------------------------------
                           Hadronic Processes for kaon+
  Process: hadElastic
        Model:              hElasticLHEP: 0 eV  ---> 100 TeV
     Cr_sctns:            Glauber-Gribov: 0 eV  ---> 100 TeV
  Process: kaon+Inelastic
        Model:                      FTFP: 3 GeV ---> 100 TeV
        Model:            BertiniCascade: 0 eV  ---> 6 GeV
     Cr_sctns:            Glauber-Gribov: 0 eV  ---> 100 TeV
-----------------------------------------------------------------------
                           Hadronic Processes for kaon-
  Process: hadElastic
        Model:              hElasticLHEP: 0 eV  ---> 100 TeV
     Cr_sctns:            Glauber-Gribov: 0 eV  ---> 100 TeV
  Process: kaon-Inelastic
        Model:                      FTFP: 3 GeV ---> 100 TeV
        Model:            BertiniCascade: 0 eV  ---> 6 GeV
     Cr_sctns:            Glauber-Gribov: 0 eV  ---> 100 TeV
  Process: hBertiniCaptureAtRest
-----------------------------------------------------------------------
                           Hadronic Processes for lambda
  Process: hadElastic
        Model:              hElasticLHEP: 0 eV  ---> 100 TeV
     Cr_sctns:            Glauber-Gribov: 0 eV  ---> 100 TeV
  Process: lambdaInelastic
        Model:                      FTFP: 3 GeV ---> 100 TeV
        Model:            BertiniCascade: 0 eV  ---> 6 GeV
     Cr_sctns:            Glauber-Gribov: 0 eV  ---> 100 TeV
-----------------------------------------------------------------------
                           Hadronic Processes for mu+
  Process: muonNuclear
        Model:      G4MuonVDNuclearModel: 0 eV  ---> 1 PeV
     Cr_sctns:     KokoulinMuonNuclearXS: 0 eV  ---> 100 TeV
-----------------------------------------------------------------------
                           Hadronic Processes for mu-
  Process: muonNuclear
        Model:      G4MuonVDNuclearModel: 0 eV  ---> 1 PeV
     Cr_sctns:     KokoulinMuonNuclearXS: 0 eV  ---> 100 TeV
  Process: muMinusCaptureAtRest
-----------------------------------------------------------------------
                           Hadronic Processes for pi+
  Process: hadElastic
        Model:           hElasticGlauber: 0 eV  ---> 100 TeV
     Cr_sctns:  BarashenkovGlauberGribov: 0 eV  ---> 100 TeV
  Process: pi+Inelastic
        Model:                      FTFP: 3 GeV ---> 100 TeV
        Model:            BertiniCascade: 0 eV  ---> 6 GeV
     Cr_sctns:  BarashenkovGlauberGribov: 0 eV  ---> 100 TeV
-----------------------------------------------------------------------
                           Hadronic Processes for pi-
  Process: hadElastic
        Model:           hElasticGlauber: 0 eV  ---> 100 TeV
     Cr_sctns:  BarashenkovGlauberGribov: 0 eV  ---> 100 TeV
  Process: pi-Inelastic
        Model:                      FTFP: 3 GeV ---> 100 TeV
        Model:            BertiniCascade: 0 eV  ---> 6 GeV
     Cr_sctns:  BarashenkovGlauberGribov: 0 eV  ---> 100 TeV
  Process: hBertiniCaptureAtRest
-----------------------------------------------------------------------
                           Hadronic Processes for proton
  Process: hadElastic
        Model:             hElasticCHIPS: 0 eV  ---> 100 TeV
     Cr_sctns:  BarashenkovGlauberGribov: 0 eV  ---> 100 TeV
  Process: protonInelastic
        Model:                      FTFP: 3 GeV ---> 100 TeV
        Model:            BertiniCascade: 0 eV  ---> 6 GeV
     Cr_sctns:  BarashenkovGlauberGribov: 0 eV  ---> 100 TeV
-----------------------------------------------------------------------
                           Hadronic Processes for sigma-
  Process: hadElastic
        Model:              hElasticLHEP: 0 eV  ---> 100 TeV
     Cr_sctns:            Glauber-Gribov: 0 eV  ---> 100 TeV
  Process: sigma-Inelastic
        Model:                      FTFP: 3 GeV ---> 100 TeV
        Model:            BertiniCascade: 0 eV  ---> 6 GeV
     Cr_sctns:            Glauber-Gribov: 0 eV  ---> 100 TeV
  Process: hBertiniCaptureAtRest
-----------------------------------------------------------------------
                           Hadronic Processes for triton
  Process: hadElastic
        Model:              hElasticLHEP: 0 eV /n ---> 100 TeV/n
     Cr_sctns:  Glauber-Gribov Nucl-nucl: 0 eV  ---> 25.6 PeV
  Process: tInelastic
        Model:  Binary Light Ion Cascade: 0 eV /n ---> 6 GeV/n
        Model:                      FTFP: 3 GeV/n ---> 100 TeV/n
     Cr_sctns:  Glauber-Gribov Nucl-nucl: 0 eV  ---> 25.6 PeV
=======================================================================
======       Geant4 Native Pre-compound Model Parameters       ========
=======================================================================
Type of pre-compound inverse x-section              1
Pre-compound model active                           1
Pre-compound excitation low energy                  100 keV
Pre-compound excitation high energy                 30 MeV
Angular generator for pre-compound model            1
Use NeverGoBack option for pre-compound model       0
Use SoftCutOff option for pre-compound model        0
Use CEM transitions for pre-compound model          1
Use GNASH transitions for pre-compound model        0
Use HETC submodel for pre-compound model            0
=======================================================================
======       Nuclear De-excitation Module Parameters           ========
=======================================================================
Type of de-excitation inverse x-section             3
Type of de-excitation factory                       Evaporation+GEM
Number of de-excitation channels                    68
Min excitation energy                               10 eV 
Min energy per nucleon for multifragmentation       200 GeV
Limit excitation energy for Fermi BreakUp           20 MeV
Level density (1/MeV)                               0.075
Use simple level density model                      1
Use discrete excitation energy of the residual      0
Time limit for long lived isomeres                  1 ns 
Isomer production flag                              1
Internal e- conversion flag                         1
Store e- internal conversion data                   1
Correlated gamma emission flag                      0
Max 2J for sampling of angular correlations         10
=======================================================================
         gamma, kinetic energy (MeV) =     0.226131, position (cm) = (-72.4774,24.8187,500),	 weight = 1.90735e-06
       neutron, kinetic energy (MeV) =      38.7572, position (cm) = (-72.9751,12.1281,500),	 weight = 1.90735e-06
       neutron, kinetic energy (MeV) =      8.36751, position (cm) = (-93.9379,17.6205,500),	 weight = 1.90735e-06
         gamma, kinetic energy (MeV) =     0.124502, position (cm) = (-13.8553,-7.44823,500),	 weight = 1.90735e-06
         gamma, kinetic energy (MeV) =      1.54115, position (cm) = (-12.0591,-4.11185,500),	 weight = 1.90735e-06
         gamma, kinetic energy (MeV) =      5.88359, position (cm) = (-13.5248,-8.00434,500),	 weight = 1.90735e-06
       neutron, kinetic energy (MeV) =      29.8135, position (cm) = (-15.1931,-10.8324,500),	 weight = 1.90735e-06
       neutron, kinetic energy (MeV) =      54.1364, position (cm) = (-13.4846,-2.15215,500),	 weight = 1.90735e-06
       neutron, kinetic energy (MeV) =      53.4279, position (cm) = (-18.9056,9.89572,500),	 weight = 1.90735e-06
       neutron, kinetic energy (MeV) =      63.2528, position (cm) = (35.988,-148.223,500),	 weight = 1.90735e-06
       neutron, kinetic energy (MeV) =      64.5609, position (cm) = (32.7078,-120.193,500),	 weight = 1.90735e-06
       neutron, kinetic energy (MeV) =      63.8401, position (cm) = (32.6594,-127.529,500),	 weight = 1.90735e-06
       neutron, kinetic energy (MeV) =   0.00022267, position (cm) = (55.5902,27.3933,500),	 weight = 1.90735e-06
         gamma, kinetic energy (MeV) =     0.298025, position (cm) = (69.8519,57.136,500),	 weight = 1.90735e-06
         gamma, kinetic energy (MeV) =      1.48772, position (cm) = (31.3183,18.1913,500),	 weight = 1.90735e-06
       neutron, kinetic energy (MeV) =      55.9043, position (cm) = (66.7202,25.3393,500),	 weight = 1.90735e-06
       neutron, kinetic energy (MeV) =    0.0124636, position (cm) = (88.4994,34.8577,500),	 weight = 1.90735e-06
       neutron, kinetic energy (MeV) =  2.30716e-09, position (cm) = (117.972,37.8301,500),	 weight = 1.90735e-06
       neutron, kinetic energy (MeV) =      2.41593, position (cm) = (87.8886,-123.727,500),	 weight = 1.90735e-06
       neutron, kinetic energy (MeV) =      36.9101, position (cm) = (95.794,-105.344,500),	 weight = 1.90735e-06
       neutron, kinetic energy (MeV) =      70.0303, position (cm) = (99.5453,-96.0805,500),	 weight = 1.90735e-06
       neutron, kinetic energy (MeV) =      70.2266, position (cm) = (100.392,-102.953,500),	 weight = 1.90735e-06
       neutron, kinetic energy (MeV) =      2.01062, position (cm) = (-50.1821,-51.5265,500),	 weight = 1.90735e-06
       neutron, kinetic energy (MeV) =      87.9271, position (cm) = (-41.55,-43.0574,500),	 weight = 1.90735e-06
         gamma, kinetic energy (MeV) =      1.87308, position (cm) = (-42.8712,-35.7886,500),	 weight = 1.90735e-06
       neutron, kinetic energy (MeV) =      30.2787, position (cm) = (-23.829,-32.9996,500),	 weight = 1.90735e-06
       neutron, kinetic energy (MeV) =      65.9213, position (cm) = (-50.1611,-79.7907,500),	 weight = 1.90735e-06
         gamma, kinetic energy (MeV) =      0.19273, position (cm) = (-86.2931,-76.0381,500),	 weight = 1.90735e-06
       neutron, kinetic energy (MeV) =      87.3904, position (cm) = (-62.9072,-69.6307,500),	 weight = 1.90735e-06
       neutron, kinetic energy (MeV) =      87.5496, position (cm) = (-55.5178,-78.4352,500),	 weight = 1.90735e-06
         gamma, kinetic energy (MeV) =      4.52252, position (cm) = (-62.1989,-71.157,500),	 weight = 1.90735e-06
       neutron, kinetic energy (MeV) =      60.6242, position (cm) = (-53.2956,-74.5714,500),	 weight = 1.90735e-06
         gamma, kinetic energy (MeV) =     0.265539, position (cm) = (-130.08,-18.5131,500),	 weight = 1.90735e-06
         gamma, kinetic energy (MeV) =      2.95507, position (cm) = (-61.2783,-63.2437,500),	 weight = 3.8147e-06
         gamma, kinetic energy (MeV) =      1.15879, position (cm) = (-87.3197,-40.6729,500),	 weight = 1.90735e-06
         gamma, kinetic energy (MeV) =      4.77135, position (cm) = (-82.351,-42.6034,500),	 weight = 1.90735e-06
         gamma, kinetic energy (MeV) =      2.35608, position (cm) = (-80.8516,-42.4544,500),	 weight = 1.90735e-06
       neutron, kinetic energy (MeV) =     0.311793, position (cm) = (-73.7827,-41.5745,500),	 weight = 1.90735e-06
       neutron, kinetic energy (MeV) =      87.0336, position (cm) = (-116.451,-25.3707,500),	 weight = 1.90735e-06
         gamma, kinetic energy (MeV) =      4.64568, position (cm) = (-114.192,3.33889,500),	 weight = 1.90735e-06
       neutron, kinetic energy (MeV) =      5.03372, position (cm) = (-118.619,-19.5532,500),	 weight = 1.90735e-06
         gamma, kinetic energy (MeV) =     0.302566, position (cm) = (-117.731,-28.1289,500),	 weight = 1.90735e-06
       neutron, kinetic energy (MeV) =    0.0801371, position (cm) = (-95.3312,-43.7483,500),	 weight = 1.90735e-06
         gamma, kinetic energy (MeV) =     0.123519, position (cm) = (-104.434,-62.8918,500),	 weight = 1.90735e-06
       neutron, kinetic energy (MeV) =     0.162531, position (cm) = (-88.6432,-32.3297,500),	 weight = 1.90735e-06
       neutron, kinetic energy (MeV) =      9.68317, position (cm) = (-105.145,-22.5612,500),	 weight = 1.90735e-06
         gamma, kinetic energy (MeV) =      1.31669, position (cm) = (-81.8424,-49.5482,500),	 weight = 1.90735e-06
       neutron, kinetic energy (MeV) =      3.79436, position (cm) = (-80.8016,-50.7783,500),	 weight = 1.90735e-06
         gamma, kinetic energy (MeV) =      11.1312, position (cm) = (-70.2173,-37.2073,500),	 weight = 1.90735e-06
       neutron, kinetic energy (MeV) =      49.0032, position (cm) = (-120.176,-33.8957,500),	 weight = 1.90735e-06
         gamma, kinetic energy (MeV) =     0.109359, position (cm) = (-139.266,-39.0255,500),	 weight = 1.90735e-06
         gamma, kinetic energy (MeV) =     0.510999, position (cm) = (-139.773,-25.2141,500),	 weight = 1.90735e-06
       neutron, kinetic energy (MeV) =      82.7642, position (cm) = (-146.426,-31.8285,500),	 weight = 1.90735e-06
         gamma, kinetic energy (MeV) =     0.105834, position (cm) = (-102.561,44.8187,500),	 weight = 1.90735e-06
         gamma, kinetic energy (MeV) =     0.169278, position (cm) = (-93.0859,36.4456,500),	 weight = 1.90735e-06
         gamma, kinetic energy (MeV) =     0.324138, position (cm) = (-107.675,30.1962,500),	 weight = 1.90735e-06
         gamma, kinetic energy (MeV) =     0.146447, position (cm) = (-100.622,-5.7081,500),	 weight = 1.90735e-06
         gamma, kinetic energy (MeV) =     0.119894, position (cm) = (-125.751,-19.7337,500),	 weight = 1.90735e-06
         gamma, kinetic energy (MeV) =     0.321107, position (cm) = (-109.184,-11.9278,500),	 weight = 1.90735e-06
       neutron, kinetic energy (MeV) =     0.949389, position (cm) = (-136.099,-46.9837,500),	 weight = 1.90735e-06
       neutron, kinetic energy (MeV) =      27.8692, position (cm) = (-107.529,-7.16615,500),	 weight = 1.90735e-06
         gamma, kinetic energy (MeV) =     0.840509, position (cm) = (-108.295,-81.5574,500),	 weight = 1.90735e-06
       neutron, kinetic energy (MeV) =   0.00791619, position (cm) = (-119.574,-95.8668,500),	 weight = 1.90735e-06
       neutron, kinetic energy (MeV) =      57.8817, position (cm) = (-123.256,-69.1558,500),	 weight = 1.90735e-06
         gamma, kinetic energy (MeV) =      2.59072, position (cm) = (-99.2011,-79.7322,500),	 weight = 1.90735e-06
       neutron, kinetic energy (MeV) =      3.70375, position (cm) = (-82.8034,-111.126,500),	 weight = 1.90735e-06
         gamma, kinetic energy (MeV) =     0.284492, position (cm) = (-127.799,-126.334,500),	 weight = 1.90735e-06
         gamma, kinetic energy (MeV) =     0.702939, position (cm) = (-121.339,-108.869,500),	 weight = 1.90735e-06
         gamma, kinetic energy (MeV) =      6.44469, position (cm) = (-73.4897,-115.929,500),	 weight = 1.90735e-06
       neutron, kinetic energy (MeV) =  7.76834e-06, position (cm) = (-67.849,-110.863,500),	 weight = 1.90735e-06
         gamma, kinetic energy (MeV) =     0.142799, position (cm) = (-34.449,-88.3839,500),	 weight = 1.90735e-06
       neutron, kinetic energy (MeV) =      86.6142, position (cm) = (-81.8701,-124.496,500),	 weight = 1.90735e-06
         gamma, kinetic energy (MeV) =       1.8002, position (cm) = (-53.341,-116.14,500),	 weight = 1.90735e-06
         gamma, kinetic energy (MeV) =      1.72576, position (cm) = (-71.1975,-147.178,500),	 weight = 1.90735e-06
         gamma, kinetic energy (MeV) =     0.372807, position (cm) = (-76.6393,-104.29,500),	 weight = 3.8147e-06
         gamma, kinetic energy (MeV) =     0.616261, position (cm) = (74.2644,-73.4093,500),	 weight = 1.90735e-06
       neutron, kinetic energy (MeV) =      1.80686, position (cm) = (91.5706,-80.3818,500),	 weight = 1.90735e-06
       neutron, kinetic energy (MeV) =      49.7726, position (cm) = (76.754,-67.5635,500),	 weight = 1.90735e-06
         gamma, kinetic energy (MeV) =     0.475109, position (cm) = (75.0002,-41.1023,500),	 weight = 1.90735e-06
       neutron, kinetic energy (MeV) =      96.8416, position (cm) = (21.3092,-117.261,500),	 weight = 1.90735e-06
       neutron, kinetic energy (MeV) =      6.08299, position (cm) = (19.6506,-111.729,500),	 weight = 1.90735e-06
         gamma, kinetic energy (MeV) =     0.285272, position (cm) = (17.0324,-133.931,500),	 weight = 1.90735e-06
         gamma, kinetic energy (MeV) =      0.63434, position (cm) = (19.9749,-149.571,500),	 weight = 1.90735e-06
       neutron, kinetic energy (MeV) =      2.79512, position (cm) = (15.1439,-132.244,500),	 weight = 1.90735e-06
         gamma, kinetic energy (MeV) =     0.523585, position (cm) = (38.0547,-117.215,500),	 weight = 1.90735e-06
         gamma, kinetic energy (MeV) =    0.0943128, position (cm) = (15.3969,-122.259,500),	 weight = 1.90735e-06
       neutron, kinetic energy (MeV) =  0.000350551, position (cm) = (-3.23562,-99.1689,500),	 weight = 1.90735e-06
         gamma, kinetic energy (MeV) =      2.76356, position (cm) = (0.859621,-82.955,500),	 weight = 1.90735e-06
       neutron, kinetic energy (MeV) =      16.1582, position (cm) = (4.5581,-89.5803,500),	 weight = 1.90735e-06
         gamma, kinetic energy (MeV) =      0.18591, position (cm) = (20.2889,-108.434,500),	 weight = 1.90735e-06
       neutron, kinetic energy (MeV) =      5.63916, position (cm) = (11.9712,-125.214,500),	 weight = 1.90735e-06
         gamma, kinetic energy (MeV) =      0.15296, position (cm) = (21.7935,-89.4053,500),	 weight = 1.90735e-06
       neutron, kinetic energy (MeV) =      1.03685, position (cm) = (24.0295,-104.815,500),	 weight = 1.90735e-06
       neutron, kinetic energy (MeV) =     0.946068, position (cm) = (30.2058,-101.126,500),	 weight = 1.90735e-06
         gamma, kinetic energy (MeV) =      2.22306, position (cm) = (23.6792,-102.71,500),	 weight = 3.8147e-06
       neutron, kinetic energy (MeV) =      80.0047, position (cm) = (16.567,-107.768,500),	 weight = 1.90735e-06
       neutron, kinetic energy (MeV) =      80.0639, position (cm) = (15.2866,-110.331,500),	 weight = 1.90735e-06
         gamma, kinetic energy (MeV) =     0.273896, position (cm) = (72.8567,-129.361,500),	 weight = 1.90735e-06
         gamma, kinetic energy (MeV) =       1.0298, position (cm) = (48.7391,-116.039,500),	 weight = 1.90735e-06
         gamma, kinetic energy (MeV) =      6.77237, position (cm) = (24.2251,-149.431,500),	 weight = 1.90735e-06
       neutron, kinetic energy (MeV) =      30.0802, position (cm) = (12.9528,-102.899,500),	 weight = 1.90735e-06
       neutron, kinetic energy (MeV) =      11.0396, position (cm) = (11.0527,-122.477,500),	 weight = 1.90735e-06
         gamma, kinetic energy (MeV) =       5.8328, position (cm) = (15.5152,-109.526,500),	 weight = 3.8147e-06
         gamma, kinetic energy (MeV) =     0.223539, position (cm) = (9.89834,-138.884,500),	 weight = 1.90735e-06
         gamma, kinetic energy (MeV) =      1.95404, position (cm) = (24.5671,-136.526,500),	 weight = 1.90735e-06
       neutron, kinetic energy (MeV) =       2.8245, position (cm) = (14.7834,-109.382,500),	 weight = 1.90735e-06
         gamma, kinetic energy (MeV) =     0.224891, position (cm) = (9.32448,-119.416,500),	 weight = 1.90735e-06
         gamma, kinetic energy (MeV) =      1.35852, position (cm) = (-18.586,-133.466,500),	 weight = 1.90735e-06
       neutron, kinetic energy (MeV) =      3.45796, position (cm) = (-19.5353,-135.958,500),	 weight = 1.90735e-06
       neutron, kinetic energy (MeV) =       79.317, position (cm) = (-14.8595,-127.175,500),	 weight = 1.90735e-06
       neutron, kinetic energy (MeV) =      1.38481, position (cm) = (46.8627,43.9821,500),	 weight = 1.90735e-06
         gamma, kinetic energy (MeV) =       3.7816, position (cm) = (30.0068,47.7173,500),	 weight = 1.90735e-06
       neutron, kinetic energy (MeV) =      2.33771, position (cm) = (56.8687,85.7752,500),	 weight = 1.90735e-06
       neutron, kinetic energy (MeV) =     0.387015, position (cm) = (46.9239,76.2257,500),	 weight = 1.90735e-06
       neutron, kinetic energy (MeV) =       59.748, position (cm) = (27.4493,54.2991,500),	 weight = 1.90735e-06
         gamma, kinetic energy (MeV) =     0.204191, position (cm) = (24.7361,-58.6451,500),	 weight = 1.90735e-06
       neutron, kinetic energy (MeV) =      54.1293, position (cm) = (3.09674,44.8575,500),	 weight = 1.90735e-06
       neutron, kinetic energy (MeV) =     0.642338, position (cm) = (-17.8753,13.0964,500),	 weight = 1.90735e-06
       neutron, kinetic energy (MeV) =     0.007793, position (cm) = (-16.8362,14.2453,500),	 weight = 1.90735e-06
         gamma, kinetic energy (MeV) =     0.978074, position (cm) = (54.9198,75.4234,500),	 weight = 1.90735e-06
         gamma, kinetic energy (MeV) =      9.06208, position (cm) = (51.3751,81.0103,500),	 weight = 1.90735e-06
         gamma, kinetic energy (MeV) =      3.73755, position (cm) = (61.8967,56.8992,500),	 weight = 1.90735e-06
       neutron, kinetic energy (MeV) =      66.1109, position (cm) = (78.6992,30.6112,500),	 weight = 1.90735e-06
       neutron, kinetic energy (MeV) =  7.55156e-08, position (cm) = (64.3239,59.3911,500),	 weight = 1.90735e-06
         gamma, kinetic energy (MeV) =      7.19927, position (cm) = (61.0543,17.8342,500),	 weight = 1.90735e-06
       neutron, kinetic energy (MeV) =      73.7249, position (cm) = (46.2241,54.7263,500),	 weight = 1.90735e-06
       neutron, kinetic energy (MeV) =      73.7249, position (cm) = (46.2241,54.7263,500),	 weight = 1.90735e-06
         gamma, kinetic energy (MeV) =     0.881898, position (cm) = (14.1402,67.1003,500),	 weight = 3.8147e-06
       neutron, kinetic energy (MeV) =      2.56031, position (cm) = (57.4898,56.2056,500),	 weight = 1.90735e-06
         gamma, kinetic energy (MeV) =    0.0856528, position (cm) = (32.7629,43.332,500),	 weight = 1.90735e-06
         gamma, kinetic energy (MeV) =      1.40801, position (cm) = (78.5478,53.2117,500),	 weight = 1.90735e-06
       neutron, kinetic energy (MeV) =      17.8663, position (cm) = (33.3595,-5.5331,500),	 weight = 1.90735e-06
       neutron, kinetic energy (MeV) =     0.695195, position (cm) = (-0.3742,1.92759,500),	 weight = 1.90735e-06
       neutron, kinetic energy (MeV) =      25.2547, position (cm) = (3.68162,-9.21174,500),	 weight = 1.90735e-06
         gamma, kinetic energy (MeV) =      0.11022, position (cm) = (7.28054,-3.88592,500),	 weight = 1.90735e-06
       neutron, kinetic energy (MeV) =      22.8434, position (cm) = (-3.43188,-0.461747,500),	 weight = 1.90735e-06
       neutron, kinetic energy (MeV) =      55.1177, position (cm) = (-14.0544,-2.41288,500),	 weight = 1.90735e-06
       neutron, kinetic energy (MeV) =      56.6365, position (cm) = (-9.34267,-3.73954,500),	 weight = 1.90735e-06
       neutron, kinetic energy (MeV) =      96.5345, position (cm) = (-34.2444,2.37848,500),	 weight = 1.90735e-06
       neutron, kinetic energy (MeV) =      96.5345, position (cm) = (-34.2444,2.37848,500),	 weight = 1.90735e-06
         gamma, kinetic energy (MeV) =     0.732462, position (cm) = (-21.1703,17.4732,500),	 weight = 1.90735e-06
         gamma, kinetic energy (MeV) =     0.232267, position (cm) = (-30.0819,29.0371,500),	 weight = 1.90735e-06
       neutron, kinetic energy (MeV) =     0.827202, position (cm) = (-61.2887,33.353,500),	 weight = 1.90735e-06
       neutron, kinetic energy (MeV) =  1.29376e-10, position (cm) = (10.7579,-3.22867,500),	 weight = 1.90735e-06
       neutron, kinetic energy (MeV) =      40.0913, position (cm) = (-7.05627,2.54567,500),	 weight = 1.90735e-06
         gamma, kinetic energy (MeV) =     0.240324, position (cm) = (-0.0644361,6.99471,500),	 weight = 1.90735e-06
       neutron, kinetic energy (MeV) =  2.66513e-05, position (cm) = (2.79194,-3.48436,500),	 weight = 1.90735e-06
         gamma, kinetic energy (MeV) =     0.841117, position (cm) = (-4.36757,2.36649,500),	 weight = 1.90735e-06
         gamma, kinetic energy (MeV) =      1.10074, position (cm) = (34.9412,-48.677,500),	 weight = 1.90735e-06
         gamma, kinetic energy (MeV) =     0.918636, position (cm) = (33.3696,-45.8084,500),	 weight = 3.8147e-06
       neutron, kinetic energy (MeV) =      96.1021, position (cm) = (27.2919,-17.4708,500),	 weight = 1.90735e-06
       neutron, kinetic energy (MeV) =      96.4955, position (cm) = (25.8999,-25.2082,500),	 weight = 1.90735e-06
         gamma, kinetic energy (MeV) =      1.94926, position (cm) = (16.0515,-38.1963,500),	 weight = 1.90735e-06
       neutron, kinetic energy (MeV) =       77.764, position (cm) = (14.6304,-37.5795,500),	 weight = 1.90735e-06
       neutron, kinetic energy (MeV) =  2.12005e-06, position (cm) = (50.5207,-16.2715,500),	 weight = 1.90735e-06
       neutron, kinetic energy (MeV) =      45.6055, position (cm) = (18.6725,-32.0992,500),	 weight = 1.90735e-06
         gamma, kinetic energy (MeV) =      1.99389, position (cm) = (13.9451,-39.4545,500),	 weight = 1.90735e-06
         gamma, kinetic energy (MeV) =     0.206501, position (cm) = (4.74646,-33.9182,500),	 weight = 1.90735e-06
         gamma, kinetic energy (MeV) =      3.01951, position (cm) = (-3.25195,-47.7312,500),	 weight = 1.90735e-06
         gamma, kinetic energy (MeV) =     0.104912, position (cm) = (1.51661,-32.8106,500),	 weight = 1.90735e-06
       neutron, kinetic energy (MeV) =   0.00552586, position (cm) = (18.1786,-34.1084,500),	 weight = 1.90735e-06
         gamma, kinetic energy (MeV) =      1.38309, position (cm) = (-0.29168,-33.427,500),	 weight = 1.90735e-06
       neutron, kinetic energy (MeV) =       95.978, position (cm) = (19.0666,-40.5315,500),	 weight = 1.90735e-06
       neutron, kinetic energy (MeV) =      96.5743, position (cm) = (17.8559,-21.6772,500),	 weight = 1.90735e-06
         gamma, kinetic energy (MeV) =     0.399808, position (cm) = (18.0502,-21.1421,500),	 weight = 1.90735e-06
         gamma, kinetic energy (MeV) =      1.01644, position (cm) = (17.4732,-21.7722,500),	 weight = 1.90735e-06
       neutron, kinetic energy (MeV) =      2.01882, position (cm) = (17.0692,-21.6257,500),	 weight = 1.90735e-06
         gamma, kinetic energy (MeV) =      4.39946, position (cm) = (20.134,-22.814,500),	 weight = 1.90735e-06
       neutron, kinetic energy (MeV) =      56.5915, position (cm) = (18.3878,-21.408,500),	 weight = 1.90735e-06
       neutron, kinetic energy (MeV) =      96.5743, position (cm) = (17.8559,-21.6772,500),	 weight = 1.90735e-06
       neutron, kinetic energy (MeV) =      96.2546, position (cm) = (12.3675,-17.9673,500),	 weight = 1.90735e-06
         gamma, kinetic energy (MeV) =      3.49569, position (cm) = (16.7835,-39.3764,500),	 weight = 3.8147e-06
       neutron, kinetic energy (MeV) =      59.1037, position (cm) = (64.89,-43.2237,500),	 weight = 1.90735e-06
       neutron, kinetic energy (MeV) =      3.06956, position (cm) = (43.1167,-25.6673,500),	 weight = 1.90735e-06
       neutron, kinetic energy (MeV) =  1.95483e-05, position (cm) = (25.7569,-12.5489,500),	 weight = 1.90735e-06
         gamma, kinetic energy (MeV) =    0.0959445, position (cm) = (26.0394,-54.8528,500),	 weight = 1.90735e-06
       neutron, kinetic energy (MeV) =  3.41524e-05, position (cm) = (6.39354,-25.4019,500),	 weight = 1.90735e-06
         gamma, kinetic energy (MeV) =      3.74992, position (cm) = (29.5943,-50.1176,500),	 weight = 1.90735e-06
            e-, kinetic energy (MeV) =      1.73457, position (cm) = (29.664,-50.2522,500),	 weight = 1.90735e-06
       neutron, kinetic energy (MeV) =      14.9926, position (cm) = (34.5834,-48.9771,500),	 weight = 1.90735e-06
       neutron, kinetic energy (MeV) =      63.8573, position (cm) = (26.1812,-58.9441,500),	 weight = 1.90735e-06
       neutron, kinetic energy (MeV) =      59.6034, position (cm) = (34.0715,-121.619,500),	 weight = 1.90735e-06
       neutron, kinetic energy (MeV) =   1.2046e-07, position (cm) = (16.3621,-84.6252,500),	 weight = 1.90735e-06
         gamma, kinetic energy (MeV) =      7.19927, position (cm) = (24.7745,19.3537,500),	 weight = 1.52588e-05
       neutron, kinetic energy (MeV) =      59.7171, position (cm) = (115.376,-75.6655,500),	 weight = 1.90735e-06
         gamma, kinetic energy (MeV) =     0.073468, position (cm) = (108.73,-73.6736,500),	 weight = 1.90735e-06
         gamma, kinetic energy (MeV) =     0.405382, position (cm) = (94.5091,-104.533,500),	 weight = 1.90735e-06
         gamma, kinetic energy (MeV) =     0.601139, position (cm) = (100.642,-29.1845,500),	 weight = 1.52588e-05
         gamma, kinetic energy (MeV) =     0.263021, position (cm) = (11.0062,28.8863,500),	 weight = 3.8147e-06
         gamma, kinetic energy (MeV) =     0.268133, position (cm) = (-6.58248,41.3561,500),	 weight = 3.8147e-06
         gamma, kinetic energy (MeV) =      1.26132, position (cm) = (41.7919,18.4846,500),	 weight = 1.90735e-06
         gamma, kinetic energy (MeV) =     0.305373, position (cm) = (53.6465,24.3092,500),	 weight = 1.90735e-06
         gamma, kinetic energy (MeV) =      0.36142, position (cm) = (-4.59073,-41.9836,500),	 weight = 3.8147e-06
       neutron, kinetic energy (MeV) =       2.0879, position (cm) = (36.3175,138.127,500),	 weight = 1.90735e-06
       neutron, kinetic energy (MeV) =      93.8128, position (cm) = (-61.6601,-137.905,500),	 weight = 1.90735e-06
       neutron, kinetic energy (MeV) =      93.7997, position (cm) = (-62.2874,-138.94,500),	 weight = 1.90735e-06
         gamma, kinetic energy (MeV) =     0.177463, position (cm) = (-70.4379,-117.635,500),	 weight = 1.90735e-06
       neutron, kinetic energy (MeV) =      24.7998, position (cm) = (-53.8724,-143.688,500),	 weight = 1.90735e-06
       neutron, kinetic energy (MeV) =      33.1011, position (cm) = (-61.6214,-140.224,500),	 weight = 1.90735e-06
         gamma, kinetic energy (MeV) =      2.39869, position (cm) = (-73.612,-126.208,500),	 weight = 1.90735e-06
         gamma, kinetic energy (MeV) =      6.40818, position (cm) = (-62.0855,-121.017,500),	 weight = 1.90735e-06
         gamma, kinetic energy (MeV) =     0.887833, position (cm) = (-105.578,-132.223,500),	 weight = 3.8147e-06
       neutron, kinetic energy (MeV) =      33.0663, position (cm) = (-34.5977,-54.3685,500),	 weight = 1.90735e-06
         gamma, kinetic energy (MeV) =     0.308058, position (cm) = (-36.3687,-18.6003,500),	 weight = 1.90735e-06
         gamma, kinetic energy (MeV) =      1.20551, position (cm) = (-60.268,18.0711,500),	 weight = 1.90735e-06
         gamma, kinetic energy (MeV) =      2.08669, position (cm) = (-33.5508,-2.48475,500),	 weight = 1.90735e-06
       neutron, kinetic energy (MeV) =      2.07659, position (cm) = (-39.566,-1.329,500),	 weight = 1.90735e-06
       neutron, kinetic energy (MeV) =       45.221, position (cm) = (0.517983,-57.4399,500),	 weight = 1.90735e-06
       neutron, kinetic energy (MeV) =      2.54553, position (cm) = (-8.39834,-69.4029,500),	 weight = 1.90735e-06
       neutron, kinetic energy (MeV) =      50.6486, position (cm) = (-15.9465,-42.6215,500),	 weight = 1.90735e-06
       neutron, kinetic energy (MeV) =      50.1161, position (cm) = (-20.1683,-33.9679,500),	 weight = 1.90735e-06
       neutron, kinetic energy (MeV) =      35.0099, position (cm) = (28.3181,-57.7424,500),	 weight = 1.90735e-06
         gamma, kinetic energy (MeV) =      2.22306, position (cm) = (-35.477,-56.1545,500),	 weight = 1.90735e-06
       neutron, kinetic energy (MeV) =      28.3591, position (cm) = (-21.2158,-71.0711,500),	 weight = 1.90735e-06
       neutron, kinetic energy (MeV) =      71.2385, position (cm) = (-51.53,-47.78,500),	 weight = 1.90735e-06
         gamma, kinetic energy (MeV) =      0.10522, position (cm) = (-57.6089,-50.102,500),	 weight = 1.90735e-06
         gamma, kinetic energy (MeV) =     0.588607, position (cm) = (-49.8907,-43.6852,500),	 weight = 1.90735e-06
         gamma, kinetic energy (MeV) =     0.111976, position (cm) = (-58.509,-47.1594,500),	 weight = 1.90735e-06
       neutron, kinetic energy (MeV) =     0.353523, position (cm) = (-61.2526,-50.3633,500),	 weight = 1.90735e-06
         gamma, kinetic energy (MeV) =      10.6868, position (cm) = (-55.1405,-45.1292,500),	 weight = 1.90735e-06
       neutron, kinetic energy (MeV) =      28.9195, position (cm) = (-41.2819,-46.542,500),	 weight = 1.90735e-06
       neutron, kinetic energy (MeV) =      71.0259, position (cm) = (-47.6742,-48.4947,500),	 weight = 1.90735e-06
       neutron, kinetic energy (MeV) =      71.5789, position (cm) = (-8.87549,-3.5116,500),	 weight = 1.90735e-06
         gamma, kinetic energy (MeV) =     0.184205, position (cm) = (-11.6031,-14.3474,500),	 weight = 1.90735e-06
         gamma, kinetic energy (MeV) =     0.333057, position (cm) = (-35.0489,-64.6257,500),	 weight = 1.90735e-06
         gamma, kinetic energy (MeV) =     0.102037, position (cm) = (-21.0376,-30.8445,500),	 weight = 1.90735e-06
         gamma, kinetic energy (MeV) =     0.614703, position (cm) = (-18.4681,-5.5689,500),	 weight = 1.90735e-06
         gamma, kinetic energy (MeV) =       1.1876, position (cm) = (-10.8514,-31.5914,500),	 weight = 1.90735e-06
       neutron, kinetic energy (MeV) =      68.9839, position (cm) = (-60.3151,-101.382,500),	 weight = 1.90735e-06
         gamma, kinetic energy (MeV) =     0.284475, position (cm) = (-42.7967,-99.8028,500),	 weight = 1.90735e-06
         gamma, kinetic energy (MeV) =      5.81055, position (cm) = (-52.6766,-79.2982,500),	 weight = 1.90735e-06
       neutron, kinetic energy (MeV) =      5.16146, position (cm) = (-54.5336,-98.7519,500),	 weight = 1.90735e-06
       neutron, kinetic energy (MeV) =      59.8903, position (cm) = (-32.4705,-106.482,500),	 weight = 1.90735e-06
       neutron, kinetic energy (MeV) =       68.264, position (cm) = (-35.2967,-106.354,500),	 weight = 1.90735e-06
         gamma, kinetic energy (MeV) =     0.362512, position (cm) = (-35.4483,-67.3124,500),	 weight = 1.90735e-06
         gamma, kinetic energy (MeV) =     0.217763, position (cm) = (-43.6095,-69.0488,500),	 weight = 1.90735e-06
         gamma, kinetic energy (MeV) =     0.365402, position (cm) = (-35.8723,-58.9062,500),	 weight = 1.90735e-06
         gamma, kinetic energy (MeV) =     0.391883, position (cm) = (-21.8331,-63.5598,500),	 weight = 1.90735e-06
       neutron, kinetic energy (MeV) =      1.68053, position (cm) = (-146.783,-56.316,500),	 weight = 1.90735e-06
       neutron, kinetic energy (MeV) =       97.472, position (cm) = (-120.928,-42.8497,500),	 weight = 1.90735e-06
         gamma, kinetic energy (MeV) =     0.554322, position (cm) = (-85.3898,-43.7499,500),	 weight = 1.90735e-06
       neutron, kinetic energy (MeV) =      9.28706, position (cm) = (-98.4697,-77.3927,500),	 weight = 1.90735e-06
       neutron, kinetic energy (MeV) =      1.64171, position (cm) = (-122.077,-84.5218,500),	 weight = 1.90735e-06
       neutron, kinetic energy (MeV) =  0.000136982, position (cm) = (-142.821,-57.2927,500),	 weight = 1.90735e-06
       neutron, kinetic energy (MeV) =      1.64175, position (cm) = (-136.354,-53.3778,500),	 weight = 1.90735e-06
         gamma, kinetic energy (MeV) =     0.096319, position (cm) = (-146.768,-68.9195,500),	 weight = 1.90735e-06
         gamma, kinetic energy (MeV) =     0.142892, position (cm) = (-100.56,-109.766,500),	 weight = 1.90735e-06
         gamma, kinetic energy (MeV) =      3.31477, position (cm) = (-96.2167,-98.9096,500),	 weight = 1.90735e-06
       neutron, kinetic energy (MeV) =       64.155, position (cm) = (-85.1716,-106.537,500),	 weight = 1.90735e-06
         gamma, kinetic energy (MeV) =     0.595566, position (cm) = (-84.5852,-106.408,500),	 weight = 1.90735e-06
       neutron, kinetic energy (MeV) =  2.99305e-05, position (cm) = (-102.246,-107.722,500),	 weight = 1.90735e-06
       neutron, kinetic energy (MeV) =      51.3647, position (cm) = (-73.372,-97.691,500),	 weight = 1.90735e-06
         gamma, kinetic energy (MeV) =    0.0689569, position (cm) = (-59.238,-61.4425,500),	 weight = 1.90735e-06
         gamma, kinetic energy (MeV) =     0.171498, position (cm) = (-43.2831,-13.8195,500),	 weight = 1.90735e-06
         gamma, kinetic energy (MeV) =    0.0564823, position (cm) = (-88.3443,-62.7684,500),	 weight = 1.90735e-06
         gamma, kinetic energy (MeV) =      0.27811, position (cm) = (-114.706,-71.5856,500),	 weight = 1.90735e-06
       neutron, kinetic energy (MeV) =  1.46927e-05, position (cm) = (-84.612,-56.0835,500),	 weight = 1.90735e-06
         gamma, kinetic energy (MeV) =      1.78592, position (cm) = (-91.9687,-54.8444,500),	 weight = 1.90735e-06
         gamma, kinetic energy (MeV) =      0.09053, position (cm) = (-90.0464,-67.7978,500),	 weight = 1.90735e-06
       neutron, kinetic energy (MeV) =      2.62755, position (cm) = (-86.7933,-60.2331,500),	 weight = 1.90735e-06
         gamma, kinetic energy (MeV) =        5.483, position (cm) = (-84.3335,-59.1248,500),	 weight = 1.90735e-06
       neutron, kinetic energy (MeV) =      47.8909, position (cm) = (-85.9818,-56.1934,500),	 weight = 1.90735e-06
       neutron, kinetic energy (MeV) =      96.9244, position (cm) = (-83.0354,-61.6891,500),	 weight = 1.90735e-06
       neutron, kinetic energy (MeV) =      98.1203, position (cm) = (-85.6975,-56.376,500),	 weight = 1.90735e-06
       neutron, kinetic energy (MeV) =      52.9469, position (cm) = (-73.5495,-58.922,500),	 weight = 1.90735e-06
         gamma, kinetic energy (MeV) =      2.71276, position (cm) = (-92.1507,-75.6358,500),	 weight = 1.90735e-06
         gamma, kinetic energy (MeV) =    0.0402582, position (cm) = (-89.8406,-46.7593,500),	 weight = 1.90735e-06
         gamma, kinetic energy (MeV) =     0.152052, position (cm) = (-83.3431,-99.461,500),	 weight = 1.90735e-06
         gamma, kinetic energy (MeV) =     0.185187, position (cm) = (-82.6934,-106.562,500),	 weight = 1.90735e-06
         gamma, kinetic energy (MeV) =     0.727182, position (cm) = (-105.049,-43.6592,500),	 weight = 1.90735e-06
         gamma, kinetic energy (MeV) =      0.23837, position (cm) = (-96.9344,-46.1911,500),	 weight = 1.90735e-06
         gamma, kinetic energy (MeV) =     0.103962, position (cm) = (-97.593,-24.9674,500),	 weight = 1.90735e-06
       neutron, kinetic energy (MeV) =      27.6891, position (cm) = (-101.385,-68.2628,500),	 weight = 1.90735e-06
       neutron, kinetic energy (MeV) =   3.4665e-07, position (cm) = (-120.565,-55.6945,500),	 weight = 1.90735e-06
       neutron, kinetic energy (MeV) =      5.31018, position (cm) = (-99.2712,-39.3389,500),	 weight = 1.90735e-06
         gamma, kinetic energy (MeV) =      3.85608, position (cm) = (-100.651,-59.8972,500),	 weight = 1.90735e-06
         gamma, kinetic energy (MeV) =     0.119895, position (cm) = (-72.0332,-23.7674,500),	 weight = 1.90735e-06
       neutron, kinetic energy (MeV) =      97.2656, position (cm) = (-113.143,-76.7407,500),	 weight = 1.90735e-06
       neutron, kinetic energy (MeV) =      97.9111, position (cm) = (-104.064,-70.9101,500),	 weight = 1.90735e-06
         gamma, kinetic energy (MeV) =     0.589532, position (cm) = (-136.004,-59.9865,500),	 weight = 3.8147e-06
         gamma, kinetic energy (MeV) =     0.706816, position (cm) = (-124.299,-82.0015,500),	 weight = 3.8147e-06
       neutron, kinetic energy (MeV) =      40.0391, position (cm) = (-129.588,23.031,500),	 weight = 1.90735e-06
       neutron, kinetic energy (MeV) =  2.10803e-07, position (cm) = (-134.117,55.2612,500),	 weight = 1.90735e-06
       neutron, kinetic energy (MeV) =      26.7684, position (cm) = (18.802,-24.7229,500),	 weight = 1.90735e-06
         gamma, kinetic energy (MeV) =    0.0917282, position (cm) = (75.2861,-8.98574,500),	 weight = 1.90735e-06
         gamma, kinetic energy (MeV) =      0.14678, position (cm) = (33.9672,-49.2948,500),	 weight = 1.90735e-06
         gamma, kinetic energy (MeV) =     0.403758, position (cm) = (23.0102,-61.1799,500),	 weight = 1.90735e-06
       neutron, kinetic energy (MeV) =      25.6186, position (cm) = (27.2251,-39.3222,500),	 weight = 1.90735e-06
         gamma, kinetic energy (MeV) =     0.119708, position (cm) = (-6.95482,-88.3652,500),	 weight = 1.90735e-06
         gamma, kinetic energy (MeV) =     0.271571, position (cm) = (9.34449,-108.441,500),	 weight = 1.90735e-06
       neutron, kinetic energy (MeV) =      7.79034, position (cm) = (0.810965,-124.455,500),	 weight = 1.90735e-06
         gamma, kinetic energy (MeV) =     0.160096, position (cm) = (2.0065,-103.993,500),	 weight = 1.90735e-06
         gamma, kinetic energy (MeV) =     0.280836, position (cm) = (-9.21965,-112.361,500),	 weight = 1.90735e-06
         gamma, kinetic energy (MeV) =      0.37893, position (cm) = (19.3724,-115.176,500),	 weight = 1.90735e-06
       neutron, kinetic energy (MeV) =      4.76858, position (cm) = (3.75559,-101.603,500),	 weight = 1.90735e-06
       neutron, kinetic energy (MeV) =      89.9556, position (cm) = (37.4996,-74.3945,500),	 weight = 1.90735e-06
       neutron, kinetic energy (MeV) =       55.075, position (cm) = (49.7441,-69.3873,500),	 weight = 1.90735e-06
       neutron, kinetic energy (MeV) =   1.6413e-08, position (cm) = (43.1102,-75.9661,500),	 weight = 1.90735e-06
       neutron, kinetic energy (MeV) =      4.27531, position (cm) = (35.892,-74.4056,500),	 weight = 1.90735e-06
         gamma, kinetic energy (MeV) =     0.157738, position (cm) = (36.6341,-77.4262,500),	 weight = 1.90735e-06
       neutron, kinetic energy (MeV) =      90.0974, position (cm) = (40.037,-68.734,500),	 weight = 1.90735e-06
         gamma, kinetic energy (MeV) =     0.195656, position (cm) = (40.8226,-93.4085,500),	 weight = 1.90735e-06
         gamma, kinetic energy (MeV) =    0.0436889, position (cm) = (21.762,-55.4127,500),	 weight = 1.90735e-06
         gamma, kinetic energy (MeV) =     0.111611, position (cm) = (105.548,-52.3133,500),	 weight = 1.90735e-06
       neutron, kinetic energy (MeV) =      1.89101, position (cm) = (51.5564,-60.7926,500),	 weight = 1.90735e-06
         gamma, kinetic energy (MeV) =       1.3974, position (cm) = (44.4445,-72.4327,500),	 weight = 1.90735e-06
       neutron, kinetic energy (MeV) =        90.93, position (cm) = (51.566,-68.6345,500),	 weight = 1.90735e-06
         gamma, kinetic energy (MeV) =      1.66387, position (cm) = (55.3652,-53.4703,500),	 weight = 1.90735e-06
            e-, kinetic energy (MeV) =     0.504467, position (cm) = (54.644,-53.5045,500),	 weight = 1.90735e-06
       neutron, kinetic energy (MeV) =      57.5878, position (cm) = (52.3788,-54.4561,500),	 weight = 1.90735e-06
       neutron, kinetic energy (MeV) =      52.4988, position (cm) = (6.71002,-69.2181,500),	 weight = 1.90735e-06
       neutron, kinetic energy (MeV) =  0.000397228, position (cm) = (63.2118,-59.6146,500),	 weight = 1.90735e-06
       neutron, kinetic energy (MeV) =  1.74202e-05, position (cm) = (19.5721,-43.2612,500),	 weight = 1.90735e-06
       neutron, kinetic energy (MeV) =    0.0133459, position (cm) = (79.7463,-43.4606,500),	 weight = 1.90735e-06
       neutron, kinetic energy (MeV) =  2.59698e-08, position (cm) = (83.2462,-73.5641,500),	 weight = 1.90735e-06
       neutron, kinetic energy (MeV) =       19.159, position (cm) = (92.5052,-60.4935,500),	 weight = 1.90735e-06
       neutron, kinetic energy (MeV) =      51.9409, position (cm) = (61.9782,-54.6371,500),	 weight = 1.90735e-06
       neutron, kinetic energy (MeV) =      47.8083, position (cm) = (80.1361,-25.3017,500),	 weight = 1.90735e-06
         gamma, kinetic energy (MeV) =      2.22306, position (cm) = (-42.6815,6.15347,500),	 weight = 1.90735e-06
         gamma, kinetic energy (MeV) =    0.0472737, position (cm) = (-76.7862,-24.073,500),	 weight = 3.8147e-06
       neutron, kinetic energy (MeV) =      46.4308, position (cm) = (-106.441,57.0563,500),	 weight = 1.90735e-06
       neutron, kinetic energy (MeV) =      28.6929, position (cm) = (-64.5281,85.8574,500),	 weight = 1.90735e-06
       neutron, kinetic energy (MeV) =      4.67596, position (cm) = (-58.337,17.2628,500),	 weight = 1.90735e-06
       neutron, kinetic energy (MeV) =   0.00750435, position (cm) = (-97.7009,53.9601,500),	 weight = 1.90735e-06
         gamma, kinetic energy (MeV) =      0.12056, position (cm) = (-96.9171,48.6573,500),	 weight = 1.90735e-06
         gamma, kinetic energy (MeV) =      5.67095, position (cm) = (-100.489,52.7607,500),	 weight = 1.90735e-06
         gamma, kinetic energy (MeV) =     0.309502, position (cm) = (-80.6519,66.4473,500),	 weight = 1.90735e-06
         gamma, kinetic energy (MeV) =      9.97001, position (cm) = (-94.7388,73.4452,500),	 weight = 1.90735e-06
       neutron, kinetic energy (MeV) =      43.8985, position (cm) = (-95.6736,72.1259,500),	 weight = 1.90735e-06
       neutron, kinetic energy (MeV) =      1.92847, position (cm) = (-86.7224,73.4185,500),	 weight = 1.90735e-06
       neutron, kinetic energy (MeV) =      8.67521, position (cm) = (-90.567,77.2007,500),	 weight = 1.90735e-06
       neutron, kinetic energy (MeV) =      30.6433, position (cm) = (-93.812,-63.4057,500),	 weight = 1.90735e-06
       neutron, kinetic energy (MeV) =      68.9184, position (cm) = (109.1,-86.7073,500),	 weight = 1.90735e-06
       neutron, kinetic energy (MeV) =       69.043, position (cm) = (109.184,-86.6117,500),	 weight = 1.90735e-06
         gamma, kinetic energy (MeV) =      1.69247, position (cm) = (95.3023,-81.1441,500),	 weight = 1.90735e-06
         gamma, kinetic energy (MeV) =      1.03344, position (cm) = (120.877,-62.4262,500),	 weight = 1.90735e-06
       neutron, kinetic energy (MeV) =      46.8244, position (cm) = (94.0487,-80.7899,500),	 weight = 1.90735e-06
       neutron, kinetic energy (MeV) =      23.2887, position (cm) = (76.3696,-70.3884,500),	 weight = 1.90735e-06
         gamma, kinetic energy (MeV) =      1.73636, position (cm) = (77.3959,-76.7512,500),	 weight = 1.90735e-06
         gamma, kinetic energy (MeV) =     0.624939, position (cm) = (80.5407,-76.8054,500),	 weight = 1.90735e-06
       neutron, kinetic energy (MeV) =  7.93521e-05, position (cm) = (97.3996,-80.8272,500),	 weight = 1.90735e-06
         gamma, kinetic energy (MeV) =     0.879208, position (cm) = (90.0859,-65.3921,500),	 weight = 1.90735e-06
            e-, kinetic energy (MeV) =      2.97568, position (cm) = (89.2736,-64.8892,500),	 weight = 1.90735e-06
         gamma, kinetic energy (MeV) =     0.115037, position (cm) = (89.2738,-64.891,500),	 weight = 1.90735e-06
       neutron, kinetic energy (MeV) =      55.3676, position (cm) = (79.2375,-81.6842,500),	 weight = 1.90735e-06
         gamma, kinetic energy (MeV) =     0.383239, position (cm) = (56.2044,-64.4956,500),	 weight = 1.90735e-06
       neutron, kinetic energy (MeV) =  1.03961e-06, position (cm) = (48.4434,-65.6503,500),	 weight = 1.90735e-06
       neutron, kinetic energy (MeV) =      1.00984, position (cm) = (60.156,-61.4612,500),	 weight = 1.90735e-06
       neutron, kinetic energy (MeV) =     0.590063, position (cm) = (59.8182,-36.4113,500),	 weight = 1.90735e-06
         gamma, kinetic energy (MeV) =     0.510999, position (cm) = (-47.5627,-79.3815,500),	 weight = 1.90735e-06
         gamma, kinetic energy (MeV) =      2.22306, position (cm) = (-15.1988,-69.1399,500),	 weight = 1.90735e-06
       neutron, kinetic energy (MeV) =   0.00124995, position (cm) = (-61.4885,-101.826,500),	 weight = 1.90735e-06
         gamma, kinetic energy (MeV) =      4.29892, position (cm) = (-22.2682,-85.8739,500),	 weight = 1.90735e-06
       neutron, kinetic energy (MeV) =  3.41816e-07, position (cm) = (-31.9571,-107.32,500),	 weight = 1.90735e-06
         gamma, kinetic energy (MeV) =      5.96218, position (cm) = (-76.3927,46.7856,500),	 weight = 1.52588e-05
            e-, kinetic energy (MeV) =      2.98569, position (cm) = (-76.5526,46.7808,500),	 weight = 1.52588e-05
         gamma, kinetic energy (MeV) =     0.218247, position (cm) = (-49.2148,-83.6384,500),	 weight = 1.90735e-06
       neutron, kinetic energy (MeV) =     0.926459, position (cm) = (-28.779,-86.7349,500),	 weight = 1.90735e-06
       neutron, kinetic energy (MeV) =      49.8265, position (cm) = (-56.7314,-99.2621,500),	 weight = 1.90735e-06
         gamma, kinetic energy (MeV) =      1.79376, position (cm) = (-88.3316,-115.004,500),	 weight = 1.90735e-06
         gamma, kinetic energy (MeV) =      0.13228, position (cm) = (-56.3688,-77.1384,500),	 weight = 3.8147e-06
       neutron, kinetic energy (MeV) =    0.0229471, position (cm) = (-77.737,-66.8713,500),	 weight = 1.90735e-06
       neutron, kinetic energy (MeV) =  5.33305e-10, position (cm) = (-67.271,-62.3064,500),	 weight = 1.90735e-06
       neutron, kinetic energy (MeV) =       50.469, position (cm) = (-85.8158,-57.9851,500),	 weight = 1.90735e-06
         gamma, kinetic energy (MeV) =     0.273693, position (cm) = (-31.1293,19.5436,500),	 weight = 1.90735e-06
       neutron, kinetic energy (MeV) =      27.2234, position (cm) = (-58.305,-11.3047,500),	 weight = 1.90735e-06
         gamma, kinetic energy (MeV) =      0.83747, position (cm) = (-69.9434,-3.52206,500),	 weight = 1.90735e-06
       neutron, kinetic energy (MeV) =      9.95371, position (cm) = (-75.695,46.1787,500),	 weight = 1.90735e-06
         gamma, kinetic energy (MeV) =     0.196118, position (cm) = (-84.69,40.8101,500),	 weight = 1.90735e-06
         gamma, kinetic energy (MeV) =      1.05192, position (cm) = (-87.2838,50.1897,500),	 weight = 1.90735e-06
         gamma, kinetic energy (MeV) =      1.94279, position (cm) = (-112.647,52.9475,500),	 weight = 1.90735e-06
         gamma, kinetic energy (MeV) =      3.53197, position (cm) = (-111.586,51.9134,500),	 weight = 1.90735e-06
         gamma, kinetic energy (MeV) =     0.626568, position (cm) = (-61.735,95.0979,500),	 weight = 1.90735e-06
         gamma, kinetic energy (MeV) =    0.0965549, position (cm) = (-73.6229,85.7865,500),	 weight = 1.90735e-06
         gamma, kinetic energy (MeV) =     0.791856, position (cm) = (-77.902,109.637,500),	 weight = 1.90735e-06
         gamma, kinetic energy (MeV) =      2.82127, position (cm) = (-58.5524,84.2515,500),	 weight = 1.90735e-06
         gamma, kinetic energy (MeV) =     0.510999, position (cm) = (-83.5614,25.5609,500),	 weight = 1.90735e-06
         gamma, kinetic energy (MeV) =     0.178411, position (cm) = (-89.6585,21.6535,500),	 weight = 1.90735e-06
         gamma, kinetic energy (MeV) =      9.91466, position (cm) = (-89.9927,51.9854,500),	 weight = 1.90735e-06
       neutron, kinetic energy (MeV) =      72.6685, position (cm) = (-74.4017,38.3878,500),	 weight = 1.90735e-06
       neutron, kinetic energy (MeV) =      83.3179, position (cm) = (-66.9905,39.8339,500),	 weight = 1.90735e-06
       neutron, kinetic energy (MeV) =      6.38867, position (cm) = (-65.9803,45.6706,500),	 weight = 1.90735e-06
       neutron, kinetic energy (MeV) =      83.5142, position (cm) = (-78.7396,26.5978,500),	 weight = 1.90735e-06
       neutron, kinetic energy (MeV) =      84.1092, position (cm) = (-76.7968,43.5109,500),	 weight = 1.90735e-06
         gamma, kinetic energy (MeV) =     0.504261, position (cm) = (-74.8533,2.13608,500),	 weight = 1.90735e-06
         gamma, kinetic energy (MeV) =       1.5531, position (cm) = (-86.1411,51.5806,500),	 weight = 1.90735e-06
       neutron, kinetic energy (MeV) =      49.8441, position (cm) = (-88.01,45.739,500),	 weight = 1.90735e-06
         gamma, kinetic energy (MeV) =      2.02782, position (cm) = (-83.4395,35.2665,500),	 weight = 1.90735e-06
       neutron, kinetic energy (MeV) =  1.00276e-05, position (cm) = (-120.11,59.1314,500),	 weight = 1.90735e-06
         gamma, kinetic energy (MeV) =      1.38256, position (cm) = (-59.5239,54.4282,500),	 weight = 3.8147e-06
         gamma, kinetic energy (MeV) =     0.625765, position (cm) = (-94.9242,62.4866,500),	 weight = 1.90735e-06
       neutron, kinetic energy (MeV) =      77.2536, position (cm) = (-80.4799,66.5741,500),	 weight = 1.90735e-06
       neutron, kinetic energy (MeV) =      84.4367, position (cm) = (-75.2227,59.3392,500),	 weight = 1.90735e-06
         gamma, kinetic energy (MeV) =      5.17059, position (cm) = (-92.8677,83.6585,500),	 weight = 1.90735e-06
       neutron, kinetic energy (MeV) =  1.10656e-05, position (cm) = (-83.4158,87.1278,500),	 weight = 1.90735e-06
       neutron, kinetic energy (MeV) =   0.00531977, position (cm) = (-94.6116,97.5227,500),	 weight = 1.90735e-06
       neutron, kinetic energy (MeV) =      81.1443, position (cm) = (-70.7746,113.162,500),	 weight = 1.90735e-06
         gamma, kinetic energy (MeV) =      3.74163, position (cm) = (-60.6089,19.3419,500),	 weight = 3.8147e-06
         gamma, kinetic energy (MeV) =    0.0548129, position (cm) = (-65.8985,32.9975,500),	 weight = 1.90735e-06
         gamma, kinetic energy (MeV) =     0.100141, position (cm) = (-87.5851,67.2194,500),	 weight = 1.90735e-06
       neutron, kinetic energy (MeV) =  6.45928e-07, position (cm) = (-104.684,80.3179,500),	 weight = 1.90735e-06
       neutron, kinetic energy (MeV) =      82.9409, position (cm) = (-89.0663,62.9487,500),	 weight = 1.90735e-06
       neutron, kinetic energy (MeV) =       57.581, position (cm) = (-89.2046,37.4441,500),	 weight = 1.90735e-06
       neutron, kinetic energy (MeV) =      58.2948, position (cm) = (-90.1857,37.5344,500),	 weight = 1.90735e-06
         gamma, kinetic energy (MeV) =      11.1605, position (cm) = (-69.0528,31.9656,500),	 weight = 1.90735e-06
       neutron, kinetic energy (MeV) =  5.08651e-07, position (cm) = (-120.754,46.9474,500),	 weight = 1.90735e-06
         gamma, kinetic energy (MeV) =     0.160443, position (cm) = (-112.456,47.1386,500),	 weight = 1.90735e-06
       neutron, kinetic energy (MeV) =      1.30533, position (cm) = (-144.753,42.727,500),	 weight = 1.90735e-06
         gamma, kinetic energy (MeV) =      1.59021, position (cm) = (-93.3365,32.2141,500),	 weight = 1.90735e-06
         gamma, kinetic energy (MeV) =     0.934297, position (cm) = (-103.856,54.3141,500),	 weight = 1.90735e-06
       neutron, kinetic energy (MeV) =       17.764, position (cm) = (-91.2473,45.7357,500),	 weight = 1.90735e-06
       neutron, kinetic energy (MeV) =      17.6986, position (cm) = (-91.3708,-27.3546,500),	 weight = 1.90735e-06
         gamma, kinetic energy (MeV) =     0.284561, position (cm) = (-60.5411,38.5488,500),	 weight = 3.8147e-06
       neutron, kinetic energy (MeV) =  0.000113798, position (cm) = (-43.7665,6.61539,500),	 weight = 1.90735e-06
         gamma, kinetic energy (MeV) =      6.44469, position (cm) = (-96.7924,27.2754,500),	 weight = 1.90735e-06
         gamma, kinetic energy (MeV) =     0.204867, position (cm) = (-83.8786,28.9186,500),	 weight = 1.90735e-06
         gamma, kinetic energy (MeV) =     0.178495, position (cm) = (26.2974,-98.8814,500),	 weight = 1.90735e-06
         gamma, kinetic energy (MeV) =      0.59937, position (cm) = (27.2586,-98.9873,500),	 weight = 1.90735e-06
         gamma, kinetic energy (MeV) =      4.94429, position (cm) = (26.9484,-98.8377,500),	 weight = 1.90735e-06
         gamma, kinetic energy (MeV) =     0.510999, position (cm) = (23.7565,-98.845,500),	 weight = 1.90735e-06
         gamma, kinetic energy (MeV) =     0.185622, position (cm) = (23.5831,-100.92,500),	 weight = 1.90735e-06
         gamma, kinetic energy (MeV) =     0.213014, position (cm) = (19.0199,-88.6231,500),	 weight = 1.90735e-06
       neutron, kinetic energy (MeV) =      87.0544, position (cm) = (21.9074,-94.3384,500),	 weight = 1.90735e-06
         gamma, kinetic energy (MeV) =      1.09457, position (cm) = (13.0732,-110.795,500),	 weight = 1.90735e-06
       neutron, kinetic energy (MeV) =      79.6952, position (cm) = (16.8417,-118.129,500),	 weight = 1.90735e-06
       neutron, kinetic energy (MeV) =  3.34934e-07, position (cm) = (10.8465,-100.485,500),	 weight = 1.90735e-06
         gamma, kinetic energy (MeV) =     0.367548, position (cm) = (82.0269,-96.3076,500),	 weight = 1.90735e-06
         gamma, kinetic energy (MeV) =     0.083346, position (cm) = (19.3587,-122.843,500),	 weight = 1.90735e-06
         gamma, kinetic energy (MeV) =      2.77045, position (cm) = (51.7401,-115.939,500),	 weight = 1.90735e-06
         gamma, kinetic energy (MeV) =     0.290889, position (cm) = (74.0161,-113.607,500),	 weight = 1.90735e-06
         gamma, kinetic energy (MeV) =      4.21974, position (cm) = (76.1836,-115.234,500),	 weight = 1.90735e-06
       neutron, kinetic energy (MeV) =      5.17524, position (cm) = (79.2486,-112.779,500),	 weight = 1.90735e-06
         gamma, kinetic energy (MeV) =      6.96926, position (cm) = (77.4113,-117.342,500),	 weight = 1.90735e-06
       neutron, kinetic energy (MeV) =      42.6939, position (cm) = (97.6619,-123.708,500),	 weight = 1.90735e-06
         gamma, kinetic energy (MeV) =     0.578825, position (cm) = (59.3373,-8.00099,500),	 weight = 1.90735e-06
         gamma, kinetic energy (MeV) =    0.0918055, position (cm) = (37.1029,-28.7779,500),	 weight = 1.90735e-06
         gamma, kinetic energy (MeV) =     0.956009, position (cm) = (1.03104,-2.86159,500),	 weight = 1.90735e-06
         gamma, kinetic energy (MeV) =    0.0964317, position (cm) = (-32.8817,11.3135,500),	 weight = 1.90735e-06
       neutron, kinetic energy (MeV) =   5.6664e-05, position (cm) = (-15.5588,41.0086,500),	 weight = 1.90735e-06
       neutron, kinetic energy (MeV) =  9.62285e-08, position (cm) = (-82.4264,-2.10054,500),	 weight = 1.90735e-06
         gamma, kinetic energy (MeV) =     0.492891, position (cm) = (-93.9938,-21.7624,500),	 weight = 1.90735e-06
         gamma, kinetic energy (MeV) =     0.935768, position (cm) = (-119.5,11.8496,500),	 weight = 1.90735e-06
       neutron, kinetic energy (MeV) =      20.8774, position (cm) = (-113.33,-5.93763,500),	 weight = 1.90735e-06
         gamma, kinetic energy (MeV) =      6.44469, position (cm) = (37.9938,44.7207,500),	 weight = 1.90735e-06
       neutron, kinetic energy (MeV) =  1.29172e-06, position (cm) = (62.2356,117.397,500),	 weight = 1.90735e-06
       neutron, kinetic energy (MeV) =      1.41558, position (cm) = (47.6354,113.615,500),	 weight = 1.90735e-06
         gamma, kinetic energy (MeV) =      2.08065, position (cm) = (84.0328,112.595,500),	 weight = 1.90735e-06
       neutron, kinetic energy (MeV) =      2.62406, position (cm) = (91.195,105.075,500),	 weight = 1.90735e-06
       neutron, kinetic energy (MeV) =      7.38524, position (cm) = (103.587,107.106,500),	 weight = 1.90735e-06
         gamma, kinetic energy (MeV) =     0.380093, position (cm) = (-118.017,80.0493,500),	 weight = 1.90735e-06
       neutron, kinetic energy (MeV) =      36.4954, position (cm) = (-118.038,80.556,500),	 weight = 1.90735e-06
         gamma, kinetic energy (MeV) =     0.204271, position (cm) = (-103.06,41.0447,500),	 weight = 7.62939e-06
       neutron, kinetic energy (MeV) =  1.28762e-06, position (cm) = (-95.5554,39.7579,500),	 weight = 1.90735e-06
       neutron, kinetic energy (MeV) =   0.00030669, position (cm) = (-91.7924,63.4357,500),	 weight = 1.90735e-06
         gamma, kinetic energy (MeV) =      4.93434, position (cm) = (-87.2097,-18.673,500),	 weight = 1.90735e-06
       neutron, kinetic energy (MeV) =       66.604, position (cm) = (-26.4433,-33.9821,500),	 weight = 1.90735e-06
       neutron, kinetic energy (MeV) =      66.5036, position (cm) = (-22.9897,-35.16,500),	 weight = 1.90735e-06
       neutron, kinetic energy (MeV) =      66.2058, position (cm) = (-41.234,-54.8676,500),	 weight = 1.90735e-06
       neutron, kinetic energy (MeV) =      65.9548, position (cm) = (-42.6579,-54.1309,500),	 weight = 1.90735e-06
         gamma, kinetic energy (MeV) =      4.73346, position (cm) = (-58.6823,-71.0236,500),	 weight = 3.8147e-06
       neutron, kinetic energy (MeV) =      30.6047, position (cm) = (-34.7896,-15.1885,500),	 weight = 1.90735e-06
         gamma, kinetic energy (MeV) =      2.20494, position (cm) = (-35.6693,-27.2972,500),	 weight = 1.90735e-06
         gamma, kinetic energy (MeV) =     0.557776, position (cm) = (-44.5244,-32.0945,500),	 weight = 1.90735e-06
         gamma, kinetic energy (MeV) =     0.738484, position (cm) = (-33.3856,-26.1669,500),	 weight = 1.90735e-06
       neutron, kinetic energy (MeV) =      8.60721, position (cm) = (-37.3745,-35.169,500),	 weight = 1.90735e-06
       neutron, kinetic energy (MeV) =      18.2111, position (cm) = (-40.2939,-21.2587,500),	 weight = 1.90735e-06
         gamma, kinetic energy (MeV) =      6.44469, position (cm) = (-108.063,6.76907,500),	 weight = 1.90735e-06
       neutron, kinetic energy (MeV) =  1.54228e-09, position (cm) = (-93.1488,4.50278,500),	 weight = 1.90735e-06
       neutron, kinetic energy (MeV) =   4.4437e-07, position (cm) = (-106.538,9.09432,500),	 weight = 1.90735e-06
         gamma, kinetic energy (MeV) =      5.01416, position (cm) = (-98.9502,17.721,500),	 weight = 1.90735e-06
       neutron, kinetic energy (MeV) =      8.37308, position (cm) = (-92.9068,16.4636,500),	 weight = 1.90735e-06
         gamma, kinetic energy (MeV) =      0.39941, position (cm) = (-13.4721,-29.983,500),	 weight = 1.90735e-06
         gamma, kinetic energy (MeV) =     0.323962, position (cm) = (-26.7708,2.94653,500),	 weight = 1.90735e-06
         gamma, kinetic energy (MeV) =      9.13563, position (cm) = (16.7627,-38.7697,500),	 weight = 3.8147e-06
         gamma, kinetic energy (MeV) =      3.21902, position (cm) = (-61.0557,-41.8367,500),	 weight = 1.90735e-06
Graphics systems deleted.
Visualization Manager deleting...
