
        ############################################
        !!! WARNING - FPE detection is activated !!!
        ############################################

*************************************************************
 Geant4 version Name: geant4-09-06-ref-03    (15-March-2013)
                      Copyright : Geant4 Collaboration
                      Reference : NIM A 506 (2003), 250-303
                            WWW : http://cern.ch/geant4
*************************************************************

/run/verbose 2
#
/testem/det/setMat G4_Fe
/testem/det/setSizeZ 1.75 mm
/testem/phys/addPhysics polarized
PhysicsList::AddPhysicsList: <polarized>
#/testem/phys/addPhysics standard
/testem/event/printModulo 5000
#
/run/initialize
userDetector->Construct() start.

 The Box is 5 cm  x 5 cm  x 1.75 mm  of G4_Fe
World is registered to the default region.
physicsList->Construct() start.
physicsList->Construct() start.
physicsList->CheckParticleList() start.
physicsList->setCut() start.
#
/polarization/manager/verbose 1
/polarization/volume/set theBox 0. 0. 0.08
 SetVolumePolarization theBox (0,0,0.08)
/polarization/volume/list
 Polarization for 1 registered volume(s) : 
theBox : (0,0,0.08)
#
/gun/polarization 0. 0. -1.
/gun/particle gamma
#
/gun/energy 10 MeV
#
##/tracking/verbose 1
/run/beamOn 10000
 buildBhabha cross section 0
 buildBhabha cross section 0
G4PolarizedPEEffectCrossSection() init

pol-phot:   for  gamma    SubType= 12
 Total cross sections from Sandia parametrisation. 
      Sampling according Polarized-PhotoElectric model
      ===== EM models for the G4Region  DefaultRegionForTheWorld ======
Polarized-PhotoElectric :  Emin=        0 eV    Emax=       10 TeV   AngularGenSauterGavrila

pol-compt:   for  gamma    SubType= 13
      Lambda table from 100 eV  to 100 GeV in 74 bins, spline: 1
 Total cross sections has a good parametrisation from 10 KeV to (100/Z) GeV
      Sampling according Polarized-Compton model
      ===== EM models for the G4Region  DefaultRegionForTheWorld ======
   Polarized-Compton :  Emin=        0 eV    Emax=      100 GeV

pol-conv:   for  gamma    SubType= 14
      Lambda table from 1.022 MeV to 100 GeV in 46 bins, spline: 1
 Total cross sections has a good parametrisation from 1.5 MeV to 100 GeV for all Z
      sampling secondary e+e- according to the polarized compton cross section
      ===== EM models for the G4Region  DefaultRegionForTheWorld ======
             polConv :  Emin=        0 eV    Emax=      100 GeV

msc:   for e-    SubType= 10
      RangeFactor= 0.04, stepLimitType: 1, latDisplacement: 1
      ===== EM models for the G4Region  DefaultRegionForTheWorld ======
            UrbanMsc :  Emin=        0 eV    Emax=       10 TeV  Table with 77 bins Emin=    100 eV    Emax=     10 TeV

pol-eIoni:   for  e-    SubType= 2
      dE/dx and range tables from 100 eV  to 10 TeV in 77 bins
      Lambda tables from threshold to 10 TeV in 77 bins, spline: 1
      finalRange(mm)= 1, dRoverRange= 0.2, integral: 1, fluct: 1, linLossLimit= 0.01
      Delta cross sections from Moller+Bhabha, good description from 1 KeV to 100 GeV.
      ===== EM models for the G4Region  DefaultRegionForTheWorld ======
PolarizedMollerBhabha :  Emin=        0 eV    Emax=       10 TeV

pol-eBrem:   for  e-    SubType= 3
      dE/dx and range tables from 100 eV  to 10 TeV in 77 bins
      Lambda tables from threshold to 10 TeV in 77 bins, spline: 1
      ===== EM models for the G4Region  DefaultRegionForTheWorld ======
             PolBrem :  Emin=        0 eV    Emax=       10 TeV   AngularGenUrban

msc:   for e+    SubType= 10
      RangeFactor= 0.04, stepLimitType: 1, latDisplacement: 1
      ===== EM models for the G4Region  DefaultRegionForTheWorld ======
            UrbanMsc :  Emin=        0 eV    Emax=       10 TeV  Table with 77 bins Emin=    100 eV    Emax=     10 TeV

pol-eIoni:   for  e+    SubType= 2
      dE/dx and range tables from 100 eV  to 10 TeV in 77 bins
      Lambda tables from threshold to 10 TeV in 77 bins, spline: 1
      finalRange(mm)= 1, dRoverRange= 0.2, integral: 1, fluct: 1, linLossLimit= 0.01
      Delta cross sections from Moller+Bhabha, good description from 1 KeV to 100 GeV.
      ===== EM models for the G4Region  DefaultRegionForTheWorld ======
PolarizedMollerBhabha :  Emin=        0 eV    Emax=       10 TeV

pol-eBrem:   for  e+    SubType= 3
      dE/dx and range tables from 100 eV  to 10 TeV in 77 bins
      Lambda tables from threshold to 10 TeV in 77 bins, spline: 1
      ===== EM models for the G4Region  DefaultRegionForTheWorld ======
             PolBrem :  Emin=        0 eV    Emax=       10 TeV   AngularGenUrban

pol-annihil:   for  e+    SubType= 5
      Lambda table from 100 eV  to 100 TeV in 131 bins, spline: 1
      Polarized model for annihilation into 2 photons
      ===== EM models for the G4Region  DefaultRegionForTheWorld ======
Polarized-Annihilation :  Emin=        0 eV    Emax=      100 TeV
 annih-numOfCouples=2
annih- 0/2
annih- 1
 building pol-annih ... 
annih- 1/2
annih- 1
 building pol-annih ... 

Region <DefaultRegionForTheWorld> --  -- appears in <World> world volume
 This region is in the mass world.
 Root logical volume(s) : World 
 Pointers : G4VUserRegionInformation[0], G4UserLimits[0], G4FastSimulationManager[0], G4UserSteppingAction[0]
 Materials : G4_Galactic G4_Fe 
 Production cuts :   gamma 100 um      e- 100 um      e+ 100 um  proton 1 mm 

Region <DefaultRegionForParallelWorld> --  -- is not associated to any world.
 Root logical volume(s) : 
 Pointers : G4VUserRegionInformation[0], G4UserLimits[0], G4FastSimulationManager[0], G4UserSteppingAction[0]
 Materials : 
 Production cuts :   gamma 100 um      e- 100 um      e+ 100 um  proton 1 mm 

========= Table of registered couples ==============================

Index : 0     used in the geometry : Yes     recalculation needed : No 
 Material : G4_Galactic
 Range cuts        :  gamma  100 um     e-  100 um     e+  100 um  proton 1 mm 
 Energy thresholds :  gamma  990 eV     e-  990 eV     e+  990 eV  proton -1 MeV
 Region(s) which use this couple : 
    DefaultRegionForTheWorld

Index : 1     used in the geometry : Yes     recalculation needed : No 
 Material : G4_Fe
 Range cuts        :  gamma  100 um     e-  100 um     e+  100 um  proton 1 mm 
 Energy thresholds :  gamma  6.28375 keV    e-  235.116 keV    e+  228.88 keV proton -1 MeV
 Region(s) which use this couple : 
    DefaultRegionForTheWorld

====================================================================

Start closing geometry.
G4GeometryManager::ReportVoxelStats -- Voxel Statistics

    Total memory consumed for geometry optimisation:   0 kByte
    Total CPU time elapsed for geometry optimisation: 0 seconds
### Run 0 start.
Start Run processing.

---> Begin of Event: 0

---> Begin of Event: 5000
Run terminated.
Run Summary
  Number of events processed : 10000
  User=0.19s Real=0.18s Sys=0s

 The run consists of 10000 gamma of 10 MeV through 1.75 mm  of G4_Fe (density: 7.874 g/cm3 )

--------- Ranlux engine status ---------
 Initial seed = 9876
 float_seed_table[] = 0.24796 0.178097 0.2555 0.448318 0.533248 0.135047 0.887495 0.555621 0.224508 0.563283 0.620925 0.921035 0.670212 0.304737 0.708531 0.378828 0.283517 0.835104 0.537891 0.128929 0.516034 0.334457 0.16543 0.0331684 
 i_lag = 22, j_lag = 8
 carry = 0, count24 = 10
 luxury = 3 nskip = 199
----------------------------------------

 Process calls frequency --->
	Transportation = 31329
	pol-compt = 291
	pol-eBrem = 395
	pol-phot = 175
	pol-eIoni = 648
	pol-conv = 233
	msc = 3215
	pol-annihil = 77
 Gamma: 
Mean Number per Event :1.0131
Mean Energy :9.5149 MeV +- 2.0375 MeV
Mean Polarization :-0.9582 +- 0.1973
 Electron: 
Mean Number per Event :0.0372
Mean Energy :5.1692 MeV +- 2.4927 MeV
Mean Polarization :-0.72982 +- 0.2825
 Positron: 
Mean Number per Event :0.0161
Mean Energy :4.3484 MeV +- 1.9275 MeV
Mean Polarization :-0.61091 +- 0.31036
#
G4 kernel has come to Quit state.
UserDetectorConstruction deleted.
UserPhysicsList deleted.
UserRunAction deleted.
UserPrimaryGenerator deleted.
EventManager deleted.
UImanager deleted.
Units table cleared.
StateManager deleted.
RunManagerKernel is deleted.
RunManager is deleted.
