
        ############################################
        !!! WARNING - FPE detection is activated !!!
        ############################################

*************************************************************
 Geant4 version Name: geant4-10-00-patch-04    (6-March-2015)
                      Copyright : Geant4 Collaboration
                      Reference : NIM A 506 (2003), 250-303
                            WWW : http://cern.ch/geant4
*************************************************************

<<< Reference Physics List QBBC 
G4HEPEvtInterface - pythia_event.data is open.
 G4PhysicsListHelper::AddTransportation()--- G4CoupledTransportation is used 
### Adding tracking cuts for neutron  TimeCut(ns)= 10000  KinEnergyCut(MeV)= 0
Visualization Manager instantiating with verbosity "warnings (3)"...
Visualization Manager initialising...
Registering graphics systems...

You have successfully registered the following graphics systems.
Current available graphics systems are:
  ASCIITree (ATree)
  DAWNFILE (DAWNFILE)
  G4HepRep (HepRepXML)
  G4HepRepFile (HepRepFile)
  OpenGLImmediateQt (OGLI, OGLIQt)
  OpenGLImmediateX (OGLIX)
  OpenGLImmediateXm (OGLIXm, OGLI_FALLBACK, OGLIQt_FALLBACK)
  OpenGLStoredQt (OGL, OGLS, OGLSQt)
  OpenGLStoredX (OGLSX)
  OpenGLStoredXm (OGLSXm, OGL_FALLBACK, OGLS_FALLBACK, OGLSQt_FALLBACK)
  RayTracer (RayTracer)
  RayTracerX (RayTracerX)
  VRML1FILE (VRML1FILE)
  VRML2FILE (VRML2FILE)
  gMocrenFile (gMocrenFile)

Registering model factories...

You have successfully registered the following model factories.
Registered model factories:
  generic
  drawByCharge
  drawByParticleID
  drawByOriginVolume
  drawByAttribute

Registered filter factories:
  chargeFilter
  particleFilter
  originVolumeFilter
  attributeFilter

You have successfully registered the following user vis actions.
Run Duration User Vis Actions: none
End of Event User Vis Actions: none
End of Run User Vis Actions: none

Some /vis commands (optionally) take a string to specify colour.
Available colours:
  black, blue, brown, cyan, gray, green, grey, magenta, red, white, yellow

/run/verbose 2
/run/beamOn 100

phot:   for  gamma    SubType= 12
      LambdaPrime table from 200 keV to 10 TeV in 54 bins 
      ===== EM models for the G4Region  DefaultRegionForTheWorld ======
       PhotoElectric :  Emin=        0 eV    Emax=       10 TeV   AngularGenSauterGavrila  FluoActive

compt:   for  gamma    SubType= 13
      Lambda table from 100 eV  to 1 MeV in 28 bins, spline: 1
      LambdaPrime table from 1 MeV to 10 TeV in 49 bins 
      ===== EM models for the G4Region  DefaultRegionForTheWorld ======
       Klein-Nishina :  Emin=        0 eV    Emax=       10 TeV

conv:   for  gamma    SubType= 14
      Lambda table from 1.022 MeV to 10 TeV in 140 bins, spline: 1
      ===== EM models for the G4Region  DefaultRegionForTheWorld ======
        BetheHeitler :  Emin=        0 eV    Emax=       80 GeV
     BetheHeitlerLPM :  Emin=       80 GeV   Emax=       10 TeV

msc:   for e-    SubType= 10
      RangeFactor= 0.04, stepLimitType: 1, latDisplacement: 1
      ===== EM models for the G4Region  DefaultRegionForTheWorld ======
            UrbanMsc :  Emin=        0 eV    Emax=      100 MeV  Table with 42 bins Emin=    100 eV    Emax=    100 MeV
        WentzelVIUni :  Emin=      100 MeV   Emax=       10 TeV  Table with 35 bins Emin=    100 MeV   Emax=     10 TeV

eIoni:   for  e-    SubType= 2
      dE/dx and range tables from 100 eV  to 10 TeV in 77 bins
      Lambda tables from threshold to 10 TeV in 77 bins, spline: 1
      finalRange(mm)= 1, dRoverRange= 0.2, integral: 1, fluct: 1, linLossLimit= 0.01
      ===== EM models for the G4Region  DefaultRegionForTheWorld ======
        MollerBhabha :  Emin=        0 eV    Emax=       10 TeV

eBrem:   for  e-    SubType= 3
      dE/dx and range tables from 100 eV  to 10 TeV in 77 bins
      Lambda tables from threshold to 10 TeV in 77 bins, spline: 1
      LPM flag: 1 for E > 1 GeV
      ===== EM models for the G4Region  DefaultRegionForTheWorld ======
             eBremSB :  Emin=        0 eV    Emax=        1 GeV   DipBustGen
            eBremLPM :  Emin=        1 GeV   Emax=       10 TeV   DipBustGen

CoulombScat:   for  e-    SubType= 1
      Lambda table from 100 MeV to 10 TeV in 35 bins, spline: 1
      180 < Theta(degree) < 180 pLimit(GeV^1)= 0.139531
      ===== EM models for the G4Region  DefaultRegionForTheWorld ======
  eCoulombScattering :  Emin=      100 MeV   Emax=       10 TeV

msc:   for e+    SubType= 10
      RangeFactor= 0.04, stepLimitType: 1, latDisplacement: 1
      ===== EM models for the G4Region  DefaultRegionForTheWorld ======
            UrbanMsc :  Emin=        0 eV    Emax=      100 MeV  Table with 42 bins Emin=    100 eV    Emax=    100 MeV
        WentzelVIUni :  Emin=      100 MeV   Emax=       10 TeV  Table with 35 bins Emin=    100 MeV   Emax=     10 TeV

eIoni:   for  e+    SubType= 2
      dE/dx and range tables from 100 eV  to 10 TeV in 77 bins
      Lambda tables from threshold to 10 TeV in 77 bins, spline: 1
      finalRange(mm)= 1, dRoverRange= 0.2, integral: 1, fluct: 1, linLossLimit= 0.01
      ===== EM models for the G4Region  DefaultRegionForTheWorld ======
        MollerBhabha :  Emin=        0 eV    Emax=       10 TeV

eBrem:   for  e+    SubType= 3
      dE/dx and range tables from 100 eV  to 10 TeV in 77 bins
      Lambda tables from threshold to 10 TeV in 77 bins, spline: 1
      LPM flag: 1 for E > 1 GeV
      ===== EM models for the G4Region  DefaultRegionForTheWorld ======
             eBremSB :  Emin=        0 eV    Emax=        1 GeV   DipBustGen
            eBremLPM :  Emin=        1 GeV   Emax=       10 TeV   DipBustGen

annihil:   for  e+    SubType= 5
      ===== EM models for the G4Region  DefaultRegionForTheWorld ======
            eplus2gg :  Emin=        0 eV    Emax=       10 TeV

CoulombScat:   for  e+    SubType= 1
      Lambda table from 100 MeV to 10 TeV in 35 bins, spline: 1
      180 < Theta(degree) < 180 pLimit(GeV^1)= 0.139531
      ===== EM models for the G4Region  DefaultRegionForTheWorld ======
  eCoulombScattering :  Emin=      100 MeV   Emax=       10 TeV

msc:   for proton    SubType= 10
      RangeFactor= 0.2, step limit type: 0, lateralDisplacement: 1, polarAngleLimit(deg)= 180
      ===== EM models for the G4Region  DefaultRegionForTheWorld ======
        WentzelVIUni :  Emin=        0 eV    Emax=       10 TeV  Table with 77 bins Emin=    100 eV    Emax=     10 TeV

hIoni:   for  proton    SubType= 2
      dE/dx and range tables from 100 eV  to 10 TeV in 77 bins
      Lambda tables from threshold to 10 TeV in 77 bins, spline: 1
      finalRange(mm)= 0.1, dRoverRange= 0.2, integral: 1, fluct: 1, linLossLimit= 0.01
      ===== EM models for the G4Region  DefaultRegionForTheWorld ======
               Bragg :  Emin=        0 eV    Emax=        2 MeV
          BetheBloch :  Emin=        2 MeV   Emax=       10 TeV

hBrems:   for  proton    SubType= 3
      dE/dx and range tables from 100 eV  to 10 TeV in 77 bins
      Lambda tables from threshold to 10 TeV in 77 bins, spline: 1
      ===== EM models for the G4Region  DefaultRegionForTheWorld ======
               hBrem :  Emin=        0 eV    Emax=       10 TeV

hPairProd:   for  proton    SubType= 4
      dE/dx and range tables from 100 eV  to 10 TeV in 77 bins
      Lambda tables from threshold to 10 TeV in 77 bins, spline: 1
      Sampling table 13x1001 from 7.50618 GeV to 10 TeV 
      ===== EM models for the G4Region  DefaultRegionForTheWorld ======
           hPairProd :  Emin=        0 eV    Emax=       10 TeV

CoulombScat:   for  proton    SubType= 1
      Lambda table from 100 eV  to 10 TeV in 49 bins, spline: 1
      180 < Theta(degree) < 180 pLimit(GeV^1)= 0.139531
      ===== EM models for the G4Region  DefaultRegionForTheWorld ======
  eCoulombScattering :  Emin=        0 eV    Emax=       10 TeV

msc:   for GenericIon    SubType= 10
      RangeFactor= 0.2, stepLimitType: 0, latDisplacement: 0
      ===== EM models for the G4Region  DefaultRegionForTheWorld ======
            UrbanMsc :  Emin=        0 eV    Emax=       10 TeV

ionIoni:   for  GenericIon    SubType= 2
      dE/dx and range tables from 100 eV  to 10 TeV in 77 bins
      Lambda tables from threshold to 10 TeV in 77 bins, spline: 1
      finalRange(mm)= 0.01, dRoverRange= 0.1, integral: 1, fluct: 1, linLossLimit= 0.02
      Stopping Power data for 17 ion/material pairs 
      ===== EM models for the G4Region  DefaultRegionForTheWorld ======
            BraggIon :  Emin=        0 eV    Emax=        2 MeV
          BetheBloch :  Emin=        2 MeV   Emax=       10 TeV

msc:   for alpha    SubType= 10
      RangeFactor= 0.2, stepLimitType: 0, latDisplacement: 0
      ===== EM models for the G4Region  DefaultRegionForTheWorld ======
            UrbanMsc :  Emin=        0 eV    Emax=       10 TeV  Table with 77 bins Emin=    100 eV    Emax=     10 TeV

ionIoni:   for  alpha    SubType= 2
      dE/dx and range tables from 100 eV  to 10 TeV in 77 bins
      Lambda tables from threshold to 10 TeV in 77 bins, spline: 1
      finalRange(mm)= 0.01, dRoverRange= 0.1, integral: 1, fluct: 1, linLossLimit= 0.02
      ===== EM models for the G4Region  DefaultRegionForTheWorld ======
            BraggIon :  Emin=        0 eV    Emax=   7.9452 MeV
          BetheBloch :  Emin=   7.9452 MeV   Emax=       10 TeV

msc:   for anti_proton    SubType= 10
      RangeFactor= 0.2, step limit type: 0, lateralDisplacement: 1, polarAngleLimit(deg)= 180
      ===== EM models for the G4Region  DefaultRegionForTheWorld ======
        WentzelVIUni :  Emin=        0 eV    Emax=       10 TeV  Table with 77 bins Emin=    100 eV    Emax=     10 TeV

hIoni:   for  anti_proton    SubType= 2
      dE/dx and range tables from 100 eV  to 10 TeV in 77 bins
      Lambda tables from threshold to 10 TeV in 77 bins, spline: 1
      finalRange(mm)= 0.1, dRoverRange= 0.2, integral: 1, fluct: 1, linLossLimit= 0.01
      ===== EM models for the G4Region  DefaultRegionForTheWorld ======
            ICRU73QO :  Emin=        0 eV    Emax=        2 MeV
          BetheBloch :  Emin=        2 MeV   Emax=       10 TeV

hBrems:   for  anti_proton    SubType= 3
      dE/dx and range tables from 100 eV  to 10 TeV in 77 bins
      Lambda tables from threshold to 10 TeV in 77 bins, spline: 1
      ===== EM models for the G4Region  DefaultRegionForTheWorld ======
               hBrem :  Emin=        0 eV    Emax=       10 TeV

hPairProd:   for  anti_proton    SubType= 4
      dE/dx and range tables from 100 eV  to 10 TeV in 77 bins
      Lambda tables from threshold to 10 TeV in 77 bins, spline: 1
      Sampling table 13x1001 from 7.50618 GeV to 10 TeV 
      ===== EM models for the G4Region  DefaultRegionForTheWorld ======
           hPairProd :  Emin=        0 eV    Emax=       10 TeV

msc:   for kaon+    SubType= 10
      RangeFactor= 0.2, step limit type: 0, lateralDisplacement: 1, polarAngleLimit(deg)= 180
      ===== EM models for the G4Region  DefaultRegionForTheWorld ======
        WentzelVIUni :  Emin=        0 eV    Emax=       10 TeV  Table with 77 bins Emin=    100 eV    Emax=     10 TeV

hIoni:   for  kaon+    SubType= 2
      dE/dx and range tables from 100 eV  to 10 TeV in 77 bins
      Lambda tables from threshold to 10 TeV in 77 bins, spline: 1
      finalRange(mm)= 0.1, dRoverRange= 0.2, integral: 1, fluct: 1, linLossLimit= 0.01
      ===== EM models for the G4Region  DefaultRegionForTheWorld ======
               Bragg :  Emin=        0 eV    Emax=  1.05231 MeV
          BetheBloch :  Emin=  1.05231 MeV   Emax=       10 TeV

hBrems:   for  kaon+    SubType= 3
      dE/dx and range tables from 100 eV  to 10 TeV in 77 bins
      Lambda tables from threshold to 10 TeV in 77 bins, spline: 1
      ===== EM models for the G4Region  DefaultRegionForTheWorld ======
               hBrem :  Emin=        0 eV    Emax=       10 TeV

hPairProd:   for  kaon+    SubType= 4
      dE/dx and range tables from 100 eV  to 10 TeV in 77 bins
      Lambda tables from threshold to 10 TeV in 77 bins, spline: 1
      Sampling table 14x1001 from 3.94942 GeV to 10 TeV 
      ===== EM models for the G4Region  DefaultRegionForTheWorld ======
           hPairProd :  Emin=        0 eV    Emax=       10 TeV

CoulombScat:   for  kaon+    SubType= 1
      Lambda table from 100 eV  to 10 TeV in 47 bins, spline: 1
      180 < Theta(degree) < 180 pLimit(GeV^1)= 0.139531
      ===== EM models for the G4Region  DefaultRegionForTheWorld ======
  eCoulombScattering :  Emin=        0 eV    Emax=       10 TeV

msc:   for kaon-    SubType= 10
      RangeFactor= 0.2, step limit type: 0, lateralDisplacement: 1, polarAngleLimit(deg)= 180
      ===== EM models for the G4Region  DefaultRegionForTheWorld ======
        WentzelVIUni :  Emin=        0 eV    Emax=       10 TeV  Table with 77 bins Emin=    100 eV    Emax=     10 TeV

hIoni:   for  kaon-    SubType= 2
      dE/dx and range tables from 100 eV  to 10 TeV in 77 bins
      Lambda tables from threshold to 10 TeV in 77 bins, spline: 1
      finalRange(mm)= 0.1, dRoverRange= 0.2, integral: 1, fluct: 1, linLossLimit= 0.01
      ===== EM models for the G4Region  DefaultRegionForTheWorld ======
            ICRU73QO :  Emin=        0 eV    Emax=  1.05231 MeV
          BetheBloch :  Emin=  1.05231 MeV   Emax=       10 TeV

hBrems:   for  kaon-    SubType= 3
      dE/dx and range tables from 100 eV  to 10 TeV in 77 bins
      Lambda tables from threshold to 10 TeV in 77 bins, spline: 1
      ===== EM models for the G4Region  DefaultRegionForTheWorld ======
               hBrem :  Emin=        0 eV    Emax=       10 TeV

hPairProd:   for  kaon-    SubType= 4
      dE/dx and range tables from 100 eV  to 10 TeV in 77 bins
      Lambda tables from threshold to 10 TeV in 77 bins, spline: 1
      Sampling table 14x1001 from 3.94942 GeV to 10 TeV 
      ===== EM models for the G4Region  DefaultRegionForTheWorld ======
           hPairProd :  Emin=        0 eV    Emax=       10 TeV

msc:   for mu+    SubType= 10
      RangeFactor= 0.2, step limit type: 0, lateralDisplacement: 1, polarAngleLimit(deg)= 180
      ===== EM models for the G4Region  DefaultRegionForTheWorld ======
        WentzelVIUni :  Emin=        0 eV    Emax=       10 TeV  Table with 77 bins Emin=    100 eV    Emax=     10 TeV

muIoni:   for  mu+    SubType= 2
      dE/dx and range tables from 100 eV  to 10 TeV in 77 bins
      Lambda tables from threshold to 10 TeV in 77 bins, spline: 1
      finalRange(mm)= 1, dRoverRange= 0.2, integral: 1, fluct: 1, linLossLimit= 0.01
      ===== EM models for the G4Region  DefaultRegionForTheWorld ======
               Bragg :  Emin=        0 eV    Emax=      200 keV
          BetheBloch :  Emin=      200 keV   Emax=        1 GeV
        MuBetheBloch :  Emin=        1 GeV   Emax=       10 TeV

muBrems:   for  mu+    SubType= 3
      dE/dx and range tables from 100 eV  to 10 TeV in 77 bins
      Lambda tables from threshold to 10 TeV in 77 bins, spline: 1
      ===== EM models for the G4Region  DefaultRegionForTheWorld ======
              MuBrem :  Emin=        0 eV    Emax=       10 TeV

muPairProd:   for  mu+    SubType= 4
      dE/dx and range tables from 100 eV  to 10 TeV in 77 bins
      Lambda tables from threshold to 10 TeV in 77 bins, spline: 1
      Sampling table 17x1001 from 1 GeV to 10 TeV 
      ===== EM models for the G4Region  DefaultRegionForTheWorld ======
          muPairProd :  Emin=        0 eV    Emax=       10 TeV

CoulombScat:   for  mu+    SubType= 1
      Lambda table from 100 eV  to 10 TeV in 43 bins, spline: 1
      180 < Theta(degree) < 180 pLimit(GeV^1)= 0.139531
      ===== EM models for the G4Region  DefaultRegionForTheWorld ======
  eCoulombScattering :  Emin=        0 eV    Emax=       10 TeV

msc:   for mu-    SubType= 10
      RangeFactor= 0.2, step limit type: 0, lateralDisplacement: 1, polarAngleLimit(deg)= 180
      ===== EM models for the G4Region  DefaultRegionForTheWorld ======
        WentzelVIUni :  Emin=        0 eV    Emax=       10 TeV  Table with 77 bins Emin=    100 eV    Emax=     10 TeV

muIoni:   for  mu-    SubType= 2
      dE/dx and range tables from 100 eV  to 10 TeV in 77 bins
      Lambda tables from threshold to 10 TeV in 77 bins, spline: 1
      finalRange(mm)= 1, dRoverRange= 0.2, integral: 1, fluct: 1, linLossLimit= 0.01
      ===== EM models for the G4Region  DefaultRegionForTheWorld ======
            ICRU73QO :  Emin=        0 eV    Emax=      200 keV
          BetheBloch :  Emin=      200 keV   Emax=        1 GeV
        MuBetheBloch :  Emin=        1 GeV   Emax=       10 TeV

muBrems:   for  mu-    SubType= 3
      dE/dx and range tables from 100 eV  to 10 TeV in 77 bins
      Lambda tables from threshold to 10 TeV in 77 bins, spline: 1
      ===== EM models for the G4Region  DefaultRegionForTheWorld ======
              MuBrem :  Emin=        0 eV    Emax=       10 TeV

muPairProd:   for  mu-    SubType= 4
      dE/dx and range tables from 100 eV  to 10 TeV in 77 bins
      Lambda tables from threshold to 10 TeV in 77 bins, spline: 1
      Sampling table 17x1001 from 1 GeV to 10 TeV 
      ===== EM models for the G4Region  DefaultRegionForTheWorld ======
          muPairProd :  Emin=        0 eV    Emax=       10 TeV

CoulombScat:   for  mu-    SubType= 1
      Lambda table from 100 eV  to 10 TeV in 43 bins, spline: 1
      180 < Theta(degree) < 180 pLimit(GeV^1)= 0.139531
      ===== EM models for the G4Region  DefaultRegionForTheWorld ======
  eCoulombScattering :  Emin=        0 eV    Emax=       10 TeV

msc:   for pi+    SubType= 10
      RangeFactor= 0.2, step limit type: 0, lateralDisplacement: 1, polarAngleLimit(deg)= 180
      ===== EM models for the G4Region  DefaultRegionForTheWorld ======
        WentzelVIUni :  Emin=        0 eV    Emax=       10 TeV  Table with 77 bins Emin=    100 eV    Emax=     10 TeV

hIoni:   for  pi+    SubType= 2
      dE/dx and range tables from 100 eV  to 10 TeV in 77 bins
      Lambda tables from threshold to 10 TeV in 77 bins, spline: 1
      finalRange(mm)= 0.1, dRoverRange= 0.2, integral: 1, fluct: 1, linLossLimit= 0.01
      ===== EM models for the G4Region  DefaultRegionForTheWorld ======
               Bragg :  Emin=        0 eV    Emax=  297.505 keV
          BetheBloch :  Emin=  297.505 keV   Emax=       10 TeV

hBrems:   for  pi+    SubType= 3
      dE/dx and range tables from 100 eV  to 10 TeV in 77 bins
      Lambda tables from threshold to 10 TeV in 77 bins, spline: 1
      ===== EM models for the G4Region  DefaultRegionForTheWorld ======
               hBrem :  Emin=        0 eV    Emax=       10 TeV

hPairProd:   for  pi+    SubType= 4
      dE/dx and range tables from 100 eV  to 10 TeV in 77 bins
      Lambda tables from threshold to 10 TeV in 77 bins, spline: 1
      Sampling table 16x1001 from 1.11656 GeV to 10 TeV 
      ===== EM models for the G4Region  DefaultRegionForTheWorld ======
           hPairProd :  Emin=        0 eV    Emax=       10 TeV

CoulombScat:   for  pi+    SubType= 1
      Lambda table from 100 eV  to 10 TeV in 44 bins, spline: 1
      180 < Theta(degree) < 180 pLimit(GeV^1)= 0.139531
      ===== EM models for the G4Region  DefaultRegionForTheWorld ======
  eCoulombScattering :  Emin=        0 eV    Emax=       10 TeV

msc:   for pi-    SubType= 10
      RangeFactor= 0.2, step limit type: 0, lateralDisplacement: 1, polarAngleLimit(deg)= 180
      ===== EM models for the G4Region  DefaultRegionForTheWorld ======
        WentzelVIUni :  Emin=        0 eV    Emax=       10 TeV  Table with 77 bins Emin=    100 eV    Emax=     10 TeV

hIoni:   for  pi-    SubType= 2
      dE/dx and range tables from 100 eV  to 10 TeV in 77 bins
      Lambda tables from threshold to 10 TeV in 77 bins, spline: 1
      finalRange(mm)= 0.1, dRoverRange= 0.2, integral: 1, fluct: 1, linLossLimit= 0.01
      ===== EM models for the G4Region  DefaultRegionForTheWorld ======
            ICRU73QO :  Emin=        0 eV    Emax=  297.505 keV
          BetheBloch :  Emin=  297.505 keV   Emax=       10 TeV

hBrems:   for  pi-    SubType= 3
      dE/dx and range tables from 100 eV  to 10 TeV in 77 bins
      Lambda tables from threshold to 10 TeV in 77 bins, spline: 1
      ===== EM models for the G4Region  DefaultRegionForTheWorld ======
               hBrem :  Emin=        0 eV    Emax=       10 TeV

hPairProd:   for  pi-    SubType= 4
      dE/dx and range tables from 100 eV  to 10 TeV in 77 bins
      Lambda tables from threshold to 10 TeV in 77 bins, spline: 1
      Sampling table 16x1001 from 1.11656 GeV to 10 TeV 
      ===== EM models for the G4Region  DefaultRegionForTheWorld ======
           hPairProd :  Emin=        0 eV    Emax=       10 TeV

====================================================================
                  HADRONIC PROCESSES SUMMARY (verbose level 1)

---------------------------------------------------
                           Hadronic Processes for neutron

  Process: hadElastic
        Model:             hElasticCHIPS: 0 eV  ---> 100 TeV
     Cr_sctns:        G4NeutronElasticXS: 0 eV  ---> 100 TeV
     Cr_sctns:     ChipsNeutronElasticXS: 0 eV  ---> 100 TeV
     Cr_sctns:            GheishaElastic: 0 eV  ---> 100 TeV

  Process: neutronInelastic
        Model:                      FTFP: 3 GeV ---> 100 TeV
        Model:            BertiniCascade: 1 GeV ---> 12 GeV
        Model:            Binary Cascade: 0 eV  ---> 1.5 GeV
     Cr_sctns:      G4NeutronInelasticXS: 0 eV  ---> 100 TeV
     Cr_sctns:          GheishaInelastic: 0 eV  ---> 100 TeV

  Process: nCapture
        Model:               nRadCapture: 0 eV  ---> 100 TeV
     Cr_sctns:        G4NeutronCaptureXS: 0 eV  ---> 100 TeV
     Cr_sctns:          GheishaCaptureXS: 0 eV  ---> 100 TeV

  Process: nKiller

---------------------------------------------------
                           Hadronic Processes for GenericIon

  Process: ionInelastic
        Model:  Binary Light Ion Cascade: 0 eV  ---> 4 GeV
        Model:                      FTFP: 2 GeV ---> 100 TeV
     Cr_sctns: Glauber-Gribov nucleus nucleus: 0 eV  ---> 2.88022e+295 J  
     Cr_sctns:          GheishaInelastic: 0 eV  ---> 100 TeV

---------------------------------------------------
                           Hadronic Processes for anti_neutron

  Process: hadElastic
        Model:              hElasticLHEP: 0 eV  ---> 100 TeV
     Cr_sctns:            GheishaElastic: 0 eV  ---> 100 TeV

  Process: anti_neutronInelastic
        Model:                      FTFP: 0 eV  ---> 100 TeV
     Cr_sctns:              AntiAGlauber: 0 eV  ---> 2.88022e+295 J  
     Cr_sctns:          GheishaInelastic: 0 eV  ---> 100 TeV

---------------------------------------------------
                           Hadronic Processes for anti_proton

  Process: hadElastic
        Model:              hElasticLHEP: 0 eV  ---> 100.1 MeV
        Model:              AntiAElastic: 100 MeV ---> 100 TeV
     Cr_sctns:              AntiAGlauber: 0 eV  ---> 2.88022e+295 J  
     Cr_sctns:            GheishaElastic: 0 eV  ---> 100 TeV

  Process: anti_protonInelastic
        Model:                      FTFP: 0 eV  ---> 100 TeV
     Cr_sctns:              AntiAGlauber: 0 eV  ---> 2.88022e+295 J  
     Cr_sctns:          GheishaInelastic: 0 eV  ---> 100 TeV

  Process: hFritiofCaptureAtRest

---------------------------------------------------
                           Hadronic Processes for e+

  Process: positronNuclear
        Model:   G4ElectroVDNuclearModel: 0 eV  ---> 1 PeV
     Cr_sctns:          ElectroNuclearXS: 0 eV  ---> 100 TeV
     Cr_sctns:          GheishaInelastic: 0 eV  ---> 100 TeV

---------------------------------------------------
                           Hadronic Processes for e-

  Process: electronNuclear
        Model:   G4ElectroVDNuclearModel: 0 eV  ---> 1 PeV
     Cr_sctns:          ElectroNuclearXS: 0 eV  ---> 100 TeV
     Cr_sctns:          GheishaInelastic: 0 eV  ---> 100 TeV

---------------------------------------------------
                           Hadronic Processes for gamma

  Process: photonNuclear
        Model:            BertiniCascade: 0 eV  ---> 3.5 GeV
        Model:           TheoFSGenerator: 3 GeV ---> 100 TeV
     Cr_sctns:            PhotoNuclearXS: 0 eV  ---> 100 TeV
     Cr_sctns:          GheishaInelastic: 0 eV  ---> 100 TeV

---------------------------------------------------
                           Hadronic Processes for kaon+

  Process: hadElastic
        Model:              hElasticLHEP: 0 eV  ---> 100 TeV
     Cr_sctns:            GheishaElastic: 0 eV  ---> 100 TeV

  Process: kaon+Inelastic
        Model:                      FTFP: 3 GeV ---> 100 TeV
        Model:            BertiniCascade: 0 eV  ---> 12 GeV
     Cr_sctns:  ChipsKaonPlusInelasticXS: 0 eV  ---> 100 TeV
     Cr_sctns:          GheishaInelastic: 0 eV  ---> 100 TeV

---------------------------------------------------
                           Hadronic Processes for kaon-

  Process: hadElastic
        Model:              hElasticLHEP: 0 eV  ---> 100 TeV
     Cr_sctns:            GheishaElastic: 0 eV  ---> 100 TeV

  Process: kaon-Inelastic
        Model:                      FTFP: 3 GeV ---> 100 TeV
        Model:            BertiniCascade: 0 eV  ---> 12 GeV
     Cr_sctns: ChipsKaonMinusInelasticXS: 0 eV  ---> 100 TeV
     Cr_sctns:          GheishaInelastic: 0 eV  ---> 100 TeV

  Process: hBertiniCaptureAtRest

---------------------------------------------------
                           Hadronic Processes for lambda

  Process: hadElastic
        Model:              hElasticLHEP: 0 eV  ---> 100 TeV
     Cr_sctns:            GheishaElastic: 0 eV  ---> 100 TeV

  Process: lambdaInelastic
        Model:                      FTFP: 3 GeV ---> 100 TeV
        Model:            BertiniCascade: 0 eV  ---> 12 GeV
     Cr_sctns:   ChipsHyperonInelasticXS: 0 eV  ---> 100 TeV
     Cr_sctns:          GheishaInelastic: 0 eV  ---> 100 TeV

---------------------------------------------------
                           Hadronic Processes for mu-

  Process: muMinusCaptureAtRest

---------------------------------------------------
                           Hadronic Processes for pi+

  Process: hadElastic
        Model:              hElasticLHEP: 0 eV  ---> 1.0001 GeV
        Model:           hElasticGlauber: 1 GeV ---> 100 TeV
     Cr_sctns:       Barashenkov-Glauber: 0 eV  ---> 100 TeV
     Cr_sctns:            GheishaElastic: 0 eV  ---> 100 TeV

  Process: pi+Inelastic
        Model:                      FTFP: 3 GeV ---> 100 TeV
        Model:            BertiniCascade: 0 eV  ---> 12 GeV
     Cr_sctns:      G4CrossSectionPairGG: 0 eV  ---> 100 TeV
                         G4CrossSectionPairGG: G4PiNuclearCrossSection cross sections 
                           below 91 GeV, Glauber-Gribov above 
     Cr_sctns:          GheishaInelastic: 0 eV  ---> 100 TeV

---------------------------------------------------
                           Hadronic Processes for pi-

  Process: hadElastic
        Model:              hElasticLHEP: 0 eV  ---> 1.0001 GeV
        Model:           hElasticGlauber: 1 GeV ---> 100 TeV
     Cr_sctns:       Barashenkov-Glauber: 0 eV  ---> 100 TeV
     Cr_sctns:            GheishaElastic: 0 eV  ---> 100 TeV

  Process: pi-Inelastic
        Model:                      FTFP: 3 GeV ---> 100 TeV
        Model:            BertiniCascade: 0 eV  ---> 12 GeV
     Cr_sctns:      G4CrossSectionPairGG: 0 eV  ---> 100 TeV
                         G4CrossSectionPairGG: G4PiNuclearCrossSection cross sections 
                           below 91 GeV, Glauber-Gribov above 
     Cr_sctns:          GheishaInelastic: 0 eV  ---> 100 TeV

  Process: hBertiniCaptureAtRest

---------------------------------------------------
                           Hadronic Processes for proton

  Process: hadElastic
        Model:             hElasticCHIPS: 0 eV  ---> 100 TeV
     Cr_sctns:       Barashenkov-Glauber: 0 eV  ---> 100 TeV
     Cr_sctns:      ChipsProtonElasticXS: 0 eV  ---> 100 TeV
     Cr_sctns:            GheishaElastic: 0 eV  ---> 100 TeV

  Process: protonInelastic
        Model:                      FTFP: 3 GeV ---> 100 TeV
        Model:            BertiniCascade: 1 GeV ---> 12 GeV
        Model:            Binary Cascade: 0 eV  ---> 1.5 GeV
     Cr_sctns:       Barashenkov-Glauber: 0 eV  ---> 100 TeV
     Cr_sctns:          GheishaInelastic: 0 eV  ---> 100 TeV

================================================================

Region <DefaultRegionForTheWorld> --  -- appears in <expHall_P> world volume
 This region is in the mass world.
 Root logical volume(s) : expHall_L 
 Pointers : G4VUserRegionInformation[0], G4UserLimits[0], G4FastSimulationManager[0], G4UserSteppingAction[0]
 Materials : Air ArgonGas Silicon Scintillator Lead 
 Production cuts :   gamma 700 um      e- 700 um      e+ 700 um  proton 700 um 

Region <DefaultRegionForParallelWorld> --  -- appears in <ReadoutWorld> world volume
 This region is in the parallel world.
 Root logical volume(s) : ReadoutWorld 
 Pointers : G4VUserRegionInformation[0], G4UserLimits[0], G4FastSimulationManager[0], G4UserSteppingAction[0]
 Materials : 
 Production cuts :   gamma 700 um      e- 700 um      e+ 700 um  proton 700 um 

========= Table of registered couples ==============================

Index : 0     used in the geometry : Yes
 Material : Air
 Range cuts        :  gamma  700 um     e-  700 um     e+  700 um  proton 700 um 
 Energy thresholds :  gamma  990 eV     e-  990 eV     e+  990 eV  proton 70 keV
 Region(s) which use this couple : 
    DefaultRegionForTheWorld

Index : 1     used in the geometry : Yes
 Material : ArgonGas
 Range cuts        :  gamma  700 um     e-  700 um     e+  700 um  proton 700 um 
 Energy thresholds :  gamma  990 eV     e-  990 eV     e+  990 eV  proton 70 keV
 Region(s) which use this couple : 
    DefaultRegionForTheWorld

Index : 2     used in the geometry : Yes
 Material : Silicon
 Range cuts        :  gamma  700 um     e-  700 um     e+  700 um  proton 700 um 
 Energy thresholds :  gamma  5.87535 keV    e-  424.726 keV    e+  410.692 keV proton 70 keV
 Region(s) which use this couple : 
    DefaultRegionForTheWorld

Index : 3     used in the geometry : Yes
 Material : Scintillator
 Range cuts        :  gamma  700 um     e-  700 um     e+  700 um  proton 700 um 
 Energy thresholds :  gamma  2.09434 keV    e-  281.891 keV    e+  276.265 keV proton 70 keV
 Region(s) which use this couple : 
    DefaultRegionForTheWorld

Index : 4     used in the geometry : Yes
 Material : Lead
 Range cuts        :  gamma  700 um     e-  700 um     e+  700 um  proton 700 um 
 Energy thresholds :  gamma  94.5861 keV    e-  1.00386 MeV    e+  951.321 keV proton 70 keV
 Region(s) which use this couple : 
    DefaultRegionForTheWorld

====================================================================

Start closing geometry.
G4GeometryManager::ReportVoxelStats -- Voxel Statistics

    Total memory consumed for geometry optimisation:   7 kByte
    Total CPU time elapsed for geometry optimisation: 0 seconds

    Voxelisation: top CPU users:
    Percent   Total CPU    System CPU       Memory  Volume
    -------   ----------   ----------     --------  ----------
       0.00         0.00         0.00            2k expHall_L
       0.00         0.00         0.00            0k trackerT_L
       0.00         0.00         0.00            1k caloT_L
       0.00         0.00         0.00            3k caloROlogical
       0.00         0.00         0.00            1k caloROphiDivisionLogical

    Voxelisation: top memory users:
    Percent     Memory      Heads    Nodes   Pointers    Total CPU    Volume
    -------   --------     ------   ------   --------   ----------    ----------
      38.29          2k         1       48         48         0.00    caloROlogical
      33.30          2k         6       33         48         0.00    expHall_L
      16.54          1k         1       20         20         0.00    caloROphiDivisionLogical
       8.32          0k         1        9         12         0.00    caloT_L
       3.55          0k         1        3          5         0.00    trackerT_L
### Run 0 starts.
### Run 0 start.
G4HEPEvtInterface - reading 484 HEPEvt particles from pythia_event.data.
>>> Event 0
     102 hits are stored in RE05TrackerHitsCollection.
     45 hits are stored in RE05CalorimeterHitsCollection.
     Total energy deposition in calorimeter : 6.1276472740416 (GeV)
     1 hits are stored in RE05MuonHitsCollection.
G4HEPEvtInterface - reading 755 HEPEvt particles from pythia_event.data.
>>> Event 1
     0 hits are stored in RE05TrackerHitsCollection.
     0 hits are stored in RE05CalorimeterHitsCollection.
     Total energy deposition in calorimeter : 0 (GeV)
     0 hits are stored in RE05MuonHitsCollection.
G4HEPEvtInterface - reading 614 HEPEvt particles from pythia_event.data.
>>> Event 2
     0 hits are stored in RE05TrackerHitsCollection.
     0 hits are stored in RE05CalorimeterHitsCollection.
     Total energy deposition in calorimeter : 0 (GeV)
     0 hits are stored in RE05MuonHitsCollection.
G4HEPEvtInterface - reading 448 HEPEvt particles from pythia_event.data.
>>> Event 3
     0 hits are stored in RE05TrackerHitsCollection.
     3 hits are stored in RE05CalorimeterHitsCollection.
     Total energy deposition in calorimeter : 0.5250535418862 (GeV)
     0 hits are stored in RE05MuonHitsCollection.
G4HEPEvtInterface - reading 945 HEPEvt particles from pythia_event.data.
>>> Event 4
     114 hits are stored in RE05TrackerHitsCollection.
     73 hits are stored in RE05CalorimeterHitsCollection.
     Total energy deposition in calorimeter : 11.775097634242 (GeV)
     1 hits are stored in RE05MuonHitsCollection.
G4HEPEvtInterface - reading 837 HEPEvt particles from pythia_event.data.
>>> Event 5
     103 hits are stored in RE05TrackerHitsCollection.
     134 hits are stored in RE05CalorimeterHitsCollection.
     Total energy deposition in calorimeter : 8.6964786866717 (GeV)
     1 hits are stored in RE05MuonHitsCollection.
G4HEPEvtInterface - reading 603 HEPEvt particles from pythia_event.data.
>>> Event 6
     0 hits are stored in RE05TrackerHitsCollection.
     0 hits are stored in RE05CalorimeterHitsCollection.
     Total energy deposition in calorimeter : 0 (GeV)
     0 hits are stored in RE05MuonHitsCollection.
G4HEPEvtInterface - reading 627 HEPEvt particles from pythia_event.data.
>>> Event 7
     39 hits are stored in RE05TrackerHitsCollection.
     26 hits are stored in RE05CalorimeterHitsCollection.
     Total energy deposition in calorimeter : 6.7138050361161 (GeV)
     1 hits are stored in RE05MuonHitsCollection.
G4HEPEvtInterface - reading 682 HEPEvt particles from pythia_event.data.
>>> Event 8
     121 hits are stored in RE05TrackerHitsCollection.
     51 hits are stored in RE05CalorimeterHitsCollection.
     Total energy deposition in calorimeter : 10.197868918263 (GeV)
     1 hits are stored in RE05MuonHitsCollection.
G4HEPEvtInterface - reading 330 HEPEvt particles from pythia_event.data.
>>> Event 9
     9 hits are stored in RE05TrackerHitsCollection.
     25 hits are stored in RE05CalorimeterHitsCollection.
     Total energy deposition in calorimeter : 10.865376627861 (GeV)
     1 hits are stored in RE05MuonHitsCollection.
G4HEPEvtInterface - reading 1060 HEPEvt particles from pythia_event.data.
>>> Event 10
     110 hits are stored in RE05TrackerHitsCollection.
     73 hits are stored in RE05CalorimeterHitsCollection.
     Total energy deposition in calorimeter : 10.663975537442 (GeV)
     1 hits are stored in RE05MuonHitsCollection.
G4HEPEvtInterface - reading 1010 HEPEvt particles from pythia_event.data.
>>> Event 11
     0 hits are stored in RE05TrackerHitsCollection.
     17 hits are stored in RE05CalorimeterHitsCollection.
     Total energy deposition in calorimeter : 2.8687867436951 (GeV)
     0 hits are stored in RE05MuonHitsCollection.
G4HEPEvtInterface - reading 517 HEPEvt particles from pythia_event.data.
>>> Event 12
     0 hits are stored in RE05TrackerHitsCollection.
     0 hits are stored in RE05CalorimeterHitsCollection.
     Total energy deposition in calorimeter : 0 (GeV)
     0 hits are stored in RE05MuonHitsCollection.
G4HEPEvtInterface - reading 815 HEPEvt particles from pythia_event.data.
>>> Event 13
     92 hits are stored in RE05TrackerHitsCollection.
     53 hits are stored in RE05CalorimeterHitsCollection.
     Total energy deposition in calorimeter : 8.479562712264 (GeV)
     1 hits are stored in RE05MuonHitsCollection.
G4HEPEvtInterface - reading 702 HEPEvt particles from pythia_event.data.
>>> Event 14
     88 hits are stored in RE05TrackerHitsCollection.
     45 hits are stored in RE05CalorimeterHitsCollection.
     Total energy deposition in calorimeter : 6.7913197700401 (GeV)
     1 hits are stored in RE05MuonHitsCollection.
G4HEPEvtInterface - reading 568 HEPEvt particles from pythia_event.data.
>>> Event 15
     0 hits are stored in RE05TrackerHitsCollection.
     0 hits are stored in RE05CalorimeterHitsCollection.
     Total energy deposition in calorimeter : 0 (GeV)
     0 hits are stored in RE05MuonHitsCollection.
G4HEPEvtInterface - reading 405 HEPEvt particles from pythia_event.data.
>>> Event 16
     55 hits are stored in RE05TrackerHitsCollection.
     30 hits are stored in RE05CalorimeterHitsCollection.
     Total energy deposition in calorimeter : 3.9863478995625 (GeV)
     1 hits are stored in RE05MuonHitsCollection.
G4HEPEvtInterface - reading 533 HEPEvt particles from pythia_event.data.
>>> Event 17
     0 hits are stored in RE05TrackerHitsCollection.
     5 hits are stored in RE05CalorimeterHitsCollection.
     Total energy deposition in calorimeter : 0.95669392140501 (GeV)
     0 hits are stored in RE05MuonHitsCollection.
G4HEPEvtInterface - reading 342 HEPEvt particles from pythia_event.data.
>>> Event 18
     0 hits are stored in RE05TrackerHitsCollection.
     0 hits are stored in RE05CalorimeterHitsCollection.
     Total energy deposition in calorimeter : 0 (GeV)
     0 hits are stored in RE05MuonHitsCollection.
G4HEPEvtInterface - reading 621 HEPEvt particles from pythia_event.data.
>>> Event 19
     66 hits are stored in RE05TrackerHitsCollection.
     39 hits are stored in RE05CalorimeterHitsCollection.
     Total energy deposition in calorimeter : 10.833324890899 (GeV)
     1 hits are stored in RE05MuonHitsCollection.
G4HEPEvtInterface - reading 906 HEPEvt particles from pythia_event.data.
>>> Event 20
     65 hits are stored in RE05TrackerHitsCollection.
     52 hits are stored in RE05CalorimeterHitsCollection.
     Total energy deposition in calorimeter : 6.6644879643691 (GeV)
     1 hits are stored in RE05MuonHitsCollection.
G4HEPEvtInterface - reading 427 HEPEvt particles from pythia_event.data.
>>> Event 21
     0 hits are stored in RE05TrackerHitsCollection.
     0 hits are stored in RE05CalorimeterHitsCollection.
     Total energy deposition in calorimeter : 0 (GeV)
     0 hits are stored in RE05MuonHitsCollection.
G4HEPEvtInterface - reading 387 HEPEvt particles from pythia_event.data.
>>> Event 22
     76 hits are stored in RE05TrackerHitsCollection.
     44 hits are stored in RE05CalorimeterHitsCollection.
     Total energy deposition in calorimeter : 3.9595281581651 (GeV)
     1 hits are stored in RE05MuonHitsCollection.
G4HEPEvtInterface - reading 359 HEPEvt particles from pythia_event.data.
>>> Event 23
     0 hits are stored in RE05TrackerHitsCollection.
     0 hits are stored in RE05CalorimeterHitsCollection.
     Total energy deposition in calorimeter : 0 (GeV)
     0 hits are stored in RE05MuonHitsCollection.
G4HEPEvtInterface - reading 438 HEPEvt particles from pythia_event.data.
>>> Event 24
     0 hits are stored in RE05TrackerHitsCollection.
     0 hits are stored in RE05CalorimeterHitsCollection.
     Total energy deposition in calorimeter : 0 (GeV)
     0 hits are stored in RE05MuonHitsCollection.
G4HEPEvtInterface - reading 786 HEPEvt particles from pythia_event.data.
>>> Event 25
     0 hits are stored in RE05TrackerHitsCollection.
     7 hits are stored in RE05CalorimeterHitsCollection.
     Total energy deposition in calorimeter : 1.2129592598953 (GeV)
     0 hits are stored in RE05MuonHitsCollection.
G4HEPEvtInterface - reading 661 HEPEvt particles from pythia_event.data.
>>> Event 26
     0 hits are stored in RE05TrackerHitsCollection.
     0 hits are stored in RE05CalorimeterHitsCollection.
     Total energy deposition in calorimeter : 0 (GeV)
     0 hits are stored in RE05MuonHitsCollection.
G4HEPEvtInterface - reading 673 HEPEvt particles from pythia_event.data.
>>> Event 27
     0 hits are stored in RE05TrackerHitsCollection.
     37 hits are stored in RE05CalorimeterHitsCollection.
     Total energy deposition in calorimeter : 4.3900959615095 (GeV)
     1 hits are stored in RE05MuonHitsCollection.
G4HEPEvtInterface - reading 694 HEPEvt particles from pythia_event.data.
>>> Event 28
     0 hits are stored in RE05TrackerHitsCollection.
     8 hits are stored in RE05CalorimeterHitsCollection.
     Total energy deposition in calorimeter : 1.411507606994 (GeV)
     0 hits are stored in RE05MuonHitsCollection.
G4HEPEvtInterface - reading 913 HEPEvt particles from pythia_event.data.
>>> Event 29
     0 hits are stored in RE05TrackerHitsCollection.
     0 hits are stored in RE05CalorimeterHitsCollection.
     Total energy deposition in calorimeter : 0 (GeV)
     0 hits are stored in RE05MuonHitsCollection.
G4HEPEvtInterface - reading 425 HEPEvt particles from pythia_event.data.
>>> Event 30
     42 hits are stored in RE05TrackerHitsCollection.
     33 hits are stored in RE05CalorimeterHitsCollection.
     Total energy deposition in calorimeter : 3.793890170614 (GeV)
     1 hits are stored in RE05MuonHitsCollection.
G4HEPEvtInterface - reading 466 HEPEvt particles from pythia_event.data.
>>> Event 31
     39 hits are stored in RE05TrackerHitsCollection.
     35 hits are stored in RE05CalorimeterHitsCollection.
     Total energy deposition in calorimeter : 5.9074187066264 (GeV)
     1 hits are stored in RE05MuonHitsCollection.
G4HEPEvtInterface - reading 954 HEPEvt particles from pythia_event.data.
>>> Event 32
     0 hits are stored in RE05TrackerHitsCollection.
     0 hits are stored in RE05CalorimeterHitsCollection.
     Total energy deposition in calorimeter : 0 (GeV)
     0 hits are stored in RE05MuonHitsCollection.
G4HEPEvtInterface - reading 575 HEPEvt particles from pythia_event.data.
>>> Event 33
     76 hits are stored in RE05TrackerHitsCollection.
     15 hits are stored in RE05CalorimeterHitsCollection.
     Total energy deposition in calorimeter : 3.9608971641484 (GeV)
     1 hits are stored in RE05MuonHitsCollection.
G4HEPEvtInterface - reading 1002 HEPEvt particles from pythia_event.data.
>>> Event 34
     158 hits are stored in RE05TrackerHitsCollection.
     59 hits are stored in RE05CalorimeterHitsCollection.
     Total energy deposition in calorimeter : 9.3620671744609 (GeV)
     1 hits are stored in RE05MuonHitsCollection.
G4HEPEvtInterface - reading 440 HEPEvt particles from pythia_event.data.
>>> Event 35
     0 hits are stored in RE05TrackerHitsCollection.
     0 hits are stored in RE05CalorimeterHitsCollection.
     Total energy deposition in calorimeter : 0 (GeV)
     0 hits are stored in RE05MuonHitsCollection.
G4HEPEvtInterface - reading 389 HEPEvt particles from pythia_event.data.
>>> Event 36
     0 hits are stored in RE05TrackerHitsCollection.
     0 hits are stored in RE05CalorimeterHitsCollection.
     Total energy deposition in calorimeter : 0 (GeV)
     0 hits are stored in RE05MuonHitsCollection.
G4HEPEvtInterface - reading 318 HEPEvt particles from pythia_event.data.
>>> Event 37
     27 hits are stored in RE05TrackerHitsCollection.
     32 hits are stored in RE05CalorimeterHitsCollection.
     Total energy deposition in calorimeter : 4.7747815036694 (GeV)
     1 hits are stored in RE05MuonHitsCollection.
G4HEPEvtInterface - reading 367 HEPEvt particles from pythia_event.data.
>>> Event 38
     61 hits are stored in RE05TrackerHitsCollection.
     44 hits are stored in RE05CalorimeterHitsCollection.
     Total energy deposition in calorimeter : 7.4570524828464 (GeV)
     1 hits are stored in RE05MuonHitsCollection.
G4HEPEvtInterface - reading 1000 HEPEvt particles from pythia_event.data.
>>> Event 39
     0 hits are stored in RE05TrackerHitsCollection.
     4 hits are stored in RE05CalorimeterHitsCollection.
     Total energy deposition in calorimeter : 0.736801889133 (GeV)
     0 hits are stored in RE05MuonHitsCollection.
G4HEPEvtInterface - reading 253 HEPEvt particles from pythia_event.data.
>>> Event 40
     22 hits are stored in RE05TrackerHitsCollection.
     30 hits are stored in RE05CalorimeterHitsCollection.
     Total energy deposition in calorimeter : 4.62000031216 (GeV)
     1 hits are stored in RE05MuonHitsCollection.
G4HEPEvtInterface - reading 474 HEPEvt particles from pythia_event.data.
>>> Event 41
     12 hits are stored in RE05TrackerHitsCollection.
     27 hits are stored in RE05CalorimeterHitsCollection.
     Total energy deposition in calorimeter : 6.7867297418248 (GeV)
     1 hits are stored in RE05MuonHitsCollection.
G4HEPEvtInterface - reading 695 HEPEvt particles from pythia_event.data.
>>> Event 42
     78 hits are stored in RE05TrackerHitsCollection.
     53 hits are stored in RE05CalorimeterHitsCollection.
     Total energy deposition in calorimeter : 6.3052630877755 (GeV)
     1 hits are stored in RE05MuonHitsCollection.
G4HEPEvtInterface - reading 760 HEPEvt particles from pythia_event.data.
>>> Event 43
     0 hits are stored in RE05TrackerHitsCollection.
     13 hits are stored in RE05CalorimeterHitsCollection.
     Total energy deposition in calorimeter : 2.2521304491615 (GeV)
     0 hits are stored in RE05MuonHitsCollection.
G4HEPEvtInterface - reading 328 HEPEvt particles from pythia_event.data.
>>> Event 44
     0 hits are stored in RE05TrackerHitsCollection.
     10 hits are stored in RE05CalorimeterHitsCollection.
     Total energy deposition in calorimeter : 1.7658319184049 (GeV)
     0 hits are stored in RE05MuonHitsCollection.
G4HEPEvtInterface - reading 574 HEPEvt particles from pythia_event.data.
>>> Event 45
     0 hits are stored in RE05TrackerHitsCollection.
     0 hits are stored in RE05CalorimeterHitsCollection.
     Total energy deposition in calorimeter : 0 (GeV)
     0 hits are stored in RE05MuonHitsCollection.
G4HEPEvtInterface - reading 420 HEPEvt particles from pythia_event.data.
>>> Event 46
     50 hits are stored in RE05TrackerHitsCollection.
     49 hits are stored in RE05CalorimeterHitsCollection.
     Total energy deposition in calorimeter : 8.1972410190808 (GeV)
     1 hits are stored in RE05MuonHitsCollection.
G4HEPEvtInterface - reading 1092 HEPEvt particles from pythia_event.data.
>>> Event 47
     71 hits are stored in RE05TrackerHitsCollection.
     52 hits are stored in RE05CalorimeterHitsCollection.
     Total energy deposition in calorimeter : 9.1639718196686 (GeV)
     1 hits are stored in RE05MuonHitsCollection.
G4HEPEvtInterface - reading 708 HEPEvt particles from pythia_event.data.
>>> Event 48
     47 hits are stored in RE05TrackerHitsCollection.
     19 hits are stored in RE05CalorimeterHitsCollection.
     Total energy deposition in calorimeter : 4.005202985873 (GeV)
     1 hits are stored in RE05MuonHitsCollection.
G4HEPEvtInterface - reading 942 HEPEvt particles from pythia_event.data.
>>> Event 49
     0 hits are stored in RE05TrackerHitsCollection.
     0 hits are stored in RE05CalorimeterHitsCollection.
     Total energy deposition in calorimeter : 0 (GeV)
     0 hits are stored in RE05MuonHitsCollection.
G4HEPEvtInterface - reading 422 HEPEvt particles from pythia_event.data.
>>> Event 50
     24 hits are stored in RE05TrackerHitsCollection.
     30 hits are stored in RE05CalorimeterHitsCollection.
     Total energy deposition in calorimeter : 5.0446428481096 (GeV)
     1 hits are stored in RE05MuonHitsCollection.
G4HEPEvtInterface - reading 621 HEPEvt particles from pythia_event.data.
>>> Event 51
     75 hits are stored in RE05TrackerHitsCollection.
     36 hits are stored in RE05CalorimeterHitsCollection.
     Total energy deposition in calorimeter : 7.0925062088342 (GeV)
     1 hits are stored in RE05MuonHitsCollection.
G4HEPEvtInterface - reading 380 HEPEvt particles from pythia_event.data.
>>> Event 52
     0 hits are stored in RE05TrackerHitsCollection.
     0 hits are stored in RE05CalorimeterHitsCollection.
     Total energy deposition in calorimeter : 0 (GeV)
     0 hits are stored in RE05MuonHitsCollection.
G4HEPEvtInterface - reading 780 HEPEvt particles from pythia_event.data.
>>> Event 53
     0 hits are stored in RE05TrackerHitsCollection.
     0 hits are stored in RE05CalorimeterHitsCollection.
     Total energy deposition in calorimeter : 0 (GeV)
     0 hits are stored in RE05MuonHitsCollection.
G4HEPEvtInterface - reading 218 HEPEvt particles from pythia_event.data.
>>> Event 54
     19 hits are stored in RE05TrackerHitsCollection.
     31 hits are stored in RE05CalorimeterHitsCollection.
     Total energy deposition in calorimeter : 5.1872924863563 (GeV)
     1 hits are stored in RE05MuonHitsCollection.
G4HEPEvtInterface - reading 349 HEPEvt particles from pythia_event.data.
>>> Event 55
     73 hits are stored in RE05TrackerHitsCollection.
     34 hits are stored in RE05CalorimeterHitsCollection.
     Total energy deposition in calorimeter : 7.0907927014187 (GeV)
     1 hits are stored in RE05MuonHitsCollection.
G4HEPEvtInterface - reading 566 HEPEvt particles from pythia_event.data.
>>> Event 56
     32 hits are stored in RE05TrackerHitsCollection.
     38 hits are stored in RE05CalorimeterHitsCollection.
     Total energy deposition in calorimeter : 4.8008165633365 (GeV)
     1 hits are stored in RE05MuonHitsCollection.
G4HEPEvtInterface - reading 467 HEPEvt particles from pythia_event.data.
>>> Event 57
     56 hits are stored in RE05TrackerHitsCollection.
     38 hits are stored in RE05CalorimeterHitsCollection.
     Total energy deposition in calorimeter : 6.0146881996628 (GeV)
     1 hits are stored in RE05MuonHitsCollection.
G4HEPEvtInterface - reading 745 HEPEvt particles from pythia_event.data.
>>> Event 58
     47 hits are stored in RE05TrackerHitsCollection.
     41 hits are stored in RE05CalorimeterHitsCollection.
     Total energy deposition in calorimeter : 7.0442928950946 (GeV)
     1 hits are stored in RE05MuonHitsCollection.
G4HEPEvtInterface - reading 742 HEPEvt particles from pythia_event.data.
>>> Event 59
     0 hits are stored in RE05TrackerHitsCollection.
     12 hits are stored in RE05CalorimeterHitsCollection.
     Total energy deposition in calorimeter : 2.0901300866944 (GeV)
     0 hits are stored in RE05MuonHitsCollection.
G4HEPEvtInterface - reading 822 HEPEvt particles from pythia_event.data.
>>> Event 60
     0 hits are stored in RE05TrackerHitsCollection.
     0 hits are stored in RE05CalorimeterHitsCollection.
     Total energy deposition in calorimeter : 0 (GeV)
     0 hits are stored in RE05MuonHitsCollection.
G4HEPEvtInterface - reading 324 HEPEvt particles from pythia_event.data.
>>> Event 61
     0 hits are stored in RE05TrackerHitsCollection.
     1 hits are stored in RE05CalorimeterHitsCollection.
     Total energy deposition in calorimeter : 0.11552236248637 (GeV)
     0 hits are stored in RE05MuonHitsCollection.
G4HEPEvtInterface - reading 389 HEPEvt particles from pythia_event.data.
>>> Event 62
     26 hits are stored in RE05TrackerHitsCollection.
     115 hits are stored in RE05CalorimeterHitsCollection.
     Total energy deposition in calorimeter : 65.69167104592 (GeV)
     1 hits are stored in RE05MuonHitsCollection.
G4HEPEvtInterface - reading 624 HEPEvt particles from pythia_event.data.
>>> Event 63
     0 hits are stored in RE05TrackerHitsCollection.
     0 hits are stored in RE05CalorimeterHitsCollection.
     Total energy deposition in calorimeter : 0 (GeV)
     0 hits are stored in RE05MuonHitsCollection.
G4HEPEvtInterface - reading 340 HEPEvt particles from pythia_event.data.
>>> Event 64
     27 hits are stored in RE05TrackerHitsCollection.
     23 hits are stored in RE05CalorimeterHitsCollection.
     Total energy deposition in calorimeter : 2.7651661767461 (GeV)
     1 hits are stored in RE05MuonHitsCollection.
G4HEPEvtInterface - reading 520 HEPEvt particles from pythia_event.data.
>>> Event 65
     44 hits are stored in RE05TrackerHitsCollection.
     44 hits are stored in RE05CalorimeterHitsCollection.
     Total energy deposition in calorimeter : 8.2260978393053 (GeV)
     1 hits are stored in RE05MuonHitsCollection.
G4HEPEvtInterface - reading 235 HEPEvt particles from pythia_event.data.
>>> Event 66
     8 hits are stored in RE05TrackerHitsCollection.
     18 hits are stored in RE05CalorimeterHitsCollection.
     Total energy deposition in calorimeter : 2.5000412732758 (GeV)
     1 hits are stored in RE05MuonHitsCollection.
G4HEPEvtInterface - reading 759 HEPEvt particles from pythia_event.data.
>>> Event 67
     0 hits are stored in RE05TrackerHitsCollection.
     0 hits are stored in RE05CalorimeterHitsCollection.
     Total energy deposition in calorimeter : 0 (GeV)
     0 hits are stored in RE05MuonHitsCollection.
G4HEPEvtInterface - reading 865 HEPEvt particles from pythia_event.data.
>>> Event 68
     0 hits are stored in RE05TrackerHitsCollection.
     8 hits are stored in RE05CalorimeterHitsCollection.
     Total energy deposition in calorimeter : 0.93239275140443 (GeV)
     0 hits are stored in RE05MuonHitsCollection.
G4HEPEvtInterface - reading 264 HEPEvt particles from pythia_event.data.
>>> Event 69
     78 hits are stored in RE05TrackerHitsCollection.
     26 hits are stored in RE05CalorimeterHitsCollection.
     Total energy deposition in calorimeter : 4.5300079599597 (GeV)
     1 hits are stored in RE05MuonHitsCollection.
G4HEPEvtInterface - reading 785 HEPEvt particles from pythia_event.data.
>>> Event 70
     0 hits are stored in RE05TrackerHitsCollection.
     0 hits are stored in RE05CalorimeterHitsCollection.
     Total energy deposition in calorimeter : 0 (GeV)
     0 hits are stored in RE05MuonHitsCollection.
G4HEPEvtInterface - reading 618 HEPEvt particles from pythia_event.data.
>>> Event 71
     0 hits are stored in RE05TrackerHitsCollection.
     4 hits are stored in RE05CalorimeterHitsCollection.
     Total energy deposition in calorimeter : 0.60527392750686 (GeV)
     0 hits are stored in RE05MuonHitsCollection.
G4HEPEvtInterface - reading 219 HEPEvt particles from pythia_event.data.
>>> Event 72
     89 hits are stored in RE05TrackerHitsCollection.
     41 hits are stored in RE05CalorimeterHitsCollection.
     Total energy deposition in calorimeter : 5.6823836832723 (GeV)
     1 hits are stored in RE05MuonHitsCollection.
G4HEPEvtInterface - reading 480 HEPEvt particles from pythia_event.data.
>>> Event 73
     30 hits are stored in RE05TrackerHitsCollection.
     46 hits are stored in RE05CalorimeterHitsCollection.
     Total energy deposition in calorimeter : 8.9893754779592 (GeV)
     1 hits are stored in RE05MuonHitsCollection.
G4HEPEvtInterface - reading 614 HEPEvt particles from pythia_event.data.
>>> Event 74
     0 hits are stored in RE05TrackerHitsCollection.
     4 hits are stored in RE05CalorimeterHitsCollection.
     Total energy deposition in calorimeter : 0.5752407765959 (GeV)
     0 hits are stored in RE05MuonHitsCollection.
G4HEPEvtInterface - reading 436 HEPEvt particles from pythia_event.data.
>>> Event 75
     13 hits are stored in RE05TrackerHitsCollection.
     66 hits are stored in RE05CalorimeterHitsCollection.
     Total energy deposition in calorimeter : 38.461368942991 (GeV)
     1 hits are stored in RE05MuonHitsCollection.
G4HEPEvtInterface - reading 355 HEPEvt particles from pythia_event.data.
>>> Event 76
     10 hits are stored in RE05TrackerHitsCollection.
     30 hits are stored in RE05CalorimeterHitsCollection.
     Total energy deposition in calorimeter : 3.675599183688 (GeV)
     1 hits are stored in RE05MuonHitsCollection.
G4HEPEvtInterface - reading 865 HEPEvt particles from pythia_event.data.
>>> Event 77
     21 hits are stored in RE05TrackerHitsCollection.
     83 hits are stored in RE05CalorimeterHitsCollection.
     Total energy deposition in calorimeter : 8.6588447953075 (GeV)
     1 hits are stored in RE05MuonHitsCollection.
G4HEPEvtInterface - reading 752 HEPEvt particles from pythia_event.data.
>>> Event 78
     0 hits are stored in RE05TrackerHitsCollection.
     4 hits are stored in RE05CalorimeterHitsCollection.
     Total energy deposition in calorimeter : 0.66964718473428 (GeV)
     0 hits are stored in RE05MuonHitsCollection.
G4HEPEvtInterface - reading 766 HEPEvt particles from pythia_event.data.
>>> Event 79
     0 hits are stored in RE05TrackerHitsCollection.
     0 hits are stored in RE05CalorimeterHitsCollection.
     Total energy deposition in calorimeter : 0 (GeV)
     0 hits are stored in RE05MuonHitsCollection.
G4HEPEvtInterface - reading 564 HEPEvt particles from pythia_event.data.
>>> Event 80
     32 hits are stored in RE05TrackerHitsCollection.
     40 hits are stored in RE05CalorimeterHitsCollection.
     Total energy deposition in calorimeter : 5.3273893947439 (GeV)
     1 hits are stored in RE05MuonHitsCollection.
G4HEPEvtInterface - reading 220 HEPEvt particles from pythia_event.data.
>>> Event 81
     56 hits are stored in RE05TrackerHitsCollection.
     34 hits are stored in RE05CalorimeterHitsCollection.
     Total energy deposition in calorimeter : 4.7969131085197 (GeV)
     1 hits are stored in RE05MuonHitsCollection.
G4HEPEvtInterface - reading 823 HEPEvt particles from pythia_event.data.
>>> Event 82
     0 hits are stored in RE05TrackerHitsCollection.
     0 hits are stored in RE05CalorimeterHitsCollection.
     Total energy deposition in calorimeter : 0 (GeV)
     0 hits are stored in RE05MuonHitsCollection.
G4HEPEvtInterface - reading 914 HEPEvt particles from pythia_event.data.
>>> Event 83
     128 hits are stored in RE05TrackerHitsCollection.
     43 hits are stored in RE05CalorimeterHitsCollection.
     Total energy deposition in calorimeter : 8.296252902611 (GeV)
     1 hits are stored in RE05MuonHitsCollection.
G4HEPEvtInterface - reading 232 HEPEvt particles from pythia_event.data.
>>> Event 84
     29 hits are stored in RE05TrackerHitsCollection.
     30 hits are stored in RE05CalorimeterHitsCollection.
     Total energy deposition in calorimeter : 9.5742864892667 (GeV)
     1 hits are stored in RE05MuonHitsCollection.
G4HEPEvtInterface - reading 1034 HEPEvt particles from pythia_event.data.
>>> Event 85
     123 hits are stored in RE05TrackerHitsCollection.
     93 hits are stored in RE05CalorimeterHitsCollection.
     Total energy deposition in calorimeter : 12.939499242317 (GeV)
     1 hits are stored in RE05MuonHitsCollection.
G4HEPEvtInterface - reading 673 HEPEvt particles from pythia_event.data.
>>> Event 86
     45 hits are stored in RE05TrackerHitsCollection.
     37 hits are stored in RE05CalorimeterHitsCollection.
     Total energy deposition in calorimeter : 7.1508932667107 (GeV)
     1 hits are stored in RE05MuonHitsCollection.
G4HEPEvtInterface - reading 246 HEPEvt particles from pythia_event.data.
>>> Event 87
     32 hits are stored in RE05TrackerHitsCollection.
     42 hits are stored in RE05CalorimeterHitsCollection.
     Total energy deposition in calorimeter : 4.2489293262874 (GeV)
     1 hits are stored in RE05MuonHitsCollection.
G4HEPEvtInterface - reading 1139 HEPEvt particles from pythia_event.data.
>>> Event 88
     0 hits are stored in RE05TrackerHitsCollection.
     7 hits are stored in RE05CalorimeterHitsCollection.
     Total energy deposition in calorimeter : 1.339564108458 (GeV)
     0 hits are stored in RE05MuonHitsCollection.
G4HEPEvtInterface - reading 991 HEPEvt particles from pythia_event.data.
>>> Event 89
     234 hits are stored in RE05TrackerHitsCollection.
     55 hits are stored in RE05CalorimeterHitsCollection.
     Total energy deposition in calorimeter : 8.5642561057316 (GeV)
     1 hits are stored in RE05MuonHitsCollection.
G4HEPEvtInterface - reading 430 HEPEvt particles from pythia_event.data.
>>> Event 90
     0 hits are stored in RE05TrackerHitsCollection.
     0 hits are stored in RE05CalorimeterHitsCollection.
     Total energy deposition in calorimeter : 0 (GeV)
     0 hits are stored in RE05MuonHitsCollection.
G4HEPEvtInterface - reading 232 HEPEvt particles from pythia_event.data.
>>> Event 91
     45 hits are stored in RE05TrackerHitsCollection.
     35 hits are stored in RE05CalorimeterHitsCollection.
     Total energy deposition in calorimeter : 8.69850370825 (GeV)
     1 hits are stored in RE05MuonHitsCollection.
G4HEPEvtInterface - reading 410 HEPEvt particles from pythia_event.data.
>>> Event 92
     0 hits are stored in RE05TrackerHitsCollection.
     5 hits are stored in RE05CalorimeterHitsCollection.
     Total energy deposition in calorimeter : 0.9870724361292 (GeV)
     0 hits are stored in RE05MuonHitsCollection.
G4HEPEvtInterface - reading 680 HEPEvt particles from pythia_event.data.
>>> Event 93
     97 hits are stored in RE05TrackerHitsCollection.
     58 hits are stored in RE05CalorimeterHitsCollection.
     Total energy deposition in calorimeter : 7.9771737976578 (GeV)
     1 hits are stored in RE05MuonHitsCollection.
G4HEPEvtInterface - reading 259 HEPEvt particles from pythia_event.data.
>>> Event 94
     0 hits are stored in RE05TrackerHitsCollection.
     0 hits are stored in RE05CalorimeterHitsCollection.
     Total energy deposition in calorimeter : 0 (GeV)
     0 hits are stored in RE05MuonHitsCollection.
G4HEPEvtInterface - reading 358 HEPEvt particles from pythia_event.data.
>>> Event 95
     18 hits are stored in RE05TrackerHitsCollection.
     24 hits are stored in RE05CalorimeterHitsCollection.
     Total energy deposition in calorimeter : 4.3802308819445 (GeV)
     1 hits are stored in RE05MuonHitsCollection.
G4HEPEvtInterface - reading 546 HEPEvt particles from pythia_event.data.
>>> Event 96
     0 hits are stored in RE05TrackerHitsCollection.
     3 hits are stored in RE05CalorimeterHitsCollection.
     Total energy deposition in calorimeter : 0.53010128231496 (GeV)
     0 hits are stored in RE05MuonHitsCollection.
G4HEPEvtInterface - reading 611 HEPEvt particles from pythia_event.data.
>>> Event 97
     0 hits are stored in RE05TrackerHitsCollection.
     0 hits are stored in RE05CalorimeterHitsCollection.
     Total energy deposition in calorimeter : 0 (GeV)
     0 hits are stored in RE05MuonHitsCollection.
G4HEPEvtInterface - reading 298 HEPEvt particles from pythia_event.data.
>>> Event 98
     42 hits are stored in RE05TrackerHitsCollection.
     32 hits are stored in RE05CalorimeterHitsCollection.
     Total energy deposition in calorimeter : 7.9515381402595 (GeV)
     1 hits are stored in RE05MuonHitsCollection.
G4HEPEvtInterface - reading 755 HEPEvt particles from pythia_event.data.
>>> Event 99
     65 hits are stored in RE05TrackerHitsCollection.
     55 hits are stored in RE05CalorimeterHitsCollection.
     Total energy deposition in calorimeter : 8.4865254160654 (GeV)
     1 hits are stored in RE05MuonHitsCollection.
Run terminated.
Run Summary
  Number of events processed : 100
  User=36.23s Real=36.36s Sys=0.02s
#
G4 kernel has come to Quit state.
UserDetectorConstruction deleted.
UserPhysicsList deleted.
UserActionInitialization deleted.
UserRunAction deleted.
UserPrimaryGenerator deleted.
RunManager is deleting RunManagerKernel.
G4SDManager deleted.
EventManager deleted.
Units table cleared.
================== Deleting memory pools ===================
Number of memory pools allocated: 21 of which, static: 0
Dynamic pools deleted: 21 / Total memory freed: 3.3 Mb
============================================================
G4Allocator objects are deleted.
UImanager deleted.
StateManager deleted.
RunManagerKernel is deleted. Good bye :)
