
        ############################################
        !!! WARNING - FPE detection is activated !!!
        ############################################

*************************************************************
 Geant4 version Name: geant4-10-01-patch-03    (5-February-2016)
                      Copyright : Geant4 Collaboration
                      Reference : NIM A 506 (2003), 250-303
                            WWW : http://cern.ch/geant4
*************************************************************


### === G4UAtomicDeexcitation::InitialiseForNewRun()
PhysicsList::SetCuts:CutLength : 1 um 
Visualization Manager instantiating with verbosity "warnings (3)"...
Visualization Manager initialising...
Registering graphics systems...

You have successfully registered the following graphics systems.
Current available graphics systems are:
  ASCIITree (ATree)
  DAWNFILE (DAWNFILE)
  G4HepRep (HepRepXML)
  G4HepRepFile (HepRepFile)
  OpenGLImmediateX (OGLIX)
  OpenGLImmediateXm (OGLI, OGLIXm)
  OpenGLStoredX (OGLSX)
  OpenGLStoredXm (OGL, OGLS, OGLSXm)
  RayTracer (RayTracer)
  RayTracerX (RayTracerX)
  VRML1FILE (VRML1FILE)
  VRML2FILE (VRML2FILE)
  gMocrenFile (gMocrenFile)

Registering model factories...

You have successfully registered the following model factories.
Registered model factories:
  generic
  drawByCharge
  drawByParticleID
  drawByOriginVolume
  drawByAttribute

Registered filter factories:
  chargeFilter
  particleFilter
  originVolumeFilter
  attributeFilter

You have successfully registered the following user vis actions.
Run Duration User Vis Actions: none
End of Event User Vis Actions: none
End of Run User Vis Actions: none

Some /vis commands (optionally) take a string to specify colour.
Available colours:
  black, blue, brown, cyan, gray, green, grey, magenta, red, white, yellow

### Added msc model order= -14 for e- and msc

msc:   for e-    SubType= 10
      RangeFactor= 0.04, stepLimitType: 1, latDisplacement: 1
      ===== EM models for the G4Region  DefaultRegionForTheWorld ======
            UrbanMsc :  Emin=        0 eV    Emax=       10 TeV  Table with 77 bins Emin=    100 eV    Emax=     10 TeV
      ===== EM models for the G4Region  Target ======
            UrbanMsc :  Emin=      100 MeV   Emax=       10 TeV  Table with 35 bins Emin=    100 MeV   Emax=     10 TeV

### ===  Deexcitation model UAtomDeexcitation is activated for 2 regions:
          DefaultRegionForTheWorld
          Target

### === G4UAtomicDeexcitation::InitialiseForNewRun()
### ===  PIXE model for hadrons: Empirical  1
### ===  PIXE model for e+-:     Livermore  1

eIoni:   for  e-    SubType= 2
      dE/dx and range tables from 100 eV  to 10 TeV in 77 bins
      Lambda tables from threshold to 10 TeV, 7 bins per decade, spline: 1
      finalRange(mm)= 1, dRoverRange= 0.2, integral: 1, fluct: 1, linLossLimit= 0.01
      ===== EM models for the G4Region  DefaultRegionForTheWorld ======
        MollerBhabha :  Emin=        0 eV    Emax=       10 TeV
      ===== EM models for the G4Region  Target ======
        MollerBhabha :  Emin=    99.99 MeV   Emax=       10 TeV

e-_G4MicroElecElastic:   for  e-    SubType= 51  BuildTable= 0
      ===== EM models for the G4Region  DefaultRegionForTheWorld ======
          DummyModel :  Emin=        0 eV    Emax=      100 MeV
      ===== EM models for the G4Region  Target ======
MicroElecElasticModel :  Emin=        0 eV    Emax=      100 MeV

e-_G4MicroElecInelastic:   for  e-    SubType= 53  BuildTable= 0
      ===== EM models for the G4Region  DefaultRegionForTheWorld ======
          DummyModel :  Emin=        0 eV    Emax=      100 MeV
      ===== EM models for the G4Region  Target ======
MicroElecInelasticModel :  Emin=        0 eV    Emax=      100 MeV   deltaVI  FluoActive

msc:   for proton    SubType= 10
      RangeFactor= 0.2, stepLimitType: 0, latDisplacement: 1
      ===== EM models for the G4Region  DefaultRegionForTheWorld ======
            UrbanMsc :  Emin=        0 eV    Emax=       10 TeV  Table with 77 bins Emin=    100 eV    Emax=     10 TeV

hIoni:   for  proton    SubType= 2
      dE/dx and range tables from 100 eV  to 10 TeV in 77 bins
      Lambda tables from threshold to 10 TeV, 7 bins per decade, spline: 1
      finalRange(mm)= 0.1, dRoverRange= 0.2, integral: 1, fluct: 1, linLossLimit= 0.01
      ===== EM models for the G4Region  DefaultRegionForTheWorld ======
               Bragg :  Emin=        0 eV    Emax=        2 MeV
          BetheBloch :  Emin=        2 MeV   Emax=       10 TeV
      ===== EM models for the G4Region  Target ======
               Bragg :  Emin=        0 eV    Emax=        2 MeV
          BetheBloch :  Emin=      990 MeV   Emax=      100 GeV

p_G4MicroElecInelastic:   for  proton    SubType= 53  BuildTable= 0
      ===== EM models for the G4Region  DefaultRegionForTheWorld ======
          DummyModel :  Emin=        0 eV    Emax=       10 GeV
      ===== EM models for the G4Region  Target ======
MicroElecInelasticModel :  Emin=        0 eV    Emax=       10 GeV   deltaVI  FluoActive

msc:   for GenericIon    SubType= 10
      RangeFactor= 0.2, stepLimitType: 0, latDisplacement: 0
      ===== EM models for the G4Region  DefaultRegionForTheWorld ======
            UrbanMsc :  Emin=        0 eV    Emax=       10 TeV

ionIoni:   for  GenericIon    SubType= 2
      dE/dx and range tables from 100 eV  to 10 TeV in 77 bins
      Lambda tables from threshold to 10 TeV, 7 bins per decade, spline: 1
      finalRange(mm)= 0.01, dRoverRange= 0.1, integral: 1, fluct: 1, linLossLimit= 0.02
      Stopping Power data for 17 ion/material pairs 
      ===== EM models for the G4Region  DefaultRegionForTheWorld ======
            BraggIon :  Emin=        0 eV    Emax=        2 MeV
          BetheBloch :  Emin=        2 MeV   Emax=       10 TeV
      ===== EM models for the G4Region  Target ======
            BraggIon :  Emin=        0 eV    Emax=        2 MeV
          BetheBloch :  Emin=      990 MeV   Emax=      100 GeV

ion_G4MicroElecInelastic:   for  GenericIon    SubType= 53  BuildTable= 0
      ===== EM models for the G4Region  DefaultRegionForTheWorld ======
          DummyModel :  Emin=        0 eV    Emax=       10 GeV
      ===== EM models for the G4Region  Target ======
MicroElecInelasticModel :  Emin=        0 eV    Emax=       10 GeV   deltaVI  FluoActive

Region <DefaultRegionForTheWorld> --  -- appears in <World> world volume
 This region is in the mass world.
 Root logical volume(s) : World 
 Pointers : G4VUserRegionInformation[0], G4UserLimits[0], G4FastSimulationManager[0], G4UserSteppingAction[0]
 Materials : G4_Si 
 Production cuts :   gamma 1 um      e- 1 um      e+ 1 um  proton 1 um 

Region <DefaultRegionForParallelWorld> --  -- is not associated to any world.
 Root logical volume(s) : 
 Pointers : G4VUserRegionInformation[0], G4UserLimits[0], G4FastSimulationManager[0], G4UserSteppingAction[0]
 Materials : 
 Production cuts :   gamma 1 um      e- 1 um      e+ 1 um  proton 1 um 

Region <Target> --  -- appears in <World> world volume
 This region is in the mass world.
 Root logical volume(s) : Target 
 Pointers : G4VUserRegionInformation[0], G4UserLimits[0], G4FastSimulationManager[0], G4UserSteppingAction[0]
 Materials : G4_Si 
 Production cuts :   gamma 1 nm      e- 1 nm      e+ 1 nm  proton 1 nm 

========= Table of registered couples ==============================

Index : 0     used in the geometry : Yes
 Material : G4_Si
 Range cuts        :  gamma  1 um     e-  1 um     e+  1 um  proton 1 um 
 Energy thresholds :  gamma  990 eV     e-  990 eV     e+  990 eV  proton 100 eV 
 Region(s) which use this couple : 
    DefaultRegionForTheWorld

Index : 1     used in the geometry : Yes
 Material : G4_Si
 Range cuts        :  gamma  1 nm     e-  1 nm     e+  1 nm  proton 1 nm 
 Energy thresholds :  gamma  990 eV     e-  990 eV     e+  990 eV  proton 0.1 eV 
 Region(s) which use this couple : 
    Target

====================================================================

Start closing geometry.
G4GeometryManager::ReportVoxelStats -- Voxel Statistics

    Total memory consumed for geometry optimisation:   0 kByte
    Total CPU time elapsed for geometry optimisation: 0 seconds
### Run 0 starts.
##### Create analysis manager   0x27539b0
Using Root analysis manager
... open Root analysis file : microelectronics.root - done
 Run terminated.
Run Summary
  Number of events processed : 1
  User=0.17s Real=0.17s Sys=0s
... write Root file : microelectronics.root - done
Number and type of particles created outside region "Target" :
_______________________
Number and type of particles created in region "Target" :
N e- : 32

Region <DefaultRegionForTheWorld> --  -- appears in <World> world volume
 This region is in the mass world.
 Root logical volume(s) : World 
 Pointers : G4VUserRegionInformation[0], G4UserLimits[0], G4FastSimulationManager[0], G4UserSteppingAction[0]
 Materials : G4_Si 
 Production cuts :   gamma 1 um      e- 1 um      e+ 1 um  proton 1 um 

Region <DefaultRegionForParallelWorld> --  -- is not associated to any world.
 Root logical volume(s) : 
 Pointers : G4VUserRegionInformation[0], G4UserLimits[0], G4FastSimulationManager[0], G4UserSteppingAction[0]
 Materials : 
 Production cuts :   gamma 1 um      e- 1 um      e+ 1 um  proton 1 um 

Region <Target> --  -- appears in <World> world volume
 This region is in the mass world.
 Root logical volume(s) : Target 
 Pointers : G4VUserRegionInformation[0], G4UserLimits[0], G4FastSimulationManager[0], G4UserSteppingAction[0]
 Materials : G4_Si 
 Production cuts :   gamma 1 nm      e- 1 nm      e+ 1 nm  proton 1 nm 

========= Table of registered couples ==============================

Index : 0     used in the geometry : Yes
 Material : G4_Si
 Range cuts        :  gamma  1 um     e-  1 um     e+  1 um  proton 1 um 
 Energy thresholds :  gamma  990 eV     e-  990 eV     e+  990 eV  proton 100 eV 
 Region(s) which use this couple : 
    DefaultRegionForTheWorld

Index : 1     used in the geometry : Yes
 Material : G4_Si
 Range cuts        :  gamma  1 nm     e-  1 nm     e+  1 nm  proton 1 nm 
 Energy thresholds :  gamma  990 eV     e-  990 eV     e+  990 eV  proton 0.1 eV 
 Region(s) which use this couple : 
    Target

====================================================================

### Run 1 starts.
##### Create analysis manager   0x27539b0
Using Root analysis manager
... open Root analysis file : microelectronics.root - done
 Run terminated.
Run Summary
  Number of events processed : 1
  User=0s Real=0s Sys=0s
... write Root file : microelectronics.root - done
Number and type of particles created outside region "Target" :
_______________________
Number and type of particles created in region "Target" :
N e- : 32
Graphics systems deleted.
Visualization Manager deleting...
G4 kernel has come to Quit state.
UserDetectorConstruction deleted.
UserPhysicsList deleted.
UserActionInitialization deleted.
UserRunAction deleted.
UserPrimaryGenerator deleted.
RunManager is deleting RunManagerKernel.
EventManager deleted.
Units table cleared.
Total navigation history collections cleaned: 7
================== Deleting memory pools ===================
Number of memory pools allocated: 9 of which, static: 0
Dynamic pools deleted: 9 / Total memory freed: 0.018 Mb
============================================================
G4Allocator objects are deleted.
UImanager deleted.
StateManager deleted.
RunManagerKernel is deleted. Good bye :)
