Environment variable "G4FORCE_RUN_MANAGER_TYPE" enabled with value == Serial. Forcing G4RunManager type...

        ############################################
        !!! WARNING - FPE detection is activated !!!
        ############################################


          ################################
          !!! G4Backtrace is activated !!!
          ################################


**************************************************************
 Geant4 version Name: geant4-11-01-patch-01    (10-February-2023)
                       Copyright : Geant4 Collaboration
                      References : NIM A 506 (2003), 250-303
                                 : IEEE-TNS 53 (2006), 270-278
                                 : NIM A 835 (2016), 186-225
                             WWW : http://geant4.org/
**************************************************************

/dnageom/verbose 1
/chem/activate true
/scheduler/verbose 0
/material/verbose 2
/world/worldSize 10200 nm
/cell/radiusSize 3 3 3 um
/dnageom/setSmartVoxels 1
/dnageom/checkOverlaps false
/scheduler/endTime 1 us
/dnageom/radicalKillDistance 9 nm
/dnageom/interactionDirectRange 7 angstrom
/dnageom/placementSize 30 30 100 nm
/dnageom/fractalScaling 1 1 1 nm
/dnageom/definitionFile geometries/prisms200k_r3000.txt
/dnageom/placementVolume prism geometries/straight-216-0.txt
/dnageom/setVoxelPlacementAnglesAsMultiplesOfPi false
/dnageom/useCustomMoleculeSizes false
/dnageom/drawCellVolumes false
/dnageom/activateHistoneScavenging true
/chromosome/add cylinder sphere 3000 0 0 0 nm
/dnadamage/directDamageLower 17.5 eV
/dnadamage/directDamageUpper 17.5 eV
/dnadamage/indirectOHBaseChance 1.0
/dnadamage/indirectOHStrandChance 0.65
/dnadamage/inductionOHChance 0.0
/dnadamage/indirectHBaseChance 1.0
/dnadamage/indirectHStrandChance 0.65
/dnadamage/inductionHChance 0.00
/dnadamage/indirectEaqBaseChance 1.0
/dnadamage/indirectEaqStrandChance 0.65
/dnadamage/inductionEaqChance 0.00
/analysisDNA/saveStrands false
/analysisDNA/fragmentGap 0
/run/initialize
userDetector->Construct() start.
G4NistMaterialBuilder::FindOrBuildMaterial G4_Galactic
G4NistMaterialBuilder: BuildMaterial #286
New material nComponents= 1
G4Material: Mean excitation energy is changed for G4_Galactic Iold= 19.2eV Inew= 21.8 eV
G4NistMaterialBuilder::FindOrBuildMaterial G4_WATER
Loading Voxel: prism
Histones placed per chromosome:
Chromosome               Histones
-----------------------------------
cylinder : 0
Base Pairs placed per chromosome:
Chromosome               Base Pairs
-----------------------------------
cylinder : 43200216
-------------------------------
Name         Vols     EndNodes  Max(vols/node)
----------------------------------------------
prism        1296     5048      1        
-------------------------------------------
world is registered to the default region.
physicsList->Construct() start.
--- G4CoupledTransportation is used 
G4NistMaterialBuilder::FindOrBuildMaterial G4_WATER
G4NistMaterialBuilder::FindOrBuildMaterial G4_WATER
G4NistMaterialBuilder::FindOrBuildMaterial G4_WATER
G4NistMaterialBuilder::FindOrBuildMaterial G4_WATER
G4NistMaterialBuilder::FindOrBuildMaterial G4_WATER
G4NistMaterialBuilder::FindOrBuildMaterial G4_WATER
G4NistMaterialBuilder::FindOrBuildMaterial G4_WATER
G4NistMaterialBuilder::FindOrBuildMaterial G4_WATER
G4NistMaterialBuilder::FindOrBuildMaterial G4_WATER
G4NistMaterialBuilder::FindOrBuildMaterial G4_WATER
G4NistMaterialBuilder::FindOrBuildMaterial G4_WATER
G4NistMaterialBuilder::FindOrBuildMaterial G4_WATER
G4NistMaterialBuilder::FindOrBuildMaterial G4_WATER
G4NistMaterialBuilder::FindOrBuildMaterial G4_WATER
G4NistMaterialBuilder::FindOrBuildMaterial G4_WATER
physicsList->CheckParticleList() start.
physicsList->setCut() start.
/run/printProgress 100
/gps/particle e-
/gps/ang/type iso
/gps/energy 4.5 keV
/gps/pos/type Volume
/gps/pos/shape Sphere
/gps/pos/radius 500 nm
/gps/pos/centre 0 0 0 nm
/run/beamOn 2
=======================================================================
======                 Electromagnetic Physics Parameters      ========
=======================================================================
LPM effect enabled                                 1
Enable creation and use of sampling tables         0
Apply cuts on all EM processes                     0
Use combined TransportationWithMsc                 Disabled
Use general process                                0
Enable linear polarisation for gamma               0
Enable photoeffect sampling below K-shell          1
Enable sampling of quantum entanglement            0
X-section factor for integral approach             0.8
Min kinetic energy for tables                      10 eV 
Max kinetic energy for tables                      300 MeV
Number of bins per decade of a table               20
Verbose level                                      1
Verbose level for worker thread                    0
Bremsstrahlung energy threshold above which 
  primary e+- is added to the list of secondary    100 TeV
Bremsstrahlung energy threshold above which primary
  muon/hadron is added to the list of secondary    100 TeV
Lowest triplet kinetic energy                      1 MeV
Enable sampling of gamma linear polarisation       0
5D gamma conversion model type                     0
5D gamma conversion model on isolated ion          0
Livermore data directory                           epics_2017
=======================================================================
======                 Ionisation Parameters                   ========
=======================================================================
Step function for e+-                              (0.2, 0.01 mm)
Step function for muons/hadrons                    (0.1, 0.05 mm)
Step function for light ions                       (0.1, 0.02 mm)
Step function for general ions                     (0.1, 0.001 mm)
Lowest e+e- kinetic energy                         0 eV 
Lowest muon/hadron kinetic energy                  1 keV
Use ICRU90 data                                    1
Fluctuations of dE/dx are enabled                  1
Type of fluctuation model for leptons and hadrons  Universal
Use built-in Birks satuaration                     0
Build CSDA range enabled                           0
Use cut as a final range enabled                   0
Enable angular generator interface                 1
Max kinetic energy for CSDA tables                 1 GeV
Max kinetic energy for NIEL computation            0 eV 
Linear loss limit                                  0.01
Read data from file for e+e- pair production by mu 0
=======================================================================
======                 Multiple Scattering Parameters          ========
=======================================================================
Type of msc step limit algorithm for e+-           2
Type of msc step limit algorithm for muons/hadrons 0
Msc lateral displacement for e+- enabled           1
Msc lateral displacement for muons and hadrons     0
Urban msc model lateral displacement alg96         1
Range factor for msc step limit for e+-            0.08
Range factor for msc step limit for muons/hadrons  0.2
Geometry factor for msc step limitation of e+-     2.5
Safety factor for msc step limit for e+-           0.6
Skin parameter for msc step limitation of e+-      3
Lambda limit for msc step limit for e+-            1 mm
Use Mott correction for e- scattering              1
Factor used for dynamic computation of angular 
  limit between single and multiple scattering     1
Fixed angular limit between single 
  and multiple scattering                          3.1416 rad
Upper energy limit for e+- multiple scattering     100 MeV
Type of electron single scattering model           0
Type of nuclear form-factor                        1
Screening factor                                   1
=======================================================================
======                 Atomic Deexcitation Parameters          ========
=======================================================================
Fluorescence enabled                               1
Directory in G4LEDATA for fluorescence data files  fluor
Auger electron cascade enabled                     1
PIXE atomic de-excitation enabled                  0
De-excitation module ignores cuts                  1
Type of PIXE cross section for hadrons             Empirical
Type of PIXE cross section for e+-                 Livermore
=======================================================================
======                 DNA Physics Parameters                  ========
=======================================================================
Use fast sampling in DNA models                    1
Use Stationary option in DNA models                0
Use DNA with multiple scattering of e-             0
Use DNA e- solvation model type                    11003
=======================================================================

### ===  Deexcitation model UAtomDeexcitation is activated for 1 region:
          DefaultRegionForTheWorld  1  1  0
### ===  Auger flag: 1
### ===  Ignore cuts flag:   1

phot:  for gamma SubType=12 BuildTable=0
      LambdaPrime table from 200 keV to 300 MeV in 59 bins 
      ===== EM models for the G4Region  DefaultRegionForTheWorld ======
 LivermorePhElectric : Emin=    0 eV  Emax=  300 MeV  SauterGavrila Fluo

compt:  for gamma SubType=13 BuildTable=1
      Lambda table from 10 eV  to 1 MeV, 19 bins/decade, spline: 1
      LambdaPrime table from 1 MeV to 300 MeV in 46 bins 
      ===== EM models for the G4Region  DefaultRegionForTheWorld ======
   LowEPComptonModel : Emin=    0 eV  Emax=   20 MeV Fluo
        KleinNishina : Emin=   20 MeV Emax=  300 MeV Fluo

conv:  for gamma SubType=14 BuildTable=1
      Lambda table from 1.022 MeV to 300 MeV, 30 bins/decade, spline: 1
      ===== EM models for the G4Region  DefaultRegionForTheWorld ======
     BetheHeitlerLPM : Emin=    0 eV  Emax=  300 MeV  ModifiedTsai

Rayl:  for gamma SubType=11 BuildTable=1
      Lambda table from 10 eV  to 150 keV, 19 bins/decade, spline: 0
      LambdaPrime table from 150 keV to 300 MeV in 62 bins 
      ===== EM models for the G4Region  DefaultRegionForTheWorld ======
   LivermoreRayleigh : Emin=    0 eV  Emax=  300 MeV  CullenGenerator

msc:  for e-  SubType= 10
      ===== EM models for the G4Region  DefaultRegionForTheWorld ======
  GoudsmitSaunderson : Emin=    1 MeV Emax=  300 MeV Nbins=40   1 MeV - 300 MeV
          StepLim=SafetyPlus Rfact=0.08 Gfact=2.5 Sfact=0.6 DispFlag:1 Skin=3 Llim=1 mm

eIoni:  for e-  XStype:3  SubType=2
      dE/dx and range tables from 10 eV  to 300 MeV in 140 bins
      Lambda tables from threshold to 300 MeV, 20 bins/decade, spline: 1
      StepFunction=(0.2, 0.01 mm), integ: 3, fluct: 1, linLossLim= 0.01
      ===== EM models for the G4Region  DefaultRegionForTheWorld ======
        MollerBhabha : Emin=    1 MeV Emax=  300 MeV  deltaVI

eBrem:  for e-  XStype:4  SubType=3
      dE/dx and range tables from 10 eV  to 300 MeV in 140 bins
      Lambda tables from threshold to 300 MeV, 20 bins/decade, spline: 1
      LPM flag: 1 for E > 0.3 GeV,  VertexHighEnergyTh(GeV)= 100000
      ===== EM models for the G4Region  DefaultRegionForTheWorld ======
             eBremSB : Emin=    1 MeV Emax=  300 MeV  AngularGen2BS

e-_G4DNAElectronSolvation:  for e- SubType=58 BuildTable=0
      ===== EM models for the G4Region  DefaultRegionForTheWorld ======
DNAOneStepThermalizationModel_Meesungnoen2002 : Emin=    0 eV  Emax=  7.4 eV 
          DummyModel : Emin=  7.4 eV  Emax=  300 MeV
          StepLim=UseSafety Rfact=0.04 Gfact=2.5 Sfact=0.6 DispFlag:1 Skin=1 Llim=1 mm

e-_G4DNAElastic:  for e- SubType=51 BuildTable=0
      ===== EM models for the G4Region  DefaultRegionForTheWorld ======
DNAChampionElasticModel : Emin=    0 eV  Emax=    1 MeV
          DummyModel : Emin=    1 MeV Emax=  300 MeV
          StepLim=UseSafety Rfact=0.04 Gfact=2.5 Sfact=0.6 DispFlag:1 Skin=1 Llim=1 mm

e-_G4DNAExcitation:  for e- SubType=52 BuildTable=0
      ===== EM models for the G4Region  DefaultRegionForTheWorld ======
DNABornExcitationModel : Emin=    0 eV  Emax=    1 MeV
          DummyModel : Emin=    1 MeV Emax=  300 MeV
          StepLim=UseSafety Rfact=0.04 Gfact=2.5 Sfact=0.6 DispFlag:1 Skin=1 Llim=1 mm

e-_G4DNAIonisation:  for e- SubType=53 BuildTable=0
      ===== EM models for the G4Region  DefaultRegionForTheWorld ======
DNABornIonisationModel : Emin=    0 eV  Emax=    1 MeV  deltaBorn Fluo
          DummyModel : Emin=    1 MeV Emax=  300 MeV
          StepLim=UseSafety Rfact=0.04 Gfact=2.5 Sfact=0.6 DispFlag:1 Skin=1 Llim=1 mm

e-_G4DNAVibExcitation:  for e- SubType=54 BuildTable=0
      ===== EM models for the G4Region  DefaultRegionForTheWorld ======
DNASancheExcitationModel : Emin=    0 eV  Emax=  100 eV 
          DummyModel : Emin=  100 eV  Emax=  300 MeV
          StepLim=UseSafety Rfact=0.04 Gfact=2.5 Sfact=0.6 DispFlag:1 Skin=1 Llim=1 mm

e-_G4DNAAttachment:  for e- SubType=55 BuildTable=0
      ===== EM models for the G4Region  DefaultRegionForTheWorld ======
DNAMeltonAttachmentModel : Emin=    0 eV  Emax=   13 eV 
          DummyModel : Emin=   13 eV  Emax=  300 MeV
          StepLim=UseSafety Rfact=0.04 Gfact=2.5 Sfact=0.6 DispFlag:1 Skin=1 Llim=1 mm

msc:  for e+  SubType= 10
      ===== EM models for the G4Region  DefaultRegionForTheWorld ======
  GoudsmitSaunderson : Emin=    0 eV  Emax=  300 MeV Nbins=120 100 eV  - 300 MeV
          StepLim=SafetyPlus Rfact=0.08 Gfact=2.5 Sfact=0.6 DispFlag:1 Skin=3 Llim=1 mm

eIoni:  for e+  XStype:3  SubType=2
      dE/dx and range tables from 10 eV  to 300 MeV in 140 bins
      Lambda tables from threshold to 300 MeV, 20 bins/decade, spline: 1
      StepFunction=(0.2, 0.01 mm), integ: 3, fluct: 1, linLossLim= 0.01
      ===== EM models for the G4Region  DefaultRegionForTheWorld ======
        MollerBhabha : Emin=    0 eV  Emax=  300 MeV  deltaVI

eBrem:  for e+  XStype:4  SubType=3
      dE/dx and range tables from 10 eV  to 300 MeV in 140 bins
      Lambda tables from threshold to 300 MeV, 20 bins/decade, spline: 1
      LPM flag: 1 for E > 0.3 GeV,  VertexHighEnergyTh(GeV)= 100000
      ===== EM models for the G4Region  DefaultRegionForTheWorld ======
             eBremSB : Emin=    0 eV  Emax=  300 MeV  AngularGen2BS

annihil:  for e+ XStype:2 SubType=5 BuildTable=0
      ===== EM models for the G4Region  DefaultRegionForTheWorld ======
            eplus2gg : Emin=    0 eV  Emax=  300 MeV

proton_G4DNAElastic:  for proton SubType=51 BuildTable=0
      ===== EM models for the G4Region  DefaultRegionForTheWorld ======
  DNAIonElasticModel : Emin=    0 eV  Emax=    1 MeV
          DummyModel : Emin=    1 MeV Emax=  300 MeV
          StepLim=UseSafety Rfact=0.04 Gfact=2.5 Sfact=0.6 DispFlag:1 Skin=1 Llim=1 mm

proton_G4DNAExcitation:  for proton SubType=52 BuildTable=0
      ===== EM models for the G4Region  DefaultRegionForTheWorld ======
DNAMillerGreenExcitationModel : Emin=    0 eV  Emax=  500 keV
DNABornExcitationModel : Emin=  500 keV Emax=  100 MeV
DNARPWBAExcitationModel : Emin=  100 MeV Emax=  300 MeV

proton_G4DNAIonisation:  for proton SubType=53 BuildTable=0
      ===== EM models for the G4Region  DefaultRegionForTheWorld ======
DNARuddIonisationExtendedModel : Emin=    0 eV  Emax=  500 keV  deltaRudd Fluo
DNABornIonisationModel : Emin=  500 keV Emax=  100 MeV  deltaBorn Fluo
DNARPWBAIonisationModel : Emin=  100 MeV Emax=  300 MeV  deltaBorn Fluo

proton_G4DNAChargeDecrease:  for proton SubType=56 BuildTable=0
      ===== EM models for the G4Region  DefaultRegionForTheWorld ======
DNADingfelderChargeDecreaseModel : Emin=    0 eV  Emax=  300 MeV

GenericIon_G4DNAIonisation:  for GenericIon SubType=53 BuildTable=0
      ===== EM models for the G4Region  DefaultRegionForTheWorld ======
          DummyModel : Emin=    0 eV  Emax=  100 eV 
          StepLim=UseSafety Rfact=0.04 Gfact=2.5 Sfact=0.6 DispFlag:1 Skin=1 Llim=1 mm
DNARuddIonisationExtendedModel : Emin=  100 eV  Emax=  300 MeV  deltaRudd Fluo
======================================================================
======          Radioactive Decay Physics Parameters           =======
======================================================================
min MeanLife (from G4NuclideTable)                1 ns 
Max life time (from G4DeexPrecoParameters)        1000 ps 
Internal e- conversion flag                       1
Stored internal conversion coefficients           1
Enabled atomic relaxation mode                    1
Enable correlated gamma emission                  0
Max 2J for sampling of angular correlations       10
Atomic de-excitation enabled                      1
Auger electron emission enabled                   1
Check EM cuts disabled for atomic de-excitation   1
Use Bearden atomic level energies                 0
Use ANSTO fluorescence model                      0
Threshold for very long decay time at rest        3.171e+10 y  
======================================================================

alpha_G4DNAElastic:  for alpha SubType=51 BuildTable=0
      ===== EM models for the G4Region  DefaultRegionForTheWorld ======
  DNAIonElasticModel : Emin=    0 eV  Emax=    1 MeV
          DummyModel : Emin=    1 MeV Emax=  300 MeV
          StepLim=UseSafety Rfact=0.04 Gfact=2.5 Sfact=0.6 DispFlag:1 Skin=1 Llim=1 mm

alpha_G4DNAExcitation:  for alpha SubType=52 BuildTable=0
      ===== EM models for the G4Region  DefaultRegionForTheWorld ======
DNAMillerGreenExcitationModel : Emin=    0 eV  Emax=  300 MeV

alpha_G4DNAIonisation:  for alpha SubType=53 BuildTable=0
      ===== EM models for the G4Region  DefaultRegionForTheWorld ======
          DummyModel : Emin=    0 eV  Emax=  100 eV 
          StepLim=UseSafety Rfact=0.04 Gfact=2.5 Sfact=0.6 DispFlag:1 Skin=1 Llim=1 mm
DNARuddIonisationExtendedModel : Emin=  100 eV  Emax=  300 MeV  deltaRudd Fluo

alpha_G4DNAChargeDecrease:  for alpha SubType=56 BuildTable=0
      ===== EM models for the G4Region  DefaultRegionForTheWorld ======
DNADingfelderChargeDecreaseModel : Emin=    0 eV  Emax=  300 MeV

alpha+_G4DNAElastic:  for alpha+ SubType=51 BuildTable=0
      ===== EM models for the G4Region  DefaultRegionForTheWorld ======
  DNAIonElasticModel : Emin=    0 eV  Emax=    1 MeV
          DummyModel : Emin=    1 MeV Emax=  300 MeV
          StepLim=UseSafety Rfact=0.04 Gfact=2.5 Sfact=0.6 DispFlag:1 Skin=1 Llim=1 mm

alpha+_G4DNAExcitation:  for alpha+ SubType=52 BuildTable=0
      ===== EM models for the G4Region  DefaultRegionForTheWorld ======
DNAMillerGreenExcitationModel : Emin=    0 eV  Emax=  300 MeV

alpha+_G4DNAIonisation:  for alpha+ SubType=53 BuildTable=0
      ===== EM models for the G4Region  DefaultRegionForTheWorld ======
          DummyModel : Emin=    0 eV  Emax=  100 eV 
          StepLim=UseSafety Rfact=0.04 Gfact=2.5 Sfact=0.6 DispFlag:1 Skin=1 Llim=1 mm
DNARuddIonisationExtendedModel : Emin=  100 eV  Emax=  300 MeV  deltaRudd Fluo

alpha+_G4DNAChargeIncrease:  for alpha+ SubType=57 BuildTable=0
      ===== EM models for the G4Region  DefaultRegionForTheWorld ======
DNADingfelderChargeIncreaseModel : Emin=    0 eV  Emax=  300 MeV

alpha+_G4DNAChargeDecrease:  for alpha+ SubType=56 BuildTable=0
      ===== EM models for the G4Region  DefaultRegionForTheWorld ======
DNADingfelderChargeDecreaseModel : Emin=    0 eV  Emax=  300 MeV

msc:  for anti_proton  SubType= 10
      ===== EM models for the G4Region  DefaultRegionForTheWorld ======
        WentzelVIUni : Emin=    0 eV  Emax=  300 MeV
          StepLim=Minimal Rfact=0.2 Gfact=2.5 Sfact=0.6 DispFlag:0 Skin=3 Llim=1 mm

hIoni:  for anti_proton  XStype:3  SubType=2
      dE/dx and range tables from 10 eV  to 300 MeV in 140 bins
      Lambda tables from threshold to 300 MeV, 20 bins/decade, spline: 1
      StepFunction=(0.1, 0.05 mm), integ: 3, fluct: 1, linLossLim= 0.01
      ===== EM models for the G4Region  DefaultRegionForTheWorld ======
            ICRU73QO : Emin=    0 eV  Emax=    2 MeV  deltaVI
          BetheBloch : Emin=    2 MeV Emax=  300 MeV  deltaVI

helium_G4DNAElastic:  for helium SubType=51 BuildTable=0
      ===== EM models for the G4Region  DefaultRegionForTheWorld ======
  DNAIonElasticModel : Emin=    0 eV  Emax=    1 MeV
          DummyModel : Emin=    1 MeV Emax=  300 MeV
          StepLim=UseSafety Rfact=0.04 Gfact=2.5 Sfact=0.6 DispFlag:1 Skin=1 Llim=1 mm

helium_G4DNAExcitation:  for helium SubType=52 BuildTable=0
      ===== EM models for the G4Region  DefaultRegionForTheWorld ======
DNAMillerGreenExcitationModel : Emin=    0 eV  Emax=  300 MeV

helium_G4DNAIonisation:  for helium SubType=53 BuildTable=0
      ===== EM models for the G4Region  DefaultRegionForTheWorld ======
          DummyModel : Emin=    0 eV  Emax=  100 eV 
          StepLim=UseSafety Rfact=0.04 Gfact=2.5 Sfact=0.6 DispFlag:1 Skin=1 Llim=1 mm
DNARuddIonisationExtendedModel : Emin=  100 eV  Emax=  300 MeV  deltaRudd Fluo

helium_G4DNAChargeIncrease:  for helium SubType=57 BuildTable=0
      ===== EM models for the G4Region  DefaultRegionForTheWorld ======
DNADingfelderChargeIncreaseModel : Emin=    0 eV  Emax=  300 MeV

hydrogen_G4DNAElastic:  for hydrogen SubType=51 BuildTable=0
      ===== EM models for the G4Region  DefaultRegionForTheWorld ======
  DNAIonElasticModel : Emin=    0 eV  Emax=    1 MeV
          DummyModel : Emin=    1 MeV Emax=  300 MeV
          StepLim=UseSafety Rfact=0.04 Gfact=2.5 Sfact=0.6 DispFlag:1 Skin=1 Llim=1 mm

hydrogen_G4DNAExcitation:  for hydrogen SubType=52 BuildTable=0
      ===== EM models for the G4Region  DefaultRegionForTheWorld ======
DNAMillerGreenExcitationModel : Emin=    0 eV  Emax=  300 MeV

hydrogen_G4DNAIonisation:  for hydrogen SubType=53 BuildTable=0
      ===== EM models for the G4Region  DefaultRegionForTheWorld ======
          DummyModel : Emin=    0 eV  Emax=  100 eV 
          StepLim=UseSafety Rfact=0.04 Gfact=2.5 Sfact=0.6 DispFlag:1 Skin=1 Llim=1 mm
DNARuddIonisationExtendedModel : Emin=  100 eV  Emax=  300 MeV  deltaRudd Fluo

hydrogen_G4DNAChargeIncrease:  for hydrogen SubType=57 BuildTable=0
      ===== EM models for the G4Region  DefaultRegionForTheWorld ======
DNADingfelderChargeIncreaseModel : Emin=    0 eV  Emax=  300 MeV

msc:  for kaon+  SubType= 10
      ===== EM models for the G4Region  DefaultRegionForTheWorld ======
        WentzelVIUni : Emin=    0 eV  Emax=  300 MeV
          StepLim=Minimal Rfact=0.2 Gfact=2.5 Sfact=0.6 DispFlag:0 Skin=3 Llim=1 mm

hIoni:  for kaon+  XStype:3  SubType=2
      dE/dx and range tables from 10 eV  to 300 MeV in 140 bins
      Lambda tables from threshold to 300 MeV, 20 bins/decade, spline: 1
      StepFunction=(0.1, 0.05 mm), integ: 3, fluct: 1, linLossLim= 0.01
      ===== EM models for the G4Region  DefaultRegionForTheWorld ======
               Bragg : Emin=    0 eV  Emax=1.05231 MeV  deltaVI
          BetheBloch : Emin=1.05231 MeV Emax=  300 MeV  deltaVI

msc:  for kaon-  SubType= 10
      ===== EM models for the G4Region  DefaultRegionForTheWorld ======
        WentzelVIUni : Emin=    0 eV  Emax=  300 MeV
          StepLim=Minimal Rfact=0.2 Gfact=2.5 Sfact=0.6 DispFlag:0 Skin=3 Llim=1 mm

hIoni:  for kaon-  XStype:3  SubType=2
      dE/dx and range tables from 10 eV  to 300 MeV in 140 bins
      Lambda tables from threshold to 300 MeV, 20 bins/decade, spline: 1
      StepFunction=(0.1, 0.05 mm), integ: 3, fluct: 1, linLossLim= 0.01
      ===== EM models for the G4Region  DefaultRegionForTheWorld ======
            ICRU73QO : Emin=    0 eV  Emax=1.05231 MeV  deltaVI
          BetheBloch : Emin=1.05231 MeV Emax=  300 MeV  deltaVI

msc:  for mu+  SubType= 10
      ===== EM models for the G4Region  DefaultRegionForTheWorld ======
        WentzelVIUni : Emin=    0 eV  Emax=  300 MeV
          StepLim=Minimal Rfact=0.2 Gfact=2.5 Sfact=0.6 DispFlag:0 Skin=3 Llim=1 mm

hIoni:  for mu+  XStype:3  SubType=2
      dE/dx and range tables from 10 eV  to 300 MeV in 140 bins
      Lambda tables from threshold to 300 MeV, 20 bins/decade, spline: 1
      ===== EM models for the G4Region  DefaultRegionForTheWorld ======
               Bragg : Emin=    0 eV  Emax=225.219 keV  deltaVI
          BetheBloch : Emin=225.219 keV Emax=  300 MeV  deltaVI

msc:  for mu-  SubType= 10
      ===== EM models for the G4Region  DefaultRegionForTheWorld ======
        WentzelVIUni : Emin=    0 eV  Emax=  300 MeV
          StepLim=Minimal Rfact=0.2 Gfact=2.5 Sfact=0.6 DispFlag:0 Skin=3 Llim=1 mm

hIoni:  for mu-  XStype:3  SubType=2
      dE/dx and range tables from 10 eV  to 300 MeV in 140 bins
      Lambda tables from threshold to 300 MeV, 20 bins/decade, spline: 1
      StepFunction=(0.1, 0.05 mm), integ: 3, fluct: 1, linLossLim= 0.01
      ===== EM models for the G4Region  DefaultRegionForTheWorld ======
            ICRU73QO : Emin=    0 eV  Emax=225.219 keV  deltaVI
          BetheBloch : Emin=225.219 keV Emax=  300 MeV  deltaVI

msc:  for pi+  SubType= 10
      ===== EM models for the G4Region  DefaultRegionForTheWorld ======
        WentzelVIUni : Emin=    0 eV  Emax=  300 MeV
          StepLim=Minimal Rfact=0.2 Gfact=2.5 Sfact=0.6 DispFlag:0 Skin=3 Llim=1 mm

hIoni:  for pi+  XStype:3  SubType=2
      dE/dx and range tables from 10 eV  to 300 MeV in 140 bins
      Lambda tables from threshold to 300 MeV, 20 bins/decade, spline: 1
      StepFunction=(0.1, 0.05 mm), integ: 3, fluct: 1, linLossLim= 0.01
      ===== EM models for the G4Region  DefaultRegionForTheWorld ======
               Bragg : Emin=    0 eV  Emax=297.505 keV  deltaVI
          BetheBloch : Emin=297.505 keV Emax=  300 MeV  deltaVI

msc:  for pi-  SubType= 10
      ===== EM models for the G4Region  DefaultRegionForTheWorld ======
        WentzelVIUni : Emin=    0 eV  Emax=  300 MeV
          StepLim=Minimal Rfact=0.2 Gfact=2.5 Sfact=0.6 DispFlag:0 Skin=3 Llim=1 mm

hIoni:  for pi-  XStype:3  SubType=2
      dE/dx and range tables from 10 eV  to 300 MeV in 140 bins
      Lambda tables from threshold to 300 MeV, 20 bins/decade, spline: 1
      StepFunction=(0.1, 0.05 mm), integ: 3, fluct: 1, linLossLim= 0.01
      ===== EM models for the G4Region  DefaultRegionForTheWorld ======
            ICRU73QO : Emin=    0 eV  Emax=297.505 keV  deltaVI
          BetheBloch : Emin=297.505 keV Emax=  300 MeV  deltaVI
======================================================================
======          Radioactive Decay Physics Parameters           =======
======================================================================
min MeanLife (from G4NuclideTable)                1 ns 
Max life time (from G4DeexPrecoParameters)        1000 ps 
Internal e- conversion flag                       1
Stored internal conversion coefficients           1
Enabled atomic relaxation mode                    1
Enable correlated gamma emission                  0
Max 2J for sampling of angular correlations       10
Atomic de-excitation enabled                      1
Auger electron emission enabled                   1
Check EM cuts disabled for atomic de-excitation   1
Use Bearden atomic level energies                 0
Use ANSTO fluorescence model                      0
Threshold for very long decay time at rest        3.171e+10 y  
======================================================================

Region <DefaultRegionForTheWorld> --  -- appears in <world> world volume
 This region is in the mass world.
 Root logical volume(s) : world 
 Pointers : G4VUserRegionInformation[0], G4UserLimits[0], G4FastSimulationManager[0], G4UserSteppingAction[0]
 Materials : G4_Galactic G4_WATER 
 Production cuts :   gamma 1 um      e- 1 um      e+ 1 um  proton 1 um 

Region <DefaultRegionForParallelWorld> --  -- is not associated to any world.
 Root logical volume(s) : 
 Pointers : G4VUserRegionInformation[0], G4UserLimits[0], G4FastSimulationManager[0], G4UserSteppingAction[0]
 Materials : 
 Production cuts :   gamma 1 um      e- 1 um      e+ 1 um  proton 1 um 

========= Table of registered couples ============================

Index : 0     used in the geometry : Yes
 Material : G4_Galactic
 Range cuts        :  gamma  1 um     e-  1 um     e+  1 um  proton 1 um 
 Energy thresholds :  gamma  100 eV     e-  100 eV     e+  100 eV  proton 100 eV 
 Region(s) which use this couple : 
    DefaultRegionForTheWorld

Index : 1     used in the geometry : Yes
 Material : G4_WATER
 Range cuts        :  gamma  1 um     e-  1 um     e+  1 um  proton 1 um 
 Energy thresholds :  gamma  100 eV     e-  242.143 eV     e+  239.346 eV  proton 100 eV 
 Region(s) which use this couple : 
    DefaultRegionForTheWorld

==================================================================

Start closing geometry.
G4GeometryManager::ReportVoxelStats -- Voxel Statistics

    Total memory consumed for geometry optimisation:   84655 kByte
    Total CPU time elapsed for geometry optimisation: 59 seconds

    Voxelisation: top CPU users:
    Percent   Total CPU    System CPU       Memory  Volume
    -------   ----------   ----------     --------  ----------
      49.97        29.53         0.08        42138k DNAPhysLV
      49.89        29.48         0.07        42138k CellLogical
       0.08         0.05         0.00          380k prism

    Voxelisation: top memory users:
    Percent     Memory      Heads    Nodes   Pointers    Total CPU    Volume
    -------   --------     ------   ------   --------   ----------    ----------
      49.78      42137k    311671   314256     703064        29.53    DNAPhysLV
      49.78      42137k    311671   314256     703064        29.48    CellLogical
       0.45        379k      1273     3780      14482         0.05    prism
### Run 0 starts.
AnalysisManager::Initialize() GetRunID : 0
... set ntuple merging row mode : row-wise - done
... create file : molecular-dna.root - done
... open analysis file : molecular-dna.root - done
... open analysis file : molecular-dna.root - done
--> Event 0 starts.

DNAIndependentReactionTimeModel will be used ==========================

=======================================================================

 Run terminated.
Run Summary
  Number of events processed : 2
  User=0.350000s Real=0.353076s Sys=0.000000s
... write file : molecular-dna.root - done
... close file : molecular-dna.root - done
G4 kernel has come to Quit state.
UserDetectorConstruction deleted.
UserPhysicsList deleted.
UserActionInitialization deleted.
UserWorkerInitialization deleted.
UserWorkerThreadInitialization deleted.
UserRunAction deleted.
UserPrimaryGenerator deleted.
RunManager is deleting RunManagerKernel.
G4SDManager deleted.
EventManager deleted.
Units table cleared.
TransportationManager deleted.
Total navigation history collections cleaned: 1080
G4RNGHelper object is deleted.
================== Deleting memory pools ===================
Pool ID '20G4NavigationLevelRep', size : 0.958 MB
Pool ID '19G4ElectronOccupancy', size : 0.000961 MB
Pool ID '24G4ReferenceCountedHandleIvE', size : 0.000961 MB
Pool ID '16G4SmartVoxelNode', size : 19.6 MB
Pool ID '17G4SmartVoxelProxy', size : 19.2 MB
Pool ID '7G4Event', size : 0.000961 MB
Pool ID '15G4PrimaryVertex', size : 0.000961 MB
Pool ID '17G4PrimaryParticle', size : 0.000961 MB
Pool ID '13ChromosomeHit', size : 0.000961 MB
Pool ID '17G4DynamicParticle', size : 0.126 MB
Pool ID '7G4Track', size : 0.252 MB
Pool ID '18G4TouchableHistory', size : 0.0654 MB
Pool ID '15G4CountedObjectIvE', size : 0.0317 MB
Pool ID '10G4Molecule', size : 0.0759 MB
Pool ID '8G4OctreeI19G4FastList_iteratorI7G4TrackE9ExtractorI10G4FastListIS1_EEN5CLHEP10Hep3VectorEE', size : 0.000961 MB
Pool ID '6DNAHit', size : 0.000961 MB
Number of memory pools allocated: 16 of which, static: 0
Dynamic pools deleted: 16 / Total memory freed: 40 MB
============================================================
G4Allocator objects are deleted.
UImanager deleted.
StateManager deleted.
RunManagerKernel is deleted. Good bye :)
RunManager is deleted.
