
        ############################################
        !!! WARNING - FPE detection is activated !!!
        ############################################

**************************************************************
 Geant4 version Name: geant4-10-06-patch-01    (14-February-2020)
                       Copyright : Geant4 Collaboration
                      References : NIM A 506 (2003), 250-303
                                 : IEEE-TNS 53 (2006), 270-278
                                 : NIM A 835 (2016), 186-225
                             WWW : http://geant4.org/
**************************************************************

Visualization Manager instantiating with verbosity "warnings (3)"...
Visualization Manager initialising...
Registering graphics systems...

You have successfully registered the following graphics systems.
Current available graphics systems are:
ASCIITree (ATree)
DAWNFILE (DAWNFILE)
G4HepRep (HepRepXML)
G4HepRepFile (HepRepFile)
RayTracer (RayTracer)
VRML1FILE (VRML1FILE)
VRML2FILE (VRML2FILE)
gMocrenFile (gMocrenFile)
OpenGLImmediateXm (OGLIXm, OGLI)
OpenGLStoredXm (OGLSXm, OGL, OGLS)
OpenGLImmediateX (OGLIX, OGLIXm_FALLBACK)
OpenGLStoredX (OGLSX, OGLSXm_FALLBACK)
RayTracerX (RayTracerX)

Registering model factories...

You have successfully registered the following model factories.
Registered model factories:
  generic
  drawByAttribute
  drawByCharge
  drawByOriginVolume
  drawByParticleID
  drawByEncounteredVolume

Registered filter factories:
  attributeFilter
  chargeFilter
  originVolumeFilter
  particleFilter
  encounteredVolumeFilter

You have successfully registered the following user vis actions.
Run Duration User Vis Actions: none
End of Event User Vis Actions: none
End of Run User Vis Actions: none

Some /vis commands (optionally) take a string to specify colour.
"/vis/list" to see available colours.
#
#
#
# Initialize New Phantom
#
# Choose model: ORNL, MIRD, MIX
#
/phantom/setPhantomModel MIRD
 >> Phantom MIRD will be built.
#
# Choose Sex of Phantom: Male or Female
#
/phantom/setPhantomSex Male
>> Male Phantom will be built.
# Construct your Phantom
#
/phantom/buildNewPhantom
 ****************>>>> NEW PHANTOM CONSTRUCTION <<<<***************** 
/run/initialize
MotherVolume: physicalWorld
sensitivity : 0
Construct Head with mother physicalWorld
Checking overlaps for volume physicalHead (G4UnionSolid) ... OK! 
Volume of Head = 4655.7 cm^3
Material of Head = soft_tissue
Density of Material = 0.9869 g/cm^3
Mass of Head = 4594.71 g
MotherVolume: physicalHead
sensitivity : 0
Construct Skull with mother volume physicalHead
Checking overlaps for volume physicalSkull (G4SubtractionSolid) ... OK! 
Skull created !!!!!!
Volume of Skull = 845.339 cm^3
Material of Skull = skeleton
Density of Material = 1.4862 g/cm^3
Mass of Skull = 1256.34 g
Construct Brain with mother physicalHead
Checking overlaps for volume physicalBrain (G4Ellipsoid) ... OK! 
Volume of Brain = 1470.27 cm^3
Material of Brain = soft_tissue
Density of Material = 0.9869 g/cm^3
Mass of Brain = 1451 g
MotherVolume: physicalWorld
sensitivity : 0
Construct Trunk with mother volume physicalWorld
Checking overlaps for volume physicalTrunk (G4EllipticalTube) ... OK! 
Trunk created !!!!!!
Volume of Trunk = 43982.3 cm^3
Material of Trunk = soft_tissue
Density of Material = 0.9869 g/cm^3
Mass of Trunk = 43406.1 g
MotherVolume: physicalWorld
sensitivity : 0
Construct LeftLeg with mother volume physicalWorld
Checking overlaps for volume physicalLeftLeg (G4Cons) ... OK! 
LeftLeg created !!!!!!
Volume of LeftLeg = 10388.2 cm^3
Material of LeftLeg = soft_tissue
Density of Material = 0.9869 g/cm^3
Mass of LeftLeg = 10252.1 g
MotherVolume: physicalWorld
sensitivity : 0
Construct RightLeg with mother volume physicalWorld
Checking overlaps for volume physicalRightLeg (G4Cons) ... OK! 
RightLeg created !!!!!!
Volume of RightLeg = 10388.2 cm^3
Material of RightLeg = soft_tissue
Density of Material = 0.9869 g/cm^3
Mass of RightLeg = 10252.1 g
MotherVolume: physicalTrunk
sensitivity : 0
Construct LeftArmBone with mother physicalTrunk
Checking overlaps for volume physicalLeftArmBone (G4EllipticalTube) ... OK! 
LeftArmBone created !!!!!!
Volume of LeftArmBone = 819.39 cm^3
Material of LeftArmBone = skeleton
Density of Material = 1.4862 g/cm^3
Mass of LeftArmBone = 1217.78 g
MotherVolume: physicalTrunk
sensitivity : 0
Construct RightArmBone with mother volume physicalTrunk
Checking overlaps for volume physicalRightArmBone (G4EllipticalTube) ... OK! 
RightArmBone created !!!!!!
Volume of RightArmBone = 819.39 cm^3
Material of RightArmBone = skeleton
Density of Material = 1.4862 g/cm^3
Mass of RightArmBone = 1217.78 g
MotherVolume: physicalLeftLeg
sensitivity : 0
Construct LeftLegBone with mother volume physicalLeftLeg
Checking overlaps for volume physicalLeftLegBone (G4Cons) ... OK! 
LeftLegBone created !!!!!!
Volume of LeftLegBone = 1399.74 cm^3
Material of LeftLegBone = skeleton
Density of Material = 1.4862 g/cm^3
Mass of LeftLegBone = 2080.29 g
MotherVolume: physicalRightLeg
sensitivity : 0
Construct RightLegBone with mother volume physicalRightLeg
Checking overlaps for volume physicalRightLegBone (G4Cons) ... OK! 
RightLegBone created !!!!!!
Volume of RightLegBone = 1399.74 cm^3
Material of RightLegBone = skeleton
Density of Material = 1.4862 g/cm^3
Mass of RightLegBone = 2080.29 g
MotherVolume: physicalHead
sensitivity : 0
Construct UpperSpine with mother volume physicalHead
Checking overlaps for volume physicalUpperSpine (G4SubtractionSolid) ... OK! 
UpperSpine created !!!!!!
Volume of UpperSpine = 126.526 cm^3
Material of UpperSpine = skeleton
Density of Material = 1.4862 g/cm^3
Mass of UpperSpine = 188.044 g
MotherVolume: physicalTrunk
sensitivity : 0
Construct LeftScapula with mother volume physicalTrunk
Checking overlaps for volume physicalLeftScapula (G4SubtractionSolid) ... OK! 
LeftScapula created !!!!!!
Volume of LeftScapula = 99.759 cm^3
Material of LeftScapula = skeleton
Density of Material = 1.4862 g/cm^3
Mass of LeftScapula = 148.262 g
MotherVolume: physicalTrunk
sensitivity : 0
Construct RightScapula with mother volume physicalTrunk
Checking overlaps for volume physicalRightScapula (G4SubtractionSolid) ... OK! 
RightScapula created !!!!!!
Volume of RightScapula = 103.167 cm^3
Material of RightScapula = skeleton
Density of Material = 1.4862 g/cm^3
Mass of RightScapula = 153.327 g
Construct LeftAdrenal with mother physicalTrunk
Checking overlaps for volume physicalLeftAdrenal (G4Ellipsoid) ... OK! 
Left LeftAdrenal created !!!!!!
Volume of LeftAdrenal = 7.85398 cm^3
Material of LeftAdrenal = soft_tissue
Density of Material = 0.9869 g/cm^3
Mass of LeftAdrenal = 7.75109 g
Construct RightAdrenal with mother volume physicalTrunk
Checking overlaps for volume physicalRightAdrenal (G4Ellipsoid) ... OK! 
Right RightAdrenal created !!!!!!
Volume of RightAdrenal = 7.85398 cm^3
Material of RightAdrenal = soft_tissue
Density of Material = 0.9869 g/cm^3
Mass of RightAdrenal = 7.75109 g
Construct Thymus with mother volume physicalTrunk
Checking overlaps for volume physicalThymus (G4Ellipsoid) ... OK! 
Thymus created !!!!!!
Volume of Thymus = 25.1327 cm^3
Material of Thymus = soft_tissue
Density of Material = 0.9869 g/cm^3
Mass of Thymus = 24.8035 g
MotherVolume: physicalTrunk
sensitivity : 0
Construct LeftClavicle with mother volume physicalTrunk
Checking overlaps for volume physicalLeftClavicle (G4Torus) ... OK! 
LeftClavicle created !!!!!!
Volume of LeftClavicle = 13.6657 cm^3
Material of LeftClavicle = skeleton
Density of Material = 1.4862 g/cm^3
Mass of LeftClavicle = 20.3099 g
MotherVolume: physicalTrunk
sensitivity : 0
Construct RightClavicle with mother volume physicalTrunk
Checking overlaps for volume physicalRightClavicle (G4Torus) ... OK! 
RightClavicle created !!!!!!
Volume of RightClavicle = 13.6657 cm^3
Material of RightClavicle = skeleton
Density of Material = 1.4862 g/cm^3
Mass of RightClavicle = 20.3099 g
Construct SmallIntestine with mother volume physicalTrunk
Checking overlaps for volume physicalSmallIntestine (G4SubtractionSolid) ... OK! 
SmallIntestine created !!!!!!
Volume of SmallIntestine = 1019.77 cm^3
Material of SmallIntestine = soft_tissue
Density of Material = 0.9869 g/cm^3
Mass of SmallIntestine = 1006.41 g
Construct RibCage with mother volume physicalTrunk
Checking overlaps for volume physicalRibCage (G4SubtractionSolid) ... OK! 
Checking overlaps for volume physicalRib (G4SubtractionSolid) ... OK! 
Checking overlaps for volume physicalRib (G4SubtractionSolid) ... OK! 
Checking overlaps for volume physicalRib (G4SubtractionSolid) ... OK! 
Checking overlaps for volume physicalRib (G4SubtractionSolid) ... OK! 
Checking overlaps for volume physicalRib (G4SubtractionSolid) ... OK! 
Checking overlaps for volume physicalRib (G4SubtractionSolid) ... OK! 
Checking overlaps for volume physicalRib (G4SubtractionSolid) ... OK! 
Checking overlaps for volume physicalRib (G4SubtractionSolid) ... OK! 
Checking overlaps for volume physicalRib (G4SubtractionSolid) ... OK! 
Checking overlaps for volume physicalRib (G4SubtractionSolid) ... OK! 
Checking overlaps for volume physicalRib (G4SubtractionSolid) ... OK! 
Checking overlaps for volume physicalRib (G4SubtractionSolid) ... OK! 
RibCage created !!!!!!
Volume of RibCage = 693.651 cm^3
Material of RibCage = skeleton
Density of Material = 1.4862 g/cm^3
Mass of RibCage = 1030.9 g
MotherVolume: physicalTrunk
sensitivity : 0
Construct MiddleLowerSpine with mother volume physicalTrunk
Checking overlaps for volume physicalMiddleLowerSpine (G4EllipticalTube) ... OK! 
MiddleLowerSpine created !!!!!!
Volume of MiddleLowerSpine = 753.982 cm^3
Material of MiddleLowerSpine = skeleton
Density of Material = 1.4862 g/cm^3
Mass of MiddleLowerSpine = 1120.57 g
Construct Pelvis with mother volume physicalTrunk
Checking overlaps for volume physicalPelvis (G4SubtractionSolid) ... OK! 
Pelvis created !!!!!!
Volume of Pelvis = 605.932 cm^3
Material of Pelvis = skeleton
Density of Material = 1.4862 g/cm^3
Mass of Pelvis = 900.536 g
Construct Stomach with mother volume physicalTrunk
Checking overlaps for volume physicalStomach (G4Ellipsoid) ... OK! 
Stomach created !!!!!!
Volume of Stomach = 402.124 cm^3
Material of Stomach = soft_tissue
Density of Material = 0.9869 g/cm^3
Mass of Stomach = 396.856 g
Construct UpperLargeIntestine with mother volume physicalTrunk
Checking overlaps for volume physicalUpperLargeIntestine (G4UnionSolid) ... OK! 
UpperLargeIntestine created !!!!!!
Volume of UpperLargeIntestine = 434.039 cm^3
Material of UpperLargeIntestine = soft_tissue
Density of Material = 0.9869 g/cm^3
Mass of UpperLargeIntestine = 428.353 g
Construct LowerLargeIntestine with mother volume physicalTrunk
Checking overlaps for volume physicalLowerLargeIntestine (G4UnionSolid) ... OK! 
LowerLargeIntestine created !!!!!!
Volume of LowerLargeIntestine = 343.562 cm^3
Material of LowerLargeIntestine = soft_tissue
Density of Material = 0.9869 g/cm^3
Mass of LowerLargeIntestine = 339.062 g
Construct Spleen with mother volume physicalTrunk
Checking overlaps for volume physicalSpleen (G4Ellipsoid) ... OK! 
Spleen created !!!!!!
Volume of Spleen = 175.929 cm^3
Material of Spleen = soft_tissue
Density of Material = 0.9869 g/cm^3
Mass of Spleen = 173.625 g
Construct Pancreas with mother volume physicalTrunk
Checking overlaps for volume physicalPancreas (G4SubtractionSolid) ... OK! 
Pancreas created !!!!!!
Volume of Pancreas = 61.0776 cm^3
Material of Pancreas = soft_tissue
Density of Material = 0.9869 g/cm^3
Mass of Pancreas = 60.2775 g
Construct LeftKidney with mother volume physicalTrunk
Checking overlaps for volume physicalLeftKidney (G4SubtractionSolid) ... OK! 
Left LeftKidney created !!!!!!
Volume of LeftKidney = 144.133 cm^3
Material of LeftKidney = soft_tissue
Density of Material = 0.9869 g/cm^3
Mass of LeftKidney = 142.245 g
Construct RightKidney with mother volume physicalTrunk
Checking overlaps for volume physicalRightKidney (G4SubtractionSolid) ... OK! 
RightKidney created !!!!!!
Volume of RightKidney = 144.273 cm^3
Material of RightKidney = soft_tissue
Density of Material = 0.9869 g/cm^3
Mass of RightKidney = 142.383 g
Construct UrinaryBladder with mother volume physicalTrunk
Checking overlaps for volume physicalUrinaryBladder (G4SubtractionSolid) ... OK! 
UrinaryBladder created !!!!!!
Volume of UrinaryBladder = 45.7625 cm^3
Material of UrinaryBladder = soft_tissue
Density of Material = 0.9869 g/cm^3
Mass of UrinaryBladder = 45.163 g
MotherVolume: physicalWorld
sensitivity : 0
Construct MaleGenitalia with mother volume physicalWorld
Checking overlaps for volume physicalMaleGenitalia (G4SubtractionSolid) ... OK! 
MaleGenitalia created !!!!!!
Volume of MaleGenitalia = 229.44 cm^3
Material of MaleGenitalia = soft_tissue
Density of Material = 0.9869 g/cm^3
Mass of MaleGenitalia = 226.434 g
MotherVolume: physicalWorld
sensitivity : 0
Construct LeftTeste with mother volume physicalMaleGenitalia
Checking overlaps for volume physicalLeftTeste (G4Ellipsoid) ... OK! 
LeftTeste created !!!!!!
Volume of LeftTeste = 18.7867 cm^3
Material of LeftTeste = soft_tissue
Density of Material = 0.9869 g/cm^3
Mass of LeftTeste = 18.5406 g
MotherVolume: physicalWorld
sensitivity : 0
Construct RightTeste with mother volume physicalMaleGenitalia
Checking overlaps for volume physicalRightTeste (G4Ellipsoid) ... OK! 
RightTeste created !!!!!!
Volume of RightTeste = 18.7867 cm^3
Material of RightTeste = soft_tissue
Density of Material = 0.9869 g/cm^3
Mass of RightTeste = 18.5406 g
# or ...
#/control/execute adultMIRDFemale.mac
# or ...
#/control/execute adultORNLMale.mac
# or...
#/control/execute adultORNLFemale.mac
#
# Primary radiation field
/control/execute primary.mac
#
### Radiation field defined
### by means of GPS 
/gps/verbose 0
/gps/particle e-
/gps/energy 1 MeV
#
/gps/pos/type Volume
#
/gps/pos/shape Para
/gps/pos/halfx 20 cm
/gps/pos/halfy 1 mm
/gps/pos/halfz 100 cm
/gps/pos/centre 0. 30. 0. cm
/gps/direction 0 -1 0
#
/run/beamOn 100

### ===  Deexcitation model UAtomDeexcitation is activated for 1 region:
          DefaultRegionForTheWorld  1  0  0
### ===  Ignore cuts flag:   0

phot:  for gamma SubType=12 BuildTable=0
      LambdaPrime table from 200 keV to 100 TeV in 174 bins 
      ===== EM models for the G4Region  DefaultRegionForTheWorld ======
 LivermorePhElectric : Emin=    0 eV  Emax=  100 TeV  SauterGavrila Fluo

compt:  for gamma SubType=13 BuildTable=1
      Lambda table from 100 eV  to 1 MeV, 20 bins/decade, spline: 1
      LambdaPrime table from 1 MeV to 100 TeV in 160 bins 
      ===== EM models for the G4Region  DefaultRegionForTheWorld ======
   LowEPComptonModel : Emin=    0 eV  Emax=   20 MeV Fluo
        KleinNishina : Emin=   20 MeV Emax=  100 TeV Fluo

conv:  for gamma SubType=14 BuildTable=1
      Lambda table from 1.022 MeV to 100 TeV, 20 bins/decade, spline: 1
      ===== EM models for the G4Region  DefaultRegionForTheWorld ======
      BetheHeitler5D : Emin=    0 eV  Emax=  100 TeV  ModifiedTsai

Rayl:  for gamma SubType=11 BuildTable=1
      Lambda table from 100 eV  to 100 keV, 20 bins/decade, spline: 0
      LambdaPrime table from 100 keV to 100 TeV in 180 bins 
      ===== EM models for the G4Region  DefaultRegionForTheWorld ======
   LivermoreRayleigh : Emin=    0 eV  Emax=  100 TeV  CullenGenerator

msc:  for e-  SubType= 10
      RangeFactor= 0.08, stepLimType: 2, latDisp: 1
      ===== EM models for the G4Region  DefaultRegionForTheWorld ======
  GoudsmitSaunderson : Emin=    0 eV  Emax=  100 MeV Nbins=120 100 eV  - 100 MeV
        WentzelVIUni : Emin=  100 MeV Emax=  100 TeV Nbins=120 100 MeV - 100 TeV

eIoni:  for e-  SubType=2
      dE/dx and range tables from 100 eV  to 100 TeV in 240 bins
      Lambda tables from threshold to 100 TeV, 20 bins/decade, spline: 1
      StepFunction=(0.2, 0.01 mm), integ: 1, fluct: 1, linLossLim= 0.01
      ===== EM models for the G4Region  DefaultRegionForTheWorld ======
       LowEnergyIoni : Emin=    0 eV  Emax=  100 keV  deltaVI
        MollerBhabha : Emin=  100 keV Emax=  100 TeV  deltaVI

eBrem:  for e-  SubType=3
      dE/dx and range tables from 100 eV  to 100 TeV in 240 bins
      Lambda tables from threshold to 100 TeV, 20 bins/decade, spline: 1
      LPM flag: 1 for E > 1 GeV,  VertexHighEnergyTh(GeV)= 100000
      ===== EM models for the G4Region  DefaultRegionForTheWorld ======
             eBremSB : Emin=    0 eV  Emax=    1 GeV  AngularGen2BS
            eBremLPM : Emin=    1 GeV Emax=  100 TeV  AngularGen2BS

ePairProd:  for e-  SubType=4
      dE/dx and range tables from 100 eV  to 100 TeV in 240 bins
      Lambda tables from threshold to 100 TeV, 20 bins/decade, spline: 1
      Sampling table 25x1001 from 0.1 GeV to 100 TeV 
      ===== EM models for the G4Region  DefaultRegionForTheWorld ======
           ePairProd : Emin=    0 eV  Emax=  100 TeV

CoulombScat:  for e-, integral:1  SubType=1 BuildTable=1
      Lambda table from 100 MeV to 100 TeV, 20 bins/decade, spline: 1
      ThetaMin(p) < Theta(degree) < 180 pLimit(GeV^1)= 0.139531
      ===== EM models for the G4Region  DefaultRegionForTheWorld ======
  eCoulombScattering : Emin=  100 MeV Emax=  100 TeV

msc:  for e+  SubType= 10
      RangeFactor= 0.08, stepLimType: 2, latDisp: 1
      ===== EM models for the G4Region  DefaultRegionForTheWorld ======
  GoudsmitSaunderson : Emin=    0 eV  Emax=  100 MeV Nbins=120 100 eV  - 100 MeV
        WentzelVIUni : Emin=  100 MeV Emax=  100 TeV Nbins=120 100 MeV - 100 TeV

eIoni:  for e+  SubType=2
      dE/dx and range tables from 100 eV  to 100 TeV in 240 bins
      Lambda tables from threshold to 100 TeV, 20 bins/decade, spline: 1
      StepFunction=(0.2, 0.01 mm), integ: 1, fluct: 1, linLossLim= 0.01
      ===== EM models for the G4Region  DefaultRegionForTheWorld ======
             PenIoni : Emin=    0 eV  Emax=  100 keV
        MollerBhabha : Emin=  100 keV Emax=  100 TeV  deltaVI

eBrem:  for e+  SubType=3
      dE/dx and range tables from 100 eV  to 100 TeV in 240 bins
      Lambda tables from threshold to 100 TeV, 20 bins/decade, spline: 1
      LPM flag: 1 for E > 1 GeV,  VertexHighEnergyTh(GeV)= 100000
      ===== EM models for the G4Region  DefaultRegionForTheWorld ======
             eBremSB : Emin=    0 eV  Emax=    1 GeV  AngularGen2BS
            eBremLPM : Emin=    1 GeV Emax=  100 TeV  AngularGen2BS

ePairProd:  for e+  SubType=4
      dE/dx and range tables from 100 eV  to 100 TeV in 240 bins
      Lambda tables from threshold to 100 TeV, 20 bins/decade, spline: 1
      Sampling table 25x1001 from 0.1 GeV to 100 TeV 
      ===== EM models for the G4Region  DefaultRegionForTheWorld ======
           ePairProd : Emin=    0 eV  Emax=  100 TeV

annihil:  for e+, integral:1  SubType=5 BuildTable=0
      ===== EM models for the G4Region  DefaultRegionForTheWorld ======
            eplus2gg : Emin=    0 eV  Emax=  100 TeV

CoulombScat:  for e+, integral:1  SubType=1 BuildTable=1
      Lambda table from 100 MeV to 100 TeV, 20 bins/decade, spline: 1
      ThetaMin(p) < Theta(degree) < 180 pLimit(GeV^1)= 0.139531
      ===== EM models for the G4Region  DefaultRegionForTheWorld ======
  eCoulombScattering : Emin=  100 MeV Emax=  100 TeV

msc:  for proton  SubType= 10
      RangeFactor= 0.2, stepLimType: 0, latDisp: 1
      ===== EM models for the G4Region  DefaultRegionForTheWorld ======
        WentzelVIUni : Emin=    0 eV  Emax=  100 TeV Nbins=240 100 eV  - 100 TeV

hIoni:  for proton  SubType=2
      dE/dx and range tables from 100 eV  to 100 TeV in 240 bins
      Lambda tables from threshold to 100 TeV, 20 bins/decade, spline: 1
      StepFunction=(0.1, 0.02 mm), integ: 1, fluct: 1, linLossLim= 0.01
      ===== EM models for the G4Region  DefaultRegionForTheWorld ======
               Bragg : Emin=    0 eV  Emax=    2 MeV  deltaVI
          BetheBloch : Emin=    2 MeV Emax=  100 TeV  deltaVI

hBrems:  for proton  SubType=3
      dE/dx and range tables from 100 eV  to 100 TeV in 240 bins
      Lambda tables from threshold to 100 TeV, 20 bins/decade, spline: 1
      ===== EM models for the G4Region  DefaultRegionForTheWorld ======
               hBrem : Emin=    0 eV  Emax=  100 TeV
      ===== Limit on energy threshold has been applied 

hPairProd:  for proton  SubType=4
      dE/dx and range tables from 100 eV  to 100 TeV in 240 bins
      Lambda tables from threshold to 100 TeV, 20 bins/decade, spline: 1
      Sampling table 17x1001 from 7.50618 GeV to 100 TeV 
      ===== EM models for the G4Region  DefaultRegionForTheWorld ======
           hPairProd : Emin=    0 eV  Emax=  100 TeV

CoulombScat:  for proton, integral:1  SubType=1 BuildTable=1
      Lambda table from threshold  to 100 TeV, 20 bins/decade, spline: 1
      ThetaMin(p) < Theta(degree) < 180 pLimit(GeV^1)= 0.139531
      ===== EM models for the G4Region  DefaultRegionForTheWorld ======
  eCoulombScattering : Emin=    0 eV  Emax=  100 TeV

msc:  for GenericIon  SubType= 10
      RangeFactor= 0.2, stepLimType: 0, latDisp: 0
      ===== EM models for the G4Region  DefaultRegionForTheWorld ======
            UrbanMsc : Emin=    0 eV  Emax=  100 TeV

ionIoni:  for GenericIon  SubType=2
      dE/dx and range tables from 100 eV  to 100 TeV in 240 bins
      Lambda tables from threshold to 100 TeV, 20 bins/decade, spline: 1
      StepFunction=(0.1, 0.001 mm), integ: 1, fluct: 1, linLossLim= 0.02
      ===== EM models for the G4Region  DefaultRegionForTheWorld ======
         ParamICRU73 : Emin=    0 eV  Emax=  100 TeV  deltaVI

nuclearStopping:  for GenericIon SubType=8 BuildTable=0
      ===== EM models for the G4Region  DefaultRegionForTheWorld ======
   ICRU49NucStopping : Emin=    0 eV  Emax=    1 MeV

msc:  for alpha  SubType= 10
      RangeFactor= 0.2, stepLimType: 0, latDisp: 1
      ===== EM models for the G4Region  DefaultRegionForTheWorld ======
            UrbanMsc : Emin=    0 eV  Emax=  100 TeV Nbins=240 100 eV  - 100 TeV

ionIoni:  for alpha  SubType=2
      dE/dx and range tables from 100 eV  to 100 TeV in 240 bins
      Lambda tables from threshold to 100 TeV, 20 bins/decade, spline: 1
      StepFunction=(0.1, 0.02 mm), integ: 1, fluct: 1, linLossLim= 0.02
      ===== EM models for the G4Region  DefaultRegionForTheWorld ======
            BraggIon : Emin=    0 eV  Emax=7.9452 MeV  deltaVI
          BetheBloch : Emin=7.9452 MeV Emax=  100 TeV  deltaVI

nuclearStopping:  for alpha SubType=8 BuildTable=0
      ===== EM models for the G4Region  DefaultRegionForTheWorld ======
   ICRU49NucStopping : Emin=    0 eV  Emax=    1 MeV

msc:  for anti_proton  SubType= 10
      RangeFactor= 0.2, stepLimType: 0, latDisp: 1
      ===== EM models for the G4Region  DefaultRegionForTheWorld ======
        WentzelVIUni : Emin=    0 eV  Emax=  100 TeV Nbins=240 100 eV  - 100 TeV

hIoni:  for anti_proton  SubType=2
      dE/dx and range tables from 100 eV  to 100 TeV in 240 bins
      Lambda tables from threshold to 100 TeV, 20 bins/decade, spline: 1
      StepFunction=(0.1, 0.02 mm), integ: 1, fluct: 1, linLossLim= 0.01
      ===== EM models for the G4Region  DefaultRegionForTheWorld ======
            ICRU73QO : Emin=    0 eV  Emax=    2 MeV  deltaVI
          BetheBloch : Emin=    2 MeV Emax=  100 TeV  deltaVI

hBrems:  for anti_proton  SubType=3
      dE/dx and range tables from 100 eV  to 100 TeV in 240 bins
      Lambda tables from threshold to 100 TeV, 20 bins/decade, spline: 1
      ===== EM models for the G4Region  DefaultRegionForTheWorld ======
               hBrem : Emin=    0 eV  Emax=  100 TeV
      ===== Limit on energy threshold has been applied 

hPairProd:  for anti_proton  SubType=4
      dE/dx and range tables from 100 eV  to 100 TeV in 240 bins
      Lambda tables from threshold to 100 TeV, 20 bins/decade, spline: 1
      Sampling table 17x1001 from 7.50618 GeV to 100 TeV 
      ===== EM models for the G4Region  DefaultRegionForTheWorld ======
           hPairProd : Emin=    0 eV  Emax=  100 TeV

CoulombScat:  for anti_proton, integral:1  SubType=1 BuildTable=1
      Lambda table from threshold  to 100 TeV, 20 bins/decade, spline: 1
      ThetaMin(p) < Theta(degree) < 180 pLimit(GeV^1)= 0.139531
      ===== EM models for the G4Region  DefaultRegionForTheWorld ======
  eCoulombScattering : Emin=    0 eV  Emax=  100 TeV

msc:  for kaon+  SubType= 10
      RangeFactor= 0.2, stepLimType: 0, latDisp: 1
      ===== EM models for the G4Region  DefaultRegionForTheWorld ======
        WentzelVIUni : Emin=    0 eV  Emax=  100 TeV Nbins=240 100 eV  - 100 TeV

hIoni:  for kaon+  SubType=2
      dE/dx and range tables from 100 eV  to 100 TeV in 240 bins
      Lambda tables from threshold to 100 TeV, 20 bins/decade, spline: 1
      StepFunction=(0.1, 0.02 mm), integ: 1, fluct: 1, linLossLim= 0.01
      ===== EM models for the G4Region  DefaultRegionForTheWorld ======
               Bragg : Emin=    0 eV  Emax=1.05231 MeV  deltaVI
          BetheBloch : Emin=1.05231 MeV Emax=  100 TeV  deltaVI

hBrems:  for kaon+  SubType=3
      dE/dx and range tables from 100 eV  to 100 TeV in 240 bins
      Lambda tables from threshold to 100 TeV, 20 bins/decade, spline: 1
      ===== EM models for the G4Region  DefaultRegionForTheWorld ======
               hBrem : Emin=    0 eV  Emax=  100 TeV
      ===== Limit on energy threshold has been applied 

hPairProd:  for kaon+  SubType=4
      dE/dx and range tables from 100 eV  to 100 TeV in 240 bins
      Lambda tables from threshold to 100 TeV, 20 bins/decade, spline: 1
      Sampling table 18x1001 from 3.94942 GeV to 100 TeV 
      ===== EM models for the G4Region  DefaultRegionForTheWorld ======
           hPairProd : Emin=    0 eV  Emax=  100 TeV

CoulombScat:  for kaon+, integral:1  SubType=1 BuildTable=1
      Lambda table from threshold  to 100 TeV, 20 bins/decade, spline: 1
      ThetaMin(p) < Theta(degree) < 180 pLimit(GeV^1)= 0.139531
      ===== EM models for the G4Region  DefaultRegionForTheWorld ======
  eCoulombScattering : Emin=    0 eV  Emax=  100 TeV

msc:  for kaon-  SubType= 10
      RangeFactor= 0.2, stepLimType: 0, latDisp: 1
      ===== EM models for the G4Region  DefaultRegionForTheWorld ======
        WentzelVIUni : Emin=    0 eV  Emax=  100 TeV Nbins=240 100 eV  - 100 TeV

hIoni:  for kaon-  SubType=2
      dE/dx and range tables from 100 eV  to 100 TeV in 240 bins
      Lambda tables from threshold to 100 TeV, 20 bins/decade, spline: 1
      StepFunction=(0.1, 0.02 mm), integ: 1, fluct: 1, linLossLim= 0.01
      ===== EM models for the G4Region  DefaultRegionForTheWorld ======
            ICRU73QO : Emin=    0 eV  Emax=1.05231 MeV  deltaVI
          BetheBloch : Emin=1.05231 MeV Emax=  100 TeV  deltaVI

hBrems:  for kaon-  SubType=3
      dE/dx and range tables from 100 eV  to 100 TeV in 240 bins
      Lambda tables from threshold to 100 TeV, 20 bins/decade, spline: 1
      ===== EM models for the G4Region  DefaultRegionForTheWorld ======
               hBrem : Emin=    0 eV  Emax=  100 TeV
      ===== Limit on energy threshold has been applied 

hPairProd:  for kaon-  SubType=4
      dE/dx and range tables from 100 eV  to 100 TeV in 240 bins
      Lambda tables from threshold to 100 TeV, 20 bins/decade, spline: 1
      Sampling table 18x1001 from 3.94942 GeV to 100 TeV 
      ===== EM models for the G4Region  DefaultRegionForTheWorld ======
           hPairProd : Emin=    0 eV  Emax=  100 TeV

CoulombScat:  for kaon-, integral:1  SubType=1 BuildTable=1
      Used Lambda table of kaon+
      ThetaMin(p) < Theta(degree) < 180 pLimit(GeV^1)= 0.139531
      ===== EM models for the G4Region  DefaultRegionForTheWorld ======
  eCoulombScattering : Emin=    0 eV  Emax=  100 TeV

msc:  for mu+  SubType= 10
      RangeFactor= 0.2, stepLimType: 0, latDisp: 1, polarAngLim(deg)= 180
      ===== EM models for the G4Region  DefaultRegionForTheWorld ======
        WentzelVIUni : Emin=    0 eV  Emax=  100 TeV Nbins=240 100 eV  - 100 TeV

muIoni:  for mu+  SubType=2
      dE/dx and range tables from 100 eV  to 100 TeV in 240 bins
      Lambda tables from threshold to 100 TeV, 20 bins/decade, spline: 1
      StepFunction=(0.1, 0.02 mm), integ: 1, fluct: 1, linLossLim= 0.01
      ===== EM models for the G4Region  DefaultRegionForTheWorld ======
               Bragg : Emin=    0 eV  Emax=  200 keV  deltaVI
          BetheBloch : Emin=  200 keV Emax=    1 GeV  deltaVI
        MuBetheBloch : Emin=    1 GeV Emax=  100 TeV

muBrems:  for mu+  SubType=3
      dE/dx and range tables from 100 eV  to 100 TeV in 240 bins
      Lambda tables from threshold to 100 TeV, 20 bins/decade, spline: 1
      ===== EM models for the G4Region  DefaultRegionForTheWorld ======
              MuBrem : Emin=    0 eV  Emax=  100 TeV
      ===== Limit on energy threshold has been applied 

muPairProd:  for mu+  SubType=4
      dE/dx and range tables from 100 eV  to 100 TeV in 240 bins
      Lambda tables from threshold to 100 TeV, 20 bins/decade, spline: 1
      Sampling table 21x1001 from 1 GeV to 100 TeV 
      ===== EM models for the G4Region  DefaultRegionForTheWorld ======
          muPairProd : Emin=    0 eV  Emax=  100 TeV

CoulombScat:  for mu+, integral:1  SubType=1 BuildTable=1
      Lambda table from threshold  to 100 TeV, 20 bins/decade, spline: 1
      ThetaMin(p) < Theta(degree) < 180 pLimit(GeV^1)= 0.139531
      ===== EM models for the G4Region  DefaultRegionForTheWorld ======
  eCoulombScattering : Emin=    0 eV  Emax=  100 TeV

msc:  for mu-  SubType= 10
      RangeFactor= 0.2, stepLimType: 0, latDisp: 1, polarAngLim(deg)= 180
      ===== EM models for the G4Region  DefaultRegionForTheWorld ======
        WentzelVIUni : Emin=    0 eV  Emax=  100 TeV Nbins=240 100 eV  - 100 TeV

muIoni:  for mu-  SubType=2
      dE/dx and range tables from 100 eV  to 100 TeV in 240 bins
      Lambda tables from threshold to 100 TeV, 20 bins/decade, spline: 1
      StepFunction=(0.1, 0.02 mm), integ: 1, fluct: 1, linLossLim= 0.01
      ===== EM models for the G4Region  DefaultRegionForTheWorld ======
            ICRU73QO : Emin=    0 eV  Emax=  200 keV  deltaVI
          BetheBloch : Emin=  200 keV Emax=    1 GeV  deltaVI
        MuBetheBloch : Emin=    1 GeV Emax=  100 TeV

muBrems:  for mu-  SubType=3
      dE/dx and range tables from 100 eV  to 100 TeV in 240 bins
      Lambda tables from threshold to 100 TeV, 20 bins/decade, spline: 1
      ===== EM models for the G4Region  DefaultRegionForTheWorld ======
              MuBrem : Emin=    0 eV  Emax=  100 TeV
      ===== Limit on energy threshold has been applied 

muPairProd:  for mu-  SubType=4
      dE/dx and range tables from 100 eV  to 100 TeV in 240 bins
      Lambda tables from threshold to 100 TeV, 20 bins/decade, spline: 1
      Sampling table 21x1001 from 1 GeV to 100 TeV 
      ===== EM models for the G4Region  DefaultRegionForTheWorld ======
          muPairProd : Emin=    0 eV  Emax=  100 TeV

CoulombScat:  for mu-, integral:1  SubType=1 BuildTable=1
      Used Lambda table of mu+
      ThetaMin(p) < Theta(degree) < 180 pLimit(GeV^1)= 0.139531
      ===== EM models for the G4Region  DefaultRegionForTheWorld ======
  eCoulombScattering : Emin=    0 eV  Emax=  100 TeV

msc:  for pi+  SubType= 10
      RangeFactor= 0.2, stepLimType: 0, latDisp: 1
      ===== EM models for the G4Region  DefaultRegionForTheWorld ======
        WentzelVIUni : Emin=    0 eV  Emax=  100 TeV Nbins=240 100 eV  - 100 TeV

hIoni:  for pi+  SubType=2
      dE/dx and range tables from 100 eV  to 100 TeV in 240 bins
      Lambda tables from threshold to 100 TeV, 20 bins/decade, spline: 1
      StepFunction=(0.1, 0.02 mm), integ: 1, fluct: 1, linLossLim= 0.01
      ===== EM models for the G4Region  DefaultRegionForTheWorld ======
               Bragg : Emin=    0 eV  Emax=297.505 keV  deltaVI
          BetheBloch : Emin=297.505 keV Emax=  100 TeV  deltaVI

hBrems:  for pi+  SubType=3
      dE/dx and range tables from 100 eV  to 100 TeV in 240 bins
      Lambda tables from threshold to 100 TeV, 20 bins/decade, spline: 1
      ===== EM models for the G4Region  DefaultRegionForTheWorld ======
               hBrem : Emin=    0 eV  Emax=  100 TeV
      ===== Limit on energy threshold has been applied 

hPairProd:  for pi+  SubType=4
      dE/dx and range tables from 100 eV  to 100 TeV in 240 bins
      Lambda tables from threshold to 100 TeV, 20 bins/decade, spline: 1
      Sampling table 20x1001 from 1.11656 GeV to 100 TeV 
      ===== EM models for the G4Region  DefaultRegionForTheWorld ======
           hPairProd : Emin=    0 eV  Emax=  100 TeV

CoulombScat:  for pi+, integral:1  SubType=1 BuildTable=1
      Lambda table from threshold  to 100 TeV, 20 bins/decade, spline: 1
      ThetaMin(p) < Theta(degree) < 180 pLimit(GeV^1)= 0.139531
      ===== EM models for the G4Region  DefaultRegionForTheWorld ======
  eCoulombScattering : Emin=    0 eV  Emax=  100 TeV

msc:  for pi-  SubType= 10
      RangeFactor= 0.2, stepLimType: 0, latDisp: 1
      ===== EM models for the G4Region  DefaultRegionForTheWorld ======
        WentzelVIUni : Emin=    0 eV  Emax=  100 TeV Nbins=240 100 eV  - 100 TeV

hIoni:  for pi-  SubType=2
      dE/dx and range tables from 100 eV  to 100 TeV in 240 bins
      Lambda tables from threshold to 100 TeV, 20 bins/decade, spline: 1
      StepFunction=(0.1, 0.02 mm), integ: 1, fluct: 1, linLossLim= 0.01
      ===== EM models for the G4Region  DefaultRegionForTheWorld ======
            ICRU73QO : Emin=    0 eV  Emax=297.505 keV  deltaVI
          BetheBloch : Emin=297.505 keV Emax=  100 TeV  deltaVI

hBrems:  for pi-  SubType=3
      dE/dx and range tables from 100 eV  to 100 TeV in 240 bins
      Lambda tables from threshold to 100 TeV, 20 bins/decade, spline: 1
      ===== EM models for the G4Region  DefaultRegionForTheWorld ======
               hBrem : Emin=    0 eV  Emax=  100 TeV
      ===== Limit on energy threshold has been applied 

hPairProd:  for pi-  SubType=4
      dE/dx and range tables from 100 eV  to 100 TeV in 240 bins
      Lambda tables from threshold to 100 TeV, 20 bins/decade, spline: 1
      Sampling table 20x1001 from 1.11656 GeV to 100 TeV 
      ===== EM models for the G4Region  DefaultRegionForTheWorld ======
           hPairProd : Emin=    0 eV  Emax=  100 TeV

CoulombScat:  for pi-, integral:1  SubType=1 BuildTable=1
      Used Lambda table of pi+
      ThetaMin(p) < Theta(degree) < 180 pLimit(GeV^1)= 0.139531
      ===== EM models for the G4Region  DefaultRegionForTheWorld ======
  eCoulombScattering : Emin=    0 eV  Emax=  100 TeV

========= Table of registered couples ==============================

Index : 0     used in the geometry : Yes
 Material : Air
 Range cuts        :  gamma  1 mm     e-  1 mm     e+  1 mm  proton 1 mm 
 Energy thresholds :  gamma  250 eV     e-  339.229 eV     e+  333.259 eV  proton 100 keV
 Region(s) which use this couple : 
    DefaultRegionForTheWorld

Index : 1     used in the geometry : Yes
 Material : soft_tissue
 Range cuts        :  gamma  1 mm     e-  1 mm     e+  1 mm  proton 1 mm 
 Energy thresholds :  gamma  2.79506 keV    e-  349.375 keV    e+  336.864 keV proton 100 keV
 Region(s) which use this couple : 
    DefaultRegionForTheWorld

Index : 2     used in the geometry : Yes
 Material : skeleton
 Range cuts        :  gamma  1 mm     e-  1 mm     e+  1 mm  proton 1 mm 
 Energy thresholds :  gamma  3.99576 keV    e-  444.448 keV    e+  425.418 keV proton 100 keV
 Region(s) which use this couple : 
    DefaultRegionForTheWorld

====================================================================

G4VisManager: Using G4TrajectoryDrawByCharge as fallback trajectory model.
See commands in /vis/modeling/trajectories/ for other options.
### Run 0 start.
Number of events = 100
Energy Total in Run:logicalBrain, ID: 0, Energy Deposition (MeV): 0
Energy Total in Run:logicalHead, ID: 1, Energy Deposition (MeV): 4.39192
Energy Total in Run:logicalHeart, ID: 2, Energy Deposition (MeV): 0
Energy Total in Run:logicalLeftAdrenal, ID: 3, Energy Deposition (MeV): 0
Energy Total in Run:logicalLeftArmBone, ID: 4, Energy Deposition (MeV): 0
Energy Total in Run:logicalLeftBreast, ID: 5, Energy Deposition (MeV): 0
Energy Total in Run:logicalLeftClavicle, ID: 6, Energy Deposition (MeV): 0
Energy Total in Run:logicalLeftKidney, ID: 7, Energy Deposition (MeV): 0
Energy Total in Run:logicalLeftLeg, ID: 8, Energy Deposition (MeV): 9.46308
Energy Total in Run:logicalLeftLegBone, ID: 9, Energy Deposition (MeV): 0
Energy Total in Run:logicalLeftLung, ID: 10, Energy Deposition (MeV): 0
Energy Total in Run:logicalLeftOvary, ID: 11, Energy Deposition (MeV): 0
Energy Total in Run:logicalLeftScapula, ID: 12, Energy Deposition (MeV): 0
Energy Total in Run:logicalLeftTeste, ID: 13, Energy Deposition (MeV): 0
Energy Total in Run:logicalLowerLargeIntestine, ID: 14, Energy Deposition (MeV): 0
Energy Total in Run:logicalMaleGenitalia, ID: 15, Energy Deposition (MeV): 1.93927
Energy Total in Run:logicalMiddleLowerSpine, ID: 16, Energy Deposition (MeV): 0
Energy Total in Run:logicalPancreas, ID: 17, Energy Deposition (MeV): 0
Energy Total in Run:logicalPelvis, ID: 18, Energy Deposition (MeV): 0
Energy Total in Run:logicalRibCage, ID: 19, Energy Deposition (MeV): 0
Energy Total in Run:logicalRightAdrenal, ID: 20, Energy Deposition (MeV): 0
Energy Total in Run:logicalRightArmBone, ID: 21, Energy Deposition (MeV): 0
Energy Total in Run:logicalRightBreast, ID: 22, Energy Deposition (MeV): 0
Energy Total in Run:logicalRightClavicle, ID: 23, Energy Deposition (MeV): 0
Energy Total in Run:logicalRightKidney, ID: 24, Energy Deposition (MeV): 0
Energy Total in Run:logicalRightLeg, ID: 25, Energy Deposition (MeV): 6.1743
Energy Total in Run:logicalRightLegBone, ID: 26, Energy Deposition (MeV): 0
Energy Total in Run:logicalRightLung, ID: 27, Energy Deposition (MeV): 0
Energy Total in Run:logicalRightOvary, ID: 28, Energy Deposition (MeV): 0
Energy Total in Run:logicalRightScapula, ID: 29, Energy Deposition (MeV): 0
Energy Total in Run:logicalRightTeste, ID: 30, Energy Deposition (MeV): 0
Energy Total in Run:logicalSkull, ID: 31, Energy Deposition (MeV): 0
Energy Total in Run:logicalSmallIntestine, ID: 32, Energy Deposition (MeV): 0
Energy Total in Run:logicalSpleen, ID: 33, Energy Deposition (MeV): 0
Energy Total in Run:logicalStomach, ID: 34, Energy Deposition (MeV): 0
Energy Total in Run:logicalThymus, ID: 35, Energy Deposition (MeV): 0
Energy Total in Run:logicalThyroid, ID: 36, Energy Deposition (MeV): 0
Energy Total in Run:logicalTrunk, ID: 37, Energy Deposition (MeV): 29.7901
Energy Total in Run:logicalUpperLargeIntestine, ID: 38, Energy Deposition (MeV): 0
Energy Total in Run:logicalUpperSpine, ID: 39, Energy Deposition (MeV): 0
Energy Total in Run:logicalUrinaryBladder, ID: 40, Energy Deposition (MeV): 0
Energy Total in Run:logicalUterus, ID: 41, Energy Deposition (MeV): 0
Total Energy deposit in the body is: 51.7587 MeV
Graphics systems deleted.
Visualization Manager deleting...
