
        ############################################
        !!! WARNING - FPE detection is activated !!!
        ############################################

*************************************************************
 Geant4 version Name: geant4-09-05-ref-05    (31-May-2012)
                      Copyright : Geant4 Collaboration
                      Reference : NIM A 506 (2003), 250-303
                            WWW : http://cern.ch/geant4
*************************************************************


***** Table : Nb of materials = 7 *****

 Material:    Water    density:  1.000 g/cm3   RadL:  36.092 cm   Nucl.Int.Length:  75.537 cm   Imean:  78.000 eV 
   --->  Element: Hydrogen (H)   Z =  1.0   N =   1.0   A =   1.01 g/mole
         --->  Isotope:    H1   Z =  1   N =   1   A =   1.01 g/mole   abundance:  99.99 %
         --->  Isotope:    H2   Z =  1   N =   2   A =   2.01 g/mole   abundance:   0.01 %
          ElmMassFraction:  11.21 %  ElmAbundance  66.67 % 

   --->  Element: Oxygen (O)   Z =  8.0   N =  16.0   A =  16.00 g/mole
         --->  Isotope:   O16   Z =  8   N =  16   A =  15.99 g/mole   abundance:  99.76 %
         --->  Isotope:   O17   Z =  8   N =  17   A =  17.00 g/mole   abundance:   0.04 %
         --->  Isotope:   O18   Z =  8   N =  18   A =  18.00 g/mole   abundance:   0.20 %
          ElmMassFraction:  88.79 %  ElmAbundance  33.33 % 


 Material: Water_vapor    density:  1.000 mg/cm3  RadL: 360.924 m    Nucl.Int.Length: 755.365 m    Imean:  78.000 eV   temperature: 273.15 K  pressure:   1.00 atm
   --->  Element: Hydrogen (H)   Z =  1.0   N =   1.0   A =   1.01 g/mole
         --->  Isotope:    H1   Z =  1   N =   1   A =   1.01 g/mole   abundance:  99.99 %
         --->  Isotope:    H2   Z =  1   N =   2   A =   2.01 g/mole   abundance:   0.01 %
          ElmMassFraction:  11.21 %  ElmAbundance  66.67 % 

   --->  Element: Oxygen (O)   Z =  8.0   N =  16.0   A =  16.00 g/mole
         --->  Isotope:   O16   Z =  8   N =  16   A =  15.99 g/mole   abundance:  99.76 %
         --->  Isotope:   O17   Z =  8   N =  17   A =  17.00 g/mole   abundance:   0.04 %
         --->  Isotope:   O18   Z =  8   N =  18   A =  18.00 g/mole   abundance:   0.20 %
          ElmMassFraction:  88.79 %  ElmAbundance  33.33 % 


 Material:      Air    density:  1.290 mg/cm3  RadL: 285.161 m    Nucl.Int.Length: 662.904 m    Imean:  85.703 eV   temperature: 273.15 K  pressure:   1.00 atm
   --->  Element: Nitrogen (N)   Z =  7.0   N =  14.0   A =  14.01 g/mole
         --->  Isotope:   N14   Z =  7   N =  14   A =  14.00 g/mole   abundance:  99.63 %
         --->  Isotope:   N15   Z =  7   N =  15   A =  15.00 g/mole   abundance:   0.37 %
          ElmMassFraction:  70.00 %  ElmAbundance  72.71 % 

   --->  Element: Oxygen (O)   Z =  8.0   N =  16.0   A =  16.00 g/mole
         --->  Isotope:   O16   Z =  8   N =  16   A =  15.99 g/mole   abundance:  99.76 %
         --->  Isotope:   O17   Z =  8   N =  17   A =  17.00 g/mole   abundance:   0.04 %
         --->  Isotope:   O18   Z =  8   N =  18   A =  18.00 g/mole   abundance:   0.20 %
          ElmMassFraction:  30.00 %  ElmAbundance  27.29 % 


 Material: Graphite    density:  2.265 g/cm3   RadL:  18.850 cm   Nucl.Int.Length:  35.407 cm   Imean:  81.000 eV 
   --->  Element: Graphite ( )   Z =  6.0   N =  12.0   A =  12.01 g/mole
         --->  Isotope:    12   Z =  6   N =  12   A =  12.00 g/mole   abundance:  98.93 %
         --->  Isotope:    13   Z =  6   N =  13   A =  13.00 g/mole   abundance:   1.07 %
          ElmMassFraction: 100.00 %  ElmAbundance 100.00 % 


 Material: Graphite_gas    density:  2.265 mg/cm3  RadL: 188.496 m    Nucl.Int.Length: 354.070 m    Imean:  81.000 eV   temperature: 273.15 K  pressure:   1.00 atm
   --->  Element: Graphite_gas ( )   Z =  6.0   N =  12.0   A =  12.01 g/mole
         --->  Isotope:    12   Z =  6   N =  12   A =  12.00 g/mole   abundance:  98.93 %
         --->  Isotope:    13   Z =  6   N =  13   A =  13.00 g/mole   abundance:   1.07 %
          ElmMassFraction: 100.00 %  ElmAbundance 100.00 % 


 Material: Aluminium    density:  2.700 g/cm3   RadL:   8.893 cm   Nucl.Int.Length:  38.860 cm   Imean: 166.000 eV 
   --->  Element: Aluminium ( )   Z = 13.0   N =  27.0   A =  26.98 g/mole
         --->  Isotope:    27   Z = 13   N =  27   A =  26.98 g/mole   abundance: 100.00 %
          ElmMassFraction: 100.00 %  ElmAbundance 100.00 % 


 Material: Aluminium_gas    density:  2.700 mg/cm3  RadL:  88.925 m    Nucl.Int.Length: 388.601 m    Imean: 166.000 eV   temperature: 273.15 K  pressure:   1.00 atm
   --->  Element: Aluminium_gas ( )   Z = 13.0   N =  27.0   A =  26.98 g/mole
         --->  Isotope:    27   Z = 13   N =  27   A =  26.98 g/mole   abundance: 100.00 %
          ElmMassFraction: 100.00 %  ElmAbundance 100.00 % 



/run/verbose 2
#
/testem/phys/addPhysics standard_opt3
PhysicsList::AddPhysicsList: <standard_opt3>
#
/run/initialize
userDetector->Construct() start.

---------------------------------------------------------
---> The Wall is 5 mm  of Water ( 1 g/cm3  )
     The Cavity is 2 mm  of Water_vapor ( 1 mg/cm3 )
---------------------------------------------------------

Chamber is registered to the default region.
physicsList->Construct() start.
physicsList->Construct() start.
physicsList->CheckParticleList() start.
physicsList->setCut() start.
PhysicsList::SetCuts:CutLength : 10 km 
#
/testem/event/printModulo 1000
#
/run/beamOn 4000

phot:   for  gamma    SubType= 12
      ===== EM models for the G4Region  DefaultRegionForTheWorld ======
       PhotoElectric :  Emin=        0 eV    Emax=       10 GeV

compt:   for  gamma    SubType= 13
      Lambda tables from 100 eV  to 10 GeV in 160 bins, spline: 1
      ===== EM models for the G4Region  DefaultRegionForTheWorld ======
     myKlein-Nishina :  Emin=        0 eV    Emax=       10 GeV

conv:   for  gamma    SubType= 14
      Lambda tables from 1.022 MeV to 10 GeV in 160 bins, spline: 1
      ===== EM models for the G4Region  DefaultRegionForTheWorld ======
        BetheHeitler :  Emin=        0 eV    Emax=       10 GeV

msc:   for e-    SubType= 10
      RangeFactor= 0.04, stepLimitType: 2, latDisplacement: 1, skin= 1, geomFactor= 2.5
      ===== EM models for the G4Region  DefaultRegionForTheWorld ======
          UrbanMsc95 :  Emin=        0 eV    Emax=       10 GeV  Table with 160 bins Emin=    100 eV    Emax=     10 GeV

eIoni:   for  e-    SubType= 2
      dE/dx and range tables from 100 eV  to 10 GeV in 160 bins
      Lambda tables from threshold to 10 GeV in 160 bins, spline: 1
      finalRange(mm)= 0.01, dRoverRange= 0.2, integral: 1, fluct: 1, linLossLimit= 0.01
      ===== EM models for the G4Region  DefaultRegionForTheWorld ======
      myMollerBhabha :  Emin=        0 eV    Emax=       10 GeV
      CSDA range table up to 10 GeV in 160 bins

eIoni:   for  e+    SubType= 2
      dE/dx and range tables from 100 eV  to 10 GeV in 160 bins
      Lambda tables from threshold to 10 GeV in 160 bins, spline: 1
      finalRange(mm)= 0.01, dRoverRange= 0.2, integral: 1, fluct: 1, linLossLimit= 0.01
      ===== EM models for the G4Region  DefaultRegionForTheWorld ======
      myMollerBhabha :  Emin=        0 eV    Emax=       10 GeV
      CSDA range table up to 10 GeV in 160 bins

annihil:   for  e+    SubType= 5
      ===== EM models for the G4Region  DefaultRegionForTheWorld ======
            eplus2gg :  Emin=        0 eV    Emax=       10 GeV

msc:   for proton    SubType= 10
      RangeFactor= 0.2, stepLimitType: 2, latDisplacement: 1, skin= 1, geomFactor= 2.5
      ===== EM models for the G4Region  DefaultRegionForTheWorld ======
          UrbanMsc90 :  Emin=        0 eV    Emax=       10 GeV  Table with 160 bins Emin=    100 eV    Emax=     10 GeV

hIoni:   for  proton    SubType= 2
      dE/dx and range tables from 100 eV  to 10 GeV in 160 bins
      Lambda tables from threshold to 10 GeV in 160 bins, spline: 1
      finalRange(mm)= 0.01, dRoverRange= 0.2, integral: 1, fluct: 1, linLossLimit= 0.01
      ===== EM models for the G4Region  DefaultRegionForTheWorld ======
               Bragg :  Emin=        0 eV    Emax=        2 MeV
          BetheBloch :  Emin=        2 MeV   Emax=       10 GeV
      CSDA range table up to 10 GeV in 160 bins

Region <DefaultRegionForTheWorld> --  -- appears in <Wall> world volume
 This region is in the mass world.
 Root logical volume(s) : Chamber 
 Pointers : G4VUserRegionInformation[0], G4UserLimits[0], G4FastSimulationManager[0], G4UserSteppingAction[0]
 Materials : Water Water_vapor 
 Production cuts :   gamma 10 km      e- 10 km      e+ 10 km  proton 10 km 

Region <DefaultRegionForParallelWorld> --  -- is not associated to any world.
 Root logical volume(s) : 
 Pointers : G4VUserRegionInformation[0], G4UserLimits[0], G4FastSimulationManager[0], G4UserSteppingAction[0]
 Materials : 
 Production cuts :   gamma 10 km      e- 10 km      e+ 10 km  proton 10 km 

========= Table of registered couples ==============================

Index : 0     used in the geometry : Yes     recalculation needed : No 
 Material : Water
 Range cuts        :  gamma  10 km     e-  10 km     e+  10 km  proton 10 km 
 Energy thresholds :  gamma  10 GeV    e-  10 GeV    e+  10 GeV proton 1 TeV
 Region(s) which use this couple : 
    DefaultRegionForTheWorld

Index : 1     used in the geometry : Yes     recalculation needed : No 
 Material : Water_vapor
 Range cuts        :  gamma  10 km     e-  10 km     e+  10 km  proton 10 km 
 Energy thresholds :  gamma  10 GeV    e-  10 GeV    e+  10 GeV proton 1 TeV
 Region(s) which use this couple : 
    DefaultRegionForTheWorld

====================================================================

Start closing geometry.
G4GeometryManager::ReportVoxelStats -- Voxel Statistics

    Total memory consumed for geometry optimisation:   0 kByte
    Total CPU time elapsed for geometry optimisation: 0 seconds
### Run 0 start.

--------- Ranecu engine status ---------
 Initial seed (index) = 0
 Current couple of seeds = 9876, 54321
----------------------------------------
Start Run processing.

 ---> NbofEvents= 1000   NbOfelectr= 70593   Tkin= 585.624 keV (0.000 %)   NbOfelec in cav= 4560   Dose/EnFluence= 27.192 cm2/g (0.000 %)

 ---> NbofEvents= 2000   NbOfelectr= 140885   Tkin= 587.317 keV (0.289 %)   NbOfelec in cav= 9444   Dose/EnFluence= 27.577 cm2/g (1.415 %)

 ---> NbofEvents= 3000   NbOfelectr= 211480   Tkin= 588.036 keV (0.122 %)   NbOfelec in cav= 14106   Dose/EnFluence= 28.541 cm2/g (3.499 %)
Run terminated.
Run Summary
  Number of events processed : 4000
  User=51.75s Real=35.84s Sys=0.07s

 ======================== run summary ======================

 The run consists of 4000 gamma of 1.250 MeV through 2*5.000 mm  of Water (density: 1.000 g/cm3 )

 the cavity is 2.000 mm  of Water_vapor (density: 1.000 mg/cm3); Mass = 0.628 mg

 ============================================================

 Process calls frequency --->  compt= 281143  Transportation= 77477  msc= 2385798  eIoni= 1720704

 Gamma crossSections in wall material :  compt= 63.447 cm2/g   --> total= 63.447 cm2/g

 Mean energy of secondary e- = 587.2916 keV +- 0.1034 %  (--> range in wall material = 2.2169 mm )
 Mass_energy_transfer coef: 29.8095 cm2/g

 StoppingPower in wall   = 1.9644 MeV*cm2/g
               in cavity = 1.9644 MeV*cm2/g

 Charged particle flow in cavity :
      Enter --> nbParticles = 18890	 Energy = 9.5596 GeV
      Exit  --> nbParticles = 18901	 Energy = 9.5637 GeV

 Total edep in cavity = 12.5175 MeV +- 2.6561 %	 Total charged trackLength = 52.0487 m     (mean value = 2.7554 mm )
 Total dose in cavity = 19.9222 MeV/mg
 Dose/EnergyFluence   = 28.1644 cm2/g

 (Dose/EnergyFluence)/Mass_energy_transfer = 0.94481 +- 0.02511

 StepSize of ch. tracks in wall   = 113.4763 um  +- 72.0753 um 	 (nbSteps/track = 14.7515)
 StepSize of ch. tracks in cavity = 1.7868 mm  +- 1.3718 mm 	 (nbSteps/track = 1.5420)

--------- Ranecu engine status ---------
 Initial seed (index) = 0
 Current couple of seeds = 995474237, 608576926
----------------------------------------
G4 kernel has come to Quit state.
UserDetectorConstruction deleted.
UserPhysicsList deleted.
UserRunAction deleted.
UserPrimaryGenerator deleted.
EventManager deleted.
UImanager deleted.
Units table cleared.
StateManager deleted.
RunManagerKernel is deleted.
RunManager is deleted.

