
        ############################################
        !!! WARNING - FPE detection is activated !!!
        ############################################

*************************************************************
 Geant4 version Name: geant4-09-03-ref-06    (25-June-2010)
                      Copyright : Geant4 Collaboration
                      Reference : NIM A 506 (2003), 250-303
                            WWW : http://cern.ch/geant4
*************************************************************


<<< Geant4 Physics List engine packaging library: PACK 5.5
<<< Geant4 Physics List simulation engine: QGSP_BERT 3.4

RegisterPhysics: G4EmStandard
RegisterPhysics: G4GammaLeptoNuclearPhys
RegisterPhysics: Decay
RegisterPhysics: elastic
RegisterPhysics: hInelastic QGSP_BERT
RegisterPhysics: stopping
RegisterPhysics: IonPhysics
RegisterPhysics: neutronTrackingCut
Visualization Manager instantiating with verbosity "warnings (3)"...
Visualization Manager initialising...
Registering graphics systems...

You have successfully registered the following graphics systems.
Current available graphics systems are:
  ASCIITree (ATree)
  DAWNFILE (DAWNFILE)
  G4HepRep (HepRepXML)
  G4HepRepFile (HepRepFile)
  RayTracer (RayTracer)
  VRML1FILE (VRML1FILE)
  VRML2FILE (VRML2FILE)
  gMocrenFile (gMocrenFile)
  OpenGLStoredX (OGL)
  OpenGLImmediateX (OGLI)
  OpenGLStoredX (OGLS)
  OpenGLImmediateX (OGLIX)
  OpenGLStoredX (OGLSX)

Registering model factories...

You have successfully registered the following model factories.
Registered model factories:
  generic
  drawByCharge
  drawByParticleID
  drawByOriginVolume
  drawByAttribute

Registered filter factories:
  chargeFilter
  particleFilter
  originVolumeFilter
  attributeFilter

### NIST DataBase for Materials is used
G4NistMaterialBuilder::FindOrBuildMaterial G4_Galactic
G4NistMaterialBuilder: BuildMaterial #286
New material nComponents= 1
G4NistElementBuilder: Build Element <H>  Z= 1  A= 1.00794  with natural isotope composition
G4NistMaterialBuilder::FindOrBuildMaterial G4_AIR
G4NistMaterialBuilder: BuildMaterial #103
New material nComponents= 4
G4NistElementBuilder: Build Element <C>  Z= 6  A= 12.0107  with natural isotope composition
G4NistElementBuilder: Build Element <N>  Z= 7  A= 14.0068  with natural isotope composition
G4NistElementBuilder: Build Element <O>  Z= 8  A= 15.9994  with natural isotope composition
G4NistElementBuilder: Build Element <Ar>  Z= 18  A= 39.9477  with natural isotope composition
New material PMMA is prepeared;  nMaterials= 296 nComponents= 765 nCurrent= 3
### NIST DataBase for Elements is used
G4NistMaterialBuilder: BuildMaterial PMMA
G4NistMaterialBuilder: BuildMaterial #295
New material nComponents= 3
New material Pethylene is prepeared;  nMaterials= 297 nComponents= 768 nCurrent= 2
G4NistMaterialBuilder: BuildMaterial Pethylene
G4NistMaterialBuilder: BuildMaterial #296
New material nComponents= 2
New material FPethylene is prepeared;  nMaterials= 298 nComponents= 770 nCurrent= 2
G4NistMaterialBuilder: BuildMaterial FPethylene
G4NistMaterialBuilder: BuildMaterial #297
New material nComponents= 2
New material Polystyrene is prepeared;  nMaterials= 299 nComponents= 772 nCurrent= 2
G4NistMaterialBuilder: BuildMaterial Polystyrene
G4NistMaterialBuilder: BuildMaterial #298
New material nComponents= 2
New material Silicone is prepeared;  nMaterials= 300 nComponents= 774 nCurrent= 2
G4NistMaterialBuilder: BuildMaterial Silicone
G4NistMaterialBuilder: BuildMaterial #299
New material nComponents= 2
G4NistMaterialBuilder::FindOrBuildMaterial G4_Al
G4NistMaterialBuilder: BuildMaterial #12
New material nComponents= 1
G4NistElementBuilder: Build Element <Al>  Z= 13  A= 26.9815  with natural isotope composition
New material TiO2 is prepeared;  nMaterials= 301 nComponents= 776 nCurrent= 2
G4NistElementBuilder: Build Element <Ti>  Z= 22  A= 47.8667  with natural isotope composition
G4NistMaterialBuilder: BuildMaterial TiO2
G4NistMaterialBuilder: BuildMaterial #300
New material nComponents= 2
### Adding tracking cuts for neutron  TimeCut(ns)= 10000  KinEnergyCut(MeV)= 0
WLSExtraPhysics:: Add Extra Physics Processes
WLSOpticalPhysics:: Add Optical Physics Processes
G4Cerenkov::G4Cerenkov constructor
NOTE: this is now a G4VProcess!
Required change in UserPhysicsList: 
change: pmanager->AddContinuousProcess(theCerenkovProcess);
to:     pmanager->AddProcess(theCerenkovProcess);
        pmanager->SetProcessOrdering(theCerenkovProcess,idxPostStep);
WLSPhysicsList::SetCuts:CutLength : 1 mm 

phot:   for  gamma    SubType= 12
      ===== EM models for the G4Region  DefaultRegionForTheWorld ======
       PhotoElectric :     Emin=          0 eV         Emax=   10 TeV

compt:   for  gamma    SubType= 13
      Lambda tables from 100 eV  to 10 TeV in 77 bins, spline: 1
      ===== EM models for the G4Region  DefaultRegionForTheWorld ======
       Klein-Nishina :     Emin=          0 eV         Emax=   10 TeV

conv:   for  gamma    SubType= 14
      Lambda tables from 1.022 MeV to 10 TeV in 77 bins, spline: 1
      ===== EM models for the G4Region  DefaultRegionForTheWorld ======
       Bethe-Heitler :     Emin=          0 eV         Emax=   10 TeV

msc:   for e-    SubType= 10
      Lambda tables from 100 eV  to 10 TeV in 77 bins, spline: 1
      RangeFactor= 0.04, stepLimitType: 1, latDisplacement: 1
      ===== EM models for the G4Region  DefaultRegionForTheWorld ======
          UrbanMsc93 :     Emin=          0 eV         Emax=   10 TeV

eIoni:   for  e-    SubType= 2
      dE/dx and range tables from 100 eV  to 10 TeV in 77 bins
      Lambda tables from threshold to 10 TeV in 77 bins, spline: 1
      finalRange(mm)= 1, dRoverRange= 0.2, integral: 1, fluct: 1, linLossLimit= 0.01
      ===== EM models for the G4Region  DefaultRegionForTheWorld ======
        MollerBhabha :     Emin=          0 eV         Emax=   10 TeV

eBrem:   for  e-    SubType= 3
      dE/dx and range tables from 100 eV  to 10 TeV in 77 bins
      Lambda tables from threshold to 10 TeV in 77 bins, spline: 1
      LPM flag: 1 for E > 1 GeV
      ===== EM models for the G4Region  DefaultRegionForTheWorld ======
               eBrem :     Emin=          0 eV         Emax=   1 GeV
            eBremRel :     Emin=          1 GeV        Emax=   10 TeV

eIoni:   for  e+    SubType= 2
      dE/dx and range tables from 100 eV  to 10 TeV in 77 bins
      Lambda tables from threshold to 10 TeV in 77 bins, spline: 1
      finalRange(mm)= 1, dRoverRange= 0.2, integral: 1, fluct: 1, linLossLimit= 0.01
      ===== EM models for the G4Region  DefaultRegionForTheWorld ======
        MollerBhabha :     Emin=          0 eV         Emax=   10 TeV

eBrem:   for  e+    SubType= 3
      dE/dx and range tables from 100 eV  to 10 TeV in 77 bins
      Lambda tables from threshold to 10 TeV in 77 bins, spline: 1
      LPM flag: 1 for E > 1 GeV
      ===== EM models for the G4Region  DefaultRegionForTheWorld ======
               eBrem :     Emin=          0 eV         Emax=   1 GeV
            eBremRel :     Emin=          1 GeV        Emax=   10 TeV

annihil:   for  e+    SubType= 5
      Lambda tables from 100 eV  to 10 TeV in 77 bins, spline: 1
      ===== EM models for the G4Region  DefaultRegionForTheWorld ======
            eplus2gg :     Emin=          0 eV         Emax=   10 TeV

msc:   for proton    SubType= 10
      Lambda tables from 100 eV  to 10 TeV in 77 bins, spline: 1
      RangeFactor= 0.2, stepLimitType: 0, latDisplacement: 1
      ===== EM models for the G4Region  DefaultRegionForTheWorld ======
          UrbanMsc90 :     Emin=          0 eV         Emax=   10 TeV

hIoni:   for  proton    SubType= 2
      dE/dx and range tables from 100 eV  to 10 TeV in 77 bins
      Lambda tables from threshold to 10 TeV in 77 bins, spline: 1
      finalRange(mm)= 1, dRoverRange= 0.2, integral: 1, fluct: 1, linLossLimit= 0.01
      ===== EM models for the G4Region  DefaultRegionForTheWorld ======
               Bragg :     Emin=          0 eV         Emax=   2 MeV
          BetheBloch :     Emin=          2 MeV        Emax=   10 TeV

hBrems:   for  proton    SubType= 3
      dE/dx and range tables from 100 eV  to 10 TeV in 77 bins
      Lambda tables from threshold to 10 TeV in 77 bins, spline: 1
      ===== EM models for the G4Region  DefaultRegionForTheWorld ======
               hBrem :     Emin=          0 eV         Emax=   10 TeV

hPairProd:   for  proton    SubType= 4
      dE/dx and range tables from 100 eV  to 10 TeV in 77 bins
      Lambda tables from threshold to 10 TeV in 77 bins, spline: 1
      ===== EM models for the G4Region  DefaultRegionForTheWorld ======
           hPairProd :     Emin=          0 eV         Emax=   10 TeV

msc:   for GenericIon    SubType= 10
      RangeFactor= 0.2, stepLimitType: 0, latDisplacement: 0
      ===== EM models for the G4Region  DefaultRegionForTheWorld ======
          UrbanMsc90 :     Emin=          0 eV         Emax=   10 TeV

ionIoni:   for  GenericIon    SubType= 2
      dE/dx and range tables from 100 eV  to 10 TeV in 77 bins
      Lambda tables from threshold to 10 TeV in 77 bins, spline: 1
      finalRange(mm)= 0.1, dRoverRange= 0.1, integral: 1, fluct: 1, linLossLimit= 0.02
      Stopping Power data for 17 ion/material pairs, nuclearStopping: 1
      ===== EM models for the G4Region  DefaultRegionForTheWorld ======
            BraggIon :     Emin=          0 eV         Emax=   2 MeV
          BetheBloch :     Emin=          2 MeV        Emax=   10 TeV

hIoni:   for  anti_proton    SubType= 2
      dE/dx and range tables from 100 eV  to 10 TeV in 77 bins
      Lambda tables from threshold to 10 TeV in 77 bins, spline: 1
      finalRange(mm)= 1, dRoverRange= 0.2, integral: 1, fluct: 1, linLossLimit= 0.01
      ===== EM models for the G4Region  DefaultRegionForTheWorld ======
            ICRU73QO :     Emin=          0 eV         Emax=   2 MeV
          BetheBloch :     Emin=          2 MeV        Emax=   10 TeV

hIoni:   for  kaon+    SubType= 2
      dE/dx and range tables from 100 eV  to 10 TeV in 77 bins
      Lambda tables from threshold to 10 TeV in 77 bins, spline: 1
      finalRange(mm)= 1, dRoverRange= 0.2, integral: 1, fluct: 1, linLossLimit= 0.01
      ===== EM models for the G4Region  DefaultRegionForTheWorld ======
               Bragg :     Emin=          0 eV         Emax=   1.05231 MeV
          BetheBloch :     Emin=    1.05231 MeV        Emax=   10 TeV

hBrems:   for  kaon+    SubType= 3
      dE/dx and range tables from 100 eV  to 10 TeV in 77 bins
      Lambda tables from threshold to 10 TeV in 77 bins, spline: 1
      ===== EM models for the G4Region  DefaultRegionForTheWorld ======
               hBrem :     Emin=          0 eV         Emax=   10 TeV

hPairProd:   for  kaon+    SubType= 4
      dE/dx and range tables from 100 eV  to 10 TeV in 77 bins
      Lambda tables from threshold to 10 TeV in 77 bins, spline: 1
      ===== EM models for the G4Region  DefaultRegionForTheWorld ======
           hPairProd :     Emin=          0 eV         Emax=   10 TeV

hIoni:   for  kaon-    SubType= 2
      dE/dx and range tables from 100 eV  to 10 TeV in 77 bins
      Lambda tables from threshold to 10 TeV in 77 bins, spline: 1
      finalRange(mm)= 1, dRoverRange= 0.2, integral: 1, fluct: 1, linLossLimit= 0.01
      ===== EM models for the G4Region  DefaultRegionForTheWorld ======
            ICRU73QO :     Emin=          0 eV         Emax=   1.05231 MeV
          BetheBloch :     Emin=    1.05231 MeV        Emax=   10 TeV

hBrems:   for  kaon-    SubType= 3
      dE/dx and range tables from 100 eV  to 10 TeV in 77 bins
      Lambda tables from threshold to 10 TeV in 77 bins, spline: 1
      ===== EM models for the G4Region  DefaultRegionForTheWorld ======
               hBrem :     Emin=          0 eV         Emax=   10 TeV

hPairProd:   for  kaon-    SubType= 4
      dE/dx and range tables from 100 eV  to 10 TeV in 77 bins
      Lambda tables from threshold to 10 TeV in 77 bins, spline: 1
      ===== EM models for the G4Region  DefaultRegionForTheWorld ======
           hPairProd :     Emin=          0 eV         Emax=   10 TeV

muMsc:   for mu+    SubType= 10
      Lambda tables from 100 eV  to 10 TeV in 77 bins, spline: 1
      RangeFactor= 0.2, step limit type: 0, lateralDisplacement: 1, polarAngleLimit(deg)= 0
      ===== EM models for the G4Region  DefaultRegionForTheWorld ======
          UrbanMsc90 :     Emin=          0 eV         Emax=   10 TeV

muIoni:   for  mu+    SubType= 2
      dE/dx and range tables from 100 eV  to 10 TeV in 77 bins
      Lambda tables from threshold to 10 TeV in 77 bins, spline: 1
      finalRange(mm)= 1, dRoverRange= 0.2, integral: 1, fluct: 1, linLossLimit= 0.01
      ===== EM models for the G4Region  DefaultRegionForTheWorld ======
               Bragg :     Emin=          0 eV         Emax=   200 keV
          BetheBloch :     Emin=        200 keV        Emax=   1 GeV
        MuBetheBloch :     Emin=          1 GeV        Emax=   10 TeV

muBrems:   for  mu+    SubType= 3
      dE/dx and range tables from 100 eV  to 10 TeV in 77 bins
      Lambda tables from threshold to 10 TeV in 77 bins, spline: 1
      ===== EM models for the G4Region  DefaultRegionForTheWorld ======
              MuBrem :     Emin=          0 eV         Emax=   10 TeV

muPairProd:   for  mu+    SubType= 4
      dE/dx and range tables from 100 eV  to 10 TeV in 77 bins
      Lambda tables from threshold to 10 TeV in 77 bins, spline: 1
      ===== EM models for the G4Region  DefaultRegionForTheWorld ======
          muPairProd :     Emin=          0 eV         Emax=   10 TeV

muIoni:   for  mu-    SubType= 2
      dE/dx and range tables from 100 eV  to 10 TeV in 77 bins
      Lambda tables from threshold to 10 TeV in 77 bins, spline: 1
      finalRange(mm)= 1, dRoverRange= 0.2, integral: 1, fluct: 1, linLossLimit= 0.01
      ===== EM models for the G4Region  DefaultRegionForTheWorld ======
            ICRU73QO :     Emin=          0 eV         Emax=   200 keV
          BetheBloch :     Emin=        200 keV        Emax=   1 GeV
        MuBetheBloch :     Emin=          1 GeV        Emax=   10 TeV

muBrems:   for  mu-    SubType= 3
      dE/dx and range tables from 100 eV  to 10 TeV in 77 bins
      Lambda tables from threshold to 10 TeV in 77 bins, spline: 1
      ===== EM models for the G4Region  DefaultRegionForTheWorld ======
              MuBrem :     Emin=          0 eV         Emax=   10 TeV

muPairProd:   for  mu-    SubType= 4
      dE/dx and range tables from 100 eV  to 10 TeV in 77 bins
      Lambda tables from threshold to 10 TeV in 77 bins, spline: 1
      ===== EM models for the G4Region  DefaultRegionForTheWorld ======
          muPairProd :     Emin=          0 eV         Emax=   10 TeV

hIoni:   for  pi+    SubType= 2
      dE/dx and range tables from 100 eV  to 10 TeV in 77 bins
      Lambda tables from threshold to 10 TeV in 77 bins, spline: 1
      finalRange(mm)= 1, dRoverRange= 0.2, integral: 1, fluct: 1, linLossLimit= 0.01
      ===== EM models for the G4Region  DefaultRegionForTheWorld ======
               Bragg :     Emin=          0 eV         Emax=   297.504 keV
          BetheBloch :     Emin=    297.504 keV        Emax=   10 TeV

hBrems:   for  pi+    SubType= 3
      dE/dx and range tables from 100 eV  to 10 TeV in 77 bins
      Lambda tables from threshold to 10 TeV in 77 bins, spline: 1
      ===== EM models for the G4Region  DefaultRegionForTheWorld ======
               hBrem :     Emin=          0 eV         Emax=   10 TeV

hPairProd:   for  pi+    SubType= 4
      dE/dx and range tables from 100 eV  to 10 TeV in 77 bins
      Lambda tables from threshold to 10 TeV in 77 bins, spline: 1
      ===== EM models for the G4Region  DefaultRegionForTheWorld ======
           hPairProd :     Emin=          0 eV         Emax=   10 TeV

msc:   for pi-    SubType= 10
      Lambda tables from 100 eV  to 10 TeV in 77 bins, spline: 1
      RangeFactor= 0.2, stepLimitType: 0, latDisplacement: 1
      ===== EM models for the G4Region  DefaultRegionForTheWorld ======
          UrbanMsc90 :     Emin=          0 eV         Emax=   10 TeV

hIoni:   for  pi-    SubType= 2
      dE/dx and range tables from 100 eV  to 10 TeV in 77 bins
      Lambda tables from threshold to 10 TeV in 77 bins, spline: 1
      finalRange(mm)= 1, dRoverRange= 0.2, integral: 1, fluct: 1, linLossLimit= 0.01
      ===== EM models for the G4Region  DefaultRegionForTheWorld ======
            ICRU73QO :     Emin=          0 eV         Emax=   297.504 keV
          BetheBloch :     Emin=    297.504 keV        Emax=   10 TeV

hBrems:   for  pi-    SubType= 3
      dE/dx and range tables from 100 eV  to 10 TeV in 77 bins
      Lambda tables from threshold to 10 TeV in 77 bins, spline: 1
      ===== EM models for the G4Region  DefaultRegionForTheWorld ======
               hBrem :     Emin=          0 eV         Emax=   10 TeV

hPairProd:   for  pi-    SubType= 4
      dE/dx and range tables from 100 eV  to 10 TeV in 77 bins
      Lambda tables from threshold to 10 TeV in 77 bins, spline: 1
      ===== EM models for the G4Region  DefaultRegionForTheWorld ======
           hPairProd :     Emin=          0 eV         Emax=   10 TeV
============================================================================================
             HADRONIC PROCESSES SUMMARY (verbose level 1)

                     Hadronic Processes for <anti_neutron>
            hElastic  Models:           G4HadronElastic: Emin(GeV)=     0  Emax(GeV)= 100000
AntiNeutronInelastic  Models:  G4LEAntiNeutronInelastic: Emin(GeV)=     0  Emax(GeV)= 25
                               G4HEAntiNeutronInelastic: Emin(GeV)=    20  Emax(GeV)= 100000

                     Hadronic Processes for <anti_proton>
            hElastic  Models:           G4HadronElastic: Emin(GeV)=     0  Emax(GeV)= 100000
 AntiProtonInelastic  Models:   G4LEAntiProtonInelastic: Emin(GeV)=     0  Emax(GeV)= 25
                                G4HEAntiProtonInelastic: Emin(GeV)=    20  Emax(GeV)= 100000

                     Hadronic Processes for <e->
      ElectroNuclear  Models:                     CHIPS: Emin(GeV)=     0  Emax(GeV)= 30000

                     Hadronic Processes for <gamma>
     PhotonInelastic  Models:                     CHIPS: Emin(GeV)=     0  Emax(GeV)= 3.5
                                        TheoFSGenerator: Emin(GeV)=     3  Emax(GeV)= 100000

                     Hadronic Processes for <kaon+>
            hElastic  Models:           G4HadronElastic: Emin(GeV)=     0  Emax(GeV)= 100000
   KaonPlusInelastic  Models:                      QGSP: Emin(GeV)=    12  Emax(GeV)= 100000
                                  G4LEKaonPlusInelastic: Emin(GeV)=   9.5  Emax(GeV)= 25
                                        Bertini Cascade: Emin(GeV)=     0  Emax(GeV)= 9.9

                     Hadronic Processes for <kaon->
            hElastic  Models:           G4HadronElastic: Emin(GeV)=     0  Emax(GeV)= 100000
  KaonMinusInelastic  Models:                      QGSP: Emin(GeV)=    12  Emax(GeV)= 100000
                                 G4LEKaonMinusInelastic: Emin(GeV)=   9.5  Emax(GeV)= 25
                                        Bertini Cascade: Emin(GeV)=     0  Emax(GeV)= 9.9

                     Hadronic Processes for <lambda>
            hElastic  Models:           G4HadronElastic: Emin(GeV)=     0  Emax(GeV)= 100000
     LambdaInelastic  Models:       G4LELambdaInelastic: Emin(GeV)=     0  Emax(GeV)= 25
                                    G4HELambdaInelastic: Emin(GeV)=    20  Emax(GeV)= 100000

                     Hadronic Processes for <mu->
          muMinusCaptureAtRest

                     Hadronic Processes for <neutron>
            hElastic  Models:           G4HadronElastic: Emin(GeV)=     0  Emax(GeV)= 100000
    NeutronInelastic  Models:                      QGSP: Emin(GeV)=    12  Emax(GeV)= 100000
                                   G4LENeutronInelastic: Emin(GeV)=   9.5  Emax(GeV)= 25
                                        Bertini Cascade: Emin(GeV)=     0  Emax(GeV)= 9.9
            nCapture  Models:                G4LCapture: Emin(GeV)=     0  Emax(GeV)= 20000
            nFission  Models:                G4LFission: Emin(GeV)=     0  Emax(GeV)= 20000

                     Hadronic Processes for <pi+>
            hElastic  Models:           G4HadronElastic: Emin(GeV)=     0  Emax(GeV)= 100000
   PionPlusInelastic  Models:                      QGSP: Emin(GeV)=    12  Emax(GeV)= 100000
                                  G4LEPionPlusInelastic: Emin(GeV)=   9.5  Emax(GeV)= 25
                                        Bertini Cascade: Emin(GeV)=     0  Emax(GeV)= 9.9

                     Hadronic Processes for <pi->
            hElastic  Models:           G4HadronElastic: Emin(GeV)=     0  Emax(GeV)= 100000
  PionMinusInelastic  Models:                      QGSP: Emin(GeV)=    12  Emax(GeV)= 100000
                                 G4LEPionMinusInelastic: Emin(GeV)=   9.5  Emax(GeV)= 25
                                        Bertini Cascade: Emin(GeV)=     0  Emax(GeV)= 9.9

                     Hadronic Processes for <proton>
            hElastic  Models:           G4HadronElastic: Emin(GeV)=     0  Emax(GeV)= 100000
     ProtonInelastic  Models:                      QGSP: Emin(GeV)=    12  Emax(GeV)= 100000
                                    G4LEProtonInelastic: Emin(GeV)=   9.5  Emax(GeV)= 25
                                        Bertini Cascade: Emin(GeV)=     0  Emax(GeV)= 9.9
============================================================================================

========= Table of registered couples ==============================

Index : 0     used in the geometry : Yes     recalculation needed : No 
 Material : G4_AIR
 Range cuts        :  gamma  1 mm     e-  1 mm     e+  1 mm  proton 0 fm 
 Energy thresholds :  gamma  990 eV     e-  990 eV     e+  990 eV  proton 0 eV 
 Region(s) which use this couple : 
    DefaultRegionForTheWorld

Index : 1     used in the geometry : Yes     recalculation needed : No 
 Material : Coating
 Range cuts        :  gamma  1 mm     e-  1 mm     e+  1 mm  proton 0 fm 
 Energy thresholds :  gamma  3.43206 keV    e-  451.206 keV    e+  436.298 keV proton 0 eV 
 Region(s) which use this couple : 
    DefaultRegionForTheWorld

Index : 2     used in the geometry : Yes     recalculation needed : No 
 Material : Polystyrene
 Range cuts        :  gamma  1 mm     e-  1 mm     e+  1 mm  proton 0 fm 
 Energy thresholds :  gamma  2.41988 keV    e-  356.639 keV    e+  349.521 keV proton 0 eV 
 Region(s) which use this couple : 
    DefaultRegionForTheWorld

Index : 3     used in the geometry : Yes     recalculation needed : No 
 Material : PMMA
 Range cuts        :  gamma  1 mm     e-  1 mm     e+  1 mm  proton 0 fm 
 Energy thresholds :  gamma  2.78665 keV    e-  389.196 keV    e+  376.336 keV proton 0 eV 
 Region(s) which use this couple : 
    DefaultRegionForTheWorld

Index : 4     used in the geometry : Yes     recalculation needed : No 
 Material : G4_Al
 Range cuts        :  gamma  1 mm     e-  1 mm     e+  1 mm  proton 0 fm 
 Energy thresholds :  gamma  6.90363 keV    e-  598.345 keV    e+  570.85 keV proton 0 eV 
 Region(s) which use this couple : 
    DefaultRegionForTheWorld

====================================================================

### Run 0 start.

--------- Ranecu engine status ---------
 Initial seed (index) = 123
 Current couple of seeds = 960416608, 2004255418
----------------------------------------

---> Begin of Event: 0
n_trajectories: 0
draw all trajectories
n_trajectories: 0
draw all trajectories
n_trajectories: 0
draw all trajectories
n_trajectories: 0
draw all trajectories
n_trajectories: 0
draw all trajectories
n_trajectories: 0
draw all trajectories
n_trajectories: 0
draw all trajectories
n_trajectories: 0
draw all trajectories
n_trajectories: 0
draw all trajectories
n_trajectories: 0
draw all trajectories
n_trajectories: 0
draw all trajectories
n_trajectories: 0
draw all trajectories
n_trajectories: 0
draw all trajectories
n_trajectories: 0
draw all trajectories
n_trajectories: 0
draw all trajectories
n_trajectories: 0
draw all trajectories
n_trajectories: 0
draw all trajectories
n_trajectories: 0
draw all trajectories
n_trajectories: 0
draw all trajectories
n_trajectories: 0
draw all trajectories
n_trajectories: 0
draw all trajectories
n_trajectories: 0
draw all trajectories
n_trajectories: 0
draw all trajectories
n_trajectories: 0
draw all trajectories
n_trajectories: 0
draw all trajectories
n_trajectories: 0
draw all trajectories
n_trajectories: 0
draw all trajectories
n_trajectories: 0
draw all trajectories
n_trajectories: 0
draw all trajectories
n_trajectories: 0
draw all trajectories
n_trajectories: 0
draw all trajectories
n_trajectories: 0
draw all trajectories
n_trajectories: 0
draw all trajectories
n_trajectories: 0
draw all trajectories
n_trajectories: 0
draw all trajectories
n_trajectories: 0
draw all trajectories
n_trajectories: 0
draw all trajectories
n_trajectories: 0
draw all trajectories
n_trajectories: 0
draw all trajectories
n_trajectories: 0
draw all trajectories
n_trajectories: 0
draw all trajectories
n_trajectories: 0
draw all trajectories
n_trajectories: 0
draw all trajectories
n_trajectories: 0
draw all trajectories
n_trajectories: 0
draw all trajectories
n_trajectories: 0
draw all trajectories
n_trajectories: 0
draw all trajectories
n_trajectories: 0
draw all trajectories
n_trajectories: 0
draw all trajectories
n_trajectories: 0
draw all trajectories
n_trajectories: 0
draw all trajectories
n_trajectories: 0
draw all trajectories
n_trajectories: 0
draw all trajectories
n_trajectories: 0
draw all trajectories
n_trajectories: 0
draw all trajectories
n_trajectories: 0
draw all trajectories
n_trajectories: 0
draw all trajectories
n_trajectories: 0
draw all trajectories
n_trajectories: 0
draw all trajectories
n_trajectories: 0
draw all trajectories
n_trajectories: 0
draw all trajectories
n_trajectories: 0
draw all trajectories
n_trajectories: 0
draw all trajectories
n_trajectories: 0
draw all trajectories
n_trajectories: 0
draw all trajectories
n_trajectories: 0
draw all trajectories
n_trajectories: 0
draw all trajectories
n_trajectories: 0
draw all trajectories
n_trajectories: 0
draw all trajectories
n_trajectories: 0
draw all trajectories
n_trajectories: 0
draw all trajectories
n_trajectories: 0
draw all trajectories
n_trajectories: 0
draw all trajectories
n_trajectories: 0
draw all trajectories
n_trajectories: 0
draw all trajectories
n_trajectories: 0
draw all trajectories
n_trajectories: 0
draw all trajectories
n_trajectories: 0
draw all trajectories
n_trajectories: 0
draw all trajectories
n_trajectories: 0
draw all trajectories
n_trajectories: 0
draw all trajectories
n_trajectories: 0
draw all trajectories
n_trajectories: 0
draw all trajectories
n_trajectories: 0
draw all trajectories
n_trajectories: 0
draw all trajectories
n_trajectories: 0
draw all trajectories
n_trajectories: 0
draw all trajectories
n_trajectories: 0
draw all trajectories
n_trajectories: 0
draw all trajectories
n_trajectories: 0
draw all trajectories
n_trajectories: 0
draw all trajectories
n_trajectories: 0
draw all trajectories
n_trajectories: 0
draw all trajectories
n_trajectories: 0
draw all trajectories
n_trajectories: 0
draw all trajectories
n_trajectories: 0
draw all trajectories
n_trajectories: 0
draw all trajectories
n_trajectories: 0
draw all trajectories
n_trajectories: 0
draw all trajectories
n_trajectories: 0
draw all trajectories

---> Begin of Event: 100
n_trajectories: 0
draw all trajectories
n_trajectories: 0
draw all trajectories
n_trajectories: 0
draw all trajectories
n_trajectories: 0
draw all trajectories
n_trajectories: 0
draw all trajectories
n_trajectories: 0
draw all trajectories
n_trajectories: 0
draw all trajectories
n_trajectories: 0
draw all trajectories
n_trajectories: 0
draw all trajectories
n_trajectories: 0
draw all trajectories
n_trajectories: 0
draw all trajectories
n_trajectories: 0
draw all trajectories
n_trajectories: 0
draw all trajectories
n_trajectories: 0
draw all trajectories
n_trajectories: 0
draw all trajectories
n_trajectories: 0
draw all trajectories
n_trajectories: 0
draw all trajectories
n_trajectories: 0
draw all trajectories
n_trajectories: 0
draw all trajectories
n_trajectories: 0
draw all trajectories
n_trajectories: 0
draw all trajectories
n_trajectories: 0
draw all trajectories
n_trajectories: 0
draw all trajectories
n_trajectories: 0
draw all trajectories
n_trajectories: 0
draw all trajectories
n_trajectories: 0
draw all trajectories
n_trajectories: 0
draw all trajectories
n_trajectories: 0
draw all trajectories
n_trajectories: 0
draw all trajectories
n_trajectories: 0
draw all trajectories
n_trajectories: 0
draw all trajectories
n_trajectories: 0
draw all trajectories
n_trajectories: 0
draw all trajectories
n_trajectories: 0
draw all trajectories
n_trajectories: 0
draw all trajectories
n_trajectories: 0
draw all trajectories
n_trajectories: 0
draw all trajectories
n_trajectories: 0
draw all trajectories
n_trajectories: 0
draw all trajectories
n_trajectories: 0
draw all trajectories
n_trajectories: 0
draw all trajectories
n_trajectories: 0
draw all trajectories
n_trajectories: 0
draw all trajectories
n_trajectories: 0
draw all trajectories
n_trajectories: 0
draw all trajectories
n_trajectories: 0
draw all trajectories
n_trajectories: 0
draw all trajectories
n_trajectories: 0
draw all trajectories
n_trajectories: 0
draw all trajectories
n_trajectories: 0
draw all trajectories
n_trajectories: 0
draw all trajectories
n_trajectories: 0
draw all trajectories
n_trajectories: 0
draw all trajectories
n_trajectories: 0
draw all trajectories
n_trajectories: 0
draw all trajectories
n_trajectories: 0
draw all trajectories
n_trajectories: 0
draw all trajectories
n_trajectories: 0
draw all trajectories
n_trajectories: 0
draw all trajectories
n_trajectories: 0
draw all trajectories
n_trajectories: 0
draw all trajectories
n_trajectories: 0
draw all trajectories
n_trajectories: 0
draw all trajectories
n_trajectories: 0
draw all trajectories
n_trajectories: 0
draw all trajectories
n_trajectories: 0
draw all trajectories
n_trajectories: 0
draw all trajectories
n_trajectories: 0
draw all trajectories
n_trajectories: 0
draw all trajectories
n_trajectories: 0
draw all trajectories
n_trajectories: 0
draw all trajectories
n_trajectories: 0
draw all trajectories
n_trajectories: 0
draw all trajectories
n_trajectories: 0
draw all trajectories
n_trajectories: 0
draw all trajectories
n_trajectories: 0
draw all trajectories
n_trajectories: 0
draw all trajectories
n_trajectories: 0
draw all trajectories
n_trajectories: 0
draw all trajectories
n_trajectories: 0
draw all trajectories
n_trajectories: 0
draw all trajectories
n_trajectories: 0
draw all trajectories
n_trajectories: 0
draw all trajectories
n_trajectories: 0
draw all trajectories
n_trajectories: 0
draw all trajectories
n_trajectories: 0
draw all trajectories
n_trajectories: 0
draw all trajectories
n_trajectories: 0
draw all trajectories
n_trajectories: 0
draw all trajectories
n_trajectories: 0
draw all trajectories
n_trajectories: 0
draw all trajectories
n_trajectories: 0
draw all trajectories
n_trajectories: 0
draw all trajectories
n_trajectories: 0
draw all trajectories
n_trajectories: 0
draw all trajectories
n_trajectories: 0
draw all trajectories
n_trajectories: 0
draw all trajectories
n_trajectories: 0
draw all trajectories
n_trajectories: 0
draw all trajectories
n_trajectories: 0
draw all trajectories
Graphics systems deleted.
Visualization Manager deleting...

