
        ############################################
        !!! WARNING - FPE detection is activated !!!
        ############################################

*************************************************************
 Geant4 version Name: geant4-10-04-ref-00    (08-December-2017)
                      Copyright : Geant4 Collaboration
                      Reference : NIM A 506 (2003), 250-303
                            WWW : http://cern.ch/geant4
*************************************************************

Visualization Manager instantiating with verbosity "warnings (3)"...
Visualization Manager initialising...
Registering graphics systems...

You have successfully registered the following graphics systems.
Current available graphics systems are:
ASCIITree (ATree)
DAWNFILE (DAWNFILE)
G4HepRep (HepRepXML)
G4HepRepFile (HepRepFile)
RayTracer (RayTracer)
VRML1FILE (VRML1FILE)
VRML2FILE (VRML2FILE)
gMocrenFile (gMocrenFile)
OpenGLImmediateQt (OGLIQt, OGLI)
OpenGLStoredQt (OGLSQt, OGL, OGLS)
OpenGLImmediateXm (OGLIXm, OGLIQt_FALLBACK)
OpenGLStoredXm (OGLSXm, OGLSQt_FALLBACK)
OpenGLImmediateX (OGLIX, OGLIQt_FALLBACK, OGLIXm_FALLBACK)
OpenGLStoredX (OGLSX, OGLSQt_FALLBACK, OGLSXm_FALLBACK)
RayTracerX (RayTracerX)

Registering model factories...

You have successfully registered the following model factories.
Registered model factories:
  generic
  drawByAttribute
  drawByCharge
  drawByOriginVolume
  drawByParticleID
  drawByEncounteredVolume

Registered filter factories:
  attributeFilter
  chargeFilter
  originVolumeFilter
  particleFilter
  encounteredVolumeFilter

You have successfully registered the following user vis actions.
Run Duration User Vis Actions: none
End of Event User Vis Actions: none
End of Run User Vis Actions: none

Some /vis commands (optionally) take a string to specify colour.
"/vis/list" to see available colours.
*** /run/numberOfThreads command is issued in sequential mode.
Command is ignored.
WARNING: There is no world volume!
PhysicsList::RegisterConstructor: <G4EmDNAPhysics_stationary_option2>

---------------------------------------------------------
---> The Absorber is a sphere of 1 m   radius of G4_WATER made of
 
 Material: G4_WATER H_2O   density:  1.000 g/cm3   RadL:  36.083 cm   Nucl.Int.Length:  75.375 cm 
                       Imean:  78.000 eV   temperature: 293.15 K  pressure:   1.00 atm

   --->  Element: H (H)   Z =  1.0   N =     1   A =  1.008 g/mole
         --->  Isotope:    H1   Z =  1   N =   1   A =   1.01 g/mole   abundance: 99.989 %
         --->  Isotope:    H2   Z =  1   N =   2   A =   2.01 g/mole   abundance:  0.011 %
          ElmMassFraction:  11.19 %  ElmAbundance  66.67 % 

   --->  Element: O (O)   Z =  8.0   N =    16   A = 15.999 g/mole
         --->  Isotope:   O16   Z =  8   N =  16   A =  15.99 g/mole   abundance: 99.757 %
         --->  Isotope:   O17   Z =  8   N =  17   A =  17.00 g/mole   abundance:  0.038 %
         --->  Isotope:   O18   Z =  8   N =  18   A =  18.00 g/mole   abundance:  0.205 %
          ElmMassFraction:  88.81 %  ElmAbundance  33.33 % 


---------------------------------------------------------

### ===  Deexcitation model UAtomDeexcitation is activated for 1 region:
          DefaultRegionForTheWorld  1  1  0
### ===  Auger cascade flag: 1
### ===  Ignore cuts flag:   1

phot:   for  gamma    SubType= 12  BuildTable= 0
      LambdaPrime table from 200 keV to 100 TeV in 61 bins 
      ===== EM models for the G4Region  DefaultRegionForTheWorld ======
 LivermorePhElectric :  Emin=        0 eV    Emax=      100 TeV   AngularGenSauterGavrila  FluoActive

compt:   for  gamma    SubType= 13  BuildTable= 1
      Lambda table from 100 eV  to 1 MeV, 7 bins per decade, spline: 1
      LambdaPrime table from 1 MeV to 100 TeV in 56 bins 
      ===== EM models for the G4Region  DefaultRegionForTheWorld ======
    LivermoreCompton :  Emin=        0 eV    Emax=      100 TeV  FluoActive

conv:   for  gamma    SubType= 14  BuildTable= 1
      Lambda table from 1.022 MeV to 100 TeV, 18 bins per decade, spline: 1
      ===== EM models for the G4Region  DefaultRegionForTheWorld ======
 LivermoreConversion :  Emin=        0 eV    Emax=       80 GeV
     BetheHeitlerLPM :  Emin=       80 GeV   Emax=      100 TeV

Rayl:   for  gamma    SubType= 11  BuildTable= 1
      Lambda table from 100 eV  to 100 keV, 7 bins per decade, spline: 0
      LambdaPrime table from 100 keV to 100 TeV in 63 bins 
      ===== EM models for the G4Region  DefaultRegionForTheWorld ======
   LivermoreRayleigh :  Emin=        0 eV    Emax=      100 TeV   CullenGenerator

e-_G4DNAElastic:   for  e-    SubType= 51  BuildTable= 0
      ===== EM models for the G4Region  DefaultRegionForTheWorld ======
DNAChampionElasticModel :  Emin=        0 eV    Emax=        1 MeV

e-_G4DNAExcitation:   for  e-    SubType= 52  BuildTable= 0
      ===== EM models for the G4Region  DefaultRegionForTheWorld ======
DNABornExcitationModel :  Emin=        0 eV    Emax=      100 TeV

e-_G4DNAIonisation:   for  e-    SubType= 53  BuildTable= 0
      ===== EM models for the G4Region  DefaultRegionForTheWorld ======
DNABornIonisationModel :  Emin=        0 eV    Emax=      100 TeV   deltaBorn  FluoActive

e-_G4DNAVibExcitation:   for  e-    SubType= 54  BuildTable= 0
      ===== EM models for the G4Region  DefaultRegionForTheWorld ======
DNASancheExcitationModel :  Emin=        0 eV    Emax=      100 eV 

e-_G4DNAAttachment:   for  e-    SubType= 55  BuildTable= 0
      ===== EM models for the G4Region  DefaultRegionForTheWorld ======
DNAMeltonAttachmentModel :  Emin=        0 eV    Emax=       13 eV 

msc:   for e+    SubType= 10
      RangeFactor= 0.04, stepLimitType: 3, latDisplacement: 1, skin= 1, geomFactor= 2.5
      ===== EM models for the G4Region  DefaultRegionForTheWorld ======
            UrbanMsc :  Emin=        0 eV    Emax=      100 TeV  Table with 84 bins Emin=    100 eV    Emax=    100 TeV

eIoni:   for  e+    SubType= 2
      dE/dx and range tables from 100 eV  to 100 TeV in 84 bins
      Lambda tables from threshold to 100 TeV, 7 bins per decade, spline: 1
      finalRange(mm)= 0.1, dRoverRange= 0.2, integral: 1, fluct: 1, linLossLimit= 0.01
      ===== EM models for the G4Region  DefaultRegionForTheWorld ======
        MollerBhabha :  Emin=        0 eV    Emax=      100 TeV

eBrem:   for  e+    SubType= 3
      dE/dx and range tables from 100 eV  to 100 TeV in 84 bins
      Lambda tables from threshold to 100 TeV, 7 bins per decade, spline: 1
      LPM flag: 1 for E > 1 GeV,  VertexHighEnergyTh(GeV)= 100000
      ===== EM models for the G4Region  DefaultRegionForTheWorld ======
             eBremSB :  Emin=        0 eV    Emax=        1 GeV   DipBustGen
            eBremLPM :  Emin=        1 GeV   Emax=      100 TeV   DipBustGen

annihil:   for  e+, integral: 1     SubType= 5  BuildTable= 0
      ===== EM models for the G4Region  DefaultRegionForTheWorld ======
            eplus2gg :  Emin=        0 eV    Emax=      100 TeV

proton_G4DNAElastic:   for  proton    SubType= 51  BuildTable= 0
      ===== EM models for the G4Region  DefaultRegionForTheWorld ======
  DNAIonElasticModel :  Emin=        0 eV    Emax=        1 MeV

proton_G4DNAExcitation:   for  proton    SubType= 52  BuildTable= 0
      ===== EM models for the G4Region  DefaultRegionForTheWorld ======
DNAMillerGreenExcitationModel :  Emin=        0 eV    Emax=      500 keV
DNABornExcitationModel :  Emin=      500 keV   Emax=      100 MeV

proton_G4DNAIonisation:   for  proton    SubType= 53  BuildTable= 0
      ===== EM models for the G4Region  DefaultRegionForTheWorld ======
DNARuddIonisationExtendedModel :  Emin=        0 eV    Emax=      500 keV   deltaRudd  FluoActive
DNABornIonisationModel :  Emin=      500 keV   Emax=      100 MeV   deltaBorn  FluoActive

proton_G4DNAChargeDecrease:   for  proton    SubType= 56  BuildTable= 0
      ===== EM models for the G4Region  DefaultRegionForTheWorld ======
DNADingfelderChargeDecreaseModel :  Emin=        0 eV    Emax=      100 TeV

GenericIon_G4DNAIonisation:   for  GenericIon    SubType= 53  BuildTable= 0
      ===== EM models for the G4Region  DefaultRegionForTheWorld ======
DNARuddIonisationExtendedModel :  Emin=        0 eV    Emax=      100 TeV   deltaRudd  FluoActive

alpha_G4DNAElastic:   for  alpha    SubType= 51  BuildTable= 0
      ===== EM models for the G4Region  DefaultRegionForTheWorld ======
  DNAIonElasticModel :  Emin=        0 eV    Emax=        1 MeV

alpha_G4DNAExcitation:   for  alpha    SubType= 52  BuildTable= 0
      ===== EM models for the G4Region  DefaultRegionForTheWorld ======
DNAMillerGreenExcitationModel :  Emin=        0 eV    Emax=      100 TeV

alpha_G4DNAIonisation:   for  alpha    SubType= 53  BuildTable= 0
      ===== EM models for the G4Region  DefaultRegionForTheWorld ======
DNARuddIonisationExtendedModel :  Emin=        0 eV    Emax=      100 TeV   deltaRudd  FluoActive

alpha_G4DNAChargeDecrease:   for  alpha    SubType= 56  BuildTable= 0
      ===== EM models for the G4Region  DefaultRegionForTheWorld ======
DNADingfelderChargeDecreaseModel :  Emin=        0 eV    Emax=      100 TeV

alpha+_G4DNAElastic:   for  alpha+    SubType= 51  BuildTable= 0
      ===== EM models for the G4Region  DefaultRegionForTheWorld ======
  DNAIonElasticModel :  Emin=        0 eV    Emax=        1 MeV

alpha+_G4DNAExcitation:   for  alpha+    SubType= 52  BuildTable= 0
      ===== EM models for the G4Region  DefaultRegionForTheWorld ======
DNAMillerGreenExcitationModel :  Emin=        0 eV    Emax=      100 TeV

alpha+_G4DNAIonisation:   for  alpha+    SubType= 53  BuildTable= 0
      ===== EM models for the G4Region  DefaultRegionForTheWorld ======
DNARuddIonisationExtendedModel :  Emin=        0 eV    Emax=      100 TeV   deltaRudd  FluoActive

alpha+_G4DNAChargeDecrease:   for  alpha+    SubType= 56  BuildTable= 0
      ===== EM models for the G4Region  DefaultRegionForTheWorld ======
DNADingfelderChargeDecreaseModel :  Emin=        0 eV    Emax=      100 TeV

alpha+_G4DNAChargeIncrease:   for  alpha+    SubType= 57  BuildTable= 0
      ===== EM models for the G4Region  DefaultRegionForTheWorld ======
DNADingfelderChargeIncreaseModel :  Emin=        0 eV    Emax=      100 TeV

helium_G4DNAElastic:   for  helium    SubType= 51  BuildTable= 0
      ===== EM models for the G4Region  DefaultRegionForTheWorld ======
  DNAIonElasticModel :  Emin=        0 eV    Emax=        1 MeV

helium_G4DNAExcitation:   for  helium    SubType= 52  BuildTable= 0
      ===== EM models for the G4Region  DefaultRegionForTheWorld ======
DNAMillerGreenExcitationModel :  Emin=        0 eV    Emax=      100 TeV

helium_G4DNAIonisation:   for  helium    SubType= 53  BuildTable= 0
      ===== EM models for the G4Region  DefaultRegionForTheWorld ======
DNARuddIonisationExtendedModel :  Emin=        0 eV    Emax=      100 TeV   deltaRudd  FluoActive

helium_G4DNAChargeIncrease:   for  helium    SubType= 57  BuildTable= 0
      ===== EM models for the G4Region  DefaultRegionForTheWorld ======
DNADingfelderChargeIncreaseModel :  Emin=        0 eV    Emax=      100 TeV

hydrogen_G4DNAElastic:   for  hydrogen    SubType= 51  BuildTable= 0
      ===== EM models for the G4Region  DefaultRegionForTheWorld ======
  DNAIonElasticModel :  Emin=        0 eV    Emax=        1 MeV

hydrogen_G4DNAExcitation:   for  hydrogen    SubType= 52  BuildTable= 0
      ===== EM models for the G4Region  DefaultRegionForTheWorld ======
DNAMillerGreenExcitationModel :  Emin=        0 eV    Emax=      100 TeV

hydrogen_G4DNAIonisation:   for  hydrogen    SubType= 53  BuildTable= 0
      ===== EM models for the G4Region  DefaultRegionForTheWorld ======
DNARuddIonisationExtendedModel :  Emin=        0 eV    Emax=      100 TeV   deltaRudd  FluoActive

hydrogen_G4DNAChargeIncrease:   for  hydrogen    SubType= 57  BuildTable= 0
      ===== EM models for the G4Region  DefaultRegionForTheWorld ======
DNADingfelderChargeIncreaseModel :  Emin=        0 eV    Emax=      100 TeV

 ======================== run summary =====================

 The run is 10000 e- of 50.00 eV  through a sphere of radius 1.00 m  of G4_WATER (density: 1.00 g/cm3 )

 total Stopping Power (keV/um)   = 14.25 +- 0.88

 ======================== run summary =====================

 The run is 10000 e- of 100.00 eV  through a sphere of radius 1.00 m  of G4_WATER (density: 1.00 g/cm3 )

 total Stopping Power (keV/um)   = 21.94 +- 1.06

 ======================== run summary =====================

 The run is 10000 e- of 200.00 eV  through a sphere of radius 1.00 m  of G4_WATER (density: 1.00 g/cm3 )

 total Stopping Power (keV/um)   = 21.67 +- 1.06

 ======================== run summary =====================

 The run is 10000 e- of 500.00 eV  through a sphere of radius 1.00 m  of G4_WATER (density: 1.00 g/cm3 )

 total Stopping Power (keV/um)   = 15.39 +- 0.84

 ======================== run summary =====================

 The run is 10000 e- of 1.00 keV through a sphere of radius 1.00 m  of G4_WATER (density: 1.00 g/cm3 )

 total Stopping Power (keV/um)   = 10.50 +- 0.67
